<?xml version="1.0" encoding="UTF-8"?>
<con:soapui-project activeEnvironment="Default" name="TEST_IVTR_UC_06" resourceRoot="" soapui-version="5.0.0" abortOnError="false" runType="SEQUENTIAL" xmlns:con="http://eviware.com/soapui/config"><con:settings><con:setting id="WsdlSettings@cache-wsdls">true</con:setting></con:settings><con:interface xsi:type="con:WsdlInterface" wsaVersion="NONE" name="SiriProducerRpcBinding" type="wsdl" bindingName="{http://wsdl.siri.org.uk}SiriProducerRpcBinding" soapVersion="1_1" anonymous="optional" definition="file:/home/workspace/stif/commons/siri/src/main/wsdl/wsdl2-4/xsd/siri_wsProducer.wsdl" xmlns:xsi="http://www.w3.org/2001/XMLSchema-instance"><con:settings/><con:definitionCache/><con:endpoints><con:endpoint>http://localhost:8282/requete/GeneralMessageSOAPPort</con:endpoint></con:endpoints><con:operation isOneWay="false" action="CheckStatus" name="CheckStatus" bindingOperationName="CheckStatus" type="Request-Response" inputName="" receivesAttachments="false" sendsAttachments="false" anonymous="optional"><con:settings/><con:call name="Request 1"><con:settings/><con:encoding>UTF-8</con:encoding><con:endpoint>http://localhost:8282/requete/GeneralMessageSOAPPort</con:endpoint><con:request><![CDATA[<soapenv:Envelope xmlns:soapenv="http://schemas.xmlsoap.org/soap/envelope/" xmlns:wsdl="http://wsdl.siri.org.uk" xmlns:siri="http://www.siri.org.uk/siri">
   <soapenv:Header/>
   <soapenv:Body>
      <wsdl:CheckStatus>
         <Request>
            <siri:RequestTimestamp>?</siri:RequestTimestamp>
            <!--Optional:-->
            <siri:AccountId>?</siri:AccountId>
            <!--Optional:-->
            <siri:AccountKey>?</siri:AccountKey>
            <!--Optional:-->
            <siri:Address>?</siri:Address>
            <siri:RequestorRef>?</siri:RequestorRef>
            <!--Optional:-->
            <siri:MessageIdentifier>?</siri:MessageIdentifier>
            <!--Optional:-->
            <siri:DelegatorAddress>?</siri:DelegatorAddress>
            <!--Optional:-->
            <siri:DelegatorRef>?</siri:DelegatorRef>
         </Request>
         <RequestExtension>
            <!--You may enter ANY elements at this point-->
         </RequestExtension>
      </wsdl:CheckStatus>
   </soapenv:Body>
</soapenv:Envelope>]]></con:request><con:credentials><con:authType>Global HTTP Settings</con:authType></con:credentials><con:jmsConfig JMSDeliveryMode="PERSISTENT"/><con:jmsPropertyConfig/><con:wsaConfig mustUnderstand="NONE" version="200508" action="CheckStatus"/><con:wsrmConfig version="1.2"/></con:call></con:operation><con:operation isOneWay="false" action="DataSupply" name="DataSupply" bindingOperationName="DataSupply" type="Request-Response" inputName="" receivesAttachments="false" sendsAttachments="false" anonymous="optional"><con:settings/><con:call name="Request 1"><con:settings/><con:encoding>UTF-8</con:encoding><con:endpoint>http://localhost:8282/requete/GeneralMessageSOAPPort</con:endpoint><con:request><![CDATA[<soapenv:Envelope xmlns:soapenv="http://schemas.xmlsoap.org/soap/envelope/" xmlns:wsdl="http://wsdl.siri.org.uk" xmlns:siri="http://www.siri.org.uk/siri">
   <soapenv:Header/>
   <soapenv:Body>
      <wsdl:DataSupply>
         <DataSupplyRequestInfo>
            <siri:RequestTimestamp>?</siri:RequestTimestamp>
            <!--Optional:-->
            <siri:AccountId>?</siri:AccountId>
            <!--Optional:-->
            <siri:AccountKey>?</siri:AccountKey>
            <!--Optional:-->
            <siri:Address>?</siri:Address>
            <!--Optional:-->
            <siri:ConsumerRef>?</siri:ConsumerRef>
            <!--Optional:-->
            <siri:MessageIdentifier>?</siri:MessageIdentifier>
            <!--Optional:-->
            <siri:DelegatorAddress>?</siri:DelegatorAddress>
            <!--Optional:-->
            <siri:DelegatorRef>?</siri:DelegatorRef>
         </DataSupplyRequestInfo>
         <Request>
            <!--Optional:-->
            <siri:NotificationRef>?</siri:NotificationRef>
            <!--Optional:-->
            <siri:AllData>false</siri:AllData>
         </Request>
         <RequestExtension>
            <!--You may enter ANY elements at this point-->
         </RequestExtension>
      </wsdl:DataSupply>
   </soapenv:Body>
</soapenv:Envelope>]]></con:request><con:wsaConfig mustUnderstand="NONE" version="200508" action="DataSupply"/></con:call></con:operation><con:operation isOneWay="false" action="DeleteSubscription" name="DeleteSubscription" bindingOperationName="DeleteSubscription" type="Request-Response" inputName="" receivesAttachments="false" sendsAttachments="false" anonymous="optional"><con:settings/><con:call name="Request 1"><con:settings/><con:encoding>UTF-8</con:encoding><con:endpoint>http://localhost:8282/requete/GeneralMessageSOAPPort</con:endpoint><con:request><![CDATA[<soapenv:Envelope xmlns:soapenv="http://schemas.xmlsoap.org/soap/envelope/" xmlns:wsdl="http://wsdl.siri.org.uk" xmlns:siri="http://www.siri.org.uk/siri">
   <soapenv:Header/>
   <soapenv:Body>
      <wsdl:DeleteSubscription>
         <DeleteSubscriptionInfo>
            <siri:RequestTimestamp>?</siri:RequestTimestamp>
            <!--Optional:-->
            <siri:AccountId>?</siri:AccountId>
            <!--Optional:-->
            <siri:AccountKey>?</siri:AccountKey>
            <!--Optional:-->
            <siri:Address>?</siri:Address>
            <siri:RequestorRef>?</siri:RequestorRef>
            <!--Optional:-->
            <siri:MessageIdentifier>?</siri:MessageIdentifier>
            <!--Optional:-->
            <siri:DelegatorAddress>?</siri:DelegatorAddress>
            <!--Optional:-->
            <siri:DelegatorRef>?</siri:DelegatorRef>
         </DeleteSubscriptionInfo>
         <Request>
            <!--Optional:-->
            <siri:SubscriberRef>?</siri:SubscriberRef>
            <!--You have a CHOICE of the next 2 items at this level-->
            <siri:All>?</siri:All>
            <!--1 or more repetitions:-->
            <siri:SubscriptionRef>?</siri:SubscriptionRef>
         </Request>
         <RequestExtension>
            <!--You may enter ANY elements at this point-->
         </RequestExtension>
      </wsdl:DeleteSubscription>
   </soapenv:Body>
</soapenv:Envelope>]]></con:request><con:wsaConfig mustUnderstand="NONE" version="200508" action="DeleteSubscription"/></con:call></con:operation><con:operation isOneWay="false" action="GetCapabilities" name="GetCapabilities" bindingOperationName="GetCapabilities" type="Request-Response" inputName="" receivesAttachments="false" sendsAttachments="false" anonymous="optional"><con:settings/><con:call name="Request 1"><con:settings/><con:encoding>UTF-8</con:encoding><con:endpoint>http://localhost:8282/requete/GeneralMessageSOAPPort</con:endpoint><con:request><![CDATA[<soapenv:Envelope xmlns:soapenv="http://schemas.xmlsoap.org/soap/envelope/" xmlns:wsdl="http://wsdl.siri.org.uk" xmlns:siri="http://www.siri.org.uk/siri">
   <soapenv:Header/>
   <soapenv:Body>
      <wsdl:GetCapabilities>
         <Request version="2.0">
            <siri:RequestTimestamp>?</siri:RequestTimestamp>
            <!--Optional:-->
            <siri:AccountId>?</siri:AccountId>
            <!--Optional:-->
            <siri:AccountKey>?</siri:AccountKey>
            <!--Optional:-->
            <siri:Address>?</siri:Address>
            <siri:RequestorRef>?</siri:RequestorRef>
            <!--Optional:-->
            <siri:DelegatorAddress>?</siri:DelegatorAddress>
            <!--Optional:-->
            <siri:DelegatorRef>?</siri:DelegatorRef>
            <!--Optional:-->
            <siri:ProductionTimetableCapabilitiesRequest version="2.0">
               <siri:RequestTimestamp>?</siri:RequestTimestamp>
               <!--Optional:-->
               <siri:MessageIdentifier>?</siri:MessageIdentifier>
               <!--Optional:-->
               <siri:ParticipantPermissions>false</siri:ParticipantPermissions>
               <!--Optional:-->
               <siri:Extensions>
                  <!--You may enter ANY elements at this point-->
               </siri:Extensions>
            </siri:ProductionTimetableCapabilitiesRequest>
            <!--Optional:-->
            <siri:EstimatedTimetableCapabilitiesRequest version="2.0">
               <siri:RequestTimestamp>?</siri:RequestTimestamp>
               <!--Optional:-->
               <siri:MessageIdentifier>?</siri:MessageIdentifier>
               <!--Optional:-->
               <siri:ParticipantPermissions>false</siri:ParticipantPermissions>
               <!--Optional:-->
               <siri:Extensions>
                  <!--You may enter ANY elements at this point-->
               </siri:Extensions>
            </siri:EstimatedTimetableCapabilitiesRequest>
            <!--Optional:-->
            <siri:StopTimetableCapabilitiesRequest version="2.0">
               <siri:RequestTimestamp>?</siri:RequestTimestamp>
               <!--Optional:-->
               <siri:MessageIdentifier>?</siri:MessageIdentifier>
               <!--Optional:-->
               <siri:ParticipantPermissions>false</siri:ParticipantPermissions>
               <!--Optional:-->
               <siri:Extensions>
                  <!--You may enter ANY elements at this point-->
               </siri:Extensions>
            </siri:StopTimetableCapabilitiesRequest>
            <!--Optional:-->
            <siri:StopMonitoringCapabilitiesRequest version="2.0">
               <siri:RequestTimestamp>?</siri:RequestTimestamp>
               <!--Optional:-->
               <siri:MessageIdentifier>?</siri:MessageIdentifier>
               <!--Optional:-->
               <siri:ParticipantPermissions>false</siri:ParticipantPermissions>
               <!--Optional:-->
               <siri:Extensions>
                  <!--You may enter ANY elements at this point-->
               </siri:Extensions>
            </siri:StopMonitoringCapabilitiesRequest>
            <!--Optional:-->
            <siri:VehicleMonitoringCapabilitiesRequest version="2.0">
               <siri:RequestTimestamp>?</siri:RequestTimestamp>
               <!--Optional:-->
               <siri:MessageIdentifier>?</siri:MessageIdentifier>
               <!--Optional:-->
               <siri:ParticipantPermissions>false</siri:ParticipantPermissions>
               <!--Optional:-->
               <siri:Extensions>
                  <!--You may enter ANY elements at this point-->
               </siri:Extensions>
            </siri:VehicleMonitoringCapabilitiesRequest>
            <!--Optional:-->
            <siri:ConnectionTimetableCapabilitiesRequest version="2.0">
               <siri:RequestTimestamp>?</siri:RequestTimestamp>
               <!--Optional:-->
               <siri:MessageIdentifier>?</siri:MessageIdentifier>
               <!--Optional:-->
               <siri:ParticipantPermissions>false</siri:ParticipantPermissions>
               <!--Optional:-->
               <siri:Extensions>
                  <!--You may enter ANY elements at this point-->
               </siri:Extensions>
            </siri:ConnectionTimetableCapabilitiesRequest>
            <!--Optional:-->
            <siri:ConnectionMonitoringCapabilitiesRequest version="2.0">
               <siri:RequestTimestamp>?</siri:RequestTimestamp>
               <!--Optional:-->
               <siri:MessageIdentifier>?</siri:MessageIdentifier>
               <!--Optional:-->
               <siri:ParticipantPermissions>false</siri:ParticipantPermissions>
               <!--Optional:-->
               <siri:Extensions>
                  <!--You may enter ANY elements at this point-->
               </siri:Extensions>
            </siri:ConnectionMonitoringCapabilitiesRequest>
            <!--Optional:-->
            <siri:GeneralMessageCapabilitiesRequest version="2.0">
               <siri:RequestTimestamp>?</siri:RequestTimestamp>
               <!--Optional:-->
               <siri:MessageIdentifier>?</siri:MessageIdentifier>
               <!--Optional:-->
               <siri:ParticipantPermissions>false</siri:ParticipantPermissions>
               <!--Optional:-->
               <siri:Extensions>
                  <!--You may enter ANY elements at this point-->
               </siri:Extensions>
            </siri:GeneralMessageCapabilitiesRequest>
            <!--Optional:-->
            <siri:FacilityMonitoringCapabilitiesRequest version="2.0">
               <siri:RequestTimestamp>?</siri:RequestTimestamp>
               <!--Optional:-->
               <siri:MessageIdentifier>?</siri:MessageIdentifier>
               <!--Optional:-->
               <siri:ParticipantPermissions>false</siri:ParticipantPermissions>
               <!--Optional:-->
               <siri:Extensions>
                  <!--You may enter ANY elements at this point-->
               </siri:Extensions>
            </siri:FacilityMonitoringCapabilitiesRequest>
            <!--Optional:-->
            <siri:SituationExchangeCapabilitiesRequest version="2.0">
               <siri:RequestTimestamp>?</siri:RequestTimestamp>
               <!--Optional:-->
               <siri:MessageIdentifier>?</siri:MessageIdentifier>
               <!--Optional:-->
               <siri:ParticipantPermissions>false</siri:ParticipantPermissions>
               <!--Optional:-->
               <siri:Extensions>
                  <!--You may enter ANY elements at this point-->
               </siri:Extensions>
            </siri:SituationExchangeCapabilitiesRequest>
         </Request>
         <RequestExtension>
            <!--You may enter ANY elements at this point-->
         </RequestExtension>
      </wsdl:GetCapabilities>
   </soapenv:Body>
</soapenv:Envelope>]]></con:request><con:wsaConfig mustUnderstand="NONE" version="200508" action="GetCapabilities"/></con:call></con:operation><con:operation isOneWay="false" action="GetConnectionMonitoring" name="GetConnectionMonitoring" bindingOperationName="GetConnectionMonitoring" type="Request-Response" inputName="" receivesAttachments="false" sendsAttachments="false" anonymous="optional"><con:settings/><con:call name="Request 1"><con:settings/><con:encoding>UTF-8</con:encoding><con:endpoint>http://localhost:8282/requete/GeneralMessageSOAPPort</con:endpoint><con:request><![CDATA[<soapenv:Envelope xmlns:soapenv="http://schemas.xmlsoap.org/soap/envelope/" xmlns:wsdl="http://wsdl.siri.org.uk" xmlns:siri="http://www.siri.org.uk/siri">
   <soapenv:Header/>
   <soapenv:Body>
      <wsdl:GetConnectionMonitoring>
         <ServiceRequestInfo>
            <!--Optional:-->
            <siri:ServiceRequestContext>
               <!--Optional:-->
               <siri:CheckStatusAddress>?</siri:CheckStatusAddress>
               <!--Optional:-->
               <siri:SubscribeAddress>?</siri:SubscribeAddress>
               <!--Optional:-->
               <siri:ManageSubscriptionAddress>?</siri:ManageSubscriptionAddress>
               <!--Optional:-->
               <siri:GetDataAddress>?</siri:GetDataAddress>
               <!--Optional:-->
               <siri:StatusResponseAddress>?</siri:StatusResponseAddress>
               <!--Optional:-->
               <siri:SubscriberAddress>?</siri:SubscriberAddress>
               <!--Optional:-->
               <siri:NotifyAddress>?</siri:NotifyAddress>
               <!--Optional:-->
               <siri:ConsumerAddress>?</siri:ConsumerAddress>
               <!--Optional:-->
               <siri:DataNameSpaces>
                  <!--Optional:-->
                  <siri:StopPointNameSpace>?</siri:StopPointNameSpace>
                  <!--Optional:-->
                  <siri:LineNameSpace>?</siri:LineNameSpace>
                  <!--Optional:-->
                  <siri:ProductCategoryNameSpace>?</siri:ProductCategoryNameSpace>
                  <!--Optional:-->
                  <siri:ServiceFeatureNameSpace>?</siri:ServiceFeatureNameSpace>
                  <!--Optional:-->
                  <siri:VehicleFeatureNameSpace>?</siri:VehicleFeatureNameSpace>
               </siri:DataNameSpaces>
               <!--Optional:-->
               <siri:Language>en</siri:Language>
               <!--You have a CHOICE of the next 2 items at this level-->
               <siri:WgsDecimalDegrees>?</siri:WgsDecimalDegrees>
               <siri:GmlCoordinateFormat>?</siri:GmlCoordinateFormat>
               <!--Optional:-->
               <siri:DistanceUnits>?</siri:DistanceUnits>
               <!--Optional:-->
               <siri:VelocityUnits>?</siri:VelocityUnits>
               <!--Optional:-->
               <siri:DataHorizon>?</siri:DataHorizon>
               <!--Optional:-->
               <siri:RequestTimeout>?</siri:RequestTimeout>
               <!--Optional:-->
               <siri:DeliveryMethod>direct</siri:DeliveryMethod>
               <!--Optional:-->
               <siri:MultipartDespatch>?</siri:MultipartDespatch>
               <!--Optional:-->
               <siri:ConfirmDelivery>false</siri:ConfirmDelivery>
               <!--Optional:-->
               <siri:MaximimumNumberOfSubscriptions>?</siri:MaximimumNumberOfSubscriptions>
               <!--Optional:-->
               <siri:AllowedPredictors>anyone</siri:AllowedPredictors>
               <!--Optional:-->
               <siri:PredictionFunction>?</siri:PredictionFunction>
            </siri:ServiceRequestContext>
            <siri:RequestTimestamp>?</siri:RequestTimestamp>
            <!--Optional:-->
            <siri:AccountId>?</siri:AccountId>
            <!--Optional:-->
            <siri:AccountKey>?</siri:AccountKey>
            <!--Optional:-->
            <siri:Address>?</siri:Address>
            <siri:RequestorRef>?</siri:RequestorRef>
            <!--Optional:-->
            <siri:MessageIdentifier>?</siri:MessageIdentifier>
            <!--Optional:-->
            <siri:DelegatorAddress>?</siri:DelegatorAddress>
            <!--Optional:-->
            <siri:DelegatorRef>?</siri:DelegatorRef>
         </ServiceRequestInfo>
         <Request version="2.0">
            <siri:RequestTimestamp>?</siri:RequestTimestamp>
            <!--Optional:-->
            <siri:MessageIdentifier>?</siri:MessageIdentifier>
            <!--Optional:-->
            <siri:PreviewInterval>?</siri:PreviewInterval>
            <siri:ConnectionLinkRef>?</siri:ConnectionLinkRef>
            <!--You have a CHOICE of the next 2 items at this level-->
            <siri:ConnectingTimeFilter>
               <siri:LineRef>?</siri:LineRef>
               <siri:DirectionRef>?</siri:DirectionRef>
               <!--Optional:-->
               <siri:EarliestArrivalTime>?</siri:EarliestArrivalTime>
               <!--Optional:-->
               <siri:LatestArrivalTime>?</siri:LatestArrivalTime>
            </siri:ConnectingTimeFilter>
            <!--1 or more repetitions:-->
            <siri:ConnectingJourneyFilter>
               <siri:DatedVehicleJourneyRef>?</siri:DatedVehicleJourneyRef>
               <!--Optional:-->
               <siri:VisitNumber>?</siri:VisitNumber>
               <siri:TimetabledArrivalTime>?</siri:TimetabledArrivalTime>
            </siri:ConnectingJourneyFilter>
            <!--Optional:-->
            <siri:Language>en</siri:Language>
            <!--Optional:-->
            <siri:IncludeTranslations>?</siri:IncludeTranslations>
            <!--Optional:-->
            <siri:ConnectionMonitoringDetailLevel>?</siri:ConnectionMonitoringDetailLevel>
            <!--Optional:-->
            <siri:Extensions>
               <!--You may enter ANY elements at this point-->
            </siri:Extensions>
         </Request>
         <RequestExtension>
            <!--You may enter ANY elements at this point-->
         </RequestExtension>
      </wsdl:GetConnectionMonitoring>
   </soapenv:Body>
</soapenv:Envelope>]]></con:request><con:wsaConfig mustUnderstand="NONE" version="200508" action="GetConnectionMonitoring"/></con:call></con:operation><con:operation isOneWay="false" action="GetConnectionTimetable" name="GetConnectionTimetable" bindingOperationName="GetConnectionTimetable" type="Request-Response" inputName="" receivesAttachments="false" sendsAttachments="false" anonymous="optional"><con:settings/><con:call name="Request 1"><con:settings/><con:encoding>UTF-8</con:encoding><con:endpoint>http://localhost:8282/requete/GeneralMessageSOAPPort</con:endpoint><con:request><![CDATA[<soapenv:Envelope xmlns:soapenv="http://schemas.xmlsoap.org/soap/envelope/" xmlns:wsdl="http://wsdl.siri.org.uk" xmlns:siri="http://www.siri.org.uk/siri">
   <soapenv:Header/>
   <soapenv:Body>
      <wsdl:GetConnectionTimetable>
         <ServiceRequestInfo>
            <!--Optional:-->
            <siri:ServiceRequestContext>
               <!--Optional:-->
               <siri:CheckStatusAddress>?</siri:CheckStatusAddress>
               <!--Optional:-->
               <siri:SubscribeAddress>?</siri:SubscribeAddress>
               <!--Optional:-->
               <siri:ManageSubscriptionAddress>?</siri:ManageSubscriptionAddress>
               <!--Optional:-->
               <siri:GetDataAddress>?</siri:GetDataAddress>
               <!--Optional:-->
               <siri:StatusResponseAddress>?</siri:StatusResponseAddress>
               <!--Optional:-->
               <siri:SubscriberAddress>?</siri:SubscriberAddress>
               <!--Optional:-->
               <siri:NotifyAddress>?</siri:NotifyAddress>
               <!--Optional:-->
               <siri:ConsumerAddress>?</siri:ConsumerAddress>
               <!--Optional:-->
               <siri:DataNameSpaces>
                  <!--Optional:-->
                  <siri:StopPointNameSpace>?</siri:StopPointNameSpace>
                  <!--Optional:-->
                  <siri:LineNameSpace>?</siri:LineNameSpace>
                  <!--Optional:-->
                  <siri:ProductCategoryNameSpace>?</siri:ProductCategoryNameSpace>
                  <!--Optional:-->
                  <siri:ServiceFeatureNameSpace>?</siri:ServiceFeatureNameSpace>
                  <!--Optional:-->
                  <siri:VehicleFeatureNameSpace>?</siri:VehicleFeatureNameSpace>
               </siri:DataNameSpaces>
               <!--Optional:-->
               <siri:Language>en</siri:Language>
               <!--You have a CHOICE of the next 2 items at this level-->
               <siri:WgsDecimalDegrees>?</siri:WgsDecimalDegrees>
               <siri:GmlCoordinateFormat>?</siri:GmlCoordinateFormat>
               <!--Optional:-->
               <siri:DistanceUnits>?</siri:DistanceUnits>
               <!--Optional:-->
               <siri:VelocityUnits>?</siri:VelocityUnits>
               <!--Optional:-->
               <siri:DataHorizon>?</siri:DataHorizon>
               <!--Optional:-->
               <siri:RequestTimeout>?</siri:RequestTimeout>
               <!--Optional:-->
               <siri:DeliveryMethod>direct</siri:DeliveryMethod>
               <!--Optional:-->
               <siri:MultipartDespatch>?</siri:MultipartDespatch>
               <!--Optional:-->
               <siri:ConfirmDelivery>false</siri:ConfirmDelivery>
               <!--Optional:-->
               <siri:MaximimumNumberOfSubscriptions>?</siri:MaximimumNumberOfSubscriptions>
               <!--Optional:-->
               <siri:AllowedPredictors>anyone</siri:AllowedPredictors>
               <!--Optional:-->
               <siri:PredictionFunction>?</siri:PredictionFunction>
            </siri:ServiceRequestContext>
            <siri:RequestTimestamp>?</siri:RequestTimestamp>
            <!--Optional:-->
            <siri:AccountId>?</siri:AccountId>
            <!--Optional:-->
            <siri:AccountKey>?</siri:AccountKey>
            <!--Optional:-->
            <siri:Address>?</siri:Address>
            <siri:RequestorRef>?</siri:RequestorRef>
            <!--Optional:-->
            <siri:MessageIdentifier>?</siri:MessageIdentifier>
            <!--Optional:-->
            <siri:DelegatorAddress>?</siri:DelegatorAddress>
            <!--Optional:-->
            <siri:DelegatorRef>?</siri:DelegatorRef>
         </ServiceRequestInfo>
         <Request version="2.0">
            <siri:RequestTimestamp>?</siri:RequestTimestamp>
            <!--Optional:-->
            <siri:MessageIdentifier>?</siri:MessageIdentifier>
            <!--Optional:-->
            <siri:ArrivalWindow>
               <siri:StartTime>?</siri:StartTime>
               <siri:EndTime>?</siri:EndTime>
            </siri:ArrivalWindow>
            <siri:ConnectionLinkRef>?</siri:ConnectionLinkRef>
            <!--Optional:-->
            <siri:LineRef>?</siri:LineRef>
            <!--Optional:-->
            <siri:DirectionRef>?</siri:DirectionRef>
            <!--Optional:-->
            <siri:Language>en</siri:Language>
            <!--Optional:-->
            <siri:IncludeTranslations>?</siri:IncludeTranslations>
            <!--Optional:-->
            <siri:Extensions>
               <!--You may enter ANY elements at this point-->
            </siri:Extensions>
         </Request>
         <RequestExtension>
            <!--You may enter ANY elements at this point-->
         </RequestExtension>
      </wsdl:GetConnectionTimetable>
   </soapenv:Body>
</soapenv:Envelope>]]></con:request><con:wsaConfig mustUnderstand="NONE" version="200508" action="GetConnectionTimetable"/></con:call></con:operation><con:operation isOneWay="false" action="GetEstimatedTimetable" name="GetEstimatedTimetable" bindingOperationName="GetEstimatedTimetable" type="Request-Response" inputName="" receivesAttachments="false" sendsAttachments="false" anonymous="optional"><con:settings/><con:call name="Request 1"><con:settings/><con:encoding>UTF-8</con:encoding><con:endpoint>http://localhost:8282/requete/GeneralMessageSOAPPort</con:endpoint><con:request><![CDATA[<soapenv:Envelope xmlns:soapenv="http://schemas.xmlsoap.org/soap/envelope/" xmlns:wsdl="http://wsdl.siri.org.uk" xmlns:siri="http://www.siri.org.uk/siri">
   <soapenv:Header/>
   <soapenv:Body>
      <wsdl:GetEstimatedTimetable>
         <ServiceRequestInfo>
            <!--Optional:-->
            <siri:ServiceRequestContext>
               <!--Optional:-->
               <siri:CheckStatusAddress>?</siri:CheckStatusAddress>
               <!--Optional:-->
               <siri:SubscribeAddress>?</siri:SubscribeAddress>
               <!--Optional:-->
               <siri:ManageSubscriptionAddress>?</siri:ManageSubscriptionAddress>
               <!--Optional:-->
               <siri:GetDataAddress>?</siri:GetDataAddress>
               <!--Optional:-->
               <siri:StatusResponseAddress>?</siri:StatusResponseAddress>
               <!--Optional:-->
               <siri:SubscriberAddress>?</siri:SubscriberAddress>
               <!--Optional:-->
               <siri:NotifyAddress>?</siri:NotifyAddress>
               <!--Optional:-->
               <siri:ConsumerAddress>?</siri:ConsumerAddress>
               <!--Optional:-->
               <siri:DataNameSpaces>
                  <!--Optional:-->
                  <siri:StopPointNameSpace>?</siri:StopPointNameSpace>
                  <!--Optional:-->
                  <siri:LineNameSpace>?</siri:LineNameSpace>
                  <!--Optional:-->
                  <siri:ProductCategoryNameSpace>?</siri:ProductCategoryNameSpace>
                  <!--Optional:-->
                  <siri:ServiceFeatureNameSpace>?</siri:ServiceFeatureNameSpace>
                  <!--Optional:-->
                  <siri:VehicleFeatureNameSpace>?</siri:VehicleFeatureNameSpace>
               </siri:DataNameSpaces>
               <!--Optional:-->
               <siri:Language>en</siri:Language>
               <!--You have a CHOICE of the next 2 items at this level-->
               <siri:WgsDecimalDegrees>?</siri:WgsDecimalDegrees>
               <siri:GmlCoordinateFormat>?</siri:GmlCoordinateFormat>
               <!--Optional:-->
               <siri:DistanceUnits>?</siri:DistanceUnits>
               <!--Optional:-->
               <siri:VelocityUnits>?</siri:VelocityUnits>
               <!--Optional:-->
               <siri:DataHorizon>?</siri:DataHorizon>
               <!--Optional:-->
               <siri:RequestTimeout>?</siri:RequestTimeout>
               <!--Optional:-->
               <siri:DeliveryMethod>direct</siri:DeliveryMethod>
               <!--Optional:-->
               <siri:MultipartDespatch>?</siri:MultipartDespatch>
               <!--Optional:-->
               <siri:ConfirmDelivery>false</siri:ConfirmDelivery>
               <!--Optional:-->
               <siri:MaximimumNumberOfSubscriptions>?</siri:MaximimumNumberOfSubscriptions>
               <!--Optional:-->
               <siri:AllowedPredictors>anyone</siri:AllowedPredictors>
               <!--Optional:-->
               <siri:PredictionFunction>?</siri:PredictionFunction>
            </siri:ServiceRequestContext>
            <siri:RequestTimestamp>?</siri:RequestTimestamp>
            <!--Optional:-->
            <siri:AccountId>?</siri:AccountId>
            <!--Optional:-->
            <siri:AccountKey>?</siri:AccountKey>
            <!--Optional:-->
            <siri:Address>?</siri:Address>
            <siri:RequestorRef>?</siri:RequestorRef>
            <!--Optional:-->
            <siri:MessageIdentifier>?</siri:MessageIdentifier>
            <!--Optional:-->
            <siri:DelegatorAddress>?</siri:DelegatorAddress>
            <!--Optional:-->
            <siri:DelegatorRef>?</siri:DelegatorRef>
         </ServiceRequestInfo>
         <Request version="2.0">
            <siri:RequestTimestamp>?</siri:RequestTimestamp>
            <!--Optional:-->
            <siri:MessageIdentifier>?</siri:MessageIdentifier>
            <!--Optional:-->
            <siri:PreviewInterval>?</siri:PreviewInterval>
            <!--Optional:-->
            <siri:TimetableVersionRef>?</siri:TimetableVersionRef>
            <!--Zero or more repetitions:-->
            <siri:OperatorRef>?</siri:OperatorRef>
            <!--Optional:-->
            <siri:Lines>
               <!--1 or more repetitions:-->
               <siri:LineDirection>
                  <siri:LineRef>?</siri:LineRef>
                  <!--Optional:-->
                  <siri:DirectionRef>?</siri:DirectionRef>
               </siri:LineDirection>
            </siri:Lines>
            <!--Optional:-->
            <siri:Language>en</siri:Language>
            <!--Optional:-->
            <siri:IncludeTranslations>?</siri:IncludeTranslations>
            <!--Optional:-->
            <siri:EstimatedTimetableDetailLevel>?</siri:EstimatedTimetableDetailLevel>
            <!--Optional:-->
            <siri:Extensions>
               <!--You may enter ANY elements at this point-->
            </siri:Extensions>
         </Request>
         <RequestExtension>
            <!--You may enter ANY elements at this point-->
         </RequestExtension>
      </wsdl:GetEstimatedTimetable>
   </soapenv:Body>
</soapenv:Envelope>]]></con:request><con:wsaConfig mustUnderstand="NONE" version="200508" action="GetEstimatedTimetable"/></con:call></con:operation><con:operation isOneWay="false" action="GetFacilityMonitoring" name="GetFacilityMonitoring" bindingOperationName="GetFacilityMonitoring" type="Request-Response" inputName="" receivesAttachments="false" sendsAttachments="false" anonymous="optional"><con:settings/><con:call name="Request 1"><con:settings/><con:encoding>UTF-8</con:encoding><con:endpoint>http://localhost:8282/requete/GeneralMessageSOAPPort</con:endpoint><con:request><![CDATA[<soapenv:Envelope xmlns:soapenv="http://schemas.xmlsoap.org/soap/envelope/" xmlns:wsdl="http://wsdl.siri.org.uk" xmlns:siri="http://www.siri.org.uk/siri" xmlns:acsb="http://www.ifopt.org.uk/acsb">
   <soapenv:Header/>
   <soapenv:Body>
      <wsdl:GetFacilityMonitoring>
         <ServiceRequestInfo>
            <!--Optional:-->
            <siri:ServiceRequestContext>
               <!--Optional:-->
               <siri:CheckStatusAddress>?</siri:CheckStatusAddress>
               <!--Optional:-->
               <siri:SubscribeAddress>?</siri:SubscribeAddress>
               <!--Optional:-->
               <siri:ManageSubscriptionAddress>?</siri:ManageSubscriptionAddress>
               <!--Optional:-->
               <siri:GetDataAddress>?</siri:GetDataAddress>
               <!--Optional:-->
               <siri:StatusResponseAddress>?</siri:StatusResponseAddress>
               <!--Optional:-->
               <siri:SubscriberAddress>?</siri:SubscriberAddress>
               <!--Optional:-->
               <siri:NotifyAddress>?</siri:NotifyAddress>
               <!--Optional:-->
               <siri:ConsumerAddress>?</siri:ConsumerAddress>
               <!--Optional:-->
               <siri:DataNameSpaces>
                  <!--Optional:-->
                  <siri:StopPointNameSpace>?</siri:StopPointNameSpace>
                  <!--Optional:-->
                  <siri:LineNameSpace>?</siri:LineNameSpace>
                  <!--Optional:-->
                  <siri:ProductCategoryNameSpace>?</siri:ProductCategoryNameSpace>
                  <!--Optional:-->
                  <siri:ServiceFeatureNameSpace>?</siri:ServiceFeatureNameSpace>
                  <!--Optional:-->
                  <siri:VehicleFeatureNameSpace>?</siri:VehicleFeatureNameSpace>
               </siri:DataNameSpaces>
               <!--Optional:-->
               <siri:Language>en</siri:Language>
               <!--You have a CHOICE of the next 2 items at this level-->
               <siri:WgsDecimalDegrees>?</siri:WgsDecimalDegrees>
               <siri:GmlCoordinateFormat>?</siri:GmlCoordinateFormat>
               <!--Optional:-->
               <siri:DistanceUnits>?</siri:DistanceUnits>
               <!--Optional:-->
               <siri:VelocityUnits>?</siri:VelocityUnits>
               <!--Optional:-->
               <siri:DataHorizon>?</siri:DataHorizon>
               <!--Optional:-->
               <siri:RequestTimeout>?</siri:RequestTimeout>
               <!--Optional:-->
               <siri:DeliveryMethod>direct</siri:DeliveryMethod>
               <!--Optional:-->
               <siri:MultipartDespatch>?</siri:MultipartDespatch>
               <!--Optional:-->
               <siri:ConfirmDelivery>false</siri:ConfirmDelivery>
               <!--Optional:-->
               <siri:MaximimumNumberOfSubscriptions>?</siri:MaximimumNumberOfSubscriptions>
               <!--Optional:-->
               <siri:AllowedPredictors>anyone</siri:AllowedPredictors>
               <!--Optional:-->
               <siri:PredictionFunction>?</siri:PredictionFunction>
            </siri:ServiceRequestContext>
            <siri:RequestTimestamp>?</siri:RequestTimestamp>
            <!--Optional:-->
            <siri:AccountId>?</siri:AccountId>
            <!--Optional:-->
            <siri:AccountKey>?</siri:AccountKey>
            <!--Optional:-->
            <siri:Address>?</siri:Address>
            <siri:RequestorRef>?</siri:RequestorRef>
            <!--Optional:-->
            <siri:MessageIdentifier>?</siri:MessageIdentifier>
            <!--Optional:-->
            <siri:DelegatorAddress>?</siri:DelegatorAddress>
            <!--Optional:-->
            <siri:DelegatorRef>?</siri:DelegatorRef>
         </ServiceRequestInfo>
         <Request version="2.0">
            <siri:RequestTimestamp>?</siri:RequestTimestamp>
            <!--Optional:-->
            <siri:MessageIdentifier>?</siri:MessageIdentifier>
            <!--Optional:-->
            <siri:PreviewInterval>?</siri:PreviewInterval>
            <!--Optional:-->
            <siri:StartTime>?</siri:StartTime>
            <!--Zero or more repetitions:-->
            <siri:FacilityRef>?</siri:FacilityRef>
            <!--Optional:-->
            <siri:FeatureRef>?</siri:FeatureRef>
            <!--Optional:-->
            <siri:LineRef>?</siri:LineRef>
            <!--Optional:-->
            <siri:StopPointRef>?</siri:StopPointRef>
            <!--Optional:-->
            <siri:ConnectionLinkRef>?</siri:ConnectionLinkRef>
            <!--You have a CHOICE of the next 2 items at this level-->
            <siri:FramedVehicleJourneyRef>
               <siri:DataFrameRef>?</siri:DataFrameRef>
               <siri:DatedVehicleJourneyRef>?</siri:DatedVehicleJourneyRef>
            </siri:FramedVehicleJourneyRef>
            <siri:VehicleJourneyRef>?</siri:VehicleJourneyRef>
            <!--Optional:-->
            <siri:InterchangeRef>?</siri:InterchangeRef>
            <!--Optional:-->
            <siri:VehicleRef>?</siri:VehicleRef>
            <!--Optional:-->
            <siri:StopPlaceRef>?</siri:StopPlaceRef>
            <!--Optional:-->
            <siri:StopPlaceComponentRef>?</siri:StopPlaceComponentRef>
            <!--Zero or more repetitions:-->
            <siri:AccessibilityNeedsFilter>
               <!--1 or more repetitions:-->
               <siri:UserNeed>
                  <!--You have a CHOICE of the next 4 items at this level-->
                  <acsb:MobilityNeed>?</acsb:MobilityNeed>
                  <acsb:PsychosensoryNeed>?</acsb:PsychosensoryNeed>
                  <acsb:MedicalNeed>?</acsb:MedicalNeed>
                  <acsb:EncumbranceNeed>?</acsb:EncumbranceNeed>
                  <!--Optional:-->
                  <acsb:Excluded>?</acsb:Excluded>
                  <!--Optional:-->
                  <acsb:NeedRanking>?</acsb:NeedRanking>
                  <!--Optional:-->
                  <acsb:Extensions>?</acsb:Extensions>
               </siri:UserNeed>
            </siri:AccessibilityNeedsFilter>
            <!--Optional:-->
            <siri:Language>en</siri:Language>
            <!--Optional:-->
            <siri:IncludeTranslations>?</siri:IncludeTranslations>
            <!--Optional:-->
            <siri:MaximumNumberOfFacilityConditions>?</siri:MaximumNumberOfFacilityConditions>
            <!--Optional:-->
            <siri:Extensions>
               <!--You may enter ANY elements at this point-->
            </siri:Extensions>
         </Request>
         <RequestExtension>
            <!--You may enter ANY elements at this point-->
         </RequestExtension>
      </wsdl:GetFacilityMonitoring>
   </soapenv:Body>
</soapenv:Envelope>]]></con:request><con:wsaConfig mustUnderstand="NONE" version="200508" action="GetFacilityMonitoring"/></con:call></con:operation><con:operation isOneWay="false" action="GetGeneralMessage" name="GetGeneralMessage" bindingOperationName="GetGeneralMessage" type="Request-Response" inputName="" receivesAttachments="false" sendsAttachments="false" anonymous="optional"><con:settings/><con:call name="Request 1"><con:settings/><con:encoding>UTF-8</con:encoding><con:endpoint>http://localhost:8282/requete/GeneralMessageSOAPPort</con:endpoint><con:request><![CDATA[<soapenv:Envelope xmlns:soapenv="http://schemas.xmlsoap.org/soap/envelope/" xmlns:wsdl="http://wsdl.siri.org.uk" xmlns:siri="http://www.siri.org.uk/siri">
   <soapenv:Header/>
   <soapenv:Body>
      <wsdl:GetGeneralMessage>
         <ServiceRequestInfo>
            <!--Optional:-->
            <siri:ServiceRequestContext>
               <!--Optional:-->
               <siri:CheckStatusAddress>?</siri:CheckStatusAddress>
               <!--Optional:-->
               <siri:SubscribeAddress>?</siri:SubscribeAddress>
               <!--Optional:-->
               <siri:ManageSubscriptionAddress>?</siri:ManageSubscriptionAddress>
               <!--Optional:-->
               <siri:GetDataAddress>?</siri:GetDataAddress>
               <!--Optional:-->
               <siri:StatusResponseAddress>?</siri:StatusResponseAddress>
               <!--Optional:-->
               <siri:SubscriberAddress>?</siri:SubscriberAddress>
               <!--Optional:-->
               <siri:NotifyAddress>?</siri:NotifyAddress>
               <!--Optional:-->
               <siri:ConsumerAddress>?</siri:ConsumerAddress>
               <!--Optional:-->
               <siri:DataNameSpaces>
                  <!--Optional:-->
                  <siri:StopPointNameSpace>?</siri:StopPointNameSpace>
                  <!--Optional:-->
                  <siri:LineNameSpace>?</siri:LineNameSpace>
                  <!--Optional:-->
                  <siri:ProductCategoryNameSpace>?</siri:ProductCategoryNameSpace>
                  <!--Optional:-->
                  <siri:ServiceFeatureNameSpace>?</siri:ServiceFeatureNameSpace>
                  <!--Optional:-->
                  <siri:VehicleFeatureNameSpace>?</siri:VehicleFeatureNameSpace>
               </siri:DataNameSpaces>
               <!--Optional:-->
               <siri:Language>en</siri:Language>
               <!--You have a CHOICE of the next 2 items at this level-->
               <siri:WgsDecimalDegrees>?</siri:WgsDecimalDegrees>
               <siri:GmlCoordinateFormat>?</siri:GmlCoordinateFormat>
               <!--Optional:-->
               <siri:DistanceUnits>?</siri:DistanceUnits>
               <!--Optional:-->
               <siri:VelocityUnits>?</siri:VelocityUnits>
               <!--Optional:-->
               <siri:DataHorizon>?</siri:DataHorizon>
               <!--Optional:-->
               <siri:RequestTimeout>?</siri:RequestTimeout>
               <!--Optional:-->
               <siri:DeliveryMethod>direct</siri:DeliveryMethod>
               <!--Optional:-->
               <siri:MultipartDespatch>?</siri:MultipartDespatch>
               <!--Optional:-->
               <siri:ConfirmDelivery>false</siri:ConfirmDelivery>
               <!--Optional:-->
               <siri:MaximimumNumberOfSubscriptions>?</siri:MaximimumNumberOfSubscriptions>
               <!--Optional:-->
               <siri:AllowedPredictors>anyone</siri:AllowedPredictors>
               <!--Optional:-->
               <siri:PredictionFunction>?</siri:PredictionFunction>
            </siri:ServiceRequestContext>
            <siri:RequestTimestamp>?</siri:RequestTimestamp>
            <!--Optional:-->
            <siri:AccountId>?</siri:AccountId>
            <!--Optional:-->
            <siri:AccountKey>?</siri:AccountKey>
            <!--Optional:-->
            <siri:Address>?</siri:Address>
            <siri:RequestorRef>?</siri:RequestorRef>
            <!--Optional:-->
            <siri:MessageIdentifier>?</siri:MessageIdentifier>
            <!--Optional:-->
            <siri:DelegatorAddress>?</siri:DelegatorAddress>
            <!--Optional:-->
            <siri:DelegatorRef>?</siri:DelegatorRef>
         </ServiceRequestInfo>
         <Request version="2.0">
            <siri:RequestTimestamp>?</siri:RequestTimestamp>
            <!--Optional:-->
            <siri:MessageIdentifier>?</siri:MessageIdentifier>
            <!--Zero or more repetitions:-->
            <siri:InfoChannelRef>?</siri:InfoChannelRef>
            <!--Optional:-->
            <siri:Language>en</siri:Language>
            <!--Optional:-->
            <siri:Extensions>
               <!--You may enter ANY elements at this point-->
            </siri:Extensions>
         </Request>
         <RequestExtension>
            <!--You may enter ANY elements at this point-->
         </RequestExtension>
      </wsdl:GetGeneralMessage>
   </soapenv:Body>
</soapenv:Envelope>]]></con:request><con:wsaConfig mustUnderstand="NONE" version="200508" action="GetGeneralMessage"/></con:call></con:operation><con:operation isOneWay="false" action="GetMultipleStopMonitoring" name="GetMultipleStopMonitoring" bindingOperationName="GetMultipleStopMonitoring" type="Request-Response" inputName="" receivesAttachments="false" sendsAttachments="false" anonymous="optional"><con:settings/><con:call name="Request 1"><con:settings/><con:encoding>UTF-8</con:encoding><con:endpoint>http://localhost:8282/requete/GeneralMessageSOAPPort</con:endpoint><con:request><![CDATA[<soapenv:Envelope xmlns:soapenv="http://schemas.xmlsoap.org/soap/envelope/" xmlns:wsdl="http://wsdl.siri.org.uk" xmlns:siri="http://www.siri.org.uk/siri">
   <soapenv:Header/>
   <soapenv:Body>
      <wsdl:GetMultipleStopMonitoring>
         <ServiceRequestInfo>
            <!--Optional:-->
            <siri:ServiceRequestContext>
               <!--Optional:-->
               <siri:CheckStatusAddress>?</siri:CheckStatusAddress>
               <!--Optional:-->
               <siri:SubscribeAddress>?</siri:SubscribeAddress>
               <!--Optional:-->
               <siri:ManageSubscriptionAddress>?</siri:ManageSubscriptionAddress>
               <!--Optional:-->
               <siri:GetDataAddress>?</siri:GetDataAddress>
               <!--Optional:-->
               <siri:StatusResponseAddress>?</siri:StatusResponseAddress>
               <!--Optional:-->
               <siri:SubscriberAddress>?</siri:SubscriberAddress>
               <!--Optional:-->
               <siri:NotifyAddress>?</siri:NotifyAddress>
               <!--Optional:-->
               <siri:ConsumerAddress>?</siri:ConsumerAddress>
               <!--Optional:-->
               <siri:DataNameSpaces>
                  <!--Optional:-->
                  <siri:StopPointNameSpace>?</siri:StopPointNameSpace>
                  <!--Optional:-->
                  <siri:LineNameSpace>?</siri:LineNameSpace>
                  <!--Optional:-->
                  <siri:ProductCategoryNameSpace>?</siri:ProductCategoryNameSpace>
                  <!--Optional:-->
                  <siri:ServiceFeatureNameSpace>?</siri:ServiceFeatureNameSpace>
                  <!--Optional:-->
                  <siri:VehicleFeatureNameSpace>?</siri:VehicleFeatureNameSpace>
               </siri:DataNameSpaces>
               <!--Optional:-->
               <siri:Language>en</siri:Language>
               <!--You have a CHOICE of the next 2 items at this level-->
               <siri:WgsDecimalDegrees>?</siri:WgsDecimalDegrees>
               <siri:GmlCoordinateFormat>?</siri:GmlCoordinateFormat>
               <!--Optional:-->
               <siri:DistanceUnits>?</siri:DistanceUnits>
               <!--Optional:-->
               <siri:VelocityUnits>?</siri:VelocityUnits>
               <!--Optional:-->
               <siri:DataHorizon>?</siri:DataHorizon>
               <!--Optional:-->
               <siri:RequestTimeout>?</siri:RequestTimeout>
               <!--Optional:-->
               <siri:DeliveryMethod>direct</siri:DeliveryMethod>
               <!--Optional:-->
               <siri:MultipartDespatch>?</siri:MultipartDespatch>
               <!--Optional:-->
               <siri:ConfirmDelivery>false</siri:ConfirmDelivery>
               <!--Optional:-->
               <siri:MaximimumNumberOfSubscriptions>?</siri:MaximimumNumberOfSubscriptions>
               <!--Optional:-->
               <siri:AllowedPredictors>anyone</siri:AllowedPredictors>
               <!--Optional:-->
               <siri:PredictionFunction>?</siri:PredictionFunction>
            </siri:ServiceRequestContext>
            <siri:RequestTimestamp>?</siri:RequestTimestamp>
            <!--Optional:-->
            <siri:AccountId>?</siri:AccountId>
            <!--Optional:-->
            <siri:AccountKey>?</siri:AccountKey>
            <!--Optional:-->
            <siri:Address>?</siri:Address>
            <siri:RequestorRef>?</siri:RequestorRef>
            <!--Optional:-->
            <siri:MessageIdentifier>?</siri:MessageIdentifier>
            <!--Optional:-->
            <siri:DelegatorAddress>?</siri:DelegatorAddress>
            <!--Optional:-->
            <siri:DelegatorRef>?</siri:DelegatorRef>
         </ServiceRequestInfo>
         <Request version="2.0">
            <siri:RequestTimestamp>?</siri:RequestTimestamp>
            <!--Optional:-->
            <siri:MessageIdentifier>?</siri:MessageIdentifier>
            <!--1 or more repetitions:-->
            <siri:StopMonitoringFIlter>
               <!--Optional:-->
               <siri:PreviewInterval>?</siri:PreviewInterval>
               <!--Optional:-->
               <siri:StartTime>?</siri:StartTime>
               <siri:MonitoringRef>?</siri:MonitoringRef>
               <!--Optional:-->
               <siri:OperatorRef>?</siri:OperatorRef>
               <!--Optional:-->
               <siri:LineRef>?</siri:LineRef>
               <!--Optional:-->
               <siri:DirectionRef>?</siri:DirectionRef>
               <!--Optional:-->
               <siri:DestinationRef>?</siri:DestinationRef>
               <!--Optional:-->
               <siri:StopVisitTypes>all</siri:StopVisitTypes>
               <!--Optional:-->
               <siri:Language>false</siri:Language>
               <!--Optional:-->
               <siri:IncludeTranslations>?</siri:IncludeTranslations>
               <!--Optional:-->
               <siri:MaximumStopVisits>?</siri:MaximumStopVisits>
               <!--You have a CHOICE of the next 2 items at this level-->
               <!--Optional:-->
               <siri:MinimumStopVisitsPerLine>?</siri:MinimumStopVisitsPerLine>
               <!--Optional:-->
               <siri:MinimumStopVisitsPerLineVia>?</siri:MinimumStopVisitsPerLineVia>
               <!--Optional:-->
               <siri:MaximumTextLength>30</siri:MaximumTextLength>
               <!--Optional:-->
               <siri:StopMonitoringDetailLevel>normal</siri:StopMonitoringDetailLevel>
               <!--Optional:-->
               <siri:IncludeSituations>?</siri:IncludeSituations>
               <!--Optional:-->
               <siri:MaximumNumberOfCalls>
                  <!--Optional:-->
                  <siri:Previous>?</siri:Previous>
                  <!--Optional:-->
                  <siri:Onwards>?</siri:Onwards>
               </siri:MaximumNumberOfCalls>
               <!--Optional:-->
               <siri:Extensions>
                  <!--You may enter ANY elements at this point-->
               </siri:Extensions>
            </siri:StopMonitoringFIlter>
         </Request>
         <RequestExtension>
            <!--You may enter ANY elements at this point-->
         </RequestExtension>
      </wsdl:GetMultipleStopMonitoring>
   </soapenv:Body>
</soapenv:Envelope>]]></con:request><con:wsaConfig mustUnderstand="NONE" version="200508" action="GetMultipleStopMonitoring"/></con:call></con:operation><con:operation isOneWay="false" action="GetProductionTimetable" name="GetProductionTimetable" bindingOperationName="GetProductionTimetable" type="Request-Response" inputName="" receivesAttachments="false" sendsAttachments="false" anonymous="optional"><con:settings/><con:call name="Request 1"><con:settings/><con:encoding>UTF-8</con:encoding><con:endpoint>http://localhost:8282/requete/GeneralMessageSOAPPort</con:endpoint><con:request><![CDATA[<soapenv:Envelope xmlns:soapenv="http://schemas.xmlsoap.org/soap/envelope/" xmlns:wsdl="http://wsdl.siri.org.uk" xmlns:siri="http://www.siri.org.uk/siri">
   <soapenv:Header/>
   <soapenv:Body>
      <wsdl:GetProductionTimetable>
         <ServiceRequestInfo>
            <!--Optional:-->
            <siri:ServiceRequestContext>
               <!--Optional:-->
               <siri:CheckStatusAddress>?</siri:CheckStatusAddress>
               <!--Optional:-->
               <siri:SubscribeAddress>?</siri:SubscribeAddress>
               <!--Optional:-->
               <siri:ManageSubscriptionAddress>?</siri:ManageSubscriptionAddress>
               <!--Optional:-->
               <siri:GetDataAddress>?</siri:GetDataAddress>
               <!--Optional:-->
               <siri:StatusResponseAddress>?</siri:StatusResponseAddress>
               <!--Optional:-->
               <siri:SubscriberAddress>?</siri:SubscriberAddress>
               <!--Optional:-->
               <siri:NotifyAddress>?</siri:NotifyAddress>
               <!--Optional:-->
               <siri:ConsumerAddress>?</siri:ConsumerAddress>
               <!--Optional:-->
               <siri:DataNameSpaces>
                  <!--Optional:-->
                  <siri:StopPointNameSpace>?</siri:StopPointNameSpace>
                  <!--Optional:-->
                  <siri:LineNameSpace>?</siri:LineNameSpace>
                  <!--Optional:-->
                  <siri:ProductCategoryNameSpace>?</siri:ProductCategoryNameSpace>
                  <!--Optional:-->
                  <siri:ServiceFeatureNameSpace>?</siri:ServiceFeatureNameSpace>
                  <!--Optional:-->
                  <siri:VehicleFeatureNameSpace>?</siri:VehicleFeatureNameSpace>
               </siri:DataNameSpaces>
               <!--Optional:-->
               <siri:Language>en</siri:Language>
               <!--You have a CHOICE of the next 2 items at this level-->
               <siri:WgsDecimalDegrees>?</siri:WgsDecimalDegrees>
               <siri:GmlCoordinateFormat>?</siri:GmlCoordinateFormat>
               <!--Optional:-->
               <siri:DistanceUnits>?</siri:DistanceUnits>
               <!--Optional:-->
               <siri:VelocityUnits>?</siri:VelocityUnits>
               <!--Optional:-->
               <siri:DataHorizon>?</siri:DataHorizon>
               <!--Optional:-->
               <siri:RequestTimeout>?</siri:RequestTimeout>
               <!--Optional:-->
               <siri:DeliveryMethod>direct</siri:DeliveryMethod>
               <!--Optional:-->
               <siri:MultipartDespatch>?</siri:MultipartDespatch>
               <!--Optional:-->
               <siri:ConfirmDelivery>false</siri:ConfirmDelivery>
               <!--Optional:-->
               <siri:MaximimumNumberOfSubscriptions>?</siri:MaximimumNumberOfSubscriptions>
               <!--Optional:-->
               <siri:AllowedPredictors>anyone</siri:AllowedPredictors>
               <!--Optional:-->
               <siri:PredictionFunction>?</siri:PredictionFunction>
            </siri:ServiceRequestContext>
            <siri:RequestTimestamp>?</siri:RequestTimestamp>
            <!--Optional:-->
            <siri:AccountId>?</siri:AccountId>
            <!--Optional:-->
            <siri:AccountKey>?</siri:AccountKey>
            <!--Optional:-->
            <siri:Address>?</siri:Address>
            <siri:RequestorRef>?</siri:RequestorRef>
            <!--Optional:-->
            <siri:MessageIdentifier>?</siri:MessageIdentifier>
            <!--Optional:-->
            <siri:DelegatorAddress>?</siri:DelegatorAddress>
            <!--Optional:-->
            <siri:DelegatorRef>?</siri:DelegatorRef>
         </ServiceRequestInfo>
         <Request version="2.0">
            <siri:RequestTimestamp>?</siri:RequestTimestamp>
            <!--Optional:-->
            <siri:MessageIdentifier>?</siri:MessageIdentifier>
            <!--Optional:-->
            <siri:ValidityPeriod>
               <siri:StartTime>?</siri:StartTime>
               <siri:EndTime>?</siri:EndTime>
            </siri:ValidityPeriod>
            <!--Optional:-->
            <siri:TimetableVersionRef>?</siri:TimetableVersionRef>
            <!--Zero or more repetitions:-->
            <siri:OperatorRef>?</siri:OperatorRef>
            <!--Optional:-->
            <siri:Lines>
               <!--1 or more repetitions:-->
               <siri:LineDirection>
                  <siri:LineRef>?</siri:LineRef>
                  <!--Optional:-->
                  <siri:DirectionRef>?</siri:DirectionRef>
               </siri:LineDirection>
            </siri:Lines>
            <!--Optional:-->
            <siri:Language>en</siri:Language>
            <!--Optional:-->
            <siri:IncludeTranslations>?</siri:IncludeTranslations>
            <!--Optional:-->
            <siri:IncrementalUpdates>false</siri:IncrementalUpdates>
            <!--Optional:-->
            <siri:Extensions>
               <!--You may enter ANY elements at this point-->
            </siri:Extensions>
         </Request>
         <RequestExtension>
            <!--You may enter ANY elements at this point-->
         </RequestExtension>
      </wsdl:GetProductionTimetable>
   </soapenv:Body>
</soapenv:Envelope>]]></con:request><con:wsaConfig mustUnderstand="NONE" version="200508" action="GetProductionTimetable"/></con:call></con:operation><con:operation isOneWay="false" action="GetSiriService" name="GetSiriService" bindingOperationName="GetSiriService" type="Request-Response" inputName="" receivesAttachments="false" sendsAttachments="false" anonymous="optional"><con:settings/><con:call name="Request 1"><con:settings/><con:encoding>UTF-8</con:encoding><con:endpoint>http://localhost:8282/requete/GeneralMessageSOAPPort</con:endpoint><con:request><![CDATA[<soapenv:Envelope xmlns:soapenv="http://schemas.xmlsoap.org/soap/envelope/" xmlns:wsdl="http://wsdl.siri.org.uk" xmlns:siri="http://www.siri.org.uk/siri" xmlns:acsb="http://www.ifopt.org.uk/acsb">
   <soapenv:Header/>
   <soapenv:Body>
      <wsdl:GetSiriService>
         <Request>
            <!--Optional:-->
            <siri:ServiceRequestContext>
               <!--Optional:-->
               <siri:CheckStatusAddress>?</siri:CheckStatusAddress>
               <!--Optional:-->
               <siri:SubscribeAddress>?</siri:SubscribeAddress>
               <!--Optional:-->
               <siri:ManageSubscriptionAddress>?</siri:ManageSubscriptionAddress>
               <!--Optional:-->
               <siri:GetDataAddress>?</siri:GetDataAddress>
               <!--Optional:-->
               <siri:StatusResponseAddress>?</siri:StatusResponseAddress>
               <!--Optional:-->
               <siri:SubscriberAddress>?</siri:SubscriberAddress>
               <!--Optional:-->
               <siri:NotifyAddress>?</siri:NotifyAddress>
               <!--Optional:-->
               <siri:ConsumerAddress>?</siri:ConsumerAddress>
               <!--Optional:-->
               <siri:DataNameSpaces>
                  <!--Optional:-->
                  <siri:StopPointNameSpace>?</siri:StopPointNameSpace>
                  <!--Optional:-->
                  <siri:LineNameSpace>?</siri:LineNameSpace>
                  <!--Optional:-->
                  <siri:ProductCategoryNameSpace>?</siri:ProductCategoryNameSpace>
                  <!--Optional:-->
                  <siri:ServiceFeatureNameSpace>?</siri:ServiceFeatureNameSpace>
                  <!--Optional:-->
                  <siri:VehicleFeatureNameSpace>?</siri:VehicleFeatureNameSpace>
               </siri:DataNameSpaces>
               <!--Optional:-->
               <siri:Language>en</siri:Language>
               <!--You have a CHOICE of the next 2 items at this level-->
               <siri:WgsDecimalDegrees>?</siri:WgsDecimalDegrees>
               <siri:GmlCoordinateFormat>?</siri:GmlCoordinateFormat>
               <!--Optional:-->
               <siri:DistanceUnits>?</siri:DistanceUnits>
               <!--Optional:-->
               <siri:VelocityUnits>?</siri:VelocityUnits>
               <!--Optional:-->
               <siri:DataHorizon>?</siri:DataHorizon>
               <!--Optional:-->
               <siri:RequestTimeout>?</siri:RequestTimeout>
               <!--Optional:-->
               <siri:DeliveryMethod>direct</siri:DeliveryMethod>
               <!--Optional:-->
               <siri:MultipartDespatch>?</siri:MultipartDespatch>
               <!--Optional:-->
               <siri:ConfirmDelivery>false</siri:ConfirmDelivery>
               <!--Optional:-->
               <siri:MaximimumNumberOfSubscriptions>?</siri:MaximimumNumberOfSubscriptions>
               <!--Optional:-->
               <siri:AllowedPredictors>anyone</siri:AllowedPredictors>
               <!--Optional:-->
               <siri:PredictionFunction>?</siri:PredictionFunction>
            </siri:ServiceRequestContext>
            <siri:RequestTimestamp>?</siri:RequestTimestamp>
            <!--Optional:-->
            <siri:AccountId>?</siri:AccountId>
            <!--Optional:-->
            <siri:AccountKey>?</siri:AccountKey>
            <!--Optional:-->
            <siri:Address>?</siri:Address>
            <siri:RequestorRef>?</siri:RequestorRef>
            <!--Optional:-->
            <siri:MessageIdentifier>?</siri:MessageIdentifier>
            <!--Optional:-->
            <siri:DelegatorAddress>?</siri:DelegatorAddress>
            <!--Optional:-->
            <siri:DelegatorRef>?</siri:DelegatorRef>
            <!--You have a CHOICE of the next 11 items at this level-->
            <!--1 or more repetitions:-->
            <siri:ProductionTimetableRequest version="2.0">
               <siri:RequestTimestamp>?</siri:RequestTimestamp>
               <!--Optional:-->
               <siri:MessageIdentifier>?</siri:MessageIdentifier>
               <!--Optional:-->
               <siri:ValidityPeriod>
                  <siri:StartTime>?</siri:StartTime>
                  <siri:EndTime>?</siri:EndTime>
               </siri:ValidityPeriod>
               <!--Optional:-->
               <siri:TimetableVersionRef>?</siri:TimetableVersionRef>
               <!--Zero or more repetitions:-->
               <siri:OperatorRef>?</siri:OperatorRef>
               <!--Optional:-->
               <siri:Lines>
                  <!--1 or more repetitions:-->
                  <siri:LineDirection>
                     <siri:LineRef>?</siri:LineRef>
                     <!--Optional:-->
                     <siri:DirectionRef>?</siri:DirectionRef>
                  </siri:LineDirection>
               </siri:Lines>
               <!--Optional:-->
               <siri:Language>en</siri:Language>
               <!--Optional:-->
               <siri:IncludeTranslations>?</siri:IncludeTranslations>
               <!--Optional:-->
               <siri:IncrementalUpdates>false</siri:IncrementalUpdates>
               <!--Optional:-->
               <siri:Extensions>
                  <!--You may enter ANY elements at this point-->
               </siri:Extensions>
            </siri:ProductionTimetableRequest>
            <!--1 or more repetitions:-->
            <siri:EstimatedTimetableRequest version="2.0">
               <siri:RequestTimestamp>?</siri:RequestTimestamp>
               <!--Optional:-->
               <siri:MessageIdentifier>?</siri:MessageIdentifier>
               <!--Optional:-->
               <siri:PreviewInterval>?</siri:PreviewInterval>
               <!--Optional:-->
               <siri:TimetableVersionRef>?</siri:TimetableVersionRef>
               <!--Zero or more repetitions:-->
               <siri:OperatorRef>?</siri:OperatorRef>
               <!--Optional:-->
               <siri:Lines>
                  <!--1 or more repetitions:-->
                  <siri:LineDirection>
                     <siri:LineRef>?</siri:LineRef>
                     <!--Optional:-->
                     <siri:DirectionRef>?</siri:DirectionRef>
                  </siri:LineDirection>
               </siri:Lines>
               <!--Optional:-->
               <siri:Language>en</siri:Language>
               <!--Optional:-->
               <siri:IncludeTranslations>?</siri:IncludeTranslations>
               <!--Optional:-->
               <siri:EstimatedTimetableDetailLevel>?</siri:EstimatedTimetableDetailLevel>
               <!--Optional:-->
               <siri:Extensions>
                  <!--You may enter ANY elements at this point-->
               </siri:Extensions>
            </siri:EstimatedTimetableRequest>
            <!--1 or more repetitions:-->
            <siri:StopTimetableRequest version="2.0">
               <siri:RequestTimestamp>?</siri:RequestTimestamp>
               <!--Optional:-->
               <siri:MessageIdentifier>?</siri:MessageIdentifier>
               <!--Optional:-->
               <siri:DepartureWindow>
                  <siri:StartTime>?</siri:StartTime>
                  <siri:EndTime>?</siri:EndTime>
               </siri:DepartureWindow>
               <siri:MonitoringRef>?</siri:MonitoringRef>
               <!--Optional:-->
               <siri:LineRef>?</siri:LineRef>
               <!--Optional:-->
               <siri:DirectionRef>?</siri:DirectionRef>
               <!--Optional:-->
               <siri:Language>en</siri:Language>
               <!--Optional:-->
               <siri:IncludeTranslations>?</siri:IncludeTranslations>
               <!--Optional:-->
               <siri:Extensions>
                  <!--You may enter ANY elements at this point-->
               </siri:Extensions>
            </siri:StopTimetableRequest>
            <!--1 or more repetitions:-->
            <siri:StopMonitoringMultipleRequest version="2.0">
               <siri:RequestTimestamp>?</siri:RequestTimestamp>
               <!--Optional:-->
               <siri:MessageIdentifier>?</siri:MessageIdentifier>
               <!--1 or more repetitions:-->
               <siri:StopMonitoringFIlter>
                  <!--Optional:-->
                  <siri:PreviewInterval>?</siri:PreviewInterval>
                  <!--Optional:-->
                  <siri:StartTime>?</siri:StartTime>
                  <siri:MonitoringRef>?</siri:MonitoringRef>
                  <!--Optional:-->
                  <siri:OperatorRef>?</siri:OperatorRef>
                  <!--Optional:-->
                  <siri:LineRef>?</siri:LineRef>
                  <!--Optional:-->
                  <siri:DirectionRef>?</siri:DirectionRef>
                  <!--Optional:-->
                  <siri:DestinationRef>?</siri:DestinationRef>
                  <!--Optional:-->
                  <siri:StopVisitTypes>all</siri:StopVisitTypes>
                  <!--Optional:-->
                  <siri:Language>false</siri:Language>
                  <!--Optional:-->
                  <siri:IncludeTranslations>?</siri:IncludeTranslations>
                  <!--Optional:-->
                  <siri:MaximumStopVisits>?</siri:MaximumStopVisits>
                  <!--You have a CHOICE of the next 2 items at this level-->
                  <!--Optional:-->
                  <siri:MinimumStopVisitsPerLine>?</siri:MinimumStopVisitsPerLine>
                  <!--Optional:-->
                  <siri:MinimumStopVisitsPerLineVia>?</siri:MinimumStopVisitsPerLineVia>
                  <!--Optional:-->
                  <siri:MaximumTextLength>30</siri:MaximumTextLength>
                  <!--Optional:-->
                  <siri:StopMonitoringDetailLevel>normal</siri:StopMonitoringDetailLevel>
                  <!--Optional:-->
                  <siri:IncludeSituations>?</siri:IncludeSituations>
                  <!--Optional:-->
                  <siri:MaximumNumberOfCalls>
                     <!--Optional:-->
                     <siri:Previous>?</siri:Previous>
                     <!--Optional:-->
                     <siri:Onwards>?</siri:Onwards>
                  </siri:MaximumNumberOfCalls>
                  <!--Optional:-->
                  <siri:Extensions>
                     <!--You may enter ANY elements at this point-->
                  </siri:Extensions>
               </siri:StopMonitoringFIlter>
            </siri:StopMonitoringMultipleRequest>
            <!--1 or more repetitions:-->
            <siri:StopMonitoringRequest version="2.0">
               <siri:RequestTimestamp>?</siri:RequestTimestamp>
               <!--Optional:-->
               <siri:MessageIdentifier>?</siri:MessageIdentifier>
               <!--Optional:-->
               <siri:PreviewInterval>?</siri:PreviewInterval>
               <!--Optional:-->
               <siri:StartTime>?</siri:StartTime>
               <siri:MonitoringRef>?</siri:MonitoringRef>
               <!--Optional:-->
               <siri:OperatorRef>?</siri:OperatorRef>
               <!--Optional:-->
               <siri:LineRef>?</siri:LineRef>
               <!--Optional:-->
               <siri:DirectionRef>?</siri:DirectionRef>
               <!--Optional:-->
               <siri:DestinationRef>?</siri:DestinationRef>
               <!--Optional:-->
               <siri:StopVisitTypes>all</siri:StopVisitTypes>
               <!--Optional:-->
               <siri:Language>false</siri:Language>
               <!--Optional:-->
               <siri:IncludeTranslations>?</siri:IncludeTranslations>
               <!--Optional:-->
               <siri:MaximumStopVisits>?</siri:MaximumStopVisits>
               <!--You have a CHOICE of the next 2 items at this level-->
               <!--Optional:-->
               <siri:MinimumStopVisitsPerLine>?</siri:MinimumStopVisitsPerLine>
               <!--Optional:-->
               <siri:MinimumStopVisitsPerLineVia>?</siri:MinimumStopVisitsPerLineVia>
               <!--Optional:-->
               <siri:MaximumTextLength>30</siri:MaximumTextLength>
               <!--Optional:-->
               <siri:StopMonitoringDetailLevel>normal</siri:StopMonitoringDetailLevel>
               <!--Optional:-->
               <siri:IncludeSituations>?</siri:IncludeSituations>
               <!--Optional:-->
               <siri:MaximumNumberOfCalls>
                  <!--Optional:-->
                  <siri:Previous>?</siri:Previous>
                  <!--Optional:-->
                  <siri:Onwards>?</siri:Onwards>
               </siri:MaximumNumberOfCalls>
               <!--Optional:-->
               <siri:Extensions>
                  <!--You may enter ANY elements at this point-->
               </siri:Extensions>
            </siri:StopMonitoringRequest>
            <!--1 or more repetitions:-->
            <siri:VehicleMonitoringRequest version="2.0">
               <siri:RequestTimestamp>?</siri:RequestTimestamp>
               <!--Optional:-->
               <siri:MessageIdentifier>?</siri:MessageIdentifier>
               <!--Optional:-->
               <siri:VehicleMonitoringRef>?</siri:VehicleMonitoringRef>
               <!--You have a CHOICE of the next 2 items at this level-->
               <siri:VehicleRef>?</siri:VehicleRef>
               <siri:LineRef>?</siri:LineRef>
               <!--Optional:-->
               <siri:DirectionRef>?</siri:DirectionRef>
               <!--Optional:-->
               <siri:Language>en</siri:Language>
               <!--Optional:-->
               <siri:IncludeTranslations>?</siri:IncludeTranslations>
               <!--Optional:-->
               <siri:MaximumVehicles>?</siri:MaximumVehicles>
               <!--Optional:-->
               <siri:VehicleMonitoringDetailLevel>?</siri:VehicleMonitoringDetailLevel>
               <!--Optional:-->
               <siri:MaximumNumberOfCalls>
                  <!--Optional:-->
                  <siri:Previous>?</siri:Previous>
                  <!--Optional:-->
                  <siri:Onwards>?</siri:Onwards>
               </siri:MaximumNumberOfCalls>
               <!--Optional:-->
               <siri:IncludeSituations>?</siri:IncludeSituations>
               <!--Optional:-->
               <siri:Extensions>
                  <!--You may enter ANY elements at this point-->
               </siri:Extensions>
            </siri:VehicleMonitoringRequest>
            <!--1 or more repetitions:-->
            <siri:ConnectionTimetableRequest version="2.0">
               <siri:RequestTimestamp>?</siri:RequestTimestamp>
               <!--Optional:-->
               <siri:MessageIdentifier>?</siri:MessageIdentifier>
               <!--Optional:-->
               <siri:ArrivalWindow>
                  <siri:StartTime>?</siri:StartTime>
                  <siri:EndTime>?</siri:EndTime>
               </siri:ArrivalWindow>
               <siri:ConnectionLinkRef>?</siri:ConnectionLinkRef>
               <!--Optional:-->
               <siri:LineRef>?</siri:LineRef>
               <!--Optional:-->
               <siri:DirectionRef>?</siri:DirectionRef>
               <!--Optional:-->
               <siri:Language>en</siri:Language>
               <!--Optional:-->
               <siri:IncludeTranslations>?</siri:IncludeTranslations>
               <!--Optional:-->
               <siri:Extensions>
                  <!--You may enter ANY elements at this point-->
               </siri:Extensions>
            </siri:ConnectionTimetableRequest>
            <!--1 or more repetitions:-->
            <siri:ConnectionMonitoringRequest version="2.0">
               <siri:RequestTimestamp>?</siri:RequestTimestamp>
               <!--Optional:-->
               <siri:MessageIdentifier>?</siri:MessageIdentifier>
               <!--Optional:-->
               <siri:PreviewInterval>?</siri:PreviewInterval>
               <siri:ConnectionLinkRef>?</siri:ConnectionLinkRef>
               <!--You have a CHOICE of the next 2 items at this level-->
               <siri:ConnectingTimeFilter>
                  <siri:LineRef>?</siri:LineRef>
                  <siri:DirectionRef>?</siri:DirectionRef>
                  <!--Optional:-->
                  <siri:EarliestArrivalTime>?</siri:EarliestArrivalTime>
                  <!--Optional:-->
                  <siri:LatestArrivalTime>?</siri:LatestArrivalTime>
               </siri:ConnectingTimeFilter>
               <!--1 or more repetitions:-->
               <siri:ConnectingJourneyFilter>
                  <siri:DatedVehicleJourneyRef>?</siri:DatedVehicleJourneyRef>
                  <!--Optional:-->
                  <siri:VisitNumber>?</siri:VisitNumber>
                  <siri:TimetabledArrivalTime>?</siri:TimetabledArrivalTime>
               </siri:ConnectingJourneyFilter>
               <!--Optional:-->
               <siri:Language>en</siri:Language>
               <!--Optional:-->
               <siri:IncludeTranslations>?</siri:IncludeTranslations>
               <!--Optional:-->
               <siri:ConnectionMonitoringDetailLevel>?</siri:ConnectionMonitoringDetailLevel>
               <!--Optional:-->
               <siri:Extensions>
                  <!--You may enter ANY elements at this point-->
               </siri:Extensions>
            </siri:ConnectionMonitoringRequest>
            <!--1 or more repetitions:-->
            <siri:GeneralMessageRequest version="2.0">
               <siri:RequestTimestamp>?</siri:RequestTimestamp>
               <!--Optional:-->
               <siri:MessageIdentifier>?</siri:MessageIdentifier>
               <!--Zero or more repetitions:-->
               <siri:InfoChannelRef>?</siri:InfoChannelRef>
               <!--Optional:-->
               <siri:Language>en</siri:Language>
               <!--Optional:-->
               <siri:Extensions>
                  <!--You may enter ANY elements at this point-->
               </siri:Extensions>
            </siri:GeneralMessageRequest>
            <!--1 or more repetitions:-->
            <siri:FacilityMonitoringRequest version="2.0">
               <siri:RequestTimestamp>?</siri:RequestTimestamp>
               <!--Optional:-->
               <siri:MessageIdentifier>?</siri:MessageIdentifier>
               <!--Optional:-->
               <siri:PreviewInterval>?</siri:PreviewInterval>
               <!--Optional:-->
               <siri:StartTime>?</siri:StartTime>
               <!--Zero or more repetitions:-->
               <siri:FacilityRef>?</siri:FacilityRef>
               <!--Optional:-->
               <siri:FeatureRef>?</siri:FeatureRef>
               <!--Optional:-->
               <siri:LineRef>?</siri:LineRef>
               <!--Optional:-->
               <siri:StopPointRef>?</siri:StopPointRef>
               <!--Optional:-->
               <siri:ConnectionLinkRef>?</siri:ConnectionLinkRef>
               <!--You have a CHOICE of the next 2 items at this level-->
               <siri:FramedVehicleJourneyRef>
                  <siri:DataFrameRef>?</siri:DataFrameRef>
                  <siri:DatedVehicleJourneyRef>?</siri:DatedVehicleJourneyRef>
               </siri:FramedVehicleJourneyRef>
               <siri:VehicleJourneyRef>?</siri:VehicleJourneyRef>
               <!--Optional:-->
               <siri:InterchangeRef>?</siri:InterchangeRef>
               <!--Optional:-->
               <siri:VehicleRef>?</siri:VehicleRef>
               <!--Optional:-->
               <siri:StopPlaceRef>?</siri:StopPlaceRef>
               <!--Optional:-->
               <siri:StopPlaceComponentRef>?</siri:StopPlaceComponentRef>
               <!--Zero or more repetitions:-->
               <siri:AccessibilityNeedsFilter>
                  <!--1 or more repetitions:-->
                  <siri:UserNeed>
                     <!--You have a CHOICE of the next 4 items at this level-->
                     <acsb:MobilityNeed>?</acsb:MobilityNeed>
                     <acsb:PsychosensoryNeed>?</acsb:PsychosensoryNeed>
                     <acsb:MedicalNeed>?</acsb:MedicalNeed>
                     <acsb:EncumbranceNeed>?</acsb:EncumbranceNeed>
                     <!--Optional:-->
                     <acsb:Excluded>?</acsb:Excluded>
                     <!--Optional:-->
                     <acsb:NeedRanking>?</acsb:NeedRanking>
                     <!--Optional:-->
                     <acsb:Extensions>?</acsb:Extensions>
                  </siri:UserNeed>
               </siri:AccessibilityNeedsFilter>
               <!--Optional:-->
               <siri:Language>en</siri:Language>
               <!--Optional:-->
               <siri:IncludeTranslations>?</siri:IncludeTranslations>
               <!--Optional:-->
               <siri:MaximumNumberOfFacilityConditions>?</siri:MaximumNumberOfFacilityConditions>
               <!--Optional:-->
               <siri:Extensions>
                  <!--You may enter ANY elements at this point-->
               </siri:Extensions>
            </siri:FacilityMonitoringRequest>
            <!--1 or more repetitions:-->
            <siri:SituationExchangeRequest version="2.0">
               <siri:RequestTimestamp>?</siri:RequestTimestamp>
               <!--Optional:-->
               <siri:MessageIdentifier>?</siri:MessageIdentifier>
               <!--Optional:-->
               <siri:PreviewInterval>?</siri:PreviewInterval>
               <!--Optional:-->
               <siri:StartTime>?</siri:StartTime>
               <!--Optional:-->
               <siri:VehicleMode>unknown</siri:VehicleMode>
               <!--You have a CHOICE of the next 7 items at this level-->
               <siri:AirSubmode>unknown</siri:AirSubmode>
               <siri:BusSubmode>unknown</siri:BusSubmode>
               <siri:CoachSubmode>unknown</siri:CoachSubmode>
               <siri:MetroSubmode>unknown</siri:MetroSubmode>
               <siri:RailSubmode>unknown</siri:RailSubmode>
               <siri:TramSubmode>unknown</siri:TramSubmode>
               <siri:WaterSubmode>unknown</siri:WaterSubmode>
               <!--Optional:-->
               <siri:AccessMode>?</siri:AccessMode>
               <!--Optional:-->
               <siri:Severity>?</siri:Severity>
               <!--Zero or more repetitions:-->
               <siri:Scope>?</siri:Scope>
               <!--Optional:-->
               <siri:Predictability>?</siri:Predictability>
               <!--Optional:-->
               <siri:Keywords>?</siri:Keywords>
               <!--Optional:-->
               <siri:Verification>?</siri:Verification>
               <!--Zero or more repetitions:-->
               <siri:Progress>open</siri:Progress>
               <!--Optional:-->
               <siri:Reality>?</siri:Reality>
               <!--Optional:-->
               <siri:OperatorRef>?</siri:OperatorRef>
               <!--Zero or more repetitions:-->
               <siri:OperationalUnitRef>?</siri:OperationalUnitRef>
               <!--Optional:-->
               <siri:NetworkRef>?</siri:NetworkRef>
               <!--Zero or more repetitions:-->
               <siri:LineRef>?</siri:LineRef>
               <!--Optional:-->
               <siri:StopPointRef>?</siri:StopPointRef>
               <!--Zero or more repetitions:-->
               <siri:ConnectionLinkRef>?</siri:ConnectionLinkRef>
               <!--Zero or more repetitions:-->
               <siri:FacilityRef>?</siri:FacilityRef>
               <!--Optional:-->
               <siri:StopPlaceRef>?</siri:StopPlaceRef>
               <!--You have a CHOICE of the next 2 items at this level-->
               <siri:FramedVehicleJourneyRef>
                  <siri:DataFrameRef>?</siri:DataFrameRef>
                  <siri:DatedVehicleJourneyRef>?</siri:DatedVehicleJourneyRef>
               </siri:FramedVehicleJourneyRef>
               <siri:VehicleJourneyRef>?</siri:VehicleJourneyRef>
               <!--Optional:-->
               <siri:InterchangeRef>?</siri:InterchangeRef>
               <!--Optional:-->
               <siri:VehicleRef>?</siri:VehicleRef>
               <!--Optional:-->
               <siri:CountryRef>?</siri:CountryRef>
               <!--Optional:-->
               <siri:PlaceRef>?</siri:PlaceRef>
               <!--0 to 2 repetitions:-->
               <siri:Location id="?" srsName="?">
                  <!--You have a CHOICE of the next 2 items at this level-->
                  <siri:Longitude>?</siri:Longitude>
                  <siri:Latitude>?</siri:Latitude>
                  <siri:Coordinates>?</siri:Coordinates>
                  <!--Optional:-->
                  <siri:Precision>?</siri:Precision>
               </siri:Location>
               <!--Optional:-->
               <siri:SituationRoadFilter>
                  <!--1 or more repetitions:-->
                  <siri:RoadFilter>
                     <!--Optional:-->
                     <siri:roadNumber>?</siri:roadNumber>
                     <!--Optional:-->
                     <siri:directionBound>?</siri:directionBound>
                     <!--Optional:-->
                     <siri:referencePointIdentifier>?</siri:referencePointIdentifier>
                  </siri:RoadFilter>
               </siri:SituationRoadFilter>
               <!--Zero or more repetitions:-->
               <siri:AccessibilityNeedFilter>
                  <!--Zero or more repetitions:-->
                  <acsb:UserNeed>
                     <!--You have a CHOICE of the next 4 items at this level-->
                     <acsb:MobilityNeed>?</acsb:MobilityNeed>
                     <acsb:PsychosensoryNeed>?</acsb:PsychosensoryNeed>
                     <acsb:MedicalNeed>?</acsb:MedicalNeed>
                     <acsb:EncumbranceNeed>?</acsb:EncumbranceNeed>
                     <!--Optional:-->
                     <acsb:Excluded>?</acsb:Excluded>
                     <!--Optional:-->
                     <acsb:NeedRanking>?</acsb:NeedRanking>
                     <!--Optional:-->
                     <acsb:Extensions>?</acsb:Extensions>
                  </acsb:UserNeed>
                  <!--Optional:-->
                  <acsb:AccompaniedByCarer>?</acsb:AccompaniedByCarer>
               </siri:AccessibilityNeedFilter>
               <!--Optional:-->
               <siri:Language>en</siri:Language>
               <!--Optional:-->
               <siri:IncludeTranslations>?</siri:IncludeTranslations>
               <!--Optional:-->
               <siri:MaximumNumberOfSituationElements>?</siri:MaximumNumberOfSituationElements>
               <!--Optional:-->
               <siri:Extensions>
                  <!--You may enter ANY elements at this point-->
               </siri:Extensions>
            </siri:SituationExchangeRequest>
         </Request>
      </wsdl:GetSiriService>
   </soapenv:Body>
</soapenv:Envelope>]]></con:request><con:wsaConfig mustUnderstand="NONE" version="200508" action="GetSiriService"/></con:call><con:call name="Request 2"><con:settings/><con:encoding>UTF-8</con:encoding><con:endpoint>http://localhost:8282/requete/GeneralMessageSOAPPort</con:endpoint><con:request><![CDATA[<soapenv:Envelope xmlns:soapenv="http://schemas.xmlsoap.org/soap/envelope/" xmlns:wsdl="http://wsdl.siri.org.uk" xmlns:siri="http://www.siri.org.uk/siri" xmlns:acsb="http://www.ifopt.org.uk/acsb">
   <soapenv:Header/>
   <soapenv:Body>
      <wsdl:GetSiriService>
         <Request>
            <!--Optional:-->
            <siri:ServiceRequestContext>
               <!--Optional:-->
               <siri:CheckStatusAddress>?</siri:CheckStatusAddress>
               <!--Optional:-->
               <siri:SubscribeAddress>?</siri:SubscribeAddress>
               <!--Optional:-->
               <siri:ManageSubscriptionAddress>?</siri:ManageSubscriptionAddress>
               <!--Optional:-->
               <siri:GetDataAddress>?</siri:GetDataAddress>
               <!--Optional:-->
               <siri:StatusResponseAddress>?</siri:StatusResponseAddress>
               <!--Optional:-->
               <siri:SubscriberAddress>?</siri:SubscriberAddress>
               <!--Optional:-->
               <siri:NotifyAddress>?</siri:NotifyAddress>
               <!--Optional:-->
               <siri:ConsumerAddress>?</siri:ConsumerAddress>
               <!--Optional:-->
               <siri:DataNameSpaces>
                  <!--Optional:-->
                  <siri:StopPointNameSpace>?</siri:StopPointNameSpace>
                  <!--Optional:-->
                  <siri:LineNameSpace>?</siri:LineNameSpace>
                  <!--Optional:-->
                  <siri:ProductCategoryNameSpace>?</siri:ProductCategoryNameSpace>
                  <!--Optional:-->
                  <siri:ServiceFeatureNameSpace>?</siri:ServiceFeatureNameSpace>
                  <!--Optional:-->
                  <siri:VehicleFeatureNameSpace>?</siri:VehicleFeatureNameSpace>
               </siri:DataNameSpaces>
               <!--Optional:-->
               <siri:Language>en</siri:Language>
               <!--You have a CHOICE of the next 2 items at this level-->
               <siri:WgsDecimalDegrees>?</siri:WgsDecimalDegrees>
               <siri:GmlCoordinateFormat>?</siri:GmlCoordinateFormat>
               <!--Optional:-->
               <siri:DistanceUnits>?</siri:DistanceUnits>
               <!--Optional:-->
               <siri:VelocityUnits>?</siri:VelocityUnits>
               <!--Optional:-->
               <siri:DataHorizon>?</siri:DataHorizon>
               <!--Optional:-->
               <siri:RequestTimeout>?</siri:RequestTimeout>
               <!--Optional:-->
               <siri:DeliveryMethod>direct</siri:DeliveryMethod>
               <!--Optional:-->
               <siri:MultipartDespatch>?</siri:MultipartDespatch>
               <!--Optional:-->
               <siri:ConfirmDelivery>false</siri:ConfirmDelivery>
               <!--Optional:-->
               <siri:MaximimumNumberOfSubscriptions>?</siri:MaximimumNumberOfSubscriptions>
               <!--Optional:-->
               <siri:AllowedPredictors>anyone</siri:AllowedPredictors>
               <!--Optional:-->
               <siri:PredictionFunction>?</siri:PredictionFunction>
            </siri:ServiceRequestContext>
            <siri:RequestTimestamp>?</siri:RequestTimestamp>
            <!--Optional:-->
            <siri:AccountId>?</siri:AccountId>
            <!--Optional:-->
            <siri:AccountKey>?</siri:AccountKey>
            <!--Optional:-->
            <siri:Address>?</siri:Address>
            <siri:RequestorRef>?</siri:RequestorRef>
            <!--Optional:-->
            <siri:MessageIdentifier>?</siri:MessageIdentifier>
            <!--Optional:-->
            <siri:DelegatorAddress>?</siri:DelegatorAddress>
            <!--Optional:-->
            <siri:DelegatorRef>?</siri:DelegatorRef>
            <!--You have a CHOICE of the next 11 items at this level-->
            <!--1 or more repetitions:-->
            <siri:ProductionTimetableRequest version="2.0">
               <siri:RequestTimestamp>?</siri:RequestTimestamp>
               <!--Optional:-->
               <siri:MessageIdentifier>?</siri:MessageIdentifier>
               <!--Optional:-->
               <siri:ValidityPeriod>
                  <siri:StartTime>?</siri:StartTime>
                  <siri:EndTime>?</siri:EndTime>
               </siri:ValidityPeriod>
               <!--Optional:-->
               <siri:TimetableVersionRef>?</siri:TimetableVersionRef>
               <!--Zero or more repetitions:-->
               <siri:OperatorRef>?</siri:OperatorRef>
               <!--Optional:-->
               <siri:Lines>
                  <!--1 or more repetitions:-->
                  <siri:LineDirection>
                     <siri:LineRef>?</siri:LineRef>
                     <!--Optional:-->
                     <siri:DirectionRef>?</siri:DirectionRef>
                  </siri:LineDirection>
               </siri:Lines>
               <!--Optional:-->
               <siri:Language>en</siri:Language>
               <!--Optional:-->
               <siri:IncludeTranslations>?</siri:IncludeTranslations>
               <!--Optional:-->
               <siri:IncrementalUpdates>false</siri:IncrementalUpdates>
               <!--Optional:-->
               <siri:Extensions>
                  <!--You may enter ANY elements at this point-->
               </siri:Extensions>
            </siri:ProductionTimetableRequest>
            <!--1 or more repetitions:-->
            <siri:EstimatedTimetableRequest version="2.0">
               <siri:RequestTimestamp>?</siri:RequestTimestamp>
               <!--Optional:-->
               <siri:MessageIdentifier>?</siri:MessageIdentifier>
               <!--Optional:-->
               <siri:PreviewInterval>?</siri:PreviewInterval>
               <!--Optional:-->
               <siri:TimetableVersionRef>?</siri:TimetableVersionRef>
               <!--Zero or more repetitions:-->
               <siri:OperatorRef>?</siri:OperatorRef>
               <!--Optional:-->
               <siri:Lines>
                  <!--1 or more repetitions:-->
                  <siri:LineDirection>
                     <siri:LineRef>?</siri:LineRef>
                     <!--Optional:-->
                     <siri:DirectionRef>?</siri:DirectionRef>
                  </siri:LineDirection>
               </siri:Lines>
               <!--Optional:-->
               <siri:Language>en</siri:Language>
               <!--Optional:-->
               <siri:IncludeTranslations>?</siri:IncludeTranslations>
               <!--Optional:-->
               <siri:EstimatedTimetableDetailLevel>?</siri:EstimatedTimetableDetailLevel>
               <!--Optional:-->
               <siri:Extensions>
                  <!--You may enter ANY elements at this point-->
               </siri:Extensions>
            </siri:EstimatedTimetableRequest>
            <!--1 or more repetitions:-->
            <siri:StopTimetableRequest version="2.0">
               <siri:RequestTimestamp>?</siri:RequestTimestamp>
               <!--Optional:-->
               <siri:MessageIdentifier>?</siri:MessageIdentifier>
               <!--Optional:-->
               <siri:DepartureWindow>
                  <siri:StartTime>?</siri:StartTime>
                  <siri:EndTime>?</siri:EndTime>
               </siri:DepartureWindow>
               <siri:MonitoringRef>?</siri:MonitoringRef>
               <!--Optional:-->
               <siri:LineRef>?</siri:LineRef>
               <!--Optional:-->
               <siri:DirectionRef>?</siri:DirectionRef>
               <!--Optional:-->
               <siri:Language>en</siri:Language>
               <!--Optional:-->
               <siri:IncludeTranslations>?</siri:IncludeTranslations>
               <!--Optional:-->
               <siri:Extensions>
                  <!--You may enter ANY elements at this point-->
               </siri:Extensions>
            </siri:StopTimetableRequest>
            <!--1 or more repetitions:-->
            <siri:StopMonitoringMultipleRequest version="2.0">
               <siri:RequestTimestamp>?</siri:RequestTimestamp>
               <!--Optional:-->
               <siri:MessageIdentifier>?</siri:MessageIdentifier>
               <!--1 or more repetitions:-->
               <siri:StopMonitoringFIlter>
                  <!--Optional:-->
                  <siri:PreviewInterval>?</siri:PreviewInterval>
                  <!--Optional:-->
                  <siri:StartTime>?</siri:StartTime>
                  <siri:MonitoringRef>?</siri:MonitoringRef>
                  <!--Optional:-->
                  <siri:OperatorRef>?</siri:OperatorRef>
                  <!--Optional:-->
                  <siri:LineRef>?</siri:LineRef>
                  <!--Optional:-->
                  <siri:DirectionRef>?</siri:DirectionRef>
                  <!--Optional:-->
                  <siri:DestinationRef>?</siri:DestinationRef>
                  <!--Optional:-->
                  <siri:StopVisitTypes>all</siri:StopVisitTypes>
                  <!--Optional:-->
                  <siri:Language>false</siri:Language>
                  <!--Optional:-->
                  <siri:IncludeTranslations>?</siri:IncludeTranslations>
                  <!--Optional:-->
                  <siri:MaximumStopVisits>?</siri:MaximumStopVisits>
                  <!--You have a CHOICE of the next 2 items at this level-->
                  <!--Optional:-->
                  <siri:MinimumStopVisitsPerLine>?</siri:MinimumStopVisitsPerLine>
                  <!--Optional:-->
                  <siri:MinimumStopVisitsPerLineVia>?</siri:MinimumStopVisitsPerLineVia>
                  <!--Optional:-->
                  <siri:MaximumTextLength>30</siri:MaximumTextLength>
                  <!--Optional:-->
                  <siri:StopMonitoringDetailLevel>normal</siri:StopMonitoringDetailLevel>
                  <!--Optional:-->
                  <siri:IncludeSituations>?</siri:IncludeSituations>
                  <!--Optional:-->
                  <siri:MaximumNumberOfCalls>
                     <!--Optional:-->
                     <siri:Previous>?</siri:Previous>
                     <!--Optional:-->
                     <siri:Onwards>?</siri:Onwards>
                  </siri:MaximumNumberOfCalls>
                  <!--Optional:-->
                  <siri:Extensions>
                     <!--You may enter ANY elements at this point-->
                  </siri:Extensions>
               </siri:StopMonitoringFIlter>
            </siri:StopMonitoringMultipleRequest>
            <!--1 or more repetitions:-->
            <siri:StopMonitoringRequest version="2.0">
               <siri:RequestTimestamp>?</siri:RequestTimestamp>
               <!--Optional:-->
               <siri:MessageIdentifier>?</siri:MessageIdentifier>
               <!--Optional:-->
               <siri:PreviewInterval>?</siri:PreviewInterval>
               <!--Optional:-->
               <siri:StartTime>?</siri:StartTime>
               <siri:MonitoringRef>?</siri:MonitoringRef>
               <!--Optional:-->
               <siri:OperatorRef>?</siri:OperatorRef>
               <!--Optional:-->
               <siri:LineRef>?</siri:LineRef>
               <!--Optional:-->
               <siri:DirectionRef>?</siri:DirectionRef>
               <!--Optional:-->
               <siri:DestinationRef>?</siri:DestinationRef>
               <!--Optional:-->
               <siri:StopVisitTypes>all</siri:StopVisitTypes>
               <!--Optional:-->
               <siri:Language>false</siri:Language>
               <!--Optional:-->
               <siri:IncludeTranslations>?</siri:IncludeTranslations>
               <!--Optional:-->
               <siri:MaximumStopVisits>?</siri:MaximumStopVisits>
               <!--You have a CHOICE of the next 2 items at this level-->
               <!--Optional:-->
               <siri:MinimumStopVisitsPerLine>?</siri:MinimumStopVisitsPerLine>
               <!--Optional:-->
               <siri:MinimumStopVisitsPerLineVia>?</siri:MinimumStopVisitsPerLineVia>
               <!--Optional:-->
               <siri:MaximumTextLength>30</siri:MaximumTextLength>
               <!--Optional:-->
               <siri:StopMonitoringDetailLevel>normal</siri:StopMonitoringDetailLevel>
               <!--Optional:-->
               <siri:IncludeSituations>?</siri:IncludeSituations>
               <!--Optional:-->
               <siri:MaximumNumberOfCalls>
                  <!--Optional:-->
                  <siri:Previous>?</siri:Previous>
                  <!--Optional:-->
                  <siri:Onwards>?</siri:Onwards>
               </siri:MaximumNumberOfCalls>
               <!--Optional:-->
               <siri:Extensions>
                  <!--You may enter ANY elements at this point-->
               </siri:Extensions>
            </siri:StopMonitoringRequest>
            <!--1 or more repetitions:-->
            <siri:VehicleMonitoringRequest version="2.0">
               <siri:RequestTimestamp>?</siri:RequestTimestamp>
               <!--Optional:-->
               <siri:MessageIdentifier>?</siri:MessageIdentifier>
               <!--Optional:-->
               <siri:VehicleMonitoringRef>?</siri:VehicleMonitoringRef>
               <!--You have a CHOICE of the next 2 items at this level-->
               <siri:VehicleRef>?</siri:VehicleRef>
               <siri:LineRef>?</siri:LineRef>
               <!--Optional:-->
               <siri:DirectionRef>?</siri:DirectionRef>
               <!--Optional:-->
               <siri:Language>en</siri:Language>
               <!--Optional:-->
               <siri:IncludeTranslations>?</siri:IncludeTranslations>
               <!--Optional:-->
               <siri:MaximumVehicles>?</siri:MaximumVehicles>
               <!--Optional:-->
               <siri:VehicleMonitoringDetailLevel>?</siri:VehicleMonitoringDetailLevel>
               <!--Optional:-->
               <siri:MaximumNumberOfCalls>
                  <!--Optional:-->
                  <siri:Previous>?</siri:Previous>
                  <!--Optional:-->
                  <siri:Onwards>?</siri:Onwards>
               </siri:MaximumNumberOfCalls>
               <!--Optional:-->
               <siri:IncludeSituations>?</siri:IncludeSituations>
               <!--Optional:-->
               <siri:Extensions>
                  <!--You may enter ANY elements at this point-->
               </siri:Extensions>
            </siri:VehicleMonitoringRequest>
            <!--1 or more repetitions:-->
            <siri:ConnectionTimetableRequest version="2.0">
               <siri:RequestTimestamp>?</siri:RequestTimestamp>
               <!--Optional:-->
               <siri:MessageIdentifier>?</siri:MessageIdentifier>
               <!--Optional:-->
               <siri:ArrivalWindow>
                  <siri:StartTime>?</siri:StartTime>
                  <siri:EndTime>?</siri:EndTime>
               </siri:ArrivalWindow>
               <siri:ConnectionLinkRef>?</siri:ConnectionLinkRef>
               <!--Optional:-->
               <siri:LineRef>?</siri:LineRef>
               <!--Optional:-->
               <siri:DirectionRef>?</siri:DirectionRef>
               <!--Optional:-->
               <siri:Language>en</siri:Language>
               <!--Optional:-->
               <siri:IncludeTranslations>?</siri:IncludeTranslations>
               <!--Optional:-->
               <siri:Extensions>
                  <!--You may enter ANY elements at this point-->
               </siri:Extensions>
            </siri:ConnectionTimetableRequest>
            <!--1 or more repetitions:-->
            <siri:ConnectionMonitoringRequest version="2.0">
               <siri:RequestTimestamp>?</siri:RequestTimestamp>
               <!--Optional:-->
               <siri:MessageIdentifier>?</siri:MessageIdentifier>
               <!--Optional:-->
               <siri:PreviewInterval>?</siri:PreviewInterval>
               <siri:ConnectionLinkRef>?</siri:ConnectionLinkRef>
               <!--You have a CHOICE of the next 2 items at this level-->
               <siri:ConnectingTimeFilter>
                  <siri:LineRef>?</siri:LineRef>
                  <siri:DirectionRef>?</siri:DirectionRef>
                  <!--Optional:-->
                  <siri:EarliestArrivalTime>?</siri:EarliestArrivalTime>
                  <!--Optional:-->
                  <siri:LatestArrivalTime>?</siri:LatestArrivalTime>
               </siri:ConnectingTimeFilter>
               <!--1 or more repetitions:-->
               <siri:ConnectingJourneyFilter>
                  <siri:DatedVehicleJourneyRef>?</siri:DatedVehicleJourneyRef>
                  <!--Optional:-->
                  <siri:VisitNumber>?</siri:VisitNumber>
                  <siri:TimetabledArrivalTime>?</siri:TimetabledArrivalTime>
               </siri:ConnectingJourneyFilter>
               <!--Optional:-->
               <siri:Language>en</siri:Language>
               <!--Optional:-->
               <siri:IncludeTranslations>?</siri:IncludeTranslations>
               <!--Optional:-->
               <siri:ConnectionMonitoringDetailLevel>?</siri:ConnectionMonitoringDetailLevel>
               <!--Optional:-->
               <siri:Extensions>
                  <!--You may enter ANY elements at this point-->
               </siri:Extensions>
            </siri:ConnectionMonitoringRequest>
            <!--1 or more repetitions:-->
            <siri:GeneralMessageRequest version="2.0">
               <siri:RequestTimestamp>?</siri:RequestTimestamp>
               <!--Optional:-->
               <siri:MessageIdentifier>?</siri:MessageIdentifier>
               <!--Zero or more repetitions:-->
               <siri:InfoChannelRef>?</siri:InfoChannelRef>
               <!--Optional:-->
               <siri:Language>en</siri:Language>
               <!--Optional:-->
               <siri:Extensions>
                  <!--You may enter ANY elements at this point-->
               </siri:Extensions>
            </siri:GeneralMessageRequest>
            <!--1 or more repetitions:-->
            <siri:FacilityMonitoringRequest version="2.0">
               <siri:RequestTimestamp>?</siri:RequestTimestamp>
               <!--Optional:-->
               <siri:MessageIdentifier>?</siri:MessageIdentifier>
               <!--Optional:-->
               <siri:PreviewInterval>?</siri:PreviewInterval>
               <!--Optional:-->
               <siri:StartTime>?</siri:StartTime>
               <!--Zero or more repetitions:-->
               <siri:FacilityRef>?</siri:FacilityRef>
               <!--Optional:-->
               <siri:FeatureRef>?</siri:FeatureRef>
               <!--Optional:-->
               <siri:LineRef>?</siri:LineRef>
               <!--Optional:-->
               <siri:StopPointRef>?</siri:StopPointRef>
               <!--Optional:-->
               <siri:ConnectionLinkRef>?</siri:ConnectionLinkRef>
               <!--You have a CHOICE of the next 2 items at this level-->
               <siri:FramedVehicleJourneyRef>
                  <siri:DataFrameRef>?</siri:DataFrameRef>
                  <siri:DatedVehicleJourneyRef>?</siri:DatedVehicleJourneyRef>
               </siri:FramedVehicleJourneyRef>
               <siri:VehicleJourneyRef>?</siri:VehicleJourneyRef>
               <!--Optional:-->
               <siri:InterchangeRef>?</siri:InterchangeRef>
               <!--Optional:-->
               <siri:VehicleRef>?</siri:VehicleRef>
               <!--Optional:-->
               <siri:StopPlaceRef>?</siri:StopPlaceRef>
               <!--Optional:-->
               <siri:StopPlaceComponentRef>?</siri:StopPlaceComponentRef>
               <!--Zero or more repetitions:-->
               <siri:AccessibilityNeedsFilter>
                  <!--1 or more repetitions:-->
                  <siri:UserNeed>
                     <!--You have a CHOICE of the next 4 items at this level-->
                     <acsb:MobilityNeed>?</acsb:MobilityNeed>
                     <acsb:PsychosensoryNeed>?</acsb:PsychosensoryNeed>
                     <acsb:MedicalNeed>?</acsb:MedicalNeed>
                     <acsb:EncumbranceNeed>?</acsb:EncumbranceNeed>
                     <!--Optional:-->
                     <acsb:Excluded>?</acsb:Excluded>
                     <!--Optional:-->
                     <acsb:NeedRanking>?</acsb:NeedRanking>
                     <!--Optional:-->
                     <acsb:Extensions>?</acsb:Extensions>
                  </siri:UserNeed>
               </siri:AccessibilityNeedsFilter>
               <!--Optional:-->
               <siri:Language>en</siri:Language>
               <!--Optional:-->
               <siri:IncludeTranslations>?</siri:IncludeTranslations>
               <!--Optional:-->
               <siri:MaximumNumberOfFacilityConditions>?</siri:MaximumNumberOfFacilityConditions>
               <!--Optional:-->
               <siri:Extensions>
                  <!--You may enter ANY elements at this point-->
               </siri:Extensions>
            </siri:FacilityMonitoringRequest>
            <!--1 or more repetitions:-->
            <siri:SituationExchangeRequest version="2.0">
               <siri:RequestTimestamp>?</siri:RequestTimestamp>
               <!--Optional:-->
               <siri:MessageIdentifier>?</siri:MessageIdentifier>
               <!--Optional:-->
               <siri:PreviewInterval>?</siri:PreviewInterval>
               <!--Optional:-->
               <siri:StartTime>?</siri:StartTime>
               <!--Optional:-->
               <siri:VehicleMode>unknown</siri:VehicleMode>
               <!--You have a CHOICE of the next 7 items at this level-->
               <siri:AirSubmode>unknown</siri:AirSubmode>
               <siri:BusSubmode>unknown</siri:BusSubmode>
               <siri:CoachSubmode>unknown</siri:CoachSubmode>
               <siri:MetroSubmode>unknown</siri:MetroSubmode>
               <siri:RailSubmode>unknown</siri:RailSubmode>
               <siri:TramSubmode>unknown</siri:TramSubmode>
               <siri:WaterSubmode>unknown</siri:WaterSubmode>
               <!--Optional:-->
               <siri:AccessMode>?</siri:AccessMode>
               <!--Optional:-->
               <siri:Severity>?</siri:Severity>
               <!--Zero or more repetitions:-->
               <siri:Scope>?</siri:Scope>
               <!--Optional:-->
               <siri:Predictability>?</siri:Predictability>
               <!--Optional:-->
               <siri:Keywords>?</siri:Keywords>
               <!--Optional:-->
               <siri:Verification>?</siri:Verification>
               <!--Zero or more repetitions:-->
               <siri:Progress>open</siri:Progress>
               <!--Optional:-->
               <siri:Reality>?</siri:Reality>
               <!--Optional:-->
               <siri:OperatorRef>?</siri:OperatorRef>
               <!--Zero or more repetitions:-->
               <siri:OperationalUnitRef>?</siri:OperationalUnitRef>
               <!--Optional:-->
               <siri:NetworkRef>?</siri:NetworkRef>
               <!--Zero or more repetitions:-->
               <siri:LineRef>?</siri:LineRef>
               <!--Optional:-->
               <siri:StopPointRef>?</siri:StopPointRef>
               <!--Zero or more repetitions:-->
               <siri:ConnectionLinkRef>?</siri:ConnectionLinkRef>
               <!--Zero or more repetitions:-->
               <siri:FacilityRef>?</siri:FacilityRef>
               <!--Optional:-->
               <siri:StopPlaceRef>?</siri:StopPlaceRef>
               <!--You have a CHOICE of the next 2 items at this level-->
               <siri:FramedVehicleJourneyRef>
                  <siri:DataFrameRef>?</siri:DataFrameRef>
                  <siri:DatedVehicleJourneyRef>?</siri:DatedVehicleJourneyRef>
               </siri:FramedVehicleJourneyRef>
               <siri:VehicleJourneyRef>?</siri:VehicleJourneyRef>
               <!--Optional:-->
               <siri:InterchangeRef>?</siri:InterchangeRef>
               <!--Optional:-->
               <siri:VehicleRef>?</siri:VehicleRef>
               <!--Optional:-->
               <siri:CountryRef>?</siri:CountryRef>
               <!--Optional:-->
               <siri:PlaceRef>?</siri:PlaceRef>
               <!--0 to 2 repetitions:-->
               <siri:Location id="?" srsName="?">
                  <!--You have a CHOICE of the next 2 items at this level-->
                  <siri:Longitude>?</siri:Longitude>
                  <siri:Latitude>?</siri:Latitude>
                  <siri:Coordinates>?</siri:Coordinates>
                  <!--Optional:-->
                  <siri:Precision>?</siri:Precision>
               </siri:Location>
               <!--Optional:-->
               <siri:SituationRoadFilter>
                  <!--1 or more repetitions:-->
                  <siri:RoadFilter>
                     <!--Optional:-->
                     <siri:roadNumber>?</siri:roadNumber>
                     <!--Optional:-->
                     <siri:directionBound>?</siri:directionBound>
                     <!--Optional:-->
                     <siri:referencePointIdentifier>?</siri:referencePointIdentifier>
                  </siri:RoadFilter>
               </siri:SituationRoadFilter>
               <!--Zero or more repetitions:-->
               <siri:AccessibilityNeedFilter>
                  <!--Zero or more repetitions:-->
                  <acsb:UserNeed>
                     <!--You have a CHOICE of the next 4 items at this level-->
                     <acsb:MobilityNeed>?</acsb:MobilityNeed>
                     <acsb:PsychosensoryNeed>?</acsb:PsychosensoryNeed>
                     <acsb:MedicalNeed>?</acsb:MedicalNeed>
                     <acsb:EncumbranceNeed>?</acsb:EncumbranceNeed>
                     <!--Optional:-->
                     <acsb:Excluded>?</acsb:Excluded>
                     <!--Optional:-->
                     <acsb:NeedRanking>?</acsb:NeedRanking>
                     <!--Optional:-->
                     <acsb:Extensions>?</acsb:Extensions>
                  </acsb:UserNeed>
                  <!--Optional:-->
                  <acsb:AccompaniedByCarer>?</acsb:AccompaniedByCarer>
               </siri:AccessibilityNeedFilter>
               <!--Optional:-->
               <siri:Language>en</siri:Language>
               <!--Optional:-->
               <siri:IncludeTranslations>?</siri:IncludeTranslations>
               <!--Optional:-->
               <siri:MaximumNumberOfSituationElements>?</siri:MaximumNumberOfSituationElements>
               <!--Optional:-->
               <siri:Extensions>
                  <!--You may enter ANY elements at this point-->
               </siri:Extensions>
            </siri:SituationExchangeRequest>
         </Request>
      </wsdl:GetSiriService>
   </soapenv:Body>
</soapenv:Envelope>]]></con:request><con:credentials><con:authType>Global HTTP Settings</con:authType></con:credentials><con:jmsConfig JMSDeliveryMode="PERSISTENT"/><con:jmsPropertyConfig/><con:wsaConfig mustUnderstand="NONE" version="200508" action="GetSiriService"/><con:wsrmConfig version="1.2"/></con:call></con:operation><con:operation isOneWay="false" action="GetSituationExchange" name="GetSituationExchange" bindingOperationName="GetSituationExchange" type="Request-Response" inputName="" receivesAttachments="false" sendsAttachments="false" anonymous="optional"><con:settings/><con:call name="Request 1"><con:settings/><con:encoding>UTF-8</con:encoding><con:endpoint>http://localhost:8282/requete/GeneralMessageSOAPPort</con:endpoint><con:request><![CDATA[<soapenv:Envelope xmlns:soapenv="http://schemas.xmlsoap.org/soap/envelope/" xmlns:wsdl="http://wsdl.siri.org.uk" xmlns:siri="http://www.siri.org.uk/siri" xmlns:acsb="http://www.ifopt.org.uk/acsb">
   <soapenv:Header/>
   <soapenv:Body>
      <wsdl:GetSituationExchange>
         <ServiceRequestInfo>
            <!--Optional:-->
            <siri:ServiceRequestContext>
               <!--Optional:-->
               <siri:CheckStatusAddress>?</siri:CheckStatusAddress>
               <!--Optional:-->
               <siri:SubscribeAddress>?</siri:SubscribeAddress>
               <!--Optional:-->
               <siri:ManageSubscriptionAddress>?</siri:ManageSubscriptionAddress>
               <!--Optional:-->
               <siri:GetDataAddress>?</siri:GetDataAddress>
               <!--Optional:-->
               <siri:StatusResponseAddress>?</siri:StatusResponseAddress>
               <!--Optional:-->
               <siri:SubscriberAddress>?</siri:SubscriberAddress>
               <!--Optional:-->
               <siri:NotifyAddress>?</siri:NotifyAddress>
               <!--Optional:-->
               <siri:ConsumerAddress>?</siri:ConsumerAddress>
               <!--Optional:-->
               <siri:DataNameSpaces>
                  <!--Optional:-->
                  <siri:StopPointNameSpace>?</siri:StopPointNameSpace>
                  <!--Optional:-->
                  <siri:LineNameSpace>?</siri:LineNameSpace>
                  <!--Optional:-->
                  <siri:ProductCategoryNameSpace>?</siri:ProductCategoryNameSpace>
                  <!--Optional:-->
                  <siri:ServiceFeatureNameSpace>?</siri:ServiceFeatureNameSpace>
                  <!--Optional:-->
                  <siri:VehicleFeatureNameSpace>?</siri:VehicleFeatureNameSpace>
               </siri:DataNameSpaces>
               <!--Optional:-->
               <siri:Language>en</siri:Language>
               <!--You have a CHOICE of the next 2 items at this level-->
               <siri:WgsDecimalDegrees>?</siri:WgsDecimalDegrees>
               <siri:GmlCoordinateFormat>?</siri:GmlCoordinateFormat>
               <!--Optional:-->
               <siri:DistanceUnits>?</siri:DistanceUnits>
               <!--Optional:-->
               <siri:VelocityUnits>?</siri:VelocityUnits>
               <!--Optional:-->
               <siri:DataHorizon>?</siri:DataHorizon>
               <!--Optional:-->
               <siri:RequestTimeout>?</siri:RequestTimeout>
               <!--Optional:-->
               <siri:DeliveryMethod>direct</siri:DeliveryMethod>
               <!--Optional:-->
               <siri:MultipartDespatch>?</siri:MultipartDespatch>
               <!--Optional:-->
               <siri:ConfirmDelivery>false</siri:ConfirmDelivery>
               <!--Optional:-->
               <siri:MaximimumNumberOfSubscriptions>?</siri:MaximimumNumberOfSubscriptions>
               <!--Optional:-->
               <siri:AllowedPredictors>anyone</siri:AllowedPredictors>
               <!--Optional:-->
               <siri:PredictionFunction>?</siri:PredictionFunction>
            </siri:ServiceRequestContext>
            <siri:RequestTimestamp>?</siri:RequestTimestamp>
            <!--Optional:-->
            <siri:AccountId>?</siri:AccountId>
            <!--Optional:-->
            <siri:AccountKey>?</siri:AccountKey>
            <!--Optional:-->
            <siri:Address>?</siri:Address>
            <siri:RequestorRef>?</siri:RequestorRef>
            <!--Optional:-->
            <siri:MessageIdentifier>?</siri:MessageIdentifier>
            <!--Optional:-->
            <siri:DelegatorAddress>?</siri:DelegatorAddress>
            <!--Optional:-->
            <siri:DelegatorRef>?</siri:DelegatorRef>
         </ServiceRequestInfo>
         <Request version="2.0">
            <siri:RequestTimestamp>?</siri:RequestTimestamp>
            <!--Optional:-->
            <siri:MessageIdentifier>?</siri:MessageIdentifier>
            <!--Optional:-->
            <siri:PreviewInterval>?</siri:PreviewInterval>
            <!--Optional:-->
            <siri:StartTime>?</siri:StartTime>
            <!--Optional:-->
            <siri:VehicleMode>unknown</siri:VehicleMode>
            <!--You have a CHOICE of the next 7 items at this level-->
            <siri:AirSubmode>unknown</siri:AirSubmode>
            <siri:BusSubmode>unknown</siri:BusSubmode>
            <siri:CoachSubmode>unknown</siri:CoachSubmode>
            <siri:MetroSubmode>unknown</siri:MetroSubmode>
            <siri:RailSubmode>unknown</siri:RailSubmode>
            <siri:TramSubmode>unknown</siri:TramSubmode>
            <siri:WaterSubmode>unknown</siri:WaterSubmode>
            <!--Optional:-->
            <siri:AccessMode>?</siri:AccessMode>
            <!--Optional:-->
            <siri:Severity>?</siri:Severity>
            <!--Zero or more repetitions:-->
            <siri:Scope>?</siri:Scope>
            <!--Optional:-->
            <siri:Predictability>?</siri:Predictability>
            <!--Optional:-->
            <siri:Keywords>?</siri:Keywords>
            <!--Optional:-->
            <siri:Verification>?</siri:Verification>
            <!--Zero or more repetitions:-->
            <siri:Progress>open</siri:Progress>
            <!--Optional:-->
            <siri:Reality>?</siri:Reality>
            <!--Optional:-->
            <siri:OperatorRef>?</siri:OperatorRef>
            <!--Zero or more repetitions:-->
            <siri:OperationalUnitRef>?</siri:OperationalUnitRef>
            <!--Optional:-->
            <siri:NetworkRef>?</siri:NetworkRef>
            <!--Zero or more repetitions:-->
            <siri:LineRef>?</siri:LineRef>
            <!--Optional:-->
            <siri:StopPointRef>?</siri:StopPointRef>
            <!--Zero or more repetitions:-->
            <siri:ConnectionLinkRef>?</siri:ConnectionLinkRef>
            <!--Zero or more repetitions:-->
            <siri:FacilityRef>?</siri:FacilityRef>
            <!--Optional:-->
            <siri:StopPlaceRef>?</siri:StopPlaceRef>
            <!--You have a CHOICE of the next 2 items at this level-->
            <siri:FramedVehicleJourneyRef>
               <siri:DataFrameRef>?</siri:DataFrameRef>
               <siri:DatedVehicleJourneyRef>?</siri:DatedVehicleJourneyRef>
            </siri:FramedVehicleJourneyRef>
            <siri:VehicleJourneyRef>?</siri:VehicleJourneyRef>
            <!--Optional:-->
            <siri:InterchangeRef>?</siri:InterchangeRef>
            <!--Optional:-->
            <siri:VehicleRef>?</siri:VehicleRef>
            <!--Optional:-->
            <siri:CountryRef>?</siri:CountryRef>
            <!--Optional:-->
            <siri:PlaceRef>?</siri:PlaceRef>
            <!--0 to 2 repetitions:-->
            <siri:Location id="?" srsName="?">
               <!--You have a CHOICE of the next 2 items at this level-->
               <siri:Longitude>?</siri:Longitude>
               <siri:Latitude>?</siri:Latitude>
               <siri:Coordinates>?</siri:Coordinates>
               <!--Optional:-->
               <siri:Precision>?</siri:Precision>
            </siri:Location>
            <!--Optional:-->
            <siri:SituationRoadFilter>
               <!--1 or more repetitions:-->
               <siri:RoadFilter>
                  <!--Optional:-->
                  <siri:roadNumber>?</siri:roadNumber>
                  <!--Optional:-->
                  <siri:directionBound>?</siri:directionBound>
                  <!--Optional:-->
                  <siri:referencePointIdentifier>?</siri:referencePointIdentifier>
               </siri:RoadFilter>
            </siri:SituationRoadFilter>
            <!--Zero or more repetitions:-->
            <siri:AccessibilityNeedFilter>
               <!--Zero or more repetitions:-->
               <acsb:UserNeed>
                  <!--You have a CHOICE of the next 4 items at this level-->
                  <acsb:MobilityNeed>?</acsb:MobilityNeed>
                  <acsb:PsychosensoryNeed>?</acsb:PsychosensoryNeed>
                  <acsb:MedicalNeed>?</acsb:MedicalNeed>
                  <acsb:EncumbranceNeed>?</acsb:EncumbranceNeed>
                  <!--Optional:-->
                  <acsb:Excluded>?</acsb:Excluded>
                  <!--Optional:-->
                  <acsb:NeedRanking>?</acsb:NeedRanking>
                  <!--Optional:-->
                  <acsb:Extensions>?</acsb:Extensions>
               </acsb:UserNeed>
               <!--Optional:-->
               <acsb:AccompaniedByCarer>?</acsb:AccompaniedByCarer>
            </siri:AccessibilityNeedFilter>
            <!--Optional:-->
            <siri:Language>en</siri:Language>
            <!--Optional:-->
            <siri:IncludeTranslations>?</siri:IncludeTranslations>
            <!--Optional:-->
            <siri:MaximumNumberOfSituationElements>?</siri:MaximumNumberOfSituationElements>
            <!--Optional:-->
            <siri:Extensions>
               <!--You may enter ANY elements at this point-->
            </siri:Extensions>
         </Request>
         <RequestExtension>
            <!--You may enter ANY elements at this point-->
         </RequestExtension>
      </wsdl:GetSituationExchange>
   </soapenv:Body>
</soapenv:Envelope>]]></con:request><con:wsaConfig mustUnderstand="NONE" version="200508" action="GetSituationExchange"/></con:call></con:operation><con:operation isOneWay="false" action="GetStopMonitoring" name="GetStopMonitoring" bindingOperationName="GetStopMonitoring" type="Request-Response" inputName="" receivesAttachments="false" sendsAttachments="false" anonymous="optional"><con:settings/><con:call name="Request 1"><con:settings/><con:encoding>UTF-8</con:encoding><con:endpoint>http://localhost:8282/requete/GeneralMessageSOAPPort</con:endpoint><con:request><![CDATA[<soapenv:Envelope xmlns:soapenv="http://schemas.xmlsoap.org/soap/envelope/" xmlns:wsdl="http://wsdl.siri.org.uk" xmlns:siri="http://www.siri.org.uk/siri">
   <soapenv:Header/>
   <soapenv:Body>
      <wsdl:GetStopMonitoring>
         <ServiceRequestInfo>
            <!--Optional:-->
            <siri:ServiceRequestContext>
               <!--Optional:-->
               <siri:CheckStatusAddress>?</siri:CheckStatusAddress>
               <!--Optional:-->
               <siri:SubscribeAddress>?</siri:SubscribeAddress>
               <!--Optional:-->
               <siri:ManageSubscriptionAddress>?</siri:ManageSubscriptionAddress>
               <!--Optional:-->
               <siri:GetDataAddress>?</siri:GetDataAddress>
               <!--Optional:-->
               <siri:StatusResponseAddress>?</siri:StatusResponseAddress>
               <!--Optional:-->
               <siri:SubscriberAddress>?</siri:SubscriberAddress>
               <!--Optional:-->
               <siri:NotifyAddress>?</siri:NotifyAddress>
               <!--Optional:-->
               <siri:ConsumerAddress>?</siri:ConsumerAddress>
               <!--Optional:-->
               <siri:DataNameSpaces>
                  <!--Optional:-->
                  <siri:StopPointNameSpace>?</siri:StopPointNameSpace>
                  <!--Optional:-->
                  <siri:LineNameSpace>?</siri:LineNameSpace>
                  <!--Optional:-->
                  <siri:ProductCategoryNameSpace>?</siri:ProductCategoryNameSpace>
                  <!--Optional:-->
                  <siri:ServiceFeatureNameSpace>?</siri:ServiceFeatureNameSpace>
                  <!--Optional:-->
                  <siri:VehicleFeatureNameSpace>?</siri:VehicleFeatureNameSpace>
               </siri:DataNameSpaces>
               <!--Optional:-->
               <siri:Language>en</siri:Language>
               <!--You have a CHOICE of the next 2 items at this level-->
               <siri:WgsDecimalDegrees>?</siri:WgsDecimalDegrees>
               <siri:GmlCoordinateFormat>?</siri:GmlCoordinateFormat>
               <!--Optional:-->
               <siri:DistanceUnits>?</siri:DistanceUnits>
               <!--Optional:-->
               <siri:VelocityUnits>?</siri:VelocityUnits>
               <!--Optional:-->
               <siri:DataHorizon>?</siri:DataHorizon>
               <!--Optional:-->
               <siri:RequestTimeout>?</siri:RequestTimeout>
               <!--Optional:-->
               <siri:DeliveryMethod>direct</siri:DeliveryMethod>
               <!--Optional:-->
               <siri:MultipartDespatch>?</siri:MultipartDespatch>
               <!--Optional:-->
               <siri:ConfirmDelivery>false</siri:ConfirmDelivery>
               <!--Optional:-->
               <siri:MaximimumNumberOfSubscriptions>?</siri:MaximimumNumberOfSubscriptions>
               <!--Optional:-->
               <siri:AllowedPredictors>anyone</siri:AllowedPredictors>
               <!--Optional:-->
               <siri:PredictionFunction>?</siri:PredictionFunction>
            </siri:ServiceRequestContext>
            <siri:RequestTimestamp>?</siri:RequestTimestamp>
            <!--Optional:-->
            <siri:AccountId>?</siri:AccountId>
            <!--Optional:-->
            <siri:AccountKey>?</siri:AccountKey>
            <!--Optional:-->
            <siri:Address>?</siri:Address>
            <siri:RequestorRef>?</siri:RequestorRef>
            <!--Optional:-->
            <siri:MessageIdentifier>?</siri:MessageIdentifier>
            <!--Optional:-->
            <siri:DelegatorAddress>?</siri:DelegatorAddress>
            <!--Optional:-->
            <siri:DelegatorRef>?</siri:DelegatorRef>
         </ServiceRequestInfo>
         <Request version="2.0">
            <siri:RequestTimestamp>?</siri:RequestTimestamp>
            <!--Optional:-->
            <siri:MessageIdentifier>?</siri:MessageIdentifier>
            <!--Optional:-->
            <siri:PreviewInterval>?</siri:PreviewInterval>
            <!--Optional:-->
            <siri:StartTime>?</siri:StartTime>
            <siri:MonitoringRef>?</siri:MonitoringRef>
            <!--Optional:-->
            <siri:OperatorRef>?</siri:OperatorRef>
            <!--Optional:-->
            <siri:LineRef>?</siri:LineRef>
            <!--Optional:-->
            <siri:DirectionRef>?</siri:DirectionRef>
            <!--Optional:-->
            <siri:DestinationRef>?</siri:DestinationRef>
            <!--Optional:-->
            <siri:StopVisitTypes>all</siri:StopVisitTypes>
            <!--Optional:-->
            <siri:Language>false</siri:Language>
            <!--Optional:-->
            <siri:IncludeTranslations>?</siri:IncludeTranslations>
            <!--Optional:-->
            <siri:MaximumStopVisits>?</siri:MaximumStopVisits>
            <!--You have a CHOICE of the next 2 items at this level-->
            <!--Optional:-->
            <siri:MinimumStopVisitsPerLine>?</siri:MinimumStopVisitsPerLine>
            <!--Optional:-->
            <siri:MinimumStopVisitsPerLineVia>?</siri:MinimumStopVisitsPerLineVia>
            <!--Optional:-->
            <siri:MaximumTextLength>30</siri:MaximumTextLength>
            <!--Optional:-->
            <siri:StopMonitoringDetailLevel>normal</siri:StopMonitoringDetailLevel>
            <!--Optional:-->
            <siri:IncludeSituations>?</siri:IncludeSituations>
            <!--Optional:-->
            <siri:MaximumNumberOfCalls>
               <!--Optional:-->
               <siri:Previous>?</siri:Previous>
               <!--Optional:-->
               <siri:Onwards>?</siri:Onwards>
            </siri:MaximumNumberOfCalls>
            <!--Optional:-->
            <siri:Extensions>
               <!--You may enter ANY elements at this point-->
            </siri:Extensions>
         </Request>
         <RequestExtension>
            <!--You may enter ANY elements at this point-->
         </RequestExtension>
      </wsdl:GetStopMonitoring>
   </soapenv:Body>
</soapenv:Envelope>]]></con:request><con:wsaConfig mustUnderstand="NONE" version="200508" action="GetStopMonitoring"/></con:call></con:operation><con:operation isOneWay="false" action="GetStopTimetable" name="GetStopTimetable" bindingOperationName="GetStopTimetable" type="Request-Response" inputName="" receivesAttachments="false" sendsAttachments="false" anonymous="optional"><con:settings/><con:call name="Request 1"><con:settings/><con:encoding>UTF-8</con:encoding><con:endpoint>http://localhost:8282/requete/GeneralMessageSOAPPort</con:endpoint><con:request><![CDATA[<soapenv:Envelope xmlns:soapenv="http://schemas.xmlsoap.org/soap/envelope/" xmlns:wsdl="http://wsdl.siri.org.uk" xmlns:siri="http://www.siri.org.uk/siri">
   <soapenv:Header/>
   <soapenv:Body>
      <wsdl:GetStopTimetable>
         <ServiceRequestInfo>
            <!--Optional:-->
            <siri:ServiceRequestContext>
               <!--Optional:-->
               <siri:CheckStatusAddress>?</siri:CheckStatusAddress>
               <!--Optional:-->
               <siri:SubscribeAddress>?</siri:SubscribeAddress>
               <!--Optional:-->
               <siri:ManageSubscriptionAddress>?</siri:ManageSubscriptionAddress>
               <!--Optional:-->
               <siri:GetDataAddress>?</siri:GetDataAddress>
               <!--Optional:-->
               <siri:StatusResponseAddress>?</siri:StatusResponseAddress>
               <!--Optional:-->
               <siri:SubscriberAddress>?</siri:SubscriberAddress>
               <!--Optional:-->
               <siri:NotifyAddress>?</siri:NotifyAddress>
               <!--Optional:-->
               <siri:ConsumerAddress>?</siri:ConsumerAddress>
               <!--Optional:-->
               <siri:DataNameSpaces>
                  <!--Optional:-->
                  <siri:StopPointNameSpace>?</siri:StopPointNameSpace>
                  <!--Optional:-->
                  <siri:LineNameSpace>?</siri:LineNameSpace>
                  <!--Optional:-->
                  <siri:ProductCategoryNameSpace>?</siri:ProductCategoryNameSpace>
                  <!--Optional:-->
                  <siri:ServiceFeatureNameSpace>?</siri:ServiceFeatureNameSpace>
                  <!--Optional:-->
                  <siri:VehicleFeatureNameSpace>?</siri:VehicleFeatureNameSpace>
               </siri:DataNameSpaces>
               <!--Optional:-->
               <siri:Language>en</siri:Language>
               <!--You have a CHOICE of the next 2 items at this level-->
               <siri:WgsDecimalDegrees>?</siri:WgsDecimalDegrees>
               <siri:GmlCoordinateFormat>?</siri:GmlCoordinateFormat>
               <!--Optional:-->
               <siri:DistanceUnits>?</siri:DistanceUnits>
               <!--Optional:-->
               <siri:VelocityUnits>?</siri:VelocityUnits>
               <!--Optional:-->
               <siri:DataHorizon>?</siri:DataHorizon>
               <!--Optional:-->
               <siri:RequestTimeout>?</siri:RequestTimeout>
               <!--Optional:-->
               <siri:DeliveryMethod>direct</siri:DeliveryMethod>
               <!--Optional:-->
               <siri:MultipartDespatch>?</siri:MultipartDespatch>
               <!--Optional:-->
               <siri:ConfirmDelivery>false</siri:ConfirmDelivery>
               <!--Optional:-->
               <siri:MaximimumNumberOfSubscriptions>?</siri:MaximimumNumberOfSubscriptions>
               <!--Optional:-->
               <siri:AllowedPredictors>anyone</siri:AllowedPredictors>
               <!--Optional:-->
               <siri:PredictionFunction>?</siri:PredictionFunction>
            </siri:ServiceRequestContext>
            <siri:RequestTimestamp>?</siri:RequestTimestamp>
            <!--Optional:-->
            <siri:AccountId>?</siri:AccountId>
            <!--Optional:-->
            <siri:AccountKey>?</siri:AccountKey>
            <!--Optional:-->
            <siri:Address>?</siri:Address>
            <siri:RequestorRef>?</siri:RequestorRef>
            <!--Optional:-->
            <siri:MessageIdentifier>?</siri:MessageIdentifier>
            <!--Optional:-->
            <siri:DelegatorAddress>?</siri:DelegatorAddress>
            <!--Optional:-->
            <siri:DelegatorRef>?</siri:DelegatorRef>
         </ServiceRequestInfo>
         <Request version="2.0">
            <siri:RequestTimestamp>?</siri:RequestTimestamp>
            <!--Optional:-->
            <siri:MessageIdentifier>?</siri:MessageIdentifier>
            <!--Optional:-->
            <siri:DepartureWindow>
               <siri:StartTime>?</siri:StartTime>
               <siri:EndTime>?</siri:EndTime>
            </siri:DepartureWindow>
            <siri:MonitoringRef>?</siri:MonitoringRef>
            <!--Optional:-->
            <siri:LineRef>?</siri:LineRef>
            <!--Optional:-->
            <siri:DirectionRef>?</siri:DirectionRef>
            <!--Optional:-->
            <siri:Language>en</siri:Language>
            <!--Optional:-->
            <siri:IncludeTranslations>?</siri:IncludeTranslations>
            <!--Optional:-->
            <siri:Extensions>
               <!--You may enter ANY elements at this point-->
            </siri:Extensions>
         </Request>
         <RequestExtension>
            <!--You may enter ANY elements at this point-->
         </RequestExtension>
      </wsdl:GetStopTimetable>
   </soapenv:Body>
</soapenv:Envelope>]]></con:request><con:wsaConfig mustUnderstand="NONE" version="200508" action="GetStopTimetable"/></con:call></con:operation><con:operation isOneWay="false" action="GetVehicleMonitoring" name="GetVehicleMonitoring" bindingOperationName="GetVehicleMonitoring" type="Request-Response" inputName="" receivesAttachments="false" sendsAttachments="false" anonymous="optional"><con:settings/><con:call name="Request 1"><con:settings/><con:encoding>UTF-8</con:encoding><con:endpoint>http://localhost:8282/requete/GeneralMessageSOAPPort</con:endpoint><con:request><![CDATA[<soapenv:Envelope xmlns:soapenv="http://schemas.xmlsoap.org/soap/envelope/" xmlns:wsdl="http://wsdl.siri.org.uk" xmlns:siri="http://www.siri.org.uk/siri">
   <soapenv:Header/>
   <soapenv:Body>
      <wsdl:GetVehicleMonitoring>
         <ServiceRequestInfo>
            <!--Optional:-->
            <siri:ServiceRequestContext>
               <!--Optional:-->
               <siri:CheckStatusAddress>?</siri:CheckStatusAddress>
               <!--Optional:-->
               <siri:SubscribeAddress>?</siri:SubscribeAddress>
               <!--Optional:-->
               <siri:ManageSubscriptionAddress>?</siri:ManageSubscriptionAddress>
               <!--Optional:-->
               <siri:GetDataAddress>?</siri:GetDataAddress>
               <!--Optional:-->
               <siri:StatusResponseAddress>?</siri:StatusResponseAddress>
               <!--Optional:-->
               <siri:SubscriberAddress>?</siri:SubscriberAddress>
               <!--Optional:-->
               <siri:NotifyAddress>?</siri:NotifyAddress>
               <!--Optional:-->
               <siri:ConsumerAddress>?</siri:ConsumerAddress>
               <!--Optional:-->
               <siri:DataNameSpaces>
                  <!--Optional:-->
                  <siri:StopPointNameSpace>?</siri:StopPointNameSpace>
                  <!--Optional:-->
                  <siri:LineNameSpace>?</siri:LineNameSpace>
                  <!--Optional:-->
                  <siri:ProductCategoryNameSpace>?</siri:ProductCategoryNameSpace>
                  <!--Optional:-->
                  <siri:ServiceFeatureNameSpace>?</siri:ServiceFeatureNameSpace>
                  <!--Optional:-->
                  <siri:VehicleFeatureNameSpace>?</siri:VehicleFeatureNameSpace>
               </siri:DataNameSpaces>
               <!--Optional:-->
               <siri:Language>en</siri:Language>
               <!--You have a CHOICE of the next 2 items at this level-->
               <siri:WgsDecimalDegrees>?</siri:WgsDecimalDegrees>
               <siri:GmlCoordinateFormat>?</siri:GmlCoordinateFormat>
               <!--Optional:-->
               <siri:DistanceUnits>?</siri:DistanceUnits>
               <!--Optional:-->
               <siri:VelocityUnits>?</siri:VelocityUnits>
               <!--Optional:-->
               <siri:DataHorizon>?</siri:DataHorizon>
               <!--Optional:-->
               <siri:RequestTimeout>?</siri:RequestTimeout>
               <!--Optional:-->
               <siri:DeliveryMethod>direct</siri:DeliveryMethod>
               <!--Optional:-->
               <siri:MultipartDespatch>?</siri:MultipartDespatch>
               <!--Optional:-->
               <siri:ConfirmDelivery>false</siri:ConfirmDelivery>
               <!--Optional:-->
               <siri:MaximimumNumberOfSubscriptions>?</siri:MaximimumNumberOfSubscriptions>
               <!--Optional:-->
               <siri:AllowedPredictors>anyone</siri:AllowedPredictors>
               <!--Optional:-->
               <siri:PredictionFunction>?</siri:PredictionFunction>
            </siri:ServiceRequestContext>
            <siri:RequestTimestamp>?</siri:RequestTimestamp>
            <!--Optional:-->
            <siri:AccountId>?</siri:AccountId>
            <!--Optional:-->
            <siri:AccountKey>?</siri:AccountKey>
            <!--Optional:-->
            <siri:Address>?</siri:Address>
            <siri:RequestorRef>?</siri:RequestorRef>
            <!--Optional:-->
            <siri:MessageIdentifier>?</siri:MessageIdentifier>
            <!--Optional:-->
            <siri:DelegatorAddress>?</siri:DelegatorAddress>
            <!--Optional:-->
            <siri:DelegatorRef>?</siri:DelegatorRef>
         </ServiceRequestInfo>
         <Request version="2.0">
            <siri:RequestTimestamp>?</siri:RequestTimestamp>
            <!--Optional:-->
            <siri:MessageIdentifier>?</siri:MessageIdentifier>
            <!--Optional:-->
            <siri:VehicleMonitoringRef>?</siri:VehicleMonitoringRef>
            <!--You have a CHOICE of the next 2 items at this level-->
            <siri:VehicleRef>?</siri:VehicleRef>
            <siri:LineRef>?</siri:LineRef>
            <!--Optional:-->
            <siri:DirectionRef>?</siri:DirectionRef>
            <!--Optional:-->
            <siri:Language>en</siri:Language>
            <!--Optional:-->
            <siri:IncludeTranslations>?</siri:IncludeTranslations>
            <!--Optional:-->
            <siri:MaximumVehicles>?</siri:MaximumVehicles>
            <!--Optional:-->
            <siri:VehicleMonitoringDetailLevel>?</siri:VehicleMonitoringDetailLevel>
            <!--Optional:-->
            <siri:MaximumNumberOfCalls>
               <!--Optional:-->
               <siri:Previous>?</siri:Previous>
               <!--Optional:-->
               <siri:Onwards>?</siri:Onwards>
            </siri:MaximumNumberOfCalls>
            <!--Optional:-->
            <siri:IncludeSituations>?</siri:IncludeSituations>
            <!--Optional:-->
            <siri:Extensions>
               <!--You may enter ANY elements at this point-->
            </siri:Extensions>
         </Request>
         <RequestExtension>
            <!--You may enter ANY elements at this point-->
         </RequestExtension>
      </wsdl:GetVehicleMonitoring>
   </soapenv:Body>
</soapenv:Envelope>]]></con:request><con:wsaConfig mustUnderstand="NONE" version="200508" action="GetVehicleMonitoring"/></con:call></con:operation><con:operation isOneWay="false" action="LinesDiscovery" name="LinesDiscovery" bindingOperationName="LinesDiscovery" type="Request-Response" inputName="" receivesAttachments="false" sendsAttachments="false" anonymous="optional"><con:settings/><con:call name="Request 1"><con:settings/><con:encoding>UTF-8</con:encoding><con:endpoint>http://localhost:8282/requete/GeneralMessageSOAPPort</con:endpoint><con:request><![CDATA[<soapenv:Envelope xmlns:soapenv="http://schemas.xmlsoap.org/soap/envelope/" xmlns:wsdl="http://wsdl.siri.org.uk" xmlns:siri="http://www.siri.org.uk/siri">
   <soapenv:Header/>
   <soapenv:Body>
      <wsdl:LinesDiscovery>
         <Request version="2.0">
            <siri:RequestTimestamp>?</siri:RequestTimestamp>
            <!--Optional:-->
            <siri:AccountId>?</siri:AccountId>
            <!--Optional:-->
            <siri:AccountKey>?</siri:AccountKey>
            <!--Optional:-->
            <siri:Address>?</siri:Address>
            <siri:RequestorRef>?</siri:RequestorRef>
            <!--Optional:-->
            <siri:MessageIdentifier>?</siri:MessageIdentifier>
            <!--You have a CHOICE of the next 4 items at this level-->
            <siri:BoundingBox>
               <siri:UpperLeft id="?" srsName="?">
                  <!--You have a CHOICE of the next 2 items at this level-->
                  <siri:Longitude>?</siri:Longitude>
                  <siri:Latitude>?</siri:Latitude>
                  <siri:Coordinates>?</siri:Coordinates>
                  <!--Optional:-->
                  <siri:Precision>?</siri:Precision>
               </siri:UpperLeft>
               <siri:LowerRight id="?" srsName="?">
                  <!--You have a CHOICE of the next 2 items at this level-->
                  <siri:Longitude>?</siri:Longitude>
                  <siri:Latitude>?</siri:Latitude>
                  <siri:Coordinates>?</siri:Coordinates>
                  <!--Optional:-->
                  <siri:Precision>?</siri:Precision>
               </siri:LowerRight>
            </siri:BoundingBox>
            <siri:Circle id="?" srsName="?">
               <!--You have a CHOICE of the next 2 items at this level-->
               <siri:Longitude>?</siri:Longitude>
               <siri:Latitude>?</siri:Latitude>
               <siri:Coordinates>?</siri:Coordinates>
               <!--Optional:-->
               <siri:Precision>?</siri:Precision>
            </siri:Circle>
            <siri:PlaceRef>?</siri:PlaceRef>
            <siri:LineDirectionRef>
               <siri:LineRef>?</siri:LineRef>
               <!--Optional:-->
               <siri:DirectionRef>?</siri:DirectionRef>
            </siri:LineDirectionRef>
            <!--Optional:-->
            <siri:OperatorRef>?</siri:OperatorRef>
            <!--Optional:-->
            <siri:Language>en</siri:Language>
            <!--Optional:-->
            <siri:LinesDetailLevel>normal</siri:LinesDetailLevel>
         </Request>
         <RequestExtension>
            <!--You may enter ANY elements at this point-->
         </RequestExtension>
      </wsdl:LinesDiscovery>
   </soapenv:Body>
</soapenv:Envelope>]]></con:request><con:wsaConfig mustUnderstand="NONE" version="200508" action="LinesDiscovery"/></con:call></con:operation><con:operation isOneWay="false" action="StopPointsDiscovery" name="StopPointsDiscovery" bindingOperationName="StopPointsDiscovery" type="Request-Response" inputName="" receivesAttachments="false" sendsAttachments="false" anonymous="optional"><con:settings/><con:call name="Request 1"><con:settings/><con:encoding>UTF-8</con:encoding><con:endpoint>http://localhost:8282/requete/GeneralMessageSOAPPort</con:endpoint><con:request><![CDATA[<soapenv:Envelope xmlns:soapenv="http://schemas.xmlsoap.org/soap/envelope/" xmlns:wsdl="http://wsdl.siri.org.uk" xmlns:siri="http://www.siri.org.uk/siri">
   <soapenv:Header/>
   <soapenv:Body>
      <wsdl:StopPointsDiscovery>
         <Request version="2.0">
            <siri:RequestTimestamp>?</siri:RequestTimestamp>
            <!--Optional:-->
            <siri:AccountId>?</siri:AccountId>
            <!--Optional:-->
            <siri:AccountKey>?</siri:AccountKey>
            <!--Optional:-->
            <siri:Address>?</siri:Address>
            <siri:RequestorRef>?</siri:RequestorRef>
            <!--Optional:-->
            <siri:MessageIdentifier>?</siri:MessageIdentifier>
            <!--You have a CHOICE of the next 3 items at this level-->
            <!--Optional:-->
            <siri:BoundingBox>
               <siri:UpperLeft id="?" srsName="?">
                  <!--You have a CHOICE of the next 2 items at this level-->
                  <siri:Longitude>?</siri:Longitude>
                  <siri:Latitude>?</siri:Latitude>
                  <siri:Coordinates>?</siri:Coordinates>
                  <!--Optional:-->
                  <siri:Precision>?</siri:Precision>
               </siri:UpperLeft>
               <siri:LowerRight id="?" srsName="?">
                  <!--You have a CHOICE of the next 2 items at this level-->
                  <siri:Longitude>?</siri:Longitude>
                  <siri:Latitude>?</siri:Latitude>
                  <siri:Coordinates>?</siri:Coordinates>
                  <!--Optional:-->
                  <siri:Precision>?</siri:Precision>
               </siri:LowerRight>
            </siri:BoundingBox>
            <!--Optional:-->
            <siri:Circle id="?" srsName="?">
               <!--You have a CHOICE of the next 2 items at this level-->
               <siri:Longitude>?</siri:Longitude>
               <siri:Latitude>?</siri:Latitude>
               <siri:Coordinates>?</siri:Coordinates>
               <!--Optional:-->
               <siri:Precision>?</siri:Precision>
            </siri:Circle>
            <!--Optional:-->
            <siri:PlaceRef>?</siri:PlaceRef>
            <!--Optional:-->
            <siri:OperatorRef>?</siri:OperatorRef>
            <!--Optional:-->
            <siri:LineRef>?</siri:LineRef>
            <!--Optional:-->
            <siri:Language>en</siri:Language>
            <!--Optional:-->
            <siri:StopPointsDetailLevel>normal</siri:StopPointsDetailLevel>
         </Request>
         <RequestExtension>
            <!--You may enter ANY elements at this point-->
         </RequestExtension>
      </wsdl:StopPointsDiscovery>
   </soapenv:Body>
</soapenv:Envelope>]]></con:request><con:wsaConfig mustUnderstand="NONE" version="200508" action="StopPointsDiscovery"/></con:call></con:operation><con:operation isOneWay="false" action="Subscribe" name="Subscribe" bindingOperationName="Subscribe" type="Request-Response" inputName="" receivesAttachments="false" sendsAttachments="false" anonymous="optional"><con:settings/><con:call name="Request 1"><con:settings/><con:encoding>UTF-8</con:encoding><con:endpoint>http://localhost:8282/requete/GeneralMessageSOAPPort</con:endpoint><con:request><![CDATA[<soapenv:Envelope xmlns:soapenv="http://schemas.xmlsoap.org/soap/envelope/" xmlns:wsdl="http://wsdl.siri.org.uk" xmlns:siri="http://www.siri.org.uk/siri" xmlns:acsb="http://www.ifopt.org.uk/acsb">
   <soapenv:Header/>
   <soapenv:Body>
      <wsdl:Subscribe>
         <SubscriptionRequestInfo>
            <siri:RequestTimestamp>?</siri:RequestTimestamp>
            <!--Optional:-->
            <siri:AccountId>?</siri:AccountId>
            <!--Optional:-->
            <siri:AccountKey>?</siri:AccountKey>
            <!--Optional:-->
            <siri:Address>?</siri:Address>
            <siri:RequestorRef>?</siri:RequestorRef>
            <!--Optional:-->
            <siri:MessageIdentifier>?</siri:MessageIdentifier>
            <!--Optional:-->
            <siri:DelegatorAddress>?</siri:DelegatorAddress>
            <!--Optional:-->
            <siri:DelegatorRef>?</siri:DelegatorRef>
            <!--Optional:-->
            <siri:ConsumerAddress>?</siri:ConsumerAddress>
            <!--Optional:-->
            <siri:SubscriptionFilterIdentifier>?</siri:SubscriptionFilterIdentifier>
            <!--Optional:-->
            <siri:SubscriptionContext>
               <!--Optional:-->
               <siri:HeartbeatInterval>?</siri:HeartbeatInterval>
            </siri:SubscriptionContext>
         </SubscriptionRequestInfo>
         <Request>
            <!--You have a CHOICE of the next 10 items at this level-->
            <!--1 or more repetitions:-->
            <siri:ProductionTimetableSubscriptionRequest>
               <!--Optional:-->
               <siri:SubscriberRef>?</siri:SubscriberRef>
               <siri:SubscriptionIdentifier>?</siri:SubscriptionIdentifier>
               <siri:InitialTerminationTime>?</siri:InitialTerminationTime>
               <siri:ProductionTimetableRequest version="2.0">
                  <siri:RequestTimestamp>?</siri:RequestTimestamp>
                  <!--Optional:-->
                  <siri:MessageIdentifier>?</siri:MessageIdentifier>
                  <!--Optional:-->
                  <siri:ValidityPeriod>
                     <siri:StartTime>?</siri:StartTime>
                     <siri:EndTime>?</siri:EndTime>
                  </siri:ValidityPeriod>
                  <!--Optional:-->
                  <siri:TimetableVersionRef>?</siri:TimetableVersionRef>
                  <!--Zero or more repetitions:-->
                  <siri:OperatorRef>?</siri:OperatorRef>
                  <!--Optional:-->
                  <siri:Lines>
                     <!--1 or more repetitions:-->
                     <siri:LineDirection>
                        <siri:LineRef>?</siri:LineRef>
                        <!--Optional:-->
                        <siri:DirectionRef>?</siri:DirectionRef>
                     </siri:LineDirection>
                  </siri:Lines>
                  <!--Optional:-->
                  <siri:Language>en</siri:Language>
                  <!--Optional:-->
                  <siri:IncludeTranslations>?</siri:IncludeTranslations>
                  <!--Optional:-->
                  <siri:IncrementalUpdates>false</siri:IncrementalUpdates>
                  <!--Optional:-->
                  <siri:Extensions>
                     <!--You may enter ANY elements at this point-->
                  </siri:Extensions>
               </siri:ProductionTimetableRequest>
               <!--Optional:-->
               <siri:IncrementalUpdates>false</siri:IncrementalUpdates>
               <!--Optional:-->
               <siri:Extensions>
                  <!--You may enter ANY elements at this point-->
               </siri:Extensions>
            </siri:ProductionTimetableSubscriptionRequest>
            <!--1 or more repetitions:-->
            <siri:EstimatedTimetableSubscriptionRequest>
               <!--Optional:-->
               <siri:SubscriberRef>?</siri:SubscriberRef>
               <siri:SubscriptionIdentifier>?</siri:SubscriptionIdentifier>
               <siri:InitialTerminationTime>?</siri:InitialTerminationTime>
               <siri:EstimatedTimetableRequest version="2.0">
                  <siri:RequestTimestamp>?</siri:RequestTimestamp>
                  <!--Optional:-->
                  <siri:MessageIdentifier>?</siri:MessageIdentifier>
                  <!--Optional:-->
                  <siri:PreviewInterval>?</siri:PreviewInterval>
                  <!--Optional:-->
                  <siri:TimetableVersionRef>?</siri:TimetableVersionRef>
                  <!--Zero or more repetitions:-->
                  <siri:OperatorRef>?</siri:OperatorRef>
                  <!--Optional:-->
                  <siri:Lines>
                     <!--1 or more repetitions:-->
                     <siri:LineDirection>
                        <siri:LineRef>?</siri:LineRef>
                        <!--Optional:-->
                        <siri:DirectionRef>?</siri:DirectionRef>
                     </siri:LineDirection>
                  </siri:Lines>
                  <!--Optional:-->
                  <siri:Language>en</siri:Language>
                  <!--Optional:-->
                  <siri:IncludeTranslations>?</siri:IncludeTranslations>
                  <!--Optional:-->
                  <siri:EstimatedTimetableDetailLevel>?</siri:EstimatedTimetableDetailLevel>
                  <!--Optional:-->
                  <siri:Extensions>
                     <!--You may enter ANY elements at this point-->
                  </siri:Extensions>
               </siri:EstimatedTimetableRequest>
               <!--Optional:-->
               <siri:IncrementalUpdates>true</siri:IncrementalUpdates>
               <siri:ChangeBeforeUpdates>?</siri:ChangeBeforeUpdates>
               <!--Optional:-->
               <siri:Extensions>
                  <!--You may enter ANY elements at this point-->
               </siri:Extensions>
            </siri:EstimatedTimetableSubscriptionRequest>
            <!--1 or more repetitions:-->
            <siri:StopTimetableSubscriptionRequest>
               <!--Optional:-->
               <siri:SubscriberRef>?</siri:SubscriberRef>
               <siri:SubscriptionIdentifier>?</siri:SubscriptionIdentifier>
               <siri:InitialTerminationTime>?</siri:InitialTerminationTime>
               <siri:StopTimetableRequest version="2.0">
                  <siri:RequestTimestamp>?</siri:RequestTimestamp>
                  <!--Optional:-->
                  <siri:MessageIdentifier>?</siri:MessageIdentifier>
                  <!--Optional:-->
                  <siri:DepartureWindow>
                     <siri:StartTime>?</siri:StartTime>
                     <siri:EndTime>?</siri:EndTime>
                  </siri:DepartureWindow>
                  <siri:MonitoringRef>?</siri:MonitoringRef>
                  <!--Optional:-->
                  <siri:LineRef>?</siri:LineRef>
                  <!--Optional:-->
                  <siri:DirectionRef>?</siri:DirectionRef>
                  <!--Optional:-->
                  <siri:Language>en</siri:Language>
                  <!--Optional:-->
                  <siri:IncludeTranslations>?</siri:IncludeTranslations>
                  <!--Optional:-->
                  <siri:Extensions>
                     <!--You may enter ANY elements at this point-->
                  </siri:Extensions>
               </siri:StopTimetableRequest>
               <!--Optional:-->
               <siri:IncrementalUpdates>false</siri:IncrementalUpdates>
               <!--Optional:-->
               <siri:ChangeBeforeUpdates>?</siri:ChangeBeforeUpdates>
               <!--Optional:-->
               <siri:Extensions>
                  <!--You may enter ANY elements at this point-->
               </siri:Extensions>
            </siri:StopTimetableSubscriptionRequest>
            <!--1 or more repetitions:-->
            <siri:StopMonitoringSubscriptionRequest>
               <!--Optional:-->
               <siri:SubscriberRef>?</siri:SubscriberRef>
               <siri:SubscriptionIdentifier>?</siri:SubscriptionIdentifier>
               <siri:InitialTerminationTime>?</siri:InitialTerminationTime>
               <siri:StopMonitoringRequest version="2.0">
                  <siri:RequestTimestamp>?</siri:RequestTimestamp>
                  <!--Optional:-->
                  <siri:MessageIdentifier>?</siri:MessageIdentifier>
                  <!--Optional:-->
                  <siri:PreviewInterval>?</siri:PreviewInterval>
                  <!--Optional:-->
                  <siri:StartTime>?</siri:StartTime>
                  <siri:MonitoringRef>?</siri:MonitoringRef>
                  <!--Optional:-->
                  <siri:OperatorRef>?</siri:OperatorRef>
                  <!--Optional:-->
                  <siri:LineRef>?</siri:LineRef>
                  <!--Optional:-->
                  <siri:DirectionRef>?</siri:DirectionRef>
                  <!--Optional:-->
                  <siri:DestinationRef>?</siri:DestinationRef>
                  <!--Optional:-->
                  <siri:StopVisitTypes>all</siri:StopVisitTypes>
                  <!--Optional:-->
                  <siri:Language>false</siri:Language>
                  <!--Optional:-->
                  <siri:IncludeTranslations>?</siri:IncludeTranslations>
                  <!--Optional:-->
                  <siri:MaximumStopVisits>?</siri:MaximumStopVisits>
                  <!--You have a CHOICE of the next 2 items at this level-->
                  <!--Optional:-->
                  <siri:MinimumStopVisitsPerLine>?</siri:MinimumStopVisitsPerLine>
                  <!--Optional:-->
                  <siri:MinimumStopVisitsPerLineVia>?</siri:MinimumStopVisitsPerLineVia>
                  <!--Optional:-->
                  <siri:MaximumTextLength>30</siri:MaximumTextLength>
                  <!--Optional:-->
                  <siri:StopMonitoringDetailLevel>normal</siri:StopMonitoringDetailLevel>
                  <!--Optional:-->
                  <siri:IncludeSituations>?</siri:IncludeSituations>
                  <!--Optional:-->
                  <siri:MaximumNumberOfCalls>
                     <!--Optional:-->
                     <siri:Previous>?</siri:Previous>
                     <!--Optional:-->
                     <siri:Onwards>?</siri:Onwards>
                  </siri:MaximumNumberOfCalls>
                  <!--Optional:-->
                  <siri:Extensions>
                     <!--You may enter ANY elements at this point-->
                  </siri:Extensions>
               </siri:StopMonitoringRequest>
               <!--Optional:-->
               <siri:IncrementalUpdates>false</siri:IncrementalUpdates>
               <!--Optional:-->
               <siri:ChangeBeforeUpdates>?</siri:ChangeBeforeUpdates>
               <!--Optional:-->
               <siri:Extensions>
                  <!--You may enter ANY elements at this point-->
               </siri:Extensions>
            </siri:StopMonitoringSubscriptionRequest>
            <!--1 or more repetitions:-->
            <siri:VehicleMonitoringSubscriptionRequest>
               <!--Optional:-->
               <siri:SubscriberRef>?</siri:SubscriberRef>
               <siri:SubscriptionIdentifier>?</siri:SubscriptionIdentifier>
               <siri:InitialTerminationTime>?</siri:InitialTerminationTime>
               <siri:VehicleMonitoringRequest version="2.0">
                  <siri:RequestTimestamp>?</siri:RequestTimestamp>
                  <!--Optional:-->
                  <siri:MessageIdentifier>?</siri:MessageIdentifier>
                  <!--Optional:-->
                  <siri:VehicleMonitoringRef>?</siri:VehicleMonitoringRef>
                  <!--You have a CHOICE of the next 2 items at this level-->
                  <siri:VehicleRef>?</siri:VehicleRef>
                  <siri:LineRef>?</siri:LineRef>
                  <!--Optional:-->
                  <siri:DirectionRef>?</siri:DirectionRef>
                  <!--Optional:-->
                  <siri:Language>en</siri:Language>
                  <!--Optional:-->
                  <siri:IncludeTranslations>?</siri:IncludeTranslations>
                  <!--Optional:-->
                  <siri:MaximumVehicles>?</siri:MaximumVehicles>
                  <!--Optional:-->
                  <siri:VehicleMonitoringDetailLevel>?</siri:VehicleMonitoringDetailLevel>
                  <!--Optional:-->
                  <siri:MaximumNumberOfCalls>
                     <!--Optional:-->
                     <siri:Previous>?</siri:Previous>
                     <!--Optional:-->
                     <siri:Onwards>?</siri:Onwards>
                  </siri:MaximumNumberOfCalls>
                  <!--Optional:-->
                  <siri:IncludeSituations>?</siri:IncludeSituations>
                  <!--Optional:-->
                  <siri:Extensions>
                     <!--You may enter ANY elements at this point-->
                  </siri:Extensions>
               </siri:VehicleMonitoringRequest>
               <!--Optional:-->
               <siri:IncrementalUpdates>false</siri:IncrementalUpdates>
               <!--You have a CHOICE of the next 2 items at this level-->
               <!--Optional:-->
               <siri:ChangeBeforeUpdates>?</siri:ChangeBeforeUpdates>
               <!--Optional:-->
               <siri:UpdateInterval>?</siri:UpdateInterval>
               <!--Optional:-->
               <siri:Extensions>
                  <!--You may enter ANY elements at this point-->
               </siri:Extensions>
            </siri:VehicleMonitoringSubscriptionRequest>
            <!--1 or more repetitions:-->
            <siri:ConnectionTimetableSubscriptionRequest>
               <!--Optional:-->
               <siri:SubscriberRef>?</siri:SubscriberRef>
               <siri:SubscriptionIdentifier>?</siri:SubscriptionIdentifier>
               <siri:InitialTerminationTime>?</siri:InitialTerminationTime>
               <siri:ConnectionTimetableRequest version="2.0">
                  <siri:RequestTimestamp>?</siri:RequestTimestamp>
                  <!--Optional:-->
                  <siri:MessageIdentifier>?</siri:MessageIdentifier>
                  <!--Optional:-->
                  <siri:ArrivalWindow>
                     <siri:StartTime>?</siri:StartTime>
                     <siri:EndTime>?</siri:EndTime>
                  </siri:ArrivalWindow>
                  <siri:ConnectionLinkRef>?</siri:ConnectionLinkRef>
                  <!--Optional:-->
                  <siri:LineRef>?</siri:LineRef>
                  <!--Optional:-->
                  <siri:DirectionRef>?</siri:DirectionRef>
                  <!--Optional:-->
                  <siri:Language>en</siri:Language>
                  <!--Optional:-->
                  <siri:IncludeTranslations>?</siri:IncludeTranslations>
                  <!--Optional:-->
                  <siri:Extensions>
                     <!--You may enter ANY elements at this point-->
                  </siri:Extensions>
               </siri:ConnectionTimetableRequest>
               <!--Optional:-->
               <siri:Extensions>
                  <!--You may enter ANY elements at this point-->
               </siri:Extensions>
            </siri:ConnectionTimetableSubscriptionRequest>
            <!--1 or more repetitions:-->
            <siri:ConnectionMonitoringSubscriptionRequest>
               <!--Optional:-->
               <siri:SubscriberRef>?</siri:SubscriberRef>
               <siri:SubscriptionIdentifier>?</siri:SubscriptionIdentifier>
               <siri:InitialTerminationTime>?</siri:InitialTerminationTime>
               <siri:ConnectionMonitoringRequest version="2.0">
                  <siri:RequestTimestamp>?</siri:RequestTimestamp>
                  <!--Optional:-->
                  <siri:MessageIdentifier>?</siri:MessageIdentifier>
                  <!--Optional:-->
                  <siri:PreviewInterval>?</siri:PreviewInterval>
                  <siri:ConnectionLinkRef>?</siri:ConnectionLinkRef>
                  <!--You have a CHOICE of the next 2 items at this level-->
                  <siri:ConnectingTimeFilter>
                     <siri:LineRef>?</siri:LineRef>
                     <siri:DirectionRef>?</siri:DirectionRef>
                     <!--Optional:-->
                     <siri:EarliestArrivalTime>?</siri:EarliestArrivalTime>
                     <!--Optional:-->
                     <siri:LatestArrivalTime>?</siri:LatestArrivalTime>
                  </siri:ConnectingTimeFilter>
                  <!--1 or more repetitions:-->
                  <siri:ConnectingJourneyFilter>
                     <siri:DatedVehicleJourneyRef>?</siri:DatedVehicleJourneyRef>
                     <!--Optional:-->
                     <siri:VisitNumber>?</siri:VisitNumber>
                     <siri:TimetabledArrivalTime>?</siri:TimetabledArrivalTime>
                  </siri:ConnectingJourneyFilter>
                  <!--Optional:-->
                  <siri:Language>en</siri:Language>
                  <!--Optional:-->
                  <siri:IncludeTranslations>?</siri:IncludeTranslations>
                  <!--Optional:-->
                  <siri:ConnectionMonitoringDetailLevel>?</siri:ConnectionMonitoringDetailLevel>
                  <!--Optional:-->
                  <siri:Extensions>
                     <!--You may enter ANY elements at this point-->
                  </siri:Extensions>
               </siri:ConnectionMonitoringRequest>
               <!--Optional:-->
               <siri:ChangeBeforeUpdates>?</siri:ChangeBeforeUpdates>
               <!--Optional:-->
               <siri:Extensions>
                  <!--You may enter ANY elements at this point-->
               </siri:Extensions>
            </siri:ConnectionMonitoringSubscriptionRequest>
            <!--1 or more repetitions:-->
            <siri:GeneralMessageSubscriptionRequest>
               <!--Optional:-->
               <siri:SubscriberRef>?</siri:SubscriberRef>
               <siri:SubscriptionIdentifier>?</siri:SubscriptionIdentifier>
               <siri:InitialTerminationTime>?</siri:InitialTerminationTime>
               <siri:GeneralMessageRequest version="2.0">
                  <siri:RequestTimestamp>?</siri:RequestTimestamp>
                  <!--Optional:-->
                  <siri:MessageIdentifier>?</siri:MessageIdentifier>
                  <!--Zero or more repetitions:-->
                  <siri:InfoChannelRef>?</siri:InfoChannelRef>
                  <!--Optional:-->
                  <siri:Language>en</siri:Language>
                  <!--Optional:-->
                  <siri:Extensions>
                     <!--You may enter ANY elements at this point-->
                  </siri:Extensions>
               </siri:GeneralMessageRequest>
               <!--Optional:-->
               <siri:Extensions>
                  <!--You may enter ANY elements at this point-->
               </siri:Extensions>
            </siri:GeneralMessageSubscriptionRequest>
            <!--1 or more repetitions:-->
            <siri:FacilityMonitoringSubscriptionRequest>
               <!--Optional:-->
               <siri:SubscriberRef>?</siri:SubscriberRef>
               <siri:SubscriptionIdentifier>?</siri:SubscriptionIdentifier>
               <siri:InitialTerminationTime>?</siri:InitialTerminationTime>
               <siri:FacilityMonitoringRequest version="2.0">
                  <siri:RequestTimestamp>?</siri:RequestTimestamp>
                  <!--Optional:-->
                  <siri:MessageIdentifier>?</siri:MessageIdentifier>
                  <!--Optional:-->
                  <siri:PreviewInterval>?</siri:PreviewInterval>
                  <!--Optional:-->
                  <siri:StartTime>?</siri:StartTime>
                  <!--Zero or more repetitions:-->
                  <siri:FacilityRef>?</siri:FacilityRef>
                  <!--Optional:-->
                  <siri:FeatureRef>?</siri:FeatureRef>
                  <!--Optional:-->
                  <siri:LineRef>?</siri:LineRef>
                  <!--Optional:-->
                  <siri:StopPointRef>?</siri:StopPointRef>
                  <!--Optional:-->
                  <siri:ConnectionLinkRef>?</siri:ConnectionLinkRef>
                  <!--You have a CHOICE of the next 2 items at this level-->
                  <siri:FramedVehicleJourneyRef>
                     <siri:DataFrameRef>?</siri:DataFrameRef>
                     <siri:DatedVehicleJourneyRef>?</siri:DatedVehicleJourneyRef>
                  </siri:FramedVehicleJourneyRef>
                  <siri:VehicleJourneyRef>?</siri:VehicleJourneyRef>
                  <!--Optional:-->
                  <siri:InterchangeRef>?</siri:InterchangeRef>
                  <!--Optional:-->
                  <siri:VehicleRef>?</siri:VehicleRef>
                  <!--Optional:-->
                  <siri:StopPlaceRef>?</siri:StopPlaceRef>
                  <!--Optional:-->
                  <siri:StopPlaceComponentRef>?</siri:StopPlaceComponentRef>
                  <!--Zero or more repetitions:-->
                  <siri:AccessibilityNeedsFilter>
                     <!--1 or more repetitions:-->
                     <siri:UserNeed>
                        <!--You have a CHOICE of the next 4 items at this level-->
                        <acsb:MobilityNeed>?</acsb:MobilityNeed>
                        <acsb:PsychosensoryNeed>?</acsb:PsychosensoryNeed>
                        <acsb:MedicalNeed>?</acsb:MedicalNeed>
                        <acsb:EncumbranceNeed>?</acsb:EncumbranceNeed>
                        <!--Optional:-->
                        <acsb:Excluded>?</acsb:Excluded>
                        <!--Optional:-->
                        <acsb:NeedRanking>?</acsb:NeedRanking>
                        <!--Optional:-->
                        <acsb:Extensions>?</acsb:Extensions>
                     </siri:UserNeed>
                  </siri:AccessibilityNeedsFilter>
                  <!--Optional:-->
                  <siri:Language>en</siri:Language>
                  <!--Optional:-->
                  <siri:IncludeTranslations>?</siri:IncludeTranslations>
                  <!--Optional:-->
                  <siri:MaximumNumberOfFacilityConditions>?</siri:MaximumNumberOfFacilityConditions>
                  <!--Optional:-->
                  <siri:Extensions>
                     <!--You may enter ANY elements at this point-->
                  </siri:Extensions>
               </siri:FacilityMonitoringRequest>
               <!--Optional:-->
               <siri:IncrementalUpdates>false</siri:IncrementalUpdates>
               <!--Optional:-->
               <siri:Extensions>
                  <!--You may enter ANY elements at this point-->
               </siri:Extensions>
            </siri:FacilityMonitoringSubscriptionRequest>
            <!--1 or more repetitions:-->
            <siri:SituationExchangeSubscriptionRequest>
               <!--Optional:-->
               <siri:SubscriberRef>?</siri:SubscriberRef>
               <siri:SubscriptionIdentifier>?</siri:SubscriptionIdentifier>
               <siri:InitialTerminationTime>?</siri:InitialTerminationTime>
               <siri:SituationExchangeRequest version="2.0">
                  <siri:RequestTimestamp>?</siri:RequestTimestamp>
                  <!--Optional:-->
                  <siri:MessageIdentifier>?</siri:MessageIdentifier>
                  <!--Optional:-->
                  <siri:PreviewInterval>?</siri:PreviewInterval>
                  <!--Optional:-->
                  <siri:StartTime>?</siri:StartTime>
                  <!--Optional:-->
                  <siri:VehicleMode>unknown</siri:VehicleMode>
                  <!--You have a CHOICE of the next 7 items at this level-->
                  <siri:AirSubmode>unknown</siri:AirSubmode>
                  <siri:BusSubmode>unknown</siri:BusSubmode>
                  <siri:CoachSubmode>unknown</siri:CoachSubmode>
                  <siri:MetroSubmode>unknown</siri:MetroSubmode>
                  <siri:RailSubmode>unknown</siri:RailSubmode>
                  <siri:TramSubmode>unknown</siri:TramSubmode>
                  <siri:WaterSubmode>unknown</siri:WaterSubmode>
                  <!--Optional:-->
                  <siri:AccessMode>?</siri:AccessMode>
                  <!--Optional:-->
                  <siri:Severity>?</siri:Severity>
                  <!--Zero or more repetitions:-->
                  <siri:Scope>?</siri:Scope>
                  <!--Optional:-->
                  <siri:Predictability>?</siri:Predictability>
                  <!--Optional:-->
                  <siri:Keywords>?</siri:Keywords>
                  <!--Optional:-->
                  <siri:Verification>?</siri:Verification>
                  <!--Zero or more repetitions:-->
                  <siri:Progress>open</siri:Progress>
                  <!--Optional:-->
                  <siri:Reality>?</siri:Reality>
                  <!--Optional:-->
                  <siri:OperatorRef>?</siri:OperatorRef>
                  <!--Zero or more repetitions:-->
                  <siri:OperationalUnitRef>?</siri:OperationalUnitRef>
                  <!--Optional:-->
                  <siri:NetworkRef>?</siri:NetworkRef>
                  <!--Zero or more repetitions:-->
                  <siri:LineRef>?</siri:LineRef>
                  <!--Optional:-->
                  <siri:StopPointRef>?</siri:StopPointRef>
                  <!--Zero or more repetitions:-->
                  <siri:ConnectionLinkRef>?</siri:ConnectionLinkRef>
                  <!--Zero or more repetitions:-->
                  <siri:FacilityRef>?</siri:FacilityRef>
                  <!--Optional:-->
                  <siri:StopPlaceRef>?</siri:StopPlaceRef>
                  <!--You have a CHOICE of the next 2 items at this level-->
                  <siri:FramedVehicleJourneyRef>
                     <siri:DataFrameRef>?</siri:DataFrameRef>
                     <siri:DatedVehicleJourneyRef>?</siri:DatedVehicleJourneyRef>
                  </siri:FramedVehicleJourneyRef>
                  <siri:VehicleJourneyRef>?</siri:VehicleJourneyRef>
                  <!--Optional:-->
                  <siri:InterchangeRef>?</siri:InterchangeRef>
                  <!--Optional:-->
                  <siri:VehicleRef>?</siri:VehicleRef>
                  <!--Optional:-->
                  <siri:CountryRef>?</siri:CountryRef>
                  <!--Optional:-->
                  <siri:PlaceRef>?</siri:PlaceRef>
                  <!--0 to 2 repetitions:-->
                  <siri:Location id="?" srsName="?">
                     <!--You have a CHOICE of the next 2 items at this level-->
                     <siri:Longitude>?</siri:Longitude>
                     <siri:Latitude>?</siri:Latitude>
                     <siri:Coordinates>?</siri:Coordinates>
                     <!--Optional:-->
                     <siri:Precision>?</siri:Precision>
                  </siri:Location>
                  <!--Optional:-->
                  <siri:SituationRoadFilter>
                     <!--1 or more repetitions:-->
                     <siri:RoadFilter>
                        <!--Optional:-->
                        <siri:roadNumber>?</siri:roadNumber>
                        <!--Optional:-->
                        <siri:directionBound>?</siri:directionBound>
                        <!--Optional:-->
                        <siri:referencePointIdentifier>?</siri:referencePointIdentifier>
                     </siri:RoadFilter>
                  </siri:SituationRoadFilter>
                  <!--Zero or more repetitions:-->
                  <siri:AccessibilityNeedFilter>
                     <!--Zero or more repetitions:-->
                     <acsb:UserNeed>
                        <!--You have a CHOICE of the next 4 items at this level-->
                        <acsb:MobilityNeed>?</acsb:MobilityNeed>
                        <acsb:PsychosensoryNeed>?</acsb:PsychosensoryNeed>
                        <acsb:MedicalNeed>?</acsb:MedicalNeed>
                        <acsb:EncumbranceNeed>?</acsb:EncumbranceNeed>
                        <!--Optional:-->
                        <acsb:Excluded>?</acsb:Excluded>
                        <!--Optional:-->
                        <acsb:NeedRanking>?</acsb:NeedRanking>
                        <!--Optional:-->
                        <acsb:Extensions>?</acsb:Extensions>
                     </acsb:UserNeed>
                     <!--Optional:-->
                     <acsb:AccompaniedByCarer>?</acsb:AccompaniedByCarer>
                  </siri:AccessibilityNeedFilter>
                  <!--Optional:-->
                  <siri:Language>en</siri:Language>
                  <!--Optional:-->
                  <siri:IncludeTranslations>?</siri:IncludeTranslations>
                  <!--Optional:-->
                  <siri:MaximumNumberOfSituationElements>?</siri:MaximumNumberOfSituationElements>
                  <!--Optional:-->
                  <siri:Extensions>
                     <!--You may enter ANY elements at this point-->
                  </siri:Extensions>
               </siri:SituationExchangeRequest>
               <!--Optional:-->
               <siri:IncrementalUpdates>false</siri:IncrementalUpdates>
               <!--Optional:-->
               <siri:Extensions>
                  <!--You may enter ANY elements at this point-->
               </siri:Extensions>
            </siri:SituationExchangeSubscriptionRequest>
         </Request>
         <RequestExtension>
            <!--You may enter ANY elements at this point-->
         </RequestExtension>
      </wsdl:Subscribe>
   </soapenv:Body>
</soapenv:Envelope>]]></con:request><con:credentials><con:authType>Global HTTP Settings</con:authType></con:credentials><con:jmsConfig JMSDeliveryMode="PERSISTENT"/><con:jmsPropertyConfig/><con:wsaConfig mustUnderstand="NONE" version="200508" action="Subscribe"/><con:wsrmConfig version="1.2"/></con:call></con:operation></con:interface><con:interface xsi:type="con:WsdlInterface" wsaVersion="NONE" name="SiriSOAPBinding" type="wsdl" bindingName="{http://new.webservice.namespace}SiriSOAPBinding" soapVersion="1_1" anonymous="optional" definition="file:/home/workspace/stif/commons/siri/src/main/wsdl/wsdl2-4/xsd/siri_wsProducer.wsdl" xmlns:xsi="http://www.w3.org/2001/XMLSchema-instance"><con:settings/><con:definitionCache/><con:endpoints><con:endpoint>http://www.siri-service-location.com</con:endpoint></con:endpoints><con:operation isOneWay="false" action="CheckStatus" name="CheckStatus" bindingOperationName="CheckStatus" type="Request-Response" inputName="" receivesAttachments="false" sendsAttachments="false" anonymous="optional"><con:settings/><con:call name="test328-Request"><con:settings><con:setting id="com.eviware.soapui.impl.wsdl.WsdlRequest@request-headers">&lt;xml-fragment/></con:setting></con:settings><con:encoding>UTF-8</con:encoding><con:endpoint>http://10.222.37.16:9101/emission/SiriRelais/SOAPPort</con:endpoint><con:request><![CDATA[<soapenv:Envelope xmlns:soapenv="http://schemas.xmlsoap.org/soap/envelope/" xmlns:new="http://wsdl.siri.org.uk" xmlns:siri="http://www.siri.org.uk/">
   <soapenv:Header/>
   <soapenv:Body>
      <new:CheckStatus>
         <Request>
            <siri:RequestTimestamp>${=javax.xml.datatype.DatatypeFactory.newInstance().newXMLGregorianCalendar(GregorianCalendar.getInstance())}</siri:RequestTimestamp>
            <siri:RequestorRef>100WSIVSIRI</siri:RequestorRef>
            <!--Optional:-->
            <siri:MessageIdentifier>100WSIVSIRI:Message::1:LOC</siri:MessageIdentifier>
         </Request>
<!--         <RequestExtension>
         </RequestExtension>
-->      </new:CheckStatus>
   </soapenv:Body>
</soapenv:Envelope>]]></con:request><con:credentials><con:selectedAuthProfile>Basic</con:selectedAuthProfile><con:addedBasicAuthenticationTypes>Basic</con:addedBasicAuthenticationTypes><con:authType>Global HTTP Settings</con:authType></con:credentials><con:jmsConfig JMSDeliveryMode="PERSISTENT"/><con:jmsPropertyConfig/><con:wsaConfig mustUnderstand="NONE" version="200508" action="CheckStatus"/><con:wsrmConfig version="1.2"/></con:call><con:call name="test329-Request"><con:settings><con:setting id="com.eviware.soapui.impl.wsdl.WsdlRequest@request-headers">&lt;xml-fragment/></con:setting></con:settings><con:encoding>UTF-8</con:encoding><con:endpoint>http://10.222.36.237:8080/emission/SiriRelais/SOAPPort</con:endpoint><con:request><![CDATA[<soapenv:Envelope xmlns:soapenv="http://schemas.xmlsoap.org/soap/envelope/" xmlns:new="http://wsdl.siri.org.uk" xmlns:siri="http://www.siri.org.uk/">
   <soapenv:Header/>
   <soapenv:Body>
      <new:CheckStatus>
         <Request>
            <siri:RequestTimestamp>${=javax.xml.datatype.DatatypeFactory.newInstance().newXMLGregorianCalendar(GregorianCalendar.getInstance())}</siri:RequestTimestamp>
		  
		  <!--Suppression du RequestorRef :-->
            <!--<siri:RequestorRef>100WSIVSIRI</siri:RequestorRef>-->
            <!--Optional:-->
            <siri:MessageIdentifier>100WSIVSIRI:Message::1:LOC</siri:MessageIdentifier>
         </Request>
         <RequestExtension>
            <!--You may enter ANY elements at this point-->
         </RequestExtension>
      </new:CheckStatus>
   </soapenv:Body>
</soapenv:Envelope>]]></con:request><con:credentials><con:authType>Global HTTP Settings</con:authType></con:credentials><con:jmsConfig JMSDeliveryMode="PERSISTENT"/><con:jmsPropertyConfig/><con:wsaConfig mustUnderstand="NONE" version="200508" action="CheckStatus"/><con:wsrmConfig version="1.2"/></con:call><con:call name="test329_1-Request"><con:settings><con:setting id="com.eviware.soapui.impl.wsdl.WsdlRequest@request-headers">&lt;xml-fragment/></con:setting></con:settings><con:encoding>UTF-8</con:encoding><con:endpoint>http://10.222.37.16:9101/emission/SiriRelais/SOAPPort</con:endpoint><con:request><![CDATA[<soapenv:Envelope xmlns:soapenv="http://schemas.xmlsoap.org/soap/envelope/" xmlns:new="http://wsdl.siri.org.uk" xmlns:siri="http://www.siri.org.uk/">
   <soapenv:Header/>
   <soapenv:Body>
      <new:CheckStatus>
         <Request>
            <siri:RequestTimestamp>${=javax.xml.datatype.DatatypeFactory.newInstance().newXMLGregorianCalendar(GregorianCalendar.getInstance())}</siri:RequestTimestamp>
	  
            <siri:RequestorRef>100WSIVSIRI</siri:RequestorRef>
            <!--<siri:-->MessageIdentifier>100WSIVSIRI:Message::1:LOC</siri:MessageIdentifier>
         </Request>
         <RequestExtension>
            <!--You may enter ANY elements at this point-->
         </RequestExtension>
      </new:CheckStatus>
   </soapenv:Body>
</soapenv:Envelope>]]></con:request><con:credentials><con:authType>Global HTTP Settings</con:authType></con:credentials><con:jmsConfig JMSDeliveryMode="PERSISTENT"/><con:jmsPropertyConfig/><con:wsaConfig mustUnderstand="NONE" version="200508" action="CheckStatus"/><con:wsrmConfig version="1.2"/></con:call><con:call name="test329_2-Request"><con:settings><con:setting id="com.eviware.soapui.impl.wsdl.WsdlRequest@request-headers">&lt;xml-fragment/></con:setting></con:settings><con:encoding>UTF-8</con:encoding><con:endpoint>http://10.222.37.16:9101/emission/SiriRelais/SOAPPort</con:endpoint><con:request><![CDATA[<soapenv:Envelope xmlns:soapenv="http://schemas.xmlsoap.org/soap/envelope/" xmlns:new="http://wsdl.siri.org.uk" xmlns:siri="http://www.siri.org.uk/">
   <soapenv:Header/>
   <soapenv:Body>
      <new:CheckStatus>
         <Request>
            <siri:RequestTimestamp>${=javax.xml.datatype.DatatypeFactory.newInstance().newXMLGregorianCalendar(GregorianCalendar.getInstance())}</siri:RequestTimestamp>
	  
		  <!--RequestorRef inconnu -->
            <siri:RequestorRef>toto</siri:RequestorRef>
            <!--Optional:-->
            <siri:MessageIdentifier>100WSIVSIRI:Message::1:LOC</siri:MessageIdentifier>
         </Request>
         <RequestExtension>
            <!--You may enter ANY elements at this point-->
         </RequestExtension>
      </new:CheckStatus>
   </soapenv:Body>
</soapenv:Envelope>]]></con:request><con:credentials><con:authType>Global HTTP Settings</con:authType></con:credentials><con:jmsConfig JMSDeliveryMode="PERSISTENT"/><con:jmsPropertyConfig/><con:wsaConfig mustUnderstand="NONE" version="200508" action="CheckStatus"/><con:wsrmConfig version="1.2"/></con:call><con:call name="test329_3-Request"><con:settings><con:setting id="com.eviware.soapui.impl.wsdl.WsdlRequest@request-headers">&lt;xml-fragment/></con:setting></con:settings><con:encoding>UTF-8</con:encoding><con:endpoint>http://10.222.37.16:9101/emission/SiriRelais/SOAPPort</con:endpoint><con:request><![CDATA[<soapenv:Envelope xmlns:soapenv="http://schemas.xmlsoap.org/soap/envelope/" xmlns:new="http://wsdl.siri.org.uk" xmlns:siri="http://www.siri.org.uk/">
   <soapenv:Header/>
   <soapenv:Body>
      <new:CheckStatus>
         <Request>
            <siri:RequestTimestamp>${=javax.xml.datatype.DatatypeFactory.newInstance().newXMLGregorianCalendar(GregorianCalendar.getInstance())}</siri:RequestTimestamp>
	  
		  <!--RequestorRef inconnu -->
            <siri:RequestorRef>100WSIVSIRI</siri:RequestorRef>
            <!--Optional:-->
            <siri:MessageIdentifier>::::LOC</siri:MessageIdentifier>
         </Request>
         <RequestExtension>
            <!--You may enter ANY elements at this point-->
         </RequestExtension>
      </new:CheckStatus>
   </soapenv:Body>
</soapenv:Envelope>]]></con:request><con:credentials><con:authType>Global HTTP Settings</con:authType></con:credentials><con:jmsConfig JMSDeliveryMode="PERSISTENT"/><con:jmsPropertyConfig/><con:wsaConfig mustUnderstand="NONE" version="200508" action="CheckStatus"/><con:wsrmConfig version="1.2"/></con:call></con:operation><con:operation isOneWay="false" action="urn:#DataSupply" name="DataSupply" bindingOperationName="DataSupply" type="Request-Response" inputName="" receivesAttachments="false" sendsAttachments="false" anonymous="optional"><con:settings/><con:call name="Request 1"><con:settings/><con:encoding>UTF-8</con:encoding><con:endpoint>http://www.siri-service-location.com</con:endpoint><con:request><![CDATA[<soapenv:Envelope xmlns:soapenv="http://schemas.xmlsoap.org/soap/envelope/" xmlns:new="http://new.webservice.namespace" xmlns:siri="http://www.siri.org.uk/">
   <soapenv:Header/>
   <soapenv:Body>
      <new:DataSupply>
         <DataSupplyRequestInfo>
            <siri:RequestTimestamp>?</siri:RequestTimestamp>
            <!--Optional:-->
            <siri:Address>?</siri:Address>
            <!--Optional:-->
            <siri:ConsumerRef>?</siri:ConsumerRef>
            <!--Optional:-->
            <siri:MessageIdentifier>?</siri:MessageIdentifier>
         </DataSupplyRequestInfo>
         <Request>
            <!--Optional:-->
            <siri:NotificationRef>?</siri:NotificationRef>
            <!--Optional:-->
            <siri:AllData>false</siri:AllData>
         </Request>
         <RequestExtension>
            <!--You may enter ANY elements at this point-->
         </RequestExtension>
      </new:DataSupply>
   </soapenv:Body>
</soapenv:Envelope>]]></con:request><con:wsaConfig mustUnderstand="NONE" version="200508" action="urn:#DataSupply"/></con:call></con:operation><con:operation isOneWay="false" action="urn:#DeleteSubscription" name="DeleteSubscription" bindingOperationName="DeleteSubscription" type="Request-Response" inputName="" receivesAttachments="false" sendsAttachments="false" anonymous="optional"><con:settings/><con:call name="Request 1"><con:settings/><con:encoding>UTF-8</con:encoding><con:endpoint>http://www.siri-service-location.com</con:endpoint><con:request><![CDATA[<soapenv:Envelope xmlns:soapenv="http://schemas.xmlsoap.org/soap/envelope/" xmlns:new="http://new.webservice.namespace" xmlns:siri="http://www.siri.org.uk/">
   <soapenv:Header/>
   <soapenv:Body>
      <new:DeleteSubscription>
         <DeleteSubscriptionInfo>
            <siri:RequestTimestamp>?</siri:RequestTimestamp>
            <!--Optional:-->
            <siri:Address>?</siri:Address>
            <siri:RequestorRef>?</siri:RequestorRef>
            <!--Optional:-->
            <siri:MessageIdentifier>?</siri:MessageIdentifier>
         </DeleteSubscriptionInfo>
         <Request>
            <!--You have a CHOICE of the next 2 items at this level-->
            <siri:All>?</siri:All>
            <!--1 or more repetitions:-->
            <siri:SubscriptionRef>?</siri:SubscriptionRef>
         </Request>
         <RequestExtension>
            <!--You may enter ANY elements at this point-->
         </RequestExtension>
      </new:DeleteSubscription>
   </soapenv:Body>
</soapenv:Envelope>]]></con:request><con:wsaConfig mustUnderstand="NONE" version="200508" action="urn:#DeleteSubscription"/></con:call></con:operation><con:operation isOneWay="false" action="GetCapabilities" name="GetCapabilities" bindingOperationName="GetCapabilities" type="Request-Response" inputName="" receivesAttachments="false" sendsAttachments="false" anonymous="optional"><con:settings/><con:call name="Request 1"><con:settings/><con:encoding>UTF-8</con:encoding><con:endpoint>http://www.siri-service-location.com</con:endpoint><con:request><![CDATA[<soapenv:Envelope xmlns:soapenv="http://schemas.xmlsoap.org/soap/envelope/" xmlns:new="http://new.webservice.namespace" xmlns:siri="http://www.siri.org.uk/">
   <soapenv:Header/>
   <soapenv:Body>
      <new:GetCapabilities>
         <Request version="1.0">
            <siri:RequestTimestamp>?</siri:RequestTimestamp>
            <!--Optional:-->
            <siri:Address>?</siri:Address>
            <siri:RequestorRef>?</siri:RequestorRef>
            <!--Optional:-->
            <siri:MessageIdentifier>?</siri:MessageIdentifier>
            <!--Optional:-->
            <siri:ProductionTimetableCapabilitiesRequest>
               <siri:RequestTimestamp>?</siri:RequestTimestamp>
               <!--Optional:-->
               <siri:MessageIdentifier>?</siri:MessageIdentifier>
               <!--Optional:-->
               <siri:ParticipantPermissions>false</siri:ParticipantPermissions>
               <!--Optional:-->
               <siri:Extensions>
                  <!--You may enter ANY elements at this point-->
               </siri:Extensions>
            </siri:ProductionTimetableCapabilitiesRequest>
            <!--Optional:-->
            <siri:EstimatedTimetableCapabilitiesRequest>
               <siri:RequestTimestamp>?</siri:RequestTimestamp>
               <!--Optional:-->
               <siri:MessageIdentifier>?</siri:MessageIdentifier>
               <!--Optional:-->
               <siri:ParticipantPermissions>false</siri:ParticipantPermissions>
               <!--Optional:-->
               <siri:Extensions>
                  <!--You may enter ANY elements at this point-->
               </siri:Extensions>
            </siri:EstimatedTimetableCapabilitiesRequest>
            <!--Optional:-->
            <siri:StopTimetableCapabilitiesRequest>
               <siri:RequestTimestamp>?</siri:RequestTimestamp>
               <!--Optional:-->
               <siri:MessageIdentifier>?</siri:MessageIdentifier>
               <!--Optional:-->
               <siri:ParticipantPermissions>false</siri:ParticipantPermissions>
               <!--Optional:-->
               <siri:Extensions>
                  <!--You may enter ANY elements at this point-->
               </siri:Extensions>
            </siri:StopTimetableCapabilitiesRequest>
            <!--Optional:-->
            <siri:StopMonitoringCapabilitiesRequest>
               <siri:RequestTimestamp>?</siri:RequestTimestamp>
               <!--Optional:-->
               <siri:MessageIdentifier>?</siri:MessageIdentifier>
               <!--Optional:-->
               <siri:ParticipantPermissions>false</siri:ParticipantPermissions>
               <!--Optional:-->
               <siri:Extensions>
                  <!--You may enter ANY elements at this point-->
               </siri:Extensions>
            </siri:StopMonitoringCapabilitiesRequest>
            <!--Optional:-->
            <siri:VehicleMonitoringCapabilitiesRequest>
               <siri:RequestTimestamp>?</siri:RequestTimestamp>
               <!--Optional:-->
               <siri:MessageIdentifier>?</siri:MessageIdentifier>
               <!--Optional:-->
               <siri:ParticipantPermissions>false</siri:ParticipantPermissions>
               <!--Optional:-->
               <siri:Extensions>
                  <!--You may enter ANY elements at this point-->
               </siri:Extensions>
            </siri:VehicleMonitoringCapabilitiesRequest>
            <!--Optional:-->
            <siri:ConnectionTimetableCapabilitiesRequest>
               <siri:RequestTimestamp>?</siri:RequestTimestamp>
               <!--Optional:-->
               <siri:MessageIdentifier>?</siri:MessageIdentifier>
               <!--Optional:-->
               <siri:ParticipantPermissions>false</siri:ParticipantPermissions>
               <!--Optional:-->
               <siri:Extensions>
                  <!--You may enter ANY elements at this point-->
               </siri:Extensions>
            </siri:ConnectionTimetableCapabilitiesRequest>
            <!--Optional:-->
            <siri:ConnectionMonitoringCapabilitiesRequest>
               <siri:RequestTimestamp>?</siri:RequestTimestamp>
               <!--Optional:-->
               <siri:MessageIdentifier>?</siri:MessageIdentifier>
               <!--Optional:-->
               <siri:ParticipantPermissions>false</siri:ParticipantPermissions>
               <!--Optional:-->
               <siri:Extensions>
                  <!--You may enter ANY elements at this point-->
               </siri:Extensions>
            </siri:ConnectionMonitoringCapabilitiesRequest>
            <!--Optional:-->
            <siri:GeneralMessageCapabilitiesRequest>
               <siri:RequestTimestamp>?</siri:RequestTimestamp>
               <!--Optional:-->
               <siri:MessageIdentifier>?</siri:MessageIdentifier>
               <!--Optional:-->
               <siri:ParticipantPermissions>false</siri:ParticipantPermissions>
               <!--Optional:-->
               <siri:Extensions>
                  <!--You may enter ANY elements at this point-->
               </siri:Extensions>
            </siri:GeneralMessageCapabilitiesRequest>
            <!--Optional:-->
            <siri:FacilityMonitoringCapabilitiesRequest>
               <siri:RequestTimestamp>?</siri:RequestTimestamp>
               <!--Optional:-->
               <siri:MessageIdentifier>?</siri:MessageIdentifier>
               <!--Optional:-->
               <siri:ParticipantPermissions>false</siri:ParticipantPermissions>
               <!--Optional:-->
               <siri:Extensions>
                  <!--You may enter ANY elements at this point-->
               </siri:Extensions>
            </siri:FacilityMonitoringCapabilitiesRequest>
         </Request>
         <RequestExtension>
            <!--You may enter ANY elements at this point-->
         </RequestExtension>
      </new:GetCapabilities>
   </soapenv:Body>
</soapenv:Envelope>]]></con:request><con:wsaConfig mustUnderstand="NONE" version="200508" action="GetCapabilities"/></con:call></con:operation><con:operation isOneWay="false" action="GetConnectionMonitoring" name="GetConnectionMonitoring" bindingOperationName="GetConnectionMonitoring" type="Request-Response" inputName="" receivesAttachments="false" sendsAttachments="false" anonymous="optional"><con:settings/><con:call name="Request 1"><con:settings/><con:encoding>UTF-8</con:encoding><con:endpoint>http://www.siri-service-location.com</con:endpoint><con:request><![CDATA[<soapenv:Envelope xmlns:soapenv="http://schemas.xmlsoap.org/soap/envelope/" xmlns:new="http://new.webservice.namespace" xmlns:siri="http://www.siri.org.uk/">
   <soapenv:Header/>
   <soapenv:Body>
      <new:GetConnectionMonitoring>
         <ServiceRequestInfo>
            <!--Optional:-->
            <siri:ServiceRequestContext>
               <!--Optional:-->
               <siri:CheckStatusAddress>?</siri:CheckStatusAddress>
               <!--Optional:-->
               <siri:SubscribeAddress>?</siri:SubscribeAddress>
               <!--Optional:-->
               <siri:ManageSubscriptionAddress>?</siri:ManageSubscriptionAddress>
               <!--Optional:-->
               <siri:GetDataAddress>?</siri:GetDataAddress>
               <!--Optional:-->
               <siri:StatusResponseAddress>?</siri:StatusResponseAddress>
               <!--Optional:-->
               <siri:SubscriberAddress>?</siri:SubscriberAddress>
               <!--Optional:-->
               <siri:NotifyAddress>?</siri:NotifyAddress>
               <!--Optional:-->
               <siri:ConsumerAddress>?</siri:ConsumerAddress>
               <!--Optional:-->
               <siri:DataNameSpaces>
                  <!--Optional:-->
                  <siri:StopPointNameSpace>?</siri:StopPointNameSpace>
                  <!--Optional:-->
                  <siri:LineNameSpace>?</siri:LineNameSpace>
                  <!--Optional:-->
                  <siri:ProductCategoryNameSpace>?</siri:ProductCategoryNameSpace>
                  <!--Optional:-->
                  <siri:ServiceFeatureNameSpace>?</siri:ServiceFeatureNameSpace>
                  <!--Optional:-->
                  <siri:VehicleFeatureNameSpace>?</siri:VehicleFeatureNameSpace>
               </siri:DataNameSpaces>
               <!--Optional:-->
               <siri:Language>en</siri:Language>
               <!--You have a CHOICE of the next 2 items at this level-->
               <siri:WgsDecimalDegrees>?</siri:WgsDecimalDegrees>
               <siri:GmlCoordinateFormat>?</siri:GmlCoordinateFormat>
               <!--Optional:-->
               <siri:DataHorizon>?</siri:DataHorizon>
               <!--Optional:-->
               <siri:RequestTimeout>?</siri:RequestTimeout>
               <!--Optional:-->
               <siri:DeliveryMethod>direct</siri:DeliveryMethod>
               <!--Optional:-->
               <siri:MultipartDespatch>?</siri:MultipartDespatch>
               <!--Optional:-->
               <siri:ConfirmDelivery>false</siri:ConfirmDelivery>
               <!--Optional:-->
               <siri:MaximimumNumberOfSubscriptions>?</siri:MaximimumNumberOfSubscriptions>
               <!--Optional:-->
               <siri:AllowedPredictors>anyone</siri:AllowedPredictors>
               <!--Optional:-->
               <siri:PredictionFunction>?</siri:PredictionFunction>
            </siri:ServiceRequestContext>
            <siri:RequestTimestamp>?</siri:RequestTimestamp>
            <!--Optional:-->
            <siri:Address>?</siri:Address>
            <siri:RequestorRef>?</siri:RequestorRef>
            <!--Optional:-->
            <siri:MessageIdentifier>?</siri:MessageIdentifier>
         </ServiceRequestInfo>
         <Request version="1.0">
            <siri:RequestTimestamp>?</siri:RequestTimestamp>
            <!--Optional:-->
            <siri:MessageIdentifier>?</siri:MessageIdentifier>
            <!--Optional:-->
            <siri:PreviewInterval>?</siri:PreviewInterval>
            <siri:ConnectionLinkRef>?</siri:ConnectionLinkRef>
            <!--You have a CHOICE of the next 2 items at this level-->
            <siri:ConnectingTimeFilter>
               <siri:LineRef>?</siri:LineRef>
               <siri:DirectionRef>?</siri:DirectionRef>
               <!--Optional:-->
               <siri:EarliestArrivalTime>?</siri:EarliestArrivalTime>
               <!--Optional:-->
               <siri:LatestArrivalTime>?</siri:LatestArrivalTime>
            </siri:ConnectingTimeFilter>
            <!--1 or more repetitions:-->
            <siri:ConnectingJourneyFilter>
               <siri:DatedVehicleJourneyRef>?</siri:DatedVehicleJourneyRef>
               <!--Optional:-->
               <siri:VisitNumber>?</siri:VisitNumber>
               <siri:TimetabledArrivalTime>?</siri:TimetabledArrivalTime>
            </siri:ConnectingJourneyFilter>
            <!--Optional:-->
            <siri:Language>en</siri:Language>
            <!--Optional:-->
            <siri:Extensions>
               <!--You may enter ANY elements at this point-->
            </siri:Extensions>
         </Request>
         <RequestExtension>
            <!--You may enter ANY elements at this point-->
         </RequestExtension>
      </new:GetConnectionMonitoring>
   </soapenv:Body>
</soapenv:Envelope>]]></con:request><con:wsaConfig mustUnderstand="NONE" version="200508" action="GetConnectionMonitoring"/></con:call></con:operation><con:operation isOneWay="false" action="GetConnectionTimetable" name="GetConnectionTimetable" bindingOperationName="GetConnectionTimetable" type="Request-Response" inputName="" receivesAttachments="false" sendsAttachments="false" anonymous="optional"><con:settings/><con:call name="Request 1"><con:settings/><con:encoding>UTF-8</con:encoding><con:endpoint>http://www.siri-service-location.com</con:endpoint><con:request><![CDATA[<soapenv:Envelope xmlns:soapenv="http://schemas.xmlsoap.org/soap/envelope/" xmlns:new="http://new.webservice.namespace" xmlns:siri="http://www.siri.org.uk/">
   <soapenv:Header/>
   <soapenv:Body>
      <new:GetConnectionTimetable>
         <ServiceRequestInfo>
            <!--Optional:-->
            <siri:ServiceRequestContext>
               <!--Optional:-->
               <siri:CheckStatusAddress>?</siri:CheckStatusAddress>
               <!--Optional:-->
               <siri:SubscribeAddress>?</siri:SubscribeAddress>
               <!--Optional:-->
               <siri:ManageSubscriptionAddress>?</siri:ManageSubscriptionAddress>
               <!--Optional:-->
               <siri:GetDataAddress>?</siri:GetDataAddress>
               <!--Optional:-->
               <siri:StatusResponseAddress>?</siri:StatusResponseAddress>
               <!--Optional:-->
               <siri:SubscriberAddress>?</siri:SubscriberAddress>
               <!--Optional:-->
               <siri:NotifyAddress>?</siri:NotifyAddress>
               <!--Optional:-->
               <siri:ConsumerAddress>?</siri:ConsumerAddress>
               <!--Optional:-->
               <siri:DataNameSpaces>
                  <!--Optional:-->
                  <siri:StopPointNameSpace>?</siri:StopPointNameSpace>
                  <!--Optional:-->
                  <siri:LineNameSpace>?</siri:LineNameSpace>
                  <!--Optional:-->
                  <siri:ProductCategoryNameSpace>?</siri:ProductCategoryNameSpace>
                  <!--Optional:-->
                  <siri:ServiceFeatureNameSpace>?</siri:ServiceFeatureNameSpace>
                  <!--Optional:-->
                  <siri:VehicleFeatureNameSpace>?</siri:VehicleFeatureNameSpace>
               </siri:DataNameSpaces>
               <!--Optional:-->
               <siri:Language>en</siri:Language>
               <!--You have a CHOICE of the next 2 items at this level-->
               <siri:WgsDecimalDegrees>?</siri:WgsDecimalDegrees>
               <siri:GmlCoordinateFormat>?</siri:GmlCoordinateFormat>
               <!--Optional:-->
               <siri:DataHorizon>?</siri:DataHorizon>
               <!--Optional:-->
               <siri:RequestTimeout>?</siri:RequestTimeout>
               <!--Optional:-->
               <siri:DeliveryMethod>direct</siri:DeliveryMethod>
               <!--Optional:-->
               <siri:MultipartDespatch>?</siri:MultipartDespatch>
               <!--Optional:-->
               <siri:ConfirmDelivery>false</siri:ConfirmDelivery>
               <!--Optional:-->
               <siri:MaximimumNumberOfSubscriptions>?</siri:MaximimumNumberOfSubscriptions>
               <!--Optional:-->
               <siri:AllowedPredictors>anyone</siri:AllowedPredictors>
               <!--Optional:-->
               <siri:PredictionFunction>?</siri:PredictionFunction>
            </siri:ServiceRequestContext>
            <siri:RequestTimestamp>?</siri:RequestTimestamp>
            <!--Optional:-->
            <siri:Address>?</siri:Address>
            <siri:RequestorRef>?</siri:RequestorRef>
            <!--Optional:-->
            <siri:MessageIdentifier>?</siri:MessageIdentifier>
         </ServiceRequestInfo>
         <Request version="1.0">
            <siri:RequestTimestamp>?</siri:RequestTimestamp>
            <!--Optional:-->
            <siri:MessageIdentifier>?</siri:MessageIdentifier>
            <!--Optional:-->
            <siri:ArrivalWindow>
               <siri:StartTime>?</siri:StartTime>
               <siri:EndTime>?</siri:EndTime>
            </siri:ArrivalWindow>
            <siri:ConnectionLinkRef>?</siri:ConnectionLinkRef>
            <!--Optional:-->
            <siri:LineRef>?</siri:LineRef>
            <!--Optional:-->
            <siri:DirectionRef>?</siri:DirectionRef>
            <!--Optional:-->
            <siri:Language>en</siri:Language>
         </Request>
         <RequestExtension>
            <!--You may enter ANY elements at this point-->
         </RequestExtension>
      </new:GetConnectionTimetable>
   </soapenv:Body>
</soapenv:Envelope>]]></con:request><con:wsaConfig mustUnderstand="NONE" version="200508" action="GetConnectionTimetable"/></con:call></con:operation><con:operation isOneWay="false" action="GetEstimatedTimetable" name="GetEstimatedTimetable" bindingOperationName="GetEstimatedTimetable" type="Request-Response" inputName="" receivesAttachments="false" sendsAttachments="false" anonymous="optional"><con:settings/><con:call name="Request 1"><con:settings/><con:encoding>UTF-8</con:encoding><con:endpoint>http://www.siri-service-location.com</con:endpoint><con:request><![CDATA[<soapenv:Envelope xmlns:soapenv="http://schemas.xmlsoap.org/soap/envelope/" xmlns:new="http://new.webservice.namespace" xmlns:siri="http://www.siri.org.uk/">
   <soapenv:Header/>
   <soapenv:Body>
      <new:GetEstimatedTimetable>
         <ServiceRequestInfo>
            <!--Optional:-->
            <siri:ServiceRequestContext>
               <!--Optional:-->
               <siri:CheckStatusAddress>?</siri:CheckStatusAddress>
               <!--Optional:-->
               <siri:SubscribeAddress>?</siri:SubscribeAddress>
               <!--Optional:-->
               <siri:ManageSubscriptionAddress>?</siri:ManageSubscriptionAddress>
               <!--Optional:-->
               <siri:GetDataAddress>?</siri:GetDataAddress>
               <!--Optional:-->
               <siri:StatusResponseAddress>?</siri:StatusResponseAddress>
               <!--Optional:-->
               <siri:SubscriberAddress>?</siri:SubscriberAddress>
               <!--Optional:-->
               <siri:NotifyAddress>?</siri:NotifyAddress>
               <!--Optional:-->
               <siri:ConsumerAddress>?</siri:ConsumerAddress>
               <!--Optional:-->
               <siri:DataNameSpaces>
                  <!--Optional:-->
                  <siri:StopPointNameSpace>?</siri:StopPointNameSpace>
                  <!--Optional:-->
                  <siri:LineNameSpace>?</siri:LineNameSpace>
                  <!--Optional:-->
                  <siri:ProductCategoryNameSpace>?</siri:ProductCategoryNameSpace>
                  <!--Optional:-->
                  <siri:ServiceFeatureNameSpace>?</siri:ServiceFeatureNameSpace>
                  <!--Optional:-->
                  <siri:VehicleFeatureNameSpace>?</siri:VehicleFeatureNameSpace>
               </siri:DataNameSpaces>
               <!--Optional:-->
               <siri:Language>en</siri:Language>
               <!--You have a CHOICE of the next 2 items at this level-->
               <siri:WgsDecimalDegrees>?</siri:WgsDecimalDegrees>
               <siri:GmlCoordinateFormat>?</siri:GmlCoordinateFormat>
               <!--Optional:-->
               <siri:DataHorizon>?</siri:DataHorizon>
               <!--Optional:-->
               <siri:RequestTimeout>?</siri:RequestTimeout>
               <!--Optional:-->
               <siri:DeliveryMethod>direct</siri:DeliveryMethod>
               <!--Optional:-->
               <siri:MultipartDespatch>?</siri:MultipartDespatch>
               <!--Optional:-->
               <siri:ConfirmDelivery>false</siri:ConfirmDelivery>
               <!--Optional:-->
               <siri:MaximimumNumberOfSubscriptions>?</siri:MaximimumNumberOfSubscriptions>
               <!--Optional:-->
               <siri:AllowedPredictors>anyone</siri:AllowedPredictors>
               <!--Optional:-->
               <siri:PredictionFunction>?</siri:PredictionFunction>
            </siri:ServiceRequestContext>
            <siri:RequestTimestamp>?</siri:RequestTimestamp>
            <!--Optional:-->
            <siri:Address>?</siri:Address>
            <siri:RequestorRef>?</siri:RequestorRef>
            <!--Optional:-->
            <siri:MessageIdentifier>?</siri:MessageIdentifier>
         </ServiceRequestInfo>
         <Request version="1.0">
            <siri:RequestTimestamp>?</siri:RequestTimestamp>
            <!--Optional:-->
            <siri:MessageIdentifier>?</siri:MessageIdentifier>
            <!--Optional:-->
            <siri:PreviewInterval>?</siri:PreviewInterval>
            <!--Optional:-->
            <siri:TimetableVersionRef>?</siri:TimetableVersionRef>
            <!--Zero or more repetitions:-->
            <siri:OperatorRef>?</siri:OperatorRef>
            <siri:LineRef>?</siri:LineRef>
            <!--Optional:-->
            <siri:DirectionRef>?</siri:DirectionRef>
            <!--Optional:-->
            <siri:Language>en</siri:Language>
            <!--Optional:-->
            <siri:Extensions>
               <!--You may enter ANY elements at this point-->
            </siri:Extensions>
         </Request>
         <RequestExtension>
            <!--You may enter ANY elements at this point-->
         </RequestExtension>
      </new:GetEstimatedTimetable>
   </soapenv:Body>
</soapenv:Envelope>]]></con:request><con:wsaConfig mustUnderstand="NONE" version="200508" action="GetEstimatedTimetable"/></con:call></con:operation><con:operation isOneWay="false" action="GetFacilityMonitoring" name="GetFacilityMonitoring" bindingOperationName="GetFacilityMonitoring" type="Request-Response" inputName="" receivesAttachments="false" sendsAttachments="false" anonymous="optional"><con:settings/><con:call name="Request 1"><con:settings/><con:encoding>UTF-8</con:encoding><con:endpoint>http://www.siri-service-location.com</con:endpoint><con:request><![CDATA[<soapenv:Envelope xmlns:soapenv="http://schemas.xmlsoap.org/soap/envelope/" xmlns:new="http://new.webservice.namespace" xmlns:siri="http://www.siri.org.uk/">
   <soapenv:Header/>
   <soapenv:Body>
      <new:GetFacilityMonitoring>
         <ServiceRequestInfo>
            <!--Optional:-->
            <siri:ServiceRequestContext>
               <!--Optional:-->
               <siri:CheckStatusAddress>?</siri:CheckStatusAddress>
               <!--Optional:-->
               <siri:SubscribeAddress>?</siri:SubscribeAddress>
               <!--Optional:-->
               <siri:ManageSubscriptionAddress>?</siri:ManageSubscriptionAddress>
               <!--Optional:-->
               <siri:GetDataAddress>?</siri:GetDataAddress>
               <!--Optional:-->
               <siri:StatusResponseAddress>?</siri:StatusResponseAddress>
               <!--Optional:-->
               <siri:SubscriberAddress>?</siri:SubscriberAddress>
               <!--Optional:-->
               <siri:NotifyAddress>?</siri:NotifyAddress>
               <!--Optional:-->
               <siri:ConsumerAddress>?</siri:ConsumerAddress>
               <!--Optional:-->
               <siri:DataNameSpaces>
                  <!--Optional:-->
                  <siri:StopPointNameSpace>?</siri:StopPointNameSpace>
                  <!--Optional:-->
                  <siri:LineNameSpace>?</siri:LineNameSpace>
                  <!--Optional:-->
                  <siri:ProductCategoryNameSpace>?</siri:ProductCategoryNameSpace>
                  <!--Optional:-->
                  <siri:ServiceFeatureNameSpace>?</siri:ServiceFeatureNameSpace>
                  <!--Optional:-->
                  <siri:VehicleFeatureNameSpace>?</siri:VehicleFeatureNameSpace>
               </siri:DataNameSpaces>
               <!--Optional:-->
               <siri:Language>en</siri:Language>
               <!--You have a CHOICE of the next 2 items at this level-->
               <siri:WgsDecimalDegrees>?</siri:WgsDecimalDegrees>
               <siri:GmlCoordinateFormat>?</siri:GmlCoordinateFormat>
               <!--Optional:-->
               <siri:DataHorizon>?</siri:DataHorizon>
               <!--Optional:-->
               <siri:RequestTimeout>?</siri:RequestTimeout>
               <!--Optional:-->
               <siri:DeliveryMethod>direct</siri:DeliveryMethod>
               <!--Optional:-->
               <siri:MultipartDespatch>?</siri:MultipartDespatch>
               <!--Optional:-->
               <siri:ConfirmDelivery>false</siri:ConfirmDelivery>
               <!--Optional:-->
               <siri:MaximimumNumberOfSubscriptions>?</siri:MaximimumNumberOfSubscriptions>
               <!--Optional:-->
               <siri:AllowedPredictors>anyone</siri:AllowedPredictors>
               <!--Optional:-->
               <siri:PredictionFunction>?</siri:PredictionFunction>
            </siri:ServiceRequestContext>
            <siri:RequestTimestamp>?</siri:RequestTimestamp>
            <!--Optional:-->
            <siri:Address>?</siri:Address>
            <siri:RequestorRef>?</siri:RequestorRef>
            <!--Optional:-->
            <siri:MessageIdentifier>?</siri:MessageIdentifier>
         </ServiceRequestInfo>
         <Request version="1.0">
            <siri:RequestTimestamp>?</siri:RequestTimestamp>
            <!--Optional:-->
            <siri:MessageIdentifier>?</siri:MessageIdentifier>
            <!--Optional:-->
            <siri:StartTime>?</siri:StartTime>
            <!--Zero or more repetitions:-->
            <siri:FacilityRef>?</siri:FacilityRef>
            <!--Optional:-->
            <siri:StopPointRef>?</siri:StopPointRef>
            <!--Optional:-->
            <siri:LineRef>?</siri:LineRef>
            <!--Optional:-->
            <siri:ConnectionLinkRef>?</siri:ConnectionLinkRef>
            <!--Optional:-->
            <siri:VehicleRef>?</siri:VehicleRef>
            <!--Zero or more repetitions:-->
            <siri:SpecificlNeedFilter>?</siri:SpecificlNeedFilter>
            <!--Optional:-->
            <siri:Language>en</siri:Language>
            <!--Optional:-->
            <siri:MaximumNumberOfFacilityCondition>?</siri:MaximumNumberOfFacilityCondition>
            <!--Optional:-->
            <siri:Extensions>
               <!--You may enter ANY elements at this point-->
            </siri:Extensions>
         </Request>
         <RequestExtension>
            <!--You may enter ANY elements at this point-->
         </RequestExtension>
      </new:GetFacilityMonitoring>
   </soapenv:Body>
</soapenv:Envelope>]]></con:request><con:wsaConfig mustUnderstand="NONE" version="200508" action="GetFacilityMonitoring"/></con:call></con:operation><con:operation isOneWay="false" action="GetGeneralMessage" name="GetGeneralMessage" bindingOperationName="GetGeneralMessage" type="Request-Response" inputName="" receivesAttachments="false" sendsAttachments="false" anonymous="optional"><con:settings/><con:call name="Request 1"><con:settings/><con:encoding>UTF-8</con:encoding><con:endpoint>http://www.siri-service-location.com</con:endpoint><con:request><![CDATA[<soapenv:Envelope xmlns:soapenv="http://schemas.xmlsoap.org/soap/envelope/" xmlns:new="http://new.webservice.namespace" xmlns:siri="http://www.siri.org.uk/">
   <soapenv:Header/>
   <soapenv:Body>
      <new:GetGeneralMessage>
         <ServiceRequestInfo>
            <!--Optional:-->
            <siri:ServiceRequestContext>
               <!--Optional:-->
               <siri:CheckStatusAddress>?</siri:CheckStatusAddress>
               <!--Optional:-->
               <siri:SubscribeAddress>?</siri:SubscribeAddress>
               <!--Optional:-->
               <siri:ManageSubscriptionAddress>?</siri:ManageSubscriptionAddress>
               <!--Optional:-->
               <siri:GetDataAddress>?</siri:GetDataAddress>
               <!--Optional:-->
               <siri:StatusResponseAddress>?</siri:StatusResponseAddress>
               <!--Optional:-->
               <siri:SubscriberAddress>?</siri:SubscriberAddress>
               <!--Optional:-->
               <siri:NotifyAddress>?</siri:NotifyAddress>
               <!--Optional:-->
               <siri:ConsumerAddress>?</siri:ConsumerAddress>
               <!--Optional:-->
               <siri:DataNameSpaces>
                  <!--Optional:-->
                  <siri:StopPointNameSpace>?</siri:StopPointNameSpace>
                  <!--Optional:-->
                  <siri:LineNameSpace>?</siri:LineNameSpace>
                  <!--Optional:-->
                  <siri:ProductCategoryNameSpace>?</siri:ProductCategoryNameSpace>
                  <!--Optional:-->
                  <siri:ServiceFeatureNameSpace>?</siri:ServiceFeatureNameSpace>
                  <!--Optional:-->
                  <siri:VehicleFeatureNameSpace>?</siri:VehicleFeatureNameSpace>
               </siri:DataNameSpaces>
               <!--Optional:-->
               <siri:Language>en</siri:Language>
               <!--You have a CHOICE of the next 2 items at this level-->
               <siri:WgsDecimalDegrees>?</siri:WgsDecimalDegrees>
               <siri:GmlCoordinateFormat>?</siri:GmlCoordinateFormat>
               <!--Optional:-->
               <siri:DataHorizon>?</siri:DataHorizon>
               <!--Optional:-->
               <siri:RequestTimeout>?</siri:RequestTimeout>
               <!--Optional:-->
               <siri:DeliveryMethod>direct</siri:DeliveryMethod>
               <!--Optional:-->
               <siri:MultipartDespatch>?</siri:MultipartDespatch>
               <!--Optional:-->
               <siri:ConfirmDelivery>false</siri:ConfirmDelivery>
               <!--Optional:-->
               <siri:MaximimumNumberOfSubscriptions>?</siri:MaximimumNumberOfSubscriptions>
               <!--Optional:-->
               <siri:AllowedPredictors>anyone</siri:AllowedPredictors>
               <!--Optional:-->
               <siri:PredictionFunction>?</siri:PredictionFunction>
            </siri:ServiceRequestContext>
            <siri:RequestTimestamp>?</siri:RequestTimestamp>
            <!--Optional:-->
            <siri:Address>?</siri:Address>
            <siri:RequestorRef>?</siri:RequestorRef>
            <!--Optional:-->
            <siri:MessageIdentifier>?</siri:MessageIdentifier>
         </ServiceRequestInfo>
         <Request version="1.0">
            <siri:RequestTimestamp>?</siri:RequestTimestamp>
            <!--Optional:-->
            <siri:MessageIdentifier>?</siri:MessageIdentifier>
            <!--Zero or more repetitions:-->
            <siri:InfoChannelRef>?</siri:InfoChannelRef>
            <!--Optional:-->
            <siri:Language>en</siri:Language>
            <!--Optional:-->
            <siri:Extensions>
               <!--You may enter ANY elements at this point-->
            </siri:Extensions>
         </Request>
         <RequestExtension>
            <!--You may enter ANY elements at this point-->
         </RequestExtension>
      </new:GetGeneralMessage>
   </soapenv:Body>
</soapenv:Envelope>]]></con:request><con:wsaConfig mustUnderstand="NONE" version="200508" action="GetGeneralMessage"/></con:call></con:operation><con:operation isOneWay="false" action="GetProductionTimetable" name="GetProductionTimetable" bindingOperationName="GetProductionTimetable" type="Request-Response" inputName="" receivesAttachments="false" sendsAttachments="false" anonymous="optional"><con:settings/><con:call name="Request 1"><con:settings/><con:encoding>UTF-8</con:encoding><con:endpoint>http://www.siri-service-location.com</con:endpoint><con:request><![CDATA[<soapenv:Envelope xmlns:soapenv="http://schemas.xmlsoap.org/soap/envelope/" xmlns:new="http://new.webservice.namespace" xmlns:siri="http://www.siri.org.uk/">
   <soapenv:Header/>
   <soapenv:Body>
      <new:GetProductionTimetable>
         <ServiceRequestInfo>
            <!--Optional:-->
            <siri:ServiceRequestContext>
               <!--Optional:-->
               <siri:CheckStatusAddress>?</siri:CheckStatusAddress>
               <!--Optional:-->
               <siri:SubscribeAddress>?</siri:SubscribeAddress>
               <!--Optional:-->
               <siri:ManageSubscriptionAddress>?</siri:ManageSubscriptionAddress>
               <!--Optional:-->
               <siri:GetDataAddress>?</siri:GetDataAddress>
               <!--Optional:-->
               <siri:StatusResponseAddress>?</siri:StatusResponseAddress>
               <!--Optional:-->
               <siri:SubscriberAddress>?</siri:SubscriberAddress>
               <!--Optional:-->
               <siri:NotifyAddress>?</siri:NotifyAddress>
               <!--Optional:-->
               <siri:ConsumerAddress>?</siri:ConsumerAddress>
               <!--Optional:-->
               <siri:DataNameSpaces>
                  <!--Optional:-->
                  <siri:StopPointNameSpace>?</siri:StopPointNameSpace>
                  <!--Optional:-->
                  <siri:LineNameSpace>?</siri:LineNameSpace>
                  <!--Optional:-->
                  <siri:ProductCategoryNameSpace>?</siri:ProductCategoryNameSpace>
                  <!--Optional:-->
                  <siri:ServiceFeatureNameSpace>?</siri:ServiceFeatureNameSpace>
                  <!--Optional:-->
                  <siri:VehicleFeatureNameSpace>?</siri:VehicleFeatureNameSpace>
               </siri:DataNameSpaces>
               <!--Optional:-->
               <siri:Language>en</siri:Language>
               <!--You have a CHOICE of the next 2 items at this level-->
               <siri:WgsDecimalDegrees>?</siri:WgsDecimalDegrees>
               <siri:GmlCoordinateFormat>?</siri:GmlCoordinateFormat>
               <!--Optional:-->
               <siri:DataHorizon>?</siri:DataHorizon>
               <!--Optional:-->
               <siri:RequestTimeout>?</siri:RequestTimeout>
               <!--Optional:-->
               <siri:DeliveryMethod>direct</siri:DeliveryMethod>
               <!--Optional:-->
               <siri:MultipartDespatch>?</siri:MultipartDespatch>
               <!--Optional:-->
               <siri:ConfirmDelivery>false</siri:ConfirmDelivery>
               <!--Optional:-->
               <siri:MaximimumNumberOfSubscriptions>?</siri:MaximimumNumberOfSubscriptions>
               <!--Optional:-->
               <siri:AllowedPredictors>anyone</siri:AllowedPredictors>
               <!--Optional:-->
               <siri:PredictionFunction>?</siri:PredictionFunction>
            </siri:ServiceRequestContext>
            <siri:RequestTimestamp>?</siri:RequestTimestamp>
            <!--Optional:-->
            <siri:Address>?</siri:Address>
            <siri:RequestorRef>?</siri:RequestorRef>
            <!--Optional:-->
            <siri:MessageIdentifier>?</siri:MessageIdentifier>
         </ServiceRequestInfo>
         <Request version="1.0">
            <siri:RequestTimestamp>?</siri:RequestTimestamp>
            <!--Optional:-->
            <siri:MessageIdentifier>?</siri:MessageIdentifier>
            <!--Optional:-->
            <siri:ValidityPeriod>
               <siri:StartTime>?</siri:StartTime>
               <siri:EndTime>?</siri:EndTime>
            </siri:ValidityPeriod>
            <!--Optional:-->
            <siri:TimetableVersionRef>?</siri:TimetableVersionRef>
            <!--Zero or more repetitions:-->
            <siri:OperatorRef>?</siri:OperatorRef>
            <siri:LineRef>?</siri:LineRef>
            <!--Optional:-->
            <siri:DirectionRef>?</siri:DirectionRef>
            <!--Optional:-->
            <siri:Language>en</siri:Language>
            <!--Optional:-->
            <siri:IncrementalUpdates>false</siri:IncrementalUpdates>
            <!--Optional:-->
            <siri:Extensions>
               <!--You may enter ANY elements at this point-->
            </siri:Extensions>
         </Request>
         <RequestExtension>
            <!--You may enter ANY elements at this point-->
         </RequestExtension>
      </new:GetProductionTimetable>
   </soapenv:Body>
</soapenv:Envelope>]]></con:request><con:wsaConfig mustUnderstand="NONE" version="200508" action="GetProductionTimetable"/></con:call></con:operation><con:operation isOneWay="false" action="GetStopMonitoring" name="GetStopMonitoring" bindingOperationName="GetStopMonitoring" type="Request-Response" inputName="" receivesAttachments="false" sendsAttachments="false" anonymous="optional"><con:settings/><con:call name="Request 1"><con:settings/><con:encoding>UTF-8</con:encoding><con:endpoint>http://www.siri-service-location.com</con:endpoint><con:request><![CDATA[<soapenv:Envelope xmlns:soapenv="http://schemas.xmlsoap.org/soap/envelope/" xmlns:new="http://new.webservice.namespace" xmlns:siri="http://www.siri.org.uk/">
   <soapenv:Header/>
   <soapenv:Body>
      <new:GetStopMonitoring>
         <ServiceRequestInfo>
            <!--Optional:-->
            <siri:ServiceRequestContext>
               <!--Optional:-->
               <siri:CheckStatusAddress>?</siri:CheckStatusAddress>
               <!--Optional:-->
               <siri:SubscribeAddress>?</siri:SubscribeAddress>
               <!--Optional:-->
               <siri:ManageSubscriptionAddress>?</siri:ManageSubscriptionAddress>
               <!--Optional:-->
               <siri:GetDataAddress>?</siri:GetDataAddress>
               <!--Optional:-->
               <siri:StatusResponseAddress>?</siri:StatusResponseAddress>
               <!--Optional:-->
               <siri:SubscriberAddress>?</siri:SubscriberAddress>
               <!--Optional:-->
               <siri:NotifyAddress>?</siri:NotifyAddress>
               <!--Optional:-->
               <siri:ConsumerAddress>?</siri:ConsumerAddress>
               <!--Optional:-->
               <siri:DataNameSpaces>
                  <!--Optional:-->
                  <siri:StopPointNameSpace>?</siri:StopPointNameSpace>
                  <!--Optional:-->
                  <siri:LineNameSpace>?</siri:LineNameSpace>
                  <!--Optional:-->
                  <siri:ProductCategoryNameSpace>?</siri:ProductCategoryNameSpace>
                  <!--Optional:-->
                  <siri:ServiceFeatureNameSpace>?</siri:ServiceFeatureNameSpace>
                  <!--Optional:-->
                  <siri:VehicleFeatureNameSpace>?</siri:VehicleFeatureNameSpace>
               </siri:DataNameSpaces>
               <!--Optional:-->
               <siri:Language>en</siri:Language>
               <!--You have a CHOICE of the next 2 items at this level-->
               <siri:WgsDecimalDegrees>?</siri:WgsDecimalDegrees>
               <siri:GmlCoordinateFormat>?</siri:GmlCoordinateFormat>
               <!--Optional:-->
               <siri:DataHorizon>?</siri:DataHorizon>
               <!--Optional:-->
               <siri:RequestTimeout>?</siri:RequestTimeout>
               <!--Optional:-->
               <siri:DeliveryMethod>direct</siri:DeliveryMethod>
               <!--Optional:-->
               <siri:MultipartDespatch>?</siri:MultipartDespatch>
               <!--Optional:-->
               <siri:ConfirmDelivery>false</siri:ConfirmDelivery>
               <!--Optional:-->
               <siri:MaximimumNumberOfSubscriptions>?</siri:MaximimumNumberOfSubscriptions>
               <!--Optional:-->
               <siri:AllowedPredictors>anyone</siri:AllowedPredictors>
               <!--Optional:-->
               <siri:PredictionFunction>?</siri:PredictionFunction>
            </siri:ServiceRequestContext>
            <siri:RequestTimestamp>?</siri:RequestTimestamp>
            <!--Optional:-->
            <siri:Address>?</siri:Address>
            <siri:RequestorRef>?</siri:RequestorRef>
            <!--Optional:-->
            <siri:MessageIdentifier>?</siri:MessageIdentifier>
         </ServiceRequestInfo>
         <Request version="1.0">
            <siri:RequestTimestamp>?</siri:RequestTimestamp>
            <!--Optional:-->
            <siri:MessageIdentifier>?</siri:MessageIdentifier>
            <!--Optional:-->
            <siri:PreviewInterval>?</siri:PreviewInterval>
            <!--Optional:-->
            <siri:StartTime>?</siri:StartTime>
            <siri:MonitoringRef>?</siri:MonitoringRef>
            <!--Optional:-->
            <siri:OperatorRef>?</siri:OperatorRef>
            <!--Optional:-->
            <siri:LineRef>?</siri:LineRef>
            <!--Optional:-->
            <siri:DirectionRef>?</siri:DirectionRef>
            <!--Optional:-->
            <siri:DestinationRef>?</siri:DestinationRef>
            <!--Optional:-->
            <siri:StopVisitTypes>all</siri:StopVisitTypes>
            <!--Optional:-->
            <siri:Language>en</siri:Language>
            <!--Optional:-->
            <siri:MaximumStopVisits>?</siri:MaximumStopVisits>
            <!--Optional:-->
            <siri:MinimumStopVisitsPerLine>?</siri:MinimumStopVisitsPerLine>
            <!--Optional:-->
            <siri:MaximumTextLength>30</siri:MaximumTextLength>
            <!--Optional:-->
            <siri:StopMonitoringDetailLevel>normal</siri:StopMonitoringDetailLevel>
            <!--Optional:-->
            <siri:MaximumNumberOfCalls>
               <!--Optional:-->
               <siri:Previous>?</siri:Previous>
               <!--Optional:-->
               <siri:Onwards>?</siri:Onwards>
            </siri:MaximumNumberOfCalls>
            <!--Optional:-->
            <siri:Extensions>
               <!--You may enter ANY elements at this point-->
            </siri:Extensions>
         </Request>
         <RequestExtension>
            <!--You may enter ANY elements at this point-->
         </RequestExtension>
      </new:GetStopMonitoring>
   </soapenv:Body>
</soapenv:Envelope>]]></con:request><con:wsaConfig mustUnderstand="NONE" version="200508" action="GetStopMonitoring"/></con:call></con:operation><con:operation isOneWay="false" action="" name="GetStopTimetable" bindingOperationName="GetStopTimetable" type="Request-Response" inputName="" receivesAttachments="false" sendsAttachments="false" anonymous="optional"><con:settings/><con:call name="Request 1"><con:settings/><con:encoding>UTF-8</con:encoding><con:endpoint>http://www.siri-service-location.com</con:endpoint><con:request><![CDATA[<soapenv:Envelope xmlns:soapenv="http://schemas.xmlsoap.org/soap/envelope/" xmlns:new="http://new.webservice.namespace" xmlns:siri="http://www.siri.org.uk/">
   <soapenv:Header/>
   <soapenv:Body>
      <new:GetStopTimetable>
         <ServiceRequestInfo>
            <!--Optional:-->
            <siri:ServiceRequestContext>
               <!--Optional:-->
               <siri:CheckStatusAddress>?</siri:CheckStatusAddress>
               <!--Optional:-->
               <siri:SubscribeAddress>?</siri:SubscribeAddress>
               <!--Optional:-->
               <siri:ManageSubscriptionAddress>?</siri:ManageSubscriptionAddress>
               <!--Optional:-->
               <siri:GetDataAddress>?</siri:GetDataAddress>
               <!--Optional:-->
               <siri:StatusResponseAddress>?</siri:StatusResponseAddress>
               <!--Optional:-->
               <siri:SubscriberAddress>?</siri:SubscriberAddress>
               <!--Optional:-->
               <siri:NotifyAddress>?</siri:NotifyAddress>
               <!--Optional:-->
               <siri:ConsumerAddress>?</siri:ConsumerAddress>
               <!--Optional:-->
               <siri:DataNameSpaces>
                  <!--Optional:-->
                  <siri:StopPointNameSpace>?</siri:StopPointNameSpace>
                  <!--Optional:-->
                  <siri:LineNameSpace>?</siri:LineNameSpace>
                  <!--Optional:-->
                  <siri:ProductCategoryNameSpace>?</siri:ProductCategoryNameSpace>
                  <!--Optional:-->
                  <siri:ServiceFeatureNameSpace>?</siri:ServiceFeatureNameSpace>
                  <!--Optional:-->
                  <siri:VehicleFeatureNameSpace>?</siri:VehicleFeatureNameSpace>
               </siri:DataNameSpaces>
               <!--Optional:-->
               <siri:Language>en</siri:Language>
               <!--You have a CHOICE of the next 2 items at this level-->
               <siri:WgsDecimalDegrees>?</siri:WgsDecimalDegrees>
               <siri:GmlCoordinateFormat>?</siri:GmlCoordinateFormat>
               <!--Optional:-->
               <siri:DataHorizon>?</siri:DataHorizon>
               <!--Optional:-->
               <siri:RequestTimeout>?</siri:RequestTimeout>
               <!--Optional:-->
               <siri:DeliveryMethod>direct</siri:DeliveryMethod>
               <!--Optional:-->
               <siri:MultipartDespatch>?</siri:MultipartDespatch>
               <!--Optional:-->
               <siri:ConfirmDelivery>false</siri:ConfirmDelivery>
               <!--Optional:-->
               <siri:MaximimumNumberOfSubscriptions>?</siri:MaximimumNumberOfSubscriptions>
               <!--Optional:-->
               <siri:AllowedPredictors>anyone</siri:AllowedPredictors>
               <!--Optional:-->
               <siri:PredictionFunction>?</siri:PredictionFunction>
            </siri:ServiceRequestContext>
            <siri:RequestTimestamp>?</siri:RequestTimestamp>
            <!--Optional:-->
            <siri:Address>?</siri:Address>
            <siri:RequestorRef>?</siri:RequestorRef>
            <!--Optional:-->
            <siri:MessageIdentifier>?</siri:MessageIdentifier>
         </ServiceRequestInfo>
         <Request version="1.0">
            <siri:RequestTimestamp>?</siri:RequestTimestamp>
            <!--Optional:-->
            <siri:MessageIdentifier>?</siri:MessageIdentifier>
            <!--Optional:-->
            <siri:DepartureWindow>
               <siri:StartTime>?</siri:StartTime>
               <siri:EndTime>?</siri:EndTime>
            </siri:DepartureWindow>
            <siri:MonitoringRef>?</siri:MonitoringRef>
            <!--Optional:-->
            <siri:LineRef>?</siri:LineRef>
            <!--Optional:-->
            <siri:DirectionRef>?</siri:DirectionRef>
            <!--Optional:-->
            <siri:Language>en</siri:Language>
            <!--Optional:-->
            <siri:Extensions>
               <!--You may enter ANY elements at this point-->
            </siri:Extensions>
         </Request>
         <RequestExtension>
            <!--You may enter ANY elements at this point-->
         </RequestExtension>
      </new:GetStopTimetable>
   </soapenv:Body>
</soapenv:Envelope>]]></con:request><con:wsaConfig mustUnderstand="NONE" version="200508" action="http://new.webservice.namespace/SOAP-Port/GetStopTimetableRequest"/></con:call></con:operation><con:operation isOneWay="false" action="GetVehicleMonitoring" name="GetVehicleMonitoring" bindingOperationName="GetVehicleMonitoring" type="Request-Response" inputName="" receivesAttachments="false" sendsAttachments="false" anonymous="optional"><con:settings/><con:call name="Request 1"><con:settings/><con:encoding>UTF-8</con:encoding><con:endpoint>http://www.siri-service-location.com</con:endpoint><con:request><![CDATA[<soapenv:Envelope xmlns:soapenv="http://schemas.xmlsoap.org/soap/envelope/" xmlns:new="http://new.webservice.namespace" xmlns:siri="http://www.siri.org.uk/">
   <soapenv:Header/>
   <soapenv:Body>
      <new:GetVehicleMonitoring>
         <ServiceRequestInfo>
            <!--Optional:-->
            <siri:ServiceRequestContext>
               <!--Optional:-->
               <siri:CheckStatusAddress>?</siri:CheckStatusAddress>
               <!--Optional:-->
               <siri:SubscribeAddress>?</siri:SubscribeAddress>
               <!--Optional:-->
               <siri:ManageSubscriptionAddress>?</siri:ManageSubscriptionAddress>
               <!--Optional:-->
               <siri:GetDataAddress>?</siri:GetDataAddress>
               <!--Optional:-->
               <siri:StatusResponseAddress>?</siri:StatusResponseAddress>
               <!--Optional:-->
               <siri:SubscriberAddress>?</siri:SubscriberAddress>
               <!--Optional:-->
               <siri:NotifyAddress>?</siri:NotifyAddress>
               <!--Optional:-->
               <siri:ConsumerAddress>?</siri:ConsumerAddress>
               <!--Optional:-->
               <siri:DataNameSpaces>
                  <!--Optional:-->
                  <siri:StopPointNameSpace>?</siri:StopPointNameSpace>
                  <!--Optional:-->
                  <siri:LineNameSpace>?</siri:LineNameSpace>
                  <!--Optional:-->
                  <siri:ProductCategoryNameSpace>?</siri:ProductCategoryNameSpace>
                  <!--Optional:-->
                  <siri:ServiceFeatureNameSpace>?</siri:ServiceFeatureNameSpace>
                  <!--Optional:-->
                  <siri:VehicleFeatureNameSpace>?</siri:VehicleFeatureNameSpace>
               </siri:DataNameSpaces>
               <!--Optional:-->
               <siri:Language>en</siri:Language>
               <!--You have a CHOICE of the next 2 items at this level-->
               <siri:WgsDecimalDegrees>?</siri:WgsDecimalDegrees>
               <siri:GmlCoordinateFormat>?</siri:GmlCoordinateFormat>
               <!--Optional:-->
               <siri:DataHorizon>?</siri:DataHorizon>
               <!--Optional:-->
               <siri:RequestTimeout>?</siri:RequestTimeout>
               <!--Optional:-->
               <siri:DeliveryMethod>direct</siri:DeliveryMethod>
               <!--Optional:-->
               <siri:MultipartDespatch>?</siri:MultipartDespatch>
               <!--Optional:-->
               <siri:ConfirmDelivery>false</siri:ConfirmDelivery>
               <!--Optional:-->
               <siri:MaximimumNumberOfSubscriptions>?</siri:MaximimumNumberOfSubscriptions>
               <!--Optional:-->
               <siri:AllowedPredictors>anyone</siri:AllowedPredictors>
               <!--Optional:-->
               <siri:PredictionFunction>?</siri:PredictionFunction>
            </siri:ServiceRequestContext>
            <siri:RequestTimestamp>?</siri:RequestTimestamp>
            <!--Optional:-->
            <siri:Address>?</siri:Address>
            <siri:RequestorRef>?</siri:RequestorRef>
            <!--Optional:-->
            <siri:MessageIdentifier>?</siri:MessageIdentifier>
         </ServiceRequestInfo>
         <Request version="1.0">
            <siri:RequestTimestamp>?</siri:RequestTimestamp>
            <!--Optional:-->
            <siri:MessageIdentifier>?</siri:MessageIdentifier>
            <!--Optional:-->
            <siri:VehicleMonitoringRef>?</siri:VehicleMonitoringRef>
            <!--You have a CHOICE of the next 2 items at this level-->
            <siri:VehicleRef>?</siri:VehicleRef>
            <siri:LineRef>?</siri:LineRef>
            <!--Optional:-->
            <siri:DirectionRef>?</siri:DirectionRef>
            <!--Optional:-->
            <siri:Language>en</siri:Language>
            <!--Optional:-->
            <siri:MaximumVehicles>?</siri:MaximumVehicles>
            <!--Optional:-->
            <siri:VehicleMonitoringDetailLevel>?</siri:VehicleMonitoringDetailLevel>
            <!--Optional:-->
            <siri:Extensions>
               <!--You may enter ANY elements at this point-->
            </siri:Extensions>
         </Request>
         <RequestExtension>
            <!--You may enter ANY elements at this point-->
         </RequestExtension>
      </new:GetVehicleMonitoring>
   </soapenv:Body>
</soapenv:Envelope>]]></con:request><con:wsaConfig mustUnderstand="NONE" version="200508" action="GetVehicleMonitoring"/></con:call></con:operation><con:operation isOneWay="false" action="urn:#Subscribe" name="Subscribe" bindingOperationName="Subscribe" type="Request-Response" inputName="" receivesAttachments="false" sendsAttachments="false" anonymous="optional"><con:settings/><con:call name="Request 1"><con:settings/><con:encoding>UTF-8</con:encoding><con:endpoint>http://www.siri-service-location.com</con:endpoint><con:request><![CDATA[<soapenv:Envelope xmlns:soapenv="http://schemas.xmlsoap.org/soap/envelope/" xmlns:new="http://new.webservice.namespace" xmlns:siri="http://www.siri.org.uk/">
   <soapenv:Header/>
   <soapenv:Body>
      <new:Subscribe>
         <SubscriptionRequestInfo>
            <siri:RequestTimestamp>?</siri:RequestTimestamp>
            <!--Optional:-->
            <siri:Address>?</siri:Address>
            <siri:RequestorRef>?</siri:RequestorRef>
            <!--Optional:-->
            <siri:MessageIdentifier>?</siri:MessageIdentifier>
            <!--Optional:-->
            <siri:ConsumerAddress>?</siri:ConsumerAddress>
            <!--Optional:-->
            <siri:SubscriptionFilterIdentifier>?</siri:SubscriptionFilterIdentifier>
            <!--Optional:-->
            <siri:SubscriptionContext>
               <!--Optional:-->
               <siri:HeartbeatInterval>?</siri:HeartbeatInterval>
            </siri:SubscriptionContext>
         </SubscriptionRequestInfo>
         <Request>
            <!--You have a CHOICE of the next 9 items at this level-->
            <!--1 or more repetitions:-->
            <siri:ProductionTimetableSubscriptionRequest>
               <!--Optional:-->
               <siri:SubscriberRef>?</siri:SubscriberRef>
               <siri:SubscriptionIdentifier>?</siri:SubscriptionIdentifier>
               <siri:InitialTerminationTime>?</siri:InitialTerminationTime>
               <siri:ProductionTimetableRequest version="1.0">
                  <siri:RequestTimestamp>?</siri:RequestTimestamp>
                  <!--Optional:-->
                  <siri:MessageIdentifier>?</siri:MessageIdentifier>
                  <!--Optional:-->
                  <siri:ValidityPeriod>
                     <siri:StartTime>?</siri:StartTime>
                     <siri:EndTime>?</siri:EndTime>
                  </siri:ValidityPeriod>
                  <!--Optional:-->
                  <siri:TimetableVersionRef>?</siri:TimetableVersionRef>
                  <!--Zero or more repetitions:-->
                  <siri:OperatorRef>?</siri:OperatorRef>
                  <siri:LineRef>?</siri:LineRef>
                  <!--Optional:-->
                  <siri:DirectionRef>?</siri:DirectionRef>
                  <!--Optional:-->
                  <siri:Language>en</siri:Language>
                  <!--Optional:-->
                  <siri:IncrementalUpdates>false</siri:IncrementalUpdates>
                  <!--Optional:-->
                  <siri:Extensions>
                     <!--You may enter ANY elements at this point-->
                  </siri:Extensions>
               </siri:ProductionTimetableRequest>
            </siri:ProductionTimetableSubscriptionRequest>
            <!--1 or more repetitions:-->
            <siri:EstimatedTimetableSubscriptionRequest>
               <!--Optional:-->
               <siri:SubscriberRef>?</siri:SubscriberRef>
               <siri:SubscriptionIdentifier>?</siri:SubscriptionIdentifier>
               <siri:InitialTerminationTime>?</siri:InitialTerminationTime>
               <siri:EstimatedTimetableRequest version="1.0">
                  <siri:RequestTimestamp>?</siri:RequestTimestamp>
                  <!--Optional:-->
                  <siri:MessageIdentifier>?</siri:MessageIdentifier>
                  <!--Optional:-->
                  <siri:PreviewInterval>?</siri:PreviewInterval>
                  <!--Optional:-->
                  <siri:TimetableVersionRef>?</siri:TimetableVersionRef>
                  <!--Zero or more repetitions:-->
                  <siri:OperatorRef>?</siri:OperatorRef>
                  <siri:LineRef>?</siri:LineRef>
                  <!--Optional:-->
                  <siri:DirectionRef>?</siri:DirectionRef>
                  <!--Optional:-->
                  <siri:Language>en</siri:Language>
                  <!--Optional:-->
                  <siri:Extensions>
                     <!--You may enter ANY elements at this point-->
                  </siri:Extensions>
               </siri:EstimatedTimetableRequest>
               <!--Optional:-->
               <siri:IncrementalUpdates>true</siri:IncrementalUpdates>
               <siri:ChangeBeforeUpdates>?</siri:ChangeBeforeUpdates>
            </siri:EstimatedTimetableSubscriptionRequest>
            <siri:StopTimetableSubscriptionRequest>
               <!--Optional:-->
               <siri:SubscriberRef>?</siri:SubscriberRef>
               <siri:SubscriptionIdentifier>?</siri:SubscriptionIdentifier>
               <siri:InitialTerminationTime>?</siri:InitialTerminationTime>
               <siri:StopTimetableRequest version="1.0">
                  <siri:RequestTimestamp>?</siri:RequestTimestamp>
                  <!--Optional:-->
                  <siri:MessageIdentifier>?</siri:MessageIdentifier>
                  <!--Optional:-->
                  <siri:DepartureWindow>
                     <siri:StartTime>?</siri:StartTime>
                     <siri:EndTime>?</siri:EndTime>
                  </siri:DepartureWindow>
                  <siri:MonitoringRef>?</siri:MonitoringRef>
                  <!--Optional:-->
                  <siri:LineRef>?</siri:LineRef>
                  <!--Optional:-->
                  <siri:DirectionRef>?</siri:DirectionRef>
                  <!--Optional:-->
                  <siri:Language>en</siri:Language>
                  <!--Optional:-->
                  <siri:Extensions>
                     <!--You may enter ANY elements at this point-->
                  </siri:Extensions>
               </siri:StopTimetableRequest>
               <!--You may enter ANY elements at this point-->
            </siri:StopTimetableSubscriptionRequest>
            <!--1 or more repetitions:-->
            <siri:StopMonitoringSubscriptionRequest>
               <!--Optional:-->
               <siri:SubscriberRef>?</siri:SubscriberRef>
               <siri:SubscriptionIdentifier>?</siri:SubscriptionIdentifier>
               <siri:InitialTerminationTime>?</siri:InitialTerminationTime>
               <siri:StopMonitoringRequest version="1.0">
                  <siri:RequestTimestamp>?</siri:RequestTimestamp>
                  <!--Optional:-->
                  <siri:MessageIdentifier>?</siri:MessageIdentifier>
                  <!--Optional:-->
                  <siri:PreviewInterval>?</siri:PreviewInterval>
                  <!--Optional:-->
                  <siri:StartTime>?</siri:StartTime>
                  <siri:MonitoringRef>?</siri:MonitoringRef>
                  <!--Optional:-->
                  <siri:OperatorRef>?</siri:OperatorRef>
                  <!--Optional:-->
                  <siri:LineRef>?</siri:LineRef>
                  <!--Optional:-->
                  <siri:DirectionRef>?</siri:DirectionRef>
                  <!--Optional:-->
                  <siri:DestinationRef>?</siri:DestinationRef>
                  <!--Optional:-->
                  <siri:StopVisitTypes>all</siri:StopVisitTypes>
                  <!--Optional:-->
                  <siri:Language>en</siri:Language>
                  <!--Optional:-->
                  <siri:MaximumStopVisits>?</siri:MaximumStopVisits>
                  <!--Optional:-->
                  <siri:MinimumStopVisitsPerLine>?</siri:MinimumStopVisitsPerLine>
                  <!--Optional:-->
                  <siri:MaximumTextLength>30</siri:MaximumTextLength>
                  <!--Optional:-->
                  <siri:StopMonitoringDetailLevel>normal</siri:StopMonitoringDetailLevel>
                  <!--Optional:-->
                  <siri:MaximumNumberOfCalls>
                     <!--Optional:-->
                     <siri:Previous>?</siri:Previous>
                     <!--Optional:-->
                     <siri:Onwards>?</siri:Onwards>
                  </siri:MaximumNumberOfCalls>
                  <!--Optional:-->
                  <siri:Extensions>
                     <!--You may enter ANY elements at this point-->
                  </siri:Extensions>
               </siri:StopMonitoringRequest>
               <!--Optional:-->
               <siri:IncrementalUpdates>false</siri:IncrementalUpdates>
               <!--Optional:-->
               <siri:ChangeBeforeUpdates>?</siri:ChangeBeforeUpdates>
               <!--Optional:-->
               <siri:Extensions>
                  <!--You may enter ANY elements at this point-->
               </siri:Extensions>
            </siri:StopMonitoringSubscriptionRequest>
            <!--1 or more repetitions:-->
            <siri:VehicleMonitoringSubscriptionRequest>
               <!--Optional:-->
               <siri:SubscriberRef>?</siri:SubscriberRef>
               <siri:SubscriptionIdentifier>?</siri:SubscriptionIdentifier>
               <siri:InitialTerminationTime>?</siri:InitialTerminationTime>
               <siri:VehicleMonitoringRequest version="1.0">
                  <siri:RequestTimestamp>?</siri:RequestTimestamp>
                  <!--Optional:-->
                  <siri:MessageIdentifier>?</siri:MessageIdentifier>
                  <!--Optional:-->
                  <siri:VehicleMonitoringRef>?</siri:VehicleMonitoringRef>
                  <!--You have a CHOICE of the next 2 items at this level-->
                  <siri:VehicleRef>?</siri:VehicleRef>
                  <siri:LineRef>?</siri:LineRef>
                  <!--Optional:-->
                  <siri:DirectionRef>?</siri:DirectionRef>
                  <!--Optional:-->
                  <siri:Language>en</siri:Language>
                  <!--Optional:-->
                  <siri:MaximumVehicles>?</siri:MaximumVehicles>
                  <!--Optional:-->
                  <siri:VehicleMonitoringDetailLevel>?</siri:VehicleMonitoringDetailLevel>
                  <!--Optional:-->
                  <siri:Extensions>
                     <!--You may enter ANY elements at this point-->
                  </siri:Extensions>
               </siri:VehicleMonitoringRequest>
               <!--Optional:-->
               <siri:IncrementalUpdates>false</siri:IncrementalUpdates>
               <!--You have a CHOICE of the next 2 items at this level-->
               <!--Optional:-->
               <siri:ChangeBeforeUpdates>?</siri:ChangeBeforeUpdates>
               <!--Optional:-->
               <siri:UpdateInterval>?</siri:UpdateInterval>
            </siri:VehicleMonitoringSubscriptionRequest>
            <siri:ConnectionTimetableSubscriptionRequest>
               <!--Optional:-->
               <siri:SubscriberRef>?</siri:SubscriberRef>
               <siri:SubscriptionIdentifier>?</siri:SubscriptionIdentifier>
               <siri:InitialTerminationTime>?</siri:InitialTerminationTime>
               <siri:ConnectionTimetableRequest version="1.0">
                  <siri:RequestTimestamp>?</siri:RequestTimestamp>
                  <!--Optional:-->
                  <siri:MessageIdentifier>?</siri:MessageIdentifier>
                  <!--Optional:-->
                  <siri:ArrivalWindow>
                     <siri:StartTime>?</siri:StartTime>
                     <siri:EndTime>?</siri:EndTime>
                  </siri:ArrivalWindow>
                  <siri:ConnectionLinkRef>?</siri:ConnectionLinkRef>
                  <!--Optional:-->
                  <siri:LineRef>?</siri:LineRef>
                  <!--Optional:-->
                  <siri:DirectionRef>?</siri:DirectionRef>
                  <!--Optional:-->
                  <siri:Language>en</siri:Language>
               </siri:ConnectionTimetableRequest>
            </siri:ConnectionTimetableSubscriptionRequest>
            <!--1 or more repetitions:-->
            <siri:ConnectionMonitoringSubscriptionRequest>
               <!--Optional:-->
               <siri:SubscriberRef>?</siri:SubscriberRef>
               <siri:SubscriptionIdentifier>?</siri:SubscriptionIdentifier>
               <siri:InitialTerminationTime>?</siri:InitialTerminationTime>
               <siri:ConnectionMonitoringRequest version="1.0">
                  <siri:RequestTimestamp>?</siri:RequestTimestamp>
                  <!--Optional:-->
                  <siri:MessageIdentifier>?</siri:MessageIdentifier>
                  <!--Optional:-->
                  <siri:PreviewInterval>?</siri:PreviewInterval>
                  <siri:ConnectionLinkRef>?</siri:ConnectionLinkRef>
                  <!--You have a CHOICE of the next 2 items at this level-->
                  <siri:ConnectingTimeFilter>
                     <siri:LineRef>?</siri:LineRef>
                     <siri:DirectionRef>?</siri:DirectionRef>
                     <!--Optional:-->
                     <siri:EarliestArrivalTime>?</siri:EarliestArrivalTime>
                     <!--Optional:-->
                     <siri:LatestArrivalTime>?</siri:LatestArrivalTime>
                  </siri:ConnectingTimeFilter>
                  <!--1 or more repetitions:-->
                  <siri:ConnectingJourneyFilter>
                     <siri:DatedVehicleJourneyRef>?</siri:DatedVehicleJourneyRef>
                     <!--Optional:-->
                     <siri:VisitNumber>?</siri:VisitNumber>
                     <siri:TimetabledArrivalTime>?</siri:TimetabledArrivalTime>
                  </siri:ConnectingJourneyFilter>
                  <!--Optional:-->
                  <siri:Language>en</siri:Language>
                  <!--Optional:-->
                  <siri:Extensions>
                     <!--You may enter ANY elements at this point-->
                  </siri:Extensions>
               </siri:ConnectionMonitoringRequest>
               <!--Optional:-->
               <siri:ChangeBeforeUpdates>?</siri:ChangeBeforeUpdates>
            </siri:ConnectionMonitoringSubscriptionRequest>
            <!--1 or more repetitions:-->
            <siri:GeneralMessageSubscriptionRequest>
               <!--Optional:-->
               <siri:SubscriberRef>?</siri:SubscriberRef>
               <siri:SubscriptionIdentifier>?</siri:SubscriptionIdentifier>
               <siri:InitialTerminationTime>?</siri:InitialTerminationTime>
               <siri:GeneralMessageRequest version="1.0">
                  <siri:RequestTimestamp>?</siri:RequestTimestamp>
                  <!--Optional:-->
                  <siri:MessageIdentifier>?</siri:MessageIdentifier>
                  <!--Zero or more repetitions:-->
                  <siri:InfoChannelRef>?</siri:InfoChannelRef>
                  <!--Optional:-->
                  <siri:Language>en</siri:Language>
                  <!--Optional:-->
                  <siri:Extensions>
                     <!--You may enter ANY elements at this point-->
                  </siri:Extensions>
               </siri:GeneralMessageRequest>
            </siri:GeneralMessageSubscriptionRequest>
            <siri:FacilityMonitoringSubscriptionRequest>
               <!--Optional:-->
               <siri:SubscriberRef>?</siri:SubscriberRef>
               <siri:SubscriptionIdentifier>?</siri:SubscriptionIdentifier>
               <siri:InitialTerminationTime>?</siri:InitialTerminationTime>
               <siri:FacilityMonitoringRequest version="1.0">
                  <siri:RequestTimestamp>?</siri:RequestTimestamp>
                  <!--Optional:-->
                  <siri:MessageIdentifier>?</siri:MessageIdentifier>
                  <!--Optional:-->
                  <siri:StartTime>?</siri:StartTime>
                  <!--Zero or more repetitions:-->
                  <siri:FacilityRef>?</siri:FacilityRef>
                  <!--Optional:-->
                  <siri:StopPointRef>?</siri:StopPointRef>
                  <!--Optional:-->
                  <siri:LineRef>?</siri:LineRef>
                  <!--Optional:-->
                  <siri:ConnectionLinkRef>?</siri:ConnectionLinkRef>
                  <!--Optional:-->
                  <siri:VehicleRef>?</siri:VehicleRef>
                  <!--Zero or more repetitions:-->
                  <siri:SpecificlNeedFilter>?</siri:SpecificlNeedFilter>
                  <!--Optional:-->
                  <siri:Language>en</siri:Language>
                  <!--Optional:-->
                  <siri:MaximumNumberOfFacilityCondition>?</siri:MaximumNumberOfFacilityCondition>
                  <!--Optional:-->
                  <siri:Extensions>
                     <!--You may enter ANY elements at this point-->
                  </siri:Extensions>
               </siri:FacilityMonitoringRequest>
               <!--Optional:-->
               <siri:IncrementalUpdates>false</siri:IncrementalUpdates>
            </siri:FacilityMonitoringSubscriptionRequest>
         </Request>
         <RequestExtension>
            <!--You may enter ANY elements at this point-->
         </RequestExtension>
      </new:Subscribe>
   </soapenv:Body>
</soapenv:Envelope>]]></con:request><con:wsaConfig mustUnderstand="NONE" version="200508" action="urn:#Subscribe"/></con:call></con:operation></con:interface><con:testSuite name="TestSuite"><con:settings/><con:runType>SEQUENTIAL</con:runType><con:testCase failOnError="true" failTestCaseOnErrors="true" keepSession="false" maxResults="0" name="TEST-27" searchProperties="true" id="48a758de-760b-453d-9190-7365b08b5f29"><con:settings/><con:testStep type="request" name="Request_TEST-27"><con:settings/><con:config xsi:type="con:RequestStep" xmlns:xsi="http://www.w3.org/2001/XMLSchema-instance"><con:interface>SiriProducerRpcBinding</con:interface><con:operation>CheckStatus</con:operation><con:request name="Request_TEST-27"><con:settings><con:setting id="com.eviware.soapui.impl.wsdl.WsdlRequest@request-headers">&lt;xml-fragment/></con:setting></con:settings><con:encoding>UTF-8</con:encoding><con:endpoint>http://10.222.36.237:8080/emission/SiriRelais/SiriProducerRpcPort</con:endpoint><con:request><![CDATA[<!-- STIF-IVTR_TEST-27:Réception d'une requête CS 2.4 valide et envoie de l'état du relais -->
<soapenv:Envelope xmlns:soapenv="http://schemas.xmlsoap.org/soap/envelope/" xmlns:wsdl="http://wsdl.siri.org.uk" xmlns:siri="http://www.siri.org.uk/siri">
   <soapenv:Header/>
   <soapenv:Body>
      <wsdl:CheckStatus>
         <Request>
            <siri:RequestTimestamp>${=javax.xml.datatype.DatatypeFactory.newInstance().newXMLGregorianCalendar(GregorianCalendar.getInstance())}</siri:RequestTimestamp>
            <siri:RequestorRef>SNCF-ACCES</siri:RequestorRef>
            <siri:MessageIdentifier>SNCF-ACCES:Message::1:LOC</siri:MessageIdentifier>
         </Request>
         <RequestExtension>
         </RequestExtension>
      </wsdl:CheckStatus>
   </soapenv:Body>
</soapenv:Envelope>]]></con:request><con:assertion type="Simple NotContains" name="Not Contains ErrorCondition"><con:configuration><token>ErrorCondition</token><ignoreCase>false</ignoreCase><useRegEx>false</useRegEx></con:configuration></con:assertion><con:assertion type="Simple Contains" name="Status Assert"><con:configuration><token>(?s).*&lt;.*:Status>true&lt;/.*:Status>.*</token><ignoreCase>true</ignoreCase><useRegEx>true</useRegEx></con:configuration></con:assertion><con:assertion type="Simple Contains" name="Contains"><con:configuration><token>(?s).*&lt;.*:ProducerRef>RELAIS&lt;/.*:ProducerRef>.*</token><ignoreCase>false</ignoreCase><useRegEx>true</useRegEx></con:configuration></con:assertion><con:credentials><con:selectedAuthProfile>Basic</con:selectedAuthProfile><con:addedBasicAuthenticationTypes>Basic</con:addedBasicAuthenticationTypes><con:authType>Global HTTP Settings</con:authType></con:credentials><con:jmsConfig JMSDeliveryMode="PERSISTENT"/><con:jmsPropertyConfig/><con:wsaConfig action="CheckStatus" mustUnderstand="NONE" version="200508"/><con:wsrmConfig version="1.2"/></con:request></con:config></con:testStep><con:properties/></con:testCase><con:testCase failOnError="true" failTestCaseOnErrors="true" keepSession="false" maxResults="0" name="TEST-28" searchProperties="true"><con:settings/><con:testStep type="request" name="Request_TEST-28"><con:settings/><con:config xsi:type="con:RequestStep" xmlns:xsi="http://www.w3.org/2001/XMLSchema-instance"><con:interface>SiriProducerRpcBinding</con:interface><con:operation>CheckStatus</con:operation><con:request name="Request_TEST-28"><con:settings><con:setting id="com.eviware.soapui.impl.wsdl.WsdlRequest@request-headers">&lt;xml-fragment/></con:setting></con:settings><con:encoding>UTF-8</con:encoding><con:endpoint>http://10.222.37.16:9101/emission/SiriProducerRpcPort</con:endpoint><con:request><![CDATA[<!-- STIF-IVTR_TEST-28:Réception d'une requête CS 2.4 non valide -->
<soapenv:Envelope xmlns:soapenv="http://schemas.xmlsoap.org/soap/envelope/" xmlns:wsdl="http://wsdl.siri.org.uk" xmlns:siri="http://www.siri.org.uk/siri">
   <soapenv:Header/>
   <soapenv:Body>
      <wsdl:CheckStatus>
         <Request>
            <siri:RequestTimestamp>${=javax.xml.datatype.DatatypeFactory.newInstance().newXMLGregorianCalendar(GregorianCalendar.getInstance())}</siri:RequestTimestamp>
            <siri:MessageIdentifier>SNCF-ACCES:Message::1:LOC</siri:MessageIdentifier>
         </Request>
         <RequestExtension>
         </RequestExtension>
      </wsdl:CheckStatus>
   </soapenv:Body>
</soapenv:Envelope>]]></con:request><con:assertion type="Simple Contains" name="Contains"><con:configuration><token>(?s).*&lt;.*:ProducerRef>RELAIS&lt;/.*:ProducerRef>.*</token><ignoreCase>false</ignoreCase><useRegEx>true</useRegEx></con:configuration></con:assertion><con:credentials><con:authType>Global HTTP Settings</con:authType></con:credentials><con:jmsConfig JMSDeliveryMode="PERSISTENT"/><con:jmsPropertyConfig/><con:wsaConfig action="CheckStatus" mustUnderstand="NONE" version="200508"/><con:wsrmConfig version="1.2"/></con:request></con:config></con:testStep><con:properties/></con:testCase><con:properties/></con:testSuite><con:properties/><con:wssContainer/><con:oAuth2ProfileContainer/><con:sensitiveInformation/></con:soapui-project>