<?xml version="1.0" encoding="UTF-8"?>
<con:soapui-project activeEnvironment="Default" name="TEST_IVTR_UC_56" resourceRoot="" soapui-version="4.6.2" abortOnError="false" runType="SEQUENTIAL" xmlns:con="http://eviware.com/soapui/config"><con:settings/><con:interface xsi:type="con:WsdlInterface" wsaVersion="NONE" name="SiriProducerRpcBinding" type="wsdl" bindingName="{http://wsdl.siri.org.uk}SiriProducerRpcBinding" soapVersion="1_1" anonymous="optional" definition="file:/home/paul/Desktop/XSD%20SIRI/Siri_XML-2.0k-IDF2.4%20(+SubscriptionTerminated%20and%20SG7%20change%20preview)/xsd/siri_wsProducer.wsdl" xmlns:xsi="http://www.w3.org/2001/XMLSchema-instance"><con:settings/><con:endpoints><con:endpoint>http://www.siri-service-location.com</con:endpoint></con:endpoints><con:operation isOneWay="false" action="CheckStatus" name="CheckStatus" bindingOperationName="CheckStatus" type="Request-Response" inputName="" receivesAttachments="false" sendsAttachments="false" anonymous="optional"><con:settings/><con:call name="Request 1"><con:settings/><con:encoding>UTF-8</con:encoding><con:endpoint>http://www.siri-service-location.com</con:endpoint><con:request><![CDATA[<soapenv:Envelope xmlns:soapenv="http://schemas.xmlsoap.org/soap/envelope/" xmlns:wsdl="http://wsdl.siri.org.uk" xmlns:siri="http://www.siri.org.uk/siri">
   <soapenv:Header/>
   <soapenv:Body>
      <wsdl:CheckStatus>
         <Request>
            <siri:RequestTimestamp>?</siri:RequestTimestamp>
            <!--Optional:-->
            <siri:AccountId>?</siri:AccountId>
            <!--Optional:-->
            <siri:AccountKey>?</siri:AccountKey>
            <!--Optional:-->
            <siri:Address>?</siri:Address>
            <siri:RequestorRef>?</siri:RequestorRef>
            <!--Optional:-->
            <siri:MessageIdentifier>?</siri:MessageIdentifier>
            <!--Optional:-->
            <siri:DelegatorAddress>?</siri:DelegatorAddress>
            <!--Optional:-->
            <siri:DelegatorRef>?</siri:DelegatorRef>
         </Request>
         <RequestExtension>
            <!--You may enter ANY elements at this point-->
         </RequestExtension>
      </wsdl:CheckStatus>
   </soapenv:Body>
</soapenv:Envelope>]]></con:request><con:wsaConfig mustUnderstand="NONE" version="200508" action="CheckStatus"/></con:call></con:operation><con:operation isOneWay="false" action="ConnectionLinksDiscovery" name="ConnectionLinksDiscovery" bindingOperationName="ConnectionLinksDiscovery" type="Request-Response" inputName="" receivesAttachments="false" sendsAttachments="false" anonymous="optional"><con:settings/><con:call name="Request 1"><con:settings/><con:encoding>UTF-8</con:encoding><con:endpoint>http://www.siri-service-location.com</con:endpoint><con:request><![CDATA[<soapenv:Envelope xmlns:soapenv="http://schemas.xmlsoap.org/soap/envelope/" xmlns:wsdl="http://wsdl.siri.org.uk" xmlns:siri="http://www.siri.org.uk/siri">
   <soapenv:Header/>
   <soapenv:Body>
      <wsdl:ConnectionLinksDiscovery>
         <Request version="2.0">
            <siri:RequestTimestamp>?</siri:RequestTimestamp>
            <!--Optional:-->
            <siri:AccountId>?</siri:AccountId>
            <!--Optional:-->
            <siri:AccountKey>?</siri:AccountKey>
            <!--Optional:-->
            <siri:Address>?</siri:Address>
            <siri:RequestorRef>?</siri:RequestorRef>
            <!--Optional:-->
            <siri:MessageIdentifier>?</siri:MessageIdentifier>
            <!--You have a CHOICE of the next 3 items at this level-->
            <siri:BoundingBox>
               <siri:UpperLeft id="?" srsName="?">
                  <!--You have a CHOICE of the next 2 items at this level-->
                  <siri:Longitude>?</siri:Longitude>
                  <siri:Latitude>?</siri:Latitude>
                  <siri:Coordinates>?</siri:Coordinates>
                  <!--Optional:-->
                  <siri:Precision>?</siri:Precision>
               </siri:UpperLeft>
               <siri:LowerRight id="?" srsName="?">
                  <!--You have a CHOICE of the next 2 items at this level-->
                  <siri:Longitude>?</siri:Longitude>
                  <siri:Latitude>?</siri:Latitude>
                  <siri:Coordinates>?</siri:Coordinates>
                  <!--Optional:-->
                  <siri:Precision>?</siri:Precision>
               </siri:LowerRight>
            </siri:BoundingBox>
            <siri:Circle id="?" srsName="?">
               <!--You have a CHOICE of the next 2 items at this level-->
               <siri:Longitude>?</siri:Longitude>
               <siri:Latitude>?</siri:Latitude>
               <siri:Coordinates>?</siri:Coordinates>
               <!--Optional:-->
               <siri:Precision>?</siri:Precision>
            </siri:Circle>
            <siri:PlaceRef>?</siri:PlaceRef>
            <!--Optional:-->
            <siri:LineRef>?</siri:LineRef>
            <!--Optional:-->
            <siri:OperatorRef>?</siri:OperatorRef>
            <!--Optional:-->
            <siri:Language>en</siri:Language>
            <!--Optional:-->
            <siri:ConnectionLinksDetailLevel>normal</siri:ConnectionLinksDetailLevel>
         </Request>
         <RequestExtension>
            <!--You may enter ANY elements at this point-->
         </RequestExtension>
      </wsdl:ConnectionLinksDiscovery>
   </soapenv:Body>
</soapenv:Envelope>]]></con:request><con:wsaConfig mustUnderstand="NONE" version="200508" action="ConnectionLinksDiscovery"/></con:call></con:operation><con:operation isOneWay="false" action="DataSupply" name="DataSupply" bindingOperationName="DataSupply" type="Request-Response" inputName="" receivesAttachments="false" sendsAttachments="false" anonymous="optional"><con:settings/><con:call name="Request 1"><con:settings/><con:encoding>UTF-8</con:encoding><con:endpoint>http://www.siri-service-location.com</con:endpoint><con:request><![CDATA[<soapenv:Envelope xmlns:soapenv="http://schemas.xmlsoap.org/soap/envelope/" xmlns:wsdl="http://wsdl.siri.org.uk" xmlns:siri="http://www.siri.org.uk/siri">
   <soapenv:Header/>
   <soapenv:Body>
      <wsdl:DataSupply>
         <DataSupplyRequestInfo>
            <siri:RequestTimestamp>?</siri:RequestTimestamp>
            <!--Optional:-->
            <siri:AccountId>?</siri:AccountId>
            <!--Optional:-->
            <siri:AccountKey>?</siri:AccountKey>
            <!--Optional:-->
            <siri:Address>?</siri:Address>
            <!--Optional:-->
            <siri:ConsumerRef>?</siri:ConsumerRef>
            <!--Optional:-->
            <siri:MessageIdentifier>?</siri:MessageIdentifier>
            <!--Optional:-->
            <siri:DelegatorAddress>?</siri:DelegatorAddress>
            <!--Optional:-->
            <siri:DelegatorRef>?</siri:DelegatorRef>
         </DataSupplyRequestInfo>
         <Request>
            <!--Optional:-->
            <siri:NotificationRef>?</siri:NotificationRef>
            <!--Optional:-->
            <siri:AllData>false</siri:AllData>
         </Request>
         <RequestExtension>
            <!--You may enter ANY elements at this point-->
         </RequestExtension>
      </wsdl:DataSupply>
   </soapenv:Body>
</soapenv:Envelope>]]></con:request><con:wsaConfig mustUnderstand="NONE" version="200508" action="DataSupply"/></con:call></con:operation><con:operation isOneWay="false" action="DeleteSubscription" name="DeleteSubscription" bindingOperationName="DeleteSubscription" type="Request-Response" inputName="" receivesAttachments="false" sendsAttachments="false" anonymous="optional"><con:settings/><con:call name="Request 1"><con:settings/><con:encoding>UTF-8</con:encoding><con:endpoint>http://www.siri-service-location.com</con:endpoint><con:request><![CDATA[<soapenv:Envelope xmlns:soapenv="http://schemas.xmlsoap.org/soap/envelope/" xmlns:wsdl="http://wsdl.siri.org.uk" xmlns:siri="http://www.siri.org.uk/siri">
   <soapenv:Header/>
   <soapenv:Body>
      <wsdl:DeleteSubscription>
         <DeleteSubscriptionInfo>
            <siri:RequestTimestamp>?</siri:RequestTimestamp>
            <!--Optional:-->
            <siri:AccountId>?</siri:AccountId>
            <!--Optional:-->
            <siri:AccountKey>?</siri:AccountKey>
            <!--Optional:-->
            <siri:Address>?</siri:Address>
            <siri:RequestorRef>?</siri:RequestorRef>
            <!--Optional:-->
            <siri:MessageIdentifier>?</siri:MessageIdentifier>
            <!--Optional:-->
            <siri:DelegatorAddress>?</siri:DelegatorAddress>
            <!--Optional:-->
            <siri:DelegatorRef>?</siri:DelegatorRef>
         </DeleteSubscriptionInfo>
         <Request>
            <!--Optional:-->
            <siri:SubscriberRef>?</siri:SubscriberRef>
            <!--You have a CHOICE of the next 2 items at this level-->
            <siri:All>?</siri:All>
            <!--1 or more repetitions:-->
            <siri:SubscriptionRef>?</siri:SubscriptionRef>
         </Request>
         <RequestExtension>
            <!--You may enter ANY elements at this point-->
         </RequestExtension>
      </wsdl:DeleteSubscription>
   </soapenv:Body>
</soapenv:Envelope>]]></con:request><con:wsaConfig mustUnderstand="NONE" version="200508" action="DeleteSubscription"/></con:call></con:operation><con:operation isOneWay="false" action="GetCapabilities" name="GetCapabilities" bindingOperationName="GetCapabilities" type="Request-Response" inputName="" receivesAttachments="false" sendsAttachments="false" anonymous="optional"><con:settings/><con:call name="Request 1"><con:settings/><con:encoding>UTF-8</con:encoding><con:endpoint>http://www.siri-service-location.com</con:endpoint><con:request><![CDATA[<soapenv:Envelope xmlns:soapenv="http://schemas.xmlsoap.org/soap/envelope/" xmlns:wsdl="http://wsdl.siri.org.uk" xmlns:siri="http://www.siri.org.uk/siri">
   <soapenv:Header/>
   <soapenv:Body>
      <wsdl:GetCapabilities>
         <Request version="2.0">
            <siri:RequestTimestamp>?</siri:RequestTimestamp>
            <!--Optional:-->
            <siri:AccountId>?</siri:AccountId>
            <!--Optional:-->
            <siri:AccountKey>?</siri:AccountKey>
            <!--Optional:-->
            <siri:Address>?</siri:Address>
            <siri:RequestorRef>?</siri:RequestorRef>
            <!--Optional:-->
            <siri:DelegatorAddress>?</siri:DelegatorAddress>
            <!--Optional:-->
            <siri:DelegatorRef>?</siri:DelegatorRef>
            <!--Optional:-->
            <siri:ProductionTimetableCapabilitiesRequest version="2.0">
               <siri:RequestTimestamp>?</siri:RequestTimestamp>
               <!--Optional:-->
               <siri:MessageIdentifier>?</siri:MessageIdentifier>
               <!--Optional:-->
               <siri:ParticipantPermissions>false</siri:ParticipantPermissions>
               <!--Optional:-->
               <siri:Extensions>
                  <!--You may enter ANY elements at this point-->
               </siri:Extensions>
            </siri:ProductionTimetableCapabilitiesRequest>
            <!--Optional:-->
            <siri:EstimatedTimetableCapabilitiesRequest version="2.0">
               <siri:RequestTimestamp>?</siri:RequestTimestamp>
               <!--Optional:-->
               <siri:MessageIdentifier>?</siri:MessageIdentifier>
               <!--Optional:-->
               <siri:ParticipantPermissions>false</siri:ParticipantPermissions>
               <!--Optional:-->
               <siri:Extensions>
                  <!--You may enter ANY elements at this point-->
               </siri:Extensions>
            </siri:EstimatedTimetableCapabilitiesRequest>
            <!--Optional:-->
            <siri:StopTimetableCapabilitiesRequest version="2.0">
               <siri:RequestTimestamp>?</siri:RequestTimestamp>
               <!--Optional:-->
               <siri:MessageIdentifier>?</siri:MessageIdentifier>
               <!--Optional:-->
               <siri:ParticipantPermissions>false</siri:ParticipantPermissions>
               <!--Optional:-->
               <siri:Extensions>
                  <!--You may enter ANY elements at this point-->
               </siri:Extensions>
            </siri:StopTimetableCapabilitiesRequest>
            <!--Optional:-->
            <siri:StopMonitoringCapabilitiesRequest version="2.0">
               <siri:RequestTimestamp>?</siri:RequestTimestamp>
               <!--Optional:-->
               <siri:MessageIdentifier>?</siri:MessageIdentifier>
               <!--Optional:-->
               <siri:ParticipantPermissions>false</siri:ParticipantPermissions>
               <!--Optional:-->
               <siri:Extensions>
                  <!--You may enter ANY elements at this point-->
               </siri:Extensions>
            </siri:StopMonitoringCapabilitiesRequest>
            <!--Optional:-->
            <siri:VehicleMonitoringCapabilitiesRequest version="2.0">
               <siri:RequestTimestamp>?</siri:RequestTimestamp>
               <!--Optional:-->
               <siri:MessageIdentifier>?</siri:MessageIdentifier>
               <!--Optional:-->
               <siri:ParticipantPermissions>false</siri:ParticipantPermissions>
               <!--Optional:-->
               <siri:Extensions>
                  <!--You may enter ANY elements at this point-->
               </siri:Extensions>
            </siri:VehicleMonitoringCapabilitiesRequest>
            <!--Optional:-->
            <siri:ConnectionTimetableCapabilitiesRequest version="2.0">
               <siri:RequestTimestamp>?</siri:RequestTimestamp>
               <!--Optional:-->
               <siri:MessageIdentifier>?</siri:MessageIdentifier>
               <!--Optional:-->
               <siri:ParticipantPermissions>false</siri:ParticipantPermissions>
               <!--Optional:-->
               <siri:Extensions>
                  <!--You may enter ANY elements at this point-->
               </siri:Extensions>
            </siri:ConnectionTimetableCapabilitiesRequest>
            <!--Optional:-->
            <siri:ConnectionMonitoringCapabilitiesRequest version="2.0">
               <siri:RequestTimestamp>?</siri:RequestTimestamp>
               <!--Optional:-->
               <siri:MessageIdentifier>?</siri:MessageIdentifier>
               <!--Optional:-->
               <siri:ParticipantPermissions>false</siri:ParticipantPermissions>
               <!--Optional:-->
               <siri:Extensions>
                  <!--You may enter ANY elements at this point-->
               </siri:Extensions>
            </siri:ConnectionMonitoringCapabilitiesRequest>
            <!--Optional:-->
            <siri:GeneralMessageCapabilitiesRequest version="2.0">
               <siri:RequestTimestamp>?</siri:RequestTimestamp>
               <!--Optional:-->
               <siri:MessageIdentifier>?</siri:MessageIdentifier>
               <!--Optional:-->
               <siri:ParticipantPermissions>false</siri:ParticipantPermissions>
               <!--Optional:-->
               <siri:Extensions>
                  <!--You may enter ANY elements at this point-->
               </siri:Extensions>
            </siri:GeneralMessageCapabilitiesRequest>
            <!--Optional:-->
            <siri:FacilityMonitoringCapabilitiesRequest version="2.0">
               <siri:RequestTimestamp>?</siri:RequestTimestamp>
               <!--Optional:-->
               <siri:MessageIdentifier>?</siri:MessageIdentifier>
               <!--Optional:-->
               <siri:ParticipantPermissions>false</siri:ParticipantPermissions>
               <!--Optional:-->
               <siri:Extensions>
                  <!--You may enter ANY elements at this point-->
               </siri:Extensions>
            </siri:FacilityMonitoringCapabilitiesRequest>
            <!--Optional:-->
            <siri:SituationExchangeCapabilitiesRequest version="2.0">
               <siri:RequestTimestamp>?</siri:RequestTimestamp>
               <!--Optional:-->
               <siri:MessageIdentifier>?</siri:MessageIdentifier>
               <!--Optional:-->
               <siri:ParticipantPermissions>false</siri:ParticipantPermissions>
               <!--Optional:-->
               <siri:Extensions>
                  <!--You may enter ANY elements at this point-->
               </siri:Extensions>
            </siri:SituationExchangeCapabilitiesRequest>
         </Request>
         <RequestExtension>
            <!--You may enter ANY elements at this point-->
         </RequestExtension>
      </wsdl:GetCapabilities>
   </soapenv:Body>
</soapenv:Envelope>]]></con:request><con:wsaConfig mustUnderstand="NONE" version="200508" action="GetCapabilities"/></con:call></con:operation><con:operation isOneWay="false" action="GetConnectionMonitoring" name="GetConnectionMonitoring" bindingOperationName="GetConnectionMonitoring" type="Request-Response" inputName="" receivesAttachments="false" sendsAttachments="false" anonymous="optional"><con:settings/><con:call name="Request 1"><con:settings/><con:encoding>UTF-8</con:encoding><con:endpoint>http://www.siri-service-location.com</con:endpoint><con:request><![CDATA[<soapenv:Envelope xmlns:soapenv="http://schemas.xmlsoap.org/soap/envelope/" xmlns:wsdl="http://wsdl.siri.org.uk" xmlns:siri="http://www.siri.org.uk/siri">
   <soapenv:Header/>
   <soapenv:Body>
      <wsdl:GetConnectionMonitoring>
         <ServiceRequestInfo>
            <!--Optional:-->
            <siri:ServiceRequestContext>
               <!--Optional:-->
               <siri:CheckStatusAddress>?</siri:CheckStatusAddress>
               <!--Optional:-->
               <siri:SubscribeAddress>?</siri:SubscribeAddress>
               <!--Optional:-->
               <siri:ManageSubscriptionAddress>?</siri:ManageSubscriptionAddress>
               <!--Optional:-->
               <siri:GetDataAddress>?</siri:GetDataAddress>
               <!--Optional:-->
               <siri:StatusResponseAddress>?</siri:StatusResponseAddress>
               <!--Optional:-->
               <siri:SubscriberAddress>?</siri:SubscriberAddress>
               <!--Optional:-->
               <siri:NotifyAddress>?</siri:NotifyAddress>
               <!--Optional:-->
               <siri:ConsumerAddress>?</siri:ConsumerAddress>
               <!--Optional:-->
               <siri:DataNameSpaces>
                  <!--Optional:-->
                  <siri:StopPointNameSpace>?</siri:StopPointNameSpace>
                  <!--Optional:-->
                  <siri:LineNameSpace>?</siri:LineNameSpace>
                  <!--Optional:-->
                  <siri:ProductCategoryNameSpace>?</siri:ProductCategoryNameSpace>
                  <!--Optional:-->
                  <siri:ServiceFeatureNameSpace>?</siri:ServiceFeatureNameSpace>
                  <!--Optional:-->
                  <siri:VehicleFeatureNameSpace>?</siri:VehicleFeatureNameSpace>
               </siri:DataNameSpaces>
               <!--Optional:-->
               <siri:Language>en</siri:Language>
               <!--You have a CHOICE of the next 2 items at this level-->
               <siri:WgsDecimalDegrees>?</siri:WgsDecimalDegrees>
               <siri:GmlCoordinateFormat>?</siri:GmlCoordinateFormat>
               <!--Optional:-->
               <siri:DistanceUnits>?</siri:DistanceUnits>
               <!--Optional:-->
               <siri:VelocityUnits>?</siri:VelocityUnits>
               <!--Optional:-->
               <siri:DataHorizon>?</siri:DataHorizon>
               <!--Optional:-->
               <siri:RequestTimeout>?</siri:RequestTimeout>
               <!--Optional:-->
               <siri:DeliveryMethod>direct</siri:DeliveryMethod>
               <!--Optional:-->
               <siri:MultipartDespatch>?</siri:MultipartDespatch>
               <!--Optional:-->
               <siri:ConfirmDelivery>false</siri:ConfirmDelivery>
               <!--Optional:-->
               <siri:MaximimumNumberOfSubscriptions>?</siri:MaximimumNumberOfSubscriptions>
               <!--Optional:-->
               <siri:AllowedPredictors>anyone</siri:AllowedPredictors>
               <!--Optional:-->
               <siri:PredictionFunction>?</siri:PredictionFunction>
            </siri:ServiceRequestContext>
            <siri:RequestTimestamp>?</siri:RequestTimestamp>
            <!--Optional:-->
            <siri:AccountId>?</siri:AccountId>
            <!--Optional:-->
            <siri:AccountKey>?</siri:AccountKey>
            <!--Optional:-->
            <siri:Address>?</siri:Address>
            <siri:RequestorRef>?</siri:RequestorRef>
            <!--Optional:-->
            <siri:MessageIdentifier>?</siri:MessageIdentifier>
            <!--Optional:-->
            <siri:DelegatorAddress>?</siri:DelegatorAddress>
            <!--Optional:-->
            <siri:DelegatorRef>?</siri:DelegatorRef>
         </ServiceRequestInfo>
         <Request version="2.0">
            <siri:RequestTimestamp>?</siri:RequestTimestamp>
            <!--Optional:-->
            <siri:MessageIdentifier>?</siri:MessageIdentifier>
            <!--Optional:-->
            <siri:PreviewInterval>?</siri:PreviewInterval>
            <siri:ConnectionLinkRef>?</siri:ConnectionLinkRef>
            <!--You have a CHOICE of the next 2 items at this level-->
            <siri:ConnectingTimeFilter>
               <siri:LineRef>?</siri:LineRef>
               <siri:DirectionRef>?</siri:DirectionRef>
               <!--Optional:-->
               <siri:EarliestArrivalTime>?</siri:EarliestArrivalTime>
               <!--Optional:-->
               <siri:LatestArrivalTime>?</siri:LatestArrivalTime>
            </siri:ConnectingTimeFilter>
            <!--1 or more repetitions:-->
            <siri:ConnectingJourneyFilter>
               <siri:DatedVehicleJourneyRef>?</siri:DatedVehicleJourneyRef>
               <!--Optional:-->
               <siri:VisitNumber>?</siri:VisitNumber>
               <siri:TimetabledArrivalTime>?</siri:TimetabledArrivalTime>
            </siri:ConnectingJourneyFilter>
            <!--Optional:-->
            <siri:Language>en</siri:Language>
            <!--Optional:-->
            <siri:IncludeTranslations>?</siri:IncludeTranslations>
            <!--Optional:-->
            <siri:ConnectionMonitoringDetailLevel>?</siri:ConnectionMonitoringDetailLevel>
            <!--Optional:-->
            <siri:Extensions>
               <!--You may enter ANY elements at this point-->
            </siri:Extensions>
         </Request>
         <RequestExtension>
            <!--You may enter ANY elements at this point-->
         </RequestExtension>
      </wsdl:GetConnectionMonitoring>
   </soapenv:Body>
</soapenv:Envelope>]]></con:request><con:wsaConfig mustUnderstand="NONE" version="200508" action="GetConnectionMonitoring"/></con:call></con:operation><con:operation isOneWay="false" action="GetConnectionTimetable" name="GetConnectionTimetable" bindingOperationName="GetConnectionTimetable" type="Request-Response" inputName="" receivesAttachments="false" sendsAttachments="false" anonymous="optional"><con:settings/><con:call name="Request 1"><con:settings/><con:encoding>UTF-8</con:encoding><con:endpoint>http://www.siri-service-location.com</con:endpoint><con:request><![CDATA[<soapenv:Envelope xmlns:soapenv="http://schemas.xmlsoap.org/soap/envelope/" xmlns:wsdl="http://wsdl.siri.org.uk" xmlns:siri="http://www.siri.org.uk/siri">
   <soapenv:Header/>
   <soapenv:Body>
      <wsdl:GetConnectionTimetable>
         <ServiceRequestInfo>
            <!--Optional:-->
            <siri:ServiceRequestContext>
               <!--Optional:-->
               <siri:CheckStatusAddress>?</siri:CheckStatusAddress>
               <!--Optional:-->
               <siri:SubscribeAddress>?</siri:SubscribeAddress>
               <!--Optional:-->
               <siri:ManageSubscriptionAddress>?</siri:ManageSubscriptionAddress>
               <!--Optional:-->
               <siri:GetDataAddress>?</siri:GetDataAddress>
               <!--Optional:-->
               <siri:StatusResponseAddress>?</siri:StatusResponseAddress>
               <!--Optional:-->
               <siri:SubscriberAddress>?</siri:SubscriberAddress>
               <!--Optional:-->
               <siri:NotifyAddress>?</siri:NotifyAddress>
               <!--Optional:-->
               <siri:ConsumerAddress>?</siri:ConsumerAddress>
               <!--Optional:-->
               <siri:DataNameSpaces>
                  <!--Optional:-->
                  <siri:StopPointNameSpace>?</siri:StopPointNameSpace>
                  <!--Optional:-->
                  <siri:LineNameSpace>?</siri:LineNameSpace>
                  <!--Optional:-->
                  <siri:ProductCategoryNameSpace>?</siri:ProductCategoryNameSpace>
                  <!--Optional:-->
                  <siri:ServiceFeatureNameSpace>?</siri:ServiceFeatureNameSpace>
                  <!--Optional:-->
                  <siri:VehicleFeatureNameSpace>?</siri:VehicleFeatureNameSpace>
               </siri:DataNameSpaces>
               <!--Optional:-->
               <siri:Language>en</siri:Language>
               <!--You have a CHOICE of the next 2 items at this level-->
               <siri:WgsDecimalDegrees>?</siri:WgsDecimalDegrees>
               <siri:GmlCoordinateFormat>?</siri:GmlCoordinateFormat>
               <!--Optional:-->
               <siri:DistanceUnits>?</siri:DistanceUnits>
               <!--Optional:-->
               <siri:VelocityUnits>?</siri:VelocityUnits>
               <!--Optional:-->
               <siri:DataHorizon>?</siri:DataHorizon>
               <!--Optional:-->
               <siri:RequestTimeout>?</siri:RequestTimeout>
               <!--Optional:-->
               <siri:DeliveryMethod>direct</siri:DeliveryMethod>
               <!--Optional:-->
               <siri:MultipartDespatch>?</siri:MultipartDespatch>
               <!--Optional:-->
               <siri:ConfirmDelivery>false</siri:ConfirmDelivery>
               <!--Optional:-->
               <siri:MaximimumNumberOfSubscriptions>?</siri:MaximimumNumberOfSubscriptions>
               <!--Optional:-->
               <siri:AllowedPredictors>anyone</siri:AllowedPredictors>
               <!--Optional:-->
               <siri:PredictionFunction>?</siri:PredictionFunction>
            </siri:ServiceRequestContext>
            <siri:RequestTimestamp>?</siri:RequestTimestamp>
            <!--Optional:-->
            <siri:AccountId>?</siri:AccountId>
            <!--Optional:-->
            <siri:AccountKey>?</siri:AccountKey>
            <!--Optional:-->
            <siri:Address>?</siri:Address>
            <siri:RequestorRef>?</siri:RequestorRef>
            <!--Optional:-->
            <siri:MessageIdentifier>?</siri:MessageIdentifier>
            <!--Optional:-->
            <siri:DelegatorAddress>?</siri:DelegatorAddress>
            <!--Optional:-->
            <siri:DelegatorRef>?</siri:DelegatorRef>
         </ServiceRequestInfo>
         <Request version="2.0">
            <siri:RequestTimestamp>?</siri:RequestTimestamp>
            <!--Optional:-->
            <siri:MessageIdentifier>?</siri:MessageIdentifier>
            <!--Optional:-->
            <siri:ArrivalWindow>
               <siri:StartTime>?</siri:StartTime>
               <siri:EndTime>?</siri:EndTime>
            </siri:ArrivalWindow>
            <siri:ConnectionLinkRef>?</siri:ConnectionLinkRef>
            <!--Optional:-->
            <siri:LineRef>?</siri:LineRef>
            <!--Optional:-->
            <siri:DirectionRef>?</siri:DirectionRef>
            <!--Optional:-->
            <siri:Language>en</siri:Language>
            <!--Optional:-->
            <siri:IncludeTranslations>?</siri:IncludeTranslations>
            <!--Optional:-->
            <siri:Extensions>
               <!--You may enter ANY elements at this point-->
            </siri:Extensions>
         </Request>
         <RequestExtension>
            <!--You may enter ANY elements at this point-->
         </RequestExtension>
      </wsdl:GetConnectionTimetable>
   </soapenv:Body>
</soapenv:Envelope>]]></con:request><con:wsaConfig mustUnderstand="NONE" version="200508" action="GetConnectionTimetable"/></con:call></con:operation><con:operation isOneWay="false" action="GetEstimatedTimetable" name="GetEstimatedTimetable" bindingOperationName="GetEstimatedTimetable" type="Request-Response" inputName="" receivesAttachments="false" sendsAttachments="false" anonymous="optional"><con:settings/><con:call name="Request 1"><con:settings/><con:encoding>UTF-8</con:encoding><con:endpoint>http://www.siri-service-location.com</con:endpoint><con:request><![CDATA[<soapenv:Envelope xmlns:soapenv="http://schemas.xmlsoap.org/soap/envelope/" xmlns:wsdl="http://wsdl.siri.org.uk" xmlns:siri="http://www.siri.org.uk/siri">
   <soapenv:Header/>
   <soapenv:Body>
      <wsdl:GetEstimatedTimetable>
         <ServiceRequestInfo>
            <!--Optional:-->
            <siri:ServiceRequestContext>
               <!--Optional:-->
               <siri:CheckStatusAddress>?</siri:CheckStatusAddress>
               <!--Optional:-->
               <siri:SubscribeAddress>?</siri:SubscribeAddress>
               <!--Optional:-->
               <siri:ManageSubscriptionAddress>?</siri:ManageSubscriptionAddress>
               <!--Optional:-->
               <siri:GetDataAddress>?</siri:GetDataAddress>
               <!--Optional:-->
               <siri:StatusResponseAddress>?</siri:StatusResponseAddress>
               <!--Optional:-->
               <siri:SubscriberAddress>?</siri:SubscriberAddress>
               <!--Optional:-->
               <siri:NotifyAddress>?</siri:NotifyAddress>
               <!--Optional:-->
               <siri:ConsumerAddress>?</siri:ConsumerAddress>
               <!--Optional:-->
               <siri:DataNameSpaces>
                  <!--Optional:-->
                  <siri:StopPointNameSpace>?</siri:StopPointNameSpace>
                  <!--Optional:-->
                  <siri:LineNameSpace>?</siri:LineNameSpace>
                  <!--Optional:-->
                  <siri:ProductCategoryNameSpace>?</siri:ProductCategoryNameSpace>
                  <!--Optional:-->
                  <siri:ServiceFeatureNameSpace>?</siri:ServiceFeatureNameSpace>
                  <!--Optional:-->
                  <siri:VehicleFeatureNameSpace>?</siri:VehicleFeatureNameSpace>
               </siri:DataNameSpaces>
               <!--Optional:-->
               <siri:Language>en</siri:Language>
               <!--You have a CHOICE of the next 2 items at this level-->
               <siri:WgsDecimalDegrees>?</siri:WgsDecimalDegrees>
               <siri:GmlCoordinateFormat>?</siri:GmlCoordinateFormat>
               <!--Optional:-->
               <siri:DistanceUnits>?</siri:DistanceUnits>
               <!--Optional:-->
               <siri:VelocityUnits>?</siri:VelocityUnits>
               <!--Optional:-->
               <siri:DataHorizon>?</siri:DataHorizon>
               <!--Optional:-->
               <siri:RequestTimeout>?</siri:RequestTimeout>
               <!--Optional:-->
               <siri:DeliveryMethod>direct</siri:DeliveryMethod>
               <!--Optional:-->
               <siri:MultipartDespatch>?</siri:MultipartDespatch>
               <!--Optional:-->
               <siri:ConfirmDelivery>false</siri:ConfirmDelivery>
               <!--Optional:-->
               <siri:MaximimumNumberOfSubscriptions>?</siri:MaximimumNumberOfSubscriptions>
               <!--Optional:-->
               <siri:AllowedPredictors>anyone</siri:AllowedPredictors>
               <!--Optional:-->
               <siri:PredictionFunction>?</siri:PredictionFunction>
            </siri:ServiceRequestContext>
            <siri:RequestTimestamp>?</siri:RequestTimestamp>
            <!--Optional:-->
            <siri:AccountId>?</siri:AccountId>
            <!--Optional:-->
            <siri:AccountKey>?</siri:AccountKey>
            <!--Optional:-->
            <siri:Address>?</siri:Address>
            <siri:RequestorRef>?</siri:RequestorRef>
            <!--Optional:-->
            <siri:MessageIdentifier>?</siri:MessageIdentifier>
            <!--Optional:-->
            <siri:DelegatorAddress>?</siri:DelegatorAddress>
            <!--Optional:-->
            <siri:DelegatorRef>?</siri:DelegatorRef>
         </ServiceRequestInfo>
         <Request version="2.0">
            <siri:RequestTimestamp>?</siri:RequestTimestamp>
            <!--Optional:-->
            <siri:MessageIdentifier>?</siri:MessageIdentifier>
            <!--Optional:-->
            <siri:PreviewInterval>?</siri:PreviewInterval>
            <!--Optional:-->
            <siri:TimetableVersionRef>?</siri:TimetableVersionRef>
            <!--Zero or more repetitions:-->
            <siri:OperatorRef>?</siri:OperatorRef>
            <!--Optional:-->
            <siri:Lines>
               <!--1 or more repetitions:-->
               <siri:LineDirection>
                  <siri:LineRef>?</siri:LineRef>
                  <!--Optional:-->
                  <siri:DirectionRef>?</siri:DirectionRef>
               </siri:LineDirection>
            </siri:Lines>
            <!--Optional:-->
            <siri:Language>en</siri:Language>
            <!--Optional:-->
            <siri:IncludeTranslations>?</siri:IncludeTranslations>
            <!--Optional:-->
            <siri:EstimatedTimetableDetailLevel>?</siri:EstimatedTimetableDetailLevel>
            <!--Optional:-->
            <siri:Extensions>
               <!--You may enter ANY elements at this point-->
            </siri:Extensions>
         </Request>
         <RequestExtension>
            <!--You may enter ANY elements at this point-->
         </RequestExtension>
      </wsdl:GetEstimatedTimetable>
   </soapenv:Body>
</soapenv:Envelope>]]></con:request><con:wsaConfig mustUnderstand="NONE" version="200508" action="GetEstimatedTimetable"/></con:call></con:operation><con:operation isOneWay="false" action="GetFacilityMonitoring" name="GetFacilityMonitoring" bindingOperationName="GetFacilityMonitoring" type="Request-Response" inputName="" receivesAttachments="false" sendsAttachments="false" anonymous="optional"><con:settings/><con:call name="Request 1"><con:settings/><con:encoding>UTF-8</con:encoding><con:endpoint>http://www.siri-service-location.com</con:endpoint><con:request><![CDATA[<soapenv:Envelope xmlns:soapenv="http://schemas.xmlsoap.org/soap/envelope/" xmlns:wsdl="http://wsdl.siri.org.uk" xmlns:siri="http://www.siri.org.uk/siri" xmlns:acsb="http://www.ifopt.org.uk/acsb">
   <soapenv:Header/>
   <soapenv:Body>
      <wsdl:GetFacilityMonitoring>
         <ServiceRequestInfo>
            <!--Optional:-->
            <siri:ServiceRequestContext>
               <!--Optional:-->
               <siri:CheckStatusAddress>?</siri:CheckStatusAddress>
               <!--Optional:-->
               <siri:SubscribeAddress>?</siri:SubscribeAddress>
               <!--Optional:-->
               <siri:ManageSubscriptionAddress>?</siri:ManageSubscriptionAddress>
               <!--Optional:-->
               <siri:GetDataAddress>?</siri:GetDataAddress>
               <!--Optional:-->
               <siri:StatusResponseAddress>?</siri:StatusResponseAddress>
               <!--Optional:-->
               <siri:SubscriberAddress>?</siri:SubscriberAddress>
               <!--Optional:-->
               <siri:NotifyAddress>?</siri:NotifyAddress>
               <!--Optional:-->
               <siri:ConsumerAddress>?</siri:ConsumerAddress>
               <!--Optional:-->
               <siri:DataNameSpaces>
                  <!--Optional:-->
                  <siri:StopPointNameSpace>?</siri:StopPointNameSpace>
                  <!--Optional:-->
                  <siri:LineNameSpace>?</siri:LineNameSpace>
                  <!--Optional:-->
                  <siri:ProductCategoryNameSpace>?</siri:ProductCategoryNameSpace>
                  <!--Optional:-->
                  <siri:ServiceFeatureNameSpace>?</siri:ServiceFeatureNameSpace>
                  <!--Optional:-->
                  <siri:VehicleFeatureNameSpace>?</siri:VehicleFeatureNameSpace>
               </siri:DataNameSpaces>
               <!--Optional:-->
               <siri:Language>en</siri:Language>
               <!--You have a CHOICE of the next 2 items at this level-->
               <siri:WgsDecimalDegrees>?</siri:WgsDecimalDegrees>
               <siri:GmlCoordinateFormat>?</siri:GmlCoordinateFormat>
               <!--Optional:-->
               <siri:DistanceUnits>?</siri:DistanceUnits>
               <!--Optional:-->
               <siri:VelocityUnits>?</siri:VelocityUnits>
               <!--Optional:-->
               <siri:DataHorizon>?</siri:DataHorizon>
               <!--Optional:-->
               <siri:RequestTimeout>?</siri:RequestTimeout>
               <!--Optional:-->
               <siri:DeliveryMethod>direct</siri:DeliveryMethod>
               <!--Optional:-->
               <siri:MultipartDespatch>?</siri:MultipartDespatch>
               <!--Optional:-->
               <siri:ConfirmDelivery>false</siri:ConfirmDelivery>
               <!--Optional:-->
               <siri:MaximimumNumberOfSubscriptions>?</siri:MaximimumNumberOfSubscriptions>
               <!--Optional:-->
               <siri:AllowedPredictors>anyone</siri:AllowedPredictors>
               <!--Optional:-->
               <siri:PredictionFunction>?</siri:PredictionFunction>
            </siri:ServiceRequestContext>
            <siri:RequestTimestamp>?</siri:RequestTimestamp>
            <!--Optional:-->
            <siri:AccountId>?</siri:AccountId>
            <!--Optional:-->
            <siri:AccountKey>?</siri:AccountKey>
            <!--Optional:-->
            <siri:Address>?</siri:Address>
            <siri:RequestorRef>?</siri:RequestorRef>
            <!--Optional:-->
            <siri:MessageIdentifier>?</siri:MessageIdentifier>
            <!--Optional:-->
            <siri:DelegatorAddress>?</siri:DelegatorAddress>
            <!--Optional:-->
            <siri:DelegatorRef>?</siri:DelegatorRef>
         </ServiceRequestInfo>
         <Request version="2.0">
            <siri:RequestTimestamp>?</siri:RequestTimestamp>
            <!--Optional:-->
            <siri:MessageIdentifier>?</siri:MessageIdentifier>
            <!--Optional:-->
            <siri:PreviewInterval>?</siri:PreviewInterval>
            <!--Optional:-->
            <siri:StartTime>?</siri:StartTime>
            <!--Zero or more repetitions:-->
            <siri:FacilityRef>?</siri:FacilityRef>
            <!--Optional:-->
            <siri:FeatureRef>?</siri:FeatureRef>
            <!--Optional:-->
            <siri:LineRef>?</siri:LineRef>
            <!--Optional:-->
            <siri:StopPointRef>?</siri:StopPointRef>
            <!--Optional:-->
            <siri:ConnectionLinkRef>?</siri:ConnectionLinkRef>
            <!--You have a CHOICE of the next 2 items at this level-->
            <siri:FramedVehicleJourneyRef>
               <siri:DataFrameRef>?</siri:DataFrameRef>
               <siri:DatedVehicleJourneyRef>?</siri:DatedVehicleJourneyRef>
            </siri:FramedVehicleJourneyRef>
            <siri:VehicleJourneyRef>?</siri:VehicleJourneyRef>
            <!--Optional:-->
            <siri:InterchangeRef>?</siri:InterchangeRef>
            <!--Optional:-->
            <siri:VehicleRef>?</siri:VehicleRef>
            <!--Optional:-->
            <siri:StopPlaceRef>?</siri:StopPlaceRef>
            <!--Optional:-->
            <siri:StopPlaceComponentRef>?</siri:StopPlaceComponentRef>
            <!--Zero or more repetitions:-->
            <siri:AccessibilityNeedsFilter>
               <!--1 or more repetitions:-->
               <siri:UserNeed>
                  <!--You have a CHOICE of the next 4 items at this level-->
                  <acsb:MobilityNeed>?</acsb:MobilityNeed>
                  <acsb:PsychosensoryNeed>?</acsb:PsychosensoryNeed>
                  <acsb:MedicalNeed>?</acsb:MedicalNeed>
                  <acsb:EncumbranceNeed>?</acsb:EncumbranceNeed>
                  <!--Optional:-->
                  <acsb:Excluded>?</acsb:Excluded>
                  <!--Optional:-->
                  <acsb:NeedRanking>?</acsb:NeedRanking>
                  <!--Optional:-->
                  <acsb:Extensions>?</acsb:Extensions>
               </siri:UserNeed>
            </siri:AccessibilityNeedsFilter>
            <!--Optional:-->
            <siri:Language>en</siri:Language>
            <!--Optional:-->
            <siri:IncludeTranslations>?</siri:IncludeTranslations>
            <!--Optional:-->
            <siri:MaximumNumberOfFacilityConditions>?</siri:MaximumNumberOfFacilityConditions>
            <!--Optional:-->
            <siri:Extensions>
               <!--You may enter ANY elements at this point-->
            </siri:Extensions>
         </Request>
         <RequestExtension>
            <!--You may enter ANY elements at this point-->
         </RequestExtension>
      </wsdl:GetFacilityMonitoring>
   </soapenv:Body>
</soapenv:Envelope>]]></con:request><con:wsaConfig mustUnderstand="NONE" version="200508" action="GetFacilityMonitoring"/></con:call></con:operation><con:operation isOneWay="false" action="GetGeneralMessage" name="GetGeneralMessage" bindingOperationName="GetGeneralMessage" type="Request-Response" inputName="" receivesAttachments="false" sendsAttachments="false" anonymous="optional"><con:settings/><con:call name="Request 1"><con:settings/><con:encoding>UTF-8</con:encoding><con:endpoint>http://www.siri-service-location.com</con:endpoint><con:request><![CDATA[<soapenv:Envelope xmlns:soapenv="http://schemas.xmlsoap.org/soap/envelope/" xmlns:wsdl="http://wsdl.siri.org.uk" xmlns:siri="http://www.siri.org.uk/siri">
   <soapenv:Header/>
   <soapenv:Body>
      <wsdl:GetGeneralMessage>
         <ServiceRequestInfo>
            <!--Optional:-->
            <siri:ServiceRequestContext>
               <!--Optional:-->
               <siri:CheckStatusAddress>?</siri:CheckStatusAddress>
               <!--Optional:-->
               <siri:SubscribeAddress>?</siri:SubscribeAddress>
               <!--Optional:-->
               <siri:ManageSubscriptionAddress>?</siri:ManageSubscriptionAddress>
               <!--Optional:-->
               <siri:GetDataAddress>?</siri:GetDataAddress>
               <!--Optional:-->
               <siri:StatusResponseAddress>?</siri:StatusResponseAddress>
               <!--Optional:-->
               <siri:SubscriberAddress>?</siri:SubscriberAddress>
               <!--Optional:-->
               <siri:NotifyAddress>?</siri:NotifyAddress>
               <!--Optional:-->
               <siri:ConsumerAddress>?</siri:ConsumerAddress>
               <!--Optional:-->
               <siri:DataNameSpaces>
                  <!--Optional:-->
                  <siri:StopPointNameSpace>?</siri:StopPointNameSpace>
                  <!--Optional:-->
                  <siri:LineNameSpace>?</siri:LineNameSpace>
                  <!--Optional:-->
                  <siri:ProductCategoryNameSpace>?</siri:ProductCategoryNameSpace>
                  <!--Optional:-->
                  <siri:ServiceFeatureNameSpace>?</siri:ServiceFeatureNameSpace>
                  <!--Optional:-->
                  <siri:VehicleFeatureNameSpace>?</siri:VehicleFeatureNameSpace>
               </siri:DataNameSpaces>
               <!--Optional:-->
               <siri:Language>en</siri:Language>
               <!--You have a CHOICE of the next 2 items at this level-->
               <siri:WgsDecimalDegrees>?</siri:WgsDecimalDegrees>
               <siri:GmlCoordinateFormat>?</siri:GmlCoordinateFormat>
               <!--Optional:-->
               <siri:DistanceUnits>?</siri:DistanceUnits>
               <!--Optional:-->
               <siri:VelocityUnits>?</siri:VelocityUnits>
               <!--Optional:-->
               <siri:DataHorizon>?</siri:DataHorizon>
               <!--Optional:-->
               <siri:RequestTimeout>?</siri:RequestTimeout>
               <!--Optional:-->
               <siri:DeliveryMethod>direct</siri:DeliveryMethod>
               <!--Optional:-->
               <siri:MultipartDespatch>?</siri:MultipartDespatch>
               <!--Optional:-->
               <siri:ConfirmDelivery>false</siri:ConfirmDelivery>
               <!--Optional:-->
               <siri:MaximimumNumberOfSubscriptions>?</siri:MaximimumNumberOfSubscriptions>
               <!--Optional:-->
               <siri:AllowedPredictors>anyone</siri:AllowedPredictors>
               <!--Optional:-->
               <siri:PredictionFunction>?</siri:PredictionFunction>
            </siri:ServiceRequestContext>
            <siri:RequestTimestamp>?</siri:RequestTimestamp>
            <!--Optional:-->
            <siri:AccountId>?</siri:AccountId>
            <!--Optional:-->
            <siri:AccountKey>?</siri:AccountKey>
            <!--Optional:-->
            <siri:Address>?</siri:Address>
            <siri:RequestorRef>?</siri:RequestorRef>
            <!--Optional:-->
            <siri:MessageIdentifier>?</siri:MessageIdentifier>
            <!--Optional:-->
            <siri:DelegatorAddress>?</siri:DelegatorAddress>
            <!--Optional:-->
            <siri:DelegatorRef>?</siri:DelegatorRef>
         </ServiceRequestInfo>
         <Request version="2.0">
            <siri:RequestTimestamp>?</siri:RequestTimestamp>
            <!--Optional:-->
            <siri:MessageIdentifier>?</siri:MessageIdentifier>
            <!--Zero or more repetitions:-->
            <siri:InfoChannelRef>?</siri:InfoChannelRef>
            <!--Optional:-->
            <siri:Language>en</siri:Language>
            <!--Optional:-->
            <siri:Extensions>
               <!--You may enter ANY elements at this point-->
            </siri:Extensions>
         </Request>
         <RequestExtension>
            <!--You may enter ANY elements at this point-->
         </RequestExtension>
      </wsdl:GetGeneralMessage>
   </soapenv:Body>
</soapenv:Envelope>]]></con:request><con:wsaConfig mustUnderstand="NONE" version="200508" action="GetGeneralMessage"/></con:call></con:operation><con:operation isOneWay="false" action="GetMultipleStopMonitoring" name="GetMultipleStopMonitoring" bindingOperationName="GetMultipleStopMonitoring" type="Request-Response" inputName="" receivesAttachments="false" sendsAttachments="false" anonymous="optional"><con:settings/><con:call name="Request 1"><con:settings/><con:encoding>UTF-8</con:encoding><con:endpoint>http://www.siri-service-location.com</con:endpoint><con:request><![CDATA[<soapenv:Envelope xmlns:soapenv="http://schemas.xmlsoap.org/soap/envelope/" xmlns:wsdl="http://wsdl.siri.org.uk" xmlns:siri="http://www.siri.org.uk/siri">
   <soapenv:Header/>
   <soapenv:Body>
      <wsdl:GetMultipleStopMonitoring>
         <ServiceRequestInfo>
            <!--Optional:-->
            <siri:ServiceRequestContext>
               <!--Optional:-->
               <siri:CheckStatusAddress>?</siri:CheckStatusAddress>
               <!--Optional:-->
               <siri:SubscribeAddress>?</siri:SubscribeAddress>
               <!--Optional:-->
               <siri:ManageSubscriptionAddress>?</siri:ManageSubscriptionAddress>
               <!--Optional:-->
               <siri:GetDataAddress>?</siri:GetDataAddress>
               <!--Optional:-->
               <siri:StatusResponseAddress>?</siri:StatusResponseAddress>
               <!--Optional:-->
               <siri:SubscriberAddress>?</siri:SubscriberAddress>
               <!--Optional:-->
               <siri:NotifyAddress>?</siri:NotifyAddress>
               <!--Optional:-->
               <siri:ConsumerAddress>?</siri:ConsumerAddress>
               <!--Optional:-->
               <siri:DataNameSpaces>
                  <!--Optional:-->
                  <siri:StopPointNameSpace>?</siri:StopPointNameSpace>
                  <!--Optional:-->
                  <siri:LineNameSpace>?</siri:LineNameSpace>
                  <!--Optional:-->
                  <siri:ProductCategoryNameSpace>?</siri:ProductCategoryNameSpace>
                  <!--Optional:-->
                  <siri:ServiceFeatureNameSpace>?</siri:ServiceFeatureNameSpace>
                  <!--Optional:-->
                  <siri:VehicleFeatureNameSpace>?</siri:VehicleFeatureNameSpace>
               </siri:DataNameSpaces>
               <!--Optional:-->
               <siri:Language>en</siri:Language>
               <!--You have a CHOICE of the next 2 items at this level-->
               <siri:WgsDecimalDegrees>?</siri:WgsDecimalDegrees>
               <siri:GmlCoordinateFormat>?</siri:GmlCoordinateFormat>
               <!--Optional:-->
               <siri:DistanceUnits>?</siri:DistanceUnits>
               <!--Optional:-->
               <siri:VelocityUnits>?</siri:VelocityUnits>
               <!--Optional:-->
               <siri:DataHorizon>?</siri:DataHorizon>
               <!--Optional:-->
               <siri:RequestTimeout>?</siri:RequestTimeout>
               <!--Optional:-->
               <siri:DeliveryMethod>direct</siri:DeliveryMethod>
               <!--Optional:-->
               <siri:MultipartDespatch>?</siri:MultipartDespatch>
               <!--Optional:-->
               <siri:ConfirmDelivery>false</siri:ConfirmDelivery>
               <!--Optional:-->
               <siri:MaximimumNumberOfSubscriptions>?</siri:MaximimumNumberOfSubscriptions>
               <!--Optional:-->
               <siri:AllowedPredictors>anyone</siri:AllowedPredictors>
               <!--Optional:-->
               <siri:PredictionFunction>?</siri:PredictionFunction>
            </siri:ServiceRequestContext>
            <siri:RequestTimestamp>?</siri:RequestTimestamp>
            <!--Optional:-->
            <siri:AccountId>?</siri:AccountId>
            <!--Optional:-->
            <siri:AccountKey>?</siri:AccountKey>
            <!--Optional:-->
            <siri:Address>?</siri:Address>
            <siri:RequestorRef>?</siri:RequestorRef>
            <!--Optional:-->
            <siri:MessageIdentifier>?</siri:MessageIdentifier>
            <!--Optional:-->
            <siri:DelegatorAddress>?</siri:DelegatorAddress>
            <!--Optional:-->
            <siri:DelegatorRef>?</siri:DelegatorRef>
         </ServiceRequestInfo>
         <Request version="2.0">
            <siri:RequestTimestamp>?</siri:RequestTimestamp>
            <!--Optional:-->
            <siri:MessageIdentifier>?</siri:MessageIdentifier>
            <!--1 or more repetitions:-->
            <siri:StopMonitoringFIlter>
               <!--Optional:-->
               <siri:PreviewInterval>?</siri:PreviewInterval>
               <!--Optional:-->
               <siri:StartTime>?</siri:StartTime>
               <siri:MonitoringRef>?</siri:MonitoringRef>
               <!--Optional:-->
               <siri:OperatorRef>?</siri:OperatorRef>
               <!--Optional:-->
               <siri:LineRef>?</siri:LineRef>
               <!--Optional:-->
               <siri:DirectionRef>?</siri:DirectionRef>
               <!--Optional:-->
               <siri:DestinationRef>?</siri:DestinationRef>
               <!--Optional:-->
               <siri:StopVisitTypes>all</siri:StopVisitTypes>
               <!--Optional:-->
               <siri:Language>false</siri:Language>
               <!--Optional:-->
               <siri:IncludeTranslations>?</siri:IncludeTranslations>
               <!--Optional:-->
               <siri:MaximumStopVisits>?</siri:MaximumStopVisits>
               <!--You have a CHOICE of the next 2 items at this level-->
               <!--Optional:-->
               <siri:MinimumStopVisitsPerLine>?</siri:MinimumStopVisitsPerLine>
               <!--Optional:-->
               <siri:MinimumStopVisitsPerLineVia>?</siri:MinimumStopVisitsPerLineVia>
               <!--Optional:-->
               <siri:MaximumTextLength>30</siri:MaximumTextLength>
               <!--Optional:-->
               <siri:StopMonitoringDetailLevel>normal</siri:StopMonitoringDetailLevel>
               <!--Optional:-->
               <siri:IncludeSituations>?</siri:IncludeSituations>
               <!--Optional:-->
               <siri:MaximumNumberOfCalls>
                  <!--Optional:-->
                  <siri:Previous>?</siri:Previous>
                  <!--Optional:-->
                  <siri:Onwards>?</siri:Onwards>
               </siri:MaximumNumberOfCalls>
               <!--Optional:-->
               <siri:Extensions>
                  <!--You may enter ANY elements at this point-->
               </siri:Extensions>
            </siri:StopMonitoringFIlter>
         </Request>
         <RequestExtension>
            <!--You may enter ANY elements at this point-->
         </RequestExtension>
      </wsdl:GetMultipleStopMonitoring>
   </soapenv:Body>
</soapenv:Envelope>]]></con:request><con:wsaConfig mustUnderstand="NONE" version="200508" action="GetMultipleStopMonitoring"/></con:call></con:operation><con:operation isOneWay="false" action="GetProductionTimetable" name="GetProductionTimetable" bindingOperationName="GetProductionTimetable" type="Request-Response" inputName="" receivesAttachments="false" sendsAttachments="false" anonymous="optional"><con:settings/><con:call name="Request 1"><con:settings/><con:encoding>UTF-8</con:encoding><con:endpoint>http://www.siri-service-location.com</con:endpoint><con:request><![CDATA[<soapenv:Envelope xmlns:soapenv="http://schemas.xmlsoap.org/soap/envelope/" xmlns:wsdl="http://wsdl.siri.org.uk" xmlns:siri="http://www.siri.org.uk/siri">
   <soapenv:Header/>
   <soapenv:Body>
      <wsdl:GetProductionTimetable>
         <ServiceRequestInfo>
            <!--Optional:-->
            <siri:ServiceRequestContext>
               <!--Optional:-->
               <siri:CheckStatusAddress>?</siri:CheckStatusAddress>
               <!--Optional:-->
               <siri:SubscribeAddress>?</siri:SubscribeAddress>
               <!--Optional:-->
               <siri:ManageSubscriptionAddress>?</siri:ManageSubscriptionAddress>
               <!--Optional:-->
               <siri:GetDataAddress>?</siri:GetDataAddress>
               <!--Optional:-->
               <siri:StatusResponseAddress>?</siri:StatusResponseAddress>
               <!--Optional:-->
               <siri:SubscriberAddress>?</siri:SubscriberAddress>
               <!--Optional:-->
               <siri:NotifyAddress>?</siri:NotifyAddress>
               <!--Optional:-->
               <siri:ConsumerAddress>?</siri:ConsumerAddress>
               <!--Optional:-->
               <siri:DataNameSpaces>
                  <!--Optional:-->
                  <siri:StopPointNameSpace>?</siri:StopPointNameSpace>
                  <!--Optional:-->
                  <siri:LineNameSpace>?</siri:LineNameSpace>
                  <!--Optional:-->
                  <siri:ProductCategoryNameSpace>?</siri:ProductCategoryNameSpace>
                  <!--Optional:-->
                  <siri:ServiceFeatureNameSpace>?</siri:ServiceFeatureNameSpace>
                  <!--Optional:-->
                  <siri:VehicleFeatureNameSpace>?</siri:VehicleFeatureNameSpace>
               </siri:DataNameSpaces>
               <!--Optional:-->
               <siri:Language>en</siri:Language>
               <!--You have a CHOICE of the next 2 items at this level-->
               <siri:WgsDecimalDegrees>?</siri:WgsDecimalDegrees>
               <siri:GmlCoordinateFormat>?</siri:GmlCoordinateFormat>
               <!--Optional:-->
               <siri:DistanceUnits>?</siri:DistanceUnits>
               <!--Optional:-->
               <siri:VelocityUnits>?</siri:VelocityUnits>
               <!--Optional:-->
               <siri:DataHorizon>?</siri:DataHorizon>
               <!--Optional:-->
               <siri:RequestTimeout>?</siri:RequestTimeout>
               <!--Optional:-->
               <siri:DeliveryMethod>direct</siri:DeliveryMethod>
               <!--Optional:-->
               <siri:MultipartDespatch>?</siri:MultipartDespatch>
               <!--Optional:-->
               <siri:ConfirmDelivery>false</siri:ConfirmDelivery>
               <!--Optional:-->
               <siri:MaximimumNumberOfSubscriptions>?</siri:MaximimumNumberOfSubscriptions>
               <!--Optional:-->
               <siri:AllowedPredictors>anyone</siri:AllowedPredictors>
               <!--Optional:-->
               <siri:PredictionFunction>?</siri:PredictionFunction>
            </siri:ServiceRequestContext>
            <siri:RequestTimestamp>?</siri:RequestTimestamp>
            <!--Optional:-->
            <siri:AccountId>?</siri:AccountId>
            <!--Optional:-->
            <siri:AccountKey>?</siri:AccountKey>
            <!--Optional:-->
            <siri:Address>?</siri:Address>
            <siri:RequestorRef>?</siri:RequestorRef>
            <!--Optional:-->
            <siri:MessageIdentifier>?</siri:MessageIdentifier>
            <!--Optional:-->
            <siri:DelegatorAddress>?</siri:DelegatorAddress>
            <!--Optional:-->
            <siri:DelegatorRef>?</siri:DelegatorRef>
         </ServiceRequestInfo>
         <Request version="2.0">
            <siri:RequestTimestamp>?</siri:RequestTimestamp>
            <!--Optional:-->
            <siri:MessageIdentifier>?</siri:MessageIdentifier>
            <!--Optional:-->
            <siri:ValidityPeriod>
               <siri:StartTime>?</siri:StartTime>
               <siri:EndTime>?</siri:EndTime>
            </siri:ValidityPeriod>
            <!--Optional:-->
            <siri:TimetableVersionRef>?</siri:TimetableVersionRef>
            <!--Zero or more repetitions:-->
            <siri:OperatorRef>?</siri:OperatorRef>
            <!--Optional:-->
            <siri:Lines>
               <!--1 or more repetitions:-->
               <siri:LineDirection>
                  <siri:LineRef>?</siri:LineRef>
                  <!--Optional:-->
                  <siri:DirectionRef>?</siri:DirectionRef>
               </siri:LineDirection>
            </siri:Lines>
            <!--Optional:-->
            <siri:Language>en</siri:Language>
            <!--Optional:-->
            <siri:IncludeTranslations>?</siri:IncludeTranslations>
            <!--Optional:-->
            <siri:IncrementalUpdates>false</siri:IncrementalUpdates>
            <!--Optional:-->
            <siri:Extensions>
               <!--You may enter ANY elements at this point-->
            </siri:Extensions>
         </Request>
         <RequestExtension>
            <!--You may enter ANY elements at this point-->
         </RequestExtension>
      </wsdl:GetProductionTimetable>
   </soapenv:Body>
</soapenv:Envelope>]]></con:request><con:wsaConfig mustUnderstand="NONE" version="200508" action="GetProductionTimetable"/></con:call></con:operation><con:operation isOneWay="false" action="GetSiriService" name="GetSiriService" bindingOperationName="GetSiriService" type="Request-Response" inputName="" receivesAttachments="false" sendsAttachments="false" anonymous="optional"><con:settings/><con:call name="Request 1"><con:settings/><con:encoding>UTF-8</con:encoding><con:endpoint>http://www.siri-service-location.com</con:endpoint><con:request><![CDATA[<soapenv:Envelope xmlns:soapenv="http://schemas.xmlsoap.org/soap/envelope/" xmlns:wsdl="http://wsdl.siri.org.uk" xmlns:siri="http://www.siri.org.uk/siri" xmlns:acsb="http://www.ifopt.org.uk/acsb">
   <soapenv:Header/>
   <soapenv:Body>
      <wsdl:GetSiriService>
         <Request>
            <!--Optional:-->
            <siri:ServiceRequestContext>
               <!--Optional:-->
               <siri:CheckStatusAddress>?</siri:CheckStatusAddress>
               <!--Optional:-->
               <siri:SubscribeAddress>?</siri:SubscribeAddress>
               <!--Optional:-->
               <siri:ManageSubscriptionAddress>?</siri:ManageSubscriptionAddress>
               <!--Optional:-->
               <siri:GetDataAddress>?</siri:GetDataAddress>
               <!--Optional:-->
               <siri:StatusResponseAddress>?</siri:StatusResponseAddress>
               <!--Optional:-->
               <siri:SubscriberAddress>?</siri:SubscriberAddress>
               <!--Optional:-->
               <siri:NotifyAddress>?</siri:NotifyAddress>
               <!--Optional:-->
               <siri:ConsumerAddress>?</siri:ConsumerAddress>
               <!--Optional:-->
               <siri:DataNameSpaces>
                  <!--Optional:-->
                  <siri:StopPointNameSpace>?</siri:StopPointNameSpace>
                  <!--Optional:-->
                  <siri:LineNameSpace>?</siri:LineNameSpace>
                  <!--Optional:-->
                  <siri:ProductCategoryNameSpace>?</siri:ProductCategoryNameSpace>
                  <!--Optional:-->
                  <siri:ServiceFeatureNameSpace>?</siri:ServiceFeatureNameSpace>
                  <!--Optional:-->
                  <siri:VehicleFeatureNameSpace>?</siri:VehicleFeatureNameSpace>
               </siri:DataNameSpaces>
               <!--Optional:-->
               <siri:Language>en</siri:Language>
               <!--You have a CHOICE of the next 2 items at this level-->
               <siri:WgsDecimalDegrees>?</siri:WgsDecimalDegrees>
               <siri:GmlCoordinateFormat>?</siri:GmlCoordinateFormat>
               <!--Optional:-->
               <siri:DistanceUnits>?</siri:DistanceUnits>
               <!--Optional:-->
               <siri:VelocityUnits>?</siri:VelocityUnits>
               <!--Optional:-->
               <siri:DataHorizon>?</siri:DataHorizon>
               <!--Optional:-->
               <siri:RequestTimeout>?</siri:RequestTimeout>
               <!--Optional:-->
               <siri:DeliveryMethod>direct</siri:DeliveryMethod>
               <!--Optional:-->
               <siri:MultipartDespatch>?</siri:MultipartDespatch>
               <!--Optional:-->
               <siri:ConfirmDelivery>false</siri:ConfirmDelivery>
               <!--Optional:-->
               <siri:MaximimumNumberOfSubscriptions>?</siri:MaximimumNumberOfSubscriptions>
               <!--Optional:-->
               <siri:AllowedPredictors>anyone</siri:AllowedPredictors>
               <!--Optional:-->
               <siri:PredictionFunction>?</siri:PredictionFunction>
            </siri:ServiceRequestContext>
            <siri:RequestTimestamp>?</siri:RequestTimestamp>
            <!--Optional:-->
            <siri:AccountId>?</siri:AccountId>
            <!--Optional:-->
            <siri:AccountKey>?</siri:AccountKey>
            <!--Optional:-->
            <siri:Address>?</siri:Address>
            <siri:RequestorRef>?</siri:RequestorRef>
            <!--Optional:-->
            <siri:MessageIdentifier>?</siri:MessageIdentifier>
            <!--Optional:-->
            <siri:DelegatorAddress>?</siri:DelegatorAddress>
            <!--Optional:-->
            <siri:DelegatorRef>?</siri:DelegatorRef>
            <!--You have a CHOICE of the next 11 items at this level-->
            <!--1 or more repetitions:-->
            <siri:ProductionTimetableRequest version="2.0">
               <siri:RequestTimestamp>?</siri:RequestTimestamp>
               <!--Optional:-->
               <siri:MessageIdentifier>?</siri:MessageIdentifier>
               <!--Optional:-->
               <siri:ValidityPeriod>
                  <siri:StartTime>?</siri:StartTime>
                  <siri:EndTime>?</siri:EndTime>
               </siri:ValidityPeriod>
               <!--Optional:-->
               <siri:TimetableVersionRef>?</siri:TimetableVersionRef>
               <!--Zero or more repetitions:-->
               <siri:OperatorRef>?</siri:OperatorRef>
               <!--Optional:-->
               <siri:Lines>
                  <!--1 or more repetitions:-->
                  <siri:LineDirection>
                     <siri:LineRef>?</siri:LineRef>
                     <!--Optional:-->
                     <siri:DirectionRef>?</siri:DirectionRef>
                  </siri:LineDirection>
               </siri:Lines>
               <!--Optional:-->
               <siri:Language>en</siri:Language>
               <!--Optional:-->
               <siri:IncludeTranslations>?</siri:IncludeTranslations>
               <!--Optional:-->
               <siri:IncrementalUpdates>false</siri:IncrementalUpdates>
               <!--Optional:-->
               <siri:Extensions>
                  <!--You may enter ANY elements at this point-->
               </siri:Extensions>
            </siri:ProductionTimetableRequest>
            <!--1 or more repetitions:-->
            <siri:EstimatedTimetableRequest version="2.0">
               <siri:RequestTimestamp>?</siri:RequestTimestamp>
               <!--Optional:-->
               <siri:MessageIdentifier>?</siri:MessageIdentifier>
               <!--Optional:-->
               <siri:PreviewInterval>?</siri:PreviewInterval>
               <!--Optional:-->
               <siri:TimetableVersionRef>?</siri:TimetableVersionRef>
               <!--Zero or more repetitions:-->
               <siri:OperatorRef>?</siri:OperatorRef>
               <!--Optional:-->
               <siri:Lines>
                  <!--1 or more repetitions:-->
                  <siri:LineDirection>
                     <siri:LineRef>?</siri:LineRef>
                     <!--Optional:-->
                     <siri:DirectionRef>?</siri:DirectionRef>
                  </siri:LineDirection>
               </siri:Lines>
               <!--Optional:-->
               <siri:Language>en</siri:Language>
               <!--Optional:-->
               <siri:IncludeTranslations>?</siri:IncludeTranslations>
               <!--Optional:-->
               <siri:EstimatedTimetableDetailLevel>?</siri:EstimatedTimetableDetailLevel>
               <!--Optional:-->
               <siri:Extensions>
                  <!--You may enter ANY elements at this point-->
               </siri:Extensions>
            </siri:EstimatedTimetableRequest>
            <!--1 or more repetitions:-->
            <siri:StopTimetableRequest version="2.0">
               <siri:RequestTimestamp>?</siri:RequestTimestamp>
               <!--Optional:-->
               <siri:MessageIdentifier>?</siri:MessageIdentifier>
               <!--Optional:-->
               <siri:DepartureWindow>
                  <siri:StartTime>?</siri:StartTime>
                  <siri:EndTime>?</siri:EndTime>
               </siri:DepartureWindow>
               <siri:MonitoringRef>?</siri:MonitoringRef>
               <!--Optional:-->
               <siri:LineRef>?</siri:LineRef>
               <!--Optional:-->
               <siri:DirectionRef>?</siri:DirectionRef>
               <!--Optional:-->
               <siri:Language>en</siri:Language>
               <!--Optional:-->
               <siri:IncludeTranslations>?</siri:IncludeTranslations>
               <!--Optional:-->
               <siri:Extensions>
                  <!--You may enter ANY elements at this point-->
               </siri:Extensions>
            </siri:StopTimetableRequest>
            <!--1 or more repetitions:-->
            <siri:StopMonitoringMultipleRequest version="2.0">
               <siri:RequestTimestamp>?</siri:RequestTimestamp>
               <!--Optional:-->
               <siri:MessageIdentifier>?</siri:MessageIdentifier>
               <!--1 or more repetitions:-->
               <siri:StopMonitoringFIlter>
                  <!--Optional:-->
                  <siri:PreviewInterval>?</siri:PreviewInterval>
                  <!--Optional:-->
                  <siri:StartTime>?</siri:StartTime>
                  <siri:MonitoringRef>?</siri:MonitoringRef>
                  <!--Optional:-->
                  <siri:OperatorRef>?</siri:OperatorRef>
                  <!--Optional:-->
                  <siri:LineRef>?</siri:LineRef>
                  <!--Optional:-->
                  <siri:DirectionRef>?</siri:DirectionRef>
                  <!--Optional:-->
                  <siri:DestinationRef>?</siri:DestinationRef>
                  <!--Optional:-->
                  <siri:StopVisitTypes>all</siri:StopVisitTypes>
                  <!--Optional:-->
                  <siri:Language>false</siri:Language>
                  <!--Optional:-->
                  <siri:IncludeTranslations>?</siri:IncludeTranslations>
                  <!--Optional:-->
                  <siri:MaximumStopVisits>?</siri:MaximumStopVisits>
                  <!--You have a CHOICE of the next 2 items at this level-->
                  <!--Optional:-->
                  <siri:MinimumStopVisitsPerLine>?</siri:MinimumStopVisitsPerLine>
                  <!--Optional:-->
                  <siri:MinimumStopVisitsPerLineVia>?</siri:MinimumStopVisitsPerLineVia>
                  <!--Optional:-->
                  <siri:MaximumTextLength>30</siri:MaximumTextLength>
                  <!--Optional:-->
                  <siri:StopMonitoringDetailLevel>normal</siri:StopMonitoringDetailLevel>
                  <!--Optional:-->
                  <siri:IncludeSituations>?</siri:IncludeSituations>
                  <!--Optional:-->
                  <siri:MaximumNumberOfCalls>
                     <!--Optional:-->
                     <siri:Previous>?</siri:Previous>
                     <!--Optional:-->
                     <siri:Onwards>?</siri:Onwards>
                  </siri:MaximumNumberOfCalls>
                  <!--Optional:-->
                  <siri:Extensions>
                     <!--You may enter ANY elements at this point-->
                  </siri:Extensions>
               </siri:StopMonitoringFIlter>
            </siri:StopMonitoringMultipleRequest>
            <!--1 or more repetitions:-->
            <siri:StopMonitoringRequest version="2.0">
               <siri:RequestTimestamp>?</siri:RequestTimestamp>
               <!--Optional:-->
               <siri:MessageIdentifier>?</siri:MessageIdentifier>
               <!--Optional:-->
               <siri:PreviewInterval>?</siri:PreviewInterval>
               <!--Optional:-->
               <siri:StartTime>?</siri:StartTime>
               <siri:MonitoringRef>?</siri:MonitoringRef>
               <!--Optional:-->
               <siri:OperatorRef>?</siri:OperatorRef>
               <!--Optional:-->
               <siri:LineRef>?</siri:LineRef>
               <!--Optional:-->
               <siri:DirectionRef>?</siri:DirectionRef>
               <!--Optional:-->
               <siri:DestinationRef>?</siri:DestinationRef>
               <!--Optional:-->
               <siri:StopVisitTypes>all</siri:StopVisitTypes>
               <!--Optional:-->
               <siri:Language>false</siri:Language>
               <!--Optional:-->
               <siri:IncludeTranslations>?</siri:IncludeTranslations>
               <!--Optional:-->
               <siri:MaximumStopVisits>?</siri:MaximumStopVisits>
               <!--You have a CHOICE of the next 2 items at this level-->
               <!--Optional:-->
               <siri:MinimumStopVisitsPerLine>?</siri:MinimumStopVisitsPerLine>
               <!--Optional:-->
               <siri:MinimumStopVisitsPerLineVia>?</siri:MinimumStopVisitsPerLineVia>
               <!--Optional:-->
               <siri:MaximumTextLength>30</siri:MaximumTextLength>
               <!--Optional:-->
               <siri:StopMonitoringDetailLevel>normal</siri:StopMonitoringDetailLevel>
               <!--Optional:-->
               <siri:IncludeSituations>?</siri:IncludeSituations>
               <!--Optional:-->
               <siri:MaximumNumberOfCalls>
                  <!--Optional:-->
                  <siri:Previous>?</siri:Previous>
                  <!--Optional:-->
                  <siri:Onwards>?</siri:Onwards>
               </siri:MaximumNumberOfCalls>
               <!--Optional:-->
               <siri:Extensions>
                  <!--You may enter ANY elements at this point-->
               </siri:Extensions>
            </siri:StopMonitoringRequest>
            <!--1 or more repetitions:-->
            <siri:VehicleMonitoringRequest version="2.0">
               <siri:RequestTimestamp>?</siri:RequestTimestamp>
               <!--Optional:-->
               <siri:MessageIdentifier>?</siri:MessageIdentifier>
               <!--Optional:-->
               <siri:VehicleMonitoringRef>?</siri:VehicleMonitoringRef>
               <!--You have a CHOICE of the next 2 items at this level-->
               <siri:VehicleRef>?</siri:VehicleRef>
               <siri:LineRef>?</siri:LineRef>
               <!--Optional:-->
               <siri:DirectionRef>?</siri:DirectionRef>
               <!--Optional:-->
               <siri:Language>en</siri:Language>
               <!--Optional:-->
               <siri:IncludeTranslations>?</siri:IncludeTranslations>
               <!--Optional:-->
               <siri:MaximumVehicles>?</siri:MaximumVehicles>
               <!--Optional:-->
               <siri:VehicleMonitoringDetailLevel>?</siri:VehicleMonitoringDetailLevel>
               <!--Optional:-->
               <siri:MaximumNumberOfCalls>
                  <!--Optional:-->
                  <siri:Previous>?</siri:Previous>
                  <!--Optional:-->
                  <siri:Onwards>?</siri:Onwards>
               </siri:MaximumNumberOfCalls>
               <!--Optional:-->
               <siri:IncludeSituations>?</siri:IncludeSituations>
               <!--Optional:-->
               <siri:Extensions>
                  <!--You may enter ANY elements at this point-->
               </siri:Extensions>
            </siri:VehicleMonitoringRequest>
            <!--1 or more repetitions:-->
            <siri:ConnectionTimetableRequest version="2.0">
               <siri:RequestTimestamp>?</siri:RequestTimestamp>
               <!--Optional:-->
               <siri:MessageIdentifier>?</siri:MessageIdentifier>
               <!--Optional:-->
               <siri:ArrivalWindow>
                  <siri:StartTime>?</siri:StartTime>
                  <siri:EndTime>?</siri:EndTime>
               </siri:ArrivalWindow>
               <siri:ConnectionLinkRef>?</siri:ConnectionLinkRef>
               <!--Optional:-->
               <siri:LineRef>?</siri:LineRef>
               <!--Optional:-->
               <siri:DirectionRef>?</siri:DirectionRef>
               <!--Optional:-->
               <siri:Language>en</siri:Language>
               <!--Optional:-->
               <siri:IncludeTranslations>?</siri:IncludeTranslations>
               <!--Optional:-->
               <siri:Extensions>
                  <!--You may enter ANY elements at this point-->
               </siri:Extensions>
            </siri:ConnectionTimetableRequest>
            <!--1 or more repetitions:-->
            <siri:ConnectionMonitoringRequest version="2.0">
               <siri:RequestTimestamp>?</siri:RequestTimestamp>
               <!--Optional:-->
               <siri:MessageIdentifier>?</siri:MessageIdentifier>
               <!--Optional:-->
               <siri:PreviewInterval>?</siri:PreviewInterval>
               <siri:ConnectionLinkRef>?</siri:ConnectionLinkRef>
               <!--You have a CHOICE of the next 2 items at this level-->
               <siri:ConnectingTimeFilter>
                  <siri:LineRef>?</siri:LineRef>
                  <siri:DirectionRef>?</siri:DirectionRef>
                  <!--Optional:-->
                  <siri:EarliestArrivalTime>?</siri:EarliestArrivalTime>
                  <!--Optional:-->
                  <siri:LatestArrivalTime>?</siri:LatestArrivalTime>
               </siri:ConnectingTimeFilter>
               <!--1 or more repetitions:-->
               <siri:ConnectingJourneyFilter>
                  <siri:DatedVehicleJourneyRef>?</siri:DatedVehicleJourneyRef>
                  <!--Optional:-->
                  <siri:VisitNumber>?</siri:VisitNumber>
                  <siri:TimetabledArrivalTime>?</siri:TimetabledArrivalTime>
               </siri:ConnectingJourneyFilter>
               <!--Optional:-->
               <siri:Language>en</siri:Language>
               <!--Optional:-->
               <siri:IncludeTranslations>?</siri:IncludeTranslations>
               <!--Optional:-->
               <siri:ConnectionMonitoringDetailLevel>?</siri:ConnectionMonitoringDetailLevel>
               <!--Optional:-->
               <siri:Extensions>
                  <!--You may enter ANY elements at this point-->
               </siri:Extensions>
            </siri:ConnectionMonitoringRequest>
            <!--1 or more repetitions:-->
            <siri:GeneralMessageRequest version="2.0">
               <siri:RequestTimestamp>?</siri:RequestTimestamp>
               <!--Optional:-->
               <siri:MessageIdentifier>?</siri:MessageIdentifier>
               <!--Zero or more repetitions:-->
               <siri:InfoChannelRef>?</siri:InfoChannelRef>
               <!--Optional:-->
               <siri:Language>en</siri:Language>
               <!--Optional:-->
               <siri:Extensions>
                  <!--You may enter ANY elements at this point-->
               </siri:Extensions>
            </siri:GeneralMessageRequest>
            <!--1 or more repetitions:-->
            <siri:FacilityMonitoringRequest version="2.0">
               <siri:RequestTimestamp>?</siri:RequestTimestamp>
               <!--Optional:-->
               <siri:MessageIdentifier>?</siri:MessageIdentifier>
               <!--Optional:-->
               <siri:PreviewInterval>?</siri:PreviewInterval>
               <!--Optional:-->
               <siri:StartTime>?</siri:StartTime>
               <!--Zero or more repetitions:-->
               <siri:FacilityRef>?</siri:FacilityRef>
               <!--Optional:-->
               <siri:FeatureRef>?</siri:FeatureRef>
               <!--Optional:-->
               <siri:LineRef>?</siri:LineRef>
               <!--Optional:-->
               <siri:StopPointRef>?</siri:StopPointRef>
               <!--Optional:-->
               <siri:ConnectionLinkRef>?</siri:ConnectionLinkRef>
               <!--You have a CHOICE of the next 2 items at this level-->
               <siri:FramedVehicleJourneyRef>
                  <siri:DataFrameRef>?</siri:DataFrameRef>
                  <siri:DatedVehicleJourneyRef>?</siri:DatedVehicleJourneyRef>
               </siri:FramedVehicleJourneyRef>
               <siri:VehicleJourneyRef>?</siri:VehicleJourneyRef>
               <!--Optional:-->
               <siri:InterchangeRef>?</siri:InterchangeRef>
               <!--Optional:-->
               <siri:VehicleRef>?</siri:VehicleRef>
               <!--Optional:-->
               <siri:StopPlaceRef>?</siri:StopPlaceRef>
               <!--Optional:-->
               <siri:StopPlaceComponentRef>?</siri:StopPlaceComponentRef>
               <!--Zero or more repetitions:-->
               <siri:AccessibilityNeedsFilter>
                  <!--1 or more repetitions:-->
                  <siri:UserNeed>
                     <!--You have a CHOICE of the next 4 items at this level-->
                     <acsb:MobilityNeed>?</acsb:MobilityNeed>
                     <acsb:PsychosensoryNeed>?</acsb:PsychosensoryNeed>
                     <acsb:MedicalNeed>?</acsb:MedicalNeed>
                     <acsb:EncumbranceNeed>?</acsb:EncumbranceNeed>
                     <!--Optional:-->
                     <acsb:Excluded>?</acsb:Excluded>
                     <!--Optional:-->
                     <acsb:NeedRanking>?</acsb:NeedRanking>
                     <!--Optional:-->
                     <acsb:Extensions>?</acsb:Extensions>
                  </siri:UserNeed>
               </siri:AccessibilityNeedsFilter>
               <!--Optional:-->
               <siri:Language>en</siri:Language>
               <!--Optional:-->
               <siri:IncludeTranslations>?</siri:IncludeTranslations>
               <!--Optional:-->
               <siri:MaximumNumberOfFacilityConditions>?</siri:MaximumNumberOfFacilityConditions>
               <!--Optional:-->
               <siri:Extensions>
                  <!--You may enter ANY elements at this point-->
               </siri:Extensions>
            </siri:FacilityMonitoringRequest>
            <!--1 or more repetitions:-->
            <siri:SituationExchangeRequest version="2.0">
               <siri:RequestTimestamp>?</siri:RequestTimestamp>
               <!--Optional:-->
               <siri:MessageIdentifier>?</siri:MessageIdentifier>
               <!--Optional:-->
               <siri:PreviewInterval>?</siri:PreviewInterval>
               <!--Optional:-->
               <siri:StartTime>?</siri:StartTime>
               <!--Optional:-->
               <siri:VehicleMode>unknown</siri:VehicleMode>
               <!--You have a CHOICE of the next 7 items at this level-->
               <siri:AirSubmode>unknown</siri:AirSubmode>
               <siri:BusSubmode>unknown</siri:BusSubmode>
               <siri:CoachSubmode>unknown</siri:CoachSubmode>
               <siri:MetroSubmode>unknown</siri:MetroSubmode>
               <siri:RailSubmode>unknown</siri:RailSubmode>
               <siri:TramSubmode>unknown</siri:TramSubmode>
               <siri:WaterSubmode>unknown</siri:WaterSubmode>
               <!--Optional:-->
               <siri:AccessMode>?</siri:AccessMode>
               <!--Optional:-->
               <siri:Severity>?</siri:Severity>
               <!--Zero or more repetitions:-->
               <siri:Scope>?</siri:Scope>
               <!--Optional:-->
               <siri:Predictability>?</siri:Predictability>
               <!--Optional:-->
               <siri:Keywords>?</siri:Keywords>
               <!--Optional:-->
               <siri:Verification>?</siri:Verification>
               <!--Zero or more repetitions:-->
               <siri:Progress>open</siri:Progress>
               <!--Optional:-->
               <siri:Reality>?</siri:Reality>
               <!--Optional:-->
               <siri:OperatorRef>?</siri:OperatorRef>
               <!--Zero or more repetitions:-->
               <siri:OperationalUnitRef>?</siri:OperationalUnitRef>
               <!--Optional:-->
               <siri:NetworkRef>?</siri:NetworkRef>
               <!--Zero or more repetitions:-->
               <siri:LineRef>?</siri:LineRef>
               <!--Optional:-->
               <siri:StopPointRef>?</siri:StopPointRef>
               <!--Zero or more repetitions:-->
               <siri:ConnectionLinkRef>?</siri:ConnectionLinkRef>
               <!--Zero or more repetitions:-->
               <siri:FacilityRef>?</siri:FacilityRef>
               <!--Optional:-->
               <siri:StopPlaceRef>?</siri:StopPlaceRef>
               <!--You have a CHOICE of the next 2 items at this level-->
               <siri:FramedVehicleJourneyRef>
                  <siri:DataFrameRef>?</siri:DataFrameRef>
                  <siri:DatedVehicleJourneyRef>?</siri:DatedVehicleJourneyRef>
               </siri:FramedVehicleJourneyRef>
               <siri:VehicleJourneyRef>?</siri:VehicleJourneyRef>
               <!--Optional:-->
               <siri:InterchangeRef>?</siri:InterchangeRef>
               <!--Optional:-->
               <siri:VehicleRef>?</siri:VehicleRef>
               <!--Optional:-->
               <siri:CountryRef>?</siri:CountryRef>
               <!--Optional:-->
               <siri:PlaceRef>?</siri:PlaceRef>
               <!--0 to 2 repetitions:-->
               <siri:Location id="?" srsName="?">
                  <!--You have a CHOICE of the next 2 items at this level-->
                  <siri:Longitude>?</siri:Longitude>
                  <siri:Latitude>?</siri:Latitude>
                  <siri:Coordinates>?</siri:Coordinates>
                  <!--Optional:-->
                  <siri:Precision>?</siri:Precision>
               </siri:Location>
               <!--Optional:-->
               <siri:SituationRoadFilter>
                  <!--1 or more repetitions:-->
                  <siri:RoadFilter>
                     <!--Optional:-->
                     <siri:roadNumber>?</siri:roadNumber>
                     <!--Optional:-->
                     <siri:directionBound>?</siri:directionBound>
                     <!--Optional:-->
                     <siri:referencePointIdentifier>?</siri:referencePointIdentifier>
                  </siri:RoadFilter>
               </siri:SituationRoadFilter>
               <!--Zero or more repetitions:-->
               <siri:AccessibilityNeedFilter>
                  <!--Zero or more repetitions:-->
                  <acsb:UserNeed>
                     <!--You have a CHOICE of the next 4 items at this level-->
                     <acsb:MobilityNeed>?</acsb:MobilityNeed>
                     <acsb:PsychosensoryNeed>?</acsb:PsychosensoryNeed>
                     <acsb:MedicalNeed>?</acsb:MedicalNeed>
                     <acsb:EncumbranceNeed>?</acsb:EncumbranceNeed>
                     <!--Optional:-->
                     <acsb:Excluded>?</acsb:Excluded>
                     <!--Optional:-->
                     <acsb:NeedRanking>?</acsb:NeedRanking>
                     <!--Optional:-->
                     <acsb:Extensions>?</acsb:Extensions>
                  </acsb:UserNeed>
                  <!--Optional:-->
                  <acsb:AccompaniedByCarer>?</acsb:AccompaniedByCarer>
               </siri:AccessibilityNeedFilter>
               <!--Optional:-->
               <siri:Language>en</siri:Language>
               <!--Optional:-->
               <siri:IncludeTranslations>?</siri:IncludeTranslations>
               <!--Optional:-->
               <siri:MaximumNumberOfSituationElements>?</siri:MaximumNumberOfSituationElements>
               <!--Optional:-->
               <siri:Extensions>
                  <!--You may enter ANY elements at this point-->
               </siri:Extensions>
            </siri:SituationExchangeRequest>
         </Request>
      </wsdl:GetSiriService>
   </soapenv:Body>
</soapenv:Envelope>]]></con:request><con:wsaConfig mustUnderstand="NONE" version="200508" action="GetSiriService"/></con:call></con:operation><con:operation isOneWay="false" action="GetSituationExchange" name="GetSituationExchange" bindingOperationName="GetSituationExchange" type="Request-Response" inputName="" receivesAttachments="false" sendsAttachments="false" anonymous="optional"><con:settings/><con:call name="Request 1"><con:settings/><con:encoding>UTF-8</con:encoding><con:endpoint>http://www.siri-service-location.com</con:endpoint><con:request><![CDATA[<soapenv:Envelope xmlns:soapenv="http://schemas.xmlsoap.org/soap/envelope/" xmlns:wsdl="http://wsdl.siri.org.uk" xmlns:siri="http://www.siri.org.uk/siri" xmlns:acsb="http://www.ifopt.org.uk/acsb">
   <soapenv:Header/>
   <soapenv:Body>
      <wsdl:GetSituationExchange>
         <ServiceRequestInfo>
            <!--Optional:-->
            <siri:ServiceRequestContext>
               <!--Optional:-->
               <siri:CheckStatusAddress>?</siri:CheckStatusAddress>
               <!--Optional:-->
               <siri:SubscribeAddress>?</siri:SubscribeAddress>
               <!--Optional:-->
               <siri:ManageSubscriptionAddress>?</siri:ManageSubscriptionAddress>
               <!--Optional:-->
               <siri:GetDataAddress>?</siri:GetDataAddress>
               <!--Optional:-->
               <siri:StatusResponseAddress>?</siri:StatusResponseAddress>
               <!--Optional:-->
               <siri:SubscriberAddress>?</siri:SubscriberAddress>
               <!--Optional:-->
               <siri:NotifyAddress>?</siri:NotifyAddress>
               <!--Optional:-->
               <siri:ConsumerAddress>?</siri:ConsumerAddress>
               <!--Optional:-->
               <siri:DataNameSpaces>
                  <!--Optional:-->
                  <siri:StopPointNameSpace>?</siri:StopPointNameSpace>
                  <!--Optional:-->
                  <siri:LineNameSpace>?</siri:LineNameSpace>
                  <!--Optional:-->
                  <siri:ProductCategoryNameSpace>?</siri:ProductCategoryNameSpace>
                  <!--Optional:-->
                  <siri:ServiceFeatureNameSpace>?</siri:ServiceFeatureNameSpace>
                  <!--Optional:-->
                  <siri:VehicleFeatureNameSpace>?</siri:VehicleFeatureNameSpace>
               </siri:DataNameSpaces>
               <!--Optional:-->
               <siri:Language>en</siri:Language>
               <!--You have a CHOICE of the next 2 items at this level-->
               <siri:WgsDecimalDegrees>?</siri:WgsDecimalDegrees>
               <siri:GmlCoordinateFormat>?</siri:GmlCoordinateFormat>
               <!--Optional:-->
               <siri:DistanceUnits>?</siri:DistanceUnits>
               <!--Optional:-->
               <siri:VelocityUnits>?</siri:VelocityUnits>
               <!--Optional:-->
               <siri:DataHorizon>?</siri:DataHorizon>
               <!--Optional:-->
               <siri:RequestTimeout>?</siri:RequestTimeout>
               <!--Optional:-->
               <siri:DeliveryMethod>direct</siri:DeliveryMethod>
               <!--Optional:-->
               <siri:MultipartDespatch>?</siri:MultipartDespatch>
               <!--Optional:-->
               <siri:ConfirmDelivery>false</siri:ConfirmDelivery>
               <!--Optional:-->
               <siri:MaximimumNumberOfSubscriptions>?</siri:MaximimumNumberOfSubscriptions>
               <!--Optional:-->
               <siri:AllowedPredictors>anyone</siri:AllowedPredictors>
               <!--Optional:-->
               <siri:PredictionFunction>?</siri:PredictionFunction>
            </siri:ServiceRequestContext>
            <siri:RequestTimestamp>?</siri:RequestTimestamp>
            <!--Optional:-->
            <siri:AccountId>?</siri:AccountId>
            <!--Optional:-->
            <siri:AccountKey>?</siri:AccountKey>
            <!--Optional:-->
            <siri:Address>?</siri:Address>
            <siri:RequestorRef>?</siri:RequestorRef>
            <!--Optional:-->
            <siri:MessageIdentifier>?</siri:MessageIdentifier>
            <!--Optional:-->
            <siri:DelegatorAddress>?</siri:DelegatorAddress>
            <!--Optional:-->
            <siri:DelegatorRef>?</siri:DelegatorRef>
         </ServiceRequestInfo>
         <Request version="2.0">
            <siri:RequestTimestamp>?</siri:RequestTimestamp>
            <!--Optional:-->
            <siri:MessageIdentifier>?</siri:MessageIdentifier>
            <!--Optional:-->
            <siri:PreviewInterval>?</siri:PreviewInterval>
            <!--Optional:-->
            <siri:StartTime>?</siri:StartTime>
            <!--Optional:-->
            <siri:VehicleMode>unknown</siri:VehicleMode>
            <!--You have a CHOICE of the next 7 items at this level-->
            <siri:AirSubmode>unknown</siri:AirSubmode>
            <siri:BusSubmode>unknown</siri:BusSubmode>
            <siri:CoachSubmode>unknown</siri:CoachSubmode>
            <siri:MetroSubmode>unknown</siri:MetroSubmode>
            <siri:RailSubmode>unknown</siri:RailSubmode>
            <siri:TramSubmode>unknown</siri:TramSubmode>
            <siri:WaterSubmode>unknown</siri:WaterSubmode>
            <!--Optional:-->
            <siri:AccessMode>?</siri:AccessMode>
            <!--Optional:-->
            <siri:Severity>?</siri:Severity>
            <!--Zero or more repetitions:-->
            <siri:Scope>?</siri:Scope>
            <!--Optional:-->
            <siri:Predictability>?</siri:Predictability>
            <!--Optional:-->
            <siri:Keywords>?</siri:Keywords>
            <!--Optional:-->
            <siri:Verification>?</siri:Verification>
            <!--Zero or more repetitions:-->
            <siri:Progress>open</siri:Progress>
            <!--Optional:-->
            <siri:Reality>?</siri:Reality>
            <!--Optional:-->
            <siri:OperatorRef>?</siri:OperatorRef>
            <!--Zero or more repetitions:-->
            <siri:OperationalUnitRef>?</siri:OperationalUnitRef>
            <!--Optional:-->
            <siri:NetworkRef>?</siri:NetworkRef>
            <!--Zero or more repetitions:-->
            <siri:LineRef>?</siri:LineRef>
            <!--Optional:-->
            <siri:StopPointRef>?</siri:StopPointRef>
            <!--Zero or more repetitions:-->
            <siri:ConnectionLinkRef>?</siri:ConnectionLinkRef>
            <!--Zero or more repetitions:-->
            <siri:FacilityRef>?</siri:FacilityRef>
            <!--Optional:-->
            <siri:StopPlaceRef>?</siri:StopPlaceRef>
            <!--You have a CHOICE of the next 2 items at this level-->
            <siri:FramedVehicleJourneyRef>
               <siri:DataFrameRef>?</siri:DataFrameRef>
               <siri:DatedVehicleJourneyRef>?</siri:DatedVehicleJourneyRef>
            </siri:FramedVehicleJourneyRef>
            <siri:VehicleJourneyRef>?</siri:VehicleJourneyRef>
            <!--Optional:-->
            <siri:InterchangeRef>?</siri:InterchangeRef>
            <!--Optional:-->
            <siri:VehicleRef>?</siri:VehicleRef>
            <!--Optional:-->
            <siri:CountryRef>?</siri:CountryRef>
            <!--Optional:-->
            <siri:PlaceRef>?</siri:PlaceRef>
            <!--0 to 2 repetitions:-->
            <siri:Location id="?" srsName="?">
               <!--You have a CHOICE of the next 2 items at this level-->
               <siri:Longitude>?</siri:Longitude>
               <siri:Latitude>?</siri:Latitude>
               <siri:Coordinates>?</siri:Coordinates>
               <!--Optional:-->
               <siri:Precision>?</siri:Precision>
            </siri:Location>
            <!--Optional:-->
            <siri:SituationRoadFilter>
               <!--1 or more repetitions:-->
               <siri:RoadFilter>
                  <!--Optional:-->
                  <siri:roadNumber>?</siri:roadNumber>
                  <!--Optional:-->
                  <siri:directionBound>?</siri:directionBound>
                  <!--Optional:-->
                  <siri:referencePointIdentifier>?</siri:referencePointIdentifier>
               </siri:RoadFilter>
            </siri:SituationRoadFilter>
            <!--Zero or more repetitions:-->
            <siri:AccessibilityNeedFilter>
               <!--Zero or more repetitions:-->
               <acsb:UserNeed>
                  <!--You have a CHOICE of the next 4 items at this level-->
                  <acsb:MobilityNeed>?</acsb:MobilityNeed>
                  <acsb:PsychosensoryNeed>?</acsb:PsychosensoryNeed>
                  <acsb:MedicalNeed>?</acsb:MedicalNeed>
                  <acsb:EncumbranceNeed>?</acsb:EncumbranceNeed>
                  <!--Optional:-->
                  <acsb:Excluded>?</acsb:Excluded>
                  <!--Optional:-->
                  <acsb:NeedRanking>?</acsb:NeedRanking>
                  <!--Optional:-->
                  <acsb:Extensions>?</acsb:Extensions>
               </acsb:UserNeed>
               <!--Optional:-->
               <acsb:AccompaniedByCarer>?</acsb:AccompaniedByCarer>
            </siri:AccessibilityNeedFilter>
            <!--Optional:-->
            <siri:Language>en</siri:Language>
            <!--Optional:-->
            <siri:IncludeTranslations>?</siri:IncludeTranslations>
            <!--Optional:-->
            <siri:MaximumNumberOfSituationElements>?</siri:MaximumNumberOfSituationElements>
            <!--Optional:-->
            <siri:Extensions>
               <!--You may enter ANY elements at this point-->
            </siri:Extensions>
         </Request>
         <RequestExtension>
            <!--You may enter ANY elements at this point-->
         </RequestExtension>
      </wsdl:GetSituationExchange>
   </soapenv:Body>
</soapenv:Envelope>]]></con:request><con:wsaConfig mustUnderstand="NONE" version="200508" action="GetSituationExchange"/></con:call></con:operation><con:operation isOneWay="false" action="GetStopMonitoring" name="GetStopMonitoring" bindingOperationName="GetStopMonitoring" type="Request-Response" inputName="" receivesAttachments="false" sendsAttachments="false" anonymous="optional"><con:settings/><con:call name="Request 1"><con:settings/><con:encoding>UTF-8</con:encoding><con:endpoint>http://www.siri-service-location.com</con:endpoint><con:request><![CDATA[<soapenv:Envelope xmlns:soapenv="http://schemas.xmlsoap.org/soap/envelope/" xmlns:wsdl="http://wsdl.siri.org.uk" xmlns:siri="http://www.siri.org.uk/siri">
   <soapenv:Header/>
   <soapenv:Body>
      <wsdl:GetStopMonitoring>
         <ServiceRequestInfo>
            <!--Optional:-->
            <siri:ServiceRequestContext>
               <!--Optional:-->
               <siri:CheckStatusAddress>?</siri:CheckStatusAddress>
               <!--Optional:-->
               <siri:SubscribeAddress>?</siri:SubscribeAddress>
               <!--Optional:-->
               <siri:ManageSubscriptionAddress>?</siri:ManageSubscriptionAddress>
               <!--Optional:-->
               <siri:GetDataAddress>?</siri:GetDataAddress>
               <!--Optional:-->
               <siri:StatusResponseAddress>?</siri:StatusResponseAddress>
               <!--Optional:-->
               <siri:SubscriberAddress>?</siri:SubscriberAddress>
               <!--Optional:-->
               <siri:NotifyAddress>?</siri:NotifyAddress>
               <!--Optional:-->
               <siri:ConsumerAddress>?</siri:ConsumerAddress>
               <!--Optional:-->
               <siri:DataNameSpaces>
                  <!--Optional:-->
                  <siri:StopPointNameSpace>?</siri:StopPointNameSpace>
                  <!--Optional:-->
                  <siri:LineNameSpace>?</siri:LineNameSpace>
                  <!--Optional:-->
                  <siri:ProductCategoryNameSpace>?</siri:ProductCategoryNameSpace>
                  <!--Optional:-->
                  <siri:ServiceFeatureNameSpace>?</siri:ServiceFeatureNameSpace>
                  <!--Optional:-->
                  <siri:VehicleFeatureNameSpace>?</siri:VehicleFeatureNameSpace>
               </siri:DataNameSpaces>
               <!--Optional:-->
               <siri:Language>en</siri:Language>
               <!--You have a CHOICE of the next 2 items at this level-->
               <siri:WgsDecimalDegrees>?</siri:WgsDecimalDegrees>
               <siri:GmlCoordinateFormat>?</siri:GmlCoordinateFormat>
               <!--Optional:-->
               <siri:DistanceUnits>?</siri:DistanceUnits>
               <!--Optional:-->
               <siri:VelocityUnits>?</siri:VelocityUnits>
               <!--Optional:-->
               <siri:DataHorizon>?</siri:DataHorizon>
               <!--Optional:-->
               <siri:RequestTimeout>?</siri:RequestTimeout>
               <!--Optional:-->
               <siri:DeliveryMethod>direct</siri:DeliveryMethod>
               <!--Optional:-->
               <siri:MultipartDespatch>?</siri:MultipartDespatch>
               <!--Optional:-->
               <siri:ConfirmDelivery>false</siri:ConfirmDelivery>
               <!--Optional:-->
               <siri:MaximimumNumberOfSubscriptions>?</siri:MaximimumNumberOfSubscriptions>
               <!--Optional:-->
               <siri:AllowedPredictors>anyone</siri:AllowedPredictors>
               <!--Optional:-->
               <siri:PredictionFunction>?</siri:PredictionFunction>
            </siri:ServiceRequestContext>
            <siri:RequestTimestamp>?</siri:RequestTimestamp>
            <!--Optional:-->
            <siri:AccountId>?</siri:AccountId>
            <!--Optional:-->
            <siri:AccountKey>?</siri:AccountKey>
            <!--Optional:-->
            <siri:Address>?</siri:Address>
            <siri:RequestorRef>?</siri:RequestorRef>
            <!--Optional:-->
            <siri:MessageIdentifier>?</siri:MessageIdentifier>
            <!--Optional:-->
            <siri:DelegatorAddress>?</siri:DelegatorAddress>
            <!--Optional:-->
            <siri:DelegatorRef>?</siri:DelegatorRef>
         </ServiceRequestInfo>
         <Request version="2.0">
            <siri:RequestTimestamp>?</siri:RequestTimestamp>
            <!--Optional:-->
            <siri:MessageIdentifier>?</siri:MessageIdentifier>
            <!--Optional:-->
            <siri:PreviewInterval>?</siri:PreviewInterval>
            <!--Optional:-->
            <siri:StartTime>?</siri:StartTime>
            <siri:MonitoringRef>?</siri:MonitoringRef>
            <!--Optional:-->
            <siri:OperatorRef>?</siri:OperatorRef>
            <!--Optional:-->
            <siri:LineRef>?</siri:LineRef>
            <!--Optional:-->
            <siri:DirectionRef>?</siri:DirectionRef>
            <!--Optional:-->
            <siri:DestinationRef>?</siri:DestinationRef>
            <!--Optional:-->
            <siri:StopVisitTypes>all</siri:StopVisitTypes>
            <!--Optional:-->
            <siri:Language>false</siri:Language>
            <!--Optional:-->
            <siri:IncludeTranslations>?</siri:IncludeTranslations>
            <!--Optional:-->
            <siri:MaximumStopVisits>?</siri:MaximumStopVisits>
            <!--You have a CHOICE of the next 2 items at this level-->
            <!--Optional:-->
            <siri:MinimumStopVisitsPerLine>?</siri:MinimumStopVisitsPerLine>
            <!--Optional:-->
            <siri:MinimumStopVisitsPerLineVia>?</siri:MinimumStopVisitsPerLineVia>
            <!--Optional:-->
            <siri:MaximumTextLength>30</siri:MaximumTextLength>
            <!--Optional:-->
            <siri:StopMonitoringDetailLevel>normal</siri:StopMonitoringDetailLevel>
            <!--Optional:-->
            <siri:IncludeSituations>?</siri:IncludeSituations>
            <!--Optional:-->
            <siri:MaximumNumberOfCalls>
               <!--Optional:-->
               <siri:Previous>?</siri:Previous>
               <!--Optional:-->
               <siri:Onwards>?</siri:Onwards>
            </siri:MaximumNumberOfCalls>
            <!--Optional:-->
            <siri:Extensions>
               <!--You may enter ANY elements at this point-->
            </siri:Extensions>
         </Request>
         <RequestExtension>
            <!--You may enter ANY elements at this point-->
         </RequestExtension>
      </wsdl:GetStopMonitoring>
   </soapenv:Body>
</soapenv:Envelope>]]></con:request><con:wsaConfig mustUnderstand="NONE" version="200508" action="GetStopMonitoring"/></con:call></con:operation><con:operation isOneWay="false" action="GetStopTimetable" name="GetStopTimetable" bindingOperationName="GetStopTimetable" type="Request-Response" inputName="" receivesAttachments="false" sendsAttachments="false" anonymous="optional"><con:settings/><con:call name="Request 1"><con:settings/><con:encoding>UTF-8</con:encoding><con:endpoint>http://www.siri-service-location.com</con:endpoint><con:request><![CDATA[<soapenv:Envelope xmlns:soapenv="http://schemas.xmlsoap.org/soap/envelope/" xmlns:wsdl="http://wsdl.siri.org.uk" xmlns:siri="http://www.siri.org.uk/siri">
   <soapenv:Header/>
   <soapenv:Body>
      <wsdl:GetStopTimetable>
         <ServiceRequestInfo>
            <!--Optional:-->
            <siri:ServiceRequestContext>
               <!--Optional:-->
               <siri:CheckStatusAddress>?</siri:CheckStatusAddress>
               <!--Optional:-->
               <siri:SubscribeAddress>?</siri:SubscribeAddress>
               <!--Optional:-->
               <siri:ManageSubscriptionAddress>?</siri:ManageSubscriptionAddress>
               <!--Optional:-->
               <siri:GetDataAddress>?</siri:GetDataAddress>
               <!--Optional:-->
               <siri:StatusResponseAddress>?</siri:StatusResponseAddress>
               <!--Optional:-->
               <siri:SubscriberAddress>?</siri:SubscriberAddress>
               <!--Optional:-->
               <siri:NotifyAddress>?</siri:NotifyAddress>
               <!--Optional:-->
               <siri:ConsumerAddress>?</siri:ConsumerAddress>
               <!--Optional:-->
               <siri:DataNameSpaces>
                  <!--Optional:-->
                  <siri:StopPointNameSpace>?</siri:StopPointNameSpace>
                  <!--Optional:-->
                  <siri:LineNameSpace>?</siri:LineNameSpace>
                  <!--Optional:-->
                  <siri:ProductCategoryNameSpace>?</siri:ProductCategoryNameSpace>
                  <!--Optional:-->
                  <siri:ServiceFeatureNameSpace>?</siri:ServiceFeatureNameSpace>
                  <!--Optional:-->
                  <siri:VehicleFeatureNameSpace>?</siri:VehicleFeatureNameSpace>
               </siri:DataNameSpaces>
               <!--Optional:-->
               <siri:Language>en</siri:Language>
               <!--You have a CHOICE of the next 2 items at this level-->
               <siri:WgsDecimalDegrees>?</siri:WgsDecimalDegrees>
               <siri:GmlCoordinateFormat>?</siri:GmlCoordinateFormat>
               <!--Optional:-->
               <siri:DistanceUnits>?</siri:DistanceUnits>
               <!--Optional:-->
               <siri:VelocityUnits>?</siri:VelocityUnits>
               <!--Optional:-->
               <siri:DataHorizon>?</siri:DataHorizon>
               <!--Optional:-->
               <siri:RequestTimeout>?</siri:RequestTimeout>
               <!--Optional:-->
               <siri:DeliveryMethod>direct</siri:DeliveryMethod>
               <!--Optional:-->
               <siri:MultipartDespatch>?</siri:MultipartDespatch>
               <!--Optional:-->
               <siri:ConfirmDelivery>false</siri:ConfirmDelivery>
               <!--Optional:-->
               <siri:MaximimumNumberOfSubscriptions>?</siri:MaximimumNumberOfSubscriptions>
               <!--Optional:-->
               <siri:AllowedPredictors>anyone</siri:AllowedPredictors>
               <!--Optional:-->
               <siri:PredictionFunction>?</siri:PredictionFunction>
            </siri:ServiceRequestContext>
            <siri:RequestTimestamp>?</siri:RequestTimestamp>
            <!--Optional:-->
            <siri:AccountId>?</siri:AccountId>
            <!--Optional:-->
            <siri:AccountKey>?</siri:AccountKey>
            <!--Optional:-->
            <siri:Address>?</siri:Address>
            <siri:RequestorRef>?</siri:RequestorRef>
            <!--Optional:-->
            <siri:MessageIdentifier>?</siri:MessageIdentifier>
            <!--Optional:-->
            <siri:DelegatorAddress>?</siri:DelegatorAddress>
            <!--Optional:-->
            <siri:DelegatorRef>?</siri:DelegatorRef>
         </ServiceRequestInfo>
         <Request version="2.0">
            <siri:RequestTimestamp>?</siri:RequestTimestamp>
            <!--Optional:-->
            <siri:MessageIdentifier>?</siri:MessageIdentifier>
            <!--Optional:-->
            <siri:DepartureWindow>
               <siri:StartTime>?</siri:StartTime>
               <siri:EndTime>?</siri:EndTime>
            </siri:DepartureWindow>
            <siri:MonitoringRef>?</siri:MonitoringRef>
            <!--Optional:-->
            <siri:LineRef>?</siri:LineRef>
            <!--Optional:-->
            <siri:DirectionRef>?</siri:DirectionRef>
            <!--Optional:-->
            <siri:Language>en</siri:Language>
            <!--Optional:-->
            <siri:IncludeTranslations>?</siri:IncludeTranslations>
            <!--Optional:-->
            <siri:Extensions>
               <!--You may enter ANY elements at this point-->
            </siri:Extensions>
         </Request>
         <RequestExtension>
            <!--You may enter ANY elements at this point-->
         </RequestExtension>
      </wsdl:GetStopTimetable>
   </soapenv:Body>
</soapenv:Envelope>]]></con:request><con:wsaConfig mustUnderstand="NONE" version="200508" action="GetStopTimetable"/></con:call></con:operation><con:operation isOneWay="false" action="GetVehicleMonitoring" name="GetVehicleMonitoring" bindingOperationName="GetVehicleMonitoring" type="Request-Response" inputName="" receivesAttachments="false" sendsAttachments="false" anonymous="optional"><con:settings/><con:call name="Request 1"><con:settings/><con:encoding>UTF-8</con:encoding><con:endpoint>http://www.siri-service-location.com</con:endpoint><con:request><![CDATA[<soapenv:Envelope xmlns:soapenv="http://schemas.xmlsoap.org/soap/envelope/" xmlns:wsdl="http://wsdl.siri.org.uk" xmlns:siri="http://www.siri.org.uk/siri">
   <soapenv:Header/>
   <soapenv:Body>
      <wsdl:GetVehicleMonitoring>
         <ServiceRequestInfo>
            <!--Optional:-->
            <siri:ServiceRequestContext>
               <!--Optional:-->
               <siri:CheckStatusAddress>?</siri:CheckStatusAddress>
               <!--Optional:-->
               <siri:SubscribeAddress>?</siri:SubscribeAddress>
               <!--Optional:-->
               <siri:ManageSubscriptionAddress>?</siri:ManageSubscriptionAddress>
               <!--Optional:-->
               <siri:GetDataAddress>?</siri:GetDataAddress>
               <!--Optional:-->
               <siri:StatusResponseAddress>?</siri:StatusResponseAddress>
               <!--Optional:-->
               <siri:SubscriberAddress>?</siri:SubscriberAddress>
               <!--Optional:-->
               <siri:NotifyAddress>?</siri:NotifyAddress>
               <!--Optional:-->
               <siri:ConsumerAddress>?</siri:ConsumerAddress>
               <!--Optional:-->
               <siri:DataNameSpaces>
                  <!--Optional:-->
                  <siri:StopPointNameSpace>?</siri:StopPointNameSpace>
                  <!--Optional:-->
                  <siri:LineNameSpace>?</siri:LineNameSpace>
                  <!--Optional:-->
                  <siri:ProductCategoryNameSpace>?</siri:ProductCategoryNameSpace>
                  <!--Optional:-->
                  <siri:ServiceFeatureNameSpace>?</siri:ServiceFeatureNameSpace>
                  <!--Optional:-->
                  <siri:VehicleFeatureNameSpace>?</siri:VehicleFeatureNameSpace>
               </siri:DataNameSpaces>
               <!--Optional:-->
               <siri:Language>en</siri:Language>
               <!--You have a CHOICE of the next 2 items at this level-->
               <siri:WgsDecimalDegrees>?</siri:WgsDecimalDegrees>
               <siri:GmlCoordinateFormat>?</siri:GmlCoordinateFormat>
               <!--Optional:-->
               <siri:DistanceUnits>?</siri:DistanceUnits>
               <!--Optional:-->
               <siri:VelocityUnits>?</siri:VelocityUnits>
               <!--Optional:-->
               <siri:DataHorizon>?</siri:DataHorizon>
               <!--Optional:-->
               <siri:RequestTimeout>?</siri:RequestTimeout>
               <!--Optional:-->
               <siri:DeliveryMethod>direct</siri:DeliveryMethod>
               <!--Optional:-->
               <siri:MultipartDespatch>?</siri:MultipartDespatch>
               <!--Optional:-->
               <siri:ConfirmDelivery>false</siri:ConfirmDelivery>
               <!--Optional:-->
               <siri:MaximimumNumberOfSubscriptions>?</siri:MaximimumNumberOfSubscriptions>
               <!--Optional:-->
               <siri:AllowedPredictors>anyone</siri:AllowedPredictors>
               <!--Optional:-->
               <siri:PredictionFunction>?</siri:PredictionFunction>
            </siri:ServiceRequestContext>
            <siri:RequestTimestamp>?</siri:RequestTimestamp>
            <!--Optional:-->
            <siri:AccountId>?</siri:AccountId>
            <!--Optional:-->
            <siri:AccountKey>?</siri:AccountKey>
            <!--Optional:-->
            <siri:Address>?</siri:Address>
            <siri:RequestorRef>?</siri:RequestorRef>
            <!--Optional:-->
            <siri:MessageIdentifier>?</siri:MessageIdentifier>
            <!--Optional:-->
            <siri:DelegatorAddress>?</siri:DelegatorAddress>
            <!--Optional:-->
            <siri:DelegatorRef>?</siri:DelegatorRef>
         </ServiceRequestInfo>
         <Request version="2.0">
            <siri:RequestTimestamp>?</siri:RequestTimestamp>
            <!--Optional:-->
            <siri:MessageIdentifier>?</siri:MessageIdentifier>
            <!--Optional:-->
            <siri:VehicleMonitoringRef>?</siri:VehicleMonitoringRef>
            <!--You have a CHOICE of the next 2 items at this level-->
            <siri:VehicleRef>?</siri:VehicleRef>
            <siri:LineRef>?</siri:LineRef>
            <!--Optional:-->
            <siri:DirectionRef>?</siri:DirectionRef>
            <!--Optional:-->
            <siri:Language>en</siri:Language>
            <!--Optional:-->
            <siri:IncludeTranslations>?</siri:IncludeTranslations>
            <!--Optional:-->
            <siri:MaximumVehicles>?</siri:MaximumVehicles>
            <!--Optional:-->
            <siri:VehicleMonitoringDetailLevel>?</siri:VehicleMonitoringDetailLevel>
            <!--Optional:-->
            <siri:MaximumNumberOfCalls>
               <!--Optional:-->
               <siri:Previous>?</siri:Previous>
               <!--Optional:-->
               <siri:Onwards>?</siri:Onwards>
            </siri:MaximumNumberOfCalls>
            <!--Optional:-->
            <siri:IncludeSituations>?</siri:IncludeSituations>
            <!--Optional:-->
            <siri:Extensions>
               <!--You may enter ANY elements at this point-->
            </siri:Extensions>
         </Request>
         <RequestExtension>
            <!--You may enter ANY elements at this point-->
         </RequestExtension>
      </wsdl:GetVehicleMonitoring>
   </soapenv:Body>
</soapenv:Envelope>]]></con:request><con:wsaConfig mustUnderstand="NONE" version="200508" action="GetVehicleMonitoring"/></con:call></con:operation><con:operation isOneWay="false" action="LinesDiscovery" name="LinesDiscovery" bindingOperationName="LinesDiscovery" type="Request-Response" inputName="" receivesAttachments="false" sendsAttachments="false" anonymous="optional"><con:settings/><con:call name="Request 1"><con:settings/><con:encoding>UTF-8</con:encoding><con:endpoint>http://www.siri-service-location.com</con:endpoint><con:request><![CDATA[<soapenv:Envelope xmlns:soapenv="http://schemas.xmlsoap.org/soap/envelope/" xmlns:wsdl="http://wsdl.siri.org.uk" xmlns:siri="http://www.siri.org.uk/siri">
   <soapenv:Header/>
   <soapenv:Body>
      <wsdl:LinesDiscovery>
         <Request version="2.0">
            <siri:RequestTimestamp>?</siri:RequestTimestamp>
            <!--Optional:-->
            <siri:AccountId>?</siri:AccountId>
            <!--Optional:-->
            <siri:AccountKey>?</siri:AccountKey>
            <!--Optional:-->
            <siri:Address>?</siri:Address>
            <siri:RequestorRef>?</siri:RequestorRef>
            <!--Optional:-->
            <siri:MessageIdentifier>?</siri:MessageIdentifier>
            <!--You have a CHOICE of the next 4 items at this level-->
            <siri:BoundingBox>
               <siri:UpperLeft id="?" srsName="?">
                  <!--You have a CHOICE of the next 2 items at this level-->
                  <siri:Longitude>?</siri:Longitude>
                  <siri:Latitude>?</siri:Latitude>
                  <siri:Coordinates>?</siri:Coordinates>
                  <!--Optional:-->
                  <siri:Precision>?</siri:Precision>
               </siri:UpperLeft>
               <siri:LowerRight id="?" srsName="?">
                  <!--You have a CHOICE of the next 2 items at this level-->
                  <siri:Longitude>?</siri:Longitude>
                  <siri:Latitude>?</siri:Latitude>
                  <siri:Coordinates>?</siri:Coordinates>
                  <!--Optional:-->
                  <siri:Precision>?</siri:Precision>
               </siri:LowerRight>
            </siri:BoundingBox>
            <siri:Circle id="?" srsName="?">
               <!--You have a CHOICE of the next 2 items at this level-->
               <siri:Longitude>?</siri:Longitude>
               <siri:Latitude>?</siri:Latitude>
               <siri:Coordinates>?</siri:Coordinates>
               <!--Optional:-->
               <siri:Precision>?</siri:Precision>
            </siri:Circle>
            <siri:PlaceRef>?</siri:PlaceRef>
            <siri:LineDirectionRef>
               <siri:LineRef>?</siri:LineRef>
               <!--Optional:-->
               <siri:DirectionRef>?</siri:DirectionRef>
            </siri:LineDirectionRef>
            <!--Optional:-->
            <siri:OperatorRef>?</siri:OperatorRef>
            <!--Optional:-->
            <siri:Language>en</siri:Language>
            <!--Optional:-->
            <siri:LinesDetailLevel>normal</siri:LinesDetailLevel>
         </Request>
         <RequestExtension>
            <!--You may enter ANY elements at this point-->
         </RequestExtension>
      </wsdl:LinesDiscovery>
   </soapenv:Body>
</soapenv:Envelope>]]></con:request><con:wsaConfig mustUnderstand="NONE" version="200508" action="LinesDiscovery"/></con:call></con:operation><con:operation isOneWay="false" action="StopPointsDiscovery" name="StopPointsDiscovery" bindingOperationName="StopPointsDiscovery" type="Request-Response" inputName="" receivesAttachments="false" sendsAttachments="false" anonymous="optional"><con:settings/><con:call name="Request 1"><con:settings/><con:encoding>UTF-8</con:encoding><con:endpoint>http://www.siri-service-location.com</con:endpoint><con:request><![CDATA[<soapenv:Envelope xmlns:soapenv="http://schemas.xmlsoap.org/soap/envelope/" xmlns:wsdl="http://wsdl.siri.org.uk" xmlns:siri="http://www.siri.org.uk/siri">
   <soapenv:Header/>
   <soapenv:Body>
      <wsdl:StopPointsDiscovery>
         <Request version="2.0">
            <siri:RequestTimestamp>?</siri:RequestTimestamp>
            <!--Optional:-->
            <siri:AccountId>?</siri:AccountId>
            <!--Optional:-->
            <siri:AccountKey>?</siri:AccountKey>
            <!--Optional:-->
            <siri:Address>?</siri:Address>
            <siri:RequestorRef>?</siri:RequestorRef>
            <!--Optional:-->
            <siri:MessageIdentifier>?</siri:MessageIdentifier>
            <!--You have a CHOICE of the next 3 items at this level-->
            <!--Optional:-->
            <siri:BoundingBox>
               <siri:UpperLeft id="?" srsName="?">
                  <!--You have a CHOICE of the next 2 items at this level-->
                  <siri:Longitude>?</siri:Longitude>
                  <siri:Latitude>?</siri:Latitude>
                  <siri:Coordinates>?</siri:Coordinates>
                  <!--Optional:-->
                  <siri:Precision>?</siri:Precision>
               </siri:UpperLeft>
               <siri:LowerRight id="?" srsName="?">
                  <!--You have a CHOICE of the next 2 items at this level-->
                  <siri:Longitude>?</siri:Longitude>
                  <siri:Latitude>?</siri:Latitude>
                  <siri:Coordinates>?</siri:Coordinates>
                  <!--Optional:-->
                  <siri:Precision>?</siri:Precision>
               </siri:LowerRight>
            </siri:BoundingBox>
            <!--Optional:-->
            <siri:Circle id="?" srsName="?">
               <!--You have a CHOICE of the next 2 items at this level-->
               <siri:Longitude>?</siri:Longitude>
               <siri:Latitude>?</siri:Latitude>
               <siri:Coordinates>?</siri:Coordinates>
               <!--Optional:-->
               <siri:Precision>?</siri:Precision>
            </siri:Circle>
            <!--Optional:-->
            <siri:PlaceRef>?</siri:PlaceRef>
            <!--Optional:-->
            <siri:OperatorRef>?</siri:OperatorRef>
            <!--Optional:-->
            <siri:LineRef>?</siri:LineRef>
            <!--Optional:-->
            <siri:Language>en</siri:Language>
            <!--Optional:-->
            <siri:StopPointsDetailLevel>normal</siri:StopPointsDetailLevel>
         </Request>
         <RequestExtension>
            <!--You may enter ANY elements at this point-->
         </RequestExtension>
      </wsdl:StopPointsDiscovery>
   </soapenv:Body>
</soapenv:Envelope>]]></con:request><con:wsaConfig mustUnderstand="NONE" version="200508" action="StopPointsDiscovery"/></con:call></con:operation><con:operation isOneWay="false" action="Subscribe" name="Subscribe" bindingOperationName="Subscribe" type="Request-Response" inputName="" receivesAttachments="false" sendsAttachments="false" anonymous="optional"><con:settings/><con:call name="test477-Subscribe Request"><con:settings><con:setting id="com.eviware.soapui.impl.wsdl.WsdlRequest@request-headers">&lt;xml-fragment/></con:setting></con:settings><con:encoding>UTF-8</con:encoding><con:endpoint>http://10.222.36.217:9101/administration/SiriRelais/SiriProducerRpcPort</con:endpoint><con:request><![CDATA[<soapenv:Envelope xmlns:soapenv="http://schemas.xmlsoap.org/soap/envelope/" xmlns:wsdl="http://wsdl.siri.org.uk" xmlns:siri="http://www.siri.org.uk/siri" xmlns:acsb="http://www.ifopt.org.uk/acsb">
   <soapenv:Header/>
   <soapenv:Body>
      <wsdl:Subscribe>
         <SubscriptionRequestInfo>
            <siri:RequestTimestamp>${=javax.xml.datatype.DatatypeFactory.newInstance().newXMLGregorianCalendar(GregorianCalendar.getInstance())}</siri:RequestTimestamp>
         	  <siri:RequestorRef>100WSIVSIRI</siri:RequestorRef>
            <!--Optional:-->
            <siri:MessageIdentifier>id123</siri:MessageIdentifier>
            <!--Optional:-->
            <siri:SubscriptionFilterIdentifier>filter</siri:SubscriptionFilterIdentifier>
         </SubscriptionRequestInfo>
         <Request>
            <!--You have a CHOICE of the next  10 items at this level-->
            <!--1 or more repetitions:-->
            <siri:GeneralMessageSubscriptionRequest>
               <!--Optional:-->
               <siri:SubscriberRef>100WSIVSIRI</siri:SubscriberRef>
               <siri:SubscriptionIdentifier>100WSIVSIRI:Subscription::Test402:LOC</siri:SubscriptionIdentifier>
               <siri:InitialTerminationTime>2015-09-08T01:58:26.431Z</siri:InitialTerminationTime>
               <siri:GeneralMessageRequest version="2.0:FR-IDF-2.4">
                  <siri:RequestTimestamp>${=javax.xml.datatype.DatatypeFactory.newInstance().newXMLGregorianCalendar(GregorianCalendar.getInstance())}</siri:RequestTimestamp>
                  <!--Optional:-->
                  <siri:MessageIdentifier>idMessage</siri:MessageIdentifier>
                  <!--Zero or more repetitions:-->
                  <siri:InfoChannelRef>Perturbation</siri:InfoChannelRef>
                  <!--Optional:-->
                  <siri:Language>fr</siri:Language>

                  <siri:Extensions>
     			         			
				<!--<siri:LineRef>AMIV:Line::004004009:</siri:LineRef> -->
				
			   <siri:StopPointRef>STIF:StopPoint:Q:108940:</siri:StopPointRef> 
             	</siri:Extensions>
               </siri:GeneralMessageRequest>
            </siri:GeneralMessageSubscriptionRequest>
          </Request>
         <RequestExtension>
                     
         </RequestExtension>
      </wsdl:Subscribe>
   </soapenv:Body>
</soapenv:Envelope>]]></con:request><con:credentials><con:authType>Global HTTP Settings</con:authType></con:credentials><con:jmsConfig JMSDeliveryMode="PERSISTENT"/><con:jmsPropertyConfig/><con:wsaConfig mustUnderstand="NONE" version="200508" action="Subscribe"/><con:wsrmConfig version="1.2"/></con:call></con:operation></con:interface><con:interface xsi:type="con:WsdlInterface" wsaVersion="NONE" name="SiriConsumerRpcBinding" type="wsdl" bindingName="{http://wsdl.siri.org.uk}SiriConsumerRpcBinding" soapVersion="1_1" anonymous="optional" definition="file:/home/paul/Desktop/XSD%20SIRI/Siri_XML-2.0k-IDF2.4%20(+SubscriptionTerminated%20and%20SG7%20change%20preview)/xsd/siri_wsConsumer.wsdl" xmlns:xsi="http://www.w3.org/2001/XMLSchema-instance"><con:settings/><con:endpoints><con:endpoint>http://www.siri-service-location.com</con:endpoint></con:endpoints><con:operation isOneWay="false" action="GetConnectionMonitoring" name="NotifyConnectionMonitoring" bindingOperationName="NotifyConnectionMonitoring" type="One-Way" inputName="" sendsAttachments="false" anonymous="optional"><con:settings/><con:call name="Request 1"><con:settings/><con:encoding>UTF-8</con:encoding><con:endpoint>http://www.siri-service-location.com</con:endpoint><con:request><![CDATA[<soapenv:Envelope xmlns:soapenv="http://schemas.xmlsoap.org/soap/envelope/" xmlns:wsdl="http://wsdl.siri.org.uk" xmlns:siri="http://www.siri.org.uk/siri" xmlns:acsb="http://www.ifopt.org.uk/acsb" xmlns:ifop="http://www.ifopt.org.uk/ifopt">
   <soapenv:Header/>
   <soapenv:Body>
      <wsdl:NotifyConnectionMonitoring>
         <ServiceDeliveryInfo>
            <siri:ResponseTimestamp>?</siri:ResponseTimestamp>
            <!--Optional:-->
            <siri:ProducerRef>?</siri:ProducerRef>
            <!--Optional:-->
            <siri:Address>?</siri:Address>
            <!--Optional:-->
            <siri:ResponseMessageIdentifier>?</siri:ResponseMessageIdentifier>
            <!--Optional:-->
            <siri:RequestMessageRef>?</siri:RequestMessageRef>
         </ServiceDeliveryInfo>
         <Notification>
            <!--You have a CHOICE of the next 2 items at this level-->
            <!--1 or more repetitions:-->
            <siri:ConnectionMonitoringFeederDelivery version="2.0">
               <siri:ResponseTimestamp>?</siri:ResponseTimestamp>
               <!--You have a CHOICE of the next 2 items at this level-->
               <!--Optional:-->
               <siri:RequestMessageRef>?</siri:RequestMessageRef>
               <!--Optional:-->
               <siri:SubscriberRef>?</siri:SubscriberRef>
               <!--Optional:-->
               <siri:SubscriptionFilterRef>?</siri:SubscriptionFilterRef>
               <siri:SubscriptionRef>?</siri:SubscriptionRef>
               <!--Optional:-->
               <siri:DelegatorAddress>?</siri:DelegatorAddress>
               <!--Optional:-->
               <siri:DelegatorRef>?</siri:DelegatorRef>
               <!--Optional:-->
               <siri:Status>true</siri:Status>
               <!--Optional:-->
               <siri:ErrorCondition>
                  <!--You have a CHOICE of the next 15 items at this level-->
                  <siri:UnapprovedKeyAccessError number="?">
                     <!--Optional:-->
                     <siri:ErrorText>?</siri:ErrorText>
                     <!--Optional:-->
                     <siri:Key>?</siri:Key>
                  </siri:UnapprovedKeyAccessError>
                  <siri:UnknownParticipantError number="?">
                     <!--Optional:-->
                     <siri:ErrorText>?</siri:ErrorText>
                     <!--Optional:-->
                     <siri:ParticipantRef>?</siri:ParticipantRef>
                  </siri:UnknownParticipantError>
                  <siri:UnknownEndpointError number="?">
                     <!--Optional:-->
                     <siri:ErrorText>?</siri:ErrorText>
                     <!--Optional:-->
                     <siri:Endpoint>?</siri:Endpoint>
                  </siri:UnknownEndpointError>
                  <siri:EndpointDeniedAccessError number="?">
                     <!--Optional:-->
                     <siri:ErrorText>?</siri:ErrorText>
                     <!--Optional:-->
                     <siri:Endpoint>?</siri:Endpoint>
                  </siri:EndpointDeniedAccessError>
                  <siri:EndpointNotAvailableAccessError number="?">
                     <!--Optional:-->
                     <siri:ErrorText>?</siri:ErrorText>
                     <!--Optional:-->
                     <siri:Endpoint>?</siri:Endpoint>
                  </siri:EndpointNotAvailableAccessError>
                  <siri:ServiceNotAvailableError number="?">
                     <!--Optional:-->
                     <siri:ErrorText>?</siri:ErrorText>
                     <!--Optional:-->
                     <siri:ExpectedRestartTime>?</siri:ExpectedRestartTime>
                  </siri:ServiceNotAvailableError>
                  <siri:CapabilityNotSupportedError number="?">
                     <!--Optional:-->
                     <siri:ErrorText>?</siri:ErrorText>
                     <!--Optional:-->
                     <siri:CapabilityRef>?</siri:CapabilityRef>
                  </siri:CapabilityNotSupportedError>
                  <siri:AccessNotAllowedError number="?">
                     <!--Optional:-->
                     <siri:ErrorText>?</siri:ErrorText>
                  </siri:AccessNotAllowedError>
                  <siri:InvalidDataReferencesError number="?">
                     <!--Optional:-->
                     <siri:ErrorText>?</siri:ErrorText>
                     <!--Zero or more repetitions:-->
                     <siri:InvalidRef>?</siri:InvalidRef>
                  </siri:InvalidDataReferencesError>
                  <siri:BeyondDataHorizon number="?">
                     <!--Optional:-->
                     <siri:ErrorText>?</siri:ErrorText>
                  </siri:BeyondDataHorizon>
                  <siri:NoInfoForTopicError number="?">
                     <!--Optional:-->
                     <siri:ErrorText>?</siri:ErrorText>
                  </siri:NoInfoForTopicError>
                  <siri:ParametersIgnoredError number="?">
                     <!--Optional:-->
                     <siri:ErrorText>?</siri:ErrorText>
                     <!--Zero or more repetitions:-->
                     <siri:ParameterName>?</siri:ParameterName>
                  </siri:ParametersIgnoredError>
                  <siri:UnknownExtensionsError number="?">
                     <!--Optional:-->
                     <siri:ErrorText>?</siri:ErrorText>
                     <!--Zero or more repetitions:-->
                     <siri:ExtensionName>?</siri:ExtensionName>
                  </siri:UnknownExtensionsError>
                  <siri:AllowedResourceUsageExceededError number="?">
                     <!--Optional:-->
                     <siri:ErrorText>?</siri:ErrorText>
                  </siri:AllowedResourceUsageExceededError>
                  <siri:OtherError number="?">
                     <!--Optional:-->
                     <siri:ErrorText>?</siri:ErrorText>
                  </siri:OtherError>
                  <!--Optional:-->
                  <siri:Description>?</siri:Description>
               </siri:ErrorCondition>
               <!--Optional:-->
               <siri:ValidUntil>?</siri:ValidUntil>
               <!--Optional:-->
               <siri:ShortestPossibleCycle>?</siri:ShortestPossibleCycle>
               <!--Optional:-->
               <siri:DefaultLanguage>?</siri:DefaultLanguage>
               <!--Zero or more repetitions:-->
               <siri:MonitoredFeederArrival>
                  <siri:RecordedAtTime>?</siri:RecordedAtTime>
                  <!--Optional:-->
                  <siri:ItemIdentifier>?</siri:ItemIdentifier>
                  <!--Optional:-->
                  <siri:ValidUntilTime>?</siri:ValidUntilTime>
                  <!--Optional:-->
                  <siri:InterchangeRef>?</siri:InterchangeRef>
                  <siri:ConnectionLinkRef>?</siri:ConnectionLinkRef>
                  <!--Optional:-->
                  <siri:StopPointRef>?</siri:StopPointRef>
                  <!--Optional:-->
                  <siri:VisitNumber>?</siri:VisitNumber>
                  <!--Optional:-->
                  <siri:Order>?</siri:Order>
                  <!--Zero or more repetitions:-->
                  <siri:StopPointName xml:lang="?">?</siri:StopPointName>
                  <!--Optional:-->
                  <siri:ClearDownRef>?</siri:ClearDownRef>
                  <siri:FeederJourney>
                     <siri:LineRef>?</siri:LineRef>
                     <siri:DirectionRef>?</siri:DirectionRef>
                     <!--Optional:-->
                     <siri:FramedVehicleJourneyRef>
                        <siri:DataFrameRef>?</siri:DataFrameRef>
                        <siri:DatedVehicleJourneyRef>?</siri:DatedVehicleJourneyRef>
                     </siri:FramedVehicleJourneyRef>
                     <!--Optional:-->
                     <siri:JourneyPatternRef>?</siri:JourneyPatternRef>
                     <!--Optional:-->
                     <siri:JourneyPatternName xml:lang="?">?</siri:JourneyPatternName>
                     <!--Zero or more repetitions:-->
                     <siri:VehicleMode>?</siri:VehicleMode>
                     <!--Optional:-->
                     <siri:RouteRef>?</siri:RouteRef>
                     <!--Zero or more repetitions:-->
                     <siri:PublishedLineName xml:lang="?">?</siri:PublishedLineName>
                     <!--Optional:-->
                     <siri:GroupOfLinesRef>?</siri:GroupOfLinesRef>
                     <!--Zero or more repetitions:-->
                     <siri:DirectionName xml:lang="?">?</siri:DirectionName>
                     <!--Optional:-->
                     <siri:ExternalLineRef>?</siri:ExternalLineRef>
                     <!--Optional:-->
                     <siri:OperatorRef>?</siri:OperatorRef>
                     <!--Optional:-->
                     <siri:ProductCategoryRef>?</siri:ProductCategoryRef>
                     <!--Zero or more repetitions:-->
                     <siri:ServiceFeatureRef>?</siri:ServiceFeatureRef>
                     <!--Zero or more repetitions:-->
                     <siri:VehicleFeatureRef>?</siri:VehicleFeatureRef>
                     <!--Optional:-->
                     <siri:OriginRef>?</siri:OriginRef>
                     <!--Zero or more repetitions:-->
                     <siri:OriginName xml:lang="?">?</siri:OriginName>
                     <!--Zero or more repetitions:-->
                     <siri:OriginShortName xml:lang="?">?</siri:OriginShortName>
                     <!--Zero or more repetitions:-->
                     <siri:DestinationDisplayAtOrigin xml:lang="?">?</siri:DestinationDisplayAtOrigin>
                     <!--Zero or more repetitions:-->
                     <siri:Via>
                        <!--Optional:-->
                        <siri:PlaceRef>?</siri:PlaceRef>
                        <!--Zero or more repetitions:-->
                        <siri:PlaceName xml:lang="?">?</siri:PlaceName>
                        <!--Zero or more repetitions:-->
                        <siri:PlaceShortName xml:lang="?">?</siri:PlaceShortName>
                        <!--Optional:-->
                        <siri:ViaPriority>2</siri:ViaPriority>
                     </siri:Via>
                     <!--Optional:-->
                     <siri:DestinationRef>?</siri:DestinationRef>
                     <!--Zero or more repetitions:-->
                     <siri:DestinationName xml:lang="?">?</siri:DestinationName>
                     <!--Zero or more repetitions:-->
                     <siri:DestinationShortName xml:lang="?">?</siri:DestinationShortName>
                     <!--Zero or more repetitions:-->
                     <siri:VehicleJourneyName xml:lang="?">?</siri:VehicleJourneyName>
                     <!--Zero or more repetitions:-->
                     <siri:JourneyNote xml:lang="?">?</siri:JourneyNote>
                     <!--Optional:-->
                     <siri:PublicContact>
                        <!--Optional:-->
                        <siri:PhoneNumber>?</siri:PhoneNumber>
                        <!--Optional:-->
                        <siri:Url>?</siri:Url>
                     </siri:PublicContact>
                     <!--Optional:-->
                     <siri:OperationsContact>
                        <!--Optional:-->
                        <siri:PhoneNumber>?</siri:PhoneNumber>
                        <!--Optional:-->
                        <siri:Url>?</siri:Url>
                     </siri:OperationsContact>
                     <!--Optional:-->
                     <siri:HeadwayService>false</siri:HeadwayService>
                     <!--Optional:-->
                     <siri:OriginAimedDepartureTime>?</siri:OriginAimedDepartureTime>
                     <!--Optional:-->
                     <siri:DestinationAimedArrivalTime>?</siri:DestinationAimedArrivalTime>
                     <!--Optional:-->
                     <siri:FirstOrLastJourney>unspecified</siri:FirstOrLastJourney>
                     <!--Zero or more repetitions:-->
                     <siri:FacilityConditionElement>
                        <!--You have a CHOICE of the next 2 items at this level-->
                        <siri:Facility>
                           <!--Optional:-->
                           <siri:FacilityCode>?</siri:FacilityCode>
                           <!--Zero or more repetitions:-->
                           <siri:Description xml:lang="?">?</siri:Description>
                           <!--Zero or more repetitions:-->
                           <siri:FacilityClass>?</siri:FacilityClass>
                           <!--Optional:-->
                           <siri:Features>
                              <!--1 or more repetitions:-->
                              <siri:Feature>
                                 <!--You have a CHOICE of the next 16 items at this level-->
                                 <siri:AccessFacility>unknown</siri:AccessFacility>
                                 <siri:AccommodationFacility>unknown</siri:AccommodationFacility>
                                 <siri:AssistanceFacility>unknown</siri:AssistanceFacility>
                                 <siri:FareClassFacility>unknown</siri:FareClassFacility>
                                 <siri:HireFacility>unknown</siri:HireFacility>
                                 <siri:LuggageFacility>unknown</siri:LuggageFacility>
                                 <siri:MobilityFacility>unknown</siri:MobilityFacility>
                                 <siri:NuisanceFacility>unknown</siri:NuisanceFacility>
                                 <siri:ParkingFacility>?</siri:ParkingFacility>
                                 <siri:PassengerCommsFacility>unknown</siri:PassengerCommsFacility>
                                 <siri:PassengerInformationFacility>unknown</siri:PassengerInformationFacility>
                                 <siri:RefreshmentFacility>unknown</siri:RefreshmentFacility>
                                 <siri:ReservedSpaceFacility>unknown</siri:ReservedSpaceFacility>
                                 <siri:RetailFacility>unknown</siri:RetailFacility>
                                 <siri:SanitaryFacility>unknown</siri:SanitaryFacility>
                                 <siri:TicketingFacility>unknown</siri:TicketingFacility>
                              </siri:Feature>
                           </siri:Features>
                           <!--Optional:-->
                           <siri:OwnerRef>?</siri:OwnerRef>
                           <!--Optional:-->
                           <siri:OwnerName xml:lang="?">?</siri:OwnerName>
                           <!--Optional:-->
                           <siri:ValidityCondition>
                              <!--Zero or more repetitions:-->
                              <siri:Period>
                                 <siri:StartTime>?</siri:StartTime>
                                 <!--Optional:-->
                                 <siri:EndTime>?</siri:EndTime>
                              </siri:Period>
                              <!--Zero or more repetitions:-->
                              <siri:Timeband>
                                 <siri:StartTime>?</siri:StartTime>
                                 <!--Optional:-->
                                 <siri:EndTime>?</siri:EndTime>
                              </siri:Timeband>
                              <!--Zero or more repetitions:-->
                              <siri:DayType>?</siri:DayType>
                              <!--Zero or more repetitions:-->
                              <siri:HolidayType>?</siri:HolidayType>
                           </siri:ValidityCondition>
                           <!--Optional:-->
                           <siri:FacilityLocation>
                              <!--Optional:-->
                              <siri:LineRef>?</siri:LineRef>
                              <!--Optional:-->
                              <siri:StopPointRef>?</siri:StopPointRef>
                              <!--Optional:-->
                              <siri:VehicleRef>?</siri:VehicleRef>
                              <!--Optional:-->
                              <siri:DatedVehicleJourneyRef>?</siri:DatedVehicleJourneyRef>
                              <!--Optional:-->
                              <siri:ConnectionLinkRef>?</siri:ConnectionLinkRef>
                              <!--Optional:-->
                              <siri:InterchangeRef>?</siri:InterchangeRef>
                              <!--Optional:-->
                              <siri:StopPlaceRef>?</siri:StopPlaceRef>
                              <!--Optional:-->
                              <siri:StopPlaceComponentId>?</siri:StopPlaceComponentId>
                              <!--Optional:-->
                              <siri:OperatorRef>?</siri:OperatorRef>
                              <!--Optional:-->
                              <siri:ProductCategoryRef>?</siri:ProductCategoryRef>
                              <!--Zero or more repetitions:-->
                              <siri:ServiceFeatureRef>?</siri:ServiceFeatureRef>
                              <!--Zero or more repetitions:-->
                              <siri:VehicleFeatureRef>?</siri:VehicleFeatureRef>
                           </siri:FacilityLocation>
                           <!--Optional:-->
                           <siri:Limitations>
                              <acsb:WheelchairAccess>false</acsb:WheelchairAccess>
                              <!--Optional:-->
                              <acsb:StepFreeAccess>unknown</acsb:StepFreeAccess>
                              <!--Optional:-->
                              <acsb:EscalatorFreeAccess>unknown</acsb:EscalatorFreeAccess>
                              <!--Optional:-->
                              <acsb:LiftFreeAccess>unknown</acsb:LiftFreeAccess>
                              <!--Optional:-->
                              <acsb:AudibleSignalsAvailable>false</acsb:AudibleSignalsAvailable>
                              <!--Optional:-->
                              <acsb:VisualSignsAvailable>unknown</acsb:VisualSignsAvailable>
                           </siri:Limitations>
                           <!--Optional:-->
                           <siri:Suitabilities>
                              <!--1 or more repetitions:-->
                              <siri:Suitability>
                                 <acsb:Suitable>?</acsb:Suitable>
                                 <acsb:UserNeed>
                                    <!--You have a CHOICE of the next 4 items at this level-->
                                    <acsb:MobilityNeed>?</acsb:MobilityNeed>
                                    <acsb:PsychosensoryNeed>?</acsb:PsychosensoryNeed>
                                    <acsb:MedicalNeed>?</acsb:MedicalNeed>
                                    <acsb:EncumbranceNeed>?</acsb:EncumbranceNeed>
                                    <!--Optional:-->
                                    <acsb:Excluded>?</acsb:Excluded>
                                    <!--Optional:-->
                                    <acsb:NeedRanking>?</acsb:NeedRanking>
                                    <!--Optional:-->
                                    <acsb:Extensions>?</acsb:Extensions>
                                 </acsb:UserNeed>
                              </siri:Suitability>
                           </siri:Suitabilities>
                           <!--Optional:-->
                           <siri:AccessibilityAssessment>
                              <acsb:MobilityImpairedAccess>?</acsb:MobilityImpairedAccess>
                              <!--Optional:-->
                              <acsb:Limitations>
                                 <!--1 or more repetitions:-->
                                 <acsb:AccessibilityLimitation>
                                    <!--Optional:-->
                                    <acsb:LimitationId>?</acsb:LimitationId>
                                    <!--Optional:-->
                                    <acsb:ValidityCondition>
                                       <!--Optional:-->
                                       <ifop:FromDateTime>?</ifop:FromDateTime>
                                       <!--Optional:-->
                                       <ifop:ToDateTime>?</ifop:ToDateTime>
                                       <!--Optional:-->
                                       <ifop:DayType>?</ifop:DayType>
                                       <!--Zero or more repetitions:-->
                                       <ifop:Timebands>
                                          <ifop:Timeband>
                                             <ifop:StartTime>?</ifop:StartTime>
                                             <!--Optional:-->
                                             <ifop:EndTime>?</ifop:EndTime>
                                          </ifop:Timeband>
                                       </ifop:Timebands>
                                    </acsb:ValidityCondition>
                                    <acsb:WheelchairAccess>false</acsb:WheelchairAccess>
                                    <!--Optional:-->
                                    <acsb:StepFreeAccess>unknown</acsb:StepFreeAccess>
                                    <!--Optional:-->
                                    <acsb:EscalatorFreeAccess>unknown</acsb:EscalatorFreeAccess>
                                    <!--Optional:-->
                                    <acsb:LiftFreeAccess>unknown</acsb:LiftFreeAccess>
                                    <!--Optional:-->
                                    <acsb:AudibleSignalsAvailable>false</acsb:AudibleSignalsAvailable>
                                    <!--Optional:-->
                                    <acsb:VisualSignsAvailable>unknown</acsb:VisualSignsAvailable>
                                    <!--Optional:-->
                                    <ifop:Extensions>
                                       e
                                       <!--You may enter ANY elements at this point-->
                                       gero
                                    </ifop:Extensions>
                                 </acsb:AccessibilityLimitation>
                              </acsb:Limitations>
                              <!--Optional:-->
                              <acsb:Suitabilities>
                                 <!--1 or more repetitions:-->
                                 <acsb:Suitability>
                                    <acsb:Suitable>?</acsb:Suitable>
                                    <acsb:UserNeed>
                                       <!--You have a CHOICE of the next 4 items at this level-->
                                       <acsb:MobilityNeed>?</acsb:MobilityNeed>
                                       <acsb:PsychosensoryNeed>?</acsb:PsychosensoryNeed>
                                       <acsb:MedicalNeed>?</acsb:MedicalNeed>
                                       <acsb:EncumbranceNeed>?</acsb:EncumbranceNeed>
                                       <!--Optional:-->
                                       <acsb:Excluded>?</acsb:Excluded>
                                       <!--Optional:-->
                                       <acsb:NeedRanking>?</acsb:NeedRanking>
                                       <!--Optional:-->
                                       <acsb:Extensions>?</acsb:Extensions>
                                    </acsb:UserNeed>
                                 </acsb:Suitability>
                              </acsb:Suitabilities>
                              <!--Optional:-->
                              <ifop:Extensions>
                                 cum
                                 <!--You may enter ANY elements at this point-->
                                 sonoras
                              </ifop:Extensions>
                           </siri:AccessibilityAssessment>
                           <!--Optional:-->
                           <siri:Extensions>
                              <!--You may enter ANY elements at this point-->
                           </siri:Extensions>
                        </siri:Facility>
                        <siri:FacilityRef>?</siri:FacilityRef>
                        <siri:FacilityStatus>
                           <siri:Status>?</siri:Status>
                           <!--Zero or more repetitions:-->
                           <siri:Description xml:lang="?">?</siri:Description>
                           <!--Optional:-->
                           <siri:AccessibilityAssessment>
                              <acsb:MobilityImpairedAccess>?</acsb:MobilityImpairedAccess>
                              <!--Optional:-->
                              <acsb:Limitations>
                                 <!--1 or more repetitions:-->
                                 <acsb:AccessibilityLimitation>
                                    <!--Optional:-->
                                    <acsb:LimitationId>?</acsb:LimitationId>
                                    <!--Optional:-->
                                    <acsb:ValidityCondition>
                                       <!--Optional:-->
                                       <ifop:FromDateTime>?</ifop:FromDateTime>
                                       <!--Optional:-->
                                       <ifop:ToDateTime>?</ifop:ToDateTime>
                                       <!--Optional:-->
                                       <ifop:DayType>?</ifop:DayType>
                                       <!--Zero or more repetitions:-->
                                       <ifop:Timebands>
                                          <ifop:Timeband>
                                             <ifop:StartTime>?</ifop:StartTime>
                                             <!--Optional:-->
                                             <ifop:EndTime>?</ifop:EndTime>
                                          </ifop:Timeband>
                                       </ifop:Timebands>
                                    </acsb:ValidityCondition>
                                    <acsb:WheelchairAccess>false</acsb:WheelchairAccess>
                                    <!--Optional:-->
                                    <acsb:StepFreeAccess>unknown</acsb:StepFreeAccess>
                                    <!--Optional:-->
                                    <acsb:EscalatorFreeAccess>unknown</acsb:EscalatorFreeAccess>
                                    <!--Optional:-->
                                    <acsb:LiftFreeAccess>unknown</acsb:LiftFreeAccess>
                                    <!--Optional:-->
                                    <acsb:AudibleSignalsAvailable>false</acsb:AudibleSignalsAvailable>
                                    <!--Optional:-->
                                    <acsb:VisualSignsAvailable>unknown</acsb:VisualSignsAvailable>
                                    <!--Optional:-->
                                    <ifop:Extensions>
                                       aeoliam
                                       <!--You may enter ANY elements at this point-->
                                       quae
                                    </ifop:Extensions>
                                 </acsb:AccessibilityLimitation>
                              </acsb:Limitations>
                              <!--Optional:-->
                              <acsb:Suitabilities>
                                 <!--1 or more repetitions:-->
                                 <acsb:Suitability>
                                    <acsb:Suitable>?</acsb:Suitable>
                                    <acsb:UserNeed>
                                       <!--You have a CHOICE of the next 4 items at this level-->
                                       <acsb:MobilityNeed>?</acsb:MobilityNeed>
                                       <acsb:PsychosensoryNeed>?</acsb:PsychosensoryNeed>
                                       <acsb:MedicalNeed>?</acsb:MedicalNeed>
                                       <acsb:EncumbranceNeed>?</acsb:EncumbranceNeed>
                                       <!--Optional:-->
                                       <acsb:Excluded>?</acsb:Excluded>
                                       <!--Optional:-->
                                       <acsb:NeedRanking>?</acsb:NeedRanking>
                                       <!--Optional:-->
                                       <acsb:Extensions>?</acsb:Extensions>
                                    </acsb:UserNeed>
                                 </acsb:Suitability>
                              </acsb:Suitabilities>
                              <!--Optional:-->
                              <ifop:Extensions>
                                 ventos
                                 <!--You may enter ANY elements at this point-->
                                 verrantque
                              </ifop:Extensions>
                           </siri:AccessibilityAssessment>
                           <!--Optional:-->
                           <siri:Extensions>
                              <!--You may enter ANY elements at this point-->
                           </siri:Extensions>
                        </siri:FacilityStatus>
                        <!--Optional:-->
                        <siri:SituationRef>
                           <!--Optional:-->
                           <siri:SituationSimpleRef>?</siri:SituationSimpleRef>
                           <!--Optional:-->
                           <siri:SituationFullRef>
                              <!--Optional:-->
                              <siri:VersionCountryRef>?</siri:VersionCountryRef>
                              <siri:ParticipantRef>?</siri:ParticipantRef>
                              <siri:SituationNumber>?</siri:SituationNumber>
                              <!--Optional:-->
                              <siri:UpdateCountryRef>?</siri:UpdateCountryRef>
                              <!--Optional:-->
                              <siri:UpdateParticipantRef>?</siri:UpdateParticipantRef>
                              <!--Optional:-->
                              <siri:Version>?</siri:Version>
                           </siri:SituationFullRef>
                        </siri:SituationRef>
                        <!--Optional:-->
                        <siri:Remedy>
                           <!--Optional:-->
                           <siri:RemedyType>?</siri:RemedyType>
                           <!--Zero or more repetitions:-->
                           <siri:Description xml:lang="?">?</siri:Description>
                           <!--Optional:-->
                           <siri:Extensions>
                              <!--You may enter ANY elements at this point-->
                           </siri:Extensions>
                        </siri:Remedy>
                        <!--Optional:-->
                        <siri:MonitoringInfo>
                           <!--Optional:-->
                           <siri:MonitoringInterval>?</siri:MonitoringInterval>
                           <!--Optional:-->
                           <siri:MonitoringType>?</siri:MonitoringType>
                           <!--Optional:-->
                           <siri:MonitoringPeriod>
                              <!--Zero or more repetitions:-->
                              <siri:Period>
                                 <siri:StartTime>?</siri:StartTime>
                                 <!--Optional:-->
                                 <siri:EndTime>?</siri:EndTime>
                              </siri:Period>
                              <!--Zero or more repetitions:-->
                              <siri:Timeband>
                                 <siri:StartTime>?</siri:StartTime>
                                 <!--Optional:-->
                                 <siri:EndTime>?</siri:EndTime>
                              </siri:Timeband>
                              <!--Zero or more repetitions:-->
                              <siri:DayType>?</siri:DayType>
                              <!--Zero or more repetitions:-->
                              <siri:HolidayType>?</siri:HolidayType>
                           </siri:MonitoringPeriod>
                           <!--Optional:-->
                           <siri:Extensions>
                              <!--You may enter ANY elements at this point-->
                           </siri:Extensions>
                        </siri:MonitoringInfo>
                        <!--Optional:-->
                        <siri:ValidityPeriod>
                           <siri:StartTime>?</siri:StartTime>
                           <!--Optional:-->
                           <siri:EndTime>?</siri:EndTime>
                        </siri:ValidityPeriod>
                        <!--Optional:-->
                        <siri:Extensions>
                           <!--You may enter ANY elements at this point-->
                        </siri:Extensions>
                     </siri:FacilityConditionElement>
                     <!--Optional:-->
                     <siri:FacilityChangeElement>
                        <!--Optional:-->
                        <siri:EquipmentAvailability>
                           <!--Optional:-->
                           <siri:EquipmentRef>?</siri:EquipmentRef>
                           <!--Zero or more repetitions:-->
                           <siri:Description xml:lang="?">?</siri:Description>
                           <!--Optional:-->
                           <siri:EquipmentTypeRef>?</siri:EquipmentTypeRef>
                           <!--Optional:-->
                           <siri:ValidityPeriod>
                              <siri:StartTime>?</siri:StartTime>
                              <!--Optional:-->
                              <siri:EndTime>?</siri:EndTime>
                           </siri:ValidityPeriod>
                           <siri:EquipmentStatus>notAvailable</siri:EquipmentStatus>
                           <!--Optional:-->
                           <siri:EquipmentFeatures>
                              <!--1 or more repetitions:-->
                              <siri:FeatureRef>?</siri:FeatureRef>
                           </siri:EquipmentFeatures>
                           <!--Optional:-->
                           <siri:Extensions>
                              <!--You may enter ANY elements at this point-->
                           </siri:Extensions>
                        </siri:EquipmentAvailability>
                        <!--Optional:-->
                        <siri:SituationRef>
                           <!--Optional:-->
                           <siri:SituationSimpleRef>?</siri:SituationSimpleRef>
                           <!--Optional:-->
                           <siri:SituationFullRef>
                              <!--Optional:-->
                              <siri:VersionCountryRef>?</siri:VersionCountryRef>
                              <siri:ParticipantRef>?</siri:ParticipantRef>
                              <siri:SituationNumber>?</siri:SituationNumber>
                              <!--Optional:-->
                              <siri:UpdateCountryRef>?</siri:UpdateCountryRef>
                              <!--Optional:-->
                              <siri:UpdateParticipantRef>?</siri:UpdateParticipantRef>
                              <!--Optional:-->
                              <siri:Version>?</siri:Version>
                           </siri:SituationFullRef>
                        </siri:SituationRef>
                        <!--Optional:-->
                        <siri:MobilityDisruption>
                           <siri:MobilityImpairedAccess>?</siri:MobilityImpairedAccess>
                           <!--Zero or more repetitions:-->
                           <siri:AccessFacility>unknown</siri:AccessFacility>
                        </siri:MobilityDisruption>
                     </siri:FacilityChangeElement>
                     <!--Zero or more repetitions:-->
                     <siri:SituationRef>
                        <!--Optional:-->
                        <siri:SituationSimpleRef>?</siri:SituationSimpleRef>
                        <!--Optional:-->
                        <siri:SituationFullRef>
                           <!--Optional:-->
                           <siri:VersionCountryRef>?</siri:VersionCountryRef>
                           <siri:ParticipantRef>?</siri:ParticipantRef>
                           <siri:SituationNumber>?</siri:SituationNumber>
                           <!--Optional:-->
                           <siri:UpdateCountryRef>?</siri:UpdateCountryRef>
                           <!--Optional:-->
                           <siri:UpdateParticipantRef>?</siri:UpdateParticipantRef>
                           <!--Optional:-->
                           <siri:Version>?</siri:Version>
                        </siri:SituationFullRef>
                     </siri:SituationRef>
                     <!--Optional:-->
                     <siri:BlockRef>?</siri:BlockRef>
                     <!--Optional:-->
                     <siri:CourseOfJourneyRef>?</siri:CourseOfJourneyRef>
                     <!--Optional:-->
                     <siri:VehicleJourneyRef>?</siri:VehicleJourneyRef>
                     <!--Optional:-->
                     <siri:VehicleRef>?</siri:VehicleRef>
                     <!--Zero or more repetitions:-->
                     <siri:AdditionalVehicleJourneyRef>
                        <siri:DataFrameRef>?</siri:DataFrameRef>
                        <siri:DatedVehicleJourneyRef>?</siri:DatedVehicleJourneyRef>
                     </siri:AdditionalVehicleJourneyRef>
                     <!--Optional:-->
                     <siri:DriverRef>?</siri:DriverRef>
                     <!--Optional:-->
                     <siri:DriverName>?</siri:DriverName>
                     <!--Optional:-->
                     <siri:Monitored>?</siri:Monitored>
                     <!--Optional:-->
                     <siri:AimedDepartureTime>?</siri:AimedDepartureTime>
                     <!--Optional:-->
                     <siri:Extensions>
                        <!--You may enter ANY elements at this point-->
                     </siri:Extensions>
                  </siri:FeederJourney>
                  <!--Optional:-->
                  <siri:VehicleAtStop>false</siri:VehicleAtStop>
                  <!--Optional:-->
                  <siri:NumberOfTransferPassengers>?</siri:NumberOfTransferPassengers>
                  <!--Optional:-->
                  <siri:AimedArrivalTime>?</siri:AimedArrivalTime>
                  <!--Optional:-->
                  <siri:ExpectedArrivalTime>?</siri:ExpectedArrivalTime>
                  <!--Optional:-->
                  <siri:ArrivalPlatformName xml:lang="?">?</siri:ArrivalPlatformName>
                  <!--Optional:-->
                  <siri:SuggestedWaitDecisionTime>?</siri:SuggestedWaitDecisionTime>
                  <!--Optional:-->
                  <siri:Extensions>
                     <!--You may enter ANY elements at this point-->
                  </siri:Extensions>
               </siri:MonitoredFeederArrival>
               <!--Zero or more repetitions:-->
               <siri:MonitoredFeederArrivalCancellation>
                  <siri:RecordedAtTime>?</siri:RecordedAtTime>
                  <!--Optional:-->
                  <siri:ItemIdentifier>?</siri:ItemIdentifier>
                  <!--Optional:-->
                  <siri:ValidUntilTime>?</siri:ValidUntilTime>
                  <!--Optional:-->
                  <siri:InterchangeRef>?</siri:InterchangeRef>
                  <siri:ConnectionLinkRef>?</siri:ConnectionLinkRef>
                  <!--Optional:-->
                  <siri:StopPointRef>?</siri:StopPointRef>
                  <!--Optional:-->
                  <siri:VisitNumber>?</siri:VisitNumber>
                  <!--Optional:-->
                  <siri:Order>?</siri:Order>
                  <!--Zero or more repetitions:-->
                  <siri:StopPointName xml:lang="?">?</siri:StopPointName>
                  <siri:LineRef>?</siri:LineRef>
                  <siri:DirectionRef>?</siri:DirectionRef>
                  <siri:VehicleJourneyRef>
                     <siri:DataFrameRef>?</siri:DataFrameRef>
                     <siri:DatedVehicleJourneyRef>?</siri:DatedVehicleJourneyRef>
                  </siri:VehicleJourneyRef>
                  <!--Optional:-->
                  <siri:JourneyPatternRef>?</siri:JourneyPatternRef>
                  <!--Optional:-->
                  <siri:JourneyPatternName xml:lang="?">?</siri:JourneyPatternName>
                  <!--Zero or more repetitions:-->
                  <siri:VehicleMode>?</siri:VehicleMode>
                  <!--Optional:-->
                  <siri:RouteRef>?</siri:RouteRef>
                  <!--Zero or more repetitions:-->
                  <siri:PublishedLineName xml:lang="?">?</siri:PublishedLineName>
                  <!--Optional:-->
                  <siri:GroupOfLinesRef>?</siri:GroupOfLinesRef>
                  <!--Zero or more repetitions:-->
                  <siri:DirectionName xml:lang="?">?</siri:DirectionName>
                  <!--Optional:-->
                  <siri:ExternalLineRef>?</siri:ExternalLineRef>
                  <!--Zero or more repetitions:-->
                  <siri:Reason xml:lang="?">?</siri:Reason>
                  <!--Optional:-->
                  <siri:Extensions>
                     <!--You may enter ANY elements at this point-->
                  </siri:Extensions>
               </siri:MonitoredFeederArrivalCancellation>
               <!--Optional:-->
               <siri:Extensions>
                  <!--You may enter ANY elements at this point-->
               </siri:Extensions>
            </siri:ConnectionMonitoringFeederDelivery>
            <!--1 or more repetitions:-->
            <siri:ConnectionMonitoringDistributorDelivery version="2.0">
               <siri:ResponseTimestamp>?</siri:ResponseTimestamp>
               <!--You have a CHOICE of the next 2 items at this level-->
               <!--Optional:-->
               <siri:RequestMessageRef>?</siri:RequestMessageRef>
               <!--Optional:-->
               <siri:SubscriberRef>?</siri:SubscriberRef>
               <!--Optional:-->
               <siri:SubscriptionFilterRef>?</siri:SubscriptionFilterRef>
               <siri:SubscriptionRef>?</siri:SubscriptionRef>
               <!--Optional:-->
               <siri:DelegatorAddress>?</siri:DelegatorAddress>
               <!--Optional:-->
               <siri:DelegatorRef>?</siri:DelegatorRef>
               <!--Optional:-->
               <siri:Status>true</siri:Status>
               <!--Optional:-->
               <siri:ErrorCondition>
                  <!--You have a CHOICE of the next 15 items at this level-->
                  <siri:UnapprovedKeyAccessError number="?">
                     <!--Optional:-->
                     <siri:ErrorText>?</siri:ErrorText>
                     <!--Optional:-->
                     <siri:Key>?</siri:Key>
                  </siri:UnapprovedKeyAccessError>
                  <siri:UnknownParticipantError number="?">
                     <!--Optional:-->
                     <siri:ErrorText>?</siri:ErrorText>
                     <!--Optional:-->
                     <siri:ParticipantRef>?</siri:ParticipantRef>
                  </siri:UnknownParticipantError>
                  <siri:UnknownEndpointError number="?">
                     <!--Optional:-->
                     <siri:ErrorText>?</siri:ErrorText>
                     <!--Optional:-->
                     <siri:Endpoint>?</siri:Endpoint>
                  </siri:UnknownEndpointError>
                  <siri:EndpointDeniedAccessError number="?">
                     <!--Optional:-->
                     <siri:ErrorText>?</siri:ErrorText>
                     <!--Optional:-->
                     <siri:Endpoint>?</siri:Endpoint>
                  </siri:EndpointDeniedAccessError>
                  <siri:EndpointNotAvailableAccessError number="?">
                     <!--Optional:-->
                     <siri:ErrorText>?</siri:ErrorText>
                     <!--Optional:-->
                     <siri:Endpoint>?</siri:Endpoint>
                  </siri:EndpointNotAvailableAccessError>
                  <siri:ServiceNotAvailableError number="?">
                     <!--Optional:-->
                     <siri:ErrorText>?</siri:ErrorText>
                     <!--Optional:-->
                     <siri:ExpectedRestartTime>?</siri:ExpectedRestartTime>
                  </siri:ServiceNotAvailableError>
                  <siri:CapabilityNotSupportedError number="?">
                     <!--Optional:-->
                     <siri:ErrorText>?</siri:ErrorText>
                     <!--Optional:-->
                     <siri:CapabilityRef>?</siri:CapabilityRef>
                  </siri:CapabilityNotSupportedError>
                  <siri:AccessNotAllowedError number="?">
                     <!--Optional:-->
                     <siri:ErrorText>?</siri:ErrorText>
                  </siri:AccessNotAllowedError>
                  <siri:InvalidDataReferencesError number="?">
                     <!--Optional:-->
                     <siri:ErrorText>?</siri:ErrorText>
                     <!--Zero or more repetitions:-->
                     <siri:InvalidRef>?</siri:InvalidRef>
                  </siri:InvalidDataReferencesError>
                  <siri:BeyondDataHorizon number="?">
                     <!--Optional:-->
                     <siri:ErrorText>?</siri:ErrorText>
                  </siri:BeyondDataHorizon>
                  <siri:NoInfoForTopicError number="?">
                     <!--Optional:-->
                     <siri:ErrorText>?</siri:ErrorText>
                  </siri:NoInfoForTopicError>
                  <siri:ParametersIgnoredError number="?">
                     <!--Optional:-->
                     <siri:ErrorText>?</siri:ErrorText>
                     <!--Zero or more repetitions:-->
                     <siri:ParameterName>?</siri:ParameterName>
                  </siri:ParametersIgnoredError>
                  <siri:UnknownExtensionsError number="?">
                     <!--Optional:-->
                     <siri:ErrorText>?</siri:ErrorText>
                     <!--Zero or more repetitions:-->
                     <siri:ExtensionName>?</siri:ExtensionName>
                  </siri:UnknownExtensionsError>
                  <siri:AllowedResourceUsageExceededError number="?">
                     <!--Optional:-->
                     <siri:ErrorText>?</siri:ErrorText>
                  </siri:AllowedResourceUsageExceededError>
                  <siri:OtherError number="?">
                     <!--Optional:-->
                     <siri:ErrorText>?</siri:ErrorText>
                  </siri:OtherError>
                  <!--Optional:-->
                  <siri:Description>?</siri:Description>
               </siri:ErrorCondition>
               <!--Optional:-->
               <siri:ValidUntil>?</siri:ValidUntil>
               <!--Optional:-->
               <siri:ShortestPossibleCycle>?</siri:ShortestPossibleCycle>
               <!--Optional:-->
               <siri:DefaultLanguage>?</siri:DefaultLanguage>
               <!--Zero or more repetitions:-->
               <siri:WaitProlongedDeparture>
                  <siri:RecordedAtTime>?</siri:RecordedAtTime>
                  <!--Optional:-->
                  <siri:InterchangeRef>?</siri:InterchangeRef>
                  <siri:ConnectionLinkRef>?</siri:ConnectionLinkRef>
                  <!--Optional:-->
                  <siri:StopPointRef>?</siri:StopPointRef>
                  <!--Optional:-->
                  <siri:DistributorVisitNumber>?</siri:DistributorVisitNumber>
                  <!--Optional:-->
                  <siri:DistributorOrder>?</siri:DistributorOrder>
                  <siri:DistributorJourney>
                     <siri:LineRef>?</siri:LineRef>
                     <siri:DirectionRef>?</siri:DirectionRef>
                     <!--Optional:-->
                     <siri:FramedVehicleJourneyRef>
                        <siri:DataFrameRef>?</siri:DataFrameRef>
                        <siri:DatedVehicleJourneyRef>?</siri:DatedVehicleJourneyRef>
                     </siri:FramedVehicleJourneyRef>
                     <!--Optional:-->
                     <siri:JourneyPatternRef>?</siri:JourneyPatternRef>
                     <!--Optional:-->
                     <siri:JourneyPatternName xml:lang="?">?</siri:JourneyPatternName>
                     <!--Zero or more repetitions:-->
                     <siri:VehicleMode>?</siri:VehicleMode>
                     <!--Optional:-->
                     <siri:RouteRef>?</siri:RouteRef>
                     <!--Zero or more repetitions:-->
                     <siri:PublishedLineName xml:lang="?">?</siri:PublishedLineName>
                     <!--Optional:-->
                     <siri:GroupOfLinesRef>?</siri:GroupOfLinesRef>
                     <!--Zero or more repetitions:-->
                     <siri:DirectionName xml:lang="?">?</siri:DirectionName>
                     <!--Optional:-->
                     <siri:ExternalLineRef>?</siri:ExternalLineRef>
                     <!--Optional:-->
                     <siri:OperatorRef>?</siri:OperatorRef>
                     <!--Optional:-->
                     <siri:ProductCategoryRef>?</siri:ProductCategoryRef>
                     <!--Zero or more repetitions:-->
                     <siri:ServiceFeatureRef>?</siri:ServiceFeatureRef>
                     <!--Zero or more repetitions:-->
                     <siri:VehicleFeatureRef>?</siri:VehicleFeatureRef>
                     <!--Optional:-->
                     <siri:OriginRef>?</siri:OriginRef>
                     <!--Zero or more repetitions:-->
                     <siri:OriginName xml:lang="?">?</siri:OriginName>
                     <!--Zero or more repetitions:-->
                     <siri:OriginShortName xml:lang="?">?</siri:OriginShortName>
                     <!--Zero or more repetitions:-->
                     <siri:DestinationDisplayAtOrigin xml:lang="?">?</siri:DestinationDisplayAtOrigin>
                     <!--Zero or more repetitions:-->
                     <siri:Via>
                        <!--Optional:-->
                        <siri:PlaceRef>?</siri:PlaceRef>
                        <!--Zero or more repetitions:-->
                        <siri:PlaceName xml:lang="?">?</siri:PlaceName>
                        <!--Zero or more repetitions:-->
                        <siri:PlaceShortName xml:lang="?">?</siri:PlaceShortName>
                        <!--Optional:-->
                        <siri:ViaPriority>2</siri:ViaPriority>
                     </siri:Via>
                     <!--Optional:-->
                     <siri:DestinationRef>?</siri:DestinationRef>
                     <!--Zero or more repetitions:-->
                     <siri:DestinationName xml:lang="?">?</siri:DestinationName>
                     <!--Zero or more repetitions:-->
                     <siri:DestinationShortName xml:lang="?">?</siri:DestinationShortName>
                     <!--Zero or more repetitions:-->
                     <siri:VehicleJourneyName xml:lang="?">?</siri:VehicleJourneyName>
                     <!--Zero or more repetitions:-->
                     <siri:JourneyNote xml:lang="?">?</siri:JourneyNote>
                     <!--Optional:-->
                     <siri:PublicContact>
                        <!--Optional:-->
                        <siri:PhoneNumber>?</siri:PhoneNumber>
                        <!--Optional:-->
                        <siri:Url>?</siri:Url>
                     </siri:PublicContact>
                     <!--Optional:-->
                     <siri:OperationsContact>
                        <!--Optional:-->
                        <siri:PhoneNumber>?</siri:PhoneNumber>
                        <!--Optional:-->
                        <siri:Url>?</siri:Url>
                     </siri:OperationsContact>
                     <!--Optional:-->
                     <siri:HeadwayService>false</siri:HeadwayService>
                     <!--Optional:-->
                     <siri:OriginAimedDepartureTime>?</siri:OriginAimedDepartureTime>
                     <!--Optional:-->
                     <siri:DestinationAimedArrivalTime>?</siri:DestinationAimedArrivalTime>
                     <!--Optional:-->
                     <siri:FirstOrLastJourney>unspecified</siri:FirstOrLastJourney>
                     <!--Zero or more repetitions:-->
                     <siri:FacilityConditionElement>
                        <!--You have a CHOICE of the next 2 items at this level-->
                        <siri:Facility>
                           <!--Optional:-->
                           <siri:FacilityCode>?</siri:FacilityCode>
                           <!--Zero or more repetitions:-->
                           <siri:Description xml:lang="?">?</siri:Description>
                           <!--Zero or more repetitions:-->
                           <siri:FacilityClass>?</siri:FacilityClass>
                           <!--Optional:-->
                           <siri:Features>
                              <!--1 or more repetitions:-->
                              <siri:Feature>
                                 <!--You have a CHOICE of the next 16 items at this level-->
                                 <siri:AccessFacility>unknown</siri:AccessFacility>
                                 <siri:AccommodationFacility>unknown</siri:AccommodationFacility>
                                 <siri:AssistanceFacility>unknown</siri:AssistanceFacility>
                                 <siri:FareClassFacility>unknown</siri:FareClassFacility>
                                 <siri:HireFacility>unknown</siri:HireFacility>
                                 <siri:LuggageFacility>unknown</siri:LuggageFacility>
                                 <siri:MobilityFacility>unknown</siri:MobilityFacility>
                                 <siri:NuisanceFacility>unknown</siri:NuisanceFacility>
                                 <siri:ParkingFacility>?</siri:ParkingFacility>
                                 <siri:PassengerCommsFacility>unknown</siri:PassengerCommsFacility>
                                 <siri:PassengerInformationFacility>unknown</siri:PassengerInformationFacility>
                                 <siri:RefreshmentFacility>unknown</siri:RefreshmentFacility>
                                 <siri:ReservedSpaceFacility>unknown</siri:ReservedSpaceFacility>
                                 <siri:RetailFacility>unknown</siri:RetailFacility>
                                 <siri:SanitaryFacility>unknown</siri:SanitaryFacility>
                                 <siri:TicketingFacility>unknown</siri:TicketingFacility>
                              </siri:Feature>
                           </siri:Features>
                           <!--Optional:-->
                           <siri:OwnerRef>?</siri:OwnerRef>
                           <!--Optional:-->
                           <siri:OwnerName xml:lang="?">?</siri:OwnerName>
                           <!--Optional:-->
                           <siri:ValidityCondition>
                              <!--Zero or more repetitions:-->
                              <siri:Period>
                                 <siri:StartTime>?</siri:StartTime>
                                 <!--Optional:-->
                                 <siri:EndTime>?</siri:EndTime>
                              </siri:Period>
                              <!--Zero or more repetitions:-->
                              <siri:Timeband>
                                 <siri:StartTime>?</siri:StartTime>
                                 <!--Optional:-->
                                 <siri:EndTime>?</siri:EndTime>
                              </siri:Timeband>
                              <!--Zero or more repetitions:-->
                              <siri:DayType>?</siri:DayType>
                              <!--Zero or more repetitions:-->
                              <siri:HolidayType>?</siri:HolidayType>
                           </siri:ValidityCondition>
                           <!--Optional:-->
                           <siri:FacilityLocation>
                              <!--Optional:-->
                              <siri:LineRef>?</siri:LineRef>
                              <!--Optional:-->
                              <siri:StopPointRef>?</siri:StopPointRef>
                              <!--Optional:-->
                              <siri:VehicleRef>?</siri:VehicleRef>
                              <!--Optional:-->
                              <siri:DatedVehicleJourneyRef>?</siri:DatedVehicleJourneyRef>
                              <!--Optional:-->
                              <siri:ConnectionLinkRef>?</siri:ConnectionLinkRef>
                              <!--Optional:-->
                              <siri:InterchangeRef>?</siri:InterchangeRef>
                              <!--Optional:-->
                              <siri:StopPlaceRef>?</siri:StopPlaceRef>
                              <!--Optional:-->
                              <siri:StopPlaceComponentId>?</siri:StopPlaceComponentId>
                              <!--Optional:-->
                              <siri:OperatorRef>?</siri:OperatorRef>
                              <!--Optional:-->
                              <siri:ProductCategoryRef>?</siri:ProductCategoryRef>
                              <!--Zero or more repetitions:-->
                              <siri:ServiceFeatureRef>?</siri:ServiceFeatureRef>
                              <!--Zero or more repetitions:-->
                              <siri:VehicleFeatureRef>?</siri:VehicleFeatureRef>
                           </siri:FacilityLocation>
                           <!--Optional:-->
                           <siri:Limitations>
                              <acsb:WheelchairAccess>false</acsb:WheelchairAccess>
                              <!--Optional:-->
                              <acsb:StepFreeAccess>unknown</acsb:StepFreeAccess>
                              <!--Optional:-->
                              <acsb:EscalatorFreeAccess>unknown</acsb:EscalatorFreeAccess>
                              <!--Optional:-->
                              <acsb:LiftFreeAccess>unknown</acsb:LiftFreeAccess>
                              <!--Optional:-->
                              <acsb:AudibleSignalsAvailable>false</acsb:AudibleSignalsAvailable>
                              <!--Optional:-->
                              <acsb:VisualSignsAvailable>unknown</acsb:VisualSignsAvailable>
                           </siri:Limitations>
                           <!--Optional:-->
                           <siri:Suitabilities>
                              <!--1 or more repetitions:-->
                              <siri:Suitability>
                                 <acsb:Suitable>?</acsb:Suitable>
                                 <acsb:UserNeed>
                                    <!--You have a CHOICE of the next 4 items at this level-->
                                    <acsb:MobilityNeed>?</acsb:MobilityNeed>
                                    <acsb:PsychosensoryNeed>?</acsb:PsychosensoryNeed>
                                    <acsb:MedicalNeed>?</acsb:MedicalNeed>
                                    <acsb:EncumbranceNeed>?</acsb:EncumbranceNeed>
                                    <!--Optional:-->
                                    <acsb:Excluded>?</acsb:Excluded>
                                    <!--Optional:-->
                                    <acsb:NeedRanking>?</acsb:NeedRanking>
                                    <!--Optional:-->
                                    <acsb:Extensions>?</acsb:Extensions>
                                 </acsb:UserNeed>
                              </siri:Suitability>
                           </siri:Suitabilities>
                           <!--Optional:-->
                           <siri:AccessibilityAssessment>
                              <acsb:MobilityImpairedAccess>?</acsb:MobilityImpairedAccess>
                              <!--Optional:-->
                              <acsb:Limitations>
                                 <!--1 or more repetitions:-->
                                 <acsb:AccessibilityLimitation>
                                    <!--Optional:-->
                                    <acsb:LimitationId>?</acsb:LimitationId>
                                    <!--Optional:-->
                                    <acsb:ValidityCondition>
                                       <!--Optional:-->
                                       <ifop:FromDateTime>?</ifop:FromDateTime>
                                       <!--Optional:-->
                                       <ifop:ToDateTime>?</ifop:ToDateTime>
                                       <!--Optional:-->
                                       <ifop:DayType>?</ifop:DayType>
                                       <!--Zero or more repetitions:-->
                                       <ifop:Timebands>
                                          <ifop:Timeband>
                                             <ifop:StartTime>?</ifop:StartTime>
                                             <!--Optional:-->
                                             <ifop:EndTime>?</ifop:EndTime>
                                          </ifop:Timeband>
                                       </ifop:Timebands>
                                    </acsb:ValidityCondition>
                                    <acsb:WheelchairAccess>false</acsb:WheelchairAccess>
                                    <!--Optional:-->
                                    <acsb:StepFreeAccess>unknown</acsb:StepFreeAccess>
                                    <!--Optional:-->
                                    <acsb:EscalatorFreeAccess>unknown</acsb:EscalatorFreeAccess>
                                    <!--Optional:-->
                                    <acsb:LiftFreeAccess>unknown</acsb:LiftFreeAccess>
                                    <!--Optional:-->
                                    <acsb:AudibleSignalsAvailable>false</acsb:AudibleSignalsAvailable>
                                    <!--Optional:-->
                                    <acsb:VisualSignsAvailable>unknown</acsb:VisualSignsAvailable>
                                    <!--Optional:-->
                                    <ifop:Extensions>
                                       temperat
                                       <!--You may enter ANY elements at this point-->
                                       per
                                    </ifop:Extensions>
                                 </acsb:AccessibilityLimitation>
                              </acsb:Limitations>
                              <!--Optional:-->
                              <acsb:Suitabilities>
                                 <!--1 or more repetitions:-->
                                 <acsb:Suitability>
                                    <acsb:Suitable>?</acsb:Suitable>
                                    <acsb:UserNeed>
                                       <!--You have a CHOICE of the next 4 items at this level-->
                                       <acsb:MobilityNeed>?</acsb:MobilityNeed>
                                       <acsb:PsychosensoryNeed>?</acsb:PsychosensoryNeed>
                                       <acsb:MedicalNeed>?</acsb:MedicalNeed>
                                       <acsb:EncumbranceNeed>?</acsb:EncumbranceNeed>
                                       <!--Optional:-->
                                       <acsb:Excluded>?</acsb:Excluded>
                                       <!--Optional:-->
                                       <acsb:NeedRanking>?</acsb:NeedRanking>
                                       <!--Optional:-->
                                       <acsb:Extensions>?</acsb:Extensions>
                                    </acsb:UserNeed>
                                 </acsb:Suitability>
                              </acsb:Suitabilities>
                              <!--Optional:-->
                              <ifop:Extensions>
                                 turbine
                                 <!--You may enter ANY elements at this point-->
                                 circum
                              </ifop:Extensions>
                           </siri:AccessibilityAssessment>
                           <!--Optional:-->
                           <siri:Extensions>
                              <!--You may enter ANY elements at this point-->
                           </siri:Extensions>
                        </siri:Facility>
                        <siri:FacilityRef>?</siri:FacilityRef>
                        <siri:FacilityStatus>
                           <siri:Status>?</siri:Status>
                           <!--Zero or more repetitions:-->
                           <siri:Description xml:lang="?">?</siri:Description>
                           <!--Optional:-->
                           <siri:AccessibilityAssessment>
                              <acsb:MobilityImpairedAccess>?</acsb:MobilityImpairedAccess>
                              <!--Optional:-->
                              <acsb:Limitations>
                                 <!--1 or more repetitions:-->
                                 <acsb:AccessibilityLimitation>
                                    <!--Optional:-->
                                    <acsb:LimitationId>?</acsb:LimitationId>
                                    <!--Optional:-->
                                    <acsb:ValidityCondition>
                                       <!--Optional:-->
                                       <ifop:FromDateTime>?</ifop:FromDateTime>
                                       <!--Optional:-->
                                       <ifop:ToDateTime>?</ifop:ToDateTime>
                                       <!--Optional:-->
                                       <ifop:DayType>?</ifop:DayType>
                                       <!--Zero or more repetitions:-->
                                       <ifop:Timebands>
                                          <ifop:Timeband>
                                             <ifop:StartTime>?</ifop:StartTime>
                                             <!--Optional:-->
                                             <ifop:EndTime>?</ifop:EndTime>
                                          </ifop:Timeband>
                                       </ifop:Timebands>
                                    </acsb:ValidityCondition>
                                    <acsb:WheelchairAccess>false</acsb:WheelchairAccess>
                                    <!--Optional:-->
                                    <acsb:StepFreeAccess>unknown</acsb:StepFreeAccess>
                                    <!--Optional:-->
                                    <acsb:EscalatorFreeAccess>unknown</acsb:EscalatorFreeAccess>
                                    <!--Optional:-->
                                    <acsb:LiftFreeAccess>unknown</acsb:LiftFreeAccess>
                                    <!--Optional:-->
                                    <acsb:AudibleSignalsAvailable>false</acsb:AudibleSignalsAvailable>
                                    <!--Optional:-->
                                    <acsb:VisualSignsAvailable>unknown</acsb:VisualSignsAvailable>
                                    <!--Optional:-->
                                    <ifop:Extensions>
                                       regemque
                                       <!--You may enter ANY elements at this point-->
                                       nimborum
                                    </ifop:Extensions>
                                 </acsb:AccessibilityLimitation>
                              </acsb:Limitations>
                              <!--Optional:-->
                              <acsb:Suitabilities>
                                 <!--1 or more repetitions:-->
                                 <acsb:Suitability>
                                    <acsb:Suitable>?</acsb:Suitable>
                                    <acsb:UserNeed>
                                       <!--You have a CHOICE of the next 4 items at this level-->
                                       <acsb:MobilityNeed>?</acsb:MobilityNeed>
                                       <acsb:PsychosensoryNeed>?</acsb:PsychosensoryNeed>
                                       <acsb:MedicalNeed>?</acsb:MedicalNeed>
                                       <acsb:EncumbranceNeed>?</acsb:EncumbranceNeed>
                                       <!--Optional:-->
                                       <acsb:Excluded>?</acsb:Excluded>
                                       <!--Optional:-->
                                       <acsb:NeedRanking>?</acsb:NeedRanking>
                                       <!--Optional:-->
                                       <acsb:Extensions>?</acsb:Extensions>
                                    </acsb:UserNeed>
                                 </acsb:Suitability>
                              </acsb:Suitabilities>
                              <!--Optional:-->
                              <ifop:Extensions>
                                 fremunt
                                 <!--You may enter ANY elements at this point-->
                                 foedere
                              </ifop:Extensions>
                           </siri:AccessibilityAssessment>
                           <!--Optional:-->
                           <siri:Extensions>
                              <!--You may enter ANY elements at this point-->
                           </siri:Extensions>
                        </siri:FacilityStatus>
                        <!--Optional:-->
                        <siri:SituationRef>
                           <!--Optional:-->
                           <siri:SituationSimpleRef>?</siri:SituationSimpleRef>
                           <!--Optional:-->
                           <siri:SituationFullRef>
                              <!--Optional:-->
                              <siri:VersionCountryRef>?</siri:VersionCountryRef>
                              <siri:ParticipantRef>?</siri:ParticipantRef>
                              <siri:SituationNumber>?</siri:SituationNumber>
                              <!--Optional:-->
                              <siri:UpdateCountryRef>?</siri:UpdateCountryRef>
                              <!--Optional:-->
                              <siri:UpdateParticipantRef>?</siri:UpdateParticipantRef>
                              <!--Optional:-->
                              <siri:Version>?</siri:Version>
                           </siri:SituationFullRef>
                        </siri:SituationRef>
                        <!--Optional:-->
                        <siri:Remedy>
                           <!--Optional:-->
                           <siri:RemedyType>?</siri:RemedyType>
                           <!--Zero or more repetitions:-->
                           <siri:Description xml:lang="?">?</siri:Description>
                           <!--Optional:-->
                           <siri:Extensions>
                              <!--You may enter ANY elements at this point-->
                           </siri:Extensions>
                        </siri:Remedy>
                        <!--Optional:-->
                        <siri:MonitoringInfo>
                           <!--Optional:-->
                           <siri:MonitoringInterval>?</siri:MonitoringInterval>
                           <!--Optional:-->
                           <siri:MonitoringType>?</siri:MonitoringType>
                           <!--Optional:-->
                           <siri:MonitoringPeriod>
                              <!--Zero or more repetitions:-->
                              <siri:Period>
                                 <siri:StartTime>?</siri:StartTime>
                                 <!--Optional:-->
                                 <siri:EndTime>?</siri:EndTime>
                              </siri:Period>
                              <!--Zero or more repetitions:-->
                              <siri:Timeband>
                                 <siri:StartTime>?</siri:StartTime>
                                 <!--Optional:-->
                                 <siri:EndTime>?</siri:EndTime>
                              </siri:Timeband>
                              <!--Zero or more repetitions:-->
                              <siri:DayType>?</siri:DayType>
                              <!--Zero or more repetitions:-->
                              <siri:HolidayType>?</siri:HolidayType>
                           </siri:MonitoringPeriod>
                           <!--Optional:-->
                           <siri:Extensions>
                              <!--You may enter ANY elements at this point-->
                           </siri:Extensions>
                        </siri:MonitoringInfo>
                        <!--Optional:-->
                        <siri:ValidityPeriod>
                           <siri:StartTime>?</siri:StartTime>
                           <!--Optional:-->
                           <siri:EndTime>?</siri:EndTime>
                        </siri:ValidityPeriod>
                        <!--Optional:-->
                        <siri:Extensions>
                           <!--You may enter ANY elements at this point-->
                        </siri:Extensions>
                     </siri:FacilityConditionElement>
                     <!--Optional:-->
                     <siri:FacilityChangeElement>
                        <!--Optional:-->
                        <siri:EquipmentAvailability>
                           <!--Optional:-->
                           <siri:EquipmentRef>?</siri:EquipmentRef>
                           <!--Zero or more repetitions:-->
                           <siri:Description xml:lang="?">?</siri:Description>
                           <!--Optional:-->
                           <siri:EquipmentTypeRef>?</siri:EquipmentTypeRef>
                           <!--Optional:-->
                           <siri:ValidityPeriod>
                              <siri:StartTime>?</siri:StartTime>
                              <!--Optional:-->
                              <siri:EndTime>?</siri:EndTime>
                           </siri:ValidityPeriod>
                           <siri:EquipmentStatus>notAvailable</siri:EquipmentStatus>
                           <!--Optional:-->
                           <siri:EquipmentFeatures>
                              <!--1 or more repetitions:-->
                              <siri:FeatureRef>?</siri:FeatureRef>
                           </siri:EquipmentFeatures>
                           <!--Optional:-->
                           <siri:Extensions>
                              <!--You may enter ANY elements at this point-->
                           </siri:Extensions>
                        </siri:EquipmentAvailability>
                        <!--Optional:-->
                        <siri:SituationRef>
                           <!--Optional:-->
                           <siri:SituationSimpleRef>?</siri:SituationSimpleRef>
                           <!--Optional:-->
                           <siri:SituationFullRef>
                              <!--Optional:-->
                              <siri:VersionCountryRef>?</siri:VersionCountryRef>
                              <siri:ParticipantRef>?</siri:ParticipantRef>
                              <siri:SituationNumber>?</siri:SituationNumber>
                              <!--Optional:-->
                              <siri:UpdateCountryRef>?</siri:UpdateCountryRef>
                              <!--Optional:-->
                              <siri:UpdateParticipantRef>?</siri:UpdateParticipantRef>
                              <!--Optional:-->
                              <siri:Version>?</siri:Version>
                           </siri:SituationFullRef>
                        </siri:SituationRef>
                        <!--Optional:-->
                        <siri:MobilityDisruption>
                           <siri:MobilityImpairedAccess>?</siri:MobilityImpairedAccess>
                           <!--Zero or more repetitions:-->
                           <siri:AccessFacility>unknown</siri:AccessFacility>
                        </siri:MobilityDisruption>
                     </siri:FacilityChangeElement>
                     <!--Zero or more repetitions:-->
                     <siri:SituationRef>
                        <!--Optional:-->
                        <siri:SituationSimpleRef>?</siri:SituationSimpleRef>
                        <!--Optional:-->
                        <siri:SituationFullRef>
                           <!--Optional:-->
                           <siri:VersionCountryRef>?</siri:VersionCountryRef>
                           <siri:ParticipantRef>?</siri:ParticipantRef>
                           <siri:SituationNumber>?</siri:SituationNumber>
                           <!--Optional:-->
                           <siri:UpdateCountryRef>?</siri:UpdateCountryRef>
                           <!--Optional:-->
                           <siri:UpdateParticipantRef>?</siri:UpdateParticipantRef>
                           <!--Optional:-->
                           <siri:Version>?</siri:Version>
                        </siri:SituationFullRef>
                     </siri:SituationRef>
                     <!--Optional:-->
                     <siri:BlockRef>?</siri:BlockRef>
                     <!--Optional:-->
                     <siri:CourseOfJourneyRef>?</siri:CourseOfJourneyRef>
                     <!--Optional:-->
                     <siri:VehicleJourneyRef>?</siri:VehicleJourneyRef>
                     <!--Optional:-->
                     <siri:VehicleRef>?</siri:VehicleRef>
                     <!--Zero or more repetitions:-->
                     <siri:AdditionalVehicleJourneyRef>
                        <siri:DataFrameRef>?</siri:DataFrameRef>
                        <siri:DatedVehicleJourneyRef>?</siri:DatedVehicleJourneyRef>
                     </siri:AdditionalVehicleJourneyRef>
                     <!--Optional:-->
                     <siri:DriverRef>?</siri:DriverRef>
                     <!--Optional:-->
                     <siri:DriverName>?</siri:DriverName>
                     <!--Optional:-->
                     <siri:Monitored>?</siri:Monitored>
                     <!--Optional:-->
                     <siri:AimedDepartureTime>?</siri:AimedDepartureTime>
                     <!--Optional:-->
                     <siri:Extensions>
                        <!--You may enter ANY elements at this point-->
                     </siri:Extensions>
                  </siri:DistributorJourney>
                  <!--Zero or more repetitions:-->
                  <siri:FeederVehicleJourneyRef>
                     <siri:DataFrameRef>?</siri:DataFrameRef>
                     <siri:DatedVehicleJourneyRef>?</siri:DatedVehicleJourneyRef>
                  </siri:FeederVehicleJourneyRef>
                  <!--Optional:-->
                  <siri:ExpectedDepartureTime>?</siri:ExpectedDepartureTime>
                  <!--Optional:-->
                  <siri:Extensions>
                     <!--You may enter ANY elements at this point-->
                  </siri:Extensions>
               </siri:WaitProlongedDeparture>
               <!--Zero or more repetitions:-->
               <siri:StoppingPositionChangedDeparture>
                  <siri:RecordedAtTime>?</siri:RecordedAtTime>
                  <!--Optional:-->
                  <siri:InterchangeRef>?</siri:InterchangeRef>
                  <siri:ConnectionLinkRef>?</siri:ConnectionLinkRef>
                  <!--Optional:-->
                  <siri:StopPointRef>?</siri:StopPointRef>
                  <!--Optional:-->
                  <siri:DistributorVisitNumber>?</siri:DistributorVisitNumber>
                  <!--Optional:-->
                  <siri:DistributorOrder>?</siri:DistributorOrder>
                  <siri:DistributorJourney>
                     <siri:LineRef>?</siri:LineRef>
                     <siri:DirectionRef>?</siri:DirectionRef>
                     <!--Optional:-->
                     <siri:FramedVehicleJourneyRef>
                        <siri:DataFrameRef>?</siri:DataFrameRef>
                        <siri:DatedVehicleJourneyRef>?</siri:DatedVehicleJourneyRef>
                     </siri:FramedVehicleJourneyRef>
                     <!--Optional:-->
                     <siri:JourneyPatternRef>?</siri:JourneyPatternRef>
                     <!--Optional:-->
                     <siri:JourneyPatternName xml:lang="?">?</siri:JourneyPatternName>
                     <!--Zero or more repetitions:-->
                     <siri:VehicleMode>?</siri:VehicleMode>
                     <!--Optional:-->
                     <siri:RouteRef>?</siri:RouteRef>
                     <!--Zero or more repetitions:-->
                     <siri:PublishedLineName xml:lang="?">?</siri:PublishedLineName>
                     <!--Optional:-->
                     <siri:GroupOfLinesRef>?</siri:GroupOfLinesRef>
                     <!--Zero or more repetitions:-->
                     <siri:DirectionName xml:lang="?">?</siri:DirectionName>
                     <!--Optional:-->
                     <siri:ExternalLineRef>?</siri:ExternalLineRef>
                     <!--Optional:-->
                     <siri:OperatorRef>?</siri:OperatorRef>
                     <!--Optional:-->
                     <siri:ProductCategoryRef>?</siri:ProductCategoryRef>
                     <!--Zero or more repetitions:-->
                     <siri:ServiceFeatureRef>?</siri:ServiceFeatureRef>
                     <!--Zero or more repetitions:-->
                     <siri:VehicleFeatureRef>?</siri:VehicleFeatureRef>
                     <!--Optional:-->
                     <siri:OriginRef>?</siri:OriginRef>
                     <!--Zero or more repetitions:-->
                     <siri:OriginName xml:lang="?">?</siri:OriginName>
                     <!--Zero or more repetitions:-->
                     <siri:OriginShortName xml:lang="?">?</siri:OriginShortName>
                     <!--Zero or more repetitions:-->
                     <siri:DestinationDisplayAtOrigin xml:lang="?">?</siri:DestinationDisplayAtOrigin>
                     <!--Zero or more repetitions:-->
                     <siri:Via>
                        <!--Optional:-->
                        <siri:PlaceRef>?</siri:PlaceRef>
                        <!--Zero or more repetitions:-->
                        <siri:PlaceName xml:lang="?">?</siri:PlaceName>
                        <!--Zero or more repetitions:-->
                        <siri:PlaceShortName xml:lang="?">?</siri:PlaceShortName>
                        <!--Optional:-->
                        <siri:ViaPriority>2</siri:ViaPriority>
                     </siri:Via>
                     <!--Optional:-->
                     <siri:DestinationRef>?</siri:DestinationRef>
                     <!--Zero or more repetitions:-->
                     <siri:DestinationName xml:lang="?">?</siri:DestinationName>
                     <!--Zero or more repetitions:-->
                     <siri:DestinationShortName xml:lang="?">?</siri:DestinationShortName>
                     <!--Zero or more repetitions:-->
                     <siri:VehicleJourneyName xml:lang="?">?</siri:VehicleJourneyName>
                     <!--Zero or more repetitions:-->
                     <siri:JourneyNote xml:lang="?">?</siri:JourneyNote>
                     <!--Optional:-->
                     <siri:PublicContact>
                        <!--Optional:-->
                        <siri:PhoneNumber>?</siri:PhoneNumber>
                        <!--Optional:-->
                        <siri:Url>?</siri:Url>
                     </siri:PublicContact>
                     <!--Optional:-->
                     <siri:OperationsContact>
                        <!--Optional:-->
                        <siri:PhoneNumber>?</siri:PhoneNumber>
                        <!--Optional:-->
                        <siri:Url>?</siri:Url>
                     </siri:OperationsContact>
                     <!--Optional:-->
                     <siri:HeadwayService>false</siri:HeadwayService>
                     <!--Optional:-->
                     <siri:OriginAimedDepartureTime>?</siri:OriginAimedDepartureTime>
                     <!--Optional:-->
                     <siri:DestinationAimedArrivalTime>?</siri:DestinationAimedArrivalTime>
                     <!--Optional:-->
                     <siri:FirstOrLastJourney>unspecified</siri:FirstOrLastJourney>
                     <!--Zero or more repetitions:-->
                     <siri:FacilityConditionElement>
                        <!--You have a CHOICE of the next 2 items at this level-->
                        <siri:Facility>
                           <!--Optional:-->
                           <siri:FacilityCode>?</siri:FacilityCode>
                           <!--Zero or more repetitions:-->
                           <siri:Description xml:lang="?">?</siri:Description>
                           <!--Zero or more repetitions:-->
                           <siri:FacilityClass>?</siri:FacilityClass>
                           <!--Optional:-->
                           <siri:Features>
                              <!--1 or more repetitions:-->
                              <siri:Feature>
                                 <!--You have a CHOICE of the next 16 items at this level-->
                                 <siri:AccessFacility>unknown</siri:AccessFacility>
                                 <siri:AccommodationFacility>unknown</siri:AccommodationFacility>
                                 <siri:AssistanceFacility>unknown</siri:AssistanceFacility>
                                 <siri:FareClassFacility>unknown</siri:FareClassFacility>
                                 <siri:HireFacility>unknown</siri:HireFacility>
                                 <siri:LuggageFacility>unknown</siri:LuggageFacility>
                                 <siri:MobilityFacility>unknown</siri:MobilityFacility>
                                 <siri:NuisanceFacility>unknown</siri:NuisanceFacility>
                                 <siri:ParkingFacility>?</siri:ParkingFacility>
                                 <siri:PassengerCommsFacility>unknown</siri:PassengerCommsFacility>
                                 <siri:PassengerInformationFacility>unknown</siri:PassengerInformationFacility>
                                 <siri:RefreshmentFacility>unknown</siri:RefreshmentFacility>
                                 <siri:ReservedSpaceFacility>unknown</siri:ReservedSpaceFacility>
                                 <siri:RetailFacility>unknown</siri:RetailFacility>
                                 <siri:SanitaryFacility>unknown</siri:SanitaryFacility>
                                 <siri:TicketingFacility>unknown</siri:TicketingFacility>
                              </siri:Feature>
                           </siri:Features>
                           <!--Optional:-->
                           <siri:OwnerRef>?</siri:OwnerRef>
                           <!--Optional:-->
                           <siri:OwnerName xml:lang="?">?</siri:OwnerName>
                           <!--Optional:-->
                           <siri:ValidityCondition>
                              <!--Zero or more repetitions:-->
                              <siri:Period>
                                 <siri:StartTime>?</siri:StartTime>
                                 <!--Optional:-->
                                 <siri:EndTime>?</siri:EndTime>
                              </siri:Period>
                              <!--Zero or more repetitions:-->
                              <siri:Timeband>
                                 <siri:StartTime>?</siri:StartTime>
                                 <!--Optional:-->
                                 <siri:EndTime>?</siri:EndTime>
                              </siri:Timeband>
                              <!--Zero or more repetitions:-->
                              <siri:DayType>?</siri:DayType>
                              <!--Zero or more repetitions:-->
                              <siri:HolidayType>?</siri:HolidayType>
                           </siri:ValidityCondition>
                           <!--Optional:-->
                           <siri:FacilityLocation>
                              <!--Optional:-->
                              <siri:LineRef>?</siri:LineRef>
                              <!--Optional:-->
                              <siri:StopPointRef>?</siri:StopPointRef>
                              <!--Optional:-->
                              <siri:VehicleRef>?</siri:VehicleRef>
                              <!--Optional:-->
                              <siri:DatedVehicleJourneyRef>?</siri:DatedVehicleJourneyRef>
                              <!--Optional:-->
                              <siri:ConnectionLinkRef>?</siri:ConnectionLinkRef>
                              <!--Optional:-->
                              <siri:InterchangeRef>?</siri:InterchangeRef>
                              <!--Optional:-->
                              <siri:StopPlaceRef>?</siri:StopPlaceRef>
                              <!--Optional:-->
                              <siri:StopPlaceComponentId>?</siri:StopPlaceComponentId>
                              <!--Optional:-->
                              <siri:OperatorRef>?</siri:OperatorRef>
                              <!--Optional:-->
                              <siri:ProductCategoryRef>?</siri:ProductCategoryRef>
                              <!--Zero or more repetitions:-->
                              <siri:ServiceFeatureRef>?</siri:ServiceFeatureRef>
                              <!--Zero or more repetitions:-->
                              <siri:VehicleFeatureRef>?</siri:VehicleFeatureRef>
                           </siri:FacilityLocation>
                           <!--Optional:-->
                           <siri:Limitations>
                              <acsb:WheelchairAccess>false</acsb:WheelchairAccess>
                              <!--Optional:-->
                              <acsb:StepFreeAccess>unknown</acsb:StepFreeAccess>
                              <!--Optional:-->
                              <acsb:EscalatorFreeAccess>unknown</acsb:EscalatorFreeAccess>
                              <!--Optional:-->
                              <acsb:LiftFreeAccess>unknown</acsb:LiftFreeAccess>
                              <!--Optional:-->
                              <acsb:AudibleSignalsAvailable>false</acsb:AudibleSignalsAvailable>
                              <!--Optional:-->
                              <acsb:VisualSignsAvailable>unknown</acsb:VisualSignsAvailable>
                           </siri:Limitations>
                           <!--Optional:-->
                           <siri:Suitabilities>
                              <!--1 or more repetitions:-->
                              <siri:Suitability>
                                 <acsb:Suitable>?</acsb:Suitable>
                                 <acsb:UserNeed>
                                    <!--You have a CHOICE of the next 4 items at this level-->
                                    <acsb:MobilityNeed>?</acsb:MobilityNeed>
                                    <acsb:PsychosensoryNeed>?</acsb:PsychosensoryNeed>
                                    <acsb:MedicalNeed>?</acsb:MedicalNeed>
                                    <acsb:EncumbranceNeed>?</acsb:EncumbranceNeed>
                                    <!--Optional:-->
                                    <acsb:Excluded>?</acsb:Excluded>
                                    <!--Optional:-->
                                    <acsb:NeedRanking>?</acsb:NeedRanking>
                                    <!--Optional:-->
                                    <acsb:Extensions>?</acsb:Extensions>
                                 </acsb:UserNeed>
                              </siri:Suitability>
                           </siri:Suitabilities>
                           <!--Optional:-->
                           <siri:AccessibilityAssessment>
                              <acsb:MobilityImpairedAccess>?</acsb:MobilityImpairedAccess>
                              <!--Optional:-->
                              <acsb:Limitations>
                                 <!--1 or more repetitions:-->
                                 <acsb:AccessibilityLimitation>
                                    <!--Optional:-->
                                    <acsb:LimitationId>?</acsb:LimitationId>
                                    <!--Optional:-->
                                    <acsb:ValidityCondition>
                                       <!--Optional:-->
                                       <ifop:FromDateTime>?</ifop:FromDateTime>
                                       <!--Optional:-->
                                       <ifop:ToDateTime>?</ifop:ToDateTime>
                                       <!--Optional:-->
                                       <ifop:DayType>?</ifop:DayType>
                                       <!--Zero or more repetitions:-->
                                       <ifop:Timebands>
                                          <ifop:Timeband>
                                             <ifop:StartTime>?</ifop:StartTime>
                                             <!--Optional:-->
                                             <ifop:EndTime>?</ifop:EndTime>
                                          </ifop:Timeband>
                                       </ifop:Timebands>
                                    </acsb:ValidityCondition>
                                    <acsb:WheelchairAccess>false</acsb:WheelchairAccess>
                                    <!--Optional:-->
                                    <acsb:StepFreeAccess>unknown</acsb:StepFreeAccess>
                                    <!--Optional:-->
                                    <acsb:EscalatorFreeAccess>unknown</acsb:EscalatorFreeAccess>
                                    <!--Optional:-->
                                    <acsb:LiftFreeAccess>unknown</acsb:LiftFreeAccess>
                                    <!--Optional:-->
                                    <acsb:AudibleSignalsAvailable>false</acsb:AudibleSignalsAvailable>
                                    <!--Optional:-->
                                    <acsb:VisualSignsAvailable>unknown</acsb:VisualSignsAvailable>
                                    <!--Optional:-->
                                    <ifop:Extensions>
                                       ferant
                                       <!--You may enter ANY elements at this point-->
                                       profundum
                                    </ifop:Extensions>
                                 </acsb:AccessibilityLimitation>
                              </acsb:Limitations>
                              <!--Optional:-->
                              <acsb:Suitabilities>
                                 <!--1 or more repetitions:-->
                                 <acsb:Suitability>
                                    <acsb:Suitable>?</acsb:Suitable>
                                    <acsb:UserNeed>
                                       <!--You have a CHOICE of the next 4 items at this level-->
                                       <acsb:MobilityNeed>?</acsb:MobilityNeed>
                                       <acsb:PsychosensoryNeed>?</acsb:PsychosensoryNeed>
                                       <acsb:MedicalNeed>?</acsb:MedicalNeed>
                                       <acsb:EncumbranceNeed>?</acsb:EncumbranceNeed>
                                       <!--Optional:-->
                                       <acsb:Excluded>?</acsb:Excluded>
                                       <!--Optional:-->
                                       <acsb:NeedRanking>?</acsb:NeedRanking>
                                       <!--Optional:-->
                                       <acsb:Extensions>?</acsb:Extensions>
                                    </acsb:UserNeed>
                                 </acsb:Suitability>
                              </acsb:Suitabilities>
                              <!--Optional:-->
                              <ifop:Extensions>
                                 sceptra
                                 <!--You may enter ANY elements at this point-->
                                 et
                              </ifop:Extensions>
                           </siri:AccessibilityAssessment>
                           <!--Optional:-->
                           <siri:Extensions>
                              <!--You may enter ANY elements at this point-->
                           </siri:Extensions>
                        </siri:Facility>
                        <siri:FacilityRef>?</siri:FacilityRef>
                        <siri:FacilityStatus>
                           <siri:Status>?</siri:Status>
                           <!--Zero or more repetitions:-->
                           <siri:Description xml:lang="?">?</siri:Description>
                           <!--Optional:-->
                           <siri:AccessibilityAssessment>
                              <acsb:MobilityImpairedAccess>?</acsb:MobilityImpairedAccess>
                              <!--Optional:-->
                              <acsb:Limitations>
                                 <!--1 or more repetitions:-->
                                 <acsb:AccessibilityLimitation>
                                    <!--Optional:-->
                                    <acsb:LimitationId>?</acsb:LimitationId>
                                    <!--Optional:-->
                                    <acsb:ValidityCondition>
                                       <!--Optional:-->
                                       <ifop:FromDateTime>?</ifop:FromDateTime>
                                       <!--Optional:-->
                                       <ifop:ToDateTime>?</ifop:ToDateTime>
                                       <!--Optional:-->
                                       <ifop:DayType>?</ifop:DayType>
                                       <!--Zero or more repetitions:-->
                                       <ifop:Timebands>
                                          <ifop:Timeband>
                                             <ifop:StartTime>?</ifop:StartTime>
                                             <!--Optional:-->
                                             <ifop:EndTime>?</ifop:EndTime>
                                          </ifop:Timeband>
                                       </ifop:Timebands>
                                    </acsb:ValidityCondition>
                                    <acsb:WheelchairAccess>false</acsb:WheelchairAccess>
                                    <!--Optional:-->
                                    <acsb:StepFreeAccess>unknown</acsb:StepFreeAccess>
                                    <!--Optional:-->
                                    <acsb:EscalatorFreeAccess>unknown</acsb:EscalatorFreeAccess>
                                    <!--Optional:-->
                                    <acsb:LiftFreeAccess>unknown</acsb:LiftFreeAccess>
                                    <!--Optional:-->
                                    <acsb:AudibleSignalsAvailable>false</acsb:AudibleSignalsAvailable>
                                    <!--Optional:-->
                                    <acsb:VisualSignsAvailable>unknown</acsb:VisualSignsAvailable>
                                    <!--Optional:-->
                                    <ifop:Extensions>
                                       turbine
                                       <!--You may enter ANY elements at this point-->
                                       iovis
                                    </ifop:Extensions>
                                 </acsb:AccessibilityLimitation>
                              </acsb:Limitations>
                              <!--Optional:-->
                              <acsb:Suitabilities>
                                 <!--1 or more repetitions:-->
                                 <acsb:Suitability>
                                    <acsb:Suitable>?</acsb:Suitable>
                                    <acsb:UserNeed>
                                       <!--You have a CHOICE of the next 4 items at this level-->
                                       <acsb:MobilityNeed>?</acsb:MobilityNeed>
                                       <acsb:PsychosensoryNeed>?</acsb:PsychosensoryNeed>
                                       <acsb:MedicalNeed>?</acsb:MedicalNeed>
                                       <acsb:EncumbranceNeed>?</acsb:EncumbranceNeed>
                                       <!--Optional:-->
                                       <acsb:Excluded>?</acsb:Excluded>
                                       <!--Optional:-->
                                       <acsb:NeedRanking>?</acsb:NeedRanking>
                                       <!--Optional:-->
                                       <acsb:Extensions>?</acsb:Extensions>
                                    </acsb:UserNeed>
                                 </acsb:Suitability>
                              </acsb:Suitabilities>
                              <!--Optional:-->
                              <ifop:Extensions>
                                 flammato
                                 <!--You may enter ANY elements at this point-->
                                 speluncis
                              </ifop:Extensions>
                           </siri:AccessibilityAssessment>
                           <!--Optional:-->
                           <siri:Extensions>
                              <!--You may enter ANY elements at this point-->
                           </siri:Extensions>
                        </siri:FacilityStatus>
                        <!--Optional:-->
                        <siri:SituationRef>
                           <!--Optional:-->
                           <siri:SituationSimpleRef>?</siri:SituationSimpleRef>
                           <!--Optional:-->
                           <siri:SituationFullRef>
                              <!--Optional:-->
                              <siri:VersionCountryRef>?</siri:VersionCountryRef>
                              <siri:ParticipantRef>?</siri:ParticipantRef>
                              <siri:SituationNumber>?</siri:SituationNumber>
                              <!--Optional:-->
                              <siri:UpdateCountryRef>?</siri:UpdateCountryRef>
                              <!--Optional:-->
                              <siri:UpdateParticipantRef>?</siri:UpdateParticipantRef>
                              <!--Optional:-->
                              <siri:Version>?</siri:Version>
                           </siri:SituationFullRef>
                        </siri:SituationRef>
                        <!--Optional:-->
                        <siri:Remedy>
                           <!--Optional:-->
                           <siri:RemedyType>?</siri:RemedyType>
                           <!--Zero or more repetitions:-->
                           <siri:Description xml:lang="?">?</siri:Description>
                           <!--Optional:-->
                           <siri:Extensions>
                              <!--You may enter ANY elements at this point-->
                           </siri:Extensions>
                        </siri:Remedy>
                        <!--Optional:-->
                        <siri:MonitoringInfo>
                           <!--Optional:-->
                           <siri:MonitoringInterval>?</siri:MonitoringInterval>
                           <!--Optional:-->
                           <siri:MonitoringType>?</siri:MonitoringType>
                           <!--Optional:-->
                           <siri:MonitoringPeriod>
                              <!--Zero or more repetitions:-->
                              <siri:Period>
                                 <siri:StartTime>?</siri:StartTime>
                                 <!--Optional:-->
                                 <siri:EndTime>?</siri:EndTime>
                              </siri:Period>
                              <!--Zero or more repetitions:-->
                              <siri:Timeband>
                                 <siri:StartTime>?</siri:StartTime>
                                 <!--Optional:-->
                                 <siri:EndTime>?</siri:EndTime>
                              </siri:Timeband>
                              <!--Zero or more repetitions:-->
                              <siri:DayType>?</siri:DayType>
                              <!--Zero or more repetitions:-->
                              <siri:HolidayType>?</siri:HolidayType>
                           </siri:MonitoringPeriod>
                           <!--Optional:-->
                           <siri:Extensions>
                              <!--You may enter ANY elements at this point-->
                           </siri:Extensions>
                        </siri:MonitoringInfo>
                        <!--Optional:-->
                        <siri:ValidityPeriod>
                           <siri:StartTime>?</siri:StartTime>
                           <!--Optional:-->
                           <siri:EndTime>?</siri:EndTime>
                        </siri:ValidityPeriod>
                        <!--Optional:-->
                        <siri:Extensions>
                           <!--You may enter ANY elements at this point-->
                        </siri:Extensions>
                     </siri:FacilityConditionElement>
                     <!--Optional:-->
                     <siri:FacilityChangeElement>
                        <!--Optional:-->
                        <siri:EquipmentAvailability>
                           <!--Optional:-->
                           <siri:EquipmentRef>?</siri:EquipmentRef>
                           <!--Zero or more repetitions:-->
                           <siri:Description xml:lang="?">?</siri:Description>
                           <!--Optional:-->
                           <siri:EquipmentTypeRef>?</siri:EquipmentTypeRef>
                           <!--Optional:-->
                           <siri:ValidityPeriod>
                              <siri:StartTime>?</siri:StartTime>
                              <!--Optional:-->
                              <siri:EndTime>?</siri:EndTime>
                           </siri:ValidityPeriod>
                           <siri:EquipmentStatus>notAvailable</siri:EquipmentStatus>
                           <!--Optional:-->
                           <siri:EquipmentFeatures>
                              <!--1 or more repetitions:-->
                              <siri:FeatureRef>?</siri:FeatureRef>
                           </siri:EquipmentFeatures>
                           <!--Optional:-->
                           <siri:Extensions>
                              <!--You may enter ANY elements at this point-->
                           </siri:Extensions>
                        </siri:EquipmentAvailability>
                        <!--Optional:-->
                        <siri:SituationRef>
                           <!--Optional:-->
                           <siri:SituationSimpleRef>?</siri:SituationSimpleRef>
                           <!--Optional:-->
                           <siri:SituationFullRef>
                              <!--Optional:-->
                              <siri:VersionCountryRef>?</siri:VersionCountryRef>
                              <siri:ParticipantRef>?</siri:ParticipantRef>
                              <siri:SituationNumber>?</siri:SituationNumber>
                              <!--Optional:-->
                              <siri:UpdateCountryRef>?</siri:UpdateCountryRef>
                              <!--Optional:-->
                              <siri:UpdateParticipantRef>?</siri:UpdateParticipantRef>
                              <!--Optional:-->
                              <siri:Version>?</siri:Version>
                           </siri:SituationFullRef>
                        </siri:SituationRef>
                        <!--Optional:-->
                        <siri:MobilityDisruption>
                           <siri:MobilityImpairedAccess>?</siri:MobilityImpairedAccess>
                           <!--Zero or more repetitions:-->
                           <siri:AccessFacility>unknown</siri:AccessFacility>
                        </siri:MobilityDisruption>
                     </siri:FacilityChangeElement>
                     <!--Zero or more repetitions:-->
                     <siri:SituationRef>
                        <!--Optional:-->
                        <siri:SituationSimpleRef>?</siri:SituationSimpleRef>
                        <!--Optional:-->
                        <siri:SituationFullRef>
                           <!--Optional:-->
                           <siri:VersionCountryRef>?</siri:VersionCountryRef>
                           <siri:ParticipantRef>?</siri:ParticipantRef>
                           <siri:SituationNumber>?</siri:SituationNumber>
                           <!--Optional:-->
                           <siri:UpdateCountryRef>?</siri:UpdateCountryRef>
                           <!--Optional:-->
                           <siri:UpdateParticipantRef>?</siri:UpdateParticipantRef>
                           <!--Optional:-->
                           <siri:Version>?</siri:Version>
                        </siri:SituationFullRef>
                     </siri:SituationRef>
                     <!--Optional:-->
                     <siri:BlockRef>?</siri:BlockRef>
                     <!--Optional:-->
                     <siri:CourseOfJourneyRef>?</siri:CourseOfJourneyRef>
                     <!--Optional:-->
                     <siri:VehicleJourneyRef>?</siri:VehicleJourneyRef>
                     <!--Optional:-->
                     <siri:VehicleRef>?</siri:VehicleRef>
                     <!--Zero or more repetitions:-->
                     <siri:AdditionalVehicleJourneyRef>
                        <siri:DataFrameRef>?</siri:DataFrameRef>
                        <siri:DatedVehicleJourneyRef>?</siri:DatedVehicleJourneyRef>
                     </siri:AdditionalVehicleJourneyRef>
                     <!--Optional:-->
                     <siri:DriverRef>?</siri:DriverRef>
                     <!--Optional:-->
                     <siri:DriverName>?</siri:DriverName>
                     <!--Optional:-->
                     <siri:Monitored>?</siri:Monitored>
                     <!--Optional:-->
                     <siri:AimedDepartureTime>?</siri:AimedDepartureTime>
                     <!--Optional:-->
                     <siri:Extensions>
                        <!--You may enter ANY elements at this point-->
                     </siri:Extensions>
                  </siri:DistributorJourney>
                  <!--Zero or more repetitions:-->
                  <siri:FeederVehicleJourneyRef>
                     <siri:DataFrameRef>?</siri:DataFrameRef>
                     <siri:DatedVehicleJourneyRef>?</siri:DatedVehicleJourneyRef>
                  </siri:FeederVehicleJourneyRef>
                  <!--Zero or more repetitions:-->
                  <siri:ChangeNote xml:lang="?">?</siri:ChangeNote>
                  <!--Optional:-->
                  <siri:NewLocation id="?" srsName="?">
                     <!--You have a CHOICE of the next 2 items at this level-->
                     <siri:Longitude>?</siri:Longitude>
                     <siri:Latitude>?</siri:Latitude>
                     <siri:Coordinates>?</siri:Coordinates>
                     <!--Optional:-->
                     <siri:Precision>?</siri:Precision>
                  </siri:NewLocation>
                  <!--Optional:-->
                  <siri:Extensions>
                     <!--You may enter ANY elements at this point-->
                  </siri:Extensions>
               </siri:StoppingPositionChangedDeparture>
               <!--Zero or more repetitions:-->
               <siri:DistributorDepartureCancellation>
                  <siri:RecordedAtTime>?</siri:RecordedAtTime>
                  <!--Optional:-->
                  <siri:InterchangeRef>?</siri:InterchangeRef>
                  <siri:ConnectionLinkRef>?</siri:ConnectionLinkRef>
                  <!--Optional:-->
                  <siri:StopPointRef>?</siri:StopPointRef>
                  <!--Optional:-->
                  <siri:DistributorVisitNumber>?</siri:DistributorVisitNumber>
                  <!--Optional:-->
                  <siri:DistributorOrder>?</siri:DistributorOrder>
                  <siri:DistributorJourney>
                     <siri:LineRef>?</siri:LineRef>
                     <siri:DirectionRef>?</siri:DirectionRef>
                     <!--Optional:-->
                     <siri:FramedVehicleJourneyRef>
                        <siri:DataFrameRef>?</siri:DataFrameRef>
                        <siri:DatedVehicleJourneyRef>?</siri:DatedVehicleJourneyRef>
                     </siri:FramedVehicleJourneyRef>
                     <!--Optional:-->
                     <siri:JourneyPatternRef>?</siri:JourneyPatternRef>
                     <!--Optional:-->
                     <siri:JourneyPatternName xml:lang="?">?</siri:JourneyPatternName>
                     <!--Zero or more repetitions:-->
                     <siri:VehicleMode>?</siri:VehicleMode>
                     <!--Optional:-->
                     <siri:RouteRef>?</siri:RouteRef>
                     <!--Zero or more repetitions:-->
                     <siri:PublishedLineName xml:lang="?">?</siri:PublishedLineName>
                     <!--Optional:-->
                     <siri:GroupOfLinesRef>?</siri:GroupOfLinesRef>
                     <!--Zero or more repetitions:-->
                     <siri:DirectionName xml:lang="?">?</siri:DirectionName>
                     <!--Optional:-->
                     <siri:ExternalLineRef>?</siri:ExternalLineRef>
                     <!--Optional:-->
                     <siri:OperatorRef>?</siri:OperatorRef>
                     <!--Optional:-->
                     <siri:ProductCategoryRef>?</siri:ProductCategoryRef>
                     <!--Zero or more repetitions:-->
                     <siri:ServiceFeatureRef>?</siri:ServiceFeatureRef>
                     <!--Zero or more repetitions:-->
                     <siri:VehicleFeatureRef>?</siri:VehicleFeatureRef>
                     <!--Optional:-->
                     <siri:OriginRef>?</siri:OriginRef>
                     <!--Zero or more repetitions:-->
                     <siri:OriginName xml:lang="?">?</siri:OriginName>
                     <!--Zero or more repetitions:-->
                     <siri:OriginShortName xml:lang="?">?</siri:OriginShortName>
                     <!--Zero or more repetitions:-->
                     <siri:DestinationDisplayAtOrigin xml:lang="?">?</siri:DestinationDisplayAtOrigin>
                     <!--Zero or more repetitions:-->
                     <siri:Via>
                        <!--Optional:-->
                        <siri:PlaceRef>?</siri:PlaceRef>
                        <!--Zero or more repetitions:-->
                        <siri:PlaceName xml:lang="?">?</siri:PlaceName>
                        <!--Zero or more repetitions:-->
                        <siri:PlaceShortName xml:lang="?">?</siri:PlaceShortName>
                        <!--Optional:-->
                        <siri:ViaPriority>2</siri:ViaPriority>
                     </siri:Via>
                     <!--Optional:-->
                     <siri:DestinationRef>?</siri:DestinationRef>
                     <!--Zero or more repetitions:-->
                     <siri:DestinationName xml:lang="?">?</siri:DestinationName>
                     <!--Zero or more repetitions:-->
                     <siri:DestinationShortName xml:lang="?">?</siri:DestinationShortName>
                     <!--Zero or more repetitions:-->
                     <siri:VehicleJourneyName xml:lang="?">?</siri:VehicleJourneyName>
                     <!--Zero or more repetitions:-->
                     <siri:JourneyNote xml:lang="?">?</siri:JourneyNote>
                     <!--Optional:-->
                     <siri:PublicContact>
                        <!--Optional:-->
                        <siri:PhoneNumber>?</siri:PhoneNumber>
                        <!--Optional:-->
                        <siri:Url>?</siri:Url>
                     </siri:PublicContact>
                     <!--Optional:-->
                     <siri:OperationsContact>
                        <!--Optional:-->
                        <siri:PhoneNumber>?</siri:PhoneNumber>
                        <!--Optional:-->
                        <siri:Url>?</siri:Url>
                     </siri:OperationsContact>
                     <!--Optional:-->
                     <siri:HeadwayService>false</siri:HeadwayService>
                     <!--Optional:-->
                     <siri:OriginAimedDepartureTime>?</siri:OriginAimedDepartureTime>
                     <!--Optional:-->
                     <siri:DestinationAimedArrivalTime>?</siri:DestinationAimedArrivalTime>
                     <!--Optional:-->
                     <siri:FirstOrLastJourney>unspecified</siri:FirstOrLastJourney>
                     <!--Zero or more repetitions:-->
                     <siri:FacilityConditionElement>
                        <!--You have a CHOICE of the next 2 items at this level-->
                        <siri:Facility>
                           <!--Optional:-->
                           <siri:FacilityCode>?</siri:FacilityCode>
                           <!--Zero or more repetitions:-->
                           <siri:Description xml:lang="?">?</siri:Description>
                           <!--Zero or more repetitions:-->
                           <siri:FacilityClass>?</siri:FacilityClass>
                           <!--Optional:-->
                           <siri:Features>
                              <!--1 or more repetitions:-->
                              <siri:Feature>
                                 <!--You have a CHOICE of the next 16 items at this level-->
                                 <siri:AccessFacility>unknown</siri:AccessFacility>
                                 <siri:AccommodationFacility>unknown</siri:AccommodationFacility>
                                 <siri:AssistanceFacility>unknown</siri:AssistanceFacility>
                                 <siri:FareClassFacility>unknown</siri:FareClassFacility>
                                 <siri:HireFacility>unknown</siri:HireFacility>
                                 <siri:LuggageFacility>unknown</siri:LuggageFacility>
                                 <siri:MobilityFacility>unknown</siri:MobilityFacility>
                                 <siri:NuisanceFacility>unknown</siri:NuisanceFacility>
                                 <siri:ParkingFacility>?</siri:ParkingFacility>
                                 <siri:PassengerCommsFacility>unknown</siri:PassengerCommsFacility>
                                 <siri:PassengerInformationFacility>unknown</siri:PassengerInformationFacility>
                                 <siri:RefreshmentFacility>unknown</siri:RefreshmentFacility>
                                 <siri:ReservedSpaceFacility>unknown</siri:ReservedSpaceFacility>
                                 <siri:RetailFacility>unknown</siri:RetailFacility>
                                 <siri:SanitaryFacility>unknown</siri:SanitaryFacility>
                                 <siri:TicketingFacility>unknown</siri:TicketingFacility>
                              </siri:Feature>
                           </siri:Features>
                           <!--Optional:-->
                           <siri:OwnerRef>?</siri:OwnerRef>
                           <!--Optional:-->
                           <siri:OwnerName xml:lang="?">?</siri:OwnerName>
                           <!--Optional:-->
                           <siri:ValidityCondition>
                              <!--Zero or more repetitions:-->
                              <siri:Period>
                                 <siri:StartTime>?</siri:StartTime>
                                 <!--Optional:-->
                                 <siri:EndTime>?</siri:EndTime>
                              </siri:Period>
                              <!--Zero or more repetitions:-->
                              <siri:Timeband>
                                 <siri:StartTime>?</siri:StartTime>
                                 <!--Optional:-->
                                 <siri:EndTime>?</siri:EndTime>
                              </siri:Timeband>
                              <!--Zero or more repetitions:-->
                              <siri:DayType>?</siri:DayType>
                              <!--Zero or more repetitions:-->
                              <siri:HolidayType>?</siri:HolidayType>
                           </siri:ValidityCondition>
                           <!--Optional:-->
                           <siri:FacilityLocation>
                              <!--Optional:-->
                              <siri:LineRef>?</siri:LineRef>
                              <!--Optional:-->
                              <siri:StopPointRef>?</siri:StopPointRef>
                              <!--Optional:-->
                              <siri:VehicleRef>?</siri:VehicleRef>
                              <!--Optional:-->
                              <siri:DatedVehicleJourneyRef>?</siri:DatedVehicleJourneyRef>
                              <!--Optional:-->
                              <siri:ConnectionLinkRef>?</siri:ConnectionLinkRef>
                              <!--Optional:-->
                              <siri:InterchangeRef>?</siri:InterchangeRef>
                              <!--Optional:-->
                              <siri:StopPlaceRef>?</siri:StopPlaceRef>
                              <!--Optional:-->
                              <siri:StopPlaceComponentId>?</siri:StopPlaceComponentId>
                              <!--Optional:-->
                              <siri:OperatorRef>?</siri:OperatorRef>
                              <!--Optional:-->
                              <siri:ProductCategoryRef>?</siri:ProductCategoryRef>
                              <!--Zero or more repetitions:-->
                              <siri:ServiceFeatureRef>?</siri:ServiceFeatureRef>
                              <!--Zero or more repetitions:-->
                              <siri:VehicleFeatureRef>?</siri:VehicleFeatureRef>
                           </siri:FacilityLocation>
                           <!--Optional:-->
                           <siri:Limitations>
                              <acsb:WheelchairAccess>false</acsb:WheelchairAccess>
                              <!--Optional:-->
                              <acsb:StepFreeAccess>unknown</acsb:StepFreeAccess>
                              <!--Optional:-->
                              <acsb:EscalatorFreeAccess>unknown</acsb:EscalatorFreeAccess>
                              <!--Optional:-->
                              <acsb:LiftFreeAccess>unknown</acsb:LiftFreeAccess>
                              <!--Optional:-->
                              <acsb:AudibleSignalsAvailable>false</acsb:AudibleSignalsAvailable>
                              <!--Optional:-->
                              <acsb:VisualSignsAvailable>unknown</acsb:VisualSignsAvailable>
                           </siri:Limitations>
                           <!--Optional:-->
                           <siri:Suitabilities>
                              <!--1 or more repetitions:-->
                              <siri:Suitability>
                                 <acsb:Suitable>?</acsb:Suitable>
                                 <acsb:UserNeed>
                                    <!--You have a CHOICE of the next 4 items at this level-->
                                    <acsb:MobilityNeed>?</acsb:MobilityNeed>
                                    <acsb:PsychosensoryNeed>?</acsb:PsychosensoryNeed>
                                    <acsb:MedicalNeed>?</acsb:MedicalNeed>
                                    <acsb:EncumbranceNeed>?</acsb:EncumbranceNeed>
                                    <!--Optional:-->
                                    <acsb:Excluded>?</acsb:Excluded>
                                    <!--Optional:-->
                                    <acsb:NeedRanking>?</acsb:NeedRanking>
                                    <!--Optional:-->
                                    <acsb:Extensions>?</acsb:Extensions>
                                 </acsb:UserNeed>
                              </siri:Suitability>
                           </siri:Suitabilities>
                           <!--Optional:-->
                           <siri:AccessibilityAssessment>
                              <acsb:MobilityImpairedAccess>?</acsb:MobilityImpairedAccess>
                              <!--Optional:-->
                              <acsb:Limitations>
                                 <!--1 or more repetitions:-->
                                 <acsb:AccessibilityLimitation>
                                    <!--Optional:-->
                                    <acsb:LimitationId>?</acsb:LimitationId>
                                    <!--Optional:-->
                                    <acsb:ValidityCondition>
                                       <!--Optional:-->
                                       <ifop:FromDateTime>?</ifop:FromDateTime>
                                       <!--Optional:-->
                                       <ifop:ToDateTime>?</ifop:ToDateTime>
                                       <!--Optional:-->
                                       <ifop:DayType>?</ifop:DayType>
                                       <!--Zero or more repetitions:-->
                                       <ifop:Timebands>
                                          <ifop:Timeband>
                                             <ifop:StartTime>?</ifop:StartTime>
                                             <!--Optional:-->
                                             <ifop:EndTime>?</ifop:EndTime>
                                          </ifop:Timeband>
                                       </ifop:Timebands>
                                    </acsb:ValidityCondition>
                                    <acsb:WheelchairAccess>false</acsb:WheelchairAccess>
                                    <!--Optional:-->
                                    <acsb:StepFreeAccess>unknown</acsb:StepFreeAccess>
                                    <!--Optional:-->
                                    <acsb:EscalatorFreeAccess>unknown</acsb:EscalatorFreeAccess>
                                    <!--Optional:-->
                                    <acsb:LiftFreeAccess>unknown</acsb:LiftFreeAccess>
                                    <!--Optional:-->
                                    <acsb:AudibleSignalsAvailable>false</acsb:AudibleSignalsAvailable>
                                    <!--Optional:-->
                                    <acsb:VisualSignsAvailable>unknown</acsb:VisualSignsAvailable>
                                    <!--Optional:-->
                                    <ifop:Extensions>
                                       profundum
                                       <!--You may enter ANY elements at this point-->
                                       bella
                                    </ifop:Extensions>
                                 </acsb:AccessibilityLimitation>
                              </acsb:Limitations>
                              <!--Optional:-->
                              <acsb:Suitabilities>
                                 <!--1 or more repetitions:-->
                                 <acsb:Suitability>
                                    <acsb:Suitable>?</acsb:Suitable>
                                    <acsb:UserNeed>
                                       <!--You have a CHOICE of the next 4 items at this level-->
                                       <acsb:MobilityNeed>?</acsb:MobilityNeed>
                                       <acsb:PsychosensoryNeed>?</acsb:PsychosensoryNeed>
                                       <acsb:MedicalNeed>?</acsb:MedicalNeed>
                                       <acsb:EncumbranceNeed>?</acsb:EncumbranceNeed>
                                       <!--Optional:-->
                                       <acsb:Excluded>?</acsb:Excluded>
                                       <!--Optional:-->
                                       <acsb:NeedRanking>?</acsb:NeedRanking>
                                       <!--Optional:-->
                                       <acsb:Extensions>?</acsb:Extensions>
                                    </acsb:UserNeed>
                                 </acsb:Suitability>
                              </acsb:Suitabilities>
                              <!--Optional:-->
                              <ifop:Extensions>
                                 nubibus
                                 <!--You may enter ANY elements at this point-->
                                 flammas
                              </ifop:Extensions>
                           </siri:AccessibilityAssessment>
                           <!--Optional:-->
                           <siri:Extensions>
                              <!--You may enter ANY elements at this point-->
                           </siri:Extensions>
                        </siri:Facility>
                        <siri:FacilityRef>?</siri:FacilityRef>
                        <siri:FacilityStatus>
                           <siri:Status>?</siri:Status>
                           <!--Zero or more repetitions:-->
                           <siri:Description xml:lang="?">?</siri:Description>
                           <!--Optional:-->
                           <siri:AccessibilityAssessment>
                              <acsb:MobilityImpairedAccess>?</acsb:MobilityImpairedAccess>
                              <!--Optional:-->
                              <acsb:Limitations>
                                 <!--1 or more repetitions:-->
                                 <acsb:AccessibilityLimitation>
                                    <!--Optional:-->
                                    <acsb:LimitationId>?</acsb:LimitationId>
                                    <!--Optional:-->
                                    <acsb:ValidityCondition>
                                       <!--Optional:-->
                                       <ifop:FromDateTime>?</ifop:FromDateTime>
                                       <!--Optional:-->
                                       <ifop:ToDateTime>?</ifop:ToDateTime>
                                       <!--Optional:-->
                                       <ifop:DayType>?</ifop:DayType>
                                       <!--Zero or more repetitions:-->
                                       <ifop:Timebands>
                                          <ifop:Timeband>
                                             <ifop:StartTime>?</ifop:StartTime>
                                             <!--Optional:-->
                                             <ifop:EndTime>?</ifop:EndTime>
                                          </ifop:Timeband>
                                       </ifop:Timebands>
                                    </acsb:ValidityCondition>
                                    <acsb:WheelchairAccess>false</acsb:WheelchairAccess>
                                    <!--Optional:-->
                                    <acsb:StepFreeAccess>unknown</acsb:StepFreeAccess>
                                    <!--Optional:-->
                                    <acsb:EscalatorFreeAccess>unknown</acsb:EscalatorFreeAccess>
                                    <!--Optional:-->
                                    <acsb:LiftFreeAccess>unknown</acsb:LiftFreeAccess>
                                    <!--Optional:-->
                                    <acsb:AudibleSignalsAvailable>false</acsb:AudibleSignalsAvailable>
                                    <!--Optional:-->
                                    <acsb:VisualSignsAvailable>unknown</acsb:VisualSignsAvailable>
                                    <!--Optional:-->
                                    <ifop:Extensions>
                                       ac
                                       <!--You may enter ANY elements at this point-->
                                       hoc
                                    </ifop:Extensions>
                                 </acsb:AccessibilityLimitation>
                              </acsb:Limitations>
                              <!--Optional:-->
                              <acsb:Suitabilities>
                                 <!--1 or more repetitions:-->
                                 <acsb:Suitability>
                                    <acsb:Suitable>?</acsb:Suitable>
                                    <acsb:UserNeed>
                                       <!--You have a CHOICE of the next 4 items at this level-->
                                       <acsb:MobilityNeed>?</acsb:MobilityNeed>
                                       <acsb:PsychosensoryNeed>?</acsb:PsychosensoryNeed>
                                       <acsb:MedicalNeed>?</acsb:MedicalNeed>
                                       <acsb:EncumbranceNeed>?</acsb:EncumbranceNeed>
                                       <!--Optional:-->
                                       <acsb:Excluded>?</acsb:Excluded>
                                       <!--Optional:-->
                                       <acsb:NeedRanking>?</acsb:NeedRanking>
                                       <!--Optional:-->
                                       <acsb:Extensions>?</acsb:Extensions>
                                    </acsb:UserNeed>
                                 </acsb:Suitability>
                              </acsb:Suitabilities>
                              <!--Optional:-->
                              <ifop:Extensions>
                                 rapidum
                                 <!--You may enter ANY elements at this point-->
                                 ac
                              </ifop:Extensions>
                           </siri:AccessibilityAssessment>
                           <!--Optional:-->
                           <siri:Extensions>
                              <!--You may enter ANY elements at this point-->
                           </siri:Extensions>
                        </siri:FacilityStatus>
                        <!--Optional:-->
                        <siri:SituationRef>
                           <!--Optional:-->
                           <siri:SituationSimpleRef>?</siri:SituationSimpleRef>
                           <!--Optional:-->
                           <siri:SituationFullRef>
                              <!--Optional:-->
                              <siri:VersionCountryRef>?</siri:VersionCountryRef>
                              <siri:ParticipantRef>?</siri:ParticipantRef>
                              <siri:SituationNumber>?</siri:SituationNumber>
                              <!--Optional:-->
                              <siri:UpdateCountryRef>?</siri:UpdateCountryRef>
                              <!--Optional:-->
                              <siri:UpdateParticipantRef>?</siri:UpdateParticipantRef>
                              <!--Optional:-->
                              <siri:Version>?</siri:Version>
                           </siri:SituationFullRef>
                        </siri:SituationRef>
                        <!--Optional:-->
                        <siri:Remedy>
                           <!--Optional:-->
                           <siri:RemedyType>?</siri:RemedyType>
                           <!--Zero or more repetitions:-->
                           <siri:Description xml:lang="?">?</siri:Description>
                           <!--Optional:-->
                           <siri:Extensions>
                              <!--You may enter ANY elements at this point-->
                           </siri:Extensions>
                        </siri:Remedy>
                        <!--Optional:-->
                        <siri:MonitoringInfo>
                           <!--Optional:-->
                           <siri:MonitoringInterval>?</siri:MonitoringInterval>
                           <!--Optional:-->
                           <siri:MonitoringType>?</siri:MonitoringType>
                           <!--Optional:-->
                           <siri:MonitoringPeriod>
                              <!--Zero or more repetitions:-->
                              <siri:Period>
                                 <siri:StartTime>?</siri:StartTime>
                                 <!--Optional:-->
                                 <siri:EndTime>?</siri:EndTime>
                              </siri:Period>
                              <!--Zero or more repetitions:-->
                              <siri:Timeband>
                                 <siri:StartTime>?</siri:StartTime>
                                 <!--Optional:-->
                                 <siri:EndTime>?</siri:EndTime>
                              </siri:Timeband>
                              <!--Zero or more repetitions:-->
                              <siri:DayType>?</siri:DayType>
                              <!--Zero or more repetitions:-->
                              <siri:HolidayType>?</siri:HolidayType>
                           </siri:MonitoringPeriod>
                           <!--Optional:-->
                           <siri:Extensions>
                              <!--You may enter ANY elements at this point-->
                           </siri:Extensions>
                        </siri:MonitoringInfo>
                        <!--Optional:-->
                        <siri:ValidityPeriod>
                           <siri:StartTime>?</siri:StartTime>
                           <!--Optional:-->
                           <siri:EndTime>?</siri:EndTime>
                        </siri:ValidityPeriod>
                        <!--Optional:-->
                        <siri:Extensions>
                           <!--You may enter ANY elements at this point-->
                        </siri:Extensions>
                     </siri:FacilityConditionElement>
                     <!--Optional:-->
                     <siri:FacilityChangeElement>
                        <!--Optional:-->
                        <siri:EquipmentAvailability>
                           <!--Optional:-->
                           <siri:EquipmentRef>?</siri:EquipmentRef>
                           <!--Zero or more repetitions:-->
                           <siri:Description xml:lang="?">?</siri:Description>
                           <!--Optional:-->
                           <siri:EquipmentTypeRef>?</siri:EquipmentTypeRef>
                           <!--Optional:-->
                           <siri:ValidityPeriod>
                              <siri:StartTime>?</siri:StartTime>
                              <!--Optional:-->
                              <siri:EndTime>?</siri:EndTime>
                           </siri:ValidityPeriod>
                           <siri:EquipmentStatus>notAvailable</siri:EquipmentStatus>
                           <!--Optional:-->
                           <siri:EquipmentFeatures>
                              <!--1 or more repetitions:-->
                              <siri:FeatureRef>?</siri:FeatureRef>
                           </siri:EquipmentFeatures>
                           <!--Optional:-->
                           <siri:Extensions>
                              <!--You may enter ANY elements at this point-->
                           </siri:Extensions>
                        </siri:EquipmentAvailability>
                        <!--Optional:-->
                        <siri:SituationRef>
                           <!--Optional:-->
                           <siri:SituationSimpleRef>?</siri:SituationSimpleRef>
                           <!--Optional:-->
                           <siri:SituationFullRef>
                              <!--Optional:-->
                              <siri:VersionCountryRef>?</siri:VersionCountryRef>
                              <siri:ParticipantRef>?</siri:ParticipantRef>
                              <siri:SituationNumber>?</siri:SituationNumber>
                              <!--Optional:-->
                              <siri:UpdateCountryRef>?</siri:UpdateCountryRef>
                              <!--Optional:-->
                              <siri:UpdateParticipantRef>?</siri:UpdateParticipantRef>
                              <!--Optional:-->
                              <siri:Version>?</siri:Version>
                           </siri:SituationFullRef>
                        </siri:SituationRef>
                        <!--Optional:-->
                        <siri:MobilityDisruption>
                           <siri:MobilityImpairedAccess>?</siri:MobilityImpairedAccess>
                           <!--Zero or more repetitions:-->
                           <siri:AccessFacility>unknown</siri:AccessFacility>
                        </siri:MobilityDisruption>
                     </siri:FacilityChangeElement>
                     <!--Zero or more repetitions:-->
                     <siri:SituationRef>
                        <!--Optional:-->
                        <siri:SituationSimpleRef>?</siri:SituationSimpleRef>
                        <!--Optional:-->
                        <siri:SituationFullRef>
                           <!--Optional:-->
                           <siri:VersionCountryRef>?</siri:VersionCountryRef>
                           <siri:ParticipantRef>?</siri:ParticipantRef>
                           <siri:SituationNumber>?</siri:SituationNumber>
                           <!--Optional:-->
                           <siri:UpdateCountryRef>?</siri:UpdateCountryRef>
                           <!--Optional:-->
                           <siri:UpdateParticipantRef>?</siri:UpdateParticipantRef>
                           <!--Optional:-->
                           <siri:Version>?</siri:Version>
                        </siri:SituationFullRef>
                     </siri:SituationRef>
                     <!--Optional:-->
                     <siri:BlockRef>?</siri:BlockRef>
                     <!--Optional:-->
                     <siri:CourseOfJourneyRef>?</siri:CourseOfJourneyRef>
                     <!--Optional:-->
                     <siri:VehicleJourneyRef>?</siri:VehicleJourneyRef>
                     <!--Optional:-->
                     <siri:VehicleRef>?</siri:VehicleRef>
                     <!--Zero or more repetitions:-->
                     <siri:AdditionalVehicleJourneyRef>
                        <siri:DataFrameRef>?</siri:DataFrameRef>
                        <siri:DatedVehicleJourneyRef>?</siri:DatedVehicleJourneyRef>
                     </siri:AdditionalVehicleJourneyRef>
                     <!--Optional:-->
                     <siri:DriverRef>?</siri:DriverRef>
                     <!--Optional:-->
                     <siri:DriverName>?</siri:DriverName>
                     <!--Optional:-->
                     <siri:Monitored>?</siri:Monitored>
                     <!--Optional:-->
                     <siri:AimedDepartureTime>?</siri:AimedDepartureTime>
                     <!--Optional:-->
                     <siri:Extensions>
                        <!--You may enter ANY elements at this point-->
                     </siri:Extensions>
                  </siri:DistributorJourney>
                  <!--Zero or more repetitions:-->
                  <siri:FeederVehicleJourneyRef>
                     <siri:DataFrameRef>?</siri:DataFrameRef>
                     <siri:DatedVehicleJourneyRef>?</siri:DatedVehicleJourneyRef>
                  </siri:FeederVehicleJourneyRef>
                  <!--Zero or more repetitions:-->
                  <siri:Reason xml:lang="?">?</siri:Reason>
                  <!--Optional:-->
                  <siri:Extensions>
                     <!--You may enter ANY elements at this point-->
                  </siri:Extensions>
               </siri:DistributorDepartureCancellation>
               <!--Optional:-->
               <siri:Extensions>
                  <!--You may enter ANY elements at this point-->
               </siri:Extensions>
            </siri:ConnectionMonitoringDistributorDelivery>
         </Notification>
         <NotifyExtension>
            <!--You may enter ANY elements at this point-->
         </NotifyExtension>
      </wsdl:NotifyConnectionMonitoring>
   </soapenv:Body>
</soapenv:Envelope>]]></con:request><con:wsaConfig mustUnderstand="NONE" version="200508" action="GetConnectionMonitoring"/></con:call></con:operation><con:operation isOneWay="false" action="GetConnectionTimetable" name="NotifyConnectionTimetable" bindingOperationName="NotifyConnectionTimetable" type="One-Way" inputName="" sendsAttachments="false" anonymous="optional"><con:settings/><con:call name="Request 1"><con:settings/><con:encoding>UTF-8</con:encoding><con:endpoint>http://www.siri-service-location.com</con:endpoint><con:request><![CDATA[<soapenv:Envelope xmlns:soapenv="http://schemas.xmlsoap.org/soap/envelope/" xmlns:wsdl="http://wsdl.siri.org.uk" xmlns:siri="http://www.siri.org.uk/siri" xmlns:acsb="http://www.ifopt.org.uk/acsb" xmlns:ifop="http://www.ifopt.org.uk/ifopt">
   <soapenv:Header/>
   <soapenv:Body>
      <wsdl:NotifyConnectionTimetable>
         <ServiceDeliveryInfo>
            <siri:ResponseTimestamp>?</siri:ResponseTimestamp>
            <!--Optional:-->
            <siri:ProducerRef>?</siri:ProducerRef>
            <!--Optional:-->
            <siri:Address>?</siri:Address>
            <!--Optional:-->
            <siri:ResponseMessageIdentifier>?</siri:ResponseMessageIdentifier>
            <!--Optional:-->
            <siri:RequestMessageRef>?</siri:RequestMessageRef>
         </ServiceDeliveryInfo>
         <Notification>
            <siri:ConnectionTimetableDelivery version="2.0">
               <siri:ResponseTimestamp>?</siri:ResponseTimestamp>
               <!--You have a CHOICE of the next 2 items at this level-->
               <!--Optional:-->
               <siri:RequestMessageRef>?</siri:RequestMessageRef>
               <!--Optional:-->
               <siri:SubscriberRef>?</siri:SubscriberRef>
               <!--Optional:-->
               <siri:SubscriptionFilterRef>?</siri:SubscriptionFilterRef>
               <siri:SubscriptionRef>?</siri:SubscriptionRef>
               <!--Optional:-->
               <siri:DelegatorAddress>?</siri:DelegatorAddress>
               <!--Optional:-->
               <siri:DelegatorRef>?</siri:DelegatorRef>
               <!--Optional:-->
               <siri:Status>true</siri:Status>
               <!--Optional:-->
               <siri:ErrorCondition>
                  <!--You have a CHOICE of the next 15 items at this level-->
                  <siri:UnapprovedKeyAccessError number="?">
                     <!--Optional:-->
                     <siri:ErrorText>?</siri:ErrorText>
                     <!--Optional:-->
                     <siri:Key>?</siri:Key>
                  </siri:UnapprovedKeyAccessError>
                  <siri:UnknownParticipantError number="?">
                     <!--Optional:-->
                     <siri:ErrorText>?</siri:ErrorText>
                     <!--Optional:-->
                     <siri:ParticipantRef>?</siri:ParticipantRef>
                  </siri:UnknownParticipantError>
                  <siri:UnknownEndpointError number="?">
                     <!--Optional:-->
                     <siri:ErrorText>?</siri:ErrorText>
                     <!--Optional:-->
                     <siri:Endpoint>?</siri:Endpoint>
                  </siri:UnknownEndpointError>
                  <siri:EndpointDeniedAccessError number="?">
                     <!--Optional:-->
                     <siri:ErrorText>?</siri:ErrorText>
                     <!--Optional:-->
                     <siri:Endpoint>?</siri:Endpoint>
                  </siri:EndpointDeniedAccessError>
                  <siri:EndpointNotAvailableAccessError number="?">
                     <!--Optional:-->
                     <siri:ErrorText>?</siri:ErrorText>
                     <!--Optional:-->
                     <siri:Endpoint>?</siri:Endpoint>
                  </siri:EndpointNotAvailableAccessError>
                  <siri:ServiceNotAvailableError number="?">
                     <!--Optional:-->
                     <siri:ErrorText>?</siri:ErrorText>
                     <!--Optional:-->
                     <siri:ExpectedRestartTime>?</siri:ExpectedRestartTime>
                  </siri:ServiceNotAvailableError>
                  <siri:CapabilityNotSupportedError number="?">
                     <!--Optional:-->
                     <siri:ErrorText>?</siri:ErrorText>
                     <!--Optional:-->
                     <siri:CapabilityRef>?</siri:CapabilityRef>
                  </siri:CapabilityNotSupportedError>
                  <siri:AccessNotAllowedError number="?">
                     <!--Optional:-->
                     <siri:ErrorText>?</siri:ErrorText>
                  </siri:AccessNotAllowedError>
                  <siri:InvalidDataReferencesError number="?">
                     <!--Optional:-->
                     <siri:ErrorText>?</siri:ErrorText>
                     <!--Zero or more repetitions:-->
                     <siri:InvalidRef>?</siri:InvalidRef>
                  </siri:InvalidDataReferencesError>
                  <siri:BeyondDataHorizon number="?">
                     <!--Optional:-->
                     <siri:ErrorText>?</siri:ErrorText>
                  </siri:BeyondDataHorizon>
                  <siri:NoInfoForTopicError number="?">
                     <!--Optional:-->
                     <siri:ErrorText>?</siri:ErrorText>
                  </siri:NoInfoForTopicError>
                  <siri:ParametersIgnoredError number="?">
                     <!--Optional:-->
                     <siri:ErrorText>?</siri:ErrorText>
                     <!--Zero or more repetitions:-->
                     <siri:ParameterName>?</siri:ParameterName>
                  </siri:ParametersIgnoredError>
                  <siri:UnknownExtensionsError number="?">
                     <!--Optional:-->
                     <siri:ErrorText>?</siri:ErrorText>
                     <!--Zero or more repetitions:-->
                     <siri:ExtensionName>?</siri:ExtensionName>
                  </siri:UnknownExtensionsError>
                  <siri:AllowedResourceUsageExceededError number="?">
                     <!--Optional:-->
                     <siri:ErrorText>?</siri:ErrorText>
                  </siri:AllowedResourceUsageExceededError>
                  <siri:OtherError number="?">
                     <!--Optional:-->
                     <siri:ErrorText>?</siri:ErrorText>
                  </siri:OtherError>
                  <!--Optional:-->
                  <siri:Description>?</siri:Description>
               </siri:ErrorCondition>
               <!--Optional:-->
               <siri:ValidUntil>?</siri:ValidUntil>
               <!--Optional:-->
               <siri:ShortestPossibleCycle>?</siri:ShortestPossibleCycle>
               <!--Optional:-->
               <siri:DefaultLanguage>?</siri:DefaultLanguage>
               <!--Zero or more repetitions:-->
               <siri:TimetabledFeederArrival>
                  <siri:RecordedAtTime>?</siri:RecordedAtTime>
                  <!--Optional:-->
                  <siri:ItemIdentifier>?</siri:ItemIdentifier>
                  <!--Optional:-->
                  <siri:ValidUntilTime>?</siri:ValidUntilTime>
                  <!--Optional:-->
                  <siri:InterchangeRef>?</siri:InterchangeRef>
                  <siri:ConnectionLinkRef>?</siri:ConnectionLinkRef>
                  <!--Optional:-->
                  <siri:StopPointRef>?</siri:StopPointRef>
                  <!--Optional:-->
                  <siri:VisitNumber>?</siri:VisitNumber>
                  <!--Optional:-->
                  <siri:Order>?</siri:Order>
                  <!--Zero or more repetitions:-->
                  <siri:StopPointName xml:lang="?">?</siri:StopPointName>
                  <siri:FeederJourney>
                     <siri:LineRef>?</siri:LineRef>
                     <siri:DirectionRef>?</siri:DirectionRef>
                     <!--Optional:-->
                     <siri:FramedVehicleJourneyRef>
                        <siri:DataFrameRef>?</siri:DataFrameRef>
                        <siri:DatedVehicleJourneyRef>?</siri:DatedVehicleJourneyRef>
                     </siri:FramedVehicleJourneyRef>
                     <!--Optional:-->
                     <siri:JourneyPatternRef>?</siri:JourneyPatternRef>
                     <!--Optional:-->
                     <siri:JourneyPatternName xml:lang="?">?</siri:JourneyPatternName>
                     <!--Zero or more repetitions:-->
                     <siri:VehicleMode>?</siri:VehicleMode>
                     <!--Optional:-->
                     <siri:RouteRef>?</siri:RouteRef>
                     <!--Zero or more repetitions:-->
                     <siri:PublishedLineName xml:lang="?">?</siri:PublishedLineName>
                     <!--Optional:-->
                     <siri:GroupOfLinesRef>?</siri:GroupOfLinesRef>
                     <!--Zero or more repetitions:-->
                     <siri:DirectionName xml:lang="?">?</siri:DirectionName>
                     <!--Optional:-->
                     <siri:ExternalLineRef>?</siri:ExternalLineRef>
                     <!--Optional:-->
                     <siri:OperatorRef>?</siri:OperatorRef>
                     <!--Optional:-->
                     <siri:ProductCategoryRef>?</siri:ProductCategoryRef>
                     <!--Zero or more repetitions:-->
                     <siri:ServiceFeatureRef>?</siri:ServiceFeatureRef>
                     <!--Zero or more repetitions:-->
                     <siri:VehicleFeatureRef>?</siri:VehicleFeatureRef>
                     <!--Optional:-->
                     <siri:OriginRef>?</siri:OriginRef>
                     <!--Zero or more repetitions:-->
                     <siri:OriginName xml:lang="?">?</siri:OriginName>
                     <!--Zero or more repetitions:-->
                     <siri:OriginShortName xml:lang="?">?</siri:OriginShortName>
                     <!--Zero or more repetitions:-->
                     <siri:DestinationDisplayAtOrigin xml:lang="?">?</siri:DestinationDisplayAtOrigin>
                     <!--Zero or more repetitions:-->
                     <siri:Via>
                        <!--Optional:-->
                        <siri:PlaceRef>?</siri:PlaceRef>
                        <!--Zero or more repetitions:-->
                        <siri:PlaceName xml:lang="?">?</siri:PlaceName>
                        <!--Zero or more repetitions:-->
                        <siri:PlaceShortName xml:lang="?">?</siri:PlaceShortName>
                        <!--Optional:-->
                        <siri:ViaPriority>2</siri:ViaPriority>
                     </siri:Via>
                     <!--Optional:-->
                     <siri:DestinationRef>?</siri:DestinationRef>
                     <!--Zero or more repetitions:-->
                     <siri:DestinationName xml:lang="?">?</siri:DestinationName>
                     <!--Zero or more repetitions:-->
                     <siri:DestinationShortName xml:lang="?">?</siri:DestinationShortName>
                     <!--Zero or more repetitions:-->
                     <siri:VehicleJourneyName xml:lang="?">?</siri:VehicleJourneyName>
                     <!--Zero or more repetitions:-->
                     <siri:JourneyNote xml:lang="?">?</siri:JourneyNote>
                     <!--Optional:-->
                     <siri:PublicContact>
                        <!--Optional:-->
                        <siri:PhoneNumber>?</siri:PhoneNumber>
                        <!--Optional:-->
                        <siri:Url>?</siri:Url>
                     </siri:PublicContact>
                     <!--Optional:-->
                     <siri:OperationsContact>
                        <!--Optional:-->
                        <siri:PhoneNumber>?</siri:PhoneNumber>
                        <!--Optional:-->
                        <siri:Url>?</siri:Url>
                     </siri:OperationsContact>
                     <!--Optional:-->
                     <siri:HeadwayService>false</siri:HeadwayService>
                     <!--Optional:-->
                     <siri:OriginAimedDepartureTime>?</siri:OriginAimedDepartureTime>
                     <!--Optional:-->
                     <siri:DestinationAimedArrivalTime>?</siri:DestinationAimedArrivalTime>
                     <!--Optional:-->
                     <siri:FirstOrLastJourney>unspecified</siri:FirstOrLastJourney>
                     <!--Zero or more repetitions:-->
                     <siri:FacilityConditionElement>
                        <!--You have a CHOICE of the next 2 items at this level-->
                        <siri:Facility>
                           <!--Optional:-->
                           <siri:FacilityCode>?</siri:FacilityCode>
                           <!--Zero or more repetitions:-->
                           <siri:Description xml:lang="?">?</siri:Description>
                           <!--Zero or more repetitions:-->
                           <siri:FacilityClass>?</siri:FacilityClass>
                           <!--Optional:-->
                           <siri:Features>
                              <!--1 or more repetitions:-->
                              <siri:Feature>
                                 <!--You have a CHOICE of the next 16 items at this level-->
                                 <siri:AccessFacility>unknown</siri:AccessFacility>
                                 <siri:AccommodationFacility>unknown</siri:AccommodationFacility>
                                 <siri:AssistanceFacility>unknown</siri:AssistanceFacility>
                                 <siri:FareClassFacility>unknown</siri:FareClassFacility>
                                 <siri:HireFacility>unknown</siri:HireFacility>
                                 <siri:LuggageFacility>unknown</siri:LuggageFacility>
                                 <siri:MobilityFacility>unknown</siri:MobilityFacility>
                                 <siri:NuisanceFacility>unknown</siri:NuisanceFacility>
                                 <siri:ParkingFacility>?</siri:ParkingFacility>
                                 <siri:PassengerCommsFacility>unknown</siri:PassengerCommsFacility>
                                 <siri:PassengerInformationFacility>unknown</siri:PassengerInformationFacility>
                                 <siri:RefreshmentFacility>unknown</siri:RefreshmentFacility>
                                 <siri:ReservedSpaceFacility>unknown</siri:ReservedSpaceFacility>
                                 <siri:RetailFacility>unknown</siri:RetailFacility>
                                 <siri:SanitaryFacility>unknown</siri:SanitaryFacility>
                                 <siri:TicketingFacility>unknown</siri:TicketingFacility>
                              </siri:Feature>
                           </siri:Features>
                           <!--Optional:-->
                           <siri:OwnerRef>?</siri:OwnerRef>
                           <!--Optional:-->
                           <siri:OwnerName xml:lang="?">?</siri:OwnerName>
                           <!--Optional:-->
                           <siri:ValidityCondition>
                              <!--Zero or more repetitions:-->
                              <siri:Period>
                                 <siri:StartTime>?</siri:StartTime>
                                 <!--Optional:-->
                                 <siri:EndTime>?</siri:EndTime>
                              </siri:Period>
                              <!--Zero or more repetitions:-->
                              <siri:Timeband>
                                 <siri:StartTime>?</siri:StartTime>
                                 <!--Optional:-->
                                 <siri:EndTime>?</siri:EndTime>
                              </siri:Timeband>
                              <!--Zero or more repetitions:-->
                              <siri:DayType>?</siri:DayType>
                              <!--Zero or more repetitions:-->
                              <siri:HolidayType>?</siri:HolidayType>
                           </siri:ValidityCondition>
                           <!--Optional:-->
                           <siri:FacilityLocation>
                              <!--Optional:-->
                              <siri:LineRef>?</siri:LineRef>
                              <!--Optional:-->
                              <siri:StopPointRef>?</siri:StopPointRef>
                              <!--Optional:-->
                              <siri:VehicleRef>?</siri:VehicleRef>
                              <!--Optional:-->
                              <siri:DatedVehicleJourneyRef>?</siri:DatedVehicleJourneyRef>
                              <!--Optional:-->
                              <siri:ConnectionLinkRef>?</siri:ConnectionLinkRef>
                              <!--Optional:-->
                              <siri:InterchangeRef>?</siri:InterchangeRef>
                              <!--Optional:-->
                              <siri:StopPlaceRef>?</siri:StopPlaceRef>
                              <!--Optional:-->
                              <siri:StopPlaceComponentId>?</siri:StopPlaceComponentId>
                              <!--Optional:-->
                              <siri:OperatorRef>?</siri:OperatorRef>
                              <!--Optional:-->
                              <siri:ProductCategoryRef>?</siri:ProductCategoryRef>
                              <!--Zero or more repetitions:-->
                              <siri:ServiceFeatureRef>?</siri:ServiceFeatureRef>
                              <!--Zero or more repetitions:-->
                              <siri:VehicleFeatureRef>?</siri:VehicleFeatureRef>
                           </siri:FacilityLocation>
                           <!--Optional:-->
                           <siri:Limitations>
                              <acsb:WheelchairAccess>false</acsb:WheelchairAccess>
                              <!--Optional:-->
                              <acsb:StepFreeAccess>unknown</acsb:StepFreeAccess>
                              <!--Optional:-->
                              <acsb:EscalatorFreeAccess>unknown</acsb:EscalatorFreeAccess>
                              <!--Optional:-->
                              <acsb:LiftFreeAccess>unknown</acsb:LiftFreeAccess>
                              <!--Optional:-->
                              <acsb:AudibleSignalsAvailable>false</acsb:AudibleSignalsAvailable>
                              <!--Optional:-->
                              <acsb:VisualSignsAvailable>unknown</acsb:VisualSignsAvailable>
                           </siri:Limitations>
                           <!--Optional:-->
                           <siri:Suitabilities>
                              <!--1 or more repetitions:-->
                              <siri:Suitability>
                                 <acsb:Suitable>?</acsb:Suitable>
                                 <acsb:UserNeed>
                                    <!--You have a CHOICE of the next 4 items at this level-->
                                    <acsb:MobilityNeed>?</acsb:MobilityNeed>
                                    <acsb:PsychosensoryNeed>?</acsb:PsychosensoryNeed>
                                    <acsb:MedicalNeed>?</acsb:MedicalNeed>
                                    <acsb:EncumbranceNeed>?</acsb:EncumbranceNeed>
                                    <!--Optional:-->
                                    <acsb:Excluded>?</acsb:Excluded>
                                    <!--Optional:-->
                                    <acsb:NeedRanking>?</acsb:NeedRanking>
                                    <!--Optional:-->
                                    <acsb:Extensions>?</acsb:Extensions>
                                 </acsb:UserNeed>
                              </siri:Suitability>
                           </siri:Suitabilities>
                           <!--Optional:-->
                           <siri:AccessibilityAssessment>
                              <acsb:MobilityImpairedAccess>?</acsb:MobilityImpairedAccess>
                              <!--Optional:-->
                              <acsb:Limitations>
                                 <!--1 or more repetitions:-->
                                 <acsb:AccessibilityLimitation>
                                    <!--Optional:-->
                                    <acsb:LimitationId>?</acsb:LimitationId>
                                    <!--Optional:-->
                                    <acsb:ValidityCondition>
                                       <!--Optional:-->
                                       <ifop:FromDateTime>?</ifop:FromDateTime>
                                       <!--Optional:-->
                                       <ifop:ToDateTime>?</ifop:ToDateTime>
                                       <!--Optional:-->
                                       <ifop:DayType>?</ifop:DayType>
                                       <!--Zero or more repetitions:-->
                                       <ifop:Timebands>
                                          <ifop:Timeband>
                                             <ifop:StartTime>?</ifop:StartTime>
                                             <!--Optional:-->
                                             <ifop:EndTime>?</ifop:EndTime>
                                          </ifop:Timeband>
                                       </ifop:Timebands>
                                    </acsb:ValidityCondition>
                                    <acsb:WheelchairAccess>false</acsb:WheelchairAccess>
                                    <!--Optional:-->
                                    <acsb:StepFreeAccess>unknown</acsb:StepFreeAccess>
                                    <!--Optional:-->
                                    <acsb:EscalatorFreeAccess>unknown</acsb:EscalatorFreeAccess>
                                    <!--Optional:-->
                                    <acsb:LiftFreeAccess>unknown</acsb:LiftFreeAccess>
                                    <!--Optional:-->
                                    <acsb:AudibleSignalsAvailable>false</acsb:AudibleSignalsAvailable>
                                    <!--Optional:-->
                                    <acsb:VisualSignsAvailable>unknown</acsb:VisualSignsAvailable>
                                    <!--Optional:-->
                                    <ifop:Extensions>
                                       e
                                       <!--You may enter ANY elements at this point-->
                                       gero
                                    </ifop:Extensions>
                                 </acsb:AccessibilityLimitation>
                              </acsb:Limitations>
                              <!--Optional:-->
                              <acsb:Suitabilities>
                                 <!--1 or more repetitions:-->
                                 <acsb:Suitability>
                                    <acsb:Suitable>?</acsb:Suitable>
                                    <acsb:UserNeed>
                                       <!--You have a CHOICE of the next 4 items at this level-->
                                       <acsb:MobilityNeed>?</acsb:MobilityNeed>
                                       <acsb:PsychosensoryNeed>?</acsb:PsychosensoryNeed>
                                       <acsb:MedicalNeed>?</acsb:MedicalNeed>
                                       <acsb:EncumbranceNeed>?</acsb:EncumbranceNeed>
                                       <!--Optional:-->
                                       <acsb:Excluded>?</acsb:Excluded>
                                       <!--Optional:-->
                                       <acsb:NeedRanking>?</acsb:NeedRanking>
                                       <!--Optional:-->
                                       <acsb:Extensions>?</acsb:Extensions>
                                    </acsb:UserNeed>
                                 </acsb:Suitability>
                              </acsb:Suitabilities>
                              <!--Optional:-->
                              <ifop:Extensions>
                                 cum
                                 <!--You may enter ANY elements at this point-->
                                 sonoras
                              </ifop:Extensions>
                           </siri:AccessibilityAssessment>
                           <!--Optional:-->
                           <siri:Extensions>
                              <!--You may enter ANY elements at this point-->
                           </siri:Extensions>
                        </siri:Facility>
                        <siri:FacilityRef>?</siri:FacilityRef>
                        <siri:FacilityStatus>
                           <siri:Status>?</siri:Status>
                           <!--Zero or more repetitions:-->
                           <siri:Description xml:lang="?">?</siri:Description>
                           <!--Optional:-->
                           <siri:AccessibilityAssessment>
                              <acsb:MobilityImpairedAccess>?</acsb:MobilityImpairedAccess>
                              <!--Optional:-->
                              <acsb:Limitations>
                                 <!--1 or more repetitions:-->
                                 <acsb:AccessibilityLimitation>
                                    <!--Optional:-->
                                    <acsb:LimitationId>?</acsb:LimitationId>
                                    <!--Optional:-->
                                    <acsb:ValidityCondition>
                                       <!--Optional:-->
                                       <ifop:FromDateTime>?</ifop:FromDateTime>
                                       <!--Optional:-->
                                       <ifop:ToDateTime>?</ifop:ToDateTime>
                                       <!--Optional:-->
                                       <ifop:DayType>?</ifop:DayType>
                                       <!--Zero or more repetitions:-->
                                       <ifop:Timebands>
                                          <ifop:Timeband>
                                             <ifop:StartTime>?</ifop:StartTime>
                                             <!--Optional:-->
                                             <ifop:EndTime>?</ifop:EndTime>
                                          </ifop:Timeband>
                                       </ifop:Timebands>
                                    </acsb:ValidityCondition>
                                    <acsb:WheelchairAccess>false</acsb:WheelchairAccess>
                                    <!--Optional:-->
                                    <acsb:StepFreeAccess>unknown</acsb:StepFreeAccess>
                                    <!--Optional:-->
                                    <acsb:EscalatorFreeAccess>unknown</acsb:EscalatorFreeAccess>
                                    <!--Optional:-->
                                    <acsb:LiftFreeAccess>unknown</acsb:LiftFreeAccess>
                                    <!--Optional:-->
                                    <acsb:AudibleSignalsAvailable>false</acsb:AudibleSignalsAvailable>
                                    <!--Optional:-->
                                    <acsb:VisualSignsAvailable>unknown</acsb:VisualSignsAvailable>
                                    <!--Optional:-->
                                    <ifop:Extensions>
                                       aeoliam
                                       <!--You may enter ANY elements at this point-->
                                       quae
                                    </ifop:Extensions>
                                 </acsb:AccessibilityLimitation>
                              </acsb:Limitations>
                              <!--Optional:-->
                              <acsb:Suitabilities>
                                 <!--1 or more repetitions:-->
                                 <acsb:Suitability>
                                    <acsb:Suitable>?</acsb:Suitable>
                                    <acsb:UserNeed>
                                       <!--You have a CHOICE of the next 4 items at this level-->
                                       <acsb:MobilityNeed>?</acsb:MobilityNeed>
                                       <acsb:PsychosensoryNeed>?</acsb:PsychosensoryNeed>
                                       <acsb:MedicalNeed>?</acsb:MedicalNeed>
                                       <acsb:EncumbranceNeed>?</acsb:EncumbranceNeed>
                                       <!--Optional:-->
                                       <acsb:Excluded>?</acsb:Excluded>
                                       <!--Optional:-->
                                       <acsb:NeedRanking>?</acsb:NeedRanking>
                                       <!--Optional:-->
                                       <acsb:Extensions>?</acsb:Extensions>
                                    </acsb:UserNeed>
                                 </acsb:Suitability>
                              </acsb:Suitabilities>
                              <!--Optional:-->
                              <ifop:Extensions>
                                 ventos
                                 <!--You may enter ANY elements at this point-->
                                 verrantque
                              </ifop:Extensions>
                           </siri:AccessibilityAssessment>
                           <!--Optional:-->
                           <siri:Extensions>
                              <!--You may enter ANY elements at this point-->
                           </siri:Extensions>
                        </siri:FacilityStatus>
                        <!--Optional:-->
                        <siri:SituationRef>
                           <!--Optional:-->
                           <siri:SituationSimpleRef>?</siri:SituationSimpleRef>
                           <!--Optional:-->
                           <siri:SituationFullRef>
                              <!--Optional:-->
                              <siri:VersionCountryRef>?</siri:VersionCountryRef>
                              <siri:ParticipantRef>?</siri:ParticipantRef>
                              <siri:SituationNumber>?</siri:SituationNumber>
                              <!--Optional:-->
                              <siri:UpdateCountryRef>?</siri:UpdateCountryRef>
                              <!--Optional:-->
                              <siri:UpdateParticipantRef>?</siri:UpdateParticipantRef>
                              <!--Optional:-->
                              <siri:Version>?</siri:Version>
                           </siri:SituationFullRef>
                        </siri:SituationRef>
                        <!--Optional:-->
                        <siri:Remedy>
                           <!--Optional:-->
                           <siri:RemedyType>?</siri:RemedyType>
                           <!--Zero or more repetitions:-->
                           <siri:Description xml:lang="?">?</siri:Description>
                           <!--Optional:-->
                           <siri:Extensions>
                              <!--You may enter ANY elements at this point-->
                           </siri:Extensions>
                        </siri:Remedy>
                        <!--Optional:-->
                        <siri:MonitoringInfo>
                           <!--Optional:-->
                           <siri:MonitoringInterval>?</siri:MonitoringInterval>
                           <!--Optional:-->
                           <siri:MonitoringType>?</siri:MonitoringType>
                           <!--Optional:-->
                           <siri:MonitoringPeriod>
                              <!--Zero or more repetitions:-->
                              <siri:Period>
                                 <siri:StartTime>?</siri:StartTime>
                                 <!--Optional:-->
                                 <siri:EndTime>?</siri:EndTime>
                              </siri:Period>
                              <!--Zero or more repetitions:-->
                              <siri:Timeband>
                                 <siri:StartTime>?</siri:StartTime>
                                 <!--Optional:-->
                                 <siri:EndTime>?</siri:EndTime>
                              </siri:Timeband>
                              <!--Zero or more repetitions:-->
                              <siri:DayType>?</siri:DayType>
                              <!--Zero or more repetitions:-->
                              <siri:HolidayType>?</siri:HolidayType>
                           </siri:MonitoringPeriod>
                           <!--Optional:-->
                           <siri:Extensions>
                              <!--You may enter ANY elements at this point-->
                           </siri:Extensions>
                        </siri:MonitoringInfo>
                        <!--Optional:-->
                        <siri:ValidityPeriod>
                           <siri:StartTime>?</siri:StartTime>
                           <!--Optional:-->
                           <siri:EndTime>?</siri:EndTime>
                        </siri:ValidityPeriod>
                        <!--Optional:-->
                        <siri:Extensions>
                           <!--You may enter ANY elements at this point-->
                        </siri:Extensions>
                     </siri:FacilityConditionElement>
                     <!--Optional:-->
                     <siri:FacilityChangeElement>
                        <!--Optional:-->
                        <siri:EquipmentAvailability>
                           <!--Optional:-->
                           <siri:EquipmentRef>?</siri:EquipmentRef>
                           <!--Zero or more repetitions:-->
                           <siri:Description xml:lang="?">?</siri:Description>
                           <!--Optional:-->
                           <siri:EquipmentTypeRef>?</siri:EquipmentTypeRef>
                           <!--Optional:-->
                           <siri:ValidityPeriod>
                              <siri:StartTime>?</siri:StartTime>
                              <!--Optional:-->
                              <siri:EndTime>?</siri:EndTime>
                           </siri:ValidityPeriod>
                           <siri:EquipmentStatus>notAvailable</siri:EquipmentStatus>
                           <!--Optional:-->
                           <siri:EquipmentFeatures>
                              <!--1 or more repetitions:-->
                              <siri:FeatureRef>?</siri:FeatureRef>
                           </siri:EquipmentFeatures>
                           <!--Optional:-->
                           <siri:Extensions>
                              <!--You may enter ANY elements at this point-->
                           </siri:Extensions>
                        </siri:EquipmentAvailability>
                        <!--Optional:-->
                        <siri:SituationRef>
                           <!--Optional:-->
                           <siri:SituationSimpleRef>?</siri:SituationSimpleRef>
                           <!--Optional:-->
                           <siri:SituationFullRef>
                              <!--Optional:-->
                              <siri:VersionCountryRef>?</siri:VersionCountryRef>
                              <siri:ParticipantRef>?</siri:ParticipantRef>
                              <siri:SituationNumber>?</siri:SituationNumber>
                              <!--Optional:-->
                              <siri:UpdateCountryRef>?</siri:UpdateCountryRef>
                              <!--Optional:-->
                              <siri:UpdateParticipantRef>?</siri:UpdateParticipantRef>
                              <!--Optional:-->
                              <siri:Version>?</siri:Version>
                           </siri:SituationFullRef>
                        </siri:SituationRef>
                        <!--Optional:-->
                        <siri:MobilityDisruption>
                           <siri:MobilityImpairedAccess>?</siri:MobilityImpairedAccess>
                           <!--Zero or more repetitions:-->
                           <siri:AccessFacility>unknown</siri:AccessFacility>
                        </siri:MobilityDisruption>
                     </siri:FacilityChangeElement>
                     <!--Zero or more repetitions:-->
                     <siri:SituationRef>
                        <!--Optional:-->
                        <siri:SituationSimpleRef>?</siri:SituationSimpleRef>
                        <!--Optional:-->
                        <siri:SituationFullRef>
                           <!--Optional:-->
                           <siri:VersionCountryRef>?</siri:VersionCountryRef>
                           <siri:ParticipantRef>?</siri:ParticipantRef>
                           <siri:SituationNumber>?</siri:SituationNumber>
                           <!--Optional:-->
                           <siri:UpdateCountryRef>?</siri:UpdateCountryRef>
                           <!--Optional:-->
                           <siri:UpdateParticipantRef>?</siri:UpdateParticipantRef>
                           <!--Optional:-->
                           <siri:Version>?</siri:Version>
                        </siri:SituationFullRef>
                     </siri:SituationRef>
                     <!--Optional:-->
                     <siri:BlockRef>?</siri:BlockRef>
                     <!--Optional:-->
                     <siri:CourseOfJourneyRef>?</siri:CourseOfJourneyRef>
                     <!--Optional:-->
                     <siri:VehicleJourneyRef>?</siri:VehicleJourneyRef>
                     <!--Optional:-->
                     <siri:VehicleRef>?</siri:VehicleRef>
                     <!--Zero or more repetitions:-->
                     <siri:AdditionalVehicleJourneyRef>
                        <siri:DataFrameRef>?</siri:DataFrameRef>
                        <siri:DatedVehicleJourneyRef>?</siri:DatedVehicleJourneyRef>
                     </siri:AdditionalVehicleJourneyRef>
                     <!--Optional:-->
                     <siri:DriverRef>?</siri:DriverRef>
                     <!--Optional:-->
                     <siri:DriverName>?</siri:DriverName>
                     <!--Optional:-->
                     <siri:Monitored>?</siri:Monitored>
                     <!--Optional:-->
                     <siri:AimedDepartureTime>?</siri:AimedDepartureTime>
                     <!--Optional:-->
                     <siri:Extensions>
                        <!--You may enter ANY elements at this point-->
                     </siri:Extensions>
                  </siri:FeederJourney>
                  <siri:AimedArrivalTime>?</siri:AimedArrivalTime>
                  <!--Optional:-->
                  <siri:Extensions>
                     <!--You may enter ANY elements at this point-->
                  </siri:Extensions>
               </siri:TimetabledFeederArrival>
               <!--Zero or more repetitions:-->
               <siri:TimetabledFeederArrivalCancellation>
                  <siri:RecordedAtTime>?</siri:RecordedAtTime>
                  <!--Optional:-->
                  <siri:ItemRef>?</siri:ItemRef>
                  <!--Optional:-->
                  <siri:InterchangeRef>?</siri:InterchangeRef>
                  <siri:ConnectionLinkRef>?</siri:ConnectionLinkRef>
                  <!--Optional:-->
                  <siri:StopPointRef>?</siri:StopPointRef>
                  <!--Optional:-->
                  <siri:VisitNumber>?</siri:VisitNumber>
                  <!--Optional:-->
                  <siri:Order>?</siri:Order>
                  <!--Zero or more repetitions:-->
                  <siri:StopPointName xml:lang="?">?</siri:StopPointName>
                  <siri:LineRef>?</siri:LineRef>
                  <siri:DirectionRef>?</siri:DirectionRef>
                  <siri:VehicleJourneyRef>
                     <siri:DataFrameRef>?</siri:DataFrameRef>
                     <siri:DatedVehicleJourneyRef>?</siri:DatedVehicleJourneyRef>
                  </siri:VehicleJourneyRef>
                  <!--Optional:-->
                  <siri:JourneyPatternRef>?</siri:JourneyPatternRef>
                  <!--Optional:-->
                  <siri:JourneyPatternName xml:lang="?">?</siri:JourneyPatternName>
                  <!--Zero or more repetitions:-->
                  <siri:VehicleMode>?</siri:VehicleMode>
                  <!--Optional:-->
                  <siri:RouteRef>?</siri:RouteRef>
                  <!--Zero or more repetitions:-->
                  <siri:PublishedLineName xml:lang="?">?</siri:PublishedLineName>
                  <!--Optional:-->
                  <siri:GroupOfLinesRef>?</siri:GroupOfLinesRef>
                  <!--Zero or more repetitions:-->
                  <siri:DirectionName xml:lang="?">?</siri:DirectionName>
                  <!--Optional:-->
                  <siri:ExternalLineRef>?</siri:ExternalLineRef>
                  <!--Zero or more repetitions:-->
                  <siri:Reason xml:lang="?">?</siri:Reason>
                  <!--Optional:-->
                  <siri:Extensions>
                     <!--You may enter ANY elements at this point-->
                  </siri:Extensions>
               </siri:TimetabledFeederArrivalCancellation>
               <!--Optional:-->
               <siri:Extensions>
                  <!--You may enter ANY elements at this point-->
               </siri:Extensions>
            </siri:ConnectionTimetableDelivery>
         </Notification>
         <NotifyExtension>
            <!--You may enter ANY elements at this point-->
         </NotifyExtension>
      </wsdl:NotifyConnectionTimetable>
   </soapenv:Body>
</soapenv:Envelope>]]></con:request><con:wsaConfig mustUnderstand="NONE" version="200508" action="GetConnectionTimetable"/></con:call></con:operation><con:operation isOneWay="false" action="NotifyDataReady" name="NotifyDataReady" bindingOperationName="NotifyDataReady" type="One-Way" inputName="" sendsAttachments="false" anonymous="optional"><con:settings/><con:call name="Request 1"><con:settings/><con:encoding>UTF-8</con:encoding><con:endpoint>http://www.siri-service-location.com</con:endpoint><con:request><![CDATA[<soapenv:Envelope xmlns:soapenv="http://schemas.xmlsoap.org/soap/envelope/" xmlns:wsdl="http://wsdl.siri.org.uk" xmlns:siri="http://www.siri.org.uk/siri">
   <soapenv:Header/>
   <soapenv:Body>
      <wsdl:NotifyDataReady>
         <Notification>
            <siri:RequestTimestamp>?</siri:RequestTimestamp>
            <!--Optional:-->
            <siri:AccountId>?</siri:AccountId>
            <!--Optional:-->
            <siri:AccountKey>?</siri:AccountKey>
            <!--Optional:-->
            <siri:Address>?</siri:Address>
            <!--Optional:-->
            <siri:ProducerRef>?</siri:ProducerRef>
            <!--Optional:-->
            <siri:MessageIdentifier>?</siri:MessageIdentifier>
            <!--Optional:-->
            <siri:DelegatorAddress>?</siri:DelegatorAddress>
            <!--Optional:-->
            <siri:DelegatorRef>?</siri:DelegatorRef>
         </Notification>
         <SiriExtension>
            <!--You may enter ANY elements at this point-->
         </SiriExtension>
      </wsdl:NotifyDataReady>
   </soapenv:Body>
</soapenv:Envelope>]]></con:request><con:wsaConfig mustUnderstand="NONE" version="200508" action="NotifyDataReady"/></con:call></con:operation><con:operation isOneWay="false" action="GetEstimatedTimetable" name="NotifyEstimatedTimetable" bindingOperationName="NotifyEstimatedTimetable" type="One-Way" inputName="" sendsAttachments="false" anonymous="optional"><con:settings/><con:call name="Request 1"><con:settings/><con:encoding>UTF-8</con:encoding><con:endpoint>http://www.siri-service-location.com</con:endpoint><con:request><![CDATA[<soapenv:Envelope xmlns:soapenv="http://schemas.xmlsoap.org/soap/envelope/" xmlns:wsdl="http://wsdl.siri.org.uk" xmlns:siri="http://www.siri.org.uk/siri" xmlns:acsb="http://www.ifopt.org.uk/acsb" xmlns:ifop="http://www.ifopt.org.uk/ifopt">
   <soapenv:Header/>
   <soapenv:Body>
      <wsdl:NotifyEstimatedTimetable>
         <ServiceDeliveryInfo>
            <siri:ResponseTimestamp>?</siri:ResponseTimestamp>
            <!--Optional:-->
            <siri:ProducerRef>?</siri:ProducerRef>
            <!--Optional:-->
            <siri:Address>?</siri:Address>
            <!--Optional:-->
            <siri:ResponseMessageIdentifier>?</siri:ResponseMessageIdentifier>
            <!--Optional:-->
            <siri:RequestMessageRef>?</siri:RequestMessageRef>
         </ServiceDeliveryInfo>
         <Notification>
            <!--1 or more repetitions:-->
            <siri:EstimatedTimetableDelivery version="2.0">
               <siri:ResponseTimestamp>?</siri:ResponseTimestamp>
               <!--You have a CHOICE of the next 2 items at this level-->
               <!--Optional:-->
               <siri:RequestMessageRef>?</siri:RequestMessageRef>
               <!--Optional:-->
               <siri:SubscriberRef>?</siri:SubscriberRef>
               <!--Optional:-->
               <siri:SubscriptionFilterRef>?</siri:SubscriptionFilterRef>
               <siri:SubscriptionRef>?</siri:SubscriptionRef>
               <!--Optional:-->
               <siri:DelegatorAddress>?</siri:DelegatorAddress>
               <!--Optional:-->
               <siri:DelegatorRef>?</siri:DelegatorRef>
               <!--Optional:-->
               <siri:Status>true</siri:Status>
               <!--Optional:-->
               <siri:ErrorCondition>
                  <!--You have a CHOICE of the next 15 items at this level-->
                  <siri:UnapprovedKeyAccessError number="?">
                     <!--Optional:-->
                     <siri:ErrorText>?</siri:ErrorText>
                     <!--Optional:-->
                     <siri:Key>?</siri:Key>
                  </siri:UnapprovedKeyAccessError>
                  <siri:UnknownParticipantError number="?">
                     <!--Optional:-->
                     <siri:ErrorText>?</siri:ErrorText>
                     <!--Optional:-->
                     <siri:ParticipantRef>?</siri:ParticipantRef>
                  </siri:UnknownParticipantError>
                  <siri:UnknownEndpointError number="?">
                     <!--Optional:-->
                     <siri:ErrorText>?</siri:ErrorText>
                     <!--Optional:-->
                     <siri:Endpoint>?</siri:Endpoint>
                  </siri:UnknownEndpointError>
                  <siri:EndpointDeniedAccessError number="?">
                     <!--Optional:-->
                     <siri:ErrorText>?</siri:ErrorText>
                     <!--Optional:-->
                     <siri:Endpoint>?</siri:Endpoint>
                  </siri:EndpointDeniedAccessError>
                  <siri:EndpointNotAvailableAccessError number="?">
                     <!--Optional:-->
                     <siri:ErrorText>?</siri:ErrorText>
                     <!--Optional:-->
                     <siri:Endpoint>?</siri:Endpoint>
                  </siri:EndpointNotAvailableAccessError>
                  <siri:ServiceNotAvailableError number="?">
                     <!--Optional:-->
                     <siri:ErrorText>?</siri:ErrorText>
                     <!--Optional:-->
                     <siri:ExpectedRestartTime>?</siri:ExpectedRestartTime>
                  </siri:ServiceNotAvailableError>
                  <siri:CapabilityNotSupportedError number="?">
                     <!--Optional:-->
                     <siri:ErrorText>?</siri:ErrorText>
                     <!--Optional:-->
                     <siri:CapabilityRef>?</siri:CapabilityRef>
                  </siri:CapabilityNotSupportedError>
                  <siri:AccessNotAllowedError number="?">
                     <!--Optional:-->
                     <siri:ErrorText>?</siri:ErrorText>
                  </siri:AccessNotAllowedError>
                  <siri:InvalidDataReferencesError number="?">
                     <!--Optional:-->
                     <siri:ErrorText>?</siri:ErrorText>
                     <!--Zero or more repetitions:-->
                     <siri:InvalidRef>?</siri:InvalidRef>
                  </siri:InvalidDataReferencesError>
                  <siri:BeyondDataHorizon number="?">
                     <!--Optional:-->
                     <siri:ErrorText>?</siri:ErrorText>
                  </siri:BeyondDataHorizon>
                  <siri:NoInfoForTopicError number="?">
                     <!--Optional:-->
                     <siri:ErrorText>?</siri:ErrorText>
                  </siri:NoInfoForTopicError>
                  <siri:ParametersIgnoredError number="?">
                     <!--Optional:-->
                     <siri:ErrorText>?</siri:ErrorText>
                     <!--Zero or more repetitions:-->
                     <siri:ParameterName>?</siri:ParameterName>
                  </siri:ParametersIgnoredError>
                  <siri:UnknownExtensionsError number="?">
                     <!--Optional:-->
                     <siri:ErrorText>?</siri:ErrorText>
                     <!--Zero or more repetitions:-->
                     <siri:ExtensionName>?</siri:ExtensionName>
                  </siri:UnknownExtensionsError>
                  <siri:AllowedResourceUsageExceededError number="?">
                     <!--Optional:-->
                     <siri:ErrorText>?</siri:ErrorText>
                  </siri:AllowedResourceUsageExceededError>
                  <siri:OtherError number="?">
                     <!--Optional:-->
                     <siri:ErrorText>?</siri:ErrorText>
                  </siri:OtherError>
                  <!--Optional:-->
                  <siri:Description>?</siri:Description>
               </siri:ErrorCondition>
               <!--Optional:-->
               <siri:ValidUntil>?</siri:ValidUntil>
               <!--Optional:-->
               <siri:ShortestPossibleCycle>?</siri:ShortestPossibleCycle>
               <!--Optional:-->
               <siri:DefaultLanguage>?</siri:DefaultLanguage>
               <!--1 or more repetitions:-->
               <siri:EstimatedJourneyVersionFrame>
                  <siri:RecordedAtTime>?</siri:RecordedAtTime>
                  <!--Optional:-->
                  <siri:VersionRef>?</siri:VersionRef>
                  <!--1 or more repetitions:-->
                  <siri:EstimatedVehicleJourney>
                     <!--Optional:-->
                     <siri:RecordedAtTime>?</siri:RecordedAtTime>
                     <siri:LineRef>?</siri:LineRef>
                     <siri:DirectionRef>?</siri:DirectionRef>
                     <!--You have a CHOICE of the next 3 items at this level-->
                     <siri:DatedVehicleJourneyRef>?</siri:DatedVehicleJourneyRef>
                     <siri:DatedVehicleJourneyIndirectRef>
                        <siri:OriginRef>?</siri:OriginRef>
                        <siri:AimedDepartureTime>?</siri:AimedDepartureTime>
                        <siri:DestinationRef>?</siri:DestinationRef>
                        <siri:AimedArrivalTime>?</siri:AimedArrivalTime>
                     </siri:DatedVehicleJourneyIndirectRef>
                     <siri:EstimatedVehicleJourneyCode>?</siri:EstimatedVehicleJourneyCode>
                     <!--You have a CHOICE of the next 2 items at this level-->
                     <!--Optional:-->
                     <siri:ExtraJourney>false</siri:ExtraJourney>
                     <!--Optional:-->
                     <siri:Cancellation>false</siri:Cancellation>
                     <!--Optional:-->
                     <siri:JourneyPatternRef>?</siri:JourneyPatternRef>
                     <!--Optional:-->
                     <siri:JourneyPatternName xml:lang="?">?</siri:JourneyPatternName>
                     <!--Zero or more repetitions:-->
                     <siri:VehicleMode>?</siri:VehicleMode>
                     <!--Optional:-->
                     <siri:RouteRef>?</siri:RouteRef>
                     <!--Zero or more repetitions:-->
                     <siri:PublishedLineName xml:lang="?">?</siri:PublishedLineName>
                     <!--Optional:-->
                     <siri:GroupOfLinesRef>?</siri:GroupOfLinesRef>
                     <!--Zero or more repetitions:-->
                     <siri:DirectionName xml:lang="?">?</siri:DirectionName>
                     <!--Optional:-->
                     <siri:ExternalLineRef>?</siri:ExternalLineRef>
                     <!--Optional:-->
                     <siri:OriginRef>?</siri:OriginRef>
                     <!--Zero or more repetitions:-->
                     <siri:OriginName xml:lang="?">?</siri:OriginName>
                     <!--Zero or more repetitions:-->
                     <siri:OriginShortName xml:lang="?">?</siri:OriginShortName>
                     <!--Zero or more repetitions:-->
                     <siri:DestinationDisplayAtOrigin xml:lang="?">?</siri:DestinationDisplayAtOrigin>
                     <!--Zero or more repetitions:-->
                     <siri:Via>
                        <!--Optional:-->
                        <siri:PlaceRef>?</siri:PlaceRef>
                        <!--Zero or more repetitions:-->
                        <siri:PlaceName xml:lang="?">?</siri:PlaceName>
                        <!--Zero or more repetitions:-->
                        <siri:PlaceShortName xml:lang="?">?</siri:PlaceShortName>
                        <!--Optional:-->
                        <siri:ViaPriority>2</siri:ViaPriority>
                     </siri:Via>
                     <!--Optional:-->
                     <siri:DestinationRef>?</siri:DestinationRef>
                     <!--Zero or more repetitions:-->
                     <siri:DestinationName xml:lang="?">?</siri:DestinationName>
                     <!--Zero or more repetitions:-->
                     <siri:DestinationShortName xml:lang="?">?</siri:DestinationShortName>
                     <!--Optional:-->
                     <siri:OperatorRef>?</siri:OperatorRef>
                     <!--Optional:-->
                     <siri:ProductCategoryRef>?</siri:ProductCategoryRef>
                     <!--Zero or more repetitions:-->
                     <siri:ServiceFeatureRef>?</siri:ServiceFeatureRef>
                     <!--Zero or more repetitions:-->
                     <siri:VehicleFeatureRef>?</siri:VehicleFeatureRef>
                     <!--Zero or more repetitions:-->
                     <siri:VehicleJourneyName xml:lang="?">?</siri:VehicleJourneyName>
                     <!--Zero or more repetitions:-->
                     <siri:JourneyNote xml:lang="?">?</siri:JourneyNote>
                     <!--Optional:-->
                     <siri:PublicContact>
                        <!--Optional:-->
                        <siri:PhoneNumber>?</siri:PhoneNumber>
                        <!--Optional:-->
                        <siri:Url>?</siri:Url>
                     </siri:PublicContact>
                     <!--Optional:-->
                     <siri:OperationsContact>
                        <!--Optional:-->
                        <siri:PhoneNumber>?</siri:PhoneNumber>
                        <!--Optional:-->
                        <siri:Url>?</siri:Url>
                     </siri:OperationsContact>
                     <!--Optional:-->
                     <siri:HeadwayService>false</siri:HeadwayService>
                     <!--Optional:-->
                     <siri:OriginAimedDepartureTime>?</siri:OriginAimedDepartureTime>
                     <!--Optional:-->
                     <siri:DestinationAimedArrivalTime>?</siri:DestinationAimedArrivalTime>
                     <!--Optional:-->
                     <siri:FirstOrLastJourney>unspecified</siri:FirstOrLastJourney>
                     <!--Zero or more repetitions:-->
                     <siri:FacilityConditionElement>
                        <!--You have a CHOICE of the next 2 items at this level-->
                        <siri:Facility>
                           <!--Optional:-->
                           <siri:FacilityCode>?</siri:FacilityCode>
                           <!--Zero or more repetitions:-->
                           <siri:Description xml:lang="?">?</siri:Description>
                           <!--Zero or more repetitions:-->
                           <siri:FacilityClass>?</siri:FacilityClass>
                           <!--Optional:-->
                           <siri:Features>
                              <!--1 or more repetitions:-->
                              <siri:Feature>
                                 <!--You have a CHOICE of the next 16 items at this level-->
                                 <siri:AccessFacility>unknown</siri:AccessFacility>
                                 <siri:AccommodationFacility>unknown</siri:AccommodationFacility>
                                 <siri:AssistanceFacility>unknown</siri:AssistanceFacility>
                                 <siri:FareClassFacility>unknown</siri:FareClassFacility>
                                 <siri:HireFacility>unknown</siri:HireFacility>
                                 <siri:LuggageFacility>unknown</siri:LuggageFacility>
                                 <siri:MobilityFacility>unknown</siri:MobilityFacility>
                                 <siri:NuisanceFacility>unknown</siri:NuisanceFacility>
                                 <siri:ParkingFacility>?</siri:ParkingFacility>
                                 <siri:PassengerCommsFacility>unknown</siri:PassengerCommsFacility>
                                 <siri:PassengerInformationFacility>unknown</siri:PassengerInformationFacility>
                                 <siri:RefreshmentFacility>unknown</siri:RefreshmentFacility>
                                 <siri:ReservedSpaceFacility>unknown</siri:ReservedSpaceFacility>
                                 <siri:RetailFacility>unknown</siri:RetailFacility>
                                 <siri:SanitaryFacility>unknown</siri:SanitaryFacility>
                                 <siri:TicketingFacility>unknown</siri:TicketingFacility>
                              </siri:Feature>
                           </siri:Features>
                           <!--Optional:-->
                           <siri:OwnerRef>?</siri:OwnerRef>
                           <!--Optional:-->
                           <siri:OwnerName xml:lang="?">?</siri:OwnerName>
                           <!--Optional:-->
                           <siri:ValidityCondition>
                              <!--Zero or more repetitions:-->
                              <siri:Period>
                                 <siri:StartTime>?</siri:StartTime>
                                 <!--Optional:-->
                                 <siri:EndTime>?</siri:EndTime>
                              </siri:Period>
                              <!--Zero or more repetitions:-->
                              <siri:Timeband>
                                 <siri:StartTime>?</siri:StartTime>
                                 <!--Optional:-->
                                 <siri:EndTime>?</siri:EndTime>
                              </siri:Timeband>
                              <!--Zero or more repetitions:-->
                              <siri:DayType>?</siri:DayType>
                              <!--Zero or more repetitions:-->
                              <siri:HolidayType>?</siri:HolidayType>
                           </siri:ValidityCondition>
                           <!--Optional:-->
                           <siri:FacilityLocation>
                              <!--Optional:-->
                              <siri:LineRef>?</siri:LineRef>
                              <!--Optional:-->
                              <siri:StopPointRef>?</siri:StopPointRef>
                              <!--Optional:-->
                              <siri:VehicleRef>?</siri:VehicleRef>
                              <!--Optional:-->
                              <siri:DatedVehicleJourneyRef>?</siri:DatedVehicleJourneyRef>
                              <!--Optional:-->
                              <siri:ConnectionLinkRef>?</siri:ConnectionLinkRef>
                              <!--Optional:-->
                              <siri:InterchangeRef>?</siri:InterchangeRef>
                              <!--Optional:-->
                              <siri:StopPlaceRef>?</siri:StopPlaceRef>
                              <!--Optional:-->
                              <siri:StopPlaceComponentId>?</siri:StopPlaceComponentId>
                              <!--Optional:-->
                              <siri:OperatorRef>?</siri:OperatorRef>
                              <!--Optional:-->
                              <siri:ProductCategoryRef>?</siri:ProductCategoryRef>
                              <!--Zero or more repetitions:-->
                              <siri:ServiceFeatureRef>?</siri:ServiceFeatureRef>
                              <!--Zero or more repetitions:-->
                              <siri:VehicleFeatureRef>?</siri:VehicleFeatureRef>
                           </siri:FacilityLocation>
                           <!--Optional:-->
                           <siri:Limitations>
                              <acsb:WheelchairAccess>false</acsb:WheelchairAccess>
                              <!--Optional:-->
                              <acsb:StepFreeAccess>unknown</acsb:StepFreeAccess>
                              <!--Optional:-->
                              <acsb:EscalatorFreeAccess>unknown</acsb:EscalatorFreeAccess>
                              <!--Optional:-->
                              <acsb:LiftFreeAccess>unknown</acsb:LiftFreeAccess>
                              <!--Optional:-->
                              <acsb:AudibleSignalsAvailable>false</acsb:AudibleSignalsAvailable>
                              <!--Optional:-->
                              <acsb:VisualSignsAvailable>unknown</acsb:VisualSignsAvailable>
                           </siri:Limitations>
                           <!--Optional:-->
                           <siri:Suitabilities>
                              <!--1 or more repetitions:-->
                              <siri:Suitability>
                                 <acsb:Suitable>?</acsb:Suitable>
                                 <acsb:UserNeed>
                                    <!--You have a CHOICE of the next 4 items at this level-->
                                    <acsb:MobilityNeed>?</acsb:MobilityNeed>
                                    <acsb:PsychosensoryNeed>?</acsb:PsychosensoryNeed>
                                    <acsb:MedicalNeed>?</acsb:MedicalNeed>
                                    <acsb:EncumbranceNeed>?</acsb:EncumbranceNeed>
                                    <!--Optional:-->
                                    <acsb:Excluded>?</acsb:Excluded>
                                    <!--Optional:-->
                                    <acsb:NeedRanking>?</acsb:NeedRanking>
                                    <!--Optional:-->
                                    <acsb:Extensions>?</acsb:Extensions>
                                 </acsb:UserNeed>
                              </siri:Suitability>
                           </siri:Suitabilities>
                           <!--Optional:-->
                           <siri:AccessibilityAssessment>
                              <acsb:MobilityImpairedAccess>?</acsb:MobilityImpairedAccess>
                              <!--Optional:-->
                              <acsb:Limitations>
                                 <!--1 or more repetitions:-->
                                 <acsb:AccessibilityLimitation>
                                    <!--Optional:-->
                                    <acsb:LimitationId>?</acsb:LimitationId>
                                    <!--Optional:-->
                                    <acsb:ValidityCondition>
                                       <!--Optional:-->
                                       <ifop:FromDateTime>?</ifop:FromDateTime>
                                       <!--Optional:-->
                                       <ifop:ToDateTime>?</ifop:ToDateTime>
                                       <!--Optional:-->
                                       <ifop:DayType>?</ifop:DayType>
                                       <!--Zero or more repetitions:-->
                                       <ifop:Timebands>
                                          <ifop:Timeband>
                                             <ifop:StartTime>?</ifop:StartTime>
                                             <!--Optional:-->
                                             <ifop:EndTime>?</ifop:EndTime>
                                          </ifop:Timeband>
                                       </ifop:Timebands>
                                    </acsb:ValidityCondition>
                                    <acsb:WheelchairAccess>false</acsb:WheelchairAccess>
                                    <!--Optional:-->
                                    <acsb:StepFreeAccess>unknown</acsb:StepFreeAccess>
                                    <!--Optional:-->
                                    <acsb:EscalatorFreeAccess>unknown</acsb:EscalatorFreeAccess>
                                    <!--Optional:-->
                                    <acsb:LiftFreeAccess>unknown</acsb:LiftFreeAccess>
                                    <!--Optional:-->
                                    <acsb:AudibleSignalsAvailable>false</acsb:AudibleSignalsAvailable>
                                    <!--Optional:-->
                                    <acsb:VisualSignsAvailable>unknown</acsb:VisualSignsAvailable>
                                    <!--Optional:-->
                                    <ifop:Extensions>
                                       e
                                       <!--You may enter ANY elements at this point-->
                                       gero
                                    </ifop:Extensions>
                                 </acsb:AccessibilityLimitation>
                              </acsb:Limitations>
                              <!--Optional:-->
                              <acsb:Suitabilities>
                                 <!--1 or more repetitions:-->
                                 <acsb:Suitability>
                                    <acsb:Suitable>?</acsb:Suitable>
                                    <acsb:UserNeed>
                                       <!--You have a CHOICE of the next 4 items at this level-->
                                       <acsb:MobilityNeed>?</acsb:MobilityNeed>
                                       <acsb:PsychosensoryNeed>?</acsb:PsychosensoryNeed>
                                       <acsb:MedicalNeed>?</acsb:MedicalNeed>
                                       <acsb:EncumbranceNeed>?</acsb:EncumbranceNeed>
                                       <!--Optional:-->
                                       <acsb:Excluded>?</acsb:Excluded>
                                       <!--Optional:-->
                                       <acsb:NeedRanking>?</acsb:NeedRanking>
                                       <!--Optional:-->
                                       <acsb:Extensions>?</acsb:Extensions>
                                    </acsb:UserNeed>
                                 </acsb:Suitability>
                              </acsb:Suitabilities>
                              <!--Optional:-->
                              <ifop:Extensions>
                                 cum
                                 <!--You may enter ANY elements at this point-->
                                 sonoras
                              </ifop:Extensions>
                           </siri:AccessibilityAssessment>
                           <!--Optional:-->
                           <siri:Extensions>
                              <!--You may enter ANY elements at this point-->
                           </siri:Extensions>
                        </siri:Facility>
                        <siri:FacilityRef>?</siri:FacilityRef>
                        <siri:FacilityStatus>
                           <siri:Status>?</siri:Status>
                           <!--Zero or more repetitions:-->
                           <siri:Description xml:lang="?">?</siri:Description>
                           <!--Optional:-->
                           <siri:AccessibilityAssessment>
                              <acsb:MobilityImpairedAccess>?</acsb:MobilityImpairedAccess>
                              <!--Optional:-->
                              <acsb:Limitations>
                                 <!--1 or more repetitions:-->
                                 <acsb:AccessibilityLimitation>
                                    <!--Optional:-->
                                    <acsb:LimitationId>?</acsb:LimitationId>
                                    <!--Optional:-->
                                    <acsb:ValidityCondition>
                                       <!--Optional:-->
                                       <ifop:FromDateTime>?</ifop:FromDateTime>
                                       <!--Optional:-->
                                       <ifop:ToDateTime>?</ifop:ToDateTime>
                                       <!--Optional:-->
                                       <ifop:DayType>?</ifop:DayType>
                                       <!--Zero or more repetitions:-->
                                       <ifop:Timebands>
                                          <ifop:Timeband>
                                             <ifop:StartTime>?</ifop:StartTime>
                                             <!--Optional:-->
                                             <ifop:EndTime>?</ifop:EndTime>
                                          </ifop:Timeband>
                                       </ifop:Timebands>
                                    </acsb:ValidityCondition>
                                    <acsb:WheelchairAccess>false</acsb:WheelchairAccess>
                                    <!--Optional:-->
                                    <acsb:StepFreeAccess>unknown</acsb:StepFreeAccess>
                                    <!--Optional:-->
                                    <acsb:EscalatorFreeAccess>unknown</acsb:EscalatorFreeAccess>
                                    <!--Optional:-->
                                    <acsb:LiftFreeAccess>unknown</acsb:LiftFreeAccess>
                                    <!--Optional:-->
                                    <acsb:AudibleSignalsAvailable>false</acsb:AudibleSignalsAvailable>
                                    <!--Optional:-->
                                    <acsb:VisualSignsAvailable>unknown</acsb:VisualSignsAvailable>
                                    <!--Optional:-->
                                    <ifop:Extensions>
                                       aeoliam
                                       <!--You may enter ANY elements at this point-->
                                       quae
                                    </ifop:Extensions>
                                 </acsb:AccessibilityLimitation>
                              </acsb:Limitations>
                              <!--Optional:-->
                              <acsb:Suitabilities>
                                 <!--1 or more repetitions:-->
                                 <acsb:Suitability>
                                    <acsb:Suitable>?</acsb:Suitable>
                                    <acsb:UserNeed>
                                       <!--You have a CHOICE of the next 4 items at this level-->
                                       <acsb:MobilityNeed>?</acsb:MobilityNeed>
                                       <acsb:PsychosensoryNeed>?</acsb:PsychosensoryNeed>
                                       <acsb:MedicalNeed>?</acsb:MedicalNeed>
                                       <acsb:EncumbranceNeed>?</acsb:EncumbranceNeed>
                                       <!--Optional:-->
                                       <acsb:Excluded>?</acsb:Excluded>
                                       <!--Optional:-->
                                       <acsb:NeedRanking>?</acsb:NeedRanking>
                                       <!--Optional:-->
                                       <acsb:Extensions>?</acsb:Extensions>
                                    </acsb:UserNeed>
                                 </acsb:Suitability>
                              </acsb:Suitabilities>
                              <!--Optional:-->
                              <ifop:Extensions>
                                 ventos
                                 <!--You may enter ANY elements at this point-->
                                 verrantque
                              </ifop:Extensions>
                           </siri:AccessibilityAssessment>
                           <!--Optional:-->
                           <siri:Extensions>
                              <!--You may enter ANY elements at this point-->
                           </siri:Extensions>
                        </siri:FacilityStatus>
                        <!--Optional:-->
                        <siri:SituationRef>
                           <!--Optional:-->
                           <siri:SituationSimpleRef>?</siri:SituationSimpleRef>
                           <!--Optional:-->
                           <siri:SituationFullRef>
                              <!--Optional:-->
                              <siri:VersionCountryRef>?</siri:VersionCountryRef>
                              <siri:ParticipantRef>?</siri:ParticipantRef>
                              <siri:SituationNumber>?</siri:SituationNumber>
                              <!--Optional:-->
                              <siri:UpdateCountryRef>?</siri:UpdateCountryRef>
                              <!--Optional:-->
                              <siri:UpdateParticipantRef>?</siri:UpdateParticipantRef>
                              <!--Optional:-->
                              <siri:Version>?</siri:Version>
                           </siri:SituationFullRef>
                        </siri:SituationRef>
                        <!--Optional:-->
                        <siri:Remedy>
                           <!--Optional:-->
                           <siri:RemedyType>?</siri:RemedyType>
                           <!--Zero or more repetitions:-->
                           <siri:Description xml:lang="?">?</siri:Description>
                           <!--Optional:-->
                           <siri:Extensions>
                              <!--You may enter ANY elements at this point-->
                           </siri:Extensions>
                        </siri:Remedy>
                        <!--Optional:-->
                        <siri:MonitoringInfo>
                           <!--Optional:-->
                           <siri:MonitoringInterval>?</siri:MonitoringInterval>
                           <!--Optional:-->
                           <siri:MonitoringType>?</siri:MonitoringType>
                           <!--Optional:-->
                           <siri:MonitoringPeriod>
                              <!--Zero or more repetitions:-->
                              <siri:Period>
                                 <siri:StartTime>?</siri:StartTime>
                                 <!--Optional:-->
                                 <siri:EndTime>?</siri:EndTime>
                              </siri:Period>
                              <!--Zero or more repetitions:-->
                              <siri:Timeband>
                                 <siri:StartTime>?</siri:StartTime>
                                 <!--Optional:-->
                                 <siri:EndTime>?</siri:EndTime>
                              </siri:Timeband>
                              <!--Zero or more repetitions:-->
                              <siri:DayType>?</siri:DayType>
                              <!--Zero or more repetitions:-->
                              <siri:HolidayType>?</siri:HolidayType>
                           </siri:MonitoringPeriod>
                           <!--Optional:-->
                           <siri:Extensions>
                              <!--You may enter ANY elements at this point-->
                           </siri:Extensions>
                        </siri:MonitoringInfo>
                        <!--Optional:-->
                        <siri:ValidityPeriod>
                           <siri:StartTime>?</siri:StartTime>
                           <!--Optional:-->
                           <siri:EndTime>?</siri:EndTime>
                        </siri:ValidityPeriod>
                        <!--Optional:-->
                        <siri:Extensions>
                           <!--You may enter ANY elements at this point-->
                        </siri:Extensions>
                     </siri:FacilityConditionElement>
                     <!--Optional:-->
                     <siri:FacilityChangeElement>
                        <!--Optional:-->
                        <siri:EquipmentAvailability>
                           <!--Optional:-->
                           <siri:EquipmentRef>?</siri:EquipmentRef>
                           <!--Zero or more repetitions:-->
                           <siri:Description xml:lang="?">?</siri:Description>
                           <!--Optional:-->
                           <siri:EquipmentTypeRef>?</siri:EquipmentTypeRef>
                           <!--Optional:-->
                           <siri:ValidityPeriod>
                              <siri:StartTime>?</siri:StartTime>
                              <!--Optional:-->
                              <siri:EndTime>?</siri:EndTime>
                           </siri:ValidityPeriod>
                           <siri:EquipmentStatus>notAvailable</siri:EquipmentStatus>
                           <!--Optional:-->
                           <siri:EquipmentFeatures>
                              <!--1 or more repetitions:-->
                              <siri:FeatureRef>?</siri:FeatureRef>
                           </siri:EquipmentFeatures>
                           <!--Optional:-->
                           <siri:Extensions>
                              <!--You may enter ANY elements at this point-->
                           </siri:Extensions>
                        </siri:EquipmentAvailability>
                        <!--Optional:-->
                        <siri:SituationRef>
                           <!--Optional:-->
                           <siri:SituationSimpleRef>?</siri:SituationSimpleRef>
                           <!--Optional:-->
                           <siri:SituationFullRef>
                              <!--Optional:-->
                              <siri:VersionCountryRef>?</siri:VersionCountryRef>
                              <siri:ParticipantRef>?</siri:ParticipantRef>
                              <siri:SituationNumber>?</siri:SituationNumber>
                              <!--Optional:-->
                              <siri:UpdateCountryRef>?</siri:UpdateCountryRef>
                              <!--Optional:-->
                              <siri:UpdateParticipantRef>?</siri:UpdateParticipantRef>
                              <!--Optional:-->
                              <siri:Version>?</siri:Version>
                           </siri:SituationFullRef>
                        </siri:SituationRef>
                        <!--Optional:-->
                        <siri:MobilityDisruption>
                           <siri:MobilityImpairedAccess>?</siri:MobilityImpairedAccess>
                           <!--Zero or more repetitions:-->
                           <siri:AccessFacility>unknown</siri:AccessFacility>
                        </siri:MobilityDisruption>
                     </siri:FacilityChangeElement>
                     <!--Zero or more repetitions:-->
                     <siri:SituationRef>
                        <!--Optional:-->
                        <siri:SituationSimpleRef>?</siri:SituationSimpleRef>
                        <!--Optional:-->
                        <siri:SituationFullRef>
                           <!--Optional:-->
                           <siri:VersionCountryRef>?</siri:VersionCountryRef>
                           <siri:ParticipantRef>?</siri:ParticipantRef>
                           <siri:SituationNumber>?</siri:SituationNumber>
                           <!--Optional:-->
                           <siri:UpdateCountryRef>?</siri:UpdateCountryRef>
                           <!--Optional:-->
                           <siri:UpdateParticipantRef>?</siri:UpdateParticipantRef>
                           <!--Optional:-->
                           <siri:Version>?</siri:Version>
                        </siri:SituationFullRef>
                     </siri:SituationRef>
                     <!--Optional:-->
                     <siri:Monitored>?</siri:Monitored>
                     <!--Optional:-->
                     <siri:MonitoringError>?</siri:MonitoringError>
                     <!--Optional:-->
                     <siri:InCongestion>?</siri:InCongestion>
                     <!--Optional:-->
                     <siri:InPanic>false</siri:InPanic>
                     <!--Optional:-->
                     <siri:PredictionInaccurate>?</siri:PredictionInaccurate>
                     <!--Optional:-->
                     <siri:DataSource>?</siri:DataSource>
                     <!--Optional:-->
                     <siri:ConfidenceLevel>reliable</siri:ConfidenceLevel>
                     <!--Optional:-->
                     <siri:VehicleLocation id="?" srsName="?">
                        <!--You have a CHOICE of the next 2 items at this level-->
                        <siri:Longitude>?</siri:Longitude>
                        <siri:Latitude>?</siri:Latitude>
                        <siri:Coordinates>?</siri:Coordinates>
                        <!--Optional:-->
                        <siri:Precision>?</siri:Precision>
                     </siri:VehicleLocation>
                     <!--Optional:-->
                     <siri:Bearing>?</siri:Bearing>
                     <!--Optional:-->
                     <siri:ProgressRate>?</siri:ProgressRate>
                     <!--Optional:-->
                     <siri:Velocity>?</siri:Velocity>
                     <!--Optional:-->
                     <siri:EngineOn>true</siri:EngineOn>
                     <!--Optional:-->
                     <siri:Occupancy>?</siri:Occupancy>
                     <!--Optional:-->
                     <siri:Delay>?</siri:Delay>
                     <!--Zero or more repetitions:-->
                     <siri:ProgressStatus xml:lang="?">?</siri:ProgressStatus>
                     <!--Optional:-->
                     <siri:VehicleStatus>?</siri:VehicleStatus>
                     <!--Zero or more repetitions:-->
                     <siri:TrainBlockPart>
                        <siri:NumberOfBlockParts>?</siri:NumberOfBlockParts>
                        <siri:TrainPartRef>?</siri:TrainPartRef>
                        <!--Zero or more repetitions:-->
                        <siri:PositionOfTrainBlockPart xml:lang="?">?</siri:PositionOfTrainBlockPart>
                     </siri:TrainBlockPart>
                     <!--Optional:-->
                     <siri:BlockRef>?</siri:BlockRef>
                     <!--Optional:-->
                     <siri:CourseOfJourneyRef>?</siri:CourseOfJourneyRef>
                     <!--Optional:-->
                     <siri:VehicleJourneyRef>?</siri:VehicleJourneyRef>
                     <!--Optional:-->
                     <siri:VehicleRef>?</siri:VehicleRef>
                     <!--Zero or more repetitions:-->
                     <siri:AdditionalVehicleJourneyRef>
                        <siri:DataFrameRef>?</siri:DataFrameRef>
                        <siri:DatedVehicleJourneyRef>?</siri:DatedVehicleJourneyRef>
                     </siri:AdditionalVehicleJourneyRef>
                     <!--Optional:-->
                     <siri:DriverRef>?</siri:DriverRef>
                     <!--Optional:-->
                     <siri:DriverName>?</siri:DriverName>
                     <!--Optional:-->
                     <siri:TrainNumbers>
                        <!--1 or more repetitions:-->
                        <siri:TrainNumberRef>?</siri:TrainNumberRef>
                     </siri:TrainNumbers>
                     <!--Optional:-->
                     <siri:JourneyParts>
                        <!--1 or more repetitions:-->
                        <siri:JourneyPartInfo>
                           <siri:JourneyPartRef>?</siri:JourneyPartRef>
                           <!--Optional:-->
                           <siri:TrainNumberRef>?</siri:TrainNumberRef>
                           <!--Optional:-->
                           <siri:OperatorRef>?</siri:OperatorRef>
                        </siri:JourneyPartInfo>
                     </siri:JourneyParts>
                     <!--Optional:-->
                     <siri:EstimatedCalls>
                        <!--1 or more repetitions:-->
                        <siri:EstimatedCall>
                           <siri:StopPointRef>?</siri:StopPointRef>
                           <!--Optional:-->
                           <siri:VisitNumber>?</siri:VisitNumber>
                           <!--Optional:-->
                           <siri:Order>?</siri:Order>
                           <!--Zero or more repetitions:-->
                           <siri:StopPointName xml:lang="?">?</siri:StopPointName>
                           <!--You have a CHOICE of the next 2 items at this level-->
                           <!--Optional:-->
                           <siri:ExtraCall>?</siri:ExtraCall>
                           <!--Optional:-->
                           <siri:Cancellation>?</siri:Cancellation>
                           <!--Optional:-->
                           <siri:PredictionInaccurate>?</siri:PredictionInaccurate>
                           <!--Optional:-->
                           <siri:Occupancy>?</siri:Occupancy>
                           <!--Optional:-->
                           <siri:VehicleAtStop>false</siri:VehicleAtStop>
                           <!--Optional:-->
                           <siri:VehicleLocationAtStop id="?" srsName="?">
                              <!--You have a CHOICE of the next 2 items at this level-->
                              <siri:Longitude>?</siri:Longitude>
                              <siri:Latitude>?</siri:Latitude>
                              <siri:Coordinates>?</siri:Coordinates>
                              <!--Optional:-->
                              <siri:Precision>?</siri:Precision>
                           </siri:VehicleLocationAtStop>
                           <!--Optional:-->
                           <siri:ReversesAtStop>false</siri:ReversesAtStop>
                           <!--Optional:-->
                           <siri:PlatformTraversal>false</siri:PlatformTraversal>
                           <!--Optional:-->
                           <siri:SignalStatus>?</siri:SignalStatus>
                           <!--Optional:-->
                           <siri:TimingPoint>true</siri:TimingPoint>
                           <!--Optional:-->
                           <siri:BoardingStretch>false</siri:BoardingStretch>
                           <!--Optional:-->
                           <siri:RequestStop>false</siri:RequestStop>
                           <!--Zero or more repetitions:-->
                           <siri:DestinationDisplay xml:lang="?">?</siri:DestinationDisplay>
                           <!--Zero or more repetitions:-->
                           <siri:CallNote xml:lang="?">?</siri:CallNote>
                           <!--Zero or more repetitions:-->
                           <siri:FacilityConditionElement>
                              <!--You have a CHOICE of the next 2 items at this level-->
                              <siri:Facility>
                                 <!--Optional:-->
                                 <siri:FacilityCode>?</siri:FacilityCode>
                                 <!--Zero or more repetitions:-->
                                 <siri:Description xml:lang="?">?</siri:Description>
                                 <!--Zero or more repetitions:-->
                                 <siri:FacilityClass>?</siri:FacilityClass>
                                 <!--Optional:-->
                                 <siri:Features>
                                    <!--1 or more repetitions:-->
                                    <siri:Feature>
                                       <!--You have a CHOICE of the next 16 items at this level-->
                                       <siri:AccessFacility>unknown</siri:AccessFacility>
                                       <siri:AccommodationFacility>unknown</siri:AccommodationFacility>
                                       <siri:AssistanceFacility>unknown</siri:AssistanceFacility>
                                       <siri:FareClassFacility>unknown</siri:FareClassFacility>
                                       <siri:HireFacility>unknown</siri:HireFacility>
                                       <siri:LuggageFacility>unknown</siri:LuggageFacility>
                                       <siri:MobilityFacility>unknown</siri:MobilityFacility>
                                       <siri:NuisanceFacility>unknown</siri:NuisanceFacility>
                                       <siri:ParkingFacility>?</siri:ParkingFacility>
                                       <siri:PassengerCommsFacility>unknown</siri:PassengerCommsFacility>
                                       <siri:PassengerInformationFacility>unknown</siri:PassengerInformationFacility>
                                       <siri:RefreshmentFacility>unknown</siri:RefreshmentFacility>
                                       <siri:ReservedSpaceFacility>unknown</siri:ReservedSpaceFacility>
                                       <siri:RetailFacility>unknown</siri:RetailFacility>
                                       <siri:SanitaryFacility>unknown</siri:SanitaryFacility>
                                       <siri:TicketingFacility>unknown</siri:TicketingFacility>
                                    </siri:Feature>
                                 </siri:Features>
                                 <!--Optional:-->
                                 <siri:OwnerRef>?</siri:OwnerRef>
                                 <!--Optional:-->
                                 <siri:OwnerName xml:lang="?">?</siri:OwnerName>
                                 <!--Optional:-->
                                 <siri:ValidityCondition>
                                    <!--Zero or more repetitions:-->
                                    <siri:Period>
                                       <siri:StartTime>?</siri:StartTime>
                                       <!--Optional:-->
                                       <siri:EndTime>?</siri:EndTime>
                                    </siri:Period>
                                    <!--Zero or more repetitions:-->
                                    <siri:Timeband>
                                       <siri:StartTime>?</siri:StartTime>
                                       <!--Optional:-->
                                       <siri:EndTime>?</siri:EndTime>
                                    </siri:Timeband>
                                    <!--Zero or more repetitions:-->
                                    <siri:DayType>?</siri:DayType>
                                    <!--Zero or more repetitions:-->
                                    <siri:HolidayType>?</siri:HolidayType>
                                 </siri:ValidityCondition>
                                 <!--Optional:-->
                                 <siri:FacilityLocation>
                                    <!--Optional:-->
                                    <siri:LineRef>?</siri:LineRef>
                                    <!--Optional:-->
                                    <siri:StopPointRef>?</siri:StopPointRef>
                                    <!--Optional:-->
                                    <siri:VehicleRef>?</siri:VehicleRef>
                                    <!--Optional:-->
                                    <siri:DatedVehicleJourneyRef>?</siri:DatedVehicleJourneyRef>
                                    <!--Optional:-->
                                    <siri:ConnectionLinkRef>?</siri:ConnectionLinkRef>
                                    <!--Optional:-->
                                    <siri:InterchangeRef>?</siri:InterchangeRef>
                                    <!--Optional:-->
                                    <siri:StopPlaceRef>?</siri:StopPlaceRef>
                                    <!--Optional:-->
                                    <siri:StopPlaceComponentId>?</siri:StopPlaceComponentId>
                                    <!--Optional:-->
                                    <siri:OperatorRef>?</siri:OperatorRef>
                                    <!--Optional:-->
                                    <siri:ProductCategoryRef>?</siri:ProductCategoryRef>
                                    <!--Zero or more repetitions:-->
                                    <siri:ServiceFeatureRef>?</siri:ServiceFeatureRef>
                                    <!--Zero or more repetitions:-->
                                    <siri:VehicleFeatureRef>?</siri:VehicleFeatureRef>
                                 </siri:FacilityLocation>
                                 <!--Optional:-->
                                 <siri:Limitations>
                                    <acsb:WheelchairAccess>false</acsb:WheelchairAccess>
                                    <!--Optional:-->
                                    <acsb:StepFreeAccess>unknown</acsb:StepFreeAccess>
                                    <!--Optional:-->
                                    <acsb:EscalatorFreeAccess>unknown</acsb:EscalatorFreeAccess>
                                    <!--Optional:-->
                                    <acsb:LiftFreeAccess>unknown</acsb:LiftFreeAccess>
                                    <!--Optional:-->
                                    <acsb:AudibleSignalsAvailable>false</acsb:AudibleSignalsAvailable>
                                    <!--Optional:-->
                                    <acsb:VisualSignsAvailable>unknown</acsb:VisualSignsAvailable>
                                 </siri:Limitations>
                                 <!--Optional:-->
                                 <siri:Suitabilities>
                                    <!--1 or more repetitions:-->
                                    <siri:Suitability>
                                       <acsb:Suitable>?</acsb:Suitable>
                                       <acsb:UserNeed>
                                          <!--You have a CHOICE of the next 4 items at this level-->
                                          <acsb:MobilityNeed>?</acsb:MobilityNeed>
                                          <acsb:PsychosensoryNeed>?</acsb:PsychosensoryNeed>
                                          <acsb:MedicalNeed>?</acsb:MedicalNeed>
                                          <acsb:EncumbranceNeed>?</acsb:EncumbranceNeed>
                                          <!--Optional:-->
                                          <acsb:Excluded>?</acsb:Excluded>
                                          <!--Optional:-->
                                          <acsb:NeedRanking>?</acsb:NeedRanking>
                                          <!--Optional:-->
                                          <acsb:Extensions>?</acsb:Extensions>
                                       </acsb:UserNeed>
                                    </siri:Suitability>
                                 </siri:Suitabilities>
                                 <!--Optional:-->
                                 <siri:AccessibilityAssessment>
                                    <acsb:MobilityImpairedAccess>?</acsb:MobilityImpairedAccess>
                                    <!--Optional:-->
                                    <acsb:Limitations>
                                       <!--1 or more repetitions:-->
                                       <acsb:AccessibilityLimitation>
                                          <!--Optional:-->
                                          <acsb:LimitationId>?</acsb:LimitationId>
                                          <!--Optional:-->
                                          <acsb:ValidityCondition>
                                             <!--Optional:-->
                                             <ifop:FromDateTime>?</ifop:FromDateTime>
                                             <!--Optional:-->
                                             <ifop:ToDateTime>?</ifop:ToDateTime>
                                             <!--Optional:-->
                                             <ifop:DayType>?</ifop:DayType>
                                             <!--Zero or more repetitions:-->
                                             <ifop:Timebands>
                                                <ifop:Timeband>
                                                   <ifop:StartTime>?</ifop:StartTime>
                                                   <!--Optional:-->
                                                   <ifop:EndTime>?</ifop:EndTime>
                                                </ifop:Timeband>
                                             </ifop:Timebands>
                                          </acsb:ValidityCondition>
                                          <acsb:WheelchairAccess>false</acsb:WheelchairAccess>
                                          <!--Optional:-->
                                          <acsb:StepFreeAccess>unknown</acsb:StepFreeAccess>
                                          <!--Optional:-->
                                          <acsb:EscalatorFreeAccess>unknown</acsb:EscalatorFreeAccess>
                                          <!--Optional:-->
                                          <acsb:LiftFreeAccess>unknown</acsb:LiftFreeAccess>
                                          <!--Optional:-->
                                          <acsb:AudibleSignalsAvailable>false</acsb:AudibleSignalsAvailable>
                                          <!--Optional:-->
                                          <acsb:VisualSignsAvailable>unknown</acsb:VisualSignsAvailable>
                                          <!--Optional:-->
                                          <ifop:Extensions>
                                             temperat
                                             <!--You may enter ANY elements at this point-->
                                             per
                                          </ifop:Extensions>
                                       </acsb:AccessibilityLimitation>
                                    </acsb:Limitations>
                                    <!--Optional:-->
                                    <acsb:Suitabilities>
                                       <!--1 or more repetitions:-->
                                       <acsb:Suitability>
                                          <acsb:Suitable>?</acsb:Suitable>
                                          <acsb:UserNeed>
                                             <!--You have a CHOICE of the next 4 items at this level-->
                                             <acsb:MobilityNeed>?</acsb:MobilityNeed>
                                             <acsb:PsychosensoryNeed>?</acsb:PsychosensoryNeed>
                                             <acsb:MedicalNeed>?</acsb:MedicalNeed>
                                             <acsb:EncumbranceNeed>?</acsb:EncumbranceNeed>
                                             <!--Optional:-->
                                             <acsb:Excluded>?</acsb:Excluded>
                                             <!--Optional:-->
                                             <acsb:NeedRanking>?</acsb:NeedRanking>
                                             <!--Optional:-->
                                             <acsb:Extensions>?</acsb:Extensions>
                                          </acsb:UserNeed>
                                       </acsb:Suitability>
                                    </acsb:Suitabilities>
                                    <!--Optional:-->
                                    <ifop:Extensions>
                                       turbine
                                       <!--You may enter ANY elements at this point-->
                                       circum
                                    </ifop:Extensions>
                                 </siri:AccessibilityAssessment>
                                 <!--Optional:-->
                                 <siri:Extensions>
                                    <!--You may enter ANY elements at this point-->
                                 </siri:Extensions>
                              </siri:Facility>
                              <siri:FacilityRef>?</siri:FacilityRef>
                              <siri:FacilityStatus>
                                 <siri:Status>?</siri:Status>
                                 <!--Zero or more repetitions:-->
                                 <siri:Description xml:lang="?">?</siri:Description>
                                 <!--Optional:-->
                                 <siri:AccessibilityAssessment>
                                    <acsb:MobilityImpairedAccess>?</acsb:MobilityImpairedAccess>
                                    <!--Optional:-->
                                    <acsb:Limitations>
                                       <!--1 or more repetitions:-->
                                       <acsb:AccessibilityLimitation>
                                          <!--Optional:-->
                                          <acsb:LimitationId>?</acsb:LimitationId>
                                          <!--Optional:-->
                                          <acsb:ValidityCondition>
                                             <!--Optional:-->
                                             <ifop:FromDateTime>?</ifop:FromDateTime>
                                             <!--Optional:-->
                                             <ifop:ToDateTime>?</ifop:ToDateTime>
                                             <!--Optional:-->
                                             <ifop:DayType>?</ifop:DayType>
                                             <!--Zero or more repetitions:-->
                                             <ifop:Timebands>
                                                <ifop:Timeband>
                                                   <ifop:StartTime>?</ifop:StartTime>
                                                   <!--Optional:-->
                                                   <ifop:EndTime>?</ifop:EndTime>
                                                </ifop:Timeband>
                                             </ifop:Timebands>
                                          </acsb:ValidityCondition>
                                          <acsb:WheelchairAccess>false</acsb:WheelchairAccess>
                                          <!--Optional:-->
                                          <acsb:StepFreeAccess>unknown</acsb:StepFreeAccess>
                                          <!--Optional:-->
                                          <acsb:EscalatorFreeAccess>unknown</acsb:EscalatorFreeAccess>
                                          <!--Optional:-->
                                          <acsb:LiftFreeAccess>unknown</acsb:LiftFreeAccess>
                                          <!--Optional:-->
                                          <acsb:AudibleSignalsAvailable>false</acsb:AudibleSignalsAvailable>
                                          <!--Optional:-->
                                          <acsb:VisualSignsAvailable>unknown</acsb:VisualSignsAvailable>
                                          <!--Optional:-->
                                          <ifop:Extensions>
                                             regemque
                                             <!--You may enter ANY elements at this point-->
                                             nimborum
                                          </ifop:Extensions>
                                       </acsb:AccessibilityLimitation>
                                    </acsb:Limitations>
                                    <!--Optional:-->
                                    <acsb:Suitabilities>
                                       <!--1 or more repetitions:-->
                                       <acsb:Suitability>
                                          <acsb:Suitable>?</acsb:Suitable>
                                          <acsb:UserNeed>
                                             <!--You have a CHOICE of the next 4 items at this level-->
                                             <acsb:MobilityNeed>?</acsb:MobilityNeed>
                                             <acsb:PsychosensoryNeed>?</acsb:PsychosensoryNeed>
                                             <acsb:MedicalNeed>?</acsb:MedicalNeed>
                                             <acsb:EncumbranceNeed>?</acsb:EncumbranceNeed>
                                             <!--Optional:-->
                                             <acsb:Excluded>?</acsb:Excluded>
                                             <!--Optional:-->
                                             <acsb:NeedRanking>?</acsb:NeedRanking>
                                             <!--Optional:-->
                                             <acsb:Extensions>?</acsb:Extensions>
                                          </acsb:UserNeed>
                                       </acsb:Suitability>
                                    </acsb:Suitabilities>
                                    <!--Optional:-->
                                    <ifop:Extensions>
                                       fremunt
                                       <!--You may enter ANY elements at this point-->
                                       foedere
                                    </ifop:Extensions>
                                 </siri:AccessibilityAssessment>
                                 <!--Optional:-->
                                 <siri:Extensions>
                                    <!--You may enter ANY elements at this point-->
                                 </siri:Extensions>
                              </siri:FacilityStatus>
                              <!--Optional:-->
                              <siri:SituationRef>
                                 <!--Optional:-->
                                 <siri:SituationSimpleRef>?</siri:SituationSimpleRef>
                                 <!--Optional:-->
                                 <siri:SituationFullRef>
                                    <!--Optional:-->
                                    <siri:VersionCountryRef>?</siri:VersionCountryRef>
                                    <siri:ParticipantRef>?</siri:ParticipantRef>
                                    <siri:SituationNumber>?</siri:SituationNumber>
                                    <!--Optional:-->
                                    <siri:UpdateCountryRef>?</siri:UpdateCountryRef>
                                    <!--Optional:-->
                                    <siri:UpdateParticipantRef>?</siri:UpdateParticipantRef>
                                    <!--Optional:-->
                                    <siri:Version>?</siri:Version>
                                 </siri:SituationFullRef>
                              </siri:SituationRef>
                              <!--Optional:-->
                              <siri:Remedy>
                                 <!--Optional:-->
                                 <siri:RemedyType>?</siri:RemedyType>
                                 <!--Zero or more repetitions:-->
                                 <siri:Description xml:lang="?">?</siri:Description>
                                 <!--Optional:-->
                                 <siri:Extensions>
                                    <!--You may enter ANY elements at this point-->
                                 </siri:Extensions>
                              </siri:Remedy>
                              <!--Optional:-->
                              <siri:MonitoringInfo>
                                 <!--Optional:-->
                                 <siri:MonitoringInterval>?</siri:MonitoringInterval>
                                 <!--Optional:-->
                                 <siri:MonitoringType>?</siri:MonitoringType>
                                 <!--Optional:-->
                                 <siri:MonitoringPeriod>
                                    <!--Zero or more repetitions:-->
                                    <siri:Period>
                                       <siri:StartTime>?</siri:StartTime>
                                       <!--Optional:-->
                                       <siri:EndTime>?</siri:EndTime>
                                    </siri:Period>
                                    <!--Zero or more repetitions:-->
                                    <siri:Timeband>
                                       <siri:StartTime>?</siri:StartTime>
                                       <!--Optional:-->
                                       <siri:EndTime>?</siri:EndTime>
                                    </siri:Timeband>
                                    <!--Zero or more repetitions:-->
                                    <siri:DayType>?</siri:DayType>
                                    <!--Zero or more repetitions:-->
                                    <siri:HolidayType>?</siri:HolidayType>
                                 </siri:MonitoringPeriod>
                                 <!--Optional:-->
                                 <siri:Extensions>
                                    <!--You may enter ANY elements at this point-->
                                 </siri:Extensions>
                              </siri:MonitoringInfo>
                              <!--Optional:-->
                              <siri:ValidityPeriod>
                                 <siri:StartTime>?</siri:StartTime>
                                 <!--Optional:-->
                                 <siri:EndTime>?</siri:EndTime>
                              </siri:ValidityPeriod>
                              <!--Optional:-->
                              <siri:Extensions>
                                 <!--You may enter ANY elements at this point-->
                              </siri:Extensions>
                           </siri:FacilityConditionElement>
                           <!--Optional:-->
                           <siri:FacilityChangeElement>
                              <!--Optional:-->
                              <siri:EquipmentAvailability>
                                 <!--Optional:-->
                                 <siri:EquipmentRef>?</siri:EquipmentRef>
                                 <!--Zero or more repetitions:-->
                                 <siri:Description xml:lang="?">?</siri:Description>
                                 <!--Optional:-->
                                 <siri:EquipmentTypeRef>?</siri:EquipmentTypeRef>
                                 <!--Optional:-->
                                 <siri:ValidityPeriod>
                                    <siri:StartTime>?</siri:StartTime>
                                    <!--Optional:-->
                                    <siri:EndTime>?</siri:EndTime>
                                 </siri:ValidityPeriod>
                                 <siri:EquipmentStatus>notAvailable</siri:EquipmentStatus>
                                 <!--Optional:-->
                                 <siri:EquipmentFeatures>
                                    <!--1 or more repetitions:-->
                                    <siri:FeatureRef>?</siri:FeatureRef>
                                 </siri:EquipmentFeatures>
                                 <!--Optional:-->
                                 <siri:Extensions>
                                    <!--You may enter ANY elements at this point-->
                                 </siri:Extensions>
                              </siri:EquipmentAvailability>
                              <!--Optional:-->
                              <siri:SituationRef>
                                 <!--Optional:-->
                                 <siri:SituationSimpleRef>?</siri:SituationSimpleRef>
                                 <!--Optional:-->
                                 <siri:SituationFullRef>
                                    <!--Optional:-->
                                    <siri:VersionCountryRef>?</siri:VersionCountryRef>
                                    <siri:ParticipantRef>?</siri:ParticipantRef>
                                    <siri:SituationNumber>?</siri:SituationNumber>
                                    <!--Optional:-->
                                    <siri:UpdateCountryRef>?</siri:UpdateCountryRef>
                                    <!--Optional:-->
                                    <siri:UpdateParticipantRef>?</siri:UpdateParticipantRef>
                                    <!--Optional:-->
                                    <siri:Version>?</siri:Version>
                                 </siri:SituationFullRef>
                              </siri:SituationRef>
                              <!--Optional:-->
                              <siri:MobilityDisruption>
                                 <siri:MobilityImpairedAccess>?</siri:MobilityImpairedAccess>
                                 <!--Zero or more repetitions:-->
                                 <siri:AccessFacility>unknown</siri:AccessFacility>
                              </siri:MobilityDisruption>
                           </siri:FacilityChangeElement>
                           <!--Zero or more repetitions:-->
                           <siri:SituationRef>
                              <!--Optional:-->
                              <siri:SituationSimpleRef>?</siri:SituationSimpleRef>
                              <!--Optional:-->
                              <siri:SituationFullRef>
                                 <!--Optional:-->
                                 <siri:VersionCountryRef>?</siri:VersionCountryRef>
                                 <siri:ParticipantRef>?</siri:ParticipantRef>
                                 <siri:SituationNumber>?</siri:SituationNumber>
                                 <!--Optional:-->
                                 <siri:UpdateCountryRef>?</siri:UpdateCountryRef>
                                 <!--Optional:-->
                                 <siri:UpdateParticipantRef>?</siri:UpdateParticipantRef>
                                 <!--Optional:-->
                                 <siri:Version>?</siri:Version>
                              </siri:SituationFullRef>
                           </siri:SituationRef>
                           <!--Optional:-->
                           <siri:AimedArrivalTime>?</siri:AimedArrivalTime>
                           <!--Optional:-->
                           <siri:ExpectedArrivalTime>?</siri:ExpectedArrivalTime>
                           <!--Optional:-->
                           <siri:ExpectedArrivalPredictionQuality>
                              <siri:PredictionLevel>?</siri:PredictionLevel>
                              <!--Optional:-->
                              <siri:Percentile>0.9</siri:Percentile>
                              <!--Optional:-->
                              <siri:LowerTimeLimit>?</siri:LowerTimeLimit>
                              <!--Optional:-->
                              <siri:HigherTimeLimit>?</siri:HigherTimeLimit>
                           </siri:ExpectedArrivalPredictionQuality>
                           <!--Optional:-->
                           <siri:ArrivalStatus>?</siri:ArrivalStatus>
                           <!--Optional:-->
                           <siri:ArrivalProximityText xml:lang="?">?</siri:ArrivalProximityText>
                           <!--Optional:-->
                           <siri:ArrivalPlatformName xml:lang="?">?</siri:ArrivalPlatformName>
                           <!--Optional:-->
                           <siri:ArrivalBoardingActivity>alighting</siri:ArrivalBoardingActivity>
                           <!--Optional:-->
                           <siri:ArrivalStopAssignment>
                              <!--Optional:-->
                              <siri:AimedQuayRef>?</siri:AimedQuayRef>
                              <!--Zero or more repetitions:-->
                              <siri:AimedQuayName xml:lang="?">?</siri:AimedQuayName>
                              <!--Optional:-->
                              <siri:ExpectedQuayRef>?</siri:ExpectedQuayRef>
                              <!--Optional:-->
                              <siri:ActualQuayRef>?</siri:ActualQuayRef>
                           </siri:ArrivalStopAssignment>
                           <!--Zero or more repetitions:-->
                           <siri:ArrivalOperatorRefs>?</siri:ArrivalOperatorRefs>
                           <!--Optional:-->
                           <siri:AimedDepartureTime>?</siri:AimedDepartureTime>
                           <!--Optional:-->
                           <siri:ExpectedDepartureTime>?</siri:ExpectedDepartureTime>
                           <!--Optional:-->
                           <siri:ProvisionalExpectedDepartureTime>?</siri:ProvisionalExpectedDepartureTime>
                           <!--Optional:-->
                           <siri:EarliestExpectedDepartureTime>?</siri:EarliestExpectedDepartureTime>
                           <!--Optional:-->
                           <siri:ExpectedDeparturePredictionQuality>
                              <siri:PredictionLevel>?</siri:PredictionLevel>
                              <!--Optional:-->
                              <siri:Percentile>0.9</siri:Percentile>
                              <!--Optional:-->
                              <siri:LowerTimeLimit>?</siri:LowerTimeLimit>
                              <!--Optional:-->
                              <siri:HigherTimeLimit>?</siri:HigherTimeLimit>
                           </siri:ExpectedDeparturePredictionQuality>
                           <!--Optional:-->
                           <siri:AimedLatestPassengerAccessTime>?</siri:AimedLatestPassengerAccessTime>
                           <!--Optional:-->
                           <siri:ExpectedLatestPassengerAccessTime>?</siri:ExpectedLatestPassengerAccessTime>
                           <!--Optional:-->
                           <siri:DepartureStatus>?</siri:DepartureStatus>
                           <!--Optional:-->
                           <siri:DepartureProximityText xml:lang="?">?</siri:DepartureProximityText>
                           <!--Optional:-->
                           <siri:DeparturePlatformName xml:lang="?">?</siri:DeparturePlatformName>
                           <!--Optional:-->
                           <siri:DepartureBoardingActivity>boarding</siri:DepartureBoardingActivity>
                           <!--Optional:-->
                           <siri:DepartureStopAssignment>
                              <!--Optional:-->
                              <siri:AimedQuayRef>?</siri:AimedQuayRef>
                              <!--Zero or more repetitions:-->
                              <siri:AimedQuayName xml:lang="?">?</siri:AimedQuayName>
                              <!--Optional:-->
                              <siri:ExpectedQuayRef>?</siri:ExpectedQuayRef>
                              <!--Optional:-->
                              <siri:ActualQuayRef>?</siri:ActualQuayRef>
                           </siri:DepartureStopAssignment>
                           <!--Zero or more repetitions:-->
                           <siri:DepartureOperatorRefs>?</siri:DepartureOperatorRefs>
                           <!--Optional:-->
                           <siri:AimedHeadwayInterval>?</siri:AimedHeadwayInterval>
                           <!--Optional:-->
                           <siri:ExpectedHeadwayInterval>?</siri:ExpectedHeadwayInterval>
                           <!--Optional:-->
                           <siri:DistanceFromStop>?</siri:DistanceFromStop>
                           <!--Optional:-->
                           <siri:NumberOfStopsAway>?</siri:NumberOfStopsAway>
                           <!--Optional:-->
                           <siri:Extensions>
                              <!--You may enter ANY elements at this point-->
                           </siri:Extensions>
                        </siri:EstimatedCall>
                     </siri:EstimatedCalls>
                     <!--Optional:-->
                     <siri:IsCompleteStopSequence>false</siri:IsCompleteStopSequence>
                     <!--Optional:-->
                     <siri:Extensions>
                        <!--You may enter ANY elements at this point-->
                     </siri:Extensions>
                  </siri:EstimatedVehicleJourney>
                  <!--Zero or more repetitions:-->
                  <siri:EstimatedServiceJourneyInterchange>
                     <!--You have a CHOICE of the next 2 items at this level-->
                     <siri:InterchangeRef>?</siri:InterchangeRef>
                     <siri:FeederJourneyRef>
                        <!--Optional:-->
                        <siri:FramedVehicleJourneyRef>
                           <siri:DataFrameRef>?</siri:DataFrameRef>
                           <siri:DatedVehicleJourneyRef>?</siri:DatedVehicleJourneyRef>
                        </siri:FramedVehicleJourneyRef>
                        <!--Optional:-->
                        <siri:LineRef>?</siri:LineRef>
                        <!--Optional:-->
                        <siri:ParticipantRef>?</siri:ParticipantRef>
                     </siri:FeederJourneyRef>
                     <siri:DistributorJourneyRef>
                        <!--Optional:-->
                        <siri:FramedVehicleJourneyRef>
                           <siri:DataFrameRef>?</siri:DataFrameRef>
                           <siri:DatedVehicleJourneyRef>?</siri:DatedVehicleJourneyRef>
                        </siri:FramedVehicleJourneyRef>
                        <!--Optional:-->
                        <siri:LineRef>?</siri:LineRef>
                        <!--Optional:-->
                        <siri:ParticipantRef>?</siri:ParticipantRef>
                     </siri:DistributorJourneyRef>
                     <!--You have a CHOICE of the next 2 items at this level-->
                     <siri:WillNotWait>?</siri:WillNotWait>
                     <siri:WillWait>
                        <siri:WaitUntilTime>?</siri:WaitUntilTime>
                        <!--Optional:-->
                        <siri:DriverHasAcknowledgeWIllWait>?</siri:DriverHasAcknowledgeWIllWait>
                     </siri:WillWait>
                     <!--Optional:-->
                     <siri:ExpectedDepartureTimeOfDistributor>?</siri:ExpectedDepartureTimeOfDistributor>
                     <!--Optional:-->
                     <siri:ConnectionMonitoring>?</siri:ConnectionMonitoring>
                  </siri:EstimatedServiceJourneyInterchange>
               </siri:EstimatedJourneyVersionFrame>
               <!--Optional:-->
               <siri:Extensions>
                  <!--You may enter ANY elements at this point-->
               </siri:Extensions>
            </siri:EstimatedTimetableDelivery>
         </Notification>
         <NotifyExtension>
            <!--You may enter ANY elements at this point-->
         </NotifyExtension>
      </wsdl:NotifyEstimatedTimetable>
   </soapenv:Body>
</soapenv:Envelope>]]></con:request><con:wsaConfig mustUnderstand="NONE" version="200508" action="GetEstimatedTimetable"/></con:call></con:operation><con:operation isOneWay="false" action="GetFacilityMonitoring" name="NotifyFacilityMonitoring" bindingOperationName="NotifyFacilityMonitoring" type="One-Way" inputName="" sendsAttachments="false" anonymous="optional"><con:settings/><con:call name="Request 1"><con:settings/><con:encoding>UTF-8</con:encoding><con:endpoint>http://www.siri-service-location.com</con:endpoint><con:request><![CDATA[<soapenv:Envelope xmlns:soapenv="http://schemas.xmlsoap.org/soap/envelope/" xmlns:wsdl="http://wsdl.siri.org.uk" xmlns:siri="http://www.siri.org.uk/siri" xmlns:acsb="http://www.ifopt.org.uk/acsb" xmlns:ifop="http://www.ifopt.org.uk/ifopt">
   <soapenv:Header/>
   <soapenv:Body>
      <wsdl:NotifyFacilityMonitoring>
         <ServiceDeliveryInfo>
            <siri:ResponseTimestamp>?</siri:ResponseTimestamp>
            <!--Optional:-->
            <siri:ProducerRef>?</siri:ProducerRef>
            <!--Optional:-->
            <siri:Address>?</siri:Address>
            <!--Optional:-->
            <siri:ResponseMessageIdentifier>?</siri:ResponseMessageIdentifier>
            <!--Optional:-->
            <siri:RequestMessageRef>?</siri:RequestMessageRef>
         </ServiceDeliveryInfo>
         <Notification>
            <!--1 or more repetitions:-->
            <siri:FacilityMonitoringDelivery version="2.0">
               <siri:ResponseTimestamp>?</siri:ResponseTimestamp>
               <!--You have a CHOICE of the next 2 items at this level-->
               <!--Optional:-->
               <siri:RequestMessageRef>?</siri:RequestMessageRef>
               <!--Optional:-->
               <siri:SubscriberRef>?</siri:SubscriberRef>
               <!--Optional:-->
               <siri:SubscriptionFilterRef>?</siri:SubscriptionFilterRef>
               <siri:SubscriptionRef>?</siri:SubscriptionRef>
               <!--Optional:-->
               <siri:DelegatorAddress>?</siri:DelegatorAddress>
               <!--Optional:-->
               <siri:DelegatorRef>?</siri:DelegatorRef>
               <!--Optional:-->
               <siri:Status>true</siri:Status>
               <!--Optional:-->
               <siri:ErrorCondition>
                  <!--You have a CHOICE of the next 15 items at this level-->
                  <siri:UnapprovedKeyAccessError number="?">
                     <!--Optional:-->
                     <siri:ErrorText>?</siri:ErrorText>
                     <!--Optional:-->
                     <siri:Key>?</siri:Key>
                  </siri:UnapprovedKeyAccessError>
                  <siri:UnknownParticipantError number="?">
                     <!--Optional:-->
                     <siri:ErrorText>?</siri:ErrorText>
                     <!--Optional:-->
                     <siri:ParticipantRef>?</siri:ParticipantRef>
                  </siri:UnknownParticipantError>
                  <siri:UnknownEndpointError number="?">
                     <!--Optional:-->
                     <siri:ErrorText>?</siri:ErrorText>
                     <!--Optional:-->
                     <siri:Endpoint>?</siri:Endpoint>
                  </siri:UnknownEndpointError>
                  <siri:EndpointDeniedAccessError number="?">
                     <!--Optional:-->
                     <siri:ErrorText>?</siri:ErrorText>
                     <!--Optional:-->
                     <siri:Endpoint>?</siri:Endpoint>
                  </siri:EndpointDeniedAccessError>
                  <siri:EndpointNotAvailableAccessError number="?">
                     <!--Optional:-->
                     <siri:ErrorText>?</siri:ErrorText>
                     <!--Optional:-->
                     <siri:Endpoint>?</siri:Endpoint>
                  </siri:EndpointNotAvailableAccessError>
                  <siri:ServiceNotAvailableError number="?">
                     <!--Optional:-->
                     <siri:ErrorText>?</siri:ErrorText>
                     <!--Optional:-->
                     <siri:ExpectedRestartTime>?</siri:ExpectedRestartTime>
                  </siri:ServiceNotAvailableError>
                  <siri:CapabilityNotSupportedError number="?">
                     <!--Optional:-->
                     <siri:ErrorText>?</siri:ErrorText>
                     <!--Optional:-->
                     <siri:CapabilityRef>?</siri:CapabilityRef>
                  </siri:CapabilityNotSupportedError>
                  <siri:AccessNotAllowedError number="?">
                     <!--Optional:-->
                     <siri:ErrorText>?</siri:ErrorText>
                  </siri:AccessNotAllowedError>
                  <siri:InvalidDataReferencesError number="?">
                     <!--Optional:-->
                     <siri:ErrorText>?</siri:ErrorText>
                     <!--Zero or more repetitions:-->
                     <siri:InvalidRef>?</siri:InvalidRef>
                  </siri:InvalidDataReferencesError>
                  <siri:BeyondDataHorizon number="?">
                     <!--Optional:-->
                     <siri:ErrorText>?</siri:ErrorText>
                  </siri:BeyondDataHorizon>
                  <siri:NoInfoForTopicError number="?">
                     <!--Optional:-->
                     <siri:ErrorText>?</siri:ErrorText>
                  </siri:NoInfoForTopicError>
                  <siri:ParametersIgnoredError number="?">
                     <!--Optional:-->
                     <siri:ErrorText>?</siri:ErrorText>
                     <!--Zero or more repetitions:-->
                     <siri:ParameterName>?</siri:ParameterName>
                  </siri:ParametersIgnoredError>
                  <siri:UnknownExtensionsError number="?">
                     <!--Optional:-->
                     <siri:ErrorText>?</siri:ErrorText>
                     <!--Zero or more repetitions:-->
                     <siri:ExtensionName>?</siri:ExtensionName>
                  </siri:UnknownExtensionsError>
                  <siri:AllowedResourceUsageExceededError number="?">
                     <!--Optional:-->
                     <siri:ErrorText>?</siri:ErrorText>
                  </siri:AllowedResourceUsageExceededError>
                  <siri:OtherError number="?">
                     <!--Optional:-->
                     <siri:ErrorText>?</siri:ErrorText>
                  </siri:OtherError>
                  <!--Optional:-->
                  <siri:Description>?</siri:Description>
               </siri:ErrorCondition>
               <!--Optional:-->
               <siri:ValidUntil>?</siri:ValidUntil>
               <!--Optional:-->
               <siri:ShortestPossibleCycle>?</siri:ShortestPossibleCycle>
               <!--Optional:-->
               <siri:DefaultLanguage>?</siri:DefaultLanguage>
               <!--Zero or more repetitions:-->
               <siri:FacilityCondition>
                  <!--You have a CHOICE of the next 2 items at this level-->
                  <siri:Facility>
                     <!--Optional:-->
                     <siri:FacilityCode>?</siri:FacilityCode>
                     <!--Zero or more repetitions:-->
                     <siri:Description xml:lang="?">?</siri:Description>
                     <!--Zero or more repetitions:-->
                     <siri:FacilityClass>?</siri:FacilityClass>
                     <!--Optional:-->
                     <siri:Features>
                        <!--1 or more repetitions:-->
                        <siri:Feature>
                           <!--You have a CHOICE of the next 16 items at this level-->
                           <siri:AccessFacility>unknown</siri:AccessFacility>
                           <siri:AccommodationFacility>unknown</siri:AccommodationFacility>
                           <siri:AssistanceFacility>unknown</siri:AssistanceFacility>
                           <siri:FareClassFacility>unknown</siri:FareClassFacility>
                           <siri:HireFacility>unknown</siri:HireFacility>
                           <siri:LuggageFacility>unknown</siri:LuggageFacility>
                           <siri:MobilityFacility>unknown</siri:MobilityFacility>
                           <siri:NuisanceFacility>unknown</siri:NuisanceFacility>
                           <siri:ParkingFacility>?</siri:ParkingFacility>
                           <siri:PassengerCommsFacility>unknown</siri:PassengerCommsFacility>
                           <siri:PassengerInformationFacility>unknown</siri:PassengerInformationFacility>
                           <siri:RefreshmentFacility>unknown</siri:RefreshmentFacility>
                           <siri:ReservedSpaceFacility>unknown</siri:ReservedSpaceFacility>
                           <siri:RetailFacility>unknown</siri:RetailFacility>
                           <siri:SanitaryFacility>unknown</siri:SanitaryFacility>
                           <siri:TicketingFacility>unknown</siri:TicketingFacility>
                        </siri:Feature>
                     </siri:Features>
                     <!--Optional:-->
                     <siri:OwnerRef>?</siri:OwnerRef>
                     <!--Optional:-->
                     <siri:OwnerName xml:lang="?">?</siri:OwnerName>
                     <!--Optional:-->
                     <siri:ValidityCondition>
                        <!--Zero or more repetitions:-->
                        <siri:Period>
                           <siri:StartTime>?</siri:StartTime>
                           <!--Optional:-->
                           <siri:EndTime>?</siri:EndTime>
                        </siri:Period>
                        <!--Zero or more repetitions:-->
                        <siri:Timeband>
                           <siri:StartTime>?</siri:StartTime>
                           <!--Optional:-->
                           <siri:EndTime>?</siri:EndTime>
                        </siri:Timeband>
                        <!--Zero or more repetitions:-->
                        <siri:DayType>?</siri:DayType>
                        <!--Zero or more repetitions:-->
                        <siri:HolidayType>?</siri:HolidayType>
                     </siri:ValidityCondition>
                     <!--Optional:-->
                     <siri:FacilityLocation>
                        <!--Optional:-->
                        <siri:LineRef>?</siri:LineRef>
                        <!--Optional:-->
                        <siri:StopPointRef>?</siri:StopPointRef>
                        <!--Optional:-->
                        <siri:VehicleRef>?</siri:VehicleRef>
                        <!--Optional:-->
                        <siri:DatedVehicleJourneyRef>?</siri:DatedVehicleJourneyRef>
                        <!--Optional:-->
                        <siri:ConnectionLinkRef>?</siri:ConnectionLinkRef>
                        <!--Optional:-->
                        <siri:InterchangeRef>?</siri:InterchangeRef>
                        <!--Optional:-->
                        <siri:StopPlaceRef>?</siri:StopPlaceRef>
                        <!--Optional:-->
                        <siri:StopPlaceComponentId>?</siri:StopPlaceComponentId>
                        <!--Optional:-->
                        <siri:OperatorRef>?</siri:OperatorRef>
                        <!--Optional:-->
                        <siri:ProductCategoryRef>?</siri:ProductCategoryRef>
                        <!--Zero or more repetitions:-->
                        <siri:ServiceFeatureRef>?</siri:ServiceFeatureRef>
                        <!--Zero or more repetitions:-->
                        <siri:VehicleFeatureRef>?</siri:VehicleFeatureRef>
                     </siri:FacilityLocation>
                     <!--Optional:-->
                     <siri:Limitations>
                        <acsb:WheelchairAccess>false</acsb:WheelchairAccess>
                        <!--Optional:-->
                        <acsb:StepFreeAccess>unknown</acsb:StepFreeAccess>
                        <!--Optional:-->
                        <acsb:EscalatorFreeAccess>unknown</acsb:EscalatorFreeAccess>
                        <!--Optional:-->
                        <acsb:LiftFreeAccess>unknown</acsb:LiftFreeAccess>
                        <!--Optional:-->
                        <acsb:AudibleSignalsAvailable>false</acsb:AudibleSignalsAvailable>
                        <!--Optional:-->
                        <acsb:VisualSignsAvailable>unknown</acsb:VisualSignsAvailable>
                     </siri:Limitations>
                     <!--Optional:-->
                     <siri:Suitabilities>
                        <!--1 or more repetitions:-->
                        <siri:Suitability>
                           <acsb:Suitable>?</acsb:Suitable>
                           <acsb:UserNeed>
                              <!--You have a CHOICE of the next 4 items at this level-->
                              <acsb:MobilityNeed>?</acsb:MobilityNeed>
                              <acsb:PsychosensoryNeed>?</acsb:PsychosensoryNeed>
                              <acsb:MedicalNeed>?</acsb:MedicalNeed>
                              <acsb:EncumbranceNeed>?</acsb:EncumbranceNeed>
                              <!--Optional:-->
                              <acsb:Excluded>?</acsb:Excluded>
                              <!--Optional:-->
                              <acsb:NeedRanking>?</acsb:NeedRanking>
                              <!--Optional:-->
                              <acsb:Extensions>?</acsb:Extensions>
                           </acsb:UserNeed>
                        </siri:Suitability>
                     </siri:Suitabilities>
                     <!--Optional:-->
                     <siri:AccessibilityAssessment>
                        <acsb:MobilityImpairedAccess>?</acsb:MobilityImpairedAccess>
                        <!--Optional:-->
                        <acsb:Limitations>
                           <!--1 or more repetitions:-->
                           <acsb:AccessibilityLimitation>
                              <!--Optional:-->
                              <acsb:LimitationId>?</acsb:LimitationId>
                              <!--Optional:-->
                              <acsb:ValidityCondition>
                                 <!--Optional:-->
                                 <ifop:FromDateTime>?</ifop:FromDateTime>
                                 <!--Optional:-->
                                 <ifop:ToDateTime>?</ifop:ToDateTime>
                                 <!--Optional:-->
                                 <ifop:DayType>?</ifop:DayType>
                                 <!--Zero or more repetitions:-->
                                 <ifop:Timebands>
                                    <ifop:Timeband>
                                       <ifop:StartTime>?</ifop:StartTime>
                                       <!--Optional:-->
                                       <ifop:EndTime>?</ifop:EndTime>
                                    </ifop:Timeband>
                                 </ifop:Timebands>
                              </acsb:ValidityCondition>
                              <acsb:WheelchairAccess>false</acsb:WheelchairAccess>
                              <!--Optional:-->
                              <acsb:StepFreeAccess>unknown</acsb:StepFreeAccess>
                              <!--Optional:-->
                              <acsb:EscalatorFreeAccess>unknown</acsb:EscalatorFreeAccess>
                              <!--Optional:-->
                              <acsb:LiftFreeAccess>unknown</acsb:LiftFreeAccess>
                              <!--Optional:-->
                              <acsb:AudibleSignalsAvailable>false</acsb:AudibleSignalsAvailable>
                              <!--Optional:-->
                              <acsb:VisualSignsAvailable>unknown</acsb:VisualSignsAvailable>
                              <!--Optional:-->
                              <ifop:Extensions>
                                 e
                                 <!--You may enter ANY elements at this point-->
                                 gero
                              </ifop:Extensions>
                           </acsb:AccessibilityLimitation>
                        </acsb:Limitations>
                        <!--Optional:-->
                        <acsb:Suitabilities>
                           <!--1 or more repetitions:-->
                           <acsb:Suitability>
                              <acsb:Suitable>?</acsb:Suitable>
                              <acsb:UserNeed>
                                 <!--You have a CHOICE of the next 4 items at this level-->
                                 <acsb:MobilityNeed>?</acsb:MobilityNeed>
                                 <acsb:PsychosensoryNeed>?</acsb:PsychosensoryNeed>
                                 <acsb:MedicalNeed>?</acsb:MedicalNeed>
                                 <acsb:EncumbranceNeed>?</acsb:EncumbranceNeed>
                                 <!--Optional:-->
                                 <acsb:Excluded>?</acsb:Excluded>
                                 <!--Optional:-->
                                 <acsb:NeedRanking>?</acsb:NeedRanking>
                                 <!--Optional:-->
                                 <acsb:Extensions>?</acsb:Extensions>
                              </acsb:UserNeed>
                           </acsb:Suitability>
                        </acsb:Suitabilities>
                        <!--Optional:-->
                        <ifop:Extensions>
                           cum
                           <!--You may enter ANY elements at this point-->
                           sonoras
                        </ifop:Extensions>
                     </siri:AccessibilityAssessment>
                     <!--Optional:-->
                     <siri:Extensions>
                        <!--You may enter ANY elements at this point-->
                     </siri:Extensions>
                  </siri:Facility>
                  <siri:FacilityRef>?</siri:FacilityRef>
                  <siri:FacilityStatus>
                     <siri:Status>?</siri:Status>
                     <!--Zero or more repetitions:-->
                     <siri:Description xml:lang="?">?</siri:Description>
                     <!--Optional:-->
                     <siri:AccessibilityAssessment>
                        <acsb:MobilityImpairedAccess>?</acsb:MobilityImpairedAccess>
                        <!--Optional:-->
                        <acsb:Limitations>
                           <!--1 or more repetitions:-->
                           <acsb:AccessibilityLimitation>
                              <!--Optional:-->
                              <acsb:LimitationId>?</acsb:LimitationId>
                              <!--Optional:-->
                              <acsb:ValidityCondition>
                                 <!--Optional:-->
                                 <ifop:FromDateTime>?</ifop:FromDateTime>
                                 <!--Optional:-->
                                 <ifop:ToDateTime>?</ifop:ToDateTime>
                                 <!--Optional:-->
                                 <ifop:DayType>?</ifop:DayType>
                                 <!--Zero or more repetitions:-->
                                 <ifop:Timebands>
                                    <ifop:Timeband>
                                       <ifop:StartTime>?</ifop:StartTime>
                                       <!--Optional:-->
                                       <ifop:EndTime>?</ifop:EndTime>
                                    </ifop:Timeband>
                                 </ifop:Timebands>
                              </acsb:ValidityCondition>
                              <acsb:WheelchairAccess>false</acsb:WheelchairAccess>
                              <!--Optional:-->
                              <acsb:StepFreeAccess>unknown</acsb:StepFreeAccess>
                              <!--Optional:-->
                              <acsb:EscalatorFreeAccess>unknown</acsb:EscalatorFreeAccess>
                              <!--Optional:-->
                              <acsb:LiftFreeAccess>unknown</acsb:LiftFreeAccess>
                              <!--Optional:-->
                              <acsb:AudibleSignalsAvailable>false</acsb:AudibleSignalsAvailable>
                              <!--Optional:-->
                              <acsb:VisualSignsAvailable>unknown</acsb:VisualSignsAvailable>
                              <!--Optional:-->
                              <ifop:Extensions>
                                 aeoliam
                                 <!--You may enter ANY elements at this point-->
                                 quae
                              </ifop:Extensions>
                           </acsb:AccessibilityLimitation>
                        </acsb:Limitations>
                        <!--Optional:-->
                        <acsb:Suitabilities>
                           <!--1 or more repetitions:-->
                           <acsb:Suitability>
                              <acsb:Suitable>?</acsb:Suitable>
                              <acsb:UserNeed>
                                 <!--You have a CHOICE of the next 4 items at this level-->
                                 <acsb:MobilityNeed>?</acsb:MobilityNeed>
                                 <acsb:PsychosensoryNeed>?</acsb:PsychosensoryNeed>
                                 <acsb:MedicalNeed>?</acsb:MedicalNeed>
                                 <acsb:EncumbranceNeed>?</acsb:EncumbranceNeed>
                                 <!--Optional:-->
                                 <acsb:Excluded>?</acsb:Excluded>
                                 <!--Optional:-->
                                 <acsb:NeedRanking>?</acsb:NeedRanking>
                                 <!--Optional:-->
                                 <acsb:Extensions>?</acsb:Extensions>
                              </acsb:UserNeed>
                           </acsb:Suitability>
                        </acsb:Suitabilities>
                        <!--Optional:-->
                        <ifop:Extensions>
                           ventos
                           <!--You may enter ANY elements at this point-->
                           verrantque
                        </ifop:Extensions>
                     </siri:AccessibilityAssessment>
                     <!--Optional:-->
                     <siri:Extensions>
                        <!--You may enter ANY elements at this point-->
                     </siri:Extensions>
                  </siri:FacilityStatus>
                  <!--Optional:-->
                  <siri:SituationRef>
                     <!--Optional:-->
                     <siri:SituationSimpleRef>?</siri:SituationSimpleRef>
                     <!--Optional:-->
                     <siri:SituationFullRef>
                        <!--Optional:-->
                        <siri:VersionCountryRef>?</siri:VersionCountryRef>
                        <siri:ParticipantRef>?</siri:ParticipantRef>
                        <siri:SituationNumber>?</siri:SituationNumber>
                        <!--Optional:-->
                        <siri:UpdateCountryRef>?</siri:UpdateCountryRef>
                        <!--Optional:-->
                        <siri:UpdateParticipantRef>?</siri:UpdateParticipantRef>
                        <!--Optional:-->
                        <siri:Version>?</siri:Version>
                     </siri:SituationFullRef>
                  </siri:SituationRef>
                  <!--Optional:-->
                  <siri:Remedy>
                     <!--Optional:-->
                     <siri:RemedyType>?</siri:RemedyType>
                     <!--Zero or more repetitions:-->
                     <siri:Description xml:lang="?">?</siri:Description>
                     <!--Optional:-->
                     <siri:Extensions>
                        <!--You may enter ANY elements at this point-->
                     </siri:Extensions>
                  </siri:Remedy>
                  <!--Optional:-->
                  <siri:MonitoringInfo>
                     <!--Optional:-->
                     <siri:MonitoringInterval>?</siri:MonitoringInterval>
                     <!--Optional:-->
                     <siri:MonitoringType>?</siri:MonitoringType>
                     <!--Optional:-->
                     <siri:MonitoringPeriod>
                        <!--Zero or more repetitions:-->
                        <siri:Period>
                           <siri:StartTime>?</siri:StartTime>
                           <!--Optional:-->
                           <siri:EndTime>?</siri:EndTime>
                        </siri:Period>
                        <!--Zero or more repetitions:-->
                        <siri:Timeband>
                           <siri:StartTime>?</siri:StartTime>
                           <!--Optional:-->
                           <siri:EndTime>?</siri:EndTime>
                        </siri:Timeband>
                        <!--Zero or more repetitions:-->
                        <siri:DayType>?</siri:DayType>
                        <!--Zero or more repetitions:-->
                        <siri:HolidayType>?</siri:HolidayType>
                     </siri:MonitoringPeriod>
                     <!--Optional:-->
                     <siri:Extensions>
                        <!--You may enter ANY elements at this point-->
                     </siri:Extensions>
                  </siri:MonitoringInfo>
                  <!--Optional:-->
                  <siri:ValidityPeriod>
                     <siri:StartTime>?</siri:StartTime>
                     <!--Optional:-->
                     <siri:EndTime>?</siri:EndTime>
                  </siri:ValidityPeriod>
                  <!--Optional:-->
                  <siri:Extensions>
                     <!--You may enter ANY elements at this point-->
                  </siri:Extensions>
               </siri:FacilityCondition>
               <!--Optional:-->
               <siri:Extensions>
                  <!--You may enter ANY elements at this point-->
               </siri:Extensions>
            </siri:FacilityMonitoringDelivery>
         </Notification>
         <NotifyExtension>
            <!--You may enter ANY elements at this point-->
         </NotifyExtension>
      </wsdl:NotifyFacilityMonitoring>
   </soapenv:Body>
</soapenv:Envelope>]]></con:request><con:wsaConfig mustUnderstand="NONE" version="200508" action="GetFacilityMonitoring"/></con:call></con:operation><con:operation isOneWay="false" action="GetGeneralMessage" name="NotifyGeneralMessage" bindingOperationName="NotifyGeneralMessage" type="One-Way" inputName="" sendsAttachments="false" anonymous="optional"><con:settings/><con:call name="Request 1"><con:settings/><con:encoding>UTF-8</con:encoding><con:endpoint>http://www.siri-service-location.com</con:endpoint><con:request><![CDATA[<soapenv:Envelope xmlns:soapenv="http://schemas.xmlsoap.org/soap/envelope/" xmlns:wsdl="http://wsdl.siri.org.uk" xmlns:siri="http://www.siri.org.uk/siri">
   <soapenv:Header/>
   <soapenv:Body>
      <wsdl:NotifyGeneralMessage>
         <ServiceDeliveryInfo>
            <siri:ResponseTimestamp>?</siri:ResponseTimestamp>
            <!--Optional:-->
            <siri:ProducerRef>?</siri:ProducerRef>
            <!--Optional:-->
            <siri:Address>?</siri:Address>
            <!--Optional:-->
            <siri:ResponseMessageIdentifier>?</siri:ResponseMessageIdentifier>
            <!--Optional:-->
            <siri:RequestMessageRef>?</siri:RequestMessageRef>
         </ServiceDeliveryInfo>
         <Notification>
            <!--1 or more repetitions:-->
            <siri:GeneralMessageDelivery version="2.0">
               <siri:ResponseTimestamp>?</siri:ResponseTimestamp>
               <!--You have a CHOICE of the next 2 items at this level-->
               <!--Optional:-->
               <siri:RequestMessageRef>?</siri:RequestMessageRef>
               <!--Optional:-->
               <siri:SubscriberRef>?</siri:SubscriberRef>
               <!--Optional:-->
               <siri:SubscriptionFilterRef>?</siri:SubscriptionFilterRef>
               <siri:SubscriptionRef>?</siri:SubscriptionRef>
               <!--Optional:-->
               <siri:DelegatorAddress>?</siri:DelegatorAddress>
               <!--Optional:-->
               <siri:DelegatorRef>?</siri:DelegatorRef>
               <!--Optional:-->
               <siri:Status>true</siri:Status>
               <!--Optional:-->
               <siri:ErrorCondition>
                  <!--You have a CHOICE of the next 15 items at this level-->
                  <siri:UnapprovedKeyAccessError number="?">
                     <!--Optional:-->
                     <siri:ErrorText>?</siri:ErrorText>
                     <!--Optional:-->
                     <siri:Key>?</siri:Key>
                  </siri:UnapprovedKeyAccessError>
                  <siri:UnknownParticipantError number="?">
                     <!--Optional:-->
                     <siri:ErrorText>?</siri:ErrorText>
                     <!--Optional:-->
                     <siri:ParticipantRef>?</siri:ParticipantRef>
                  </siri:UnknownParticipantError>
                  <siri:UnknownEndpointError number="?">
                     <!--Optional:-->
                     <siri:ErrorText>?</siri:ErrorText>
                     <!--Optional:-->
                     <siri:Endpoint>?</siri:Endpoint>
                  </siri:UnknownEndpointError>
                  <siri:EndpointDeniedAccessError number="?">
                     <!--Optional:-->
                     <siri:ErrorText>?</siri:ErrorText>
                     <!--Optional:-->
                     <siri:Endpoint>?</siri:Endpoint>
                  </siri:EndpointDeniedAccessError>
                  <siri:EndpointNotAvailableAccessError number="?">
                     <!--Optional:-->
                     <siri:ErrorText>?</siri:ErrorText>
                     <!--Optional:-->
                     <siri:Endpoint>?</siri:Endpoint>
                  </siri:EndpointNotAvailableAccessError>
                  <siri:ServiceNotAvailableError number="?">
                     <!--Optional:-->
                     <siri:ErrorText>?</siri:ErrorText>
                     <!--Optional:-->
                     <siri:ExpectedRestartTime>?</siri:ExpectedRestartTime>
                  </siri:ServiceNotAvailableError>
                  <siri:CapabilityNotSupportedError number="?">
                     <!--Optional:-->
                     <siri:ErrorText>?</siri:ErrorText>
                     <!--Optional:-->
                     <siri:CapabilityRef>?</siri:CapabilityRef>
                  </siri:CapabilityNotSupportedError>
                  <siri:AccessNotAllowedError number="?">
                     <!--Optional:-->
                     <siri:ErrorText>?</siri:ErrorText>
                  </siri:AccessNotAllowedError>
                  <siri:InvalidDataReferencesError number="?">
                     <!--Optional:-->
                     <siri:ErrorText>?</siri:ErrorText>
                     <!--Zero or more repetitions:-->
                     <siri:InvalidRef>?</siri:InvalidRef>
                  </siri:InvalidDataReferencesError>
                  <siri:BeyondDataHorizon number="?">
                     <!--Optional:-->
                     <siri:ErrorText>?</siri:ErrorText>
                  </siri:BeyondDataHorizon>
                  <siri:NoInfoForTopicError number="?">
                     <!--Optional:-->
                     <siri:ErrorText>?</siri:ErrorText>
                  </siri:NoInfoForTopicError>
                  <siri:ParametersIgnoredError number="?">
                     <!--Optional:-->
                     <siri:ErrorText>?</siri:ErrorText>
                     <!--Zero or more repetitions:-->
                     <siri:ParameterName>?</siri:ParameterName>
                  </siri:ParametersIgnoredError>
                  <siri:UnknownExtensionsError number="?">
                     <!--Optional:-->
                     <siri:ErrorText>?</siri:ErrorText>
                     <!--Zero or more repetitions:-->
                     <siri:ExtensionName>?</siri:ExtensionName>
                  </siri:UnknownExtensionsError>
                  <siri:AllowedResourceUsageExceededError number="?">
                     <!--Optional:-->
                     <siri:ErrorText>?</siri:ErrorText>
                  </siri:AllowedResourceUsageExceededError>
                  <siri:OtherError number="?">
                     <!--Optional:-->
                     <siri:ErrorText>?</siri:ErrorText>
                  </siri:OtherError>
                  <!--Optional:-->
                  <siri:Description>?</siri:Description>
               </siri:ErrorCondition>
               <!--Optional:-->
               <siri:ValidUntil>?</siri:ValidUntil>
               <!--Optional:-->
               <siri:ShortestPossibleCycle>?</siri:ShortestPossibleCycle>
               <!--Optional:-->
               <siri:DefaultLanguage>?</siri:DefaultLanguage>
               <!--Zero or more repetitions:-->
               <siri:GeneralMessage formatRef="?">
                  <siri:RecordedAtTime>?</siri:RecordedAtTime>
                  <!--Optional:-->
                  <siri:ItemIdentifier>?</siri:ItemIdentifier>
                  <siri:InfoMessageIdentifier>?</siri:InfoMessageIdentifier>
                  <!--Optional:-->
                  <siri:InfoMessageVersion>?</siri:InfoMessageVersion>
                  <!--Optional:-->
                  <siri:InfoChannelRef>?</siri:InfoChannelRef>
                  <!--Optional:-->
                  <siri:ValidUntilTime>?</siri:ValidUntilTime>
                  <!--Optional:-->
                  <siri:SituationRef>
                     <!--Optional:-->
                     <siri:SituationSimpleRef>?</siri:SituationSimpleRef>
                     <!--Optional:-->
                     <siri:SituationFullRef>
                        <!--Optional:-->
                        <siri:VersionCountryRef>?</siri:VersionCountryRef>
                        <siri:ParticipantRef>?</siri:ParticipantRef>
                        <siri:SituationNumber>?</siri:SituationNumber>
                        <!--Optional:-->
                        <siri:UpdateCountryRef>?</siri:UpdateCountryRef>
                        <!--Optional:-->
                        <siri:UpdateParticipantRef>?</siri:UpdateParticipantRef>
                        <!--Optional:-->
                        <siri:Version>?</siri:Version>
                     </siri:SituationFullRef>
                  </siri:SituationRef>
                  <siri:Content>?</siri:Content>
                  <!--Optional:-->
                  <siri:Extensions>
                     <!--You may enter ANY elements at this point-->
                  </siri:Extensions>
               </siri:GeneralMessage>
               <!--Zero or more repetitions:-->
               <siri:GeneralMessageCancellation>
                  <siri:RecordedAtTime>?</siri:RecordedAtTime>
                  <!--Optional:-->
                  <siri:ItemRef>?</siri:ItemRef>
                  <siri:InfoMessageIdentifier>?</siri:InfoMessageIdentifier>
                  <!--Optional:-->
                  <siri:InfoChannelRef>?</siri:InfoChannelRef>
                  <!--Optional:-->
                  <siri:Extensions>
                     <!--You may enter ANY elements at this point-->
                  </siri:Extensions>
               </siri:GeneralMessageCancellation>
               <!--Optional:-->
               <siri:Extensions>
                  <!--You may enter ANY elements at this point-->
               </siri:Extensions>
            </siri:GeneralMessageDelivery>
         </Notification>
         <NotifyExtension>
            <!--You may enter ANY elements at this point-->
         </NotifyExtension>
      </wsdl:NotifyGeneralMessage>
   </soapenv:Body>
</soapenv:Envelope>]]></con:request><con:wsaConfig mustUnderstand="NONE" version="200508" action="GetGeneralMessage"/></con:call></con:operation><con:operation isOneWay="false" action="NotifyHeartbeat" name="NotifyHeartbeat" bindingOperationName="NotifyHeartbeat" type="One-Way" inputName="" sendsAttachments="false" anonymous="optional"><con:settings/><con:call name="Request 1"><con:settings/><con:encoding>UTF-8</con:encoding><con:endpoint>http://www.siri-service-location.com</con:endpoint><con:request><![CDATA[<soapenv:Envelope xmlns:soapenv="http://schemas.xmlsoap.org/soap/envelope/" xmlns:wsdl="http://wsdl.siri.org.uk" xmlns:siri="http://www.siri.org.uk/siri">
   <soapenv:Header/>
   <soapenv:Body>
      <wsdl:NotifyHeartbeat>
         <HeartbeatNotifyInfo>
            <siri:RequestTimestamp>?</siri:RequestTimestamp>
            <!--Optional:-->
            <siri:AccountId>?</siri:AccountId>
            <!--Optional:-->
            <siri:AccountKey>?</siri:AccountKey>
            <!--Optional:-->
            <siri:Address>?</siri:Address>
            <!--Optional:-->
            <siri:ProducerRef>?</siri:ProducerRef>
            <!--Optional:-->
            <siri:MessageIdentifier>?</siri:MessageIdentifier>
            <!--Optional:-->
            <siri:DelegatorAddress>?</siri:DelegatorAddress>
            <!--Optional:-->
            <siri:DelegatorRef>?</siri:DelegatorRef>
         </HeartbeatNotifyInfo>
         <Notification>
            <!--Optional:-->
            <siri:Status>true</siri:Status>
            <!--Optional:-->
            <siri:DataReady>?</siri:DataReady>
            <!--Optional:-->
            <siri:ErrorCondition>
               <!--You have a CHOICE of the next 2 items at this level-->
               <siri:ServiceNotAvailableError number="?">
                  <!--Optional:-->
                  <siri:ErrorText>?</siri:ErrorText>
                  <!--Optional:-->
                  <siri:ExpectedRestartTime>?</siri:ExpectedRestartTime>
               </siri:ServiceNotAvailableError>
               <siri:OtherError number="?">
                  <!--Optional:-->
                  <siri:ErrorText>?</siri:ErrorText>
               </siri:OtherError>
               <!--Optional:-->
               <siri:Description>?</siri:Description>
            </siri:ErrorCondition>
            <!--Optional:-->
            <siri:ValidUntil>?</siri:ValidUntil>
            <!--Optional:-->
            <siri:ShortestPossibleCycle>?</siri:ShortestPossibleCycle>
            <!--Optional:-->
            <siri:ServiceStartedTime>?</siri:ServiceStartedTime>
         </Notification>
         <SiriExtension>
            <!--You may enter ANY elements at this point-->
         </SiriExtension>
      </wsdl:NotifyHeartbeat>
   </soapenv:Body>
</soapenv:Envelope>]]></con:request><con:wsaConfig mustUnderstand="NONE" version="200508" action="NotifyHeartbeat"/></con:call></con:operation><con:operation isOneWay="false" action="GetProductionTimetable" name="NotifyProductionTimetable" bindingOperationName="NotifyProductionTimetable" type="One-Way" inputName="" sendsAttachments="false" anonymous="optional"><con:settings/><con:call name="Request 1"><con:settings/><con:encoding>UTF-8</con:encoding><con:endpoint>http://www.siri-service-location.com</con:endpoint><con:request><![CDATA[<soapenv:Envelope xmlns:soapenv="http://schemas.xmlsoap.org/soap/envelope/" xmlns:wsdl="http://wsdl.siri.org.uk" xmlns:siri="http://www.siri.org.uk/siri">
   <soapenv:Header/>
   <soapenv:Body>
      <wsdl:NotifyProductionTimetable>
         <ServiceDeliveryInfo>
            <siri:ResponseTimestamp>?</siri:ResponseTimestamp>
            <!--Optional:-->
            <siri:ProducerRef>?</siri:ProducerRef>
            <!--Optional:-->
            <siri:Address>?</siri:Address>
            <!--Optional:-->
            <siri:ResponseMessageIdentifier>?</siri:ResponseMessageIdentifier>
            <!--Optional:-->
            <siri:RequestMessageRef>?</siri:RequestMessageRef>
         </ServiceDeliveryInfo>
         <Notification>
            <!--1 or more repetitions:-->
            <siri:ProductionTimetableDelivery version="2.0">
               <siri:ResponseTimestamp>?</siri:ResponseTimestamp>
               <!--You have a CHOICE of the next 2 items at this level-->
               <!--Optional:-->
               <siri:RequestMessageRef>?</siri:RequestMessageRef>
               <!--Optional:-->
               <siri:SubscriberRef>?</siri:SubscriberRef>
               <!--Optional:-->
               <siri:SubscriptionFilterRef>?</siri:SubscriptionFilterRef>
               <siri:SubscriptionRef>?</siri:SubscriptionRef>
               <!--Optional:-->
               <siri:DelegatorAddress>?</siri:DelegatorAddress>
               <!--Optional:-->
               <siri:DelegatorRef>?</siri:DelegatorRef>
               <!--Optional:-->
               <siri:Status>true</siri:Status>
               <!--Optional:-->
               <siri:ErrorCondition>
                  <!--You have a CHOICE of the next 15 items at this level-->
                  <siri:UnapprovedKeyAccessError number="?">
                     <!--Optional:-->
                     <siri:ErrorText>?</siri:ErrorText>
                     <!--Optional:-->
                     <siri:Key>?</siri:Key>
                  </siri:UnapprovedKeyAccessError>
                  <siri:UnknownParticipantError number="?">
                     <!--Optional:-->
                     <siri:ErrorText>?</siri:ErrorText>
                     <!--Optional:-->
                     <siri:ParticipantRef>?</siri:ParticipantRef>
                  </siri:UnknownParticipantError>
                  <siri:UnknownEndpointError number="?">
                     <!--Optional:-->
                     <siri:ErrorText>?</siri:ErrorText>
                     <!--Optional:-->
                     <siri:Endpoint>?</siri:Endpoint>
                  </siri:UnknownEndpointError>
                  <siri:EndpointDeniedAccessError number="?">
                     <!--Optional:-->
                     <siri:ErrorText>?</siri:ErrorText>
                     <!--Optional:-->
                     <siri:Endpoint>?</siri:Endpoint>
                  </siri:EndpointDeniedAccessError>
                  <siri:EndpointNotAvailableAccessError number="?">
                     <!--Optional:-->
                     <siri:ErrorText>?</siri:ErrorText>
                     <!--Optional:-->
                     <siri:Endpoint>?</siri:Endpoint>
                  </siri:EndpointNotAvailableAccessError>
                  <siri:ServiceNotAvailableError number="?">
                     <!--Optional:-->
                     <siri:ErrorText>?</siri:ErrorText>
                     <!--Optional:-->
                     <siri:ExpectedRestartTime>?</siri:ExpectedRestartTime>
                  </siri:ServiceNotAvailableError>
                  <siri:CapabilityNotSupportedError number="?">
                     <!--Optional:-->
                     <siri:ErrorText>?</siri:ErrorText>
                     <!--Optional:-->
                     <siri:CapabilityRef>?</siri:CapabilityRef>
                  </siri:CapabilityNotSupportedError>
                  <siri:AccessNotAllowedError number="?">
                     <!--Optional:-->
                     <siri:ErrorText>?</siri:ErrorText>
                  </siri:AccessNotAllowedError>
                  <siri:InvalidDataReferencesError number="?">
                     <!--Optional:-->
                     <siri:ErrorText>?</siri:ErrorText>
                     <!--Zero or more repetitions:-->
                     <siri:InvalidRef>?</siri:InvalidRef>
                  </siri:InvalidDataReferencesError>
                  <siri:BeyondDataHorizon number="?">
                     <!--Optional:-->
                     <siri:ErrorText>?</siri:ErrorText>
                  </siri:BeyondDataHorizon>
                  <siri:NoInfoForTopicError number="?">
                     <!--Optional:-->
                     <siri:ErrorText>?</siri:ErrorText>
                  </siri:NoInfoForTopicError>
                  <siri:ParametersIgnoredError number="?">
                     <!--Optional:-->
                     <siri:ErrorText>?</siri:ErrorText>
                     <!--Zero or more repetitions:-->
                     <siri:ParameterName>?</siri:ParameterName>
                  </siri:ParametersIgnoredError>
                  <siri:UnknownExtensionsError number="?">
                     <!--Optional:-->
                     <siri:ErrorText>?</siri:ErrorText>
                     <!--Zero or more repetitions:-->
                     <siri:ExtensionName>?</siri:ExtensionName>
                  </siri:UnknownExtensionsError>
                  <siri:AllowedResourceUsageExceededError number="?">
                     <!--Optional:-->
                     <siri:ErrorText>?</siri:ErrorText>
                  </siri:AllowedResourceUsageExceededError>
                  <siri:OtherError number="?">
                     <!--Optional:-->
                     <siri:ErrorText>?</siri:ErrorText>
                  </siri:OtherError>
                  <!--Optional:-->
                  <siri:Description>?</siri:Description>
               </siri:ErrorCondition>
               <!--Optional:-->
               <siri:ValidUntil>?</siri:ValidUntil>
               <!--Optional:-->
               <siri:ShortestPossibleCycle>?</siri:ShortestPossibleCycle>
               <!--Optional:-->
               <siri:DefaultLanguage>?</siri:DefaultLanguage>
               <!--Zero or more repetitions:-->
               <siri:DatedTimetableVersionFrame>
                  <siri:RecordedAtTime>?</siri:RecordedAtTime>
                  <!--Optional:-->
                  <siri:VersionRef>?</siri:VersionRef>
                  <siri:LineRef>?</siri:LineRef>
                  <siri:DirectionRef>?</siri:DirectionRef>
                  <!--Optional:-->
                  <siri:JourneyPatternRef>?</siri:JourneyPatternRef>
                  <!--Optional:-->
                  <siri:JourneyPatternName xml:lang="?">?</siri:JourneyPatternName>
                  <!--Zero or more repetitions:-->
                  <siri:VehicleMode>?</siri:VehicleMode>
                  <!--Optional:-->
                  <siri:RouteRef>?</siri:RouteRef>
                  <!--Zero or more repetitions:-->
                  <siri:PublishedLineName xml:lang="?">?</siri:PublishedLineName>
                  <!--Optional:-->
                  <siri:GroupOfLinesRef>?</siri:GroupOfLinesRef>
                  <!--Zero or more repetitions:-->
                  <siri:DirectionName xml:lang="?">?</siri:DirectionName>
                  <!--Optional:-->
                  <siri:ExternalLineRef>?</siri:ExternalLineRef>
                  <!--Optional:-->
                  <siri:OperatorRef>?</siri:OperatorRef>
                  <!--Optional:-->
                  <siri:ProductCategoryRef>?</siri:ProductCategoryRef>
                  <!--Zero or more repetitions:-->
                  <siri:ServiceFeatureRef>?</siri:ServiceFeatureRef>
                  <!--Zero or more repetitions:-->
                  <siri:VehicleFeatureRef>?</siri:VehicleFeatureRef>
                  <!--Zero or more repetitions:-->
                  <siri:DestinationDisplay xml:lang="?">?</siri:DestinationDisplay>
                  <!--Zero or more repetitions:-->
                  <siri:LineNote xml:lang="?">?</siri:LineNote>
                  <!--Optional:-->
                  <siri:FirstOrLastJourney>unspecified</siri:FirstOrLastJourney>
                  <!--Optional:-->
                  <siri:HeadwayService>?</siri:HeadwayService>
                  <!--Optional:-->
                  <siri:Monitored>true</siri:Monitored>
                  <!--Zero or more repetitions:-->
                  <siri:DatedVehicleJourney>
                     <siri:DatedVehicleJourneyCode>?</siri:DatedVehicleJourneyCode>
                     <!--You have a CHOICE of the next 2 items at this level-->
                     <siri:FramedVehicleJourneyRef>
                        <siri:DataFrameRef>?</siri:DataFrameRef>
                        <siri:DatedVehicleJourneyRef>?</siri:DatedVehicleJourneyRef>
                     </siri:FramedVehicleJourneyRef>
                     <siri:VehicleJourneyRef>?</siri:VehicleJourneyRef>
                     <!--You have a CHOICE of the next 2 items at this level-->
                     <!--Optional:-->
                     <siri:ExtraJourney>false</siri:ExtraJourney>
                     <!--Optional:-->
                     <siri:Cancellation>false</siri:Cancellation>
                     <!--Optional:-->
                     <siri:JourneyPatternRef>?</siri:JourneyPatternRef>
                     <!--Optional:-->
                     <siri:JourneyPatternName xml:lang="?">?</siri:JourneyPatternName>
                     <!--Zero or more repetitions:-->
                     <siri:VehicleMode>?</siri:VehicleMode>
                     <!--Optional:-->
                     <siri:RouteRef>?</siri:RouteRef>
                     <!--Zero or more repetitions:-->
                     <siri:PublishedLineName xml:lang="?">?</siri:PublishedLineName>
                     <!--Optional:-->
                     <siri:GroupOfLinesRef>?</siri:GroupOfLinesRef>
                     <!--Zero or more repetitions:-->
                     <siri:DirectionName xml:lang="?">?</siri:DirectionName>
                     <!--Optional:-->
                     <siri:ExternalLineRef>?</siri:ExternalLineRef>
                     <!--Optional:-->
                     <siri:OperatorRef>?</siri:OperatorRef>
                     <!--Optional:-->
                     <siri:ProductCategoryRef>?</siri:ProductCategoryRef>
                     <!--Zero or more repetitions:-->
                     <siri:ServiceFeatureRef>?</siri:ServiceFeatureRef>
                     <!--Zero or more repetitions:-->
                     <siri:VehicleFeatureRef>?</siri:VehicleFeatureRef>
                     <!--Zero or more repetitions:-->
                     <siri:VehicleJourneyName xml:lang="?">?</siri:VehicleJourneyName>
                     <!--Zero or more repetitions:-->
                     <siri:JourneyNote xml:lang="?">?</siri:JourneyNote>
                     <!--Optional:-->
                     <siri:PublicContact>
                        <!--Optional:-->
                        <siri:PhoneNumber>?</siri:PhoneNumber>
                        <!--Optional:-->
                        <siri:Url>?</siri:Url>
                     </siri:PublicContact>
                     <!--Optional:-->
                     <siri:OperationsContact>
                        <!--Optional:-->
                        <siri:PhoneNumber>?</siri:PhoneNumber>
                        <!--Optional:-->
                        <siri:Url>?</siri:Url>
                     </siri:OperationsContact>
                     <!--Zero or more repetitions:-->
                     <siri:DestinationDisplay xml:lang="?">?</siri:DestinationDisplay>
                     <!--Zero or more repetitions:-->
                     <siri:LineNote xml:lang="?">?</siri:LineNote>
                     <!--Optional:-->
                     <siri:FirstOrLastJourney>unspecified</siri:FirstOrLastJourney>
                     <!--Optional:-->
                     <siri:HeadwayService>?</siri:HeadwayService>
                     <!--Optional:-->
                     <siri:Monitored>true</siri:Monitored>
                     <!--Optional:-->
                     <siri:BlockRef>?</siri:BlockRef>
                     <!--Optional:-->
                     <siri:CourseOfJourneyRef>?</siri:CourseOfJourneyRef>
                     <siri:DatedCalls>
                        <!--2 or more repetitions:-->
                        <siri:DatedCall>
                           <siri:StopPointRef>?</siri:StopPointRef>
                           <!--Optional:-->
                           <siri:VisitNumber>?</siri:VisitNumber>
                           <!--Optional:-->
                           <siri:Order>?</siri:Order>
                           <!--Zero or more repetitions:-->
                           <siri:StopPointName xml:lang="?">?</siri:StopPointName>
                           <!--Optional:-->
                           <siri:TimingPoint>true</siri:TimingPoint>
                           <!--Optional:-->
                           <siri:BoardingStretch>false</siri:BoardingStretch>
                           <!--Optional:-->
                           <siri:RequestStop>false</siri:RequestStop>
                           <!--Zero or more repetitions:-->
                           <siri:DestinationDisplay xml:lang="?">?</siri:DestinationDisplay>
                           <!--Zero or more repetitions:-->
                           <siri:CallNote xml:lang="?">?</siri:CallNote>
                           <!--Optional:-->
                           <siri:AimedArrivalTime>?</siri:AimedArrivalTime>
                           <!--Optional:-->
                           <siri:ArrivalPlatformName xml:lang="?">?</siri:ArrivalPlatformName>
                           <!--Optional:-->
                           <siri:ArrivalBoardingActivity>alighting</siri:ArrivalBoardingActivity>
                           <!--Optional:-->
                           <siri:ArrivalStopAssignment>
                              <!--Optional:-->
                              <siri:AimedQuayRef>?</siri:AimedQuayRef>
                              <!--Zero or more repetitions:-->
                              <siri:AimedQuayName xml:lang="?">?</siri:AimedQuayName>
                           </siri:ArrivalStopAssignment>
                           <!--Zero or more repetitions:-->
                           <siri:ArrivalOperatorRefs>?</siri:ArrivalOperatorRefs>
                           <!--Optional:-->
                           <siri:AimedDepartureTime>?</siri:AimedDepartureTime>
                           <!--Optional:-->
                           <siri:DeparturePlatformName xml:lang="?">?</siri:DeparturePlatformName>
                           <!--Optional:-->
                           <siri:DepartureBoardingActivity>boarding</siri:DepartureBoardingActivity>
                           <!--Optional:-->
                           <siri:DepartureStopAssignment>
                              <!--Optional:-->
                              <siri:AimedQuayRef>?</siri:AimedQuayRef>
                              <!--Zero or more repetitions:-->
                              <siri:AimedQuayName xml:lang="?">?</siri:AimedQuayName>
                           </siri:DepartureStopAssignment>
                           <!--Zero or more repetitions:-->
                           <siri:DepartureOperatorRefs>?</siri:DepartureOperatorRefs>
                           <!--Optional:-->
                           <siri:AimedLatestPassengerAccessTime>?</siri:AimedLatestPassengerAccessTime>
                           <!--Optional:-->
                           <siri:AimedHeadwayInterval>?</siri:AimedHeadwayInterval>
                           <!--Zero or more repetitions:-->
                           <siri:TargetedInterchange>
                              <!--Optional:-->
                              <siri:InterchangeCode>?</siri:InterchangeCode>
                              <siri:DistributorVehicleJourneyRef>?</siri:DistributorVehicleJourneyRef>
                              <!--You have a CHOICE of the next 2 items at this level-->
                              <siri:DistributorConnectionLinkRef>?</siri:DistributorConnectionLinkRef>
                              <siri:DistributorConnectionLink>
                                 <!--Optional:-->
                                 <siri:ConnectionLinkCode>?</siri:ConnectionLinkCode>
                                 <!--Optional:-->
                                 <siri:StopPointRef>?</siri:StopPointRef>
                                 <!--Optional:-->
                                 <siri:StopPointName xml:lang="?">?</siri:StopPointName>
                                 <!--Optional:-->
                                 <siri:DefaultDuration>?</siri:DefaultDuration>
                                 <!--Optional:-->
                                 <siri:FrequentTravellerDuration>?</siri:FrequentTravellerDuration>
                                 <!--Optional:-->
                                 <siri:OccasionalTravellerDuration>?</siri:OccasionalTravellerDuration>
                                 <!--Optional:-->
                                 <siri:ImpairedAccessDuration>?</siri:ImpairedAccessDuration>
                              </siri:DistributorConnectionLink>
                              <!--Optional:-->
                              <siri:DistributorVisitNumber>?</siri:DistributorVisitNumber>
                              <!--Optional:-->
                              <siri:DistributorOrder>?</siri:DistributorOrder>
                              <!--Optional:-->
                              <siri:StaySeated>false</siri:StaySeated>
                              <!--Optional:-->
                              <siri:Guaranteed>false</siri:Guaranteed>
                              <!--Optional:-->
                              <siri:Advertised>false</siri:Advertised>
                              <!--Optional:-->
                              <siri:StandardWaitTime>?</siri:StandardWaitTime>
                              <!--Optional:-->
                              <siri:MaximumWaitTime>?</siri:MaximumWaitTime>
                              <!--Optional:-->
                              <siri:MaximumAutomaticWaitTime>?</siri:MaximumAutomaticWaitTime>
                              <!--Optional:-->
                              <siri:StandardTransferTime>?</siri:StandardTransferTime>
                              <!--Optional:-->
                              <siri:MinimumTransferTime>?</siri:MinimumTransferTime>
                              <!--Optional:-->
                              <siri:MaximumTransferTime>?</siri:MaximumTransferTime>
                           </siri:TargetedInterchange>
                           <!--Zero or more repetitions:-->
                           <siri:FromServiceJourneyInterchange>
                              <!--Optional:-->
                              <siri:InterchangeCode>?</siri:InterchangeCode>
                              <!--Optional:-->
                              <siri:ConnectionLinkRef>?</siri:ConnectionLinkRef>
                              <siri:FeederRef>
                                 <!--Optional:-->
                                 <siri:FramedVehicleJourneyRef>
                                    <siri:DataFrameRef>?</siri:DataFrameRef>
                                    <siri:DatedVehicleJourneyRef>?</siri:DatedVehicleJourneyRef>
                                 </siri:FramedVehicleJourneyRef>
                                 <!--Optional:-->
                                 <siri:LineRef>?</siri:LineRef>
                                 <!--Optional:-->
                                 <siri:ParticipantRef>?</siri:ParticipantRef>
                              </siri:FeederRef>
                              <siri:FeederArrivalStopRef>?</siri:FeederArrivalStopRef>
                              <!--Optional:-->
                              <siri:FeederVisitNumber>?</siri:FeederVisitNumber>
                              <!--Optional:-->
                              <siri:StaySeated>false</siri:StaySeated>
                              <!--Optional:-->
                              <siri:Guaranteed>false</siri:Guaranteed>
                              <!--Optional:-->
                              <siri:Advertised>false</siri:Advertised>
                              <!--Optional:-->
                              <siri:StandardWaitTime>?</siri:StandardWaitTime>
                              <!--Optional:-->
                              <siri:MaximumWaitTime>?</siri:MaximumWaitTime>
                              <!--Optional:-->
                              <siri:MaximumAutomaticWaitTime>?</siri:MaximumAutomaticWaitTime>
                              <!--Optional:-->
                              <siri:StandardTransferTime>?</siri:StandardTransferTime>
                              <!--Optional:-->
                              <siri:MinimumTransferTime>?</siri:MinimumTransferTime>
                              <!--Optional:-->
                              <siri:MaximumTransferTime>?</siri:MaximumTransferTime>
                              <!--Optional:-->
                              <siri:Extensions>
                                 <!--You may enter ANY elements at this point-->
                              </siri:Extensions>
                           </siri:FromServiceJourneyInterchange>
                           <!--Zero or more repetitions:-->
                           <siri:ToServiceJourneyInterchange>
                              <!--Optional:-->
                              <siri:InterchangeCode>?</siri:InterchangeCode>
                              <!--Optional:-->
                              <siri:ConnectionLinkRef>?</siri:ConnectionLinkRef>
                              <siri:DistributorRef>
                                 <!--Optional:-->
                                 <siri:FramedVehicleJourneyRef>
                                    <siri:DataFrameRef>?</siri:DataFrameRef>
                                    <siri:DatedVehicleJourneyRef>?</siri:DatedVehicleJourneyRef>
                                 </siri:FramedVehicleJourneyRef>
                                 <!--Optional:-->
                                 <siri:LineRef>?</siri:LineRef>
                                 <!--Optional:-->
                                 <siri:ParticipantRef>?</siri:ParticipantRef>
                              </siri:DistributorRef>
                              <siri:DistributorDepartureStopRef>?</siri:DistributorDepartureStopRef>
                              <!--Optional:-->
                              <siri:DistributorVisitNumber>?</siri:DistributorVisitNumber>
                              <!--Optional:-->
                              <siri:StaySeated>false</siri:StaySeated>
                              <!--Optional:-->
                              <siri:Guaranteed>false</siri:Guaranteed>
                              <!--Optional:-->
                              <siri:Advertised>false</siri:Advertised>
                              <!--Optional:-->
                              <siri:StandardWaitTime>?</siri:StandardWaitTime>
                              <!--Optional:-->
                              <siri:MaximumWaitTime>?</siri:MaximumWaitTime>
                              <!--Optional:-->
                              <siri:MaximumAutomaticWaitTime>?</siri:MaximumAutomaticWaitTime>
                              <!--Optional:-->
                              <siri:StandardTransferTime>?</siri:StandardTransferTime>
                              <!--Optional:-->
                              <siri:MinimumTransferTime>?</siri:MinimumTransferTime>
                              <!--Optional:-->
                              <siri:MaximumTransferTime>?</siri:MaximumTransferTime>
                              <!--Optional:-->
                              <siri:Extensions>
                                 <!--You may enter ANY elements at this point-->
                              </siri:Extensions>
                           </siri:ToServiceJourneyInterchange>
                           <!--Optional:-->
                           <siri:Extensions>
                              <!--You may enter ANY elements at this point-->
                           </siri:Extensions>
                        </siri:DatedCall>
                        <siri:DatedCall>
                           <siri:StopPointRef>?</siri:StopPointRef>
                           <!--Optional:-->
                           <siri:VisitNumber>?</siri:VisitNumber>
                           <!--Optional:-->
                           <siri:Order>?</siri:Order>
                           <!--Zero or more repetitions:-->
                           <siri:StopPointName xml:lang="?">?</siri:StopPointName>
                           <!--Optional:-->
                           <siri:TimingPoint>true</siri:TimingPoint>
                           <!--Optional:-->
                           <siri:BoardingStretch>false</siri:BoardingStretch>
                           <!--Optional:-->
                           <siri:RequestStop>false</siri:RequestStop>
                           <!--Zero or more repetitions:-->
                           <siri:DestinationDisplay xml:lang="?">?</siri:DestinationDisplay>
                           <!--Zero or more repetitions:-->
                           <siri:CallNote xml:lang="?">?</siri:CallNote>
                           <!--Optional:-->
                           <siri:AimedArrivalTime>?</siri:AimedArrivalTime>
                           <!--Optional:-->
                           <siri:ArrivalPlatformName xml:lang="?">?</siri:ArrivalPlatformName>
                           <!--Optional:-->
                           <siri:ArrivalBoardingActivity>alighting</siri:ArrivalBoardingActivity>
                           <!--Optional:-->
                           <siri:ArrivalStopAssignment>
                              <!--Optional:-->
                              <siri:AimedQuayRef>?</siri:AimedQuayRef>
                              <!--Zero or more repetitions:-->
                              <siri:AimedQuayName xml:lang="?">?</siri:AimedQuayName>
                           </siri:ArrivalStopAssignment>
                           <!--Zero or more repetitions:-->
                           <siri:ArrivalOperatorRefs>?</siri:ArrivalOperatorRefs>
                           <!--Optional:-->
                           <siri:AimedDepartureTime>?</siri:AimedDepartureTime>
                           <!--Optional:-->
                           <siri:DeparturePlatformName xml:lang="?">?</siri:DeparturePlatformName>
                           <!--Optional:-->
                           <siri:DepartureBoardingActivity>boarding</siri:DepartureBoardingActivity>
                           <!--Optional:-->
                           <siri:DepartureStopAssignment>
                              <!--Optional:-->
                              <siri:AimedQuayRef>?</siri:AimedQuayRef>
                              <!--Zero or more repetitions:-->
                              <siri:AimedQuayName xml:lang="?">?</siri:AimedQuayName>
                           </siri:DepartureStopAssignment>
                           <!--Zero or more repetitions:-->
                           <siri:DepartureOperatorRefs>?</siri:DepartureOperatorRefs>
                           <!--Optional:-->
                           <siri:AimedLatestPassengerAccessTime>?</siri:AimedLatestPassengerAccessTime>
                           <!--Optional:-->
                           <siri:AimedHeadwayInterval>?</siri:AimedHeadwayInterval>
                           <!--Zero or more repetitions:-->
                           <siri:TargetedInterchange>
                              <!--Optional:-->
                              <siri:InterchangeCode>?</siri:InterchangeCode>
                              <siri:DistributorVehicleJourneyRef>?</siri:DistributorVehicleJourneyRef>
                              <!--You have a CHOICE of the next 2 items at this level-->
                              <siri:DistributorConnectionLinkRef>?</siri:DistributorConnectionLinkRef>
                              <siri:DistributorConnectionLink>
                                 <!--Optional:-->
                                 <siri:ConnectionLinkCode>?</siri:ConnectionLinkCode>
                                 <!--Optional:-->
                                 <siri:StopPointRef>?</siri:StopPointRef>
                                 <!--Optional:-->
                                 <siri:StopPointName xml:lang="?">?</siri:StopPointName>
                                 <!--Optional:-->
                                 <siri:DefaultDuration>?</siri:DefaultDuration>
                                 <!--Optional:-->
                                 <siri:FrequentTravellerDuration>?</siri:FrequentTravellerDuration>
                                 <!--Optional:-->
                                 <siri:OccasionalTravellerDuration>?</siri:OccasionalTravellerDuration>
                                 <!--Optional:-->
                                 <siri:ImpairedAccessDuration>?</siri:ImpairedAccessDuration>
                              </siri:DistributorConnectionLink>
                              <!--Optional:-->
                              <siri:DistributorVisitNumber>?</siri:DistributorVisitNumber>
                              <!--Optional:-->
                              <siri:DistributorOrder>?</siri:DistributorOrder>
                              <!--Optional:-->
                              <siri:StaySeated>false</siri:StaySeated>
                              <!--Optional:-->
                              <siri:Guaranteed>false</siri:Guaranteed>
                              <!--Optional:-->
                              <siri:Advertised>false</siri:Advertised>
                              <!--Optional:-->
                              <siri:StandardWaitTime>?</siri:StandardWaitTime>
                              <!--Optional:-->
                              <siri:MaximumWaitTime>?</siri:MaximumWaitTime>
                              <!--Optional:-->
                              <siri:MaximumAutomaticWaitTime>?</siri:MaximumAutomaticWaitTime>
                              <!--Optional:-->
                              <siri:StandardTransferTime>?</siri:StandardTransferTime>
                              <!--Optional:-->
                              <siri:MinimumTransferTime>?</siri:MinimumTransferTime>
                              <!--Optional:-->
                              <siri:MaximumTransferTime>?</siri:MaximumTransferTime>
                           </siri:TargetedInterchange>
                           <!--Zero or more repetitions:-->
                           <siri:FromServiceJourneyInterchange>
                              <!--Optional:-->
                              <siri:InterchangeCode>?</siri:InterchangeCode>
                              <!--Optional:-->
                              <siri:ConnectionLinkRef>?</siri:ConnectionLinkRef>
                              <siri:FeederRef>
                                 <!--Optional:-->
                                 <siri:FramedVehicleJourneyRef>
                                    <siri:DataFrameRef>?</siri:DataFrameRef>
                                    <siri:DatedVehicleJourneyRef>?</siri:DatedVehicleJourneyRef>
                                 </siri:FramedVehicleJourneyRef>
                                 <!--Optional:-->
                                 <siri:LineRef>?</siri:LineRef>
                                 <!--Optional:-->
                                 <siri:ParticipantRef>?</siri:ParticipantRef>
                              </siri:FeederRef>
                              <siri:FeederArrivalStopRef>?</siri:FeederArrivalStopRef>
                              <!--Optional:-->
                              <siri:FeederVisitNumber>?</siri:FeederVisitNumber>
                              <!--Optional:-->
                              <siri:StaySeated>false</siri:StaySeated>
                              <!--Optional:-->
                              <siri:Guaranteed>false</siri:Guaranteed>
                              <!--Optional:-->
                              <siri:Advertised>false</siri:Advertised>
                              <!--Optional:-->
                              <siri:StandardWaitTime>?</siri:StandardWaitTime>
                              <!--Optional:-->
                              <siri:MaximumWaitTime>?</siri:MaximumWaitTime>
                              <!--Optional:-->
                              <siri:MaximumAutomaticWaitTime>?</siri:MaximumAutomaticWaitTime>
                              <!--Optional:-->
                              <siri:StandardTransferTime>?</siri:StandardTransferTime>
                              <!--Optional:-->
                              <siri:MinimumTransferTime>?</siri:MinimumTransferTime>
                              <!--Optional:-->
                              <siri:MaximumTransferTime>?</siri:MaximumTransferTime>
                              <!--Optional:-->
                              <siri:Extensions>
                                 <!--You may enter ANY elements at this point-->
                              </siri:Extensions>
                           </siri:FromServiceJourneyInterchange>
                           <!--Zero or more repetitions:-->
                           <siri:ToServiceJourneyInterchange>
                              <!--Optional:-->
                              <siri:InterchangeCode>?</siri:InterchangeCode>
                              <!--Optional:-->
                              <siri:ConnectionLinkRef>?</siri:ConnectionLinkRef>
                              <siri:DistributorRef>
                                 <!--Optional:-->
                                 <siri:FramedVehicleJourneyRef>
                                    <siri:DataFrameRef>?</siri:DataFrameRef>
                                    <siri:DatedVehicleJourneyRef>?</siri:DatedVehicleJourneyRef>
                                 </siri:FramedVehicleJourneyRef>
                                 <!--Optional:-->
                                 <siri:LineRef>?</siri:LineRef>
                                 <!--Optional:-->
                                 <siri:ParticipantRef>?</siri:ParticipantRef>
                              </siri:DistributorRef>
                              <siri:DistributorDepartureStopRef>?</siri:DistributorDepartureStopRef>
                              <!--Optional:-->
                              <siri:DistributorVisitNumber>?</siri:DistributorVisitNumber>
                              <!--Optional:-->
                              <siri:StaySeated>false</siri:StaySeated>
                              <!--Optional:-->
                              <siri:Guaranteed>false</siri:Guaranteed>
                              <!--Optional:-->
                              <siri:Advertised>false</siri:Advertised>
                              <!--Optional:-->
                              <siri:StandardWaitTime>?</siri:StandardWaitTime>
                              <!--Optional:-->
                              <siri:MaximumWaitTime>?</siri:MaximumWaitTime>
                              <!--Optional:-->
                              <siri:MaximumAutomaticWaitTime>?</siri:MaximumAutomaticWaitTime>
                              <!--Optional:-->
                              <siri:StandardTransferTime>?</siri:StandardTransferTime>
                              <!--Optional:-->
                              <siri:MinimumTransferTime>?</siri:MinimumTransferTime>
                              <!--Optional:-->
                              <siri:MaximumTransferTime>?</siri:MaximumTransferTime>
                              <!--Optional:-->
                              <siri:Extensions>
                                 <!--You may enter ANY elements at this point-->
                              </siri:Extensions>
                           </siri:ToServiceJourneyInterchange>
                           <!--Optional:-->
                           <siri:Extensions>
                              <!--You may enter ANY elements at this point-->
                           </siri:Extensions>
                        </siri:DatedCall>
                     </siri:DatedCalls>
                     <!--Optional:-->
                     <siri:Extensions>
                        <!--You may enter ANY elements at this point-->
                     </siri:Extensions>
                  </siri:DatedVehicleJourney>
                  <!--Zero or more repetitions:-->
                  <siri:ServiceJourneyInterchange>
                     <!--Optional:-->
                     <siri:InterchangeCode>?</siri:InterchangeCode>
                     <!--Optional:-->
                     <siri:ConnectionLinkRef>?</siri:ConnectionLinkRef>
                     <siri:FeederRef>
                        <!--Optional:-->
                        <siri:FramedVehicleJourneyRef>
                           <siri:DataFrameRef>?</siri:DataFrameRef>
                           <siri:DatedVehicleJourneyRef>?</siri:DatedVehicleJourneyRef>
                        </siri:FramedVehicleJourneyRef>
                        <!--Optional:-->
                        <siri:LineRef>?</siri:LineRef>
                        <!--Optional:-->
                        <siri:ParticipantRef>?</siri:ParticipantRef>
                     </siri:FeederRef>
                     <siri:FeederArrivalStopRef>?</siri:FeederArrivalStopRef>
                     <!--Optional:-->
                     <siri:FeederVisitNumber>?</siri:FeederVisitNumber>
                     <siri:DistributorRef>
                        <!--Optional:-->
                        <siri:FramedVehicleJourneyRef>
                           <siri:DataFrameRef>?</siri:DataFrameRef>
                           <siri:DatedVehicleJourneyRef>?</siri:DatedVehicleJourneyRef>
                        </siri:FramedVehicleJourneyRef>
                        <!--Optional:-->
                        <siri:LineRef>?</siri:LineRef>
                        <!--Optional:-->
                        <siri:ParticipantRef>?</siri:ParticipantRef>
                     </siri:DistributorRef>
                     <siri:DistributorDepartureStopRef>?</siri:DistributorDepartureStopRef>
                     <!--Optional:-->
                     <siri:DistributorVisitNumber>?</siri:DistributorVisitNumber>
                     <!--Optional:-->
                     <siri:StaySeated>false</siri:StaySeated>
                     <!--Optional:-->
                     <siri:Guaranteed>false</siri:Guaranteed>
                     <!--Optional:-->
                     <siri:Advertised>false</siri:Advertised>
                     <!--Optional:-->
                     <siri:StandardWaitTime>?</siri:StandardWaitTime>
                     <!--Optional:-->
                     <siri:MaximumWaitTime>?</siri:MaximumWaitTime>
                     <!--Optional:-->
                     <siri:MaximumAutomaticWaitTime>?</siri:MaximumAutomaticWaitTime>
                     <!--Optional:-->
                     <siri:StandardTransferTime>?</siri:StandardTransferTime>
                     <!--Optional:-->
                     <siri:MinimumTransferTime>?</siri:MinimumTransferTime>
                     <!--Optional:-->
                     <siri:MaximumTransferTime>?</siri:MaximumTransferTime>
                     <!--Optional:-->
                     <siri:Extensions>
                        <!--You may enter ANY elements at this point-->
                     </siri:Extensions>
                  </siri:ServiceJourneyInterchange>
                  <!--Optional:-->
                  <siri:Extensions>
                     <!--You may enter ANY elements at this point-->
                  </siri:Extensions>
               </siri:DatedTimetableVersionFrame>
               <!--Optional:-->
               <siri:Extensions>
                  <!--You may enter ANY elements at this point-->
               </siri:Extensions>
            </siri:ProductionTimetableDelivery>
         </Notification>
         <NotifyExtension>
            <!--You may enter ANY elements at this point-->
         </NotifyExtension>
      </wsdl:NotifyProductionTimetable>
   </soapenv:Body>
</soapenv:Envelope>]]></con:request><con:wsaConfig mustUnderstand="NONE" version="200508" action="GetProductionTimetable"/></con:call></con:operation><con:operation isOneWay="false" action="GetSituationExchange" name="NotifySituationExchange" bindingOperationName="NotifySituationExchange" type="One-Way" inputName="" sendsAttachments="false" anonymous="optional"><con:settings/><con:call name="Request 1"><con:settings/><con:encoding>UTF-8</con:encoding><con:endpoint>http://www.siri-service-location.com</con:endpoint><con:request><![CDATA[<soapenv:Envelope xmlns:soapenv="http://schemas.xmlsoap.org/soap/envelope/" xmlns:wsdl="http://wsdl.siri.org.uk" xmlns:siri="http://www.siri.org.uk/siri" xmlns:acsb="http://www.ifopt.org.uk/acsb" xmlns:ifop="http://www.ifopt.org.uk/ifopt" xmlns:_0="http://datex2.eu/schema/2_0RC1/2_0">
   <soapenv:Header/>
   <soapenv:Body>
      <wsdl:NotifySituationExchange>
         <ServiceDeliveryInfo>
            <siri:ResponseTimestamp>?</siri:ResponseTimestamp>
            <!--Optional:-->
            <siri:ProducerRef>?</siri:ProducerRef>
            <!--Optional:-->
            <siri:Address>?</siri:Address>
            <!--Optional:-->
            <siri:ResponseMessageIdentifier>?</siri:ResponseMessageIdentifier>
            <!--Optional:-->
            <siri:RequestMessageRef>?</siri:RequestMessageRef>
         </ServiceDeliveryInfo>
         <Notification>
            <!--1 or more repetitions:-->
            <siri:SituationExchangeDelivery version="2.0">
               <siri:ResponseTimestamp>?</siri:ResponseTimestamp>
               <!--You have a CHOICE of the next 2 items at this level-->
               <!--Optional:-->
               <siri:RequestMessageRef>?</siri:RequestMessageRef>
               <!--Optional:-->
               <siri:SubscriberRef>?</siri:SubscriberRef>
               <!--Optional:-->
               <siri:SubscriptionFilterRef>?</siri:SubscriptionFilterRef>
               <siri:SubscriptionRef>?</siri:SubscriptionRef>
               <!--Optional:-->
               <siri:DelegatorAddress>?</siri:DelegatorAddress>
               <!--Optional:-->
               <siri:DelegatorRef>?</siri:DelegatorRef>
               <!--Optional:-->
               <siri:Status>true</siri:Status>
               <!--Optional:-->
               <siri:ErrorCondition>
                  <!--You have a CHOICE of the next 15 items at this level-->
                  <siri:UnapprovedKeyAccessError number="?">
                     <!--Optional:-->
                     <siri:ErrorText>?</siri:ErrorText>
                     <!--Optional:-->
                     <siri:Key>?</siri:Key>
                  </siri:UnapprovedKeyAccessError>
                  <siri:UnknownParticipantError number="?">
                     <!--Optional:-->
                     <siri:ErrorText>?</siri:ErrorText>
                     <!--Optional:-->
                     <siri:ParticipantRef>?</siri:ParticipantRef>
                  </siri:UnknownParticipantError>
                  <siri:UnknownEndpointError number="?">
                     <!--Optional:-->
                     <siri:ErrorText>?</siri:ErrorText>
                     <!--Optional:-->
                     <siri:Endpoint>?</siri:Endpoint>
                  </siri:UnknownEndpointError>
                  <siri:EndpointDeniedAccessError number="?">
                     <!--Optional:-->
                     <siri:ErrorText>?</siri:ErrorText>
                     <!--Optional:-->
                     <siri:Endpoint>?</siri:Endpoint>
                  </siri:EndpointDeniedAccessError>
                  <siri:EndpointNotAvailableAccessError number="?">
                     <!--Optional:-->
                     <siri:ErrorText>?</siri:ErrorText>
                     <!--Optional:-->
                     <siri:Endpoint>?</siri:Endpoint>
                  </siri:EndpointNotAvailableAccessError>
                  <siri:ServiceNotAvailableError number="?">
                     <!--Optional:-->
                     <siri:ErrorText>?</siri:ErrorText>
                     <!--Optional:-->
                     <siri:ExpectedRestartTime>?</siri:ExpectedRestartTime>
                  </siri:ServiceNotAvailableError>
                  <siri:CapabilityNotSupportedError number="?">
                     <!--Optional:-->
                     <siri:ErrorText>?</siri:ErrorText>
                     <!--Optional:-->
                     <siri:CapabilityRef>?</siri:CapabilityRef>
                  </siri:CapabilityNotSupportedError>
                  <siri:AccessNotAllowedError number="?">
                     <!--Optional:-->
                     <siri:ErrorText>?</siri:ErrorText>
                  </siri:AccessNotAllowedError>
                  <siri:InvalidDataReferencesError number="?">
                     <!--Optional:-->
                     <siri:ErrorText>?</siri:ErrorText>
                     <!--Zero or more repetitions:-->
                     <siri:InvalidRef>?</siri:InvalidRef>
                  </siri:InvalidDataReferencesError>
                  <siri:BeyondDataHorizon number="?">
                     <!--Optional:-->
                     <siri:ErrorText>?</siri:ErrorText>
                  </siri:BeyondDataHorizon>
                  <siri:NoInfoForTopicError number="?">
                     <!--Optional:-->
                     <siri:ErrorText>?</siri:ErrorText>
                  </siri:NoInfoForTopicError>
                  <siri:ParametersIgnoredError number="?">
                     <!--Optional:-->
                     <siri:ErrorText>?</siri:ErrorText>
                     <!--Zero or more repetitions:-->
                     <siri:ParameterName>?</siri:ParameterName>
                  </siri:ParametersIgnoredError>
                  <siri:UnknownExtensionsError number="?">
                     <!--Optional:-->
                     <siri:ErrorText>?</siri:ErrorText>
                     <!--Zero or more repetitions:-->
                     <siri:ExtensionName>?</siri:ExtensionName>
                  </siri:UnknownExtensionsError>
                  <siri:AllowedResourceUsageExceededError number="?">
                     <!--Optional:-->
                     <siri:ErrorText>?</siri:ErrorText>
                  </siri:AllowedResourceUsageExceededError>
                  <siri:OtherError number="?">
                     <!--Optional:-->
                     <siri:ErrorText>?</siri:ErrorText>
                  </siri:OtherError>
                  <!--Optional:-->
                  <siri:Description>?</siri:Description>
               </siri:ErrorCondition>
               <!--Optional:-->
               <siri:ValidUntil>?</siri:ValidUntil>
               <!--Optional:-->
               <siri:ShortestPossibleCycle>?</siri:ShortestPossibleCycle>
               <!--Optional:-->
               <siri:DefaultLanguage>?</siri:DefaultLanguage>
               <!--Optional:-->
               <siri:PtSituationContext>
                  <!--Optional:-->
                  <siri:CountryRef>?</siri:CountryRef>
                  <siri:ParticipantRef>?</siri:ParticipantRef>
                  <!--Optional:-->
                  <siri:TopographicPlaceRef>?</siri:TopographicPlaceRef>
                  <!--Zero or more repetitions:-->
                  <siri:TopographicPlaceName xml:lang="?">?</siri:TopographicPlaceName>
                  <!--Optional:-->
                  <siri:DefaultLanguage>?</siri:DefaultLanguage>
                  <!--Optional:-->
                  <siri:NetworkContext>
                     <!--Zero or more repetitions:-->
                     <siri:Operator>
                        <!--Optional:-->
                        <siri:OperatorRef>?</siri:OperatorRef>
                        <!--Zero or more repetitions:-->
                        <siri:OperatorName xml:lang="?">?</siri:OperatorName>
                        <!--Zero or more repetitions:-->
                        <siri:OperatorShortName xml:lang="?">?</siri:OperatorShortName>
                        <!--Zero or more repetitions:-->
                        <siri:OperationalUnitRef>?</siri:OperationalUnitRef>
                        <!--Optional:-->
                        <siri:Extensions>
                           <!--You may enter ANY elements at this point-->
                        </siri:Extensions>
                     </siri:Operator>
                     <!--Optional:-->
                     <siri:Network>
                        <!--Optional:-->
                        <siri:NetworkRef>?</siri:NetworkRef>
                        <!--Zero or more repetitions:-->
                        <siri:NetworkName xml:lang="?">?</siri:NetworkName>
                        <!--Optional:-->
                        <siri:VehicleMode>unknown</siri:VehicleMode>
                        <!--You have a CHOICE of the next 7 items at this level-->
                        <siri:AirSubmode>unknown</siri:AirSubmode>
                        <siri:BusSubmode>unknown</siri:BusSubmode>
                        <siri:CoachSubmode>unknown</siri:CoachSubmode>
                        <siri:MetroSubmode>unknown</siri:MetroSubmode>
                        <siri:RailSubmode>unknown</siri:RailSubmode>
                        <siri:TramSubmode>unknown</siri:TramSubmode>
                        <siri:WaterSubmode>unknown</siri:WaterSubmode>
                        <!--Optional:-->
                        <siri:AccessMode>?</siri:AccessMode>
                     </siri:Network>
                  </siri:NetworkContext>
                  <!--Optional:-->
                  <siri:Actions>
                     <!--Zero or more repetitions:-->
                     <siri:PublishToWebAction>
                        <!--Optional:-->
                        <siri:ActionStatus>open</siri:ActionStatus>
                        <!--Optional:-->
                        <siri:Description xml:lang="?">?</siri:Description>
                        <!--Zero or more repetitions:-->
                        <siri:ActionData>
                           <siri:Name>?</siri:Name>
                           <siri:Type>?</siri:Type>
                           <!--1 or more repetitions:-->
                           <siri:Value>?</siri:Value>
                           <!--Zero or more repetitions:-->
                           <siri:Prompt xml:lang="?">?</siri:Prompt>
                        </siri:ActionData>
                        <!--Optional:-->
                        <siri:Incidents>true</siri:Incidents>
                        <!--Optional:-->
                        <siri:HomePage>false</siri:HomePage>
                        <!--Optional:-->
                        <siri:Ticker>false</siri:Ticker>
                     </siri:PublishToWebAction>
                     <!--Zero or more repetitions:-->
                     <siri:PublishToMobileAction>
                        <!--Optional:-->
                        <siri:ActionStatus>open</siri:ActionStatus>
                        <!--Optional:-->
                        <siri:Description xml:lang="?">?</siri:Description>
                        <!--Zero or more repetitions:-->
                        <siri:ActionData>
                           <siri:Name>?</siri:Name>
                           <siri:Type>?</siri:Type>
                           <!--1 or more repetitions:-->
                           <siri:Value>?</siri:Value>
                           <!--Zero or more repetitions:-->
                           <siri:Prompt xml:lang="?">?</siri:Prompt>
                        </siri:ActionData>
                        <!--Optional:-->
                        <siri:Incidents>true</siri:Incidents>
                        <!--Optional:-->
                        <siri:HomePage>false</siri:HomePage>
                     </siri:PublishToMobileAction>
                     <!--Optional:-->
                     <siri:PublishToTvAction>
                        <!--Optional:-->
                        <siri:ActionStatus>open</siri:ActionStatus>
                        <!--Optional:-->
                        <siri:Description xml:lang="?">?</siri:Description>
                        <!--Zero or more repetitions:-->
                        <siri:ActionData>
                           <siri:Name>?</siri:Name>
                           <siri:Type>?</siri:Type>
                           <!--1 or more repetitions:-->
                           <siri:Value>?</siri:Value>
                           <!--Zero or more repetitions:-->
                           <siri:Prompt xml:lang="?">?</siri:Prompt>
                        </siri:ActionData>
                        <!--Optional:-->
                        <siri:Ceefax>true</siri:Ceefax>
                        <!--Optional:-->
                        <siri:Teletext>true</siri:Teletext>
                     </siri:PublishToTvAction>
                     <!--Zero or more repetitions:-->
                     <siri:PublishToAlertsAction>
                        <!--Optional:-->
                        <siri:ActionStatus>open</siri:ActionStatus>
                        <!--Optional:-->
                        <siri:Description xml:lang="?">?</siri:Description>
                        <!--Zero or more repetitions:-->
                        <siri:ActionData>
                           <siri:Name>?</siri:Name>
                           <siri:Type>?</siri:Type>
                           <!--1 or more repetitions:-->
                           <siri:Value>?</siri:Value>
                           <!--Zero or more repetitions:-->
                           <siri:Prompt xml:lang="?">?</siri:Prompt>
                        </siri:ActionData>
                        <!--Optional:-->
                        <siri:BeforeNotices>
                           <!--Zero or more repetitions:-->
                           <siri:Interval>?</siri:Interval>
                        </siri:BeforeNotices>
                        <!--Optional:-->
                        <siri:ClearNotice>?</siri:ClearNotice>
                        <!--Optional:-->
                        <siri:ByEmail>true</siri:ByEmail>
                        <!--Optional:-->
                        <siri:ByMobile>true</siri:ByMobile>
                     </siri:PublishToAlertsAction>
                     <!--Zero or more repetitions:-->
                     <siri:ManualAction>
                        <!--Optional:-->
                        <siri:ActionStatus>open</siri:ActionStatus>
                        <!--Optional:-->
                        <siri:Description xml:lang="?">?</siri:Description>
                        <!--Zero or more repetitions:-->
                        <siri:ActionData>
                           <siri:Name>?</siri:Name>
                           <siri:Type>?</siri:Type>
                           <!--1 or more repetitions:-->
                           <siri:Value>?</siri:Value>
                           <!--Zero or more repetitions:-->
                           <siri:Prompt xml:lang="?">?</siri:Prompt>
                        </siri:ActionData>
                     </siri:ManualAction>
                     <!--Zero or more repetitions:-->
                     <siri:NotifyByEmailAction>
                        <!--Optional:-->
                        <siri:ActionStatus>open</siri:ActionStatus>
                        <!--Optional:-->
                        <siri:Description xml:lang="?">?</siri:Description>
                        <!--Zero or more repetitions:-->
                        <siri:ActionData>
                           <siri:Name>?</siri:Name>
                           <siri:Type>?</siri:Type>
                           <!--1 or more repetitions:-->
                           <siri:Value>?</siri:Value>
                           <!--Zero or more repetitions:-->
                           <siri:Prompt xml:lang="?">?</siri:Prompt>
                        </siri:ActionData>
                        <!--Optional:-->
                        <siri:BeforeNotices>
                           <!--Zero or more repetitions:-->
                           <siri:Interval>?</siri:Interval>
                        </siri:BeforeNotices>
                        <!--Optional:-->
                        <siri:ClearNotice>?</siri:ClearNotice>
                        <!--Optional:-->
                        <siri:email>?</siri:email>
                     </siri:NotifyByEmailAction>
                     <!--Optional:-->
                     <siri:NotifyBySmsAction>
                        <!--Optional:-->
                        <siri:ActionStatus>open</siri:ActionStatus>
                        <!--Optional:-->
                        <siri:Description xml:lang="?">?</siri:Description>
                        <!--Zero or more repetitions:-->
                        <siri:ActionData>
                           <siri:Name>?</siri:Name>
                           <siri:Type>?</siri:Type>
                           <!--1 or more repetitions:-->
                           <siri:Value>?</siri:Value>
                           <!--Zero or more repetitions:-->
                           <siri:Prompt xml:lang="?">?</siri:Prompt>
                        </siri:ActionData>
                        <!--Optional:-->
                        <siri:BeforeNotices>
                           <!--Zero or more repetitions:-->
                           <siri:Interval>?</siri:Interval>
                        </siri:BeforeNotices>
                        <!--Optional:-->
                        <siri:ClearNotice>?</siri:ClearNotice>
                        <!--Optional:-->
                        <siri:Phone>true</siri:Phone>
                        <!--Optional:-->
                        <siri:Premium>false</siri:Premium>
                     </siri:NotifyBySmsAction>
                     <!--Zero or more repetitions:-->
                     <siri:NotifyByPagerAction>
                        <!--Optional:-->
                        <siri:ActionStatus>open</siri:ActionStatus>
                        <!--Optional:-->
                        <siri:Description xml:lang="?">?</siri:Description>
                        <!--Zero or more repetitions:-->
                        <siri:ActionData>
                           <siri:Name>?</siri:Name>
                           <siri:Type>?</siri:Type>
                           <!--1 or more repetitions:-->
                           <siri:Value>?</siri:Value>
                           <!--Zero or more repetitions:-->
                           <siri:Prompt xml:lang="?">?</siri:Prompt>
                        </siri:ActionData>
                        <!--Optional:-->
                        <siri:BeforeNotices>
                           <!--Zero or more repetitions:-->
                           <siri:Interval>?</siri:Interval>
                        </siri:BeforeNotices>
                        <!--Optional:-->
                        <siri:ClearNotice>?</siri:ClearNotice>
                        <!--Optional:-->
                        <siri:PagerGroupRef>?</siri:PagerGroupRef>
                        <!--Optional:-->
                        <siri:Pager>true</siri:Pager>
                     </siri:NotifyByPagerAction>
                     <!--Zero or more repetitions:-->
                     <siri:NotifyUserAction>
                        <!--Optional:-->
                        <siri:ActionStatus>open</siri:ActionStatus>
                        <!--Optional:-->
                        <siri:Description xml:lang="?">?</siri:Description>
                        <!--Zero or more repetitions:-->
                        <siri:ActionData>
                           <siri:Name>?</siri:Name>
                           <siri:Type>?</siri:Type>
                           <!--1 or more repetitions:-->
                           <siri:Value>?</siri:Value>
                           <!--Zero or more repetitions:-->
                           <siri:Prompt xml:lang="?">?</siri:Prompt>
                        </siri:ActionData>
                        <!--Optional:-->
                        <siri:BeforeNotices>
                           <!--Zero or more repetitions:-->
                           <siri:Interval>?</siri:Interval>
                        </siri:BeforeNotices>
                        <!--Optional:-->
                        <siri:ClearNotice>?</siri:ClearNotice>
                        <!--Optional:-->
                        <siri:WorkgroupRef>true</siri:WorkgroupRef>
                        <!--Optional:-->
                        <siri:UserName>?</siri:UserName>
                        <!--Optional:-->
                        <siri:UserRef>true</siri:UserRef>
                     </siri:NotifyUserAction>
                     <!--Optional:-->
                     <siri:Extensions>?</siri:Extensions>
                  </siri:Actions>
                  <!--Optional:-->
                  <siri:Extensions>
                     <!--You may enter ANY elements at this point-->
                  </siri:Extensions>
               </siri:PtSituationContext>
               <!--Optional:-->
               <siri:Situations>
                  <!--Zero or more repetitions:-->
                  <siri:PtSituationElement>
                     <siri:CreationTime>?</siri:CreationTime>
                     <!--Optional:-->
                     <siri:CountryRef>?</siri:CountryRef>
                     <!--Optional:-->
                     <siri:ParticipantRef>?</siri:ParticipantRef>
                     <siri:SituationNumber>?</siri:SituationNumber>
                     <!--Optional:-->
                     <siri:UpdateCountryRef>?</siri:UpdateCountryRef>
                     <!--Optional:-->
                     <siri:UpdateParticipantRef>?</siri:UpdateParticipantRef>
                     <!--Optional:-->
                     <siri:Version>?</siri:Version>
                     <!--Optional:-->
                     <siri:References>
                        <!--1 or more repetitions:-->
                        <siri:RelatedToRef>
                           <siri:CreationTime>?</siri:CreationTime>
                           <!--Optional:-->
                           <siri:CountryRef>?</siri:CountryRef>
                           <!--Optional:-->
                           <siri:ParticipantRef>?</siri:ParticipantRef>
                           <siri:SituationNumber>?</siri:SituationNumber>
                           <!--Optional:-->
                           <siri:UpdateCountryRef>?</siri:UpdateCountryRef>
                           <!--Optional:-->
                           <siri:UpdateParticipantRef>?</siri:UpdateParticipantRef>
                           <!--Optional:-->
                           <siri:Version>?</siri:Version>
                           <!--Optional:-->
                           <siri:ExternalReference>?</siri:ExternalReference>
                           <!--Optional:-->
                           <siri:RelatedAs>?</siri:RelatedAs>
                           <!--Optional:-->
                           <siri:Extensions>
                              <!--You may enter ANY elements at this point-->
                           </siri:Extensions>
                        </siri:RelatedToRef>
                     </siri:References>
                     <siri:Source>
                        <!--Optional:-->
                        <siri:Country>?</siri:Country>
                        <siri:SourceType>?</siri:SourceType>
                        <!--Optional:-->
                        <siri:Email>?</siri:Email>
                        <!--Optional:-->
                        <siri:Phone>?</siri:Phone>
                        <!--Optional:-->
                        <siri:Fax>?</siri:Fax>
                        <!--Optional:-->
                        <siri:Web>?</siri:Web>
                        <!--Optional:-->
                        <siri:Other>?</siri:Other>
                        <!--Optional:-->
                        <siri:SourceMethod>?</siri:SourceMethod>
                        <!--Optional:-->
                        <siri:AgentReference>?</siri:AgentReference>
                        <!--Optional:-->
                        <siri:Name xml:lang="?">?</siri:Name>
                        <!--Optional:-->
                        <siri:SourceRole>?</siri:SourceRole>
                        <!--Optional:-->
                        <siri:TimeOfCommunication>?</siri:TimeOfCommunication>
                        <!--Optional:-->
                        <siri:ExternalCode>?</siri:ExternalCode>
                        <!--Optional:-->
                        <siri:SourceFile>?</siri:SourceFile>
                        <!--Optional:-->
                        <siri:Extensions>
                           <!--You may enter ANY elements at this point-->
                        </siri:Extensions>
                     </siri:Source>
                     <!--Optional:-->
                     <siri:VersionedAtTime>?</siri:VersionedAtTime>
                     <!--Optional:-->
                     <siri:Verification>?</siri:Verification>
                     <!--Optional:-->
                     <siri:Progress>open</siri:Progress>
                     <!--Optional:-->
                     <siri:QualityIndex>?</siri:QualityIndex>
                     <!--Optional:-->
                     <siri:Reality>?</siri:Reality>
                     <!--Optional:-->
                     <siri:Likelihood>?</siri:Likelihood>
                     <!--Zero or more repetitions:-->
                     <siri:Publication>?</siri:Publication>
                     <!--1 or more repetitions:-->
                     <siri:ValidityPeriod>
                        <siri:StartTime>?</siri:StartTime>
                        <!--Optional:-->
                        <siri:EndTime>?</siri:EndTime>
                     </siri:ValidityPeriod>
                     <!--Optional:-->
                     <siri:Repetitions>
                        <!--1 or more repetitions:-->
                        <siri:DayType>everyDay</siri:DayType>
                     </siri:Repetitions>
                     <!--Optional:-->
                     <siri:PublicationWindow>
                        <siri:StartTime>?</siri:StartTime>
                        <!--Optional:-->
                        <siri:EndTime>?</siri:EndTime>
                     </siri:PublicationWindow>
                     <!--You have a CHOICE of the next 6 items at this level-->
                     <siri:UnknownReason>?</siri:UnknownReason>
                     <siri:MiscellaneousReason>?</siri:MiscellaneousReason>
                     <siri:PersonnelReason>?</siri:PersonnelReason>
                     <siri:EquipmentReason>?</siri:EquipmentReason>
                     <siri:EnvironmentReason>?</siri:EnvironmentReason>
                     <siri:UndefinedReason>?</siri:UndefinedReason>
                     <!--Optional:-->
                     <siri:PublicEventReason>?</siri:PublicEventReason>
                     <!--Zero or more repetitions:-->
                     <siri:ReasonName xml:lang="?">?</siri:ReasonName>
                     <!--Optional:-->
                     <siri:Severity>normal</siri:Severity>
                     <!--Optional:-->
                     <siri:Priority>?</siri:Priority>
                     <!--Optional:-->
                     <siri:Sensitivity>?</siri:Sensitivity>
                     <!--Optional:-->
                     <siri:Audience>public</siri:Audience>
                     <!--Optional:-->
                     <siri:ScopeType>?</siri:ScopeType>
                     <!--Optional:-->
                     <siri:ReportType>unknown</siri:ReportType>
                     <!--Optional:-->
                     <siri:Planned>false</siri:Planned>
                     <!--Optional:-->
                     <siri:Keywords>?</siri:Keywords>
                     <!--Optional:-->
                     <siri:SecondaryReasons>
                        <siri:Reason>
                           <!--You have a CHOICE of the next 6 items at this level-->
                           <siri:UnknownReason>?</siri:UnknownReason>
                           <siri:MiscellaneousReason>?</siri:MiscellaneousReason>
                           <siri:PersonnelReason>?</siri:PersonnelReason>
                           <siri:EquipmentReason>?</siri:EquipmentReason>
                           <siri:EnvironmentReason>?</siri:EnvironmentReason>
                           <siri:UndefinedReason>?</siri:UndefinedReason>
                           <!--Optional:-->
                           <siri:PublicEventReason>?</siri:PublicEventReason>
                           <!--Zero or more repetitions:-->
                           <siri:ReasonName xml:lang="?">?</siri:ReasonName>
                        </siri:Reason>
                     </siri:SecondaryReasons>
                     <!--Optional:-->
                     <siri:Language>en</siri:Language>
                     <!--Zero or more repetitions:-->
                     <siri:Summary xml:lang="?" overridden="true">?</siri:Summary>
                     <!--Zero or more repetitions:-->
                     <siri:Description xml:lang="?" overridden="true">?</siri:Description>
                     <!--Zero or more repetitions:-->
                     <siri:Detail xml:lang="?" overridden="true">?</siri:Detail>
                     <!--Zero or more repetitions:-->
                     <siri:Advice xml:lang="?" overridden="true">?</siri:Advice>
                     <!--Optional:-->
                     <siri:Internal xml:lang="?" overridden="true">?</siri:Internal>
                     <!--Optional:-->
                     <siri:Images>
                        <!--1 or more repetitions:-->
                        <siri:Image>
                           <!--You have a CHOICE of the next 2 items at this level-->
                           <siri:ImageRef>?</siri:ImageRef>
                           <siri:ImageBinary>cid:329045947022</siri:ImageBinary>
                           <!--Optional:-->
                           <siri:ImageContent>?</siri:ImageContent>
                        </siri:Image>
                     </siri:Images>
                     <!--Optional:-->
                     <siri:InfoLinks>
                        <!--1 or more repetitions:-->
                        <siri:InfoLink>
                           <siri:Uri>?</siri:Uri>
                           <!--Zero or more repetitions:-->
                           <siri:Label xml:lang="?">?</siri:Label>
                           <!--Optional:-->
                           <siri:Image>
                              <!--You have a CHOICE of the next 2 items at this level-->
                              <siri:ImageRef>?</siri:ImageRef>
                              <siri:ImageBinary>cid:551900230673</siri:ImageBinary>
                              <!--Optional:-->
                              <siri:ImageContent>?</siri:ImageContent>
                           </siri:Image>
                           <!--Optional:-->
                           <siri:LinkContent>?</siri:LinkContent>
                        </siri:InfoLink>
                     </siri:InfoLinks>
                     <!--Optional:-->
                     <siri:Affects>
                        <!--Optional:-->
                        <siri:AreaOfInterest>?</siri:AreaOfInterest>
                        <!--Optional:-->
                        <siri:Operators>
                           <!--You have a CHOICE of the next 2 items at this level-->
                           <siri:AllOperators>?</siri:AllOperators>
                           <!--1 or more repetitions:-->
                           <siri:AffectedOperator>
                              <!--Optional:-->
                              <siri:OperatorRef>?</siri:OperatorRef>
                              <!--Zero or more repetitions:-->
                              <siri:OperatorName xml:lang="?">?</siri:OperatorName>
                              <!--Zero or more repetitions:-->
                              <siri:OperatorShortName xml:lang="?">?</siri:OperatorShortName>
                              <!--Zero or more repetitions:-->
                              <siri:OperationalUnitRef>?</siri:OperationalUnitRef>
                              <!--Optional:-->
                              <siri:Extensions>
                                 <!--You may enter ANY elements at this point-->
                              </siri:Extensions>
                           </siri:AffectedOperator>
                        </siri:Operators>
                        <!--Optional:-->
                        <siri:Networks>
                           <!--1 or more repetitions:-->
                           <siri:AffectedNetwork>
                              <!--Zero or more repetitions:-->
                              <siri:AffectedOperator>
                                 <!--Optional:-->
                                 <siri:OperatorRef>?</siri:OperatorRef>
                                 <!--Zero or more repetitions:-->
                                 <siri:OperatorName xml:lang="?">?</siri:OperatorName>
                                 <!--Zero or more repetitions:-->
                                 <siri:OperatorShortName xml:lang="?">?</siri:OperatorShortName>
                                 <!--Zero or more repetitions:-->
                                 <siri:OperationalUnitRef>?</siri:OperationalUnitRef>
                                 <!--Optional:-->
                                 <siri:Extensions>
                                    <!--You may enter ANY elements at this point-->
                                 </siri:Extensions>
                              </siri:AffectedOperator>
                              <!--Optional:-->
                              <siri:NetworkRef>?</siri:NetworkRef>
                              <!--Zero or more repetitions:-->
                              <siri:NetworkName xml:lang="?">?</siri:NetworkName>
                              <!--Zero or more repetitions:-->
                              <siri:RoutesAffected xml:lang="?">?</siri:RoutesAffected>
                              <!--Optional:-->
                              <siri:VehicleMode>unknown</siri:VehicleMode>
                              <!--You have a CHOICE of the next 7 items at this level-->
                              <siri:AirSubmode>unknown</siri:AirSubmode>
                              <siri:BusSubmode>unknown</siri:BusSubmode>
                              <siri:CoachSubmode>unknown</siri:CoachSubmode>
                              <siri:MetroSubmode>unknown</siri:MetroSubmode>
                              <siri:RailSubmode>unknown</siri:RailSubmode>
                              <siri:TramSubmode>unknown</siri:TramSubmode>
                              <siri:WaterSubmode>unknown</siri:WaterSubmode>
                              <!--Optional:-->
                              <siri:AccessMode>?</siri:AccessMode>
                              <!--You have a CHOICE of the next 3 items at this level-->
                              <siri:AllLines>?</siri:AllLines>
                              <siri:SelectedRoutes>?</siri:SelectedRoutes>
                              <!--1 or more repetitions:-->
                              <siri:AffectedLine>
                                 <!--Zero or more repetitions:-->
                                 <siri:AffectedOperator>
                                    <!--Optional:-->
                                    <siri:OperatorRef>?</siri:OperatorRef>
                                    <!--Zero or more repetitions:-->
                                    <siri:OperatorName xml:lang="?">?</siri:OperatorName>
                                    <!--Zero or more repetitions:-->
                                    <siri:OperatorShortName xml:lang="?">?</siri:OperatorShortName>
                                    <!--Zero or more repetitions:-->
                                    <siri:OperationalUnitRef>?</siri:OperationalUnitRef>
                                    <!--Optional:-->
                                    <siri:Extensions>
                                       <!--You may enter ANY elements at this point-->
                                    </siri:Extensions>
                                 </siri:AffectedOperator>
                                 <!--1 or more repetitions:-->
                                 <siri:LineRef>?</siri:LineRef>
                                 <!--Zero or more repetitions:-->
                                 <siri:Destinations>
                                    <!--Optional:-->
                                    <siri:StopPointRef>?</siri:StopPointRef>
                                    <!--Optional:-->
                                    <siri:PrivateRef>?</siri:PrivateRef>
                                    <!--Zero or more repetitions:-->
                                    <siri:StopPointName xml:lang="?">?</siri:StopPointName>
                                    <!--Optional:-->
                                    <siri:StopPointType>?</siri:StopPointType>
                                    <!--Optional:-->
                                    <siri:Location id="?" srsName="?">
                                       <!--You have a CHOICE of the next 2 items at this level-->
                                       <siri:Longitude>?</siri:Longitude>
                                       <siri:Latitude>?</siri:Latitude>
                                       <siri:Coordinates>?</siri:Coordinates>
                                       <!--Optional:-->
                                       <siri:Precision>?</siri:Precision>
                                    </siri:Location>
                                    <!--Optional:-->
                                    <siri:AffectedModes>
                                       <!--You have a CHOICE of the next 2 items at this level-->
                                       <!--Optional:-->
                                       <siri:AllModes>?</siri:AllModes>
                                       <!--Zero or more repetitions:-->
                                       <siri:Mode>
                                          <!--Optional:-->
                                          <siri:VehicleMode>unknown</siri:VehicleMode>
                                          <!--You have a CHOICE of the next 7 items at this level-->
                                          <siri:AirSubmode>unknown</siri:AirSubmode>
                                          <siri:BusSubmode>unknown</siri:BusSubmode>
                                          <siri:CoachSubmode>unknown</siri:CoachSubmode>
                                          <siri:MetroSubmode>unknown</siri:MetroSubmode>
                                          <siri:RailSubmode>unknown</siri:RailSubmode>
                                          <siri:TramSubmode>unknown</siri:TramSubmode>
                                          <siri:WaterSubmode>unknown</siri:WaterSubmode>
                                          <!--Optional:-->
                                          <siri:AccessMode>?</siri:AccessMode>
                                       </siri:Mode>
                                    </siri:AffectedModes>
                                    <!--Optional:-->
                                    <siri:PlaceRef>?</siri:PlaceRef>
                                    <!--Zero or more repetitions:-->
                                    <siri:PlaceName xml:lang="?">?</siri:PlaceName>
                                    <!--Optional:-->
                                    <siri:AccessibilityAssessment>
                                       <acsb:MobilityImpairedAccess>?</acsb:MobilityImpairedAccess>
                                       <!--Optional:-->
                                       <acsb:Limitations>
                                          <!--1 or more repetitions:-->
                                          <acsb:AccessibilityLimitation>
                                             <!--Optional:-->
                                             <acsb:LimitationId>?</acsb:LimitationId>
                                             <!--Optional:-->
                                             <acsb:ValidityCondition>
                                                <!--Optional:-->
                                                <ifop:FromDateTime>?</ifop:FromDateTime>
                                                <!--Optional:-->
                                                <ifop:ToDateTime>?</ifop:ToDateTime>
                                                <!--Optional:-->
                                                <ifop:DayType>?</ifop:DayType>
                                                <!--Zero or more repetitions:-->
                                                <ifop:Timebands>
                                                   <ifop:Timeband>
                                                      <ifop:StartTime>?</ifop:StartTime>
                                                      <!--Optional:-->
                                                      <ifop:EndTime>?</ifop:EndTime>
                                                   </ifop:Timeband>
                                                </ifop:Timebands>
                                             </acsb:ValidityCondition>
                                             <acsb:WheelchairAccess>false</acsb:WheelchairAccess>
                                             <!--Optional:-->
                                             <acsb:StepFreeAccess>unknown</acsb:StepFreeAccess>
                                             <!--Optional:-->
                                             <acsb:EscalatorFreeAccess>unknown</acsb:EscalatorFreeAccess>
                                             <!--Optional:-->
                                             <acsb:LiftFreeAccess>unknown</acsb:LiftFreeAccess>
                                             <!--Optional:-->
                                             <acsb:AudibleSignalsAvailable>false</acsb:AudibleSignalsAvailable>
                                             <!--Optional:-->
                                             <acsb:VisualSignsAvailable>unknown</acsb:VisualSignsAvailable>
                                             <!--Optional:-->
                                             <ifop:Extensions>
                                                e
                                                <!--You may enter ANY elements at this point-->
                                                gero
                                             </ifop:Extensions>
                                          </acsb:AccessibilityLimitation>
                                       </acsb:Limitations>
                                       <!--Optional:-->
                                       <acsb:Suitabilities>
                                          <!--1 or more repetitions:-->
                                          <acsb:Suitability>
                                             <acsb:Suitable>?</acsb:Suitable>
                                             <acsb:UserNeed>
                                                <!--You have a CHOICE of the next 4 items at this level-->
                                                <acsb:MobilityNeed>?</acsb:MobilityNeed>
                                                <acsb:PsychosensoryNeed>?</acsb:PsychosensoryNeed>
                                                <acsb:MedicalNeed>?</acsb:MedicalNeed>
                                                <acsb:EncumbranceNeed>?</acsb:EncumbranceNeed>
                                                <!--Optional:-->
                                                <acsb:Excluded>?</acsb:Excluded>
                                                <!--Optional:-->
                                                <acsb:NeedRanking>?</acsb:NeedRanking>
                                                <!--Optional:-->
                                                <acsb:Extensions>?</acsb:Extensions>
                                             </acsb:UserNeed>
                                          </acsb:Suitability>
                                       </acsb:Suitabilities>
                                       <!--Optional:-->
                                       <ifop:Extensions>
                                          cum
                                          <!--You may enter ANY elements at this point-->
                                          sonoras
                                       </ifop:Extensions>
                                    </siri:AccessibilityAssessment>
                                    <!--Optional:-->
                                    <siri:ConnectionLinks>
                                       <!--1 or more repetitions:-->
                                       <siri:AffectedConnectionLink>
                                          <!--Zero or more repetitions:-->
                                          <siri:ConnectionLinkRef>?</siri:ConnectionLinkRef>
                                          <!--Optional:-->
                                          <siri:ConnectionName xml:lang="?">?</siri:ConnectionName>
                                          <!--You have a CHOICE of the next 2 items at this level-->
                                          <siri:AllLines>?</siri:AllLines>
                                          <!--1 or more repetitions:-->
                                          <siri:LineRef>?</siri:LineRef>
                                          <!--Optional:-->
                                          <siri:ConnectingStopPointRef>?</siri:ConnectingStopPointRef>
                                          <!--Zero or more repetitions:-->
                                          <siri:ConnectingStopPointName xml:lang="?">?</siri:ConnectingStopPointName>
                                          <!--Optional:-->
                                          <siri:ConnectingZoneRef>?</siri:ConnectingZoneRef>
                                          <!--Optional:-->
                                          <siri:ConnectionDirection>both</siri:ConnectionDirection>
                                          <!--Zero or more repetitions:-->
                                          <siri:AffectedPathLink>
                                             <!--Zero or more repetitions:-->
                                             <siri:LinkRef>?</siri:LinkRef>
                                             <!--Zero or more repetitions:-->
                                             <siri:LinkName xml:lang="?">?</siri:LinkName>
                                             <!--Optional:-->
                                             <siri:AccessibilityFeature>?</siri:AccessibilityFeature>
                                             <!--Zero or more repetitions:-->
                                             <siri:LinkDirection>?</siri:LinkDirection>
                                             <!--Optional:-->
                                             <siri:LinkProjection>
                                                <!--Optional:-->
                                                <ifop:Features>
                                                   <!--1 or more repetitions:-->
                                                   <ifop:GisFeatureRef>
                                                      <ifop:FeatureIdRef>?</ifop:FeatureIdRef>
                                                      <!--Optional:-->
                                                      <ifop:FeatureType>?</ifop:FeatureType>
                                                   </ifop:GisFeatureRef>
                                                </ifop:Features>
                                                <!--Optional:-->
                                                <ifop:Line>
                                                   <!--2 or more repetitions:-->
                                                   <ifop:PointProjection id="?" srsName="?">
                                                      <!--Optional:-->
                                                      <ifop:Features>
                                                         <!--1 or more repetitions:-->
                                                         <ifop:GisFeatureRef>
                                                            <ifop:FeatureIdRef>?</ifop:FeatureIdRef>
                                                            <!--Optional:-->
                                                            <ifop:FeatureType>?</ifop:FeatureType>
                                                         </ifop:GisFeatureRef>
                                                      </ifop:Features>
                                                      <ifop:Longitude>?</ifop:Longitude>
                                                      <ifop:Latitude>?</ifop:Latitude>
                                                      <!--Optional:-->
                                                      <ifop:Altitude>?</ifop:Altitude>
                                                      <!--Optional:-->
                                                      <ifop:Coordinates>?</ifop:Coordinates>
                                                      <!--Optional:-->
                                                      <ifop:Precision>?</ifop:Precision>
                                                   </ifop:PointProjection>
                                                   <ifop:PointProjection id="?" srsName="?">
                                                      <!--Optional:-->
                                                      <ifop:Features>
                                                         <!--1 or more repetitions:-->
                                                         <ifop:GisFeatureRef>
                                                            <ifop:FeatureIdRef>?</ifop:FeatureIdRef>
                                                            <!--Optional:-->
                                                            <ifop:FeatureType>?</ifop:FeatureType>
                                                         </ifop:GisFeatureRef>
                                                      </ifop:Features>
                                                      <ifop:Longitude>?</ifop:Longitude>
                                                      <ifop:Latitude>?</ifop:Latitude>
                                                      <!--Optional:-->
                                                      <ifop:Altitude>?</ifop:Altitude>
                                                      <!--Optional:-->
                                                      <ifop:Coordinates>?</ifop:Coordinates>
                                                      <!--Optional:-->
                                                      <ifop:Precision>?</ifop:Precision>
                                                   </ifop:PointProjection>
                                                </ifop:Line>
                                             </siri:LinkProjection>
                                             <!--Optional:-->
                                             <siri:Offset>
                                                <!--Optional:-->
                                                <siri:DistanceFromStart>?</siri:DistanceFromStart>
                                                <!--Optional:-->
                                                <siri:DistanceFromEnd>?</siri:DistanceFromEnd>
                                             </siri:Offset>
                                             <!--Optional:-->
                                             <siri:Extensions>
                                                <!--You may enter ANY elements at this point-->
                                             </siri:Extensions>
                                          </siri:AffectedPathLink>
                                          <!--Optional:-->
                                          <siri:Extensions>
                                             <!--You may enter ANY elements at this point-->
                                          </siri:Extensions>
                                       </siri:AffectedConnectionLink>
                                    </siri:ConnectionLinks>
                                    <!--Optional:-->
                                    <siri:Extensions>
                                       <!--You may enter ANY elements at this point-->
                                    </siri:Extensions>
                                 </siri:Destinations>
                                 <!--Zero or more repetitions:-->
                                 <siri:Direction>
                                    <siri:DirectionRef>?</siri:DirectionRef>
                                    <!--Zero or more repetitions:-->
                                    <siri:DirectionName xml:lang="?">?</siri:DirectionName>
                                 </siri:Direction>
                                 <!--Optional:-->
                                 <siri:Routes>
                                    <!--1 or more repetitions:-->
                                    <siri:AffectedRoute>
                                       <!--Optional:-->
                                       <siri:RouteRef>?</siri:RouteRef>
                                       <!--Zero or more repetitions:-->
                                       <siri:Direction>
                                          <siri:DirectionRef>?</siri:DirectionRef>
                                          <!--Zero or more repetitions:-->
                                          <siri:DirectionName xml:lang="?">?</siri:DirectionName>
                                       </siri:Direction>
                                       <!--Optional:-->
                                       <siri:Sections>
                                          <!--1 or more repetitions:-->
                                          <siri:AffectedSection>
                                             <!--Optional:-->
                                             <siri:SectionRef>?</siri:SectionRef>
                                             <!--Optional:-->
                                             <siri:LinkProjection>
                                                <!--Optional:-->
                                                <ifop:Features>
                                                   <!--1 or more repetitions:-->
                                                   <ifop:GisFeatureRef>
                                                      <ifop:FeatureIdRef>?</ifop:FeatureIdRef>
                                                      <!--Optional:-->
                                                      <ifop:FeatureType>?</ifop:FeatureType>
                                                   </ifop:GisFeatureRef>
                                                </ifop:Features>
                                                <!--Optional:-->
                                                <ifop:Line>
                                                   <!--2 or more repetitions:-->
                                                   <ifop:PointProjection id="?" srsName="?">
                                                      <!--Optional:-->
                                                      <ifop:Features>
                                                         <!--1 or more repetitions:-->
                                                         <ifop:GisFeatureRef>
                                                            <ifop:FeatureIdRef>?</ifop:FeatureIdRef>
                                                            <!--Optional:-->
                                                            <ifop:FeatureType>?</ifop:FeatureType>
                                                         </ifop:GisFeatureRef>
                                                      </ifop:Features>
                                                      <ifop:Longitude>?</ifop:Longitude>
                                                      <ifop:Latitude>?</ifop:Latitude>
                                                      <!--Optional:-->
                                                      <ifop:Altitude>?</ifop:Altitude>
                                                      <!--Optional:-->
                                                      <ifop:Coordinates>?</ifop:Coordinates>
                                                      <!--Optional:-->
                                                      <ifop:Precision>?</ifop:Precision>
                                                   </ifop:PointProjection>
                                                   <ifop:PointProjection id="?" srsName="?">
                                                      <!--Optional:-->
                                                      <ifop:Features>
                                                         <!--1 or more repetitions:-->
                                                         <ifop:GisFeatureRef>
                                                            <ifop:FeatureIdRef>?</ifop:FeatureIdRef>
                                                            <!--Optional:-->
                                                            <ifop:FeatureType>?</ifop:FeatureType>
                                                         </ifop:GisFeatureRef>
                                                      </ifop:Features>
                                                      <ifop:Longitude>?</ifop:Longitude>
                                                      <ifop:Latitude>?</ifop:Latitude>
                                                      <!--Optional:-->
                                                      <ifop:Altitude>?</ifop:Altitude>
                                                      <!--Optional:-->
                                                      <ifop:Coordinates>?</ifop:Coordinates>
                                                      <!--Optional:-->
                                                      <ifop:Precision>?</ifop:Precision>
                                                   </ifop:PointProjection>
                                                </ifop:Line>
                                             </siri:LinkProjection>
                                             <!--Optional:-->
                                             <siri:Offset>
                                                <!--Optional:-->
                                                <siri:DistanceFromStart>?</siri:DistanceFromStart>
                                                <!--Optional:-->
                                                <siri:DistanceFromEnd>?</siri:DistanceFromEnd>
                                             </siri:Offset>
                                             <!--Optional:-->
                                             <siri:Extensions>
                                                <!--You may enter ANY elements at this point-->
                                             </siri:Extensions>
                                          </siri:AffectedSection>
                                       </siri:Sections>
                                       <!--Optional:-->
                                       <siri:RouteLinks>
                                          <!--1 or more repetitions:-->
                                          <siri:RouteLinkRef>?</siri:RouteLinkRef>
                                       </siri:RouteLinks>
                                       <!--Optional:-->
                                       <siri:Extensions>
                                          <!--You may enter ANY elements at this point-->
                                       </siri:Extensions>
                                    </siri:AffectedRoute>
                                 </siri:Routes>
                                 <!--Optional:-->
                                 <siri:Sections>
                                    <!--1 or more repetitions:-->
                                    <siri:AffectedSection>
                                       <!--Optional:-->
                                       <siri:SectionRef>?</siri:SectionRef>
                                       <!--Optional:-->
                                       <siri:LinkProjection>
                                          <!--Optional:-->
                                          <ifop:Features>
                                             <!--1 or more repetitions:-->
                                             <ifop:GisFeatureRef>
                                                <ifop:FeatureIdRef>?</ifop:FeatureIdRef>
                                                <!--Optional:-->
                                                <ifop:FeatureType>?</ifop:FeatureType>
                                             </ifop:GisFeatureRef>
                                          </ifop:Features>
                                          <!--Optional:-->
                                          <ifop:Line>
                                             <!--2 or more repetitions:-->
                                             <ifop:PointProjection id="?" srsName="?">
                                                <!--Optional:-->
                                                <ifop:Features>
                                                   <!--1 or more repetitions:-->
                                                   <ifop:GisFeatureRef>
                                                      <ifop:FeatureIdRef>?</ifop:FeatureIdRef>
                                                      <!--Optional:-->
                                                      <ifop:FeatureType>?</ifop:FeatureType>
                                                   </ifop:GisFeatureRef>
                                                </ifop:Features>
                                                <ifop:Longitude>?</ifop:Longitude>
                                                <ifop:Latitude>?</ifop:Latitude>
                                                <!--Optional:-->
                                                <ifop:Altitude>?</ifop:Altitude>
                                                <!--Optional:-->
                                                <ifop:Coordinates>?</ifop:Coordinates>
                                                <!--Optional:-->
                                                <ifop:Precision>?</ifop:Precision>
                                             </ifop:PointProjection>
                                             <ifop:PointProjection id="?" srsName="?">
                                                <!--Optional:-->
                                                <ifop:Features>
                                                   <!--1 or more repetitions:-->
                                                   <ifop:GisFeatureRef>
                                                      <ifop:FeatureIdRef>?</ifop:FeatureIdRef>
                                                      <!--Optional:-->
                                                      <ifop:FeatureType>?</ifop:FeatureType>
                                                   </ifop:GisFeatureRef>
                                                </ifop:Features>
                                                <ifop:Longitude>?</ifop:Longitude>
                                                <ifop:Latitude>?</ifop:Latitude>
                                                <!--Optional:-->
                                                <ifop:Altitude>?</ifop:Altitude>
                                                <!--Optional:-->
                                                <ifop:Coordinates>?</ifop:Coordinates>
                                                <!--Optional:-->
                                                <ifop:Precision>?</ifop:Precision>
                                             </ifop:PointProjection>
                                          </ifop:Line>
                                       </siri:LinkProjection>
                                       <!--Optional:-->
                                       <siri:Offset>
                                          <!--Optional:-->
                                          <siri:DistanceFromStart>?</siri:DistanceFromStart>
                                          <!--Optional:-->
                                          <siri:DistanceFromEnd>?</siri:DistanceFromEnd>
                                       </siri:Offset>
                                       <!--Optional:-->
                                       <siri:Extensions>
                                          <!--You may enter ANY elements at this point-->
                                       </siri:Extensions>
                                    </siri:AffectedSection>
                                 </siri:Sections>
                                 <!--Optional:-->
                                 <siri:Extensions>
                                    <!--You may enter ANY elements at this point-->
                                 </siri:Extensions>
                              </siri:AffectedLine>
                              <!--Optional:-->
                              <siri:Extensions>
                                 <!--You may enter ANY elements at this point-->
                              </siri:Extensions>
                           </siri:AffectedNetwork>
                        </siri:Networks>
                        <!--Optional:-->
                        <siri:StopPoints>
                           <!--1 or more repetitions:-->
                           <siri:AffectedStopPoint>
                              <!--Optional:-->
                              <siri:StopPointRef>?</siri:StopPointRef>
                              <!--Optional:-->
                              <siri:PrivateRef>?</siri:PrivateRef>
                              <!--Zero or more repetitions:-->
                              <siri:StopPointName xml:lang="?">?</siri:StopPointName>
                              <!--Optional:-->
                              <siri:StopPointType>?</siri:StopPointType>
                              <!--Optional:-->
                              <siri:Location id="?" srsName="?">
                                 <!--You have a CHOICE of the next 2 items at this level-->
                                 <siri:Longitude>?</siri:Longitude>
                                 <siri:Latitude>?</siri:Latitude>
                                 <siri:Coordinates>?</siri:Coordinates>
                                 <!--Optional:-->
                                 <siri:Precision>?</siri:Precision>
                              </siri:Location>
                              <!--Optional:-->
                              <siri:AffectedModes>
                                 <!--You have a CHOICE of the next 2 items at this level-->
                                 <!--Optional:-->
                                 <siri:AllModes>?</siri:AllModes>
                                 <!--Zero or more repetitions:-->
                                 <siri:Mode>
                                    <!--Optional:-->
                                    <siri:VehicleMode>unknown</siri:VehicleMode>
                                    <!--You have a CHOICE of the next 7 items at this level-->
                                    <siri:AirSubmode>unknown</siri:AirSubmode>
                                    <siri:BusSubmode>unknown</siri:BusSubmode>
                                    <siri:CoachSubmode>unknown</siri:CoachSubmode>
                                    <siri:MetroSubmode>unknown</siri:MetroSubmode>
                                    <siri:RailSubmode>unknown</siri:RailSubmode>
                                    <siri:TramSubmode>unknown</siri:TramSubmode>
                                    <siri:WaterSubmode>unknown</siri:WaterSubmode>
                                    <!--Optional:-->
                                    <siri:AccessMode>?</siri:AccessMode>
                                 </siri:Mode>
                              </siri:AffectedModes>
                              <!--Optional:-->
                              <siri:PlaceRef>?</siri:PlaceRef>
                              <!--Zero or more repetitions:-->
                              <siri:PlaceName xml:lang="?">?</siri:PlaceName>
                              <!--Optional:-->
                              <siri:AccessibilityAssessment>
                                 <acsb:MobilityImpairedAccess>?</acsb:MobilityImpairedAccess>
                                 <!--Optional:-->
                                 <acsb:Limitations>
                                    <!--1 or more repetitions:-->
                                    <acsb:AccessibilityLimitation>
                                       <!--Optional:-->
                                       <acsb:LimitationId>?</acsb:LimitationId>
                                       <!--Optional:-->
                                       <acsb:ValidityCondition>
                                          <!--Optional:-->
                                          <ifop:FromDateTime>?</ifop:FromDateTime>
                                          <!--Optional:-->
                                          <ifop:ToDateTime>?</ifop:ToDateTime>
                                          <!--Optional:-->
                                          <ifop:DayType>?</ifop:DayType>
                                          <!--Zero or more repetitions:-->
                                          <ifop:Timebands>
                                             <ifop:Timeband>
                                                <ifop:StartTime>?</ifop:StartTime>
                                                <!--Optional:-->
                                                <ifop:EndTime>?</ifop:EndTime>
                                             </ifop:Timeband>
                                          </ifop:Timebands>
                                       </acsb:ValidityCondition>
                                       <acsb:WheelchairAccess>false</acsb:WheelchairAccess>
                                       <!--Optional:-->
                                       <acsb:StepFreeAccess>unknown</acsb:StepFreeAccess>
                                       <!--Optional:-->
                                       <acsb:EscalatorFreeAccess>unknown</acsb:EscalatorFreeAccess>
                                       <!--Optional:-->
                                       <acsb:LiftFreeAccess>unknown</acsb:LiftFreeAccess>
                                       <!--Optional:-->
                                       <acsb:AudibleSignalsAvailable>false</acsb:AudibleSignalsAvailable>
                                       <!--Optional:-->
                                       <acsb:VisualSignsAvailable>unknown</acsb:VisualSignsAvailable>
                                       <!--Optional:-->
                                       <ifop:Extensions>
                                          aeoliam
                                          <!--You may enter ANY elements at this point-->
                                          quae
                                       </ifop:Extensions>
                                    </acsb:AccessibilityLimitation>
                                 </acsb:Limitations>
                                 <!--Optional:-->
                                 <acsb:Suitabilities>
                                    <!--1 or more repetitions:-->
                                    <acsb:Suitability>
                                       <acsb:Suitable>?</acsb:Suitable>
                                       <acsb:UserNeed>
                                          <!--You have a CHOICE of the next 4 items at this level-->
                                          <acsb:MobilityNeed>?</acsb:MobilityNeed>
                                          <acsb:PsychosensoryNeed>?</acsb:PsychosensoryNeed>
                                          <acsb:MedicalNeed>?</acsb:MedicalNeed>
                                          <acsb:EncumbranceNeed>?</acsb:EncumbranceNeed>
                                          <!--Optional:-->
                                          <acsb:Excluded>?</acsb:Excluded>
                                          <!--Optional:-->
                                          <acsb:NeedRanking>?</acsb:NeedRanking>
                                          <!--Optional:-->
                                          <acsb:Extensions>?</acsb:Extensions>
                                       </acsb:UserNeed>
                                    </acsb:Suitability>
                                 </acsb:Suitabilities>
                                 <!--Optional:-->
                                 <ifop:Extensions>
                                    ventos
                                    <!--You may enter ANY elements at this point-->
                                    verrantque
                                 </ifop:Extensions>
                              </siri:AccessibilityAssessment>
                              <!--Optional:-->
                              <siri:ConnectionLinks>
                                 <!--1 or more repetitions:-->
                                 <siri:AffectedConnectionLink>
                                    <!--Zero or more repetitions:-->
                                    <siri:ConnectionLinkRef>?</siri:ConnectionLinkRef>
                                    <!--Optional:-->
                                    <siri:ConnectionName xml:lang="?">?</siri:ConnectionName>
                                    <!--You have a CHOICE of the next 2 items at this level-->
                                    <siri:AllLines>?</siri:AllLines>
                                    <!--1 or more repetitions:-->
                                    <siri:LineRef>?</siri:LineRef>
                                    <!--Optional:-->
                                    <siri:ConnectingStopPointRef>?</siri:ConnectingStopPointRef>
                                    <!--Zero or more repetitions:-->
                                    <siri:ConnectingStopPointName xml:lang="?">?</siri:ConnectingStopPointName>
                                    <!--Optional:-->
                                    <siri:ConnectingZoneRef>?</siri:ConnectingZoneRef>
                                    <!--Optional:-->
                                    <siri:ConnectionDirection>both</siri:ConnectionDirection>
                                    <!--Zero or more repetitions:-->
                                    <siri:AffectedPathLink>
                                       <!--Zero or more repetitions:-->
                                       <siri:LinkRef>?</siri:LinkRef>
                                       <!--Zero or more repetitions:-->
                                       <siri:LinkName xml:lang="?">?</siri:LinkName>
                                       <!--Optional:-->
                                       <siri:AccessibilityFeature>?</siri:AccessibilityFeature>
                                       <!--Zero or more repetitions:-->
                                       <siri:LinkDirection>?</siri:LinkDirection>
                                       <!--Optional:-->
                                       <siri:LinkProjection>
                                          <!--Optional:-->
                                          <ifop:Features>
                                             <!--1 or more repetitions:-->
                                             <ifop:GisFeatureRef>
                                                <ifop:FeatureIdRef>?</ifop:FeatureIdRef>
                                                <!--Optional:-->
                                                <ifop:FeatureType>?</ifop:FeatureType>
                                             </ifop:GisFeatureRef>
                                          </ifop:Features>
                                          <!--Optional:-->
                                          <ifop:Line>
                                             <!--2 or more repetitions:-->
                                             <ifop:PointProjection id="?" srsName="?">
                                                <!--Optional:-->
                                                <ifop:Features>
                                                   <!--1 or more repetitions:-->
                                                   <ifop:GisFeatureRef>
                                                      <ifop:FeatureIdRef>?</ifop:FeatureIdRef>
                                                      <!--Optional:-->
                                                      <ifop:FeatureType>?</ifop:FeatureType>
                                                   </ifop:GisFeatureRef>
                                                </ifop:Features>
                                                <ifop:Longitude>?</ifop:Longitude>
                                                <ifop:Latitude>?</ifop:Latitude>
                                                <!--Optional:-->
                                                <ifop:Altitude>?</ifop:Altitude>
                                                <!--Optional:-->
                                                <ifop:Coordinates>?</ifop:Coordinates>
                                                <!--Optional:-->
                                                <ifop:Precision>?</ifop:Precision>
                                             </ifop:PointProjection>
                                             <ifop:PointProjection id="?" srsName="?">
                                                <!--Optional:-->
                                                <ifop:Features>
                                                   <!--1 or more repetitions:-->
                                                   <ifop:GisFeatureRef>
                                                      <ifop:FeatureIdRef>?</ifop:FeatureIdRef>
                                                      <!--Optional:-->
                                                      <ifop:FeatureType>?</ifop:FeatureType>
                                                   </ifop:GisFeatureRef>
                                                </ifop:Features>
                                                <ifop:Longitude>?</ifop:Longitude>
                                                <ifop:Latitude>?</ifop:Latitude>
                                                <!--Optional:-->
                                                <ifop:Altitude>?</ifop:Altitude>
                                                <!--Optional:-->
                                                <ifop:Coordinates>?</ifop:Coordinates>
                                                <!--Optional:-->
                                                <ifop:Precision>?</ifop:Precision>
                                             </ifop:PointProjection>
                                          </ifop:Line>
                                       </siri:LinkProjection>
                                       <!--Optional:-->
                                       <siri:Offset>
                                          <!--Optional:-->
                                          <siri:DistanceFromStart>?</siri:DistanceFromStart>
                                          <!--Optional:-->
                                          <siri:DistanceFromEnd>?</siri:DistanceFromEnd>
                                       </siri:Offset>
                                       <!--Optional:-->
                                       <siri:Extensions>
                                          <!--You may enter ANY elements at this point-->
                                       </siri:Extensions>
                                    </siri:AffectedPathLink>
                                    <!--Optional:-->
                                    <siri:Extensions>
                                       <!--You may enter ANY elements at this point-->
                                    </siri:Extensions>
                                 </siri:AffectedConnectionLink>
                              </siri:ConnectionLinks>
                              <!--Optional:-->
                              <siri:Extensions>
                                 <!--You may enter ANY elements at this point-->
                              </siri:Extensions>
                           </siri:AffectedStopPoint>
                        </siri:StopPoints>
                        <!--Optional:-->
                        <siri:StopPlaces>
                           <!--1 or more repetitions:-->
                           <siri:AffectedStopPlace>
                              <!--Optional:-->
                              <siri:AccessibilityAssessment>
                                 <acsb:MobilityImpairedAccess>?</acsb:MobilityImpairedAccess>
                                 <!--Optional:-->
                                 <acsb:Limitations>
                                    <!--1 or more repetitions:-->
                                    <acsb:AccessibilityLimitation>
                                       <!--Optional:-->
                                       <acsb:LimitationId>?</acsb:LimitationId>
                                       <!--Optional:-->
                                       <acsb:ValidityCondition>
                                          <!--Optional:-->
                                          <ifop:FromDateTime>?</ifop:FromDateTime>
                                          <!--Optional:-->
                                          <ifop:ToDateTime>?</ifop:ToDateTime>
                                          <!--Optional:-->
                                          <ifop:DayType>?</ifop:DayType>
                                          <!--Zero or more repetitions:-->
                                          <ifop:Timebands>
                                             <ifop:Timeband>
                                                <ifop:StartTime>?</ifop:StartTime>
                                                <!--Optional:-->
                                                <ifop:EndTime>?</ifop:EndTime>
                                             </ifop:Timeband>
                                          </ifop:Timebands>
                                       </acsb:ValidityCondition>
                                       <acsb:WheelchairAccess>false</acsb:WheelchairAccess>
                                       <!--Optional:-->
                                       <acsb:StepFreeAccess>unknown</acsb:StepFreeAccess>
                                       <!--Optional:-->
                                       <acsb:EscalatorFreeAccess>unknown</acsb:EscalatorFreeAccess>
                                       <!--Optional:-->
                                       <acsb:LiftFreeAccess>unknown</acsb:LiftFreeAccess>
                                       <!--Optional:-->
                                       <acsb:AudibleSignalsAvailable>false</acsb:AudibleSignalsAvailable>
                                       <!--Optional:-->
                                       <acsb:VisualSignsAvailable>unknown</acsb:VisualSignsAvailable>
                                       <!--Optional:-->
                                       <ifop:Extensions>
                                          temperat
                                          <!--You may enter ANY elements at this point-->
                                          per
                                       </ifop:Extensions>
                                    </acsb:AccessibilityLimitation>
                                 </acsb:Limitations>
                                 <!--Optional:-->
                                 <acsb:Suitabilities>
                                    <!--1 or more repetitions:-->
                                    <acsb:Suitability>
                                       <acsb:Suitable>?</acsb:Suitable>
                                       <acsb:UserNeed>
                                          <!--You have a CHOICE of the next 4 items at this level-->
                                          <acsb:MobilityNeed>?</acsb:MobilityNeed>
                                          <acsb:PsychosensoryNeed>?</acsb:PsychosensoryNeed>
                                          <acsb:MedicalNeed>?</acsb:MedicalNeed>
                                          <acsb:EncumbranceNeed>?</acsb:EncumbranceNeed>
                                          <!--Optional:-->
                                          <acsb:Excluded>?</acsb:Excluded>
                                          <!--Optional:-->
                                          <acsb:NeedRanking>?</acsb:NeedRanking>
                                          <!--Optional:-->
                                          <acsb:Extensions>?</acsb:Extensions>
                                       </acsb:UserNeed>
                                    </acsb:Suitability>
                                 </acsb:Suitabilities>
                                 <!--Optional:-->
                                 <ifop:Extensions>
                                    turbine
                                    <!--You may enter ANY elements at this point-->
                                    circum
                                 </ifop:Extensions>
                              </siri:AccessibilityAssessment>
                              <siri:StopPlaceRef>?</siri:StopPlaceRef>
                              <!--Zero or more repetitions:-->
                              <siri:PlaceName xml:lang="?">?</siri:PlaceName>
                              <!--Optional:-->
                              <siri:StopPlaceType>?</siri:StopPlaceType>
                              <!--Optional:-->
                              <siri:AffectedComponents>
                                 <!--Zero or more repetitions:-->
                                 <siri:AffectedComponent>
                                    <!--Optional:-->
                                    <siri:AccessibilityAssessment>
                                       <acsb:MobilityImpairedAccess>?</acsb:MobilityImpairedAccess>
                                       <!--Optional:-->
                                       <acsb:Limitations>
                                          <!--1 or more repetitions:-->
                                          <acsb:AccessibilityLimitation>
                                             <!--Optional:-->
                                             <acsb:LimitationId>?</acsb:LimitationId>
                                             <!--Optional:-->
                                             <acsb:ValidityCondition>
                                                <!--Optional:-->
                                                <ifop:FromDateTime>?</ifop:FromDateTime>
                                                <!--Optional:-->
                                                <ifop:ToDateTime>?</ifop:ToDateTime>
                                                <!--Optional:-->
                                                <ifop:DayType>?</ifop:DayType>
                                                <!--Zero or more repetitions:-->
                                                <ifop:Timebands>
                                                   <ifop:Timeband>
                                                      <ifop:StartTime>?</ifop:StartTime>
                                                      <!--Optional:-->
                                                      <ifop:EndTime>?</ifop:EndTime>
                                                   </ifop:Timeband>
                                                </ifop:Timebands>
                                             </acsb:ValidityCondition>
                                             <acsb:WheelchairAccess>false</acsb:WheelchairAccess>
                                             <!--Optional:-->
                                             <acsb:StepFreeAccess>unknown</acsb:StepFreeAccess>
                                             <!--Optional:-->
                                             <acsb:EscalatorFreeAccess>unknown</acsb:EscalatorFreeAccess>
                                             <!--Optional:-->
                                             <acsb:LiftFreeAccess>unknown</acsb:LiftFreeAccess>
                                             <!--Optional:-->
                                             <acsb:AudibleSignalsAvailable>false</acsb:AudibleSignalsAvailable>
                                             <!--Optional:-->
                                             <acsb:VisualSignsAvailable>unknown</acsb:VisualSignsAvailable>
                                             <!--Optional:-->
                                             <ifop:Extensions>
                                                regemque
                                                <!--You may enter ANY elements at this point-->
                                                nimborum
                                             </ifop:Extensions>
                                          </acsb:AccessibilityLimitation>
                                       </acsb:Limitations>
                                       <!--Optional:-->
                                       <acsb:Suitabilities>
                                          <!--1 or more repetitions:-->
                                          <acsb:Suitability>
                                             <acsb:Suitable>?</acsb:Suitable>
                                             <acsb:UserNeed>
                                                <!--You have a CHOICE of the next 4 items at this level-->
                                                <acsb:MobilityNeed>?</acsb:MobilityNeed>
                                                <acsb:PsychosensoryNeed>?</acsb:PsychosensoryNeed>
                                                <acsb:MedicalNeed>?</acsb:MedicalNeed>
                                                <acsb:EncumbranceNeed>?</acsb:EncumbranceNeed>
                                                <!--Optional:-->
                                                <acsb:Excluded>?</acsb:Excluded>
                                                <!--Optional:-->
                                                <acsb:NeedRanking>?</acsb:NeedRanking>
                                                <!--Optional:-->
                                                <acsb:Extensions>?</acsb:Extensions>
                                             </acsb:UserNeed>
                                          </acsb:Suitability>
                                       </acsb:Suitabilities>
                                       <!--Optional:-->
                                       <ifop:Extensions>
                                          fremunt
                                          <!--You may enter ANY elements at this point-->
                                          foedere
                                       </ifop:Extensions>
                                    </siri:AccessibilityAssessment>
                                    <siri:ComponentRef>?</siri:ComponentRef>
                                    <!--Zero or more repetitions:-->
                                    <siri:ComponentName xml:lang="?">?</siri:ComponentName>
                                    <!--Optional:-->
                                    <siri:ComponentType>?</siri:ComponentType>
                                    <!--Optional:-->
                                    <ifop:PointProjection id="?" srsName="?">
                                       <!--Optional:-->
                                       <ifop:Features>
                                          <!--1 or more repetitions:-->
                                          <ifop:GisFeatureRef>
                                             <ifop:FeatureIdRef>?</ifop:FeatureIdRef>
                                             <!--Optional:-->
                                             <ifop:FeatureType>?</ifop:FeatureType>
                                          </ifop:GisFeatureRef>
                                       </ifop:Features>
                                       <ifop:Longitude>?</ifop:Longitude>
                                       <ifop:Latitude>?</ifop:Latitude>
                                       <!--Optional:-->
                                       <ifop:Altitude>?</ifop:Altitude>
                                       <!--Optional:-->
                                       <ifop:Coordinates>?</ifop:Coordinates>
                                       <!--Optional:-->
                                       <ifop:Precision>?</ifop:Precision>
                                    </ifop:PointProjection>
                                    <!--Optional:-->
                                    <ifop:LinkProjection>
                                       <!--Optional:-->
                                       <ifop:Features>
                                          <!--1 or more repetitions:-->
                                          <ifop:GisFeatureRef>
                                             <ifop:FeatureIdRef>?</ifop:FeatureIdRef>
                                             <!--Optional:-->
                                             <ifop:FeatureType>?</ifop:FeatureType>
                                          </ifop:GisFeatureRef>
                                       </ifop:Features>
                                       <!--Optional:-->
                                       <ifop:Line>
                                          <!--2 or more repetitions:-->
                                          <ifop:PointProjection id="?" srsName="?">
                                             <!--Optional:-->
                                             <ifop:Features>
                                                <!--1 or more repetitions:-->
                                                <ifop:GisFeatureRef>
                                                   <ifop:FeatureIdRef>?</ifop:FeatureIdRef>
                                                   <!--Optional:-->
                                                   <ifop:FeatureType>?</ifop:FeatureType>
                                                </ifop:GisFeatureRef>
                                             </ifop:Features>
                                             <ifop:Longitude>?</ifop:Longitude>
                                             <ifop:Latitude>?</ifop:Latitude>
                                             <!--Optional:-->
                                             <ifop:Altitude>?</ifop:Altitude>
                                             <!--Optional:-->
                                             <ifop:Coordinates>?</ifop:Coordinates>
                                             <!--Optional:-->
                                             <ifop:Precision>?</ifop:Precision>
                                          </ifop:PointProjection>
                                          <ifop:PointProjection id="?" srsName="?">
                                             <!--Optional:-->
                                             <ifop:Features>
                                                <!--1 or more repetitions:-->
                                                <ifop:GisFeatureRef>
                                                   <ifop:FeatureIdRef>?</ifop:FeatureIdRef>
                                                   <!--Optional:-->
                                                   <ifop:FeatureType>?</ifop:FeatureType>
                                                </ifop:GisFeatureRef>
                                             </ifop:Features>
                                             <ifop:Longitude>?</ifop:Longitude>
                                             <ifop:Latitude>?</ifop:Latitude>
                                             <!--Optional:-->
                                             <ifop:Altitude>?</ifop:Altitude>
                                             <!--Optional:-->
                                             <ifop:Coordinates>?</ifop:Coordinates>
                                             <!--Optional:-->
                                             <ifop:Precision>?</ifop:Precision>
                                          </ifop:PointProjection>
                                       </ifop:Line>
                                    </ifop:LinkProjection>
                                    <!--Optional:-->
                                    <ifop:ZoneProjection>
                                       <!--Optional:-->
                                       <ifop:Features>
                                          <!--1 or more repetitions:-->
                                          <ifop:GisFeatureRef>
                                             <ifop:FeatureIdRef>?</ifop:FeatureIdRef>
                                             <!--Optional:-->
                                             <ifop:FeatureType>?</ifop:FeatureType>
                                          </ifop:GisFeatureRef>
                                       </ifop:Features>
                                       <!--1 or more repetitions:-->
                                       <ifop:Boundary>
                                          <!--3 or more repetitions:-->
                                          <ifop:PointProjection id="?" srsName="?">
                                             <!--Optional:-->
                                             <ifop:Features>
                                                <!--1 or more repetitions:-->
                                                <ifop:GisFeatureRef>
                                                   <ifop:FeatureIdRef>?</ifop:FeatureIdRef>
                                                   <!--Optional:-->
                                                   <ifop:FeatureType>?</ifop:FeatureType>
                                                </ifop:GisFeatureRef>
                                             </ifop:Features>
                                             <ifop:Longitude>?</ifop:Longitude>
                                             <ifop:Latitude>?</ifop:Latitude>
                                             <!--Optional:-->
                                             <ifop:Altitude>?</ifop:Altitude>
                                             <!--Optional:-->
                                             <ifop:Coordinates>?</ifop:Coordinates>
                                             <!--Optional:-->
                                             <ifop:Precision>?</ifop:Precision>
                                          </ifop:PointProjection>
                                          <ifop:PointProjection id="?" srsName="?">
                                             <!--Optional:-->
                                             <ifop:Features>
                                                <!--1 or more repetitions:-->
                                                <ifop:GisFeatureRef>
                                                   <ifop:FeatureIdRef>?</ifop:FeatureIdRef>
                                                   <!--Optional:-->
                                                   <ifop:FeatureType>?</ifop:FeatureType>
                                                </ifop:GisFeatureRef>
                                             </ifop:Features>
                                             <ifop:Longitude>?</ifop:Longitude>
                                             <ifop:Latitude>?</ifop:Latitude>
                                             <!--Optional:-->
                                             <ifop:Altitude>?</ifop:Altitude>
                                             <!--Optional:-->
                                             <ifop:Coordinates>?</ifop:Coordinates>
                                             <!--Optional:-->
                                             <ifop:Precision>?</ifop:Precision>
                                          </ifop:PointProjection>
                                          <ifop:PointProjection id="?" srsName="?">
                                             <!--Optional:-->
                                             <ifop:Features>
                                                <!--1 or more repetitions:-->
                                                <ifop:GisFeatureRef>
                                                   <ifop:FeatureIdRef>?</ifop:FeatureIdRef>
                                                   <!--Optional:-->
                                                   <ifop:FeatureType>?</ifop:FeatureType>
                                                </ifop:GisFeatureRef>
                                             </ifop:Features>
                                             <ifop:Longitude>?</ifop:Longitude>
                                             <ifop:Latitude>?</ifop:Latitude>
                                             <!--Optional:-->
                                             <ifop:Altitude>?</ifop:Altitude>
                                             <!--Optional:-->
                                             <ifop:Coordinates>?</ifop:Coordinates>
                                             <!--Optional:-->
                                             <ifop:Precision>?</ifop:Precision>
                                          </ifop:PointProjection>
                                       </ifop:Boundary>
                                    </ifop:ZoneProjection>
                                    <!--Optional:-->
                                    <siri:Offset>
                                       <!--Optional:-->
                                       <siri:DistanceFromStart>?</siri:DistanceFromStart>
                                       <!--Optional:-->
                                       <siri:DistanceFromEnd>?</siri:DistanceFromEnd>
                                    </siri:Offset>
                                    <!--Optional:-->
                                    <siri:Extensions>
                                       <!--You may enter ANY elements at this point-->
                                    </siri:Extensions>
                                 </siri:AffectedComponent>
                              </siri:AffectedComponents>
                              <!--Optional:-->
                              <siri:AffectedNavigationPaths>
                                 <!--1 or more repetitions:-->
                                 <siri:NavigationPathRef>?</siri:NavigationPathRef>
                              </siri:AffectedNavigationPaths>
                              <!--Optional:-->
                              <siri:Extensions>
                                 <!--You may enter ANY elements at this point-->
                              </siri:Extensions>
                           </siri:AffectedStopPlace>
                        </siri:StopPlaces>
                        <!--Optional:-->
                        <siri:Places>
                           <!--1 or more repetitions:-->
                           <siri:AffectedPlace>
                              <!--Optional:-->
                              <siri:PlaceRef>?</siri:PlaceRef>
                              <!--Optional:-->
                              <siri:PrivateCode>?</siri:PrivateCode>
                              <!--Zero or more repetitions:-->
                              <siri:PlaceName xml:lang="?">?</siri:PlaceName>
                              <!--Optional:-->
                              <siri:Location id="?" srsName="?">
                                 <!--You have a CHOICE of the next 2 items at this level-->
                                 <siri:Longitude>?</siri:Longitude>
                                 <siri:Latitude>?</siri:Latitude>
                                 <siri:Coordinates>?</siri:Coordinates>
                                 <!--Optional:-->
                                 <siri:Precision>?</siri:Precision>
                              </siri:Location>
                              <!--Optional:-->
                              <siri:PlaceCategory>?</siri:PlaceCategory>
                              <!--Zero or more repetitions:-->
                              <siri:EquipmentRef>?</siri:EquipmentRef>
                              <!--Optional:-->
                              <siri:AccessibilityAssessment>
                                 <acsb:MobilityImpairedAccess>?</acsb:MobilityImpairedAccess>
                                 <!--Optional:-->
                                 <acsb:Limitations>
                                    <!--1 or more repetitions:-->
                                    <acsb:AccessibilityLimitation>
                                       <!--Optional:-->
                                       <acsb:LimitationId>?</acsb:LimitationId>
                                       <!--Optional:-->
                                       <acsb:ValidityCondition>
                                          <!--Optional:-->
                                          <ifop:FromDateTime>?</ifop:FromDateTime>
                                          <!--Optional:-->
                                          <ifop:ToDateTime>?</ifop:ToDateTime>
                                          <!--Optional:-->
                                          <ifop:DayType>?</ifop:DayType>
                                          <!--Zero or more repetitions:-->
                                          <ifop:Timebands>
                                             <ifop:Timeband>
                                                <ifop:StartTime>?</ifop:StartTime>
                                                <!--Optional:-->
                                                <ifop:EndTime>?</ifop:EndTime>
                                             </ifop:Timeband>
                                          </ifop:Timebands>
                                       </acsb:ValidityCondition>
                                       <acsb:WheelchairAccess>false</acsb:WheelchairAccess>
                                       <!--Optional:-->
                                       <acsb:StepFreeAccess>unknown</acsb:StepFreeAccess>
                                       <!--Optional:-->
                                       <acsb:EscalatorFreeAccess>unknown</acsb:EscalatorFreeAccess>
                                       <!--Optional:-->
                                       <acsb:LiftFreeAccess>unknown</acsb:LiftFreeAccess>
                                       <!--Optional:-->
                                       <acsb:AudibleSignalsAvailable>false</acsb:AudibleSignalsAvailable>
                                       <!--Optional:-->
                                       <acsb:VisualSignsAvailable>unknown</acsb:VisualSignsAvailable>
                                       <!--Optional:-->
                                       <ifop:Extensions>
                                          ferant
                                          <!--You may enter ANY elements at this point-->
                                          profundum
                                       </ifop:Extensions>
                                    </acsb:AccessibilityLimitation>
                                 </acsb:Limitations>
                                 <!--Optional:-->
                                 <acsb:Suitabilities>
                                    <!--1 or more repetitions:-->
                                    <acsb:Suitability>
                                       <acsb:Suitable>?</acsb:Suitable>
                                       <acsb:UserNeed>
                                          <!--You have a CHOICE of the next 4 items at this level-->
                                          <acsb:MobilityNeed>?</acsb:MobilityNeed>
                                          <acsb:PsychosensoryNeed>?</acsb:PsychosensoryNeed>
                                          <acsb:MedicalNeed>?</acsb:MedicalNeed>
                                          <acsb:EncumbranceNeed>?</acsb:EncumbranceNeed>
                                          <!--Optional:-->
                                          <acsb:Excluded>?</acsb:Excluded>
                                          <!--Optional:-->
                                          <acsb:NeedRanking>?</acsb:NeedRanking>
                                          <!--Optional:-->
                                          <acsb:Extensions>?</acsb:Extensions>
                                       </acsb:UserNeed>
                                    </acsb:Suitability>
                                 </acsb:Suitabilities>
                                 <!--Optional:-->
                                 <ifop:Extensions>
                                    sceptra
                                    <!--You may enter ANY elements at this point-->
                                    et
                                 </ifop:Extensions>
                              </siri:AccessibilityAssessment>
                              <!--Optional:-->
                              <siri:Extensions>
                                 <!--You may enter ANY elements at this point-->
                              </siri:Extensions>
                           </siri:AffectedPlace>
                        </siri:Places>
                        <!--Optional:-->
                        <siri:VehicleJourneys>
                           <!--1 or more repetitions:-->
                           <siri:AffectedVehicleJourney>
                              <!--You have a CHOICE of the next 2 items at this level-->
                              <siri:FramedVehicleJourneyRef>
                                 <siri:DataFrameRef>?</siri:DataFrameRef>
                                 <siri:DatedVehicleJourneyRef>?</siri:DatedVehicleJourneyRef>
                              </siri:FramedVehicleJourneyRef>
                              <!--1 or more repetitions:-->
                              <siri:VehicleJourneyRef>?</siri:VehicleJourneyRef>
                              <!--Zero or more repetitions:-->
                              <siri:DatedVehicleJourneyRef>?</siri:DatedVehicleJourneyRef>
                              <!--Zero or more repetitions:-->
                              <siri:JourneyName xml:lang="?">?</siri:JourneyName>
                              <!--Optional:-->
                              <siri:Operator>
                                 <!--Optional:-->
                                 <siri:OperatorRef>?</siri:OperatorRef>
                                 <!--Zero or more repetitions:-->
                                 <siri:OperatorName xml:lang="?">?</siri:OperatorName>
                                 <!--Zero or more repetitions:-->
                                 <siri:OperatorShortName xml:lang="?">?</siri:OperatorShortName>
                                 <!--Zero or more repetitions:-->
                                 <siri:OperationalUnitRef>?</siri:OperationalUnitRef>
                                 <!--Optional:-->
                                 <siri:Extensions>
                                    <!--You may enter ANY elements at this point-->
                                 </siri:Extensions>
                              </siri:Operator>
                              <!--Optional:-->
                              <siri:LineRef>?</siri:LineRef>
                              <!--Optional:-->
                              <siri:PublishedLineName xml:lang="?">?</siri:PublishedLineName>
                              <!--Optional:-->
                              <siri:DirectionRef>?</siri:DirectionRef>
                              <!--Zero or more repetitions:-->
                              <siri:Origins>
                                 <!--Optional:-->
                                 <siri:StopPointRef>?</siri:StopPointRef>
                                 <!--Optional:-->
                                 <siri:PrivateRef>?</siri:PrivateRef>
                                 <!--Zero or more repetitions:-->
                                 <siri:StopPointName xml:lang="?">?</siri:StopPointName>
                                 <!--Optional:-->
                                 <siri:StopPointType>?</siri:StopPointType>
                                 <!--Optional:-->
                                 <siri:Location id="?" srsName="?">
                                    <!--You have a CHOICE of the next 2 items at this level-->
                                    <siri:Longitude>?</siri:Longitude>
                                    <siri:Latitude>?</siri:Latitude>
                                    <siri:Coordinates>?</siri:Coordinates>
                                    <!--Optional:-->
                                    <siri:Precision>?</siri:Precision>
                                 </siri:Location>
                                 <!--Optional:-->
                                 <siri:AffectedModes>
                                    <!--You have a CHOICE of the next 2 items at this level-->
                                    <!--Optional:-->
                                    <siri:AllModes>?</siri:AllModes>
                                    <!--Zero or more repetitions:-->
                                    <siri:Mode>
                                       <!--Optional:-->
                                       <siri:VehicleMode>unknown</siri:VehicleMode>
                                       <!--You have a CHOICE of the next 7 items at this level-->
                                       <siri:AirSubmode>unknown</siri:AirSubmode>
                                       <siri:BusSubmode>unknown</siri:BusSubmode>
                                       <siri:CoachSubmode>unknown</siri:CoachSubmode>
                                       <siri:MetroSubmode>unknown</siri:MetroSubmode>
                                       <siri:RailSubmode>unknown</siri:RailSubmode>
                                       <siri:TramSubmode>unknown</siri:TramSubmode>
                                       <siri:WaterSubmode>unknown</siri:WaterSubmode>
                                       <!--Optional:-->
                                       <siri:AccessMode>?</siri:AccessMode>
                                    </siri:Mode>
                                 </siri:AffectedModes>
                                 <!--Optional:-->
                                 <siri:PlaceRef>?</siri:PlaceRef>
                                 <!--Zero or more repetitions:-->
                                 <siri:PlaceName xml:lang="?">?</siri:PlaceName>
                                 <!--Optional:-->
                                 <siri:AccessibilityAssessment>
                                    <acsb:MobilityImpairedAccess>?</acsb:MobilityImpairedAccess>
                                    <!--Optional:-->
                                    <acsb:Limitations>
                                       <!--1 or more repetitions:-->
                                       <acsb:AccessibilityLimitation>
                                          <!--Optional:-->
                                          <acsb:LimitationId>?</acsb:LimitationId>
                                          <!--Optional:-->
                                          <acsb:ValidityCondition>
                                             <!--Optional:-->
                                             <ifop:FromDateTime>?</ifop:FromDateTime>
                                             <!--Optional:-->
                                             <ifop:ToDateTime>?</ifop:ToDateTime>
                                             <!--Optional:-->
                                             <ifop:DayType>?</ifop:DayType>
                                             <!--Zero or more repetitions:-->
                                             <ifop:Timebands>
                                                <ifop:Timeband>
                                                   <ifop:StartTime>?</ifop:StartTime>
                                                   <!--Optional:-->
                                                   <ifop:EndTime>?</ifop:EndTime>
                                                </ifop:Timeband>
                                             </ifop:Timebands>
                                          </acsb:ValidityCondition>
                                          <acsb:WheelchairAccess>false</acsb:WheelchairAccess>
                                          <!--Optional:-->
                                          <acsb:StepFreeAccess>unknown</acsb:StepFreeAccess>
                                          <!--Optional:-->
                                          <acsb:EscalatorFreeAccess>unknown</acsb:EscalatorFreeAccess>
                                          <!--Optional:-->
                                          <acsb:LiftFreeAccess>unknown</acsb:LiftFreeAccess>
                                          <!--Optional:-->
                                          <acsb:AudibleSignalsAvailable>false</acsb:AudibleSignalsAvailable>
                                          <!--Optional:-->
                                          <acsb:VisualSignsAvailable>unknown</acsb:VisualSignsAvailable>
                                          <!--Optional:-->
                                          <ifop:Extensions>
                                             turbine
                                             <!--You may enter ANY elements at this point-->
                                             iovis
                                          </ifop:Extensions>
                                       </acsb:AccessibilityLimitation>
                                    </acsb:Limitations>
                                    <!--Optional:-->
                                    <acsb:Suitabilities>
                                       <!--1 or more repetitions:-->
                                       <acsb:Suitability>
                                          <acsb:Suitable>?</acsb:Suitable>
                                          <acsb:UserNeed>
                                             <!--You have a CHOICE of the next 4 items at this level-->
                                             <acsb:MobilityNeed>?</acsb:MobilityNeed>
                                             <acsb:PsychosensoryNeed>?</acsb:PsychosensoryNeed>
                                             <acsb:MedicalNeed>?</acsb:MedicalNeed>
                                             <acsb:EncumbranceNeed>?</acsb:EncumbranceNeed>
                                             <!--Optional:-->
                                             <acsb:Excluded>?</acsb:Excluded>
                                             <!--Optional:-->
                                             <acsb:NeedRanking>?</acsb:NeedRanking>
                                             <!--Optional:-->
                                             <acsb:Extensions>?</acsb:Extensions>
                                          </acsb:UserNeed>
                                       </acsb:Suitability>
                                    </acsb:Suitabilities>
                                    <!--Optional:-->
                                    <ifop:Extensions>
                                       flammato
                                       <!--You may enter ANY elements at this point-->
                                       speluncis
                                    </ifop:Extensions>
                                 </siri:AccessibilityAssessment>
                                 <!--Optional:-->
                                 <siri:ConnectionLinks>
                                    <!--1 or more repetitions:-->
                                    <siri:AffectedConnectionLink>
                                       <!--Zero or more repetitions:-->
                                       <siri:ConnectionLinkRef>?</siri:ConnectionLinkRef>
                                       <!--Optional:-->
                                       <siri:ConnectionName xml:lang="?">?</siri:ConnectionName>
                                       <!--You have a CHOICE of the next 2 items at this level-->
                                       <siri:AllLines>?</siri:AllLines>
                                       <!--1 or more repetitions:-->
                                       <siri:LineRef>?</siri:LineRef>
                                       <!--Optional:-->
                                       <siri:ConnectingStopPointRef>?</siri:ConnectingStopPointRef>
                                       <!--Zero or more repetitions:-->
                                       <siri:ConnectingStopPointName xml:lang="?">?</siri:ConnectingStopPointName>
                                       <!--Optional:-->
                                       <siri:ConnectingZoneRef>?</siri:ConnectingZoneRef>
                                       <!--Optional:-->
                                       <siri:ConnectionDirection>both</siri:ConnectionDirection>
                                       <!--Zero or more repetitions:-->
                                       <siri:AffectedPathLink>
                                          <!--Zero or more repetitions:-->
                                          <siri:LinkRef>?</siri:LinkRef>
                                          <!--Zero or more repetitions:-->
                                          <siri:LinkName xml:lang="?">?</siri:LinkName>
                                          <!--Optional:-->
                                          <siri:AccessibilityFeature>?</siri:AccessibilityFeature>
                                          <!--Zero or more repetitions:-->
                                          <siri:LinkDirection>?</siri:LinkDirection>
                                          <!--Optional:-->
                                          <siri:LinkProjection>
                                             <!--Optional:-->
                                             <ifop:Features>
                                                <!--1 or more repetitions:-->
                                                <ifop:GisFeatureRef>
                                                   <ifop:FeatureIdRef>?</ifop:FeatureIdRef>
                                                   <!--Optional:-->
                                                   <ifop:FeatureType>?</ifop:FeatureType>
                                                </ifop:GisFeatureRef>
                                             </ifop:Features>
                                             <!--Optional:-->
                                             <ifop:Line>
                                                <!--2 or more repetitions:-->
                                                <ifop:PointProjection id="?" srsName="?">
                                                   <!--Optional:-->
                                                   <ifop:Features>
                                                      <!--1 or more repetitions:-->
                                                      <ifop:GisFeatureRef>
                                                         <ifop:FeatureIdRef>?</ifop:FeatureIdRef>
                                                         <!--Optional:-->
                                                         <ifop:FeatureType>?</ifop:FeatureType>
                                                      </ifop:GisFeatureRef>
                                                   </ifop:Features>
                                                   <ifop:Longitude>?</ifop:Longitude>
                                                   <ifop:Latitude>?</ifop:Latitude>
                                                   <!--Optional:-->
                                                   <ifop:Altitude>?</ifop:Altitude>
                                                   <!--Optional:-->
                                                   <ifop:Coordinates>?</ifop:Coordinates>
                                                   <!--Optional:-->
                                                   <ifop:Precision>?</ifop:Precision>
                                                </ifop:PointProjection>
                                                <ifop:PointProjection id="?" srsName="?">
                                                   <!--Optional:-->
                                                   <ifop:Features>
                                                      <!--1 or more repetitions:-->
                                                      <ifop:GisFeatureRef>
                                                         <ifop:FeatureIdRef>?</ifop:FeatureIdRef>
                                                         <!--Optional:-->
                                                         <ifop:FeatureType>?</ifop:FeatureType>
                                                      </ifop:GisFeatureRef>
                                                   </ifop:Features>
                                                   <ifop:Longitude>?</ifop:Longitude>
                                                   <ifop:Latitude>?</ifop:Latitude>
                                                   <!--Optional:-->
                                                   <ifop:Altitude>?</ifop:Altitude>
                                                   <!--Optional:-->
                                                   <ifop:Coordinates>?</ifop:Coordinates>
                                                   <!--Optional:-->
                                                   <ifop:Precision>?</ifop:Precision>
                                                </ifop:PointProjection>
                                             </ifop:Line>
                                          </siri:LinkProjection>
                                          <!--Optional:-->
                                          <siri:Offset>
                                             <!--Optional:-->
                                             <siri:DistanceFromStart>?</siri:DistanceFromStart>
                                             <!--Optional:-->
                                             <siri:DistanceFromEnd>?</siri:DistanceFromEnd>
                                          </siri:Offset>
                                          <!--Optional:-->
                                          <siri:Extensions>
                                             <!--You may enter ANY elements at this point-->
                                          </siri:Extensions>
                                       </siri:AffectedPathLink>
                                       <!--Optional:-->
                                       <siri:Extensions>
                                          <!--You may enter ANY elements at this point-->
                                       </siri:Extensions>
                                    </siri:AffectedConnectionLink>
                                 </siri:ConnectionLinks>
                                 <!--Optional:-->
                                 <siri:Extensions>
                                    <!--You may enter ANY elements at this point-->
                                 </siri:Extensions>
                              </siri:Origins>
                              <!--Zero or more repetitions:-->
                              <siri:Destinations>
                                 <!--Optional:-->
                                 <siri:StopPointRef>?</siri:StopPointRef>
                                 <!--Optional:-->
                                 <siri:PrivateRef>?</siri:PrivateRef>
                                 <!--Zero or more repetitions:-->
                                 <siri:StopPointName xml:lang="?">?</siri:StopPointName>
                                 <!--Optional:-->
                                 <siri:StopPointType>?</siri:StopPointType>
                                 <!--Optional:-->
                                 <siri:Location id="?" srsName="?">
                                    <!--You have a CHOICE of the next 2 items at this level-->
                                    <siri:Longitude>?</siri:Longitude>
                                    <siri:Latitude>?</siri:Latitude>
                                    <siri:Coordinates>?</siri:Coordinates>
                                    <!--Optional:-->
                                    <siri:Precision>?</siri:Precision>
                                 </siri:Location>
                                 <!--Optional:-->
                                 <siri:AffectedModes>
                                    <!--You have a CHOICE of the next 2 items at this level-->
                                    <!--Optional:-->
                                    <siri:AllModes>?</siri:AllModes>
                                    <!--Zero or more repetitions:-->
                                    <siri:Mode>
                                       <!--Optional:-->
                                       <siri:VehicleMode>unknown</siri:VehicleMode>
                                       <!--You have a CHOICE of the next 7 items at this level-->
                                       <siri:AirSubmode>unknown</siri:AirSubmode>
                                       <siri:BusSubmode>unknown</siri:BusSubmode>
                                       <siri:CoachSubmode>unknown</siri:CoachSubmode>
                                       <siri:MetroSubmode>unknown</siri:MetroSubmode>
                                       <siri:RailSubmode>unknown</siri:RailSubmode>
                                       <siri:TramSubmode>unknown</siri:TramSubmode>
                                       <siri:WaterSubmode>unknown</siri:WaterSubmode>
                                       <!--Optional:-->
                                       <siri:AccessMode>?</siri:AccessMode>
                                    </siri:Mode>
                                 </siri:AffectedModes>
                                 <!--Optional:-->
                                 <siri:PlaceRef>?</siri:PlaceRef>
                                 <!--Zero or more repetitions:-->
                                 <siri:PlaceName xml:lang="?">?</siri:PlaceName>
                                 <!--Optional:-->
                                 <siri:AccessibilityAssessment>
                                    <acsb:MobilityImpairedAccess>?</acsb:MobilityImpairedAccess>
                                    <!--Optional:-->
                                    <acsb:Limitations>
                                       <!--1 or more repetitions:-->
                                       <acsb:AccessibilityLimitation>
                                          <!--Optional:-->
                                          <acsb:LimitationId>?</acsb:LimitationId>
                                          <!--Optional:-->
                                          <acsb:ValidityCondition>
                                             <!--Optional:-->
                                             <ifop:FromDateTime>?</ifop:FromDateTime>
                                             <!--Optional:-->
                                             <ifop:ToDateTime>?</ifop:ToDateTime>
                                             <!--Optional:-->
                                             <ifop:DayType>?</ifop:DayType>
                                             <!--Zero or more repetitions:-->
                                             <ifop:Timebands>
                                                <ifop:Timeband>
                                                   <ifop:StartTime>?</ifop:StartTime>
                                                   <!--Optional:-->
                                                   <ifop:EndTime>?</ifop:EndTime>
                                                </ifop:Timeband>
                                             </ifop:Timebands>
                                          </acsb:ValidityCondition>
                                          <acsb:WheelchairAccess>false</acsb:WheelchairAccess>
                                          <!--Optional:-->
                                          <acsb:StepFreeAccess>unknown</acsb:StepFreeAccess>
                                          <!--Optional:-->
                                          <acsb:EscalatorFreeAccess>unknown</acsb:EscalatorFreeAccess>
                                          <!--Optional:-->
                                          <acsb:LiftFreeAccess>unknown</acsb:LiftFreeAccess>
                                          <!--Optional:-->
                                          <acsb:AudibleSignalsAvailable>false</acsb:AudibleSignalsAvailable>
                                          <!--Optional:-->
                                          <acsb:VisualSignsAvailable>unknown</acsb:VisualSignsAvailable>
                                          <!--Optional:-->
                                          <ifop:Extensions>
                                             profundum
                                             <!--You may enter ANY elements at this point-->
                                             bella
                                          </ifop:Extensions>
                                       </acsb:AccessibilityLimitation>
                                    </acsb:Limitations>
                                    <!--Optional:-->
                                    <acsb:Suitabilities>
                                       <!--1 or more repetitions:-->
                                       <acsb:Suitability>
                                          <acsb:Suitable>?</acsb:Suitable>
                                          <acsb:UserNeed>
                                             <!--You have a CHOICE of the next 4 items at this level-->
                                             <acsb:MobilityNeed>?</acsb:MobilityNeed>
                                             <acsb:PsychosensoryNeed>?</acsb:PsychosensoryNeed>
                                             <acsb:MedicalNeed>?</acsb:MedicalNeed>
                                             <acsb:EncumbranceNeed>?</acsb:EncumbranceNeed>
                                             <!--Optional:-->
                                             <acsb:Excluded>?</acsb:Excluded>
                                             <!--Optional:-->
                                             <acsb:NeedRanking>?</acsb:NeedRanking>
                                             <!--Optional:-->
                                             <acsb:Extensions>?</acsb:Extensions>
                                          </acsb:UserNeed>
                                       </acsb:Suitability>
                                    </acsb:Suitabilities>
                                    <!--Optional:-->
                                    <ifop:Extensions>
                                       nubibus
                                       <!--You may enter ANY elements at this point-->
                                       flammas
                                    </ifop:Extensions>
                                 </siri:AccessibilityAssessment>
                                 <!--Optional:-->
                                 <siri:ConnectionLinks>
                                    <!--1 or more repetitions:-->
                                    <siri:AffectedConnectionLink>
                                       <!--Zero or more repetitions:-->
                                       <siri:ConnectionLinkRef>?</siri:ConnectionLinkRef>
                                       <!--Optional:-->
                                       <siri:ConnectionName xml:lang="?">?</siri:ConnectionName>
                                       <!--You have a CHOICE of the next 2 items at this level-->
                                       <siri:AllLines>?</siri:AllLines>
                                       <!--1 or more repetitions:-->
                                       <siri:LineRef>?</siri:LineRef>
                                       <!--Optional:-->
                                       <siri:ConnectingStopPointRef>?</siri:ConnectingStopPointRef>
                                       <!--Zero or more repetitions:-->
                                       <siri:ConnectingStopPointName xml:lang="?">?</siri:ConnectingStopPointName>
                                       <!--Optional:-->
                                       <siri:ConnectingZoneRef>?</siri:ConnectingZoneRef>
                                       <!--Optional:-->
                                       <siri:ConnectionDirection>both</siri:ConnectionDirection>
                                       <!--Zero or more repetitions:-->
                                       <siri:AffectedPathLink>
                                          <!--Zero or more repetitions:-->
                                          <siri:LinkRef>?</siri:LinkRef>
                                          <!--Zero or more repetitions:-->
                                          <siri:LinkName xml:lang="?">?</siri:LinkName>
                                          <!--Optional:-->
                                          <siri:AccessibilityFeature>?</siri:AccessibilityFeature>
                                          <!--Zero or more repetitions:-->
                                          <siri:LinkDirection>?</siri:LinkDirection>
                                          <!--Optional:-->
                                          <siri:LinkProjection>
                                             <!--Optional:-->
                                             <ifop:Features>
                                                <!--1 or more repetitions:-->
                                                <ifop:GisFeatureRef>
                                                   <ifop:FeatureIdRef>?</ifop:FeatureIdRef>
                                                   <!--Optional:-->
                                                   <ifop:FeatureType>?</ifop:FeatureType>
                                                </ifop:GisFeatureRef>
                                             </ifop:Features>
                                             <!--Optional:-->
                                             <ifop:Line>
                                                <!--2 or more repetitions:-->
                                                <ifop:PointProjection id="?" srsName="?">
                                                   <!--Optional:-->
                                                   <ifop:Features>
                                                      <!--1 or more repetitions:-->
                                                      <ifop:GisFeatureRef>
                                                         <ifop:FeatureIdRef>?</ifop:FeatureIdRef>
                                                         <!--Optional:-->
                                                         <ifop:FeatureType>?</ifop:FeatureType>
                                                      </ifop:GisFeatureRef>
                                                   </ifop:Features>
                                                   <ifop:Longitude>?</ifop:Longitude>
                                                   <ifop:Latitude>?</ifop:Latitude>
                                                   <!--Optional:-->
                                                   <ifop:Altitude>?</ifop:Altitude>
                                                   <!--Optional:-->
                                                   <ifop:Coordinates>?</ifop:Coordinates>
                                                   <!--Optional:-->
                                                   <ifop:Precision>?</ifop:Precision>
                                                </ifop:PointProjection>
                                                <ifop:PointProjection id="?" srsName="?">
                                                   <!--Optional:-->
                                                   <ifop:Features>
                                                      <!--1 or more repetitions:-->
                                                      <ifop:GisFeatureRef>
                                                         <ifop:FeatureIdRef>?</ifop:FeatureIdRef>
                                                         <!--Optional:-->
                                                         <ifop:FeatureType>?</ifop:FeatureType>
                                                      </ifop:GisFeatureRef>
                                                   </ifop:Features>
                                                   <ifop:Longitude>?</ifop:Longitude>
                                                   <ifop:Latitude>?</ifop:Latitude>
                                                   <!--Optional:-->
                                                   <ifop:Altitude>?</ifop:Altitude>
                                                   <!--Optional:-->
                                                   <ifop:Coordinates>?</ifop:Coordinates>
                                                   <!--Optional:-->
                                                   <ifop:Precision>?</ifop:Precision>
                                                </ifop:PointProjection>
                                             </ifop:Line>
                                          </siri:LinkProjection>
                                          <!--Optional:-->
                                          <siri:Offset>
                                             <!--Optional:-->
                                             <siri:DistanceFromStart>?</siri:DistanceFromStart>
                                             <!--Optional:-->
                                             <siri:DistanceFromEnd>?</siri:DistanceFromEnd>
                                          </siri:Offset>
                                          <!--Optional:-->
                                          <siri:Extensions>
                                             <!--You may enter ANY elements at this point-->
                                          </siri:Extensions>
                                       </siri:AffectedPathLink>
                                       <!--Optional:-->
                                       <siri:Extensions>
                                          <!--You may enter ANY elements at this point-->
                                       </siri:Extensions>
                                    </siri:AffectedConnectionLink>
                                 </siri:ConnectionLinks>
                                 <!--Optional:-->
                                 <siri:Extensions>
                                    <!--You may enter ANY elements at this point-->
                                 </siri:Extensions>
                              </siri:Destinations>
                              <!--1 or more repetitions:-->
                              <siri:Route>
                                 <!--Optional:-->
                                 <siri:RouteRef>?</siri:RouteRef>
                                 <!--Zero or more repetitions:-->
                                 <siri:Direction>
                                    <siri:DirectionRef>?</siri:DirectionRef>
                                    <!--Zero or more repetitions:-->
                                    <siri:DirectionName xml:lang="?">?</siri:DirectionName>
                                 </siri:Direction>
                                 <!--Optional:-->
                                 <siri:Sections>
                                    <!--1 or more repetitions:-->
                                    <siri:AffectedSection>
                                       <!--Optional:-->
                                       <siri:SectionRef>?</siri:SectionRef>
                                       <!--Optional:-->
                                       <siri:LinkProjection>
                                          <!--Optional:-->
                                          <ifop:Features>
                                             <!--1 or more repetitions:-->
                                             <ifop:GisFeatureRef>
                                                <ifop:FeatureIdRef>?</ifop:FeatureIdRef>
                                                <!--Optional:-->
                                                <ifop:FeatureType>?</ifop:FeatureType>
                                             </ifop:GisFeatureRef>
                                          </ifop:Features>
                                          <!--Optional:-->
                                          <ifop:Line>
                                             <!--2 or more repetitions:-->
                                             <ifop:PointProjection id="?" srsName="?">
                                                <!--Optional:-->
                                                <ifop:Features>
                                                   <!--1 or more repetitions:-->
                                                   <ifop:GisFeatureRef>
                                                      <ifop:FeatureIdRef>?</ifop:FeatureIdRef>
                                                      <!--Optional:-->
                                                      <ifop:FeatureType>?</ifop:FeatureType>
                                                   </ifop:GisFeatureRef>
                                                </ifop:Features>
                                                <ifop:Longitude>?</ifop:Longitude>
                                                <ifop:Latitude>?</ifop:Latitude>
                                                <!--Optional:-->
                                                <ifop:Altitude>?</ifop:Altitude>
                                                <!--Optional:-->
                                                <ifop:Coordinates>?</ifop:Coordinates>
                                                <!--Optional:-->
                                                <ifop:Precision>?</ifop:Precision>
                                             </ifop:PointProjection>
                                             <ifop:PointProjection id="?" srsName="?">
                                                <!--Optional:-->
                                                <ifop:Features>
                                                   <!--1 or more repetitions:-->
                                                   <ifop:GisFeatureRef>
                                                      <ifop:FeatureIdRef>?</ifop:FeatureIdRef>
                                                      <!--Optional:-->
                                                      <ifop:FeatureType>?</ifop:FeatureType>
                                                   </ifop:GisFeatureRef>
                                                </ifop:Features>
                                                <ifop:Longitude>?</ifop:Longitude>
                                                <ifop:Latitude>?</ifop:Latitude>
                                                <!--Optional:-->
                                                <ifop:Altitude>?</ifop:Altitude>
                                                <!--Optional:-->
                                                <ifop:Coordinates>?</ifop:Coordinates>
                                                <!--Optional:-->
                                                <ifop:Precision>?</ifop:Precision>
                                             </ifop:PointProjection>
                                          </ifop:Line>
                                       </siri:LinkProjection>
                                       <!--Optional:-->
                                       <siri:Offset>
                                          <!--Optional:-->
                                          <siri:DistanceFromStart>?</siri:DistanceFromStart>
                                          <!--Optional:-->
                                          <siri:DistanceFromEnd>?</siri:DistanceFromEnd>
                                       </siri:Offset>
                                       <!--Optional:-->
                                       <siri:Extensions>
                                          <!--You may enter ANY elements at this point-->
                                       </siri:Extensions>
                                    </siri:AffectedSection>
                                 </siri:Sections>
                                 <!--Optional:-->
                                 <siri:RouteLinks>
                                    <!--1 or more repetitions:-->
                                    <siri:RouteLinkRef>?</siri:RouteLinkRef>
                                 </siri:RouteLinks>
                                 <!--Optional:-->
                                 <siri:Extensions>
                                    <!--You may enter ANY elements at this point-->
                                 </siri:Extensions>
                              </siri:Route>
                              <!--Optional:-->
                              <siri:OriginAimedDepartureTime>?</siri:OriginAimedDepartureTime>
                              <!--Optional:-->
                              <siri:DestinationAimedArrivalTime>?</siri:DestinationAimedArrivalTime>
                              <!--Optional:-->
                              <siri:AccessibilityAssessment>
                                 <acsb:MobilityImpairedAccess>?</acsb:MobilityImpairedAccess>
                                 <!--Optional:-->
                                 <acsb:Limitations>
                                    <!--1 or more repetitions:-->
                                    <acsb:AccessibilityLimitation>
                                       <!--Optional:-->
                                       <acsb:LimitationId>?</acsb:LimitationId>
                                       <!--Optional:-->
                                       <acsb:ValidityCondition>
                                          <!--Optional:-->
                                          <ifop:FromDateTime>?</ifop:FromDateTime>
                                          <!--Optional:-->
                                          <ifop:ToDateTime>?</ifop:ToDateTime>
                                          <!--Optional:-->
                                          <ifop:DayType>?</ifop:DayType>
                                          <!--Zero or more repetitions:-->
                                          <ifop:Timebands>
                                             <ifop:Timeband>
                                                <ifop:StartTime>?</ifop:StartTime>
                                                <!--Optional:-->
                                                <ifop:EndTime>?</ifop:EndTime>
                                             </ifop:Timeband>
                                          </ifop:Timebands>
                                       </acsb:ValidityCondition>
                                       <acsb:WheelchairAccess>false</acsb:WheelchairAccess>
                                       <!--Optional:-->
                                       <acsb:StepFreeAccess>unknown</acsb:StepFreeAccess>
                                       <!--Optional:-->
                                       <acsb:EscalatorFreeAccess>unknown</acsb:EscalatorFreeAccess>
                                       <!--Optional:-->
                                       <acsb:LiftFreeAccess>unknown</acsb:LiftFreeAccess>
                                       <!--Optional:-->
                                       <acsb:AudibleSignalsAvailable>false</acsb:AudibleSignalsAvailable>
                                       <!--Optional:-->
                                       <acsb:VisualSignsAvailable>unknown</acsb:VisualSignsAvailable>
                                       <!--Optional:-->
                                       <ifop:Extensions>
                                          ac
                                          <!--You may enter ANY elements at this point-->
                                          hoc
                                       </ifop:Extensions>
                                    </acsb:AccessibilityLimitation>
                                 </acsb:Limitations>
                                 <!--Optional:-->
                                 <acsb:Suitabilities>
                                    <!--1 or more repetitions:-->
                                    <acsb:Suitability>
                                       <acsb:Suitable>?</acsb:Suitable>
                                       <acsb:UserNeed>
                                          <!--You have a CHOICE of the next 4 items at this level-->
                                          <acsb:MobilityNeed>?</acsb:MobilityNeed>
                                          <acsb:PsychosensoryNeed>?</acsb:PsychosensoryNeed>
                                          <acsb:MedicalNeed>?</acsb:MedicalNeed>
                                          <acsb:EncumbranceNeed>?</acsb:EncumbranceNeed>
                                          <!--Optional:-->
                                          <acsb:Excluded>?</acsb:Excluded>
                                          <!--Optional:-->
                                          <acsb:NeedRanking>?</acsb:NeedRanking>
                                          <!--Optional:-->
                                          <acsb:Extensions>?</acsb:Extensions>
                                       </acsb:UserNeed>
                                    </acsb:Suitability>
                                 </acsb:Suitabilities>
                                 <!--Optional:-->
                                 <ifop:Extensions>
                                    rapidum
                                    <!--You may enter ANY elements at this point-->
                                    ac
                                 </ifop:Extensions>
                              </siri:AccessibilityAssessment>
                              <!--Optional:-->
                              <siri:Calls>
                                 <!--1 or more repetitions:-->
                                 <siri:Call>
                                    <!--Optional:-->
                                    <siri:StopPointRef>?</siri:StopPointRef>
                                    <!--Optional:-->
                                    <siri:PrivateRef>?</siri:PrivateRef>
                                    <!--Zero or more repetitions:-->
                                    <siri:StopPointName xml:lang="?">?</siri:StopPointName>
                                    <!--Optional:-->
                                    <siri:StopPointType>?</siri:StopPointType>
                                    <!--Optional:-->
                                    <siri:Location id="?" srsName="?">
                                       <!--You have a CHOICE of the next 2 items at this level-->
                                       <siri:Longitude>?</siri:Longitude>
                                       <siri:Latitude>?</siri:Latitude>
                                       <siri:Coordinates>?</siri:Coordinates>
                                       <!--Optional:-->
                                       <siri:Precision>?</siri:Precision>
                                    </siri:Location>
                                    <!--Optional:-->
                                    <siri:AffectedModes>
                                       <!--You have a CHOICE of the next 2 items at this level-->
                                       <!--Optional:-->
                                       <siri:AllModes>?</siri:AllModes>
                                       <!--Zero or more repetitions:-->
                                       <siri:Mode>
                                          <!--Optional:-->
                                          <siri:VehicleMode>unknown</siri:VehicleMode>
                                          <!--You have a CHOICE of the next 7 items at this level-->
                                          <siri:AirSubmode>unknown</siri:AirSubmode>
                                          <siri:BusSubmode>unknown</siri:BusSubmode>
                                          <siri:CoachSubmode>unknown</siri:CoachSubmode>
                                          <siri:MetroSubmode>unknown</siri:MetroSubmode>
                                          <siri:RailSubmode>unknown</siri:RailSubmode>
                                          <siri:TramSubmode>unknown</siri:TramSubmode>
                                          <siri:WaterSubmode>unknown</siri:WaterSubmode>
                                          <!--Optional:-->
                                          <siri:AccessMode>?</siri:AccessMode>
                                       </siri:Mode>
                                    </siri:AffectedModes>
                                    <!--Optional:-->
                                    <siri:PlaceRef>?</siri:PlaceRef>
                                    <!--Zero or more repetitions:-->
                                    <siri:PlaceName xml:lang="?">?</siri:PlaceName>
                                    <!--Optional:-->
                                    <siri:AccessibilityAssessment>
                                       <acsb:MobilityImpairedAccess>?</acsb:MobilityImpairedAccess>
                                       <!--Optional:-->
                                       <acsb:Limitations>
                                          <!--1 or more repetitions:-->
                                          <acsb:AccessibilityLimitation>
                                             <!--Optional:-->
                                             <acsb:LimitationId>?</acsb:LimitationId>
                                             <!--Optional:-->
                                             <acsb:ValidityCondition>
                                                <!--Optional:-->
                                                <ifop:FromDateTime>?</ifop:FromDateTime>
                                                <!--Optional:-->
                                                <ifop:ToDateTime>?</ifop:ToDateTime>
                                                <!--Optional:-->
                                                <ifop:DayType>?</ifop:DayType>
                                                <!--Zero or more repetitions:-->
                                                <ifop:Timebands>
                                                   <ifop:Timeband>
                                                      <ifop:StartTime>?</ifop:StartTime>
                                                      <!--Optional:-->
                                                      <ifop:EndTime>?</ifop:EndTime>
                                                   </ifop:Timeband>
                                                </ifop:Timebands>
                                             </acsb:ValidityCondition>
                                             <acsb:WheelchairAccess>false</acsb:WheelchairAccess>
                                             <!--Optional:-->
                                             <acsb:StepFreeAccess>unknown</acsb:StepFreeAccess>
                                             <!--Optional:-->
                                             <acsb:EscalatorFreeAccess>unknown</acsb:EscalatorFreeAccess>
                                             <!--Optional:-->
                                             <acsb:LiftFreeAccess>unknown</acsb:LiftFreeAccess>
                                             <!--Optional:-->
                                             <acsb:AudibleSignalsAvailable>false</acsb:AudibleSignalsAvailable>
                                             <!--Optional:-->
                                             <acsb:VisualSignsAvailable>unknown</acsb:VisualSignsAvailable>
                                             <!--Optional:-->
                                             <ifop:Extensions>
                                                caelumque
                                                <!--You may enter ANY elements at this point-->
                                                speluncis
                                             </ifop:Extensions>
                                          </acsb:AccessibilityLimitation>
                                       </acsb:Limitations>
                                       <!--Optional:-->
                                       <acsb:Suitabilities>
                                          <!--1 or more repetitions:-->
                                          <acsb:Suitability>
                                             <acsb:Suitable>?</acsb:Suitable>
                                             <acsb:UserNeed>
                                                <!--You have a CHOICE of the next 4 items at this level-->
                                                <acsb:MobilityNeed>?</acsb:MobilityNeed>
                                                <acsb:PsychosensoryNeed>?</acsb:PsychosensoryNeed>
                                                <acsb:MedicalNeed>?</acsb:MedicalNeed>
                                                <acsb:EncumbranceNeed>?</acsb:EncumbranceNeed>
                                                <!--Optional:-->
                                                <acsb:Excluded>?</acsb:Excluded>
                                                <!--Optional:-->
                                                <acsb:NeedRanking>?</acsb:NeedRanking>
                                                <!--Optional:-->
                                                <acsb:Extensions>?</acsb:Extensions>
                                             </acsb:UserNeed>
                                          </acsb:Suitability>
                                       </acsb:Suitabilities>
                                       <!--Optional:-->
                                       <ifop:Extensions>
                                          circum
                                          <!--You may enter ANY elements at this point-->
                                          aris
                                       </ifop:Extensions>
                                    </siri:AccessibilityAssessment>
                                    <!--Optional:-->
                                    <siri:ConnectionLinks>
                                       <!--1 or more repetitions:-->
                                       <siri:AffectedConnectionLink>
                                          <!--Zero or more repetitions:-->
                                          <siri:ConnectionLinkRef>?</siri:ConnectionLinkRef>
                                          <!--Optional:-->
                                          <siri:ConnectionName xml:lang="?">?</siri:ConnectionName>
                                          <!--You have a CHOICE of the next 2 items at this level-->
                                          <siri:AllLines>?</siri:AllLines>
                                          <!--1 or more repetitions:-->
                                          <siri:LineRef>?</siri:LineRef>
                                          <!--Optional:-->
                                          <siri:ConnectingStopPointRef>?</siri:ConnectingStopPointRef>
                                          <!--Zero or more repetitions:-->
                                          <siri:ConnectingStopPointName xml:lang="?">?</siri:ConnectingStopPointName>
                                          <!--Optional:-->
                                          <siri:ConnectingZoneRef>?</siri:ConnectingZoneRef>
                                          <!--Optional:-->
                                          <siri:ConnectionDirection>both</siri:ConnectionDirection>
                                          <!--Zero or more repetitions:-->
                                          <siri:AffectedPathLink>
                                             <!--Zero or more repetitions:-->
                                             <siri:LinkRef>?</siri:LinkRef>
                                             <!--Zero or more repetitions:-->
                                             <siri:LinkName xml:lang="?">?</siri:LinkName>
                                             <!--Optional:-->
                                             <siri:AccessibilityFeature>?</siri:AccessibilityFeature>
                                             <!--Zero or more repetitions:-->
                                             <siri:LinkDirection>?</siri:LinkDirection>
                                             <!--Optional:-->
                                             <siri:LinkProjection>
                                                <!--Optional:-->
                                                <ifop:Features>
                                                   <!--1 or more repetitions:-->
                                                   <ifop:GisFeatureRef>
                                                      <ifop:FeatureIdRef>?</ifop:FeatureIdRef>
                                                      <!--Optional:-->
                                                      <ifop:FeatureType>?</ifop:FeatureType>
                                                   </ifop:GisFeatureRef>
                                                </ifop:Features>
                                                <!--Optional:-->
                                                <ifop:Line>
                                                   <!--2 or more repetitions:-->
                                                   <ifop:PointProjection id="?" srsName="?">
                                                      <!--Optional:-->
                                                      <ifop:Features>
                                                         <!--1 or more repetitions:-->
                                                         <ifop:GisFeatureRef>
                                                            <ifop:FeatureIdRef>?</ifop:FeatureIdRef>
                                                            <!--Optional:-->
                                                            <ifop:FeatureType>?</ifop:FeatureType>
                                                         </ifop:GisFeatureRef>
                                                      </ifop:Features>
                                                      <ifop:Longitude>?</ifop:Longitude>
                                                      <ifop:Latitude>?</ifop:Latitude>
                                                      <!--Optional:-->
                                                      <ifop:Altitude>?</ifop:Altitude>
                                                      <!--Optional:-->
                                                      <ifop:Coordinates>?</ifop:Coordinates>
                                                      <!--Optional:-->
                                                      <ifop:Precision>?</ifop:Precision>
                                                   </ifop:PointProjection>
                                                   <ifop:PointProjection id="?" srsName="?">
                                                      <!--Optional:-->
                                                      <ifop:Features>
                                                         <!--1 or more repetitions:-->
                                                         <ifop:GisFeatureRef>
                                                            <ifop:FeatureIdRef>?</ifop:FeatureIdRef>
                                                            <!--Optional:-->
                                                            <ifop:FeatureType>?</ifop:FeatureType>
                                                         </ifop:GisFeatureRef>
                                                      </ifop:Features>
                                                      <ifop:Longitude>?</ifop:Longitude>
                                                      <ifop:Latitude>?</ifop:Latitude>
                                                      <!--Optional:-->
                                                      <ifop:Altitude>?</ifop:Altitude>
                                                      <!--Optional:-->
                                                      <ifop:Coordinates>?</ifop:Coordinates>
                                                      <!--Optional:-->
                                                      <ifop:Precision>?</ifop:Precision>
                                                   </ifop:PointProjection>
                                                </ifop:Line>
                                             </siri:LinkProjection>
                                             <!--Optional:-->
                                             <siri:Offset>
                                                <!--Optional:-->
                                                <siri:DistanceFromStart>?</siri:DistanceFromStart>
                                                <!--Optional:-->
                                                <siri:DistanceFromEnd>?</siri:DistanceFromEnd>
                                             </siri:Offset>
                                             <!--Optional:-->
                                             <siri:Extensions>
                                                <!--You may enter ANY elements at this point-->
                                             </siri:Extensions>
                                          </siri:AffectedPathLink>
                                          <!--Optional:-->
                                          <siri:Extensions>
                                             <!--You may enter ANY elements at this point-->
                                          </siri:Extensions>
                                       </siri:AffectedConnectionLink>
                                    </siri:ConnectionLinks>
                                    <!--Optional:-->
                                    <siri:Extensions>
                                       <!--You may enter ANY elements at this point-->
                                    </siri:Extensions>
                                    <!--Optional:-->
                                    <siri:Order>?</siri:Order>
                                    <!--Optional:-->
                                    <siri:CallCondition>?</siri:CallCondition>
                                    <!--Optional:-->
                                    <siri:VehicleAtStop>false</siri:VehicleAtStop>
                                    <!--Optional:-->
                                    <siri:VehicleLocationAtStop id="?" srsName="?">
                                       <!--You have a CHOICE of the next 2 items at this level-->
                                       <siri:Longitude>?</siri:Longitude>
                                       <siri:Latitude>?</siri:Latitude>
                                       <siri:Coordinates>?</siri:Coordinates>
                                       <!--Optional:-->
                                       <siri:Precision>?</siri:Precision>
                                    </siri:VehicleLocationAtStop>
                                    <!--Optional:-->
                                    <siri:AimedArrivalTime>?</siri:AimedArrivalTime>
                                    <!--You have a CHOICE of the next 2 items at this level-->
                                    <!--Optional:-->
                                    <siri:ActualArrivalTime>?</siri:ActualArrivalTime>
                                    <!--Optional:-->
                                    <siri:ExpectedArrivalTime>?</siri:ExpectedArrivalTime>
                                    <!--Optional:-->
                                    <siri:ArrivalStatus>?</siri:ArrivalStatus>
                                    <!--Optional:-->
                                    <siri:ArrivalPlatformName xml:lang="?">?</siri:ArrivalPlatformName>
                                    <!--Optional:-->
                                    <siri:ArrivalBoardingActivity>alighting</siri:ArrivalBoardingActivity>
                                    <!--Optional:-->
                                    <siri:AimedDepartureTime>?</siri:AimedDepartureTime>
                                    <!--You have a CHOICE of the next 2 items at this level-->
                                    <!--Optional:-->
                                    <siri:ActualDepartureTime>?</siri:ActualDepartureTime>
                                    <!--Optional:-->
                                    <siri:ExpectedDepartureTime>?</siri:ExpectedDepartureTime>
                                    <!--Optional:-->
                                    <siri:DepartureStatus>?</siri:DepartureStatus>
                                    <!--Optional:-->
                                    <siri:DeparturePlatformName xml:lang="?">?</siri:DeparturePlatformName>
                                    <!--Optional:-->
                                    <siri:DepartureBoardingActivity>boarding</siri:DepartureBoardingActivity>
                                    <!--Optional:-->
                                    <siri:AimedHeadwayInterval>?</siri:AimedHeadwayInterval>
                                    <!--Optional:-->
                                    <siri:ExpectedHeadwayInterval>?</siri:ExpectedHeadwayInterval>
                                    <!--Zero or more repetitions:-->
                                    <siri:AffectedInterchange>
                                       <!--Optional:-->
                                       <siri:InterchangeRef>?</siri:InterchangeRef>
                                       <!--Optional:-->
                                       <siri:InterchangeStopPointRef>?</siri:InterchangeStopPointRef>
                                       <!--Zero or more repetitions:-->
                                       <siri:InterchangeStopPointName xml:lang="?">?</siri:InterchangeStopPointName>
                                       <!--Optional:-->
                                       <siri:ConnectingVehicleJourneyRef>?</siri:ConnectingVehicleJourneyRef>
                                       <!--Optional:-->
                                       <siri:InterchangeStatusType>unknown</siri:InterchangeStatusType>
                                       <!--Zero or more repetitions:-->
                                       <siri:ConnectionLink>
                                          <!--Zero or more repetitions:-->
                                          <siri:ConnectionLinkRef>?</siri:ConnectionLinkRef>
                                          <!--Optional:-->
                                          <siri:ConnectionName xml:lang="?">?</siri:ConnectionName>
                                          <!--You have a CHOICE of the next 2 items at this level-->
                                          <siri:AllLines>?</siri:AllLines>
                                          <!--1 or more repetitions:-->
                                          <siri:LineRef>?</siri:LineRef>
                                          <!--Optional:-->
                                          <siri:ConnectingStopPointRef>?</siri:ConnectingStopPointRef>
                                          <!--Zero or more repetitions:-->
                                          <siri:ConnectingStopPointName xml:lang="?">?</siri:ConnectingStopPointName>
                                          <!--Optional:-->
                                          <siri:ConnectingZoneRef>?</siri:ConnectingZoneRef>
                                          <!--Optional:-->
                                          <siri:ConnectionDirection>both</siri:ConnectionDirection>
                                          <!--Zero or more repetitions:-->
                                          <siri:AffectedPathLink>
                                             <!--Zero or more repetitions:-->
                                             <siri:LinkRef>?</siri:LinkRef>
                                             <!--Zero or more repetitions:-->
                                             <siri:LinkName xml:lang="?">?</siri:LinkName>
                                             <!--Optional:-->
                                             <siri:AccessibilityFeature>?</siri:AccessibilityFeature>
                                             <!--Zero or more repetitions:-->
                                             <siri:LinkDirection>?</siri:LinkDirection>
                                             <!--Optional:-->
                                             <siri:LinkProjection>
                                                <!--Optional:-->
                                                <ifop:Features>
                                                   <!--1 or more repetitions:-->
                                                   <ifop:GisFeatureRef>
                                                      <ifop:FeatureIdRef>?</ifop:FeatureIdRef>
                                                      <!--Optional:-->
                                                      <ifop:FeatureType>?</ifop:FeatureType>
                                                   </ifop:GisFeatureRef>
                                                </ifop:Features>
                                                <!--Optional:-->
                                                <ifop:Line>
                                                   <!--2 or more repetitions:-->
                                                   <ifop:PointProjection id="?" srsName="?">
                                                      <!--Optional:-->
                                                      <ifop:Features>
                                                         <!--1 or more repetitions:-->
                                                         <ifop:GisFeatureRef>
                                                            <ifop:FeatureIdRef>?</ifop:FeatureIdRef>
                                                            <!--Optional:-->
                                                            <ifop:FeatureType>?</ifop:FeatureType>
                                                         </ifop:GisFeatureRef>
                                                      </ifop:Features>
                                                      <ifop:Longitude>?</ifop:Longitude>
                                                      <ifop:Latitude>?</ifop:Latitude>
                                                      <!--Optional:-->
                                                      <ifop:Altitude>?</ifop:Altitude>
                                                      <!--Optional:-->
                                                      <ifop:Coordinates>?</ifop:Coordinates>
                                                      <!--Optional:-->
                                                      <ifop:Precision>?</ifop:Precision>
                                                   </ifop:PointProjection>
                                                   <ifop:PointProjection id="?" srsName="?">
                                                      <!--Optional:-->
                                                      <ifop:Features>
                                                         <!--1 or more repetitions:-->
                                                         <ifop:GisFeatureRef>
                                                            <ifop:FeatureIdRef>?</ifop:FeatureIdRef>
                                                            <!--Optional:-->
                                                            <ifop:FeatureType>?</ifop:FeatureType>
                                                         </ifop:GisFeatureRef>
                                                      </ifop:Features>
                                                      <ifop:Longitude>?</ifop:Longitude>
                                                      <ifop:Latitude>?</ifop:Latitude>
                                                      <!--Optional:-->
                                                      <ifop:Altitude>?</ifop:Altitude>
                                                      <!--Optional:-->
                                                      <ifop:Coordinates>?</ifop:Coordinates>
                                                      <!--Optional:-->
                                                      <ifop:Precision>?</ifop:Precision>
                                                   </ifop:PointProjection>
                                                </ifop:Line>
                                             </siri:LinkProjection>
                                             <!--Optional:-->
                                             <siri:Offset>
                                                <!--Optional:-->
                                                <siri:DistanceFromStart>?</siri:DistanceFromStart>
                                                <!--Optional:-->
                                                <siri:DistanceFromEnd>?</siri:DistanceFromEnd>
                                             </siri:Offset>
                                             <!--Optional:-->
                                             <siri:Extensions>
                                                <!--You may enter ANY elements at this point-->
                                             </siri:Extensions>
                                          </siri:AffectedPathLink>
                                          <!--Optional:-->
                                          <siri:Extensions>
                                             <!--You may enter ANY elements at this point-->
                                          </siri:Extensions>
                                       </siri:ConnectionLink>
                                       <!--Optional:-->
                                       <siri:Extensions>
                                          <!--You may enter ANY elements at this point-->
                                       </siri:Extensions>
                                    </siri:AffectedInterchange>
                                 </siri:Call>
                              </siri:Calls>
                              <!--Optional:-->
                              <siri:Extensions>
                                 <!--You may enter ANY elements at this point-->
                              </siri:Extensions>
                           </siri:AffectedVehicleJourney>
                        </siri:VehicleJourneys>
                        <!--Optional:-->
                        <siri:Roads>
                           <!--Optional:-->
                           <siri:Datex2Locations>
                              <!--Optional:-->
                              <_0:groupOfLocationsExtension>
                                 <!--You may enter ANY elements at this point-->
                              </_0:groupOfLocationsExtension>
                           </siri:Datex2Locations>
                           <!--Zero or more repetitions:-->
                           <siri:AffectedRoad>
                              <!--Optional:-->
                              <siri:Road>
                                 <_0:roadsideReferencePointPrimaryLocation>
                                    <_0:roadsideReferencePoint>
                                       <_0:roadsideReferencePointIdentifier>?</_0:roadsideReferencePointIdentifier>
                                       <!--Optional:-->
                                       <_0:administrativeArea>
                                          <_0:values>
                                             <!--1 or more repetitions:-->
                                             <_0:value lang="?">?</_0:value>
                                          </_0:values>
                                       </_0:administrativeArea>
                                       <!--Optional:-->
                                       <_0:roadName>
                                          <_0:values>
                                             <!--1 or more repetitions:-->
                                             <_0:value lang="?">?</_0:value>
                                          </_0:values>
                                       </_0:roadName>
                                       <!--Optional:-->
                                       <_0:roadNumber>?</_0:roadNumber>
                                       <!--Optional:-->
                                       <_0:directionBound>?</_0:directionBound>
                                       <!--Optional:-->
                                       <_0:directionRelative>?</_0:directionRelative>
                                       <!--Optional:-->
                                       <_0:distanceFromPrevious>?</_0:distanceFromPrevious>
                                       <!--Optional:-->
                                       <_0:distanceToNext>?</_0:distanceToNext>
                                       <!--Optional:-->
                                       <_0:elevatedRoadSection>?</_0:elevatedRoadSection>
                                       <!--Optional:-->
                                       <_0:roadsideReferencePointDescription>
                                          <_0:values>
                                             <!--1 or more repetitions:-->
                                             <_0:value lang="?">?</_0:value>
                                          </_0:values>
                                       </_0:roadsideReferencePointDescription>
                                       <!--Optional:-->
                                       <_0:roadsideReferencePointDistance>?</_0:roadsideReferencePointDistance>
                                       <!--Optional:-->
                                       <_0:roadsideReferencePointExtension>
                                          <!--You may enter ANY elements at this point-->
                                       </_0:roadsideReferencePointExtension>
                                    </_0:roadsideReferencePoint>
                                    <!--Optional:-->
                                    <_0:roadsideReferencePointPrimaryLocationExtension>
                                       <!--You may enter ANY elements at this point-->
                                    </_0:roadsideReferencePointPrimaryLocationExtension>
                                 </_0:roadsideReferencePointPrimaryLocation>
                                 <_0:roadsideReferencePointSecondaryLocation>
                                    <_0:roadsideReferencePoint>
                                       <_0:roadsideReferencePointIdentifier>?</_0:roadsideReferencePointIdentifier>
                                       <!--Optional:-->
                                       <_0:administrativeArea>
                                          <_0:values>
                                             <!--1 or more repetitions:-->
                                             <_0:value lang="?">?</_0:value>
                                          </_0:values>
                                       </_0:administrativeArea>
                                       <!--Optional:-->
                                       <_0:roadName>
                                          <_0:values>
                                             <!--1 or more repetitions:-->
                                             <_0:value lang="?">?</_0:value>
                                          </_0:values>
                                       </_0:roadName>
                                       <!--Optional:-->
                                       <_0:roadNumber>?</_0:roadNumber>
                                       <!--Optional:-->
                                       <_0:directionBound>?</_0:directionBound>
                                       <!--Optional:-->
                                       <_0:directionRelative>?</_0:directionRelative>
                                       <!--Optional:-->
                                       <_0:distanceFromPrevious>?</_0:distanceFromPrevious>
                                       <!--Optional:-->
                                       <_0:distanceToNext>?</_0:distanceToNext>
                                       <!--Optional:-->
                                       <_0:elevatedRoadSection>?</_0:elevatedRoadSection>
                                       <!--Optional:-->
                                       <_0:roadsideReferencePointDescription>
                                          <_0:values>
                                             <!--1 or more repetitions:-->
                                             <_0:value lang="?">?</_0:value>
                                          </_0:values>
                                       </_0:roadsideReferencePointDescription>
                                       <!--Optional:-->
                                       <_0:roadsideReferencePointDistance>?</_0:roadsideReferencePointDistance>
                                       <!--Optional:-->
                                       <_0:roadsideReferencePointExtension>
                                          <!--You may enter ANY elements at this point-->
                                       </_0:roadsideReferencePointExtension>
                                    </_0:roadsideReferencePoint>
                                    <!--Optional:-->
                                    <_0:roadsideReferencePointSecondaryLocationExtension>
                                       <!--You may enter ANY elements at this point-->
                                    </_0:roadsideReferencePointSecondaryLocationExtension>
                                 </_0:roadsideReferencePointSecondaryLocation>
                                 <!--Optional:-->
                                 <_0:roadsideReferencePointLinearExtension>
                                    <!--You may enter ANY elements at this point-->
                                 </_0:roadsideReferencePointLinearExtension>
                              </siri:Road>
                              <!--Optional:-->
                              <siri:LinkProjection>
                                 <!--Optional:-->
                                 <ifop:Features>
                                    <!--1 or more repetitions:-->
                                    <ifop:GisFeatureRef>
                                       <ifop:FeatureIdRef>?</ifop:FeatureIdRef>
                                       <!--Optional:-->
                                       <ifop:FeatureType>?</ifop:FeatureType>
                                    </ifop:GisFeatureRef>
                                 </ifop:Features>
                                 <!--Optional:-->
                                 <ifop:Line>
                                    <!--2 or more repetitions:-->
                                    <ifop:PointProjection id="?" srsName="?">
                                       <!--Optional:-->
                                       <ifop:Features>
                                          <!--1 or more repetitions:-->
                                          <ifop:GisFeatureRef>
                                             <ifop:FeatureIdRef>?</ifop:FeatureIdRef>
                                             <!--Optional:-->
                                             <ifop:FeatureType>?</ifop:FeatureType>
                                          </ifop:GisFeatureRef>
                                       </ifop:Features>
                                       <ifop:Longitude>?</ifop:Longitude>
                                       <ifop:Latitude>?</ifop:Latitude>
                                       <!--Optional:-->
                                       <ifop:Altitude>?</ifop:Altitude>
                                       <!--Optional:-->
                                       <ifop:Coordinates>?</ifop:Coordinates>
                                       <!--Optional:-->
                                       <ifop:Precision>?</ifop:Precision>
                                    </ifop:PointProjection>
                                    <ifop:PointProjection id="?" srsName="?">
                                       <!--Optional:-->
                                       <ifop:Features>
                                          <!--1 or more repetitions:-->
                                          <ifop:GisFeatureRef>
                                             <ifop:FeatureIdRef>?</ifop:FeatureIdRef>
                                             <!--Optional:-->
                                             <ifop:FeatureType>?</ifop:FeatureType>
                                          </ifop:GisFeatureRef>
                                       </ifop:Features>
                                       <ifop:Longitude>?</ifop:Longitude>
                                       <ifop:Latitude>?</ifop:Latitude>
                                       <!--Optional:-->
                                       <ifop:Altitude>?</ifop:Altitude>
                                       <!--Optional:-->
                                       <ifop:Coordinates>?</ifop:Coordinates>
                                       <!--Optional:-->
                                       <ifop:Precision>?</ifop:Precision>
                                    </ifop:PointProjection>
                                 </ifop:Line>
                              </siri:LinkProjection>
                              <!--Optional:-->
                              <siri:Offset>
                                 <!--Optional:-->
                                 <siri:DistanceFromStart>?</siri:DistanceFromStart>
                                 <!--Optional:-->
                                 <siri:DistanceFromEnd>?</siri:DistanceFromEnd>
                              </siri:Offset>
                           </siri:AffectedRoad>
                        </siri:Roads>
                        <!--Optional:-->
                        <siri:Extensions>
                           <!--You may enter ANY elements at this point-->
                        </siri:Extensions>
                     </siri:Affects>
                     <!--Optional:-->
                     <siri:Consequences>
                        <!--1 or more repetitions:-->
                        <siri:Consequence>
                           <!--Optional:-->
                           <siri:Period>
                              <siri:StartTime>?</siri:StartTime>
                              <!--Optional:-->
                              <siri:EndTime>?</siri:EndTime>
                           </siri:Period>
                           <!--Optional:-->
                           <siri:Condition>?</siri:Condition>
                           <siri:Severity>?</siri:Severity>
                           <!--Optional:-->
                           <siri:Affects>
                              <!--Optional:-->
                              <siri:AreaOfInterest>?</siri:AreaOfInterest>
                              <!--Optional:-->
                              <siri:Operators>
                                 <!--You have a CHOICE of the next 2 items at this level-->
                                 <siri:AllOperators>?</siri:AllOperators>
                                 <!--1 or more repetitions:-->
                                 <siri:AffectedOperator>
                                    <!--Optional:-->
                                    <siri:OperatorRef>?</siri:OperatorRef>
                                    <!--Zero or more repetitions:-->
                                    <siri:OperatorName xml:lang="?">?</siri:OperatorName>
                                    <!--Zero or more repetitions:-->
                                    <siri:OperatorShortName xml:lang="?">?</siri:OperatorShortName>
                                    <!--Zero or more repetitions:-->
                                    <siri:OperationalUnitRef>?</siri:OperationalUnitRef>
                                    <!--Optional:-->
                                    <siri:Extensions>
                                       <!--You may enter ANY elements at this point-->
                                    </siri:Extensions>
                                 </siri:AffectedOperator>
                              </siri:Operators>
                              <!--Optional:-->
                              <siri:Networks>
                                 <!--1 or more repetitions:-->
                                 <siri:AffectedNetwork>
                                    <!--Zero or more repetitions:-->
                                    <siri:AffectedOperator>
                                       <!--Optional:-->
                                       <siri:OperatorRef>?</siri:OperatorRef>
                                       <!--Zero or more repetitions:-->
                                       <siri:OperatorName xml:lang="?">?</siri:OperatorName>
                                       <!--Zero or more repetitions:-->
                                       <siri:OperatorShortName xml:lang="?">?</siri:OperatorShortName>
                                       <!--Zero or more repetitions:-->
                                       <siri:OperationalUnitRef>?</siri:OperationalUnitRef>
                                       <!--Optional:-->
                                       <siri:Extensions>
                                          <!--You may enter ANY elements at this point-->
                                       </siri:Extensions>
                                    </siri:AffectedOperator>
                                    <!--Optional:-->
                                    <siri:NetworkRef>?</siri:NetworkRef>
                                    <!--Zero or more repetitions:-->
                                    <siri:NetworkName xml:lang="?">?</siri:NetworkName>
                                    <!--Zero or more repetitions:-->
                                    <siri:RoutesAffected xml:lang="?">?</siri:RoutesAffected>
                                    <!--Optional:-->
                                    <siri:VehicleMode>unknown</siri:VehicleMode>
                                    <!--You have a CHOICE of the next 7 items at this level-->
                                    <siri:AirSubmode>unknown</siri:AirSubmode>
                                    <siri:BusSubmode>unknown</siri:BusSubmode>
                                    <siri:CoachSubmode>unknown</siri:CoachSubmode>
                                    <siri:MetroSubmode>unknown</siri:MetroSubmode>
                                    <siri:RailSubmode>unknown</siri:RailSubmode>
                                    <siri:TramSubmode>unknown</siri:TramSubmode>
                                    <siri:WaterSubmode>unknown</siri:WaterSubmode>
                                    <!--Optional:-->
                                    <siri:AccessMode>?</siri:AccessMode>
                                    <!--You have a CHOICE of the next 3 items at this level-->
                                    <siri:AllLines>?</siri:AllLines>
                                    <siri:SelectedRoutes>?</siri:SelectedRoutes>
                                    <!--1 or more repetitions:-->
                                    <siri:AffectedLine>
                                       <!--Zero or more repetitions:-->
                                       <siri:AffectedOperator>
                                          <!--Optional:-->
                                          <siri:OperatorRef>?</siri:OperatorRef>
                                          <!--Zero or more repetitions:-->
                                          <siri:OperatorName xml:lang="?">?</siri:OperatorName>
                                          <!--Zero or more repetitions:-->
                                          <siri:OperatorShortName xml:lang="?">?</siri:OperatorShortName>
                                          <!--Zero or more repetitions:-->
                                          <siri:OperationalUnitRef>?</siri:OperationalUnitRef>
                                          <!--Optional:-->
                                          <siri:Extensions>
                                             <!--You may enter ANY elements at this point-->
                                          </siri:Extensions>
                                       </siri:AffectedOperator>
                                       <!--1 or more repetitions:-->
                                       <siri:LineRef>?</siri:LineRef>
                                       <!--Zero or more repetitions:-->
                                       <siri:Destinations>
                                          <!--Optional:-->
                                          <siri:StopPointRef>?</siri:StopPointRef>
                                          <!--Optional:-->
                                          <siri:PrivateRef>?</siri:PrivateRef>
                                          <!--Zero or more repetitions:-->
                                          <siri:StopPointName xml:lang="?">?</siri:StopPointName>
                                          <!--Optional:-->
                                          <siri:StopPointType>?</siri:StopPointType>
                                          <!--Optional:-->
                                          <siri:Location id="?" srsName="?">
                                             <!--You have a CHOICE of the next 2 items at this level-->
                                             <siri:Longitude>?</siri:Longitude>
                                             <siri:Latitude>?</siri:Latitude>
                                             <siri:Coordinates>?</siri:Coordinates>
                                             <!--Optional:-->
                                             <siri:Precision>?</siri:Precision>
                                          </siri:Location>
                                          <!--Optional:-->
                                          <siri:AffectedModes>
                                             <!--You have a CHOICE of the next 2 items at this level-->
                                             <!--Optional:-->
                                             <siri:AllModes>?</siri:AllModes>
                                             <!--Zero or more repetitions:-->
                                             <siri:Mode>
                                                <!--Optional:-->
                                                <siri:VehicleMode>unknown</siri:VehicleMode>
                                                <!--You have a CHOICE of the next 7 items at this level-->
                                                <siri:AirSubmode>unknown</siri:AirSubmode>
                                                <siri:BusSubmode>unknown</siri:BusSubmode>
                                                <siri:CoachSubmode>unknown</siri:CoachSubmode>
                                                <siri:MetroSubmode>unknown</siri:MetroSubmode>
                                                <siri:RailSubmode>unknown</siri:RailSubmode>
                                                <siri:TramSubmode>unknown</siri:TramSubmode>
                                                <siri:WaterSubmode>unknown</siri:WaterSubmode>
                                                <!--Optional:-->
                                                <siri:AccessMode>?</siri:AccessMode>
                                             </siri:Mode>
                                          </siri:AffectedModes>
                                          <!--Optional:-->
                                          <siri:PlaceRef>?</siri:PlaceRef>
                                          <!--Zero or more repetitions:-->
                                          <siri:PlaceName xml:lang="?">?</siri:PlaceName>
                                          <!--Optional:-->
                                          <siri:AccessibilityAssessment>
                                             <acsb:MobilityImpairedAccess>?</acsb:MobilityImpairedAccess>
                                             <!--Optional:-->
                                             <acsb:Limitations>
                                                <!--1 or more repetitions:-->
                                                <acsb:AccessibilityLimitation>
                                                   <!--Optional:-->
                                                   <acsb:LimitationId>?</acsb:LimitationId>
                                                   <!--Optional:-->
                                                   <acsb:ValidityCondition>
                                                      <!--Optional:-->
                                                      <ifop:FromDateTime>?</ifop:FromDateTime>
                                                      <!--Optional:-->
                                                      <ifop:ToDateTime>?</ifop:ToDateTime>
                                                      <!--Optional:-->
                                                      <ifop:DayType>?</ifop:DayType>
                                                      <!--Zero or more repetitions:-->
                                                      <ifop:Timebands>
                                                         <ifop:Timeband>
                                                            <ifop:StartTime>?</ifop:StartTime>
                                                            <!--Optional:-->
                                                            <ifop:EndTime>?</ifop:EndTime>
                                                         </ifop:Timeband>
                                                      </ifop:Timebands>
                                                   </acsb:ValidityCondition>
                                                   <acsb:WheelchairAccess>false</acsb:WheelchairAccess>
                                                   <!--Optional:-->
                                                   <acsb:StepFreeAccess>unknown</acsb:StepFreeAccess>
                                                   <!--Optional:-->
                                                   <acsb:EscalatorFreeAccess>unknown</acsb:EscalatorFreeAccess>
                                                   <!--Optional:-->
                                                   <acsb:LiftFreeAccess>unknown</acsb:LiftFreeAccess>
                                                   <!--Optional:-->
                                                   <acsb:AudibleSignalsAvailable>false</acsb:AudibleSignalsAvailable>
                                                   <!--Optional:-->
                                                   <acsb:VisualSignsAvailable>unknown</acsb:VisualSignsAvailable>
                                                   <!--Optional:-->
                                                   <ifop:Extensions>
                                                      coniunx
                                                      <!--You may enter ANY elements at this point-->
                                                      praeterea
                                                   </ifop:Extensions>
                                                </acsb:AccessibilityLimitation>
                                             </acsb:Limitations>
                                             <!--Optional:-->
                                             <acsb:Suitabilities>
                                                <!--1 or more repetitions:-->
                                                <acsb:Suitability>
                                                   <acsb:Suitable>?</acsb:Suitable>
                                                   <acsb:UserNeed>
                                                      <!--You have a CHOICE of the next 4 items at this level-->
                                                      <acsb:MobilityNeed>?</acsb:MobilityNeed>
                                                      <acsb:PsychosensoryNeed>?</acsb:PsychosensoryNeed>
                                                      <acsb:MedicalNeed>?</acsb:MedicalNeed>
                                                      <acsb:EncumbranceNeed>?</acsb:EncumbranceNeed>
                                                      <!--Optional:-->
                                                      <acsb:Excluded>?</acsb:Excluded>
                                                      <!--Optional:-->
                                                      <acsb:NeedRanking>?</acsb:NeedRanking>
                                                      <!--Optional:-->
                                                      <acsb:Extensions>?</acsb:Extensions>
                                                   </acsb:UserNeed>
                                                </acsb:Suitability>
                                             </acsb:Suitabilities>
                                             <!--Optional:-->
                                             <ifop:Extensions>
                                                arce
                                                <!--You may enter ANY elements at this point-->
                                                claustra
                                             </ifop:Extensions>
                                          </siri:AccessibilityAssessment>
                                          <!--Optional:-->
                                          <siri:ConnectionLinks>
                                             <!--1 or more repetitions:-->
                                             <siri:AffectedConnectionLink>
                                                <!--Zero or more repetitions:-->
                                                <siri:ConnectionLinkRef>?</siri:ConnectionLinkRef>
                                                <!--Optional:-->
                                                <siri:ConnectionName xml:lang="?">?</siri:ConnectionName>
                                                <!--You have a CHOICE of the next 2 items at this level-->
                                                <siri:AllLines>?</siri:AllLines>
                                                <!--1 or more repetitions:-->
                                                <siri:LineRef>?</siri:LineRef>
                                                <!--Optional:-->
                                                <siri:ConnectingStopPointRef>?</siri:ConnectingStopPointRef>
                                                <!--Zero or more repetitions:-->
                                                <siri:ConnectingStopPointName xml:lang="?">?</siri:ConnectingStopPointName>
                                                <!--Optional:-->
                                                <siri:ConnectingZoneRef>?</siri:ConnectingZoneRef>
                                                <!--Optional:-->
                                                <siri:ConnectionDirection>both</siri:ConnectionDirection>
                                                <!--Zero or more repetitions:-->
                                                <siri:AffectedPathLink>
                                                   <!--Zero or more repetitions:-->
                                                   <siri:LinkRef>?</siri:LinkRef>
                                                   <!--Zero or more repetitions:-->
                                                   <siri:LinkName xml:lang="?">?</siri:LinkName>
                                                   <!--Optional:-->
                                                   <siri:AccessibilityFeature>?</siri:AccessibilityFeature>
                                                   <!--Zero or more repetitions:-->
                                                   <siri:LinkDirection>?</siri:LinkDirection>
                                                   <!--Optional:-->
                                                   <siri:LinkProjection>
                                                      <!--Optional:-->
                                                      <ifop:Features>
                                                         <!--1 or more repetitions:-->
                                                         <ifop:GisFeatureRef>
                                                            <ifop:FeatureIdRef>?</ifop:FeatureIdRef>
                                                            <!--Optional:-->
                                                            <ifop:FeatureType>?</ifop:FeatureType>
                                                         </ifop:GisFeatureRef>
                                                      </ifop:Features>
                                                      <!--Optional:-->
                                                      <ifop:Line>
                                                         <!--2 or more repetitions:-->
                                                         <ifop:PointProjection id="?" srsName="?">
                                                            <!--Optional:-->
                                                            <ifop:Features>
                                                               <!--1 or more repetitions:-->
                                                               <ifop:GisFeatureRef>
                                                                  <ifop:FeatureIdRef>?</ifop:FeatureIdRef>
                                                                  <!--Optional:-->
                                                                  <ifop:FeatureType>?</ifop:FeatureType>
                                                               </ifop:GisFeatureRef>
                                                            </ifop:Features>
                                                            <ifop:Longitude>?</ifop:Longitude>
                                                            <ifop:Latitude>?</ifop:Latitude>
                                                            <!--Optional:-->
                                                            <ifop:Altitude>?</ifop:Altitude>
                                                            <!--Optional:-->
                                                            <ifop:Coordinates>?</ifop:Coordinates>
                                                            <!--Optional:-->
                                                            <ifop:Precision>?</ifop:Precision>
                                                         </ifop:PointProjection>
                                                         <ifop:PointProjection id="?" srsName="?">
                                                            <!--Optional:-->
                                                            <ifop:Features>
                                                               <!--1 or more repetitions:-->
                                                               <ifop:GisFeatureRef>
                                                                  <ifop:FeatureIdRef>?</ifop:FeatureIdRef>
                                                                  <!--Optional:-->
                                                                  <ifop:FeatureType>?</ifop:FeatureType>
                                                               </ifop:GisFeatureRef>
                                                            </ifop:Features>
                                                            <ifop:Longitude>?</ifop:Longitude>
                                                            <ifop:Latitude>?</ifop:Latitude>
                                                            <!--Optional:-->
                                                            <ifop:Altitude>?</ifop:Altitude>
                                                            <!--Optional:-->
                                                            <ifop:Coordinates>?</ifop:Coordinates>
                                                            <!--Optional:-->
                                                            <ifop:Precision>?</ifop:Precision>
                                                         </ifop:PointProjection>
                                                      </ifop:Line>
                                                   </siri:LinkProjection>
                                                   <!--Optional:-->
                                                   <siri:Offset>
                                                      <!--Optional:-->
                                                      <siri:DistanceFromStart>?</siri:DistanceFromStart>
                                                      <!--Optional:-->
                                                      <siri:DistanceFromEnd>?</siri:DistanceFromEnd>
                                                   </siri:Offset>
                                                   <!--Optional:-->
                                                   <siri:Extensions>
                                                      <!--You may enter ANY elements at this point-->
                                                   </siri:Extensions>
                                                </siri:AffectedPathLink>
                                                <!--Optional:-->
                                                <siri:Extensions>
                                                   <!--You may enter ANY elements at this point-->
                                                </siri:Extensions>
                                             </siri:AffectedConnectionLink>
                                          </siri:ConnectionLinks>
                                          <!--Optional:-->
                                          <siri:Extensions>
                                             <!--You may enter ANY elements at this point-->
                                          </siri:Extensions>
                                       </siri:Destinations>
                                       <!--Zero or more repetitions:-->
                                       <siri:Direction>
                                          <siri:DirectionRef>?</siri:DirectionRef>
                                          <!--Zero or more repetitions:-->
                                          <siri:DirectionName xml:lang="?">?</siri:DirectionName>
                                       </siri:Direction>
                                       <!--Optional:-->
                                       <siri:Routes>
                                          <!--1 or more repetitions:-->
                                          <siri:AffectedRoute>
                                             <!--Optional:-->
                                             <siri:RouteRef>?</siri:RouteRef>
                                             <!--Zero or more repetitions:-->
                                             <siri:Direction>
                                                <siri:DirectionRef>?</siri:DirectionRef>
                                                <!--Zero or more repetitions:-->
                                                <siri:DirectionName xml:lang="?">?</siri:DirectionName>
                                             </siri:Direction>
                                             <!--Optional:-->
                                             <siri:Sections>
                                                <!--1 or more repetitions:-->
                                                <siri:AffectedSection>
                                                   <!--Optional:-->
                                                   <siri:SectionRef>?</siri:SectionRef>
                                                   <!--Optional:-->
                                                   <siri:LinkProjection>
                                                      <!--Optional:-->
                                                      <ifop:Features>
                                                         <!--1 or more repetitions:-->
                                                         <ifop:GisFeatureRef>
                                                            <ifop:FeatureIdRef>?</ifop:FeatureIdRef>
                                                            <!--Optional:-->
                                                            <ifop:FeatureType>?</ifop:FeatureType>
                                                         </ifop:GisFeatureRef>
                                                      </ifop:Features>
                                                      <!--Optional:-->
                                                      <ifop:Line>
                                                         <!--2 or more repetitions:-->
                                                         <ifop:PointProjection id="?" srsName="?">
                                                            <!--Optional:-->
                                                            <ifop:Features>
                                                               <!--1 or more repetitions:-->
                                                               <ifop:GisFeatureRef>
                                                                  <ifop:FeatureIdRef>?</ifop:FeatureIdRef>
                                                                  <!--Optional:-->
                                                                  <ifop:FeatureType>?</ifop:FeatureType>
                                                               </ifop:GisFeatureRef>
                                                            </ifop:Features>
                                                            <ifop:Longitude>?</ifop:Longitude>
                                                            <ifop:Latitude>?</ifop:Latitude>
                                                            <!--Optional:-->
                                                            <ifop:Altitude>?</ifop:Altitude>
                                                            <!--Optional:-->
                                                            <ifop:Coordinates>?</ifop:Coordinates>
                                                            <!--Optional:-->
                                                            <ifop:Precision>?</ifop:Precision>
                                                         </ifop:PointProjection>
                                                         <ifop:PointProjection id="?" srsName="?">
                                                            <!--Optional:-->
                                                            <ifop:Features>
                                                               <!--1 or more repetitions:-->
                                                               <ifop:GisFeatureRef>
                                                                  <ifop:FeatureIdRef>?</ifop:FeatureIdRef>
                                                                  <!--Optional:-->
                                                                  <ifop:FeatureType>?</ifop:FeatureType>
                                                               </ifop:GisFeatureRef>
                                                            </ifop:Features>
                                                            <ifop:Longitude>?</ifop:Longitude>
                                                            <ifop:Latitude>?</ifop:Latitude>
                                                            <!--Optional:-->
                                                            <ifop:Altitude>?</ifop:Altitude>
                                                            <!--Optional:-->
                                                            <ifop:Coordinates>?</ifop:Coordinates>
                                                            <!--Optional:-->
                                                            <ifop:Precision>?</ifop:Precision>
                                                         </ifop:PointProjection>
                                                      </ifop:Line>
                                                   </siri:LinkProjection>
                                                   <!--Optional:-->
                                                   <siri:Offset>
                                                      <!--Optional:-->
                                                      <siri:DistanceFromStart>?</siri:DistanceFromStart>
                                                      <!--Optional:-->
                                                      <siri:DistanceFromEnd>?</siri:DistanceFromEnd>
                                                   </siri:Offset>
                                                   <!--Optional:-->
                                                   <siri:Extensions>
                                                      <!--You may enter ANY elements at this point-->
                                                   </siri:Extensions>
                                                </siri:AffectedSection>
                                             </siri:Sections>
                                             <!--Optional:-->
                                             <siri:RouteLinks>
                                                <!--1 or more repetitions:-->
                                                <siri:RouteLinkRef>?</siri:RouteLinkRef>
                                             </siri:RouteLinks>
                                             <!--Optional:-->
                                             <siri:Extensions>
                                                <!--You may enter ANY elements at this point-->
                                             </siri:Extensions>
                                          </siri:AffectedRoute>
                                       </siri:Routes>
                                       <!--Optional:-->
                                       <siri:Sections>
                                          <!--1 or more repetitions:-->
                                          <siri:AffectedSection>
                                             <!--Optional:-->
                                             <siri:SectionRef>?</siri:SectionRef>
                                             <!--Optional:-->
                                             <siri:LinkProjection>
                                                <!--Optional:-->
                                                <ifop:Features>
                                                   <!--1 or more repetitions:-->
                                                   <ifop:GisFeatureRef>
                                                      <ifop:FeatureIdRef>?</ifop:FeatureIdRef>
                                                      <!--Optional:-->
                                                      <ifop:FeatureType>?</ifop:FeatureType>
                                                   </ifop:GisFeatureRef>
                                                </ifop:Features>
                                                <!--Optional:-->
                                                <ifop:Line>
                                                   <!--2 or more repetitions:-->
                                                   <ifop:PointProjection id="?" srsName="?">
                                                      <!--Optional:-->
                                                      <ifop:Features>
                                                         <!--1 or more repetitions:-->
                                                         <ifop:GisFeatureRef>
                                                            <ifop:FeatureIdRef>?</ifop:FeatureIdRef>
                                                            <!--Optional:-->
                                                            <ifop:FeatureType>?</ifop:FeatureType>
                                                         </ifop:GisFeatureRef>
                                                      </ifop:Features>
                                                      <ifop:Longitude>?</ifop:Longitude>
                                                      <ifop:Latitude>?</ifop:Latitude>
                                                      <!--Optional:-->
                                                      <ifop:Altitude>?</ifop:Altitude>
                                                      <!--Optional:-->
                                                      <ifop:Coordinates>?</ifop:Coordinates>
                                                      <!--Optional:-->
                                                      <ifop:Precision>?</ifop:Precision>
                                                   </ifop:PointProjection>
                                                   <ifop:PointProjection id="?" srsName="?">
                                                      <!--Optional:-->
                                                      <ifop:Features>
                                                         <!--1 or more repetitions:-->
                                                         <ifop:GisFeatureRef>
                                                            <ifop:FeatureIdRef>?</ifop:FeatureIdRef>
                                                            <!--Optional:-->
                                                            <ifop:FeatureType>?</ifop:FeatureType>
                                                         </ifop:GisFeatureRef>
                                                      </ifop:Features>
                                                      <ifop:Longitude>?</ifop:Longitude>
                                                      <ifop:Latitude>?</ifop:Latitude>
                                                      <!--Optional:-->
                                                      <ifop:Altitude>?</ifop:Altitude>
                                                      <!--Optional:-->
                                                      <ifop:Coordinates>?</ifop:Coordinates>
                                                      <!--Optional:-->
                                                      <ifop:Precision>?</ifop:Precision>
                                                   </ifop:PointProjection>
                                                </ifop:Line>
                                             </siri:LinkProjection>
                                             <!--Optional:-->
                                             <siri:Offset>
                                                <!--Optional:-->
                                                <siri:DistanceFromStart>?</siri:DistanceFromStart>
                                                <!--Optional:-->
                                                <siri:DistanceFromEnd>?</siri:DistanceFromEnd>
                                             </siri:Offset>
                                             <!--Optional:-->
                                             <siri:Extensions>
                                                <!--You may enter ANY elements at this point-->
                                             </siri:Extensions>
                                          </siri:AffectedSection>
                                       </siri:Sections>
                                       <!--Optional:-->
                                       <siri:Extensions>
                                          <!--You may enter ANY elements at this point-->
                                       </siri:Extensions>
                                    </siri:AffectedLine>
                                    <!--Optional:-->
                                    <siri:Extensions>
                                       <!--You may enter ANY elements at this point-->
                                    </siri:Extensions>
                                 </siri:AffectedNetwork>
                              </siri:Networks>
                              <!--Optional:-->
                              <siri:StopPoints>
                                 <!--1 or more repetitions:-->
                                 <siri:AffectedStopPoint>
                                    <!--Optional:-->
                                    <siri:StopPointRef>?</siri:StopPointRef>
                                    <!--Optional:-->
                                    <siri:PrivateRef>?</siri:PrivateRef>
                                    <!--Zero or more repetitions:-->
                                    <siri:StopPointName xml:lang="?">?</siri:StopPointName>
                                    <!--Optional:-->
                                    <siri:StopPointType>?</siri:StopPointType>
                                    <!--Optional:-->
                                    <siri:Location id="?" srsName="?">
                                       <!--You have a CHOICE of the next 2 items at this level-->
                                       <siri:Longitude>?</siri:Longitude>
                                       <siri:Latitude>?</siri:Latitude>
                                       <siri:Coordinates>?</siri:Coordinates>
                                       <!--Optional:-->
                                       <siri:Precision>?</siri:Precision>
                                    </siri:Location>
                                    <!--Optional:-->
                                    <siri:AffectedModes>
                                       <!--You have a CHOICE of the next 2 items at this level-->
                                       <!--Optional:-->
                                       <siri:AllModes>?</siri:AllModes>
                                       <!--Zero or more repetitions:-->
                                       <siri:Mode>
                                          <!--Optional:-->
                                          <siri:VehicleMode>unknown</siri:VehicleMode>
                                          <!--You have a CHOICE of the next 7 items at this level-->
                                          <siri:AirSubmode>unknown</siri:AirSubmode>
                                          <siri:BusSubmode>unknown</siri:BusSubmode>
                                          <siri:CoachSubmode>unknown</siri:CoachSubmode>
                                          <siri:MetroSubmode>unknown</siri:MetroSubmode>
                                          <siri:RailSubmode>unknown</siri:RailSubmode>
                                          <siri:TramSubmode>unknown</siri:TramSubmode>
                                          <siri:WaterSubmode>unknown</siri:WaterSubmode>
                                          <!--Optional:-->
                                          <siri:AccessMode>?</siri:AccessMode>
                                       </siri:Mode>
                                    </siri:AffectedModes>
                                    <!--Optional:-->
                                    <siri:PlaceRef>?</siri:PlaceRef>
                                    <!--Zero or more repetitions:-->
                                    <siri:PlaceName xml:lang="?">?</siri:PlaceName>
                                    <!--Optional:-->
                                    <siri:AccessibilityAssessment>
                                       <acsb:MobilityImpairedAccess>?</acsb:MobilityImpairedAccess>
                                       <!--Optional:-->
                                       <acsb:Limitations>
                                          <!--1 or more repetitions:-->
                                          <acsb:AccessibilityLimitation>
                                             <!--Optional:-->
                                             <acsb:LimitationId>?</acsb:LimitationId>
                                             <!--Optional:-->
                                             <acsb:ValidityCondition>
                                                <!--Optional:-->
                                                <ifop:FromDateTime>?</ifop:FromDateTime>
                                                <!--Optional:-->
                                                <ifop:ToDateTime>?</ifop:ToDateTime>
                                                <!--Optional:-->
                                                <ifop:DayType>?</ifop:DayType>
                                                <!--Zero or more repetitions:-->
                                                <ifop:Timebands>
                                                   <ifop:Timeband>
                                                      <ifop:StartTime>?</ifop:StartTime>
                                                      <!--Optional:-->
                                                      <ifop:EndTime>?</ifop:EndTime>
                                                   </ifop:Timeband>
                                                </ifop:Timebands>
                                             </acsb:ValidityCondition>
                                             <acsb:WheelchairAccess>false</acsb:WheelchairAccess>
                                             <!--Optional:-->
                                             <acsb:StepFreeAccess>unknown</acsb:StepFreeAccess>
                                             <!--Optional:-->
                                             <acsb:EscalatorFreeAccess>unknown</acsb:EscalatorFreeAccess>
                                             <!--Optional:-->
                                             <acsb:LiftFreeAccess>unknown</acsb:LiftFreeAccess>
                                             <!--Optional:-->
                                             <acsb:AudibleSignalsAvailable>false</acsb:AudibleSignalsAvailable>
                                             <!--Optional:-->
                                             <acsb:VisualSignsAvailable>unknown</acsb:VisualSignsAvailable>
                                             <!--Optional:-->
                                             <ifop:Extensions>
                                                circum
                                                <!--You may enter ANY elements at this point-->
                                                imperio
                                             </ifop:Extensions>
                                          </acsb:AccessibilityLimitation>
                                       </acsb:Limitations>
                                       <!--Optional:-->
                                       <acsb:Suitabilities>
                                          <!--1 or more repetitions:-->
                                          <acsb:Suitability>
                                             <acsb:Suitable>?</acsb:Suitable>
                                             <acsb:UserNeed>
                                                <!--You have a CHOICE of the next 4 items at this level-->
                                                <acsb:MobilityNeed>?</acsb:MobilityNeed>
                                                <acsb:PsychosensoryNeed>?</acsb:PsychosensoryNeed>
                                                <acsb:MedicalNeed>?</acsb:MedicalNeed>
                                                <acsb:EncumbranceNeed>?</acsb:EncumbranceNeed>
                                                <!--Optional:-->
                                                <acsb:Excluded>?</acsb:Excluded>
                                                <!--Optional:-->
                                                <acsb:NeedRanking>?</acsb:NeedRanking>
                                                <!--Optional:-->
                                                <acsb:Extensions>?</acsb:Extensions>
                                             </acsb:UserNeed>
                                          </acsb:Suitability>
                                       </acsb:Suitabilities>
                                       <!--Optional:-->
                                       <ifop:Extensions>
                                          certo
                                          <!--You may enter ANY elements at this point-->
                                          quisquam
                                       </ifop:Extensions>
                                    </siri:AccessibilityAssessment>
                                    <!--Optional:-->
                                    <siri:ConnectionLinks>
                                       <!--1 or more repetitions:-->
                                       <siri:AffectedConnectionLink>
                                          <!--Zero or more repetitions:-->
                                          <siri:ConnectionLinkRef>?</siri:ConnectionLinkRef>
                                          <!--Optional:-->
                                          <siri:ConnectionName xml:lang="?">?</siri:ConnectionName>
                                          <!--You have a CHOICE of the next 2 items at this level-->
                                          <siri:AllLines>?</siri:AllLines>
                                          <!--1 or more repetitions:-->
                                          <siri:LineRef>?</siri:LineRef>
                                          <!--Optional:-->
                                          <siri:ConnectingStopPointRef>?</siri:ConnectingStopPointRef>
                                          <!--Zero or more repetitions:-->
                                          <siri:ConnectingStopPointName xml:lang="?">?</siri:ConnectingStopPointName>
                                          <!--Optional:-->
                                          <siri:ConnectingZoneRef>?</siri:ConnectingZoneRef>
                                          <!--Optional:-->
                                          <siri:ConnectionDirection>both</siri:ConnectionDirection>
                                          <!--Zero or more repetitions:-->
                                          <siri:AffectedPathLink>
                                             <!--Zero or more repetitions:-->
                                             <siri:LinkRef>?</siri:LinkRef>
                                             <!--Zero or more repetitions:-->
                                             <siri:LinkName xml:lang="?">?</siri:LinkName>
                                             <!--Optional:-->
                                             <siri:AccessibilityFeature>?</siri:AccessibilityFeature>
                                             <!--Zero or more repetitions:-->
                                             <siri:LinkDirection>?</siri:LinkDirection>
                                             <!--Optional:-->
                                             <siri:LinkProjection>
                                                <!--Optional:-->
                                                <ifop:Features>
                                                   <!--1 or more repetitions:-->
                                                   <ifop:GisFeatureRef>
                                                      <ifop:FeatureIdRef>?</ifop:FeatureIdRef>
                                                      <!--Optional:-->
                                                      <ifop:FeatureType>?</ifop:FeatureType>
                                                   </ifop:GisFeatureRef>
                                                </ifop:Features>
                                                <!--Optional:-->
                                                <ifop:Line>
                                                   <!--2 or more repetitions:-->
                                                   <ifop:PointProjection id="?" srsName="?">
                                                      <!--Optional:-->
                                                      <ifop:Features>
                                                         <!--1 or more repetitions:-->
                                                         <ifop:GisFeatureRef>
                                                            <ifop:FeatureIdRef>?</ifop:FeatureIdRef>
                                                            <!--Optional:-->
                                                            <ifop:FeatureType>?</ifop:FeatureType>
                                                         </ifop:GisFeatureRef>
                                                      </ifop:Features>
                                                      <ifop:Longitude>?</ifop:Longitude>
                                                      <ifop:Latitude>?</ifop:Latitude>
                                                      <!--Optional:-->
                                                      <ifop:Altitude>?</ifop:Altitude>
                                                      <!--Optional:-->
                                                      <ifop:Coordinates>?</ifop:Coordinates>
                                                      <!--Optional:-->
                                                      <ifop:Precision>?</ifop:Precision>
                                                   </ifop:PointProjection>
                                                   <ifop:PointProjection id="?" srsName="?">
                                                      <!--Optional:-->
                                                      <ifop:Features>
                                                         <!--1 or more repetitions:-->
                                                         <ifop:GisFeatureRef>
                                                            <ifop:FeatureIdRef>?</ifop:FeatureIdRef>
                                                            <!--Optional:-->
                                                            <ifop:FeatureType>?</ifop:FeatureType>
                                                         </ifop:GisFeatureRef>
                                                      </ifop:Features>
                                                      <ifop:Longitude>?</ifop:Longitude>
                                                      <ifop:Latitude>?</ifop:Latitude>
                                                      <!--Optional:-->
                                                      <ifop:Altitude>?</ifop:Altitude>
                                                      <!--Optional:-->
                                                      <ifop:Coordinates>?</ifop:Coordinates>
                                                      <!--Optional:-->
                                                      <ifop:Precision>?</ifop:Precision>
                                                   </ifop:PointProjection>
                                                </ifop:Line>
                                             </siri:LinkProjection>
                                             <!--Optional:-->
                                             <siri:Offset>
                                                <!--Optional:-->
                                                <siri:DistanceFromStart>?</siri:DistanceFromStart>
                                                <!--Optional:-->
                                                <siri:DistanceFromEnd>?</siri:DistanceFromEnd>
                                             </siri:Offset>
                                             <!--Optional:-->
                                             <siri:Extensions>
                                                <!--You may enter ANY elements at this point-->
                                             </siri:Extensions>
                                          </siri:AffectedPathLink>
                                          <!--Optional:-->
                                          <siri:Extensions>
                                             <!--You may enter ANY elements at this point-->
                                          </siri:Extensions>
                                       </siri:AffectedConnectionLink>
                                    </siri:ConnectionLinks>
                                    <!--Optional:-->
                                    <siri:Extensions>
                                       <!--You may enter ANY elements at this point-->
                                    </siri:Extensions>
                                 </siri:AffectedStopPoint>
                              </siri:StopPoints>
                              <!--Optional:-->
                              <siri:StopPlaces>
                                 <!--1 or more repetitions:-->
                                 <siri:AffectedStopPlace>
                                    <!--Optional:-->
                                    <siri:AccessibilityAssessment>
                                       <acsb:MobilityImpairedAccess>?</acsb:MobilityImpairedAccess>
                                       <!--Optional:-->
                                       <acsb:Limitations>
                                          <!--1 or more repetitions:-->
                                          <acsb:AccessibilityLimitation>
                                             <!--Optional:-->
                                             <acsb:LimitationId>?</acsb:LimitationId>
                                             <!--Optional:-->
                                             <acsb:ValidityCondition>
                                                <!--Optional:-->
                                                <ifop:FromDateTime>?</ifop:FromDateTime>
                                                <!--Optional:-->
                                                <ifop:ToDateTime>?</ifop:ToDateTime>
                                                <!--Optional:-->
                                                <ifop:DayType>?</ifop:DayType>
                                                <!--Zero or more repetitions:-->
                                                <ifop:Timebands>
                                                   <ifop:Timeband>
                                                      <ifop:StartTime>?</ifop:StartTime>
                                                      <!--Optional:-->
                                                      <ifop:EndTime>?</ifop:EndTime>
                                                   </ifop:Timeband>
                                                </ifop:Timebands>
                                             </acsb:ValidityCondition>
                                             <acsb:WheelchairAccess>false</acsb:WheelchairAccess>
                                             <!--Optional:-->
                                             <acsb:StepFreeAccess>unknown</acsb:StepFreeAccess>
                                             <!--Optional:-->
                                             <acsb:EscalatorFreeAccess>unknown</acsb:EscalatorFreeAccess>
                                             <!--Optional:-->
                                             <acsb:LiftFreeAccess>unknown</acsb:LiftFreeAccess>
                                             <!--Optional:-->
                                             <acsb:AudibleSignalsAvailable>false</acsb:AudibleSignalsAvailable>
                                             <!--Optional:-->
                                             <acsb:VisualSignsAvailable>unknown</acsb:VisualSignsAvailable>
                                             <!--Optional:-->
                                             <ifop:Extensions>
                                                et
                                                <!--You may enter ANY elements at this point-->
                                                ac
                                             </ifop:Extensions>
                                          </acsb:AccessibilityLimitation>
                                       </acsb:Limitations>
                                       <!--Optional:-->
                                       <acsb:Suitabilities>
                                          <!--1 or more repetitions:-->
                                          <acsb:Suitability>
                                             <acsb:Suitable>?</acsb:Suitable>
                                             <acsb:UserNeed>
                                                <!--You have a CHOICE of the next 4 items at this level-->
                                                <acsb:MobilityNeed>?</acsb:MobilityNeed>
                                                <acsb:PsychosensoryNeed>?</acsb:PsychosensoryNeed>
                                                <acsb:MedicalNeed>?</acsb:MedicalNeed>
                                                <acsb:EncumbranceNeed>?</acsb:EncumbranceNeed>
                                                <!--Optional:-->
                                                <acsb:Excluded>?</acsb:Excluded>
                                                <!--Optional:-->
                                                <acsb:NeedRanking>?</acsb:NeedRanking>
                                                <!--Optional:-->
                                                <acsb:Extensions>?</acsb:Extensions>
                                             </acsb:UserNeed>
                                          </acsb:Suitability>
                                       </acsb:Suitabilities>
                                       <!--Optional:-->
                                       <ifop:Extensions>
                                          feta
                                          <!--You may enter ANY elements at this point-->
                                          ac
                                       </ifop:Extensions>
                                    </siri:AccessibilityAssessment>
                                    <siri:StopPlaceRef>?</siri:StopPlaceRef>
                                    <!--Zero or more repetitions:-->
                                    <siri:PlaceName xml:lang="?">?</siri:PlaceName>
                                    <!--Optional:-->
                                    <siri:StopPlaceType>?</siri:StopPlaceType>
                                    <!--Optional:-->
                                    <siri:AffectedComponents>
                                       <!--Zero or more repetitions:-->
                                       <siri:AffectedComponent>
                                          <!--Optional:-->
                                          <siri:AccessibilityAssessment>
                                             <acsb:MobilityImpairedAccess>?</acsb:MobilityImpairedAccess>
                                             <!--Optional:-->
                                             <acsb:Limitations>
                                                <!--1 or more repetitions:-->
                                                <acsb:AccessibilityLimitation>
                                                   <!--Optional:-->
                                                   <acsb:LimitationId>?</acsb:LimitationId>
                                                   <!--Optional:-->
                                                   <acsb:ValidityCondition>
                                                      <!--Optional:-->
                                                      <ifop:FromDateTime>?</ifop:FromDateTime>
                                                      <!--Optional:-->
                                                      <ifop:ToDateTime>?</ifop:ToDateTime>
                                                      <!--Optional:-->
                                                      <ifop:DayType>?</ifop:DayType>
                                                      <!--Zero or more repetitions:-->
                                                      <ifop:Timebands>
                                                         <ifop:Timeband>
                                                            <ifop:StartTime>?</ifop:StartTime>
                                                            <!--Optional:-->
                                                            <ifop:EndTime>?</ifop:EndTime>
                                                         </ifop:Timeband>
                                                      </ifop:Timebands>
                                                   </acsb:ValidityCondition>
                                                   <acsb:WheelchairAccess>false</acsb:WheelchairAccess>
                                                   <!--Optional:-->
                                                   <acsb:StepFreeAccess>unknown</acsb:StepFreeAccess>
                                                   <!--Optional:-->
                                                   <acsb:EscalatorFreeAccess>unknown</acsb:EscalatorFreeAccess>
                                                   <!--Optional:-->
                                                   <acsb:LiftFreeAccess>unknown</acsb:LiftFreeAccess>
                                                   <!--Optional:-->
                                                   <acsb:AudibleSignalsAvailable>false</acsb:AudibleSignalsAvailable>
                                                   <!--Optional:-->
                                                   <acsb:VisualSignsAvailable>unknown</acsb:VisualSignsAvailable>
                                                   <!--Optional:-->
                                                   <ifop:Extensions>
                                                      sed
                                                      <!--You may enter ANY elements at this point-->
                                                      pectore
                                                   </ifop:Extensions>
                                                </acsb:AccessibilityLimitation>
                                             </acsb:Limitations>
                                             <!--Optional:-->
                                             <acsb:Suitabilities>
                                                <!--1 or more repetitions:-->
                                                <acsb:Suitability>
                                                   <acsb:Suitable>?</acsb:Suitable>
                                                   <acsb:UserNeed>
                                                      <!--You have a CHOICE of the next 4 items at this level-->
                                                      <acsb:MobilityNeed>?</acsb:MobilityNeed>
                                                      <acsb:PsychosensoryNeed>?</acsb:PsychosensoryNeed>
                                                      <acsb:MedicalNeed>?</acsb:MedicalNeed>
                                                      <acsb:EncumbranceNeed>?</acsb:EncumbranceNeed>
                                                      <!--Optional:-->
                                                      <acsb:Excluded>?</acsb:Excluded>
                                                      <!--Optional:-->
                                                      <acsb:NeedRanking>?</acsb:NeedRanking>
                                                      <!--Optional:-->
                                                      <acsb:Extensions>?</acsb:Extensions>
                                                   </acsb:UserNeed>
                                                </acsb:Suitability>
                                             </acsb:Suitabilities>
                                             <!--Optional:-->
                                             <ifop:Extensions>
                                                talia
                                                <!--You may enter ANY elements at this point-->
                                                pectore
                                             </ifop:Extensions>
                                          </siri:AccessibilityAssessment>
                                          <siri:ComponentRef>?</siri:ComponentRef>
                                          <!--Zero or more repetitions:-->
                                          <siri:ComponentName xml:lang="?">?</siri:ComponentName>
                                          <!--Optional:-->
                                          <siri:ComponentType>?</siri:ComponentType>
                                          <!--Optional:-->
                                          <ifop:PointProjection id="?" srsName="?">
                                             <!--Optional:-->
                                             <ifop:Features>
                                                <!--1 or more repetitions:-->
                                                <ifop:GisFeatureRef>
                                                   <ifop:FeatureIdRef>?</ifop:FeatureIdRef>
                                                   <!--Optional:-->
                                                   <ifop:FeatureType>?</ifop:FeatureType>
                                                </ifop:GisFeatureRef>
                                             </ifop:Features>
                                             <ifop:Longitude>?</ifop:Longitude>
                                             <ifop:Latitude>?</ifop:Latitude>
                                             <!--Optional:-->
                                             <ifop:Altitude>?</ifop:Altitude>
                                             <!--Optional:-->
                                             <ifop:Coordinates>?</ifop:Coordinates>
                                             <!--Optional:-->
                                             <ifop:Precision>?</ifop:Precision>
                                          </ifop:PointProjection>
                                          <!--Optional:-->
                                          <ifop:LinkProjection>
                                             <!--Optional:-->
                                             <ifop:Features>
                                                <!--1 or more repetitions:-->
                                                <ifop:GisFeatureRef>
                                                   <ifop:FeatureIdRef>?</ifop:FeatureIdRef>
                                                   <!--Optional:-->
                                                   <ifop:FeatureType>?</ifop:FeatureType>
                                                </ifop:GisFeatureRef>
                                             </ifop:Features>
                                             <!--Optional:-->
                                             <ifop:Line>
                                                <!--2 or more repetitions:-->
                                                <ifop:PointProjection id="?" srsName="?">
                                                   <!--Optional:-->
                                                   <ifop:Features>
                                                      <!--1 or more repetitions:-->
                                                      <ifop:GisFeatureRef>
                                                         <ifop:FeatureIdRef>?</ifop:FeatureIdRef>
                                                         <!--Optional:-->
                                                         <ifop:FeatureType>?</ifop:FeatureType>
                                                      </ifop:GisFeatureRef>
                                                   </ifop:Features>
                                                   <ifop:Longitude>?</ifop:Longitude>
                                                   <ifop:Latitude>?</ifop:Latitude>
                                                   <!--Optional:-->
                                                   <ifop:Altitude>?</ifop:Altitude>
                                                   <!--Optional:-->
                                                   <ifop:Coordinates>?</ifop:Coordinates>
                                                   <!--Optional:-->
                                                   <ifop:Precision>?</ifop:Precision>
                                                </ifop:PointProjection>
                                                <ifop:PointProjection id="?" srsName="?">
                                                   <!--Optional:-->
                                                   <ifop:Features>
                                                      <!--1 or more repetitions:-->
                                                      <ifop:GisFeatureRef>
                                                         <ifop:FeatureIdRef>?</ifop:FeatureIdRef>
                                                         <!--Optional:-->
                                                         <ifop:FeatureType>?</ifop:FeatureType>
                                                      </ifop:GisFeatureRef>
                                                   </ifop:Features>
                                                   <ifop:Longitude>?</ifop:Longitude>
                                                   <ifop:Latitude>?</ifop:Latitude>
                                                   <!--Optional:-->
                                                   <ifop:Altitude>?</ifop:Altitude>
                                                   <!--Optional:-->
                                                   <ifop:Coordinates>?</ifop:Coordinates>
                                                   <!--Optional:-->
                                                   <ifop:Precision>?</ifop:Precision>
                                                </ifop:PointProjection>
                                             </ifop:Line>
                                          </ifop:LinkProjection>
                                          <!--Optional:-->
                                          <ifop:ZoneProjection>
                                             <!--Optional:-->
                                             <ifop:Features>
                                                <!--1 or more repetitions:-->
                                                <ifop:GisFeatureRef>
                                                   <ifop:FeatureIdRef>?</ifop:FeatureIdRef>
                                                   <!--Optional:-->
                                                   <ifop:FeatureType>?</ifop:FeatureType>
                                                </ifop:GisFeatureRef>
                                             </ifop:Features>
                                             <!--1 or more repetitions:-->
                                             <ifop:Boundary>
                                                <!--3 or more repetitions:-->
                                                <ifop:PointProjection id="?" srsName="?">
                                                   <!--Optional:-->
                                                   <ifop:Features>
                                                      <!--1 or more repetitions:-->
                                                      <ifop:GisFeatureRef>
                                                         <ifop:FeatureIdRef>?</ifop:FeatureIdRef>
                                                         <!--Optional:-->
                                                         <ifop:FeatureType>?</ifop:FeatureType>
                                                      </ifop:GisFeatureRef>
                                                   </ifop:Features>
                                                   <ifop:Longitude>?</ifop:Longitude>
                                                   <ifop:Latitude>?</ifop:Latitude>
                                                   <!--Optional:-->
                                                   <ifop:Altitude>?</ifop:Altitude>
                                                   <!--Optional:-->
                                                   <ifop:Coordinates>?</ifop:Coordinates>
                                                   <!--Optional:-->
                                                   <ifop:Precision>?</ifop:Precision>
                                                </ifop:PointProjection>
                                                <ifop:PointProjection id="?" srsName="?">
                                                   <!--Optional:-->
                                                   <ifop:Features>
                                                      <!--1 or more repetitions:-->
                                                      <ifop:GisFeatureRef>
                                                         <ifop:FeatureIdRef>?</ifop:FeatureIdRef>
                                                         <!--Optional:-->
                                                         <ifop:FeatureType>?</ifop:FeatureType>
                                                      </ifop:GisFeatureRef>
                                                   </ifop:Features>
                                                   <ifop:Longitude>?</ifop:Longitude>
                                                   <ifop:Latitude>?</ifop:Latitude>
                                                   <!--Optional:-->
                                                   <ifop:Altitude>?</ifop:Altitude>
                                                   <!--Optional:-->
                                                   <ifop:Coordinates>?</ifop:Coordinates>
                                                   <!--Optional:-->
                                                   <ifop:Precision>?</ifop:Precision>
                                                </ifop:PointProjection>
                                                <ifop:PointProjection id="?" srsName="?">
                                                   <!--Optional:-->
                                                   <ifop:Features>
                                                      <!--1 or more repetitions:-->
                                                      <ifop:GisFeatureRef>
                                                         <ifop:FeatureIdRef>?</ifop:FeatureIdRef>
                                                         <!--Optional:-->
                                                         <ifop:FeatureType>?</ifop:FeatureType>
                                                      </ifop:GisFeatureRef>
                                                   </ifop:Features>
                                                   <ifop:Longitude>?</ifop:Longitude>
                                                   <ifop:Latitude>?</ifop:Latitude>
                                                   <!--Optional:-->
                                                   <ifop:Altitude>?</ifop:Altitude>
                                                   <!--Optional:-->
                                                   <ifop:Coordinates>?</ifop:Coordinates>
                                                   <!--Optional:-->
                                                   <ifop:Precision>?</ifop:Precision>
                                                </ifop:PointProjection>
                                             </ifop:Boundary>
                                          </ifop:ZoneProjection>
                                          <!--Optional:-->
                                          <siri:Offset>
                                             <!--Optional:-->
                                             <siri:DistanceFromStart>?</siri:DistanceFromStart>
                                             <!--Optional:-->
                                             <siri:DistanceFromEnd>?</siri:DistanceFromEnd>
                                          </siri:Offset>
                                          <!--Optional:-->
                                          <siri:Extensions>
                                             <!--You may enter ANY elements at this point-->
                                          </siri:Extensions>
                                       </siri:AffectedComponent>
                                    </siri:AffectedComponents>
                                    <!--Optional:-->
                                    <siri:AffectedNavigationPaths>
                                       <!--1 or more repetitions:-->
                                       <siri:NavigationPathRef>?</siri:NavigationPathRef>
                                    </siri:AffectedNavigationPaths>
                                    <!--Optional:-->
                                    <siri:Extensions>
                                       <!--You may enter ANY elements at this point-->
                                    </siri:Extensions>
                                 </siri:AffectedStopPlace>
                              </siri:StopPlaces>
                              <!--Optional:-->
                              <siri:Places>
                                 <!--1 or more repetitions:-->
                                 <siri:AffectedPlace>
                                    <!--Optional:-->
                                    <siri:PlaceRef>?</siri:PlaceRef>
                                    <!--Optional:-->
                                    <siri:PrivateCode>?</siri:PrivateCode>
                                    <!--Zero or more repetitions:-->
                                    <siri:PlaceName xml:lang="?">?</siri:PlaceName>
                                    <!--Optional:-->
                                    <siri:Location id="?" srsName="?">
                                       <!--You have a CHOICE of the next 2 items at this level-->
                                       <siri:Longitude>?</siri:Longitude>
                                       <siri:Latitude>?</siri:Latitude>
                                       <siri:Coordinates>?</siri:Coordinates>
                                       <!--Optional:-->
                                       <siri:Precision>?</siri:Precision>
                                    </siri:Location>
                                    <!--Optional:-->
                                    <siri:PlaceCategory>?</siri:PlaceCategory>
                                    <!--Zero or more repetitions:-->
                                    <siri:EquipmentRef>?</siri:EquipmentRef>
                                    <!--Optional:-->
                                    <siri:AccessibilityAssessment>
                                       <acsb:MobilityImpairedAccess>?</acsb:MobilityImpairedAccess>
                                       <!--Optional:-->
                                       <acsb:Limitations>
                                          <!--1 or more repetitions:-->
                                          <acsb:AccessibilityLimitation>
                                             <!--Optional:-->
                                             <acsb:LimitationId>?</acsb:LimitationId>
                                             <!--Optional:-->
                                             <acsb:ValidityCondition>
                                                <!--Optional:-->
                                                <ifop:FromDateTime>?</ifop:FromDateTime>
                                                <!--Optional:-->
                                                <ifop:ToDateTime>?</ifop:ToDateTime>
                                                <!--Optional:-->
                                                <ifop:DayType>?</ifop:DayType>
                                                <!--Zero or more repetitions:-->
                                                <ifop:Timebands>
                                                   <ifop:Timeband>
                                                      <ifop:StartTime>?</ifop:StartTime>
                                                      <!--Optional:-->
                                                      <ifop:EndTime>?</ifop:EndTime>
                                                   </ifop:Timeband>
                                                </ifop:Timebands>
                                             </acsb:ValidityCondition>
                                             <acsb:WheelchairAccess>false</acsb:WheelchairAccess>
                                             <!--Optional:-->
                                             <acsb:StepFreeAccess>unknown</acsb:StepFreeAccess>
                                             <!--Optional:-->
                                             <acsb:EscalatorFreeAccess>unknown</acsb:EscalatorFreeAccess>
                                             <!--Optional:-->
                                             <acsb:LiftFreeAccess>unknown</acsb:LiftFreeAccess>
                                             <!--Optional:-->
                                             <acsb:AudibleSignalsAvailable>false</acsb:AudibleSignalsAvailable>
                                             <!--Optional:-->
                                             <acsb:VisualSignsAvailable>unknown</acsb:VisualSignsAvailable>
                                             <!--Optional:-->
                                             <ifop:Extensions>
                                                austris
                                                <!--You may enter ANY elements at this point-->
                                                annos
                                             </ifop:Extensions>
                                          </acsb:AccessibilityLimitation>
                                       </acsb:Limitations>
                                       <!--Optional:-->
                                       <acsb:Suitabilities>
                                          <!--1 or more repetitions:-->
                                          <acsb:Suitability>
                                             <acsb:Suitable>?</acsb:Suitable>
                                             <acsb:UserNeed>
                                                <!--You have a CHOICE of the next 4 items at this level-->
                                                <acsb:MobilityNeed>?</acsb:MobilityNeed>
                                                <acsb:PsychosensoryNeed>?</acsb:PsychosensoryNeed>
                                                <acsb:MedicalNeed>?</acsb:MedicalNeed>
                                                <acsb:EncumbranceNeed>?</acsb:EncumbranceNeed>
                                                <!--Optional:-->
                                                <acsb:Excluded>?</acsb:Excluded>
                                                <!--Optional:-->
                                                <acsb:NeedRanking>?</acsb:NeedRanking>
                                                <!--Optional:-->
                                                <acsb:Extensions>?</acsb:Extensions>
                                             </acsb:UserNeed>
                                          </acsb:Suitability>
                                       </acsb:Suitabilities>
                                       <!--Optional:-->
                                       <ifop:Extensions>
                                          sciret
                                          <!--You may enter ANY elements at this point-->
                                          certo
                                       </ifop:Extensions>
                                    </siri:AccessibilityAssessment>
                                    <!--Optional:-->
                                    <siri:Extensions>
                                       <!--You may enter ANY elements at this point-->
                                    </siri:Extensions>
                                 </siri:AffectedPlace>
                              </siri:Places>
                              <!--Optional:-->
                              <siri:VehicleJourneys>
                                 <!--1 or more repetitions:-->
                                 <siri:AffectedVehicleJourney>
                                    <!--You have a CHOICE of the next 2 items at this level-->
                                    <siri:FramedVehicleJourneyRef>
                                       <siri:DataFrameRef>?</siri:DataFrameRef>
                                       <siri:DatedVehicleJourneyRef>?</siri:DatedVehicleJourneyRef>
                                    </siri:FramedVehicleJourneyRef>
                                    <!--1 or more repetitions:-->
                                    <siri:VehicleJourneyRef>?</siri:VehicleJourneyRef>
                                    <!--Zero or more repetitions:-->
                                    <siri:DatedVehicleJourneyRef>?</siri:DatedVehicleJourneyRef>
                                    <!--Zero or more repetitions:-->
                                    <siri:JourneyName xml:lang="?">?</siri:JourneyName>
                                    <!--Optional:-->
                                    <siri:Operator>
                                       <!--Optional:-->
                                       <siri:OperatorRef>?</siri:OperatorRef>
                                       <!--Zero or more repetitions:-->
                                       <siri:OperatorName xml:lang="?">?</siri:OperatorName>
                                       <!--Zero or more repetitions:-->
                                       <siri:OperatorShortName xml:lang="?">?</siri:OperatorShortName>
                                       <!--Zero or more repetitions:-->
                                       <siri:OperationalUnitRef>?</siri:OperationalUnitRef>
                                       <!--Optional:-->
                                       <siri:Extensions>
                                          <!--You may enter ANY elements at this point-->
                                       </siri:Extensions>
                                    </siri:Operator>
                                    <!--Optional:-->
                                    <siri:LineRef>?</siri:LineRef>
                                    <!--Optional:-->
                                    <siri:PublishedLineName xml:lang="?">?</siri:PublishedLineName>
                                    <!--Optional:-->
                                    <siri:DirectionRef>?</siri:DirectionRef>
                                    <!--Zero or more repetitions:-->
                                    <siri:Origins>
                                       <!--Optional:-->
                                       <siri:StopPointRef>?</siri:StopPointRef>
                                       <!--Optional:-->
                                       <siri:PrivateRef>?</siri:PrivateRef>
                                       <!--Zero or more repetitions:-->
                                       <siri:StopPointName xml:lang="?">?</siri:StopPointName>
                                       <!--Optional:-->
                                       <siri:StopPointType>?</siri:StopPointType>
                                       <!--Optional:-->
                                       <siri:Location id="?" srsName="?">
                                          <!--You have a CHOICE of the next 2 items at this level-->
                                          <siri:Longitude>?</siri:Longitude>
                                          <siri:Latitude>?</siri:Latitude>
                                          <siri:Coordinates>?</siri:Coordinates>
                                          <!--Optional:-->
                                          <siri:Precision>?</siri:Precision>
                                       </siri:Location>
                                       <!--Optional:-->
                                       <siri:AffectedModes>
                                          <!--You have a CHOICE of the next 2 items at this level-->
                                          <!--Optional:-->
                                          <siri:AllModes>?</siri:AllModes>
                                          <!--Zero or more repetitions:-->
                                          <siri:Mode>
                                             <!--Optional:-->
                                             <siri:VehicleMode>unknown</siri:VehicleMode>
                                             <!--You have a CHOICE of the next 7 items at this level-->
                                             <siri:AirSubmode>unknown</siri:AirSubmode>
                                             <siri:BusSubmode>unknown</siri:BusSubmode>
                                             <siri:CoachSubmode>unknown</siri:CoachSubmode>
                                             <siri:MetroSubmode>unknown</siri:MetroSubmode>
                                             <siri:RailSubmode>unknown</siri:RailSubmode>
                                             <siri:TramSubmode>unknown</siri:TramSubmode>
                                             <siri:WaterSubmode>unknown</siri:WaterSubmode>
                                             <!--Optional:-->
                                             <siri:AccessMode>?</siri:AccessMode>
                                          </siri:Mode>
                                       </siri:AffectedModes>
                                       <!--Optional:-->
                                       <siri:PlaceRef>?</siri:PlaceRef>
                                       <!--Zero or more repetitions:-->
                                       <siri:PlaceName xml:lang="?">?</siri:PlaceName>
                                       <!--Optional:-->
                                       <siri:AccessibilityAssessment>
                                          <acsb:MobilityImpairedAccess>?</acsb:MobilityImpairedAccess>
                                          <!--Optional:-->
                                          <acsb:Limitations>
                                             <!--1 or more repetitions:-->
                                             <acsb:AccessibilityLimitation>
                                                <!--Optional:-->
                                                <acsb:LimitationId>?</acsb:LimitationId>
                                                <!--Optional:-->
                                                <acsb:ValidityCondition>
                                                   <!--Optional:-->
                                                   <ifop:FromDateTime>?</ifop:FromDateTime>
                                                   <!--Optional:-->
                                                   <ifop:ToDateTime>?</ifop:ToDateTime>
                                                   <!--Optional:-->
                                                   <ifop:DayType>?</ifop:DayType>
                                                   <!--Zero or more repetitions:-->
                                                   <ifop:Timebands>
                                                      <ifop:Timeband>
                                                         <ifop:StartTime>?</ifop:StartTime>
                                                         <!--Optional:-->
                                                         <ifop:EndTime>?</ifop:EndTime>
                                                      </ifop:Timeband>
                                                   </ifop:Timebands>
                                                </acsb:ValidityCondition>
                                                <acsb:WheelchairAccess>false</acsb:WheelchairAccess>
                                                <!--Optional:-->
                                                <acsb:StepFreeAccess>unknown</acsb:StepFreeAccess>
                                                <!--Optional:-->
                                                <acsb:EscalatorFreeAccess>unknown</acsb:EscalatorFreeAccess>
                                                <!--Optional:-->
                                                <acsb:LiftFreeAccess>unknown</acsb:LiftFreeAccess>
                                                <!--Optional:-->
                                                <acsb:AudibleSignalsAvailable>false</acsb:AudibleSignalsAvailable>
                                                <!--Optional:-->
                                                <acsb:VisualSignsAvailable>unknown</acsb:VisualSignsAvailable>
                                                <!--Optional:-->
                                                <ifop:Extensions>
                                                   dare
                                                   <!--You may enter ANY elements at this point-->
                                                   rates
                                                </ifop:Extensions>
                                             </acsb:AccessibilityLimitation>
                                          </acsb:Limitations>
                                          <!--Optional:-->
                                          <acsb:Suitabilities>
                                             <!--1 or more repetitions:-->
                                             <acsb:Suitability>
                                                <acsb:Suitable>?</acsb:Suitable>
                                                <acsb:UserNeed>
                                                   <!--You have a CHOICE of the next 4 items at this level-->
                                                   <acsb:MobilityNeed>?</acsb:MobilityNeed>
                                                   <acsb:PsychosensoryNeed>?</acsb:PsychosensoryNeed>
                                                   <acsb:MedicalNeed>?</acsb:MedicalNeed>
                                                   <acsb:EncumbranceNeed>?</acsb:EncumbranceNeed>
                                                   <!--Optional:-->
                                                   <acsb:Excluded>?</acsb:Excluded>
                                                   <!--Optional:-->
                                                   <acsb:NeedRanking>?</acsb:NeedRanking>
                                                   <!--Optional:-->
                                                   <acsb:Extensions>?</acsb:Extensions>
                                                </acsb:UserNeed>
                                             </acsb:Suitability>
                                          </acsb:Suitabilities>
                                          <!--Optional:-->
                                          <ifop:Extensions>
                                             bella
                                             <!--You may enter ANY elements at this point-->
                                             volutans
                                          </ifop:Extensions>
                                       </siri:AccessibilityAssessment>
                                       <!--Optional:-->
                                       <siri:ConnectionLinks>
                                          <!--1 or more repetitions:-->
                                          <siri:AffectedConnectionLink>
                                             <!--Zero or more repetitions:-->
                                             <siri:ConnectionLinkRef>?</siri:ConnectionLinkRef>
                                             <!--Optional:-->
                                             <siri:ConnectionName xml:lang="?">?</siri:ConnectionName>
                                             <!--You have a CHOICE of the next 2 items at this level-->
                                             <siri:AllLines>?</siri:AllLines>
                                             <!--1 or more repetitions:-->
                                             <siri:LineRef>?</siri:LineRef>
                                             <!--Optional:-->
                                             <siri:ConnectingStopPointRef>?</siri:ConnectingStopPointRef>
                                             <!--Zero or more repetitions:-->
                                             <siri:ConnectingStopPointName xml:lang="?">?</siri:ConnectingStopPointName>
                                             <!--Optional:-->
                                             <siri:ConnectingZoneRef>?</siri:ConnectingZoneRef>
                                             <!--Optional:-->
                                             <siri:ConnectionDirection>both</siri:ConnectionDirection>
                                             <!--Zero or more repetitions:-->
                                             <siri:AffectedPathLink>
                                                <!--Zero or more repetitions:-->
                                                <siri:LinkRef>?</siri:LinkRef>
                                                <!--Zero or more repetitions:-->
                                                <siri:LinkName xml:lang="?">?</siri:LinkName>
                                                <!--Optional:-->
                                                <siri:AccessibilityFeature>?</siri:AccessibilityFeature>
                                                <!--Zero or more repetitions:-->
                                                <siri:LinkDirection>?</siri:LinkDirection>
                                                <!--Optional:-->
                                                <siri:LinkProjection>
                                                   <!--Optional:-->
                                                   <ifop:Features>
                                                      <!--1 or more repetitions:-->
                                                      <ifop:GisFeatureRef>
                                                         <ifop:FeatureIdRef>?</ifop:FeatureIdRef>
                                                         <!--Optional:-->
                                                         <ifop:FeatureType>?</ifop:FeatureType>
                                                      </ifop:GisFeatureRef>
                                                   </ifop:Features>
                                                   <!--Optional:-->
                                                   <ifop:Line>
                                                      <!--2 or more repetitions:-->
                                                      <ifop:PointProjection id="?" srsName="?">
                                                         <!--Optional:-->
                                                         <ifop:Features>
                                                            <!--1 or more repetitions:-->
                                                            <ifop:GisFeatureRef>
                                                               <ifop:FeatureIdRef>?</ifop:FeatureIdRef>
                                                               <!--Optional:-->
                                                               <ifop:FeatureType>?</ifop:FeatureType>
                                                            </ifop:GisFeatureRef>
                                                         </ifop:Features>
                                                         <ifop:Longitude>?</ifop:Longitude>
                                                         <ifop:Latitude>?</ifop:Latitude>
                                                         <!--Optional:-->
                                                         <ifop:Altitude>?</ifop:Altitude>
                                                         <!--Optional:-->
                                                         <ifop:Coordinates>?</ifop:Coordinates>
                                                         <!--Optional:-->
                                                         <ifop:Precision>?</ifop:Precision>
                                                      </ifop:PointProjection>
                                                      <ifop:PointProjection id="?" srsName="?">
                                                         <!--Optional:-->
                                                         <ifop:Features>
                                                            <!--1 or more repetitions:-->
                                                            <ifop:GisFeatureRef>
                                                               <ifop:FeatureIdRef>?</ifop:FeatureIdRef>
                                                               <!--Optional:-->
                                                               <ifop:FeatureType>?</ifop:FeatureType>
                                                            </ifop:GisFeatureRef>
                                                         </ifop:Features>
                                                         <ifop:Longitude>?</ifop:Longitude>
                                                         <ifop:Latitude>?</ifop:Latitude>
                                                         <!--Optional:-->
                                                         <ifop:Altitude>?</ifop:Altitude>
                                                         <!--Optional:-->
                                                         <ifop:Coordinates>?</ifop:Coordinates>
                                                         <!--Optional:-->
                                                         <ifop:Precision>?</ifop:Precision>
                                                      </ifop:PointProjection>
                                                   </ifop:Line>
                                                </siri:LinkProjection>
                                                <!--Optional:-->
                                                <siri:Offset>
                                                   <!--Optional:-->
                                                   <siri:DistanceFromStart>?</siri:DistanceFromStart>
                                                   <!--Optional:-->
                                                   <siri:DistanceFromEnd>?</siri:DistanceFromEnd>
                                                </siri:Offset>
                                                <!--Optional:-->
                                                <siri:Extensions>
                                                   <!--You may enter ANY elements at this point-->
                                                </siri:Extensions>
                                             </siri:AffectedPathLink>
                                             <!--Optional:-->
                                             <siri:Extensions>
                                                <!--You may enter ANY elements at this point-->
                                             </siri:Extensions>
                                          </siri:AffectedConnectionLink>
                                       </siri:ConnectionLinks>
                                       <!--Optional:-->
                                       <siri:Extensions>
                                          <!--You may enter ANY elements at this point-->
                                       </siri:Extensions>
                                    </siri:Origins>
                                    <!--Zero or more repetitions:-->
                                    <siri:Destinations>
                                       <!--Optional:-->
                                       <siri:StopPointRef>?</siri:StopPointRef>
                                       <!--Optional:-->
                                       <siri:PrivateRef>?</siri:PrivateRef>
                                       <!--Zero or more repetitions:-->
                                       <siri:StopPointName xml:lang="?">?</siri:StopPointName>
                                       <!--Optional:-->
                                       <siri:StopPointType>?</siri:StopPointType>
                                       <!--Optional:-->
                                       <siri:Location id="?" srsName="?">
                                          <!--You have a CHOICE of the next 2 items at this level-->
                                          <siri:Longitude>?</siri:Longitude>
                                          <siri:Latitude>?</siri:Latitude>
                                          <siri:Coordinates>?</siri:Coordinates>
                                          <!--Optional:-->
                                          <siri:Precision>?</siri:Precision>
                                       </siri:Location>
                                       <!--Optional:-->
                                       <siri:AffectedModes>
                                          <!--You have a CHOICE of the next 2 items at this level-->
                                          <!--Optional:-->
                                          <siri:AllModes>?</siri:AllModes>
                                          <!--Zero or more repetitions:-->
                                          <siri:Mode>
                                             <!--Optional:-->
                                             <siri:VehicleMode>unknown</siri:VehicleMode>
                                             <!--You have a CHOICE of the next 7 items at this level-->
                                             <siri:AirSubmode>unknown</siri:AirSubmode>
                                             <siri:BusSubmode>unknown</siri:BusSubmode>
                                             <siri:CoachSubmode>unknown</siri:CoachSubmode>
                                             <siri:MetroSubmode>unknown</siri:MetroSubmode>
                                             <siri:RailSubmode>unknown</siri:RailSubmode>
                                             <siri:TramSubmode>unknown</siri:TramSubmode>
                                             <siri:WaterSubmode>unknown</siri:WaterSubmode>
                                             <!--Optional:-->
                                             <siri:AccessMode>?</siri:AccessMode>
                                          </siri:Mode>
                                       </siri:AffectedModes>
                                       <!--Optional:-->
                                       <siri:PlaceRef>?</siri:PlaceRef>
                                       <!--Zero or more repetitions:-->
                                       <siri:PlaceName xml:lang="?">?</siri:PlaceName>
                                       <!--Optional:-->
                                       <siri:AccessibilityAssessment>
                                          <acsb:MobilityImpairedAccess>?</acsb:MobilityImpairedAccess>
                                          <!--Optional:-->
                                          <acsb:Limitations>
                                             <!--1 or more repetitions:-->
                                             <acsb:AccessibilityLimitation>
                                                <!--Optional:-->
                                                <acsb:LimitationId>?</acsb:LimitationId>
                                                <!--Optional:-->
                                                <acsb:ValidityCondition>
                                                   <!--Optional:-->
                                                   <ifop:FromDateTime>?</ifop:FromDateTime>
                                                   <!--Optional:-->
                                                   <ifop:ToDateTime>?</ifop:ToDateTime>
                                                   <!--Optional:-->
                                                   <ifop:DayType>?</ifop:DayType>
                                                   <!--Zero or more repetitions:-->
                                                   <ifop:Timebands>
                                                      <ifop:Timeband>
                                                         <ifop:StartTime>?</ifop:StartTime>
                                                         <!--Optional:-->
                                                         <ifop:EndTime>?</ifop:EndTime>
                                                      </ifop:Timeband>
                                                   </ifop:Timebands>
                                                </acsb:ValidityCondition>
                                                <acsb:WheelchairAccess>false</acsb:WheelchairAccess>
                                                <!--Optional:-->
                                                <acsb:StepFreeAccess>unknown</acsb:StepFreeAccess>
                                                <!--Optional:-->
                                                <acsb:EscalatorFreeAccess>unknown</acsb:EscalatorFreeAccess>
                                                <!--Optional:-->
                                                <acsb:LiftFreeAccess>unknown</acsb:LiftFreeAccess>
                                                <!--Optional:-->
                                                <acsb:AudibleSignalsAvailable>false</acsb:AudibleSignalsAvailable>
                                                <!--Optional:-->
                                                <acsb:VisualSignsAvailable>unknown</acsb:VisualSignsAvailable>
                                                <!--Optional:-->
                                                <ifop:Extensions>
                                                   dedit
                                                   <!--You may enter ANY elements at this point-->
                                                   faciat
                                                </ifop:Extensions>
                                             </acsb:AccessibilityLimitation>
                                          </acsb:Limitations>
                                          <!--Optional:-->
                                          <acsb:Suitabilities>
                                             <!--1 or more repetitions:-->
                                             <acsb:Suitability>
                                                <acsb:Suitable>?</acsb:Suitable>
                                                <acsb:UserNeed>
                                                   <!--You have a CHOICE of the next 4 items at this level-->
                                                   <acsb:MobilityNeed>?</acsb:MobilityNeed>
                                                   <acsb:PsychosensoryNeed>?</acsb:PsychosensoryNeed>
                                                   <acsb:MedicalNeed>?</acsb:MedicalNeed>
                                                   <acsb:EncumbranceNeed>?</acsb:EncumbranceNeed>
                                                   <!--Optional:-->
                                                   <acsb:Excluded>?</acsb:Excluded>
                                                   <!--Optional:-->
                                                   <acsb:NeedRanking>?</acsb:NeedRanking>
                                                   <!--Optional:-->
                                                   <acsb:Extensions>?</acsb:Extensions>
                                                </acsb:UserNeed>
                                             </acsb:Suitability>
                                          </acsb:Suitabilities>
                                          <!--Optional:-->
                                          <ifop:Extensions>
                                             magno
                                             <!--You may enter ANY elements at this point-->
                                             et
                                          </ifop:Extensions>
                                       </siri:AccessibilityAssessment>
                                       <!--Optional:-->
                                       <siri:ConnectionLinks>
                                          <!--1 or more repetitions:-->
                                          <siri:AffectedConnectionLink>
                                             <!--Zero or more repetitions:-->
                                             <siri:ConnectionLinkRef>?</siri:ConnectionLinkRef>
                                             <!--Optional:-->
                                             <siri:ConnectionName xml:lang="?">?</siri:ConnectionName>
                                             <!--You have a CHOICE of the next 2 items at this level-->
                                             <siri:AllLines>?</siri:AllLines>
                                             <!--1 or more repetitions:-->
                                             <siri:LineRef>?</siri:LineRef>
                                             <!--Optional:-->
                                             <siri:ConnectingStopPointRef>?</siri:ConnectingStopPointRef>
                                             <!--Zero or more repetitions:-->
                                             <siri:ConnectingStopPointName xml:lang="?">?</siri:ConnectingStopPointName>
                                             <!--Optional:-->
                                             <siri:ConnectingZoneRef>?</siri:ConnectingZoneRef>
                                             <!--Optional:-->
                                             <siri:ConnectionDirection>both</siri:ConnectionDirection>
                                             <!--Zero or more repetitions:-->
                                             <siri:AffectedPathLink>
                                                <!--Zero or more repetitions:-->
                                                <siri:LinkRef>?</siri:LinkRef>
                                                <!--Zero or more repetitions:-->
                                                <siri:LinkName xml:lang="?">?</siri:LinkName>
                                                <!--Optional:-->
                                                <siri:AccessibilityFeature>?</siri:AccessibilityFeature>
                                                <!--Zero or more repetitions:-->
                                                <siri:LinkDirection>?</siri:LinkDirection>
                                                <!--Optional:-->
                                                <siri:LinkProjection>
                                                   <!--Optional:-->
                                                   <ifop:Features>
                                                      <!--1 or more repetitions:-->
                                                      <ifop:GisFeatureRef>
                                                         <ifop:FeatureIdRef>?</ifop:FeatureIdRef>
                                                         <!--Optional:-->
                                                         <ifop:FeatureType>?</ifop:FeatureType>
                                                      </ifop:GisFeatureRef>
                                                   </ifop:Features>
                                                   <!--Optional:-->
                                                   <ifop:Line>
                                                      <!--2 or more repetitions:-->
                                                      <ifop:PointProjection id="?" srsName="?">
                                                         <!--Optional:-->
                                                         <ifop:Features>
                                                            <!--1 or more repetitions:-->
                                                            <ifop:GisFeatureRef>
                                                               <ifop:FeatureIdRef>?</ifop:FeatureIdRef>
                                                               <!--Optional:-->
                                                               <ifop:FeatureType>?</ifop:FeatureType>
                                                            </ifop:GisFeatureRef>
                                                         </ifop:Features>
                                                         <ifop:Longitude>?</ifop:Longitude>
                                                         <ifop:Latitude>?</ifop:Latitude>
                                                         <!--Optional:-->
                                                         <ifop:Altitude>?</ifop:Altitude>
                                                         <!--Optional:-->
                                                         <ifop:Coordinates>?</ifop:Coordinates>
                                                         <!--Optional:-->
                                                         <ifop:Precision>?</ifop:Precision>
                                                      </ifop:PointProjection>
                                                      <ifop:PointProjection id="?" srsName="?">
                                                         <!--Optional:-->
                                                         <ifop:Features>
                                                            <!--1 or more repetitions:-->
                                                            <ifop:GisFeatureRef>
                                                               <ifop:FeatureIdRef>?</ifop:FeatureIdRef>
                                                               <!--Optional:-->
                                                               <ifop:FeatureType>?</ifop:FeatureType>
                                                            </ifop:GisFeatureRef>
                                                         </ifop:Features>
                                                         <ifop:Longitude>?</ifop:Longitude>
                                                         <ifop:Latitude>?</ifop:Latitude>
                                                         <!--Optional:-->
                                                         <ifop:Altitude>?</ifop:Altitude>
                                                         <!--Optional:-->
                                                         <ifop:Coordinates>?</ifop:Coordinates>
                                                         <!--Optional:-->
                                                         <ifop:Precision>?</ifop:Precision>
                                                      </ifop:PointProjection>
                                                   </ifop:Line>
                                                </siri:LinkProjection>
                                                <!--Optional:-->
                                                <siri:Offset>
                                                   <!--Optional:-->
                                                   <siri:DistanceFromStart>?</siri:DistanceFromStart>
                                                   <!--Optional:-->
                                                   <siri:DistanceFromEnd>?</siri:DistanceFromEnd>
                                                </siri:Offset>
                                                <!--Optional:-->
                                                <siri:Extensions>
                                                   <!--You may enter ANY elements at this point-->
                                                </siri:Extensions>
                                             </siri:AffectedPathLink>
                                             <!--Optional:-->
                                             <siri:Extensions>
                                                <!--You may enter ANY elements at this point-->
                                             </siri:Extensions>
                                          </siri:AffectedConnectionLink>
                                       </siri:ConnectionLinks>
                                       <!--Optional:-->
                                       <siri:Extensions>
                                          <!--You may enter ANY elements at this point-->
                                       </siri:Extensions>
                                    </siri:Destinations>
                                    <!--1 or more repetitions:-->
                                    <siri:Route>
                                       <!--Optional:-->
                                       <siri:RouteRef>?</siri:RouteRef>
                                       <!--Zero or more repetitions:-->
                                       <siri:Direction>
                                          <siri:DirectionRef>?</siri:DirectionRef>
                                          <!--Zero or more repetitions:-->
                                          <siri:DirectionName xml:lang="?">?</siri:DirectionName>
                                       </siri:Direction>
                                       <!--Optional:-->
                                       <siri:Sections>
                                          <!--1 or more repetitions:-->
                                          <siri:AffectedSection>
                                             <!--Optional:-->
                                             <siri:SectionRef>?</siri:SectionRef>
                                             <!--Optional:-->
                                             <siri:LinkProjection>
                                                <!--Optional:-->
                                                <ifop:Features>
                                                   <!--1 or more repetitions:-->
                                                   <ifop:GisFeatureRef>
                                                      <ifop:FeatureIdRef>?</ifop:FeatureIdRef>
                                                      <!--Optional:-->
                                                      <ifop:FeatureType>?</ifop:FeatureType>
                                                   </ifop:GisFeatureRef>
                                                </ifop:Features>
                                                <!--Optional:-->
                                                <ifop:Line>
                                                   <!--2 or more repetitions:-->
                                                   <ifop:PointProjection id="?" srsName="?">
                                                      <!--Optional:-->
                                                      <ifop:Features>
                                                         <!--1 or more repetitions:-->
                                                         <ifop:GisFeatureRef>
                                                            <ifop:FeatureIdRef>?</ifop:FeatureIdRef>
                                                            <!--Optional:-->
                                                            <ifop:FeatureType>?</ifop:FeatureType>
                                                         </ifop:GisFeatureRef>
                                                      </ifop:Features>
                                                      <ifop:Longitude>?</ifop:Longitude>
                                                      <ifop:Latitude>?</ifop:Latitude>
                                                      <!--Optional:-->
                                                      <ifop:Altitude>?</ifop:Altitude>
                                                      <!--Optional:-->
                                                      <ifop:Coordinates>?</ifop:Coordinates>
                                                      <!--Optional:-->
                                                      <ifop:Precision>?</ifop:Precision>
                                                   </ifop:PointProjection>
                                                   <ifop:PointProjection id="?" srsName="?">
                                                      <!--Optional:-->
                                                      <ifop:Features>
                                                         <!--1 or more repetitions:-->
                                                         <ifop:GisFeatureRef>
                                                            <ifop:FeatureIdRef>?</ifop:FeatureIdRef>
                                                            <!--Optional:-->
                                                            <ifop:FeatureType>?</ifop:FeatureType>
                                                         </ifop:GisFeatureRef>
                                                      </ifop:Features>
                                                      <ifop:Longitude>?</ifop:Longitude>
                                                      <ifop:Latitude>?</ifop:Latitude>
                                                      <!--Optional:-->
                                                      <ifop:Altitude>?</ifop:Altitude>
                                                      <!--Optional:-->
                                                      <ifop:Coordinates>?</ifop:Coordinates>
                                                      <!--Optional:-->
                                                      <ifop:Precision>?</ifop:Precision>
                                                   </ifop:PointProjection>
                                                </ifop:Line>
                                             </siri:LinkProjection>
                                             <!--Optional:-->
                                             <siri:Offset>
                                                <!--Optional:-->
                                                <siri:DistanceFromStart>?</siri:DistanceFromStart>
                                                <!--Optional:-->
                                                <siri:DistanceFromEnd>?</siri:DistanceFromEnd>
                                             </siri:Offset>
                                             <!--Optional:-->
                                             <siri:Extensions>
                                                <!--You may enter ANY elements at this point-->
                                             </siri:Extensions>
                                          </siri:AffectedSection>
                                       </siri:Sections>
                                       <!--Optional:-->
                                       <siri:RouteLinks>
                                          <!--1 or more repetitions:-->
                                          <siri:RouteLinkRef>?</siri:RouteLinkRef>
                                       </siri:RouteLinks>
                                       <!--Optional:-->
                                       <siri:Extensions>
                                          <!--You may enter ANY elements at this point-->
                                       </siri:Extensions>
                                    </siri:Route>
                                    <!--Optional:-->
                                    <siri:OriginAimedDepartureTime>?</siri:OriginAimedDepartureTime>
                                    <!--Optional:-->
                                    <siri:DestinationAimedArrivalTime>?</siri:DestinationAimedArrivalTime>
                                    <!--Optional:-->
                                    <siri:AccessibilityAssessment>
                                       <acsb:MobilityImpairedAccess>?</acsb:MobilityImpairedAccess>
                                       <!--Optional:-->
                                       <acsb:Limitations>
                                          <!--1 or more repetitions:-->
                                          <acsb:AccessibilityLimitation>
                                             <!--Optional:-->
                                             <acsb:LimitationId>?</acsb:LimitationId>
                                             <!--Optional:-->
                                             <acsb:ValidityCondition>
                                                <!--Optional:-->
                                                <ifop:FromDateTime>?</ifop:FromDateTime>
                                                <!--Optional:-->
                                                <ifop:ToDateTime>?</ifop:ToDateTime>
                                                <!--Optional:-->
                                                <ifop:DayType>?</ifop:DayType>
                                                <!--Zero or more repetitions:-->
                                                <ifop:Timebands>
                                                   <ifop:Timeband>
                                                      <ifop:StartTime>?</ifop:StartTime>
                                                      <!--Optional:-->
                                                      <ifop:EndTime>?</ifop:EndTime>
                                                   </ifop:Timeband>
                                                </ifop:Timebands>
                                             </acsb:ValidityCondition>
                                             <acsb:WheelchairAccess>false</acsb:WheelchairAccess>
                                             <!--Optional:-->
                                             <acsb:StepFreeAccess>unknown</acsb:StepFreeAccess>
                                             <!--Optional:-->
                                             <acsb:EscalatorFreeAccess>unknown</acsb:EscalatorFreeAccess>
                                             <!--Optional:-->
                                             <acsb:LiftFreeAccess>unknown</acsb:LiftFreeAccess>
                                             <!--Optional:-->
                                             <acsb:AudibleSignalsAvailable>false</acsb:AudibleSignalsAvailable>
                                             <!--Optional:-->
                                             <acsb:VisualSignsAvailable>unknown</acsb:VisualSignsAvailable>
                                             <!--Optional:-->
                                             <ifop:Extensions>
                                                ac
                                                <!--You may enter ANY elements at this point-->
                                                et
                                             </ifop:Extensions>
                                          </acsb:AccessibilityLimitation>
                                       </acsb:Limitations>
                                       <!--Optional:-->
                                       <acsb:Suitabilities>
                                          <!--1 or more repetitions:-->
                                          <acsb:Suitability>
                                             <acsb:Suitable>?</acsb:Suitable>
                                             <acsb:UserNeed>
                                                <!--You have a CHOICE of the next 4 items at this level-->
                                                <acsb:MobilityNeed>?</acsb:MobilityNeed>
                                                <acsb:PsychosensoryNeed>?</acsb:PsychosensoryNeed>
                                                <acsb:MedicalNeed>?</acsb:MedicalNeed>
                                                <acsb:EncumbranceNeed>?</acsb:EncumbranceNeed>
                                                <!--Optional:-->
                                                <acsb:Excluded>?</acsb:Excluded>
                                                <!--Optional:-->
                                                <acsb:NeedRanking>?</acsb:NeedRanking>
                                                <!--Optional:-->
                                                <acsb:Extensions>?</acsb:Extensions>
                                             </acsb:UserNeed>
                                          </acsb:Suitability>
                                       </acsb:Suitabilities>
                                       <!--Optional:-->
                                       <ifop:Extensions>
                                          regemque
                                          <!--You may enter ANY elements at this point-->
                                          annos
                                       </ifop:Extensions>
                                    </siri:AccessibilityAssessment>
                                    <!--Optional:-->
                                    <siri:Calls>
                                       <!--1 or more repetitions:-->
                                       <siri:Call>
                                          <!--Optional:-->
                                          <siri:StopPointRef>?</siri:StopPointRef>
                                          <!--Optional:-->
                                          <siri:PrivateRef>?</siri:PrivateRef>
                                          <!--Zero or more repetitions:-->
                                          <siri:StopPointName xml:lang="?">?</siri:StopPointName>
                                          <!--Optional:-->
                                          <siri:StopPointType>?</siri:StopPointType>
                                          <!--Optional:-->
                                          <siri:Location id="?" srsName="?">
                                             <!--You have a CHOICE of the next 2 items at this level-->
                                             <siri:Longitude>?</siri:Longitude>
                                             <siri:Latitude>?</siri:Latitude>
                                             <siri:Coordinates>?</siri:Coordinates>
                                             <!--Optional:-->
                                             <siri:Precision>?</siri:Precision>
                                          </siri:Location>
                                          <!--Optional:-->
                                          <siri:AffectedModes>
                                             <!--You have a CHOICE of the next 2 items at this level-->
                                             <!--Optional:-->
                                             <siri:AllModes>?</siri:AllModes>
                                             <!--Zero or more repetitions:-->
                                             <siri:Mode>
                                                <!--Optional:-->
                                                <siri:VehicleMode>unknown</siri:VehicleMode>
                                                <!--You have a CHOICE of the next 7 items at this level-->
                                                <siri:AirSubmode>unknown</siri:AirSubmode>
                                                <siri:BusSubmode>unknown</siri:BusSubmode>
                                                <siri:CoachSubmode>unknown</siri:CoachSubmode>
                                                <siri:MetroSubmode>unknown</siri:MetroSubmode>
                                                <siri:RailSubmode>unknown</siri:RailSubmode>
                                                <siri:TramSubmode>unknown</siri:TramSubmode>
                                                <siri:WaterSubmode>unknown</siri:WaterSubmode>
                                                <!--Optional:-->
                                                <siri:AccessMode>?</siri:AccessMode>
                                             </siri:Mode>
                                          </siri:AffectedModes>
                                          <!--Optional:-->
                                          <siri:PlaceRef>?</siri:PlaceRef>
                                          <!--Zero or more repetitions:-->
                                          <siri:PlaceName xml:lang="?">?</siri:PlaceName>
                                          <!--Optional:-->
                                          <siri:AccessibilityAssessment>
                                             <acsb:MobilityImpairedAccess>?</acsb:MobilityImpairedAccess>
                                             <!--Optional:-->
                                             <acsb:Limitations>
                                                <!--1 or more repetitions:-->
                                                <acsb:AccessibilityLimitation>
                                                   <!--Optional:-->
                                                   <acsb:LimitationId>?</acsb:LimitationId>
                                                   <!--Optional:-->
                                                   <acsb:ValidityCondition>
                                                      <!--Optional:-->
                                                      <ifop:FromDateTime>?</ifop:FromDateTime>
                                                      <!--Optional:-->
                                                      <ifop:ToDateTime>?</ifop:ToDateTime>
                                                      <!--Optional:-->
                                                      <ifop:DayType>?</ifop:DayType>
                                                      <!--Zero or more repetitions:-->
                                                      <ifop:Timebands>
                                                         <ifop:Timeband>
                                                            <ifop:StartTime>?</ifop:StartTime>
                                                            <!--Optional:-->
                                                            <ifop:EndTime>?</ifop:EndTime>
                                                         </ifop:Timeband>
                                                      </ifop:Timebands>
                                                   </acsb:ValidityCondition>
                                                   <acsb:WheelchairAccess>false</acsb:WheelchairAccess>
                                                   <!--Optional:-->
                                                   <acsb:StepFreeAccess>unknown</acsb:StepFreeAccess>
                                                   <!--Optional:-->
                                                   <acsb:EscalatorFreeAccess>unknown</acsb:EscalatorFreeAccess>
                                                   <!--Optional:-->
                                                   <acsb:LiftFreeAccess>unknown</acsb:LiftFreeAccess>
                                                   <!--Optional:-->
                                                   <acsb:AudibleSignalsAvailable>false</acsb:AudibleSignalsAvailable>
                                                   <!--Optional:-->
                                                   <acsb:VisualSignsAvailable>unknown</acsb:VisualSignsAvailable>
                                                   <!--Optional:-->
                                                   <ifop:Extensions>
                                                      infixit
                                                      <!--You may enter ANY elements at this point-->
                                                      ventos
                                                   </ifop:Extensions>
                                                </acsb:AccessibilityLimitation>
                                             </acsb:Limitations>
                                             <!--Optional:-->
                                             <acsb:Suitabilities>
                                                <!--1 or more repetitions:-->
                                                <acsb:Suitability>
                                                   <acsb:Suitable>?</acsb:Suitable>
                                                   <acsb:UserNeed>
                                                      <!--You have a CHOICE of the next 4 items at this level-->
                                                      <acsb:MobilityNeed>?</acsb:MobilityNeed>
                                                      <acsb:PsychosensoryNeed>?</acsb:PsychosensoryNeed>
                                                      <acsb:MedicalNeed>?</acsb:MedicalNeed>
                                                      <acsb:EncumbranceNeed>?</acsb:EncumbranceNeed>
                                                      <!--Optional:-->
                                                      <acsb:Excluded>?</acsb:Excluded>
                                                      <!--Optional:-->
                                                      <acsb:NeedRanking>?</acsb:NeedRanking>
                                                      <!--Optional:-->
                                                      <acsb:Extensions>?</acsb:Extensions>
                                                   </acsb:UserNeed>
                                                </acsb:Suitability>
                                             </acsb:Suitabilities>
                                             <!--Optional:-->
                                             <ifop:Extensions>
                                                tenens
                                                <!--You may enter ANY elements at this point-->
                                                regina
                                             </ifop:Extensions>
                                          </siri:AccessibilityAssessment>
                                          <!--Optional:-->
                                          <siri:ConnectionLinks>
                                             <!--1 or more repetitions:-->
                                             <siri:AffectedConnectionLink>
                                                <!--Zero or more repetitions:-->
                                                <siri:ConnectionLinkRef>?</siri:ConnectionLinkRef>
                                                <!--Optional:-->
                                                <siri:ConnectionName xml:lang="?">?</siri:ConnectionName>
                                                <!--You have a CHOICE of the next 2 items at this level-->
                                                <siri:AllLines>?</siri:AllLines>
                                                <!--1 or more repetitions:-->
                                                <siri:LineRef>?</siri:LineRef>
                                                <!--Optional:-->
                                                <siri:ConnectingStopPointRef>?</siri:ConnectingStopPointRef>
                                                <!--Zero or more repetitions:-->
                                                <siri:ConnectingStopPointName xml:lang="?">?</siri:ConnectingStopPointName>
                                                <!--Optional:-->
                                                <siri:ConnectingZoneRef>?</siri:ConnectingZoneRef>
                                                <!--Optional:-->
                                                <siri:ConnectionDirection>both</siri:ConnectionDirection>
                                                <!--Zero or more repetitions:-->
                                                <siri:AffectedPathLink>
                                                   <!--Zero or more repetitions:-->
                                                   <siri:LinkRef>?</siri:LinkRef>
                                                   <!--Zero or more repetitions:-->
                                                   <siri:LinkName xml:lang="?">?</siri:LinkName>
                                                   <!--Optional:-->
                                                   <siri:AccessibilityFeature>?</siri:AccessibilityFeature>
                                                   <!--Zero or more repetitions:-->
                                                   <siri:LinkDirection>?</siri:LinkDirection>
                                                   <!--Optional:-->
                                                   <siri:LinkProjection>
                                                      <!--Optional:-->
                                                      <ifop:Features>
                                                         <!--1 or more repetitions:-->
                                                         <ifop:GisFeatureRef>
                                                            <ifop:FeatureIdRef>?</ifop:FeatureIdRef>
                                                            <!--Optional:-->
                                                            <ifop:FeatureType>?</ifop:FeatureType>
                                                         </ifop:GisFeatureRef>
                                                      </ifop:Features>
                                                      <!--Optional:-->
                                                      <ifop:Line>
                                                         <!--2 or more repetitions:-->
                                                         <ifop:PointProjection id="?" srsName="?">
                                                            <!--Optional:-->
                                                            <ifop:Features>
                                                               <!--1 or more repetitions:-->
                                                               <ifop:GisFeatureRef>
                                                                  <ifop:FeatureIdRef>?</ifop:FeatureIdRef>
                                                                  <!--Optional:-->
                                                                  <ifop:FeatureType>?</ifop:FeatureType>
                                                               </ifop:GisFeatureRef>
                                                            </ifop:Features>
                                                            <ifop:Longitude>?</ifop:Longitude>
                                                            <ifop:Latitude>?</ifop:Latitude>
                                                            <!--Optional:-->
                                                            <ifop:Altitude>?</ifop:Altitude>
                                                            <!--Optional:-->
                                                            <ifop:Coordinates>?</ifop:Coordinates>
                                                            <!--Optional:-->
                                                            <ifop:Precision>?</ifop:Precision>
                                                         </ifop:PointProjection>
                                                         <ifop:PointProjection id="?" srsName="?">
                                                            <!--Optional:-->
                                                            <ifop:Features>
                                                               <!--1 or more repetitions:-->
                                                               <ifop:GisFeatureRef>
                                                                  <ifop:FeatureIdRef>?</ifop:FeatureIdRef>
                                                                  <!--Optional:-->
                                                                  <ifop:FeatureType>?</ifop:FeatureType>
                                                               </ifop:GisFeatureRef>
                                                            </ifop:Features>
                                                            <ifop:Longitude>?</ifop:Longitude>
                                                            <ifop:Latitude>?</ifop:Latitude>
                                                            <!--Optional:-->
                                                            <ifop:Altitude>?</ifop:Altitude>
                                                            <!--Optional:-->
                                                            <ifop:Coordinates>?</ifop:Coordinates>
                                                            <!--Optional:-->
                                                            <ifop:Precision>?</ifop:Precision>
                                                         </ifop:PointProjection>
                                                      </ifop:Line>
                                                   </siri:LinkProjection>
                                                   <!--Optional:-->
                                                   <siri:Offset>
                                                      <!--Optional:-->
                                                      <siri:DistanceFromStart>?</siri:DistanceFromStart>
                                                      <!--Optional:-->
                                                      <siri:DistanceFromEnd>?</siri:DistanceFromEnd>
                                                   </siri:Offset>
                                                   <!--Optional:-->
                                                   <siri:Extensions>
                                                      <!--You may enter ANY elements at this point-->
                                                   </siri:Extensions>
                                                </siri:AffectedPathLink>
                                                <!--Optional:-->
                                                <siri:Extensions>
                                                   <!--You may enter ANY elements at this point-->
                                                </siri:Extensions>
                                             </siri:AffectedConnectionLink>
                                          </siri:ConnectionLinks>
                                          <!--Optional:-->
                                          <siri:Extensions>
                                             <!--You may enter ANY elements at this point-->
                                          </siri:Extensions>
                                          <!--Optional:-->
                                          <siri:Order>?</siri:Order>
                                          <!--Optional:-->
                                          <siri:CallCondition>?</siri:CallCondition>
                                          <!--Optional:-->
                                          <siri:VehicleAtStop>false</siri:VehicleAtStop>
                                          <!--Optional:-->
                                          <siri:VehicleLocationAtStop id="?" srsName="?">
                                             <!--You have a CHOICE of the next 2 items at this level-->
                                             <siri:Longitude>?</siri:Longitude>
                                             <siri:Latitude>?</siri:Latitude>
                                             <siri:Coordinates>?</siri:Coordinates>
                                             <!--Optional:-->
                                             <siri:Precision>?</siri:Precision>
                                          </siri:VehicleLocationAtStop>
                                          <!--Optional:-->
                                          <siri:AimedArrivalTime>?</siri:AimedArrivalTime>
                                          <!--You have a CHOICE of the next 2 items at this level-->
                                          <!--Optional:-->
                                          <siri:ActualArrivalTime>?</siri:ActualArrivalTime>
                                          <!--Optional:-->
                                          <siri:ExpectedArrivalTime>?</siri:ExpectedArrivalTime>
                                          <!--Optional:-->
                                          <siri:ArrivalStatus>?</siri:ArrivalStatus>
                                          <!--Optional:-->
                                          <siri:ArrivalPlatformName xml:lang="?">?</siri:ArrivalPlatformName>
                                          <!--Optional:-->
                                          <siri:ArrivalBoardingActivity>alighting</siri:ArrivalBoardingActivity>
                                          <!--Optional:-->
                                          <siri:AimedDepartureTime>?</siri:AimedDepartureTime>
                                          <!--You have a CHOICE of the next 2 items at this level-->
                                          <!--Optional:-->
                                          <siri:ActualDepartureTime>?</siri:ActualDepartureTime>
                                          <!--Optional:-->
                                          <siri:ExpectedDepartureTime>?</siri:ExpectedDepartureTime>
                                          <!--Optional:-->
                                          <siri:DepartureStatus>?</siri:DepartureStatus>
                                          <!--Optional:-->
                                          <siri:DeparturePlatformName xml:lang="?">?</siri:DeparturePlatformName>
                                          <!--Optional:-->
                                          <siri:DepartureBoardingActivity>boarding</siri:DepartureBoardingActivity>
                                          <!--Optional:-->
                                          <siri:AimedHeadwayInterval>?</siri:AimedHeadwayInterval>
                                          <!--Optional:-->
                                          <siri:ExpectedHeadwayInterval>?</siri:ExpectedHeadwayInterval>
                                          <!--Zero or more repetitions:-->
                                          <siri:AffectedInterchange>
                                             <!--Optional:-->
                                             <siri:InterchangeRef>?</siri:InterchangeRef>
                                             <!--Optional:-->
                                             <siri:InterchangeStopPointRef>?</siri:InterchangeStopPointRef>
                                             <!--Zero or more repetitions:-->
                                             <siri:InterchangeStopPointName xml:lang="?">?</siri:InterchangeStopPointName>
                                             <!--Optional:-->
                                             <siri:ConnectingVehicleJourneyRef>?</siri:ConnectingVehicleJourneyRef>
                                             <!--Optional:-->
                                             <siri:InterchangeStatusType>unknown</siri:InterchangeStatusType>
                                             <!--Zero or more repetitions:-->
                                             <siri:ConnectionLink>
                                                <!--Zero or more repetitions:-->
                                                <siri:ConnectionLinkRef>?</siri:ConnectionLinkRef>
                                                <!--Optional:-->
                                                <siri:ConnectionName xml:lang="?">?</siri:ConnectionName>
                                                <!--You have a CHOICE of the next 2 items at this level-->
                                                <siri:AllLines>?</siri:AllLines>
                                                <!--1 or more repetitions:-->
                                                <siri:LineRef>?</siri:LineRef>
                                                <!--Optional:-->
                                                <siri:ConnectingStopPointRef>?</siri:ConnectingStopPointRef>
                                                <!--Zero or more repetitions:-->
                                                <siri:ConnectingStopPointName xml:lang="?">?</siri:ConnectingStopPointName>
                                                <!--Optional:-->
                                                <siri:ConnectingZoneRef>?</siri:ConnectingZoneRef>
                                                <!--Optional:-->
                                                <siri:ConnectionDirection>both</siri:ConnectionDirection>
                                                <!--Zero or more repetitions:-->
                                                <siri:AffectedPathLink>
                                                   <!--Zero or more repetitions:-->
                                                   <siri:LinkRef>?</siri:LinkRef>
                                                   <!--Zero or more repetitions:-->
                                                   <siri:LinkName xml:lang="?">?</siri:LinkName>
                                                   <!--Optional:-->
                                                   <siri:AccessibilityFeature>?</siri:AccessibilityFeature>
                                                   <!--Zero or more repetitions:-->
                                                   <siri:LinkDirection>?</siri:LinkDirection>
                                                   <!--Optional:-->
                                                   <siri:LinkProjection>
                                                      <!--Optional:-->
                                                      <ifop:Features>
                                                         <!--1 or more repetitions:-->
                                                         <ifop:GisFeatureRef>
                                                            <ifop:FeatureIdRef>?</ifop:FeatureIdRef>
                                                            <!--Optional:-->
                                                            <ifop:FeatureType>?</ifop:FeatureType>
                                                         </ifop:GisFeatureRef>
                                                      </ifop:Features>
                                                      <!--Optional:-->
                                                      <ifop:Line>
                                                         <!--2 or more repetitions:-->
                                                         <ifop:PointProjection id="?" srsName="?">
                                                            <!--Optional:-->
                                                            <ifop:Features>
                                                               <!--1 or more repetitions:-->
                                                               <ifop:GisFeatureRef>
                                                                  <ifop:FeatureIdRef>?</ifop:FeatureIdRef>
                                                                  <!--Optional:-->
                                                                  <ifop:FeatureType>?</ifop:FeatureType>
                                                               </ifop:GisFeatureRef>
                                                            </ifop:Features>
                                                            <ifop:Longitude>?</ifop:Longitude>
                                                            <ifop:Latitude>?</ifop:Latitude>
                                                            <!--Optional:-->
                                                            <ifop:Altitude>?</ifop:Altitude>
                                                            <!--Optional:-->
                                                            <ifop:Coordinates>?</ifop:Coordinates>
                                                            <!--Optional:-->
                                                            <ifop:Precision>?</ifop:Precision>
                                                         </ifop:PointProjection>
                                                         <ifop:PointProjection id="?" srsName="?">
                                                            <!--Optional:-->
                                                            <ifop:Features>
                                                               <!--1 or more repetitions:-->
                                                               <ifop:GisFeatureRef>
                                                                  <ifop:FeatureIdRef>?</ifop:FeatureIdRef>
                                                                  <!--Optional:-->
                                                                  <ifop:FeatureType>?</ifop:FeatureType>
                                                               </ifop:GisFeatureRef>
                                                            </ifop:Features>
                                                            <ifop:Longitude>?</ifop:Longitude>
                                                            <ifop:Latitude>?</ifop:Latitude>
                                                            <!--Optional:-->
                                                            <ifop:Altitude>?</ifop:Altitude>
                                                            <!--Optional:-->
                                                            <ifop:Coordinates>?</ifop:Coordinates>
                                                            <!--Optional:-->
                                                            <ifop:Precision>?</ifop:Precision>
                                                         </ifop:PointProjection>
                                                      </ifop:Line>
                                                   </siri:LinkProjection>
                                                   <!--Optional:-->
                                                   <siri:Offset>
                                                      <!--Optional:-->
                                                      <siri:DistanceFromStart>?</siri:DistanceFromStart>
                                                      <!--Optional:-->
                                                      <siri:DistanceFromEnd>?</siri:DistanceFromEnd>
                                                   </siri:Offset>
                                                   <!--Optional:-->
                                                   <siri:Extensions>
                                                      <!--You may enter ANY elements at this point-->
                                                   </siri:Extensions>
                                                </siri:AffectedPathLink>
                                                <!--Optional:-->
                                                <siri:Extensions>
                                                   <!--You may enter ANY elements at this point-->
                                                </siri:Extensions>
                                             </siri:ConnectionLink>
                                             <!--Optional:-->
                                             <siri:Extensions>
                                                <!--You may enter ANY elements at this point-->
                                             </siri:Extensions>
                                          </siri:AffectedInterchange>
                                       </siri:Call>
                                    </siri:Calls>
                                    <!--Optional:-->
                                    <siri:Extensions>
                                       <!--You may enter ANY elements at this point-->
                                    </siri:Extensions>
                                 </siri:AffectedVehicleJourney>
                              </siri:VehicleJourneys>
                              <!--Optional:-->
                              <siri:Roads>
                                 <!--Optional:-->
                                 <siri:Datex2Locations>
                                    <!--Optional:-->
                                    <_0:groupOfLocationsExtension>
                                       <!--You may enter ANY elements at this point-->
                                    </_0:groupOfLocationsExtension>
                                 </siri:Datex2Locations>
                                 <!--Zero or more repetitions:-->
                                 <siri:AffectedRoad>
                                    <!--Optional:-->
                                    <siri:Road>
                                       <_0:roadsideReferencePointPrimaryLocation>
                                          <_0:roadsideReferencePoint>
                                             <_0:roadsideReferencePointIdentifier>?</_0:roadsideReferencePointIdentifier>
                                             <!--Optional:-->
                                             <_0:administrativeArea>
                                                <_0:values>
                                                   <!--1 or more repetitions:-->
                                                   <_0:value lang="?">?</_0:value>
                                                </_0:values>
                                             </_0:administrativeArea>
                                             <!--Optional:-->
                                             <_0:roadName>
                                                <_0:values>
                                                   <!--1 or more repetitions:-->
                                                   <_0:value lang="?">?</_0:value>
                                                </_0:values>
                                             </_0:roadName>
                                             <!--Optional:-->
                                             <_0:roadNumber>?</_0:roadNumber>
                                             <!--Optional:-->
                                             <_0:directionBound>?</_0:directionBound>
                                             <!--Optional:-->
                                             <_0:directionRelative>?</_0:directionRelative>
                                             <!--Optional:-->
                                             <_0:distanceFromPrevious>?</_0:distanceFromPrevious>
                                             <!--Optional:-->
                                             <_0:distanceToNext>?</_0:distanceToNext>
                                             <!--Optional:-->
                                             <_0:elevatedRoadSection>?</_0:elevatedRoadSection>
                                             <!--Optional:-->
                                             <_0:roadsideReferencePointDescription>
                                                <_0:values>
                                                   <!--1 or more repetitions:-->
                                                   <_0:value lang="?">?</_0:value>
                                                </_0:values>
                                             </_0:roadsideReferencePointDescription>
                                             <!--Optional:-->
                                             <_0:roadsideReferencePointDistance>?</_0:roadsideReferencePointDistance>
                                             <!--Optional:-->
                                             <_0:roadsideReferencePointExtension>
                                                <!--You may enter ANY elements at this point-->
                                             </_0:roadsideReferencePointExtension>
                                          </_0:roadsideReferencePoint>
                                          <!--Optional:-->
                                          <_0:roadsideReferencePointPrimaryLocationExtension>
                                             <!--You may enter ANY elements at this point-->
                                          </_0:roadsideReferencePointPrimaryLocationExtension>
                                       </_0:roadsideReferencePointPrimaryLocation>
                                       <_0:roadsideReferencePointSecondaryLocation>
                                          <_0:roadsideReferencePoint>
                                             <_0:roadsideReferencePointIdentifier>?</_0:roadsideReferencePointIdentifier>
                                             <!--Optional:-->
                                             <_0:administrativeArea>
                                                <_0:values>
                                                   <!--1 or more repetitions:-->
                                                   <_0:value lang="?">?</_0:value>
                                                </_0:values>
                                             </_0:administrativeArea>
                                             <!--Optional:-->
                                             <_0:roadName>
                                                <_0:values>
                                                   <!--1 or more repetitions:-->
                                                   <_0:value lang="?">?</_0:value>
                                                </_0:values>
                                             </_0:roadName>
                                             <!--Optional:-->
                                             <_0:roadNumber>?</_0:roadNumber>
                                             <!--Optional:-->
                                             <_0:directionBound>?</_0:directionBound>
                                             <!--Optional:-->
                                             <_0:directionRelative>?</_0:directionRelative>
                                             <!--Optional:-->
                                             <_0:distanceFromPrevious>?</_0:distanceFromPrevious>
                                             <!--Optional:-->
                                             <_0:distanceToNext>?</_0:distanceToNext>
                                             <!--Optional:-->
                                             <_0:elevatedRoadSection>?</_0:elevatedRoadSection>
                                             <!--Optional:-->
                                             <_0:roadsideReferencePointDescription>
                                                <_0:values>
                                                   <!--1 or more repetitions:-->
                                                   <_0:value lang="?">?</_0:value>
                                                </_0:values>
                                             </_0:roadsideReferencePointDescription>
                                             <!--Optional:-->
                                             <_0:roadsideReferencePointDistance>?</_0:roadsideReferencePointDistance>
                                             <!--Optional:-->
                                             <_0:roadsideReferencePointExtension>
                                                <!--You may enter ANY elements at this point-->
                                             </_0:roadsideReferencePointExtension>
                                          </_0:roadsideReferencePoint>
                                          <!--Optional:-->
                                          <_0:roadsideReferencePointSecondaryLocationExtension>
                                             <!--You may enter ANY elements at this point-->
                                          </_0:roadsideReferencePointSecondaryLocationExtension>
                                       </_0:roadsideReferencePointSecondaryLocation>
                                       <!--Optional:-->
                                       <_0:roadsideReferencePointLinearExtension>
                                          <!--You may enter ANY elements at this point-->
                                       </_0:roadsideReferencePointLinearExtension>
                                    </siri:Road>
                                    <!--Optional:-->
                                    <siri:LinkProjection>
                                       <!--Optional:-->
                                       <ifop:Features>
                                          <!--1 or more repetitions:-->
                                          <ifop:GisFeatureRef>
                                             <ifop:FeatureIdRef>?</ifop:FeatureIdRef>
                                             <!--Optional:-->
                                             <ifop:FeatureType>?</ifop:FeatureType>
                                          </ifop:GisFeatureRef>
                                       </ifop:Features>
                                       <!--Optional:-->
                                       <ifop:Line>
                                          <!--2 or more repetitions:-->
                                          <ifop:PointProjection id="?" srsName="?">
                                             <!--Optional:-->
                                             <ifop:Features>
                                                <!--1 or more repetitions:-->
                                                <ifop:GisFeatureRef>
                                                   <ifop:FeatureIdRef>?</ifop:FeatureIdRef>
                                                   <!--Optional:-->
                                                   <ifop:FeatureType>?</ifop:FeatureType>
                                                </ifop:GisFeatureRef>
                                             </ifop:Features>
                                             <ifop:Longitude>?</ifop:Longitude>
                                             <ifop:Latitude>?</ifop:Latitude>
                                             <!--Optional:-->
                                             <ifop:Altitude>?</ifop:Altitude>
                                             <!--Optional:-->
                                             <ifop:Coordinates>?</ifop:Coordinates>
                                             <!--Optional:-->
                                             <ifop:Precision>?</ifop:Precision>
                                          </ifop:PointProjection>
                                          <ifop:PointProjection id="?" srsName="?">
                                             <!--Optional:-->
                                             <ifop:Features>
                                                <!--1 or more repetitions:-->
                                                <ifop:GisFeatureRef>
                                                   <ifop:FeatureIdRef>?</ifop:FeatureIdRef>
                                                   <!--Optional:-->
                                                   <ifop:FeatureType>?</ifop:FeatureType>
                                                </ifop:GisFeatureRef>
                                             </ifop:Features>
                                             <ifop:Longitude>?</ifop:Longitude>
                                             <ifop:Latitude>?</ifop:Latitude>
                                             <!--Optional:-->
                                             <ifop:Altitude>?</ifop:Altitude>
                                             <!--Optional:-->
                                             <ifop:Coordinates>?</ifop:Coordinates>
                                             <!--Optional:-->
                                             <ifop:Precision>?</ifop:Precision>
                                          </ifop:PointProjection>
                                       </ifop:Line>
                                    </siri:LinkProjection>
                                    <!--Optional:-->
                                    <siri:Offset>
                                       <!--Optional:-->
                                       <siri:DistanceFromStart>?</siri:DistanceFromStart>
                                       <!--Optional:-->
                                       <siri:DistanceFromEnd>?</siri:DistanceFromEnd>
                                    </siri:Offset>
                                 </siri:AffectedRoad>
                              </siri:Roads>
                              <!--Optional:-->
                              <siri:Extensions>
                                 <!--You may enter ANY elements at this point-->
                              </siri:Extensions>
                           </siri:Affects>
                           <!--Optional:-->
                           <siri:Suitabilities>
                              <!--1 or more repetitions:-->
                              <siri:Suitability>
                                 <acsb:Suitable>?</acsb:Suitable>
                                 <acsb:UserNeed>
                                    <!--You have a CHOICE of the next 4 items at this level-->
                                    <acsb:MobilityNeed>?</acsb:MobilityNeed>
                                    <acsb:PsychosensoryNeed>?</acsb:PsychosensoryNeed>
                                    <acsb:MedicalNeed>?</acsb:MedicalNeed>
                                    <acsb:EncumbranceNeed>?</acsb:EncumbranceNeed>
                                    <!--Optional:-->
                                    <acsb:Excluded>?</acsb:Excluded>
                                    <!--Optional:-->
                                    <acsb:NeedRanking>?</acsb:NeedRanking>
                                    <!--Optional:-->
                                    <acsb:Extensions>?</acsb:Extensions>
                                 </acsb:UserNeed>
                              </siri:Suitability>
                           </siri:Suitabilities>
                           <!--Optional:-->
                           <siri:Advice>
                              <!--Optional:-->
                              <siri:AdviceRef>?</siri:AdviceRef>
                              <!--Zero or more repetitions:-->
                              <siri:Details xml:lang="?">?</siri:Details>
                           </siri:Advice>
                           <!--Optional:-->
                           <siri:Blocking>
                              <!--Optional:-->
                              <siri:JourneyPlanner>false</siri:JourneyPlanner>
                              <!--Optional:-->
                              <siri:RealTime>false</siri:RealTime>
                           </siri:Blocking>
                           <!--Optional:-->
                           <siri:Boarding>
                              <!--Optional:-->
                              <siri:ArrivalBoardingActivity>alighting</siri:ArrivalBoardingActivity>
                              <!--Optional:-->
                              <siri:DepartureBoardingActivity>boarding</siri:DepartureBoardingActivity>
                           </siri:Boarding>
                           <!--Optional:-->
                           <siri:Delays>
                              <!--Optional:-->
                              <siri:DelayBand>?</siri:DelayBand>
                              <!--Optional:-->
                              <siri:DelayType>?</siri:DelayType>
                              <!--Optional:-->
                              <siri:Delay>?</siri:Delay>
                           </siri:Delays>
                           <!--Optional:-->
                           <siri:Casualties>
                              <!--Optional:-->
                              <siri:NumberOfDeaths>?</siri:NumberOfDeaths>
                              <!--Optional:-->
                              <siri:NumberOfInjured>?</siri:NumberOfInjured>
                           </siri:Casualties>
                           <!--Zero or more repetitions:-->
                           <siri:Easements>
                              <!--Optional:-->
                              <siri:TicketRestrictions>?</siri:TicketRestrictions>
                              <!--Zero or more repetitions:-->
                              <siri:Easement xml:lang="?">?</siri:Easement>
                              <!--Optional:-->
                              <siri:EasementRef>?</siri:EasementRef>
                           </siri:Easements>
                           <!--Optional:-->
                           <siri:Extensions>
                              <!--You may enter ANY elements at this point-->
                           </siri:Extensions>
                        </siri:Consequence>
                     </siri:Consequences>
                     <!--Optional:-->
                     <siri:PublishingActions>
                        <!--Zero or more repetitions:-->
                        <siri:PublishToWebAction>
                           <!--Optional:-->
                           <siri:ActionStatus>open</siri:ActionStatus>
                           <!--Optional:-->
                           <siri:Description xml:lang="?">?</siri:Description>
                           <!--Zero or more repetitions:-->
                           <siri:ActionData>
                              <siri:Name>?</siri:Name>
                              <siri:Type>?</siri:Type>
                              <!--1 or more repetitions:-->
                              <siri:Value>?</siri:Value>
                              <!--Zero or more repetitions:-->
                              <siri:Prompt xml:lang="?">?</siri:Prompt>
                           </siri:ActionData>
                           <!--Optional:-->
                           <siri:Incidents>true</siri:Incidents>
                           <!--Optional:-->
                           <siri:HomePage>false</siri:HomePage>
                           <!--Optional:-->
                           <siri:Ticker>false</siri:Ticker>
                        </siri:PublishToWebAction>
                        <!--Zero or more repetitions:-->
                        <siri:PublishToMobileAction>
                           <!--Optional:-->
                           <siri:ActionStatus>open</siri:ActionStatus>
                           <!--Optional:-->
                           <siri:Description xml:lang="?">?</siri:Description>
                           <!--Zero or more repetitions:-->
                           <siri:ActionData>
                              <siri:Name>?</siri:Name>
                              <siri:Type>?</siri:Type>
                              <!--1 or more repetitions:-->
                              <siri:Value>?</siri:Value>
                              <!--Zero or more repetitions:-->
                              <siri:Prompt xml:lang="?">?</siri:Prompt>
                           </siri:ActionData>
                           <!--Optional:-->
                           <siri:Incidents>true</siri:Incidents>
                           <!--Optional:-->
                           <siri:HomePage>false</siri:HomePage>
                        </siri:PublishToMobileAction>
                        <!--Optional:-->
                        <siri:PublishToTvAction>
                           <!--Optional:-->
                           <siri:ActionStatus>open</siri:ActionStatus>
                           <!--Optional:-->
                           <siri:Description xml:lang="?">?</siri:Description>
                           <!--Zero or more repetitions:-->
                           <siri:ActionData>
                              <siri:Name>?</siri:Name>
                              <siri:Type>?</siri:Type>
                              <!--1 or more repetitions:-->
                              <siri:Value>?</siri:Value>
                              <!--Zero or more repetitions:-->
                              <siri:Prompt xml:lang="?">?</siri:Prompt>
                           </siri:ActionData>
                           <!--Optional:-->
                           <siri:Ceefax>true</siri:Ceefax>
                           <!--Optional:-->
                           <siri:Teletext>true</siri:Teletext>
                        </siri:PublishToTvAction>
                        <!--Zero or more repetitions:-->
                        <siri:PublishToAlertsAction>
                           <!--Optional:-->
                           <siri:ActionStatus>open</siri:ActionStatus>
                           <!--Optional:-->
                           <siri:Description xml:lang="?">?</siri:Description>
                           <!--Zero or more repetitions:-->
                           <siri:ActionData>
                              <siri:Name>?</siri:Name>
                              <siri:Type>?</siri:Type>
                              <!--1 or more repetitions:-->
                              <siri:Value>?</siri:Value>
                              <!--Zero or more repetitions:-->
                              <siri:Prompt xml:lang="?">?</siri:Prompt>
                           </siri:ActionData>
                           <!--Optional:-->
                           <siri:BeforeNotices>
                              <!--Zero or more repetitions:-->
                              <siri:Interval>?</siri:Interval>
                           </siri:BeforeNotices>
                           <!--Optional:-->
                           <siri:ClearNotice>?</siri:ClearNotice>
                           <!--Optional:-->
                           <siri:ByEmail>true</siri:ByEmail>
                           <!--Optional:-->
                           <siri:ByMobile>true</siri:ByMobile>
                        </siri:PublishToAlertsAction>
                        <!--Zero or more repetitions:-->
                        <siri:ManualAction>
                           <!--Optional:-->
                           <siri:ActionStatus>open</siri:ActionStatus>
                           <!--Optional:-->
                           <siri:Description xml:lang="?">?</siri:Description>
                           <!--Zero or more repetitions:-->
                           <siri:ActionData>
                              <siri:Name>?</siri:Name>
                              <siri:Type>?</siri:Type>
                              <!--1 or more repetitions:-->
                              <siri:Value>?</siri:Value>
                              <!--Zero or more repetitions:-->
                              <siri:Prompt xml:lang="?">?</siri:Prompt>
                           </siri:ActionData>
                        </siri:ManualAction>
                        <!--Zero or more repetitions:-->
                        <siri:NotifyByEmailAction>
                           <!--Optional:-->
                           <siri:ActionStatus>open</siri:ActionStatus>
                           <!--Optional:-->
                           <siri:Description xml:lang="?">?</siri:Description>
                           <!--Zero or more repetitions:-->
                           <siri:ActionData>
                              <siri:Name>?</siri:Name>
                              <siri:Type>?</siri:Type>
                              <!--1 or more repetitions:-->
                              <siri:Value>?</siri:Value>
                              <!--Zero or more repetitions:-->
                              <siri:Prompt xml:lang="?">?</siri:Prompt>
                           </siri:ActionData>
                           <!--Optional:-->
                           <siri:BeforeNotices>
                              <!--Zero or more repetitions:-->
                              <siri:Interval>?</siri:Interval>
                           </siri:BeforeNotices>
                           <!--Optional:-->
                           <siri:ClearNotice>?</siri:ClearNotice>
                           <!--Optional:-->
                           <siri:email>?</siri:email>
                        </siri:NotifyByEmailAction>
                        <!--Optional:-->
                        <siri:NotifyBySmsAction>
                           <!--Optional:-->
                           <siri:ActionStatus>open</siri:ActionStatus>
                           <!--Optional:-->
                           <siri:Description xml:lang="?">?</siri:Description>
                           <!--Zero or more repetitions:-->
                           <siri:ActionData>
                              <siri:Name>?</siri:Name>
                              <siri:Type>?</siri:Type>
                              <!--1 or more repetitions:-->
                              <siri:Value>?</siri:Value>
                              <!--Zero or more repetitions:-->
                              <siri:Prompt xml:lang="?">?</siri:Prompt>
                           </siri:ActionData>
                           <!--Optional:-->
                           <siri:BeforeNotices>
                              <!--Zero or more repetitions:-->
                              <siri:Interval>?</siri:Interval>
                           </siri:BeforeNotices>
                           <!--Optional:-->
                           <siri:ClearNotice>?</siri:ClearNotice>
                           <!--Optional:-->
                           <siri:Phone>true</siri:Phone>
                           <!--Optional:-->
                           <siri:Premium>false</siri:Premium>
                        </siri:NotifyBySmsAction>
                        <!--Zero or more repetitions:-->
                        <siri:NotifyByPagerAction>
                           <!--Optional:-->
                           <siri:ActionStatus>open</siri:ActionStatus>
                           <!--Optional:-->
                           <siri:Description xml:lang="?">?</siri:Description>
                           <!--Zero or more repetitions:-->
                           <siri:ActionData>
                              <siri:Name>?</siri:Name>
                              <siri:Type>?</siri:Type>
                              <!--1 or more repetitions:-->
                              <siri:Value>?</siri:Value>
                              <!--Zero or more repetitions:-->
                              <siri:Prompt xml:lang="?">?</siri:Prompt>
                           </siri:ActionData>
                           <!--Optional:-->
                           <siri:BeforeNotices>
                              <!--Zero or more repetitions:-->
                              <siri:Interval>?</siri:Interval>
                           </siri:BeforeNotices>
                           <!--Optional:-->
                           <siri:ClearNotice>?</siri:ClearNotice>
                           <!--Optional:-->
                           <siri:PagerGroupRef>?</siri:PagerGroupRef>
                           <!--Optional:-->
                           <siri:Pager>true</siri:Pager>
                        </siri:NotifyByPagerAction>
                        <!--Zero or more repetitions:-->
                        <siri:NotifyUserAction>
                           <!--Optional:-->
                           <siri:ActionStatus>open</siri:ActionStatus>
                           <!--Optional:-->
                           <siri:Description xml:lang="?">?</siri:Description>
                           <!--Zero or more repetitions:-->
                           <siri:ActionData>
                              <siri:Name>?</siri:Name>
                              <siri:Type>?</siri:Type>
                              <!--1 or more repetitions:-->
                              <siri:Value>?</siri:Value>
                              <!--Zero or more repetitions:-->
                              <siri:Prompt xml:lang="?">?</siri:Prompt>
                           </siri:ActionData>
                           <!--Optional:-->
                           <siri:BeforeNotices>
                              <!--Zero or more repetitions:-->
                              <siri:Interval>?</siri:Interval>
                           </siri:BeforeNotices>
                           <!--Optional:-->
                           <siri:ClearNotice>?</siri:ClearNotice>
                           <!--Optional:-->
                           <siri:WorkgroupRef>true</siri:WorkgroupRef>
                           <!--Optional:-->
                           <siri:UserName>?</siri:UserName>
                           <!--Optional:-->
                           <siri:UserRef>true</siri:UserRef>
                        </siri:NotifyUserAction>
                        <!--Optional:-->
                        <siri:Extensions>?</siri:Extensions>
                     </siri:PublishingActions>
                     <!--Optional:-->
                     <siri:Extensions>
                        <!--You may enter ANY elements at this point-->
                     </siri:Extensions>
                  </siri:PtSituationElement>
                  <!--Zero or more repetitions:-->
                  <siri:RoadSituationElement>
                     <siri:CreationTime>?</siri:CreationTime>
                     <!--Optional:-->
                     <siri:CountryRef>?</siri:CountryRef>
                     <!--Optional:-->
                     <siri:ParticipantRef>?</siri:ParticipantRef>
                     <siri:SituationNumber>?</siri:SituationNumber>
                     <!--Optional:-->
                     <siri:UpdateCountryRef>?</siri:UpdateCountryRef>
                     <!--Optional:-->
                     <siri:UpdateParticipantRef>?</siri:UpdateParticipantRef>
                     <!--Optional:-->
                     <siri:Version>?</siri:Version>
                     <!--Optional:-->
                     <siri:References>
                        <!--1 or more repetitions:-->
                        <siri:RelatedToRef>
                           <siri:CreationTime>?</siri:CreationTime>
                           <!--Optional:-->
                           <siri:CountryRef>?</siri:CountryRef>
                           <!--Optional:-->
                           <siri:ParticipantRef>?</siri:ParticipantRef>
                           <siri:SituationNumber>?</siri:SituationNumber>
                           <!--Optional:-->
                           <siri:UpdateCountryRef>?</siri:UpdateCountryRef>
                           <!--Optional:-->
                           <siri:UpdateParticipantRef>?</siri:UpdateParticipantRef>
                           <!--Optional:-->
                           <siri:Version>?</siri:Version>
                           <!--Optional:-->
                           <siri:ExternalReference>?</siri:ExternalReference>
                           <!--Optional:-->
                           <siri:RelatedAs>?</siri:RelatedAs>
                           <!--Optional:-->
                           <siri:Extensions>
                              <!--You may enter ANY elements at this point-->
                           </siri:Extensions>
                        </siri:RelatedToRef>
                     </siri:References>
                     <siri:Source>
                        <!--Optional:-->
                        <siri:Country>?</siri:Country>
                        <siri:SourceType>?</siri:SourceType>
                        <!--Optional:-->
                        <siri:Email>?</siri:Email>
                        <!--Optional:-->
                        <siri:Phone>?</siri:Phone>
                        <!--Optional:-->
                        <siri:Fax>?</siri:Fax>
                        <!--Optional:-->
                        <siri:Web>?</siri:Web>
                        <!--Optional:-->
                        <siri:Other>?</siri:Other>
                        <!--Optional:-->
                        <siri:SourceMethod>?</siri:SourceMethod>
                        <!--Optional:-->
                        <siri:AgentReference>?</siri:AgentReference>
                        <!--Optional:-->
                        <siri:Name xml:lang="?">?</siri:Name>
                        <!--Optional:-->
                        <siri:SourceRole>?</siri:SourceRole>
                        <!--Optional:-->
                        <siri:TimeOfCommunication>?</siri:TimeOfCommunication>
                        <!--Optional:-->
                        <siri:ExternalCode>?</siri:ExternalCode>
                        <!--Optional:-->
                        <siri:SourceFile>?</siri:SourceFile>
                        <!--Optional:-->
                        <siri:Extensions>
                           <!--You may enter ANY elements at this point-->
                        </siri:Extensions>
                     </siri:Source>
                     <!--Optional:-->
                     <siri:VersionedAtTime>?</siri:VersionedAtTime>
                     <!--Optional:-->
                     <siri:Verification>?</siri:Verification>
                     <!--Optional:-->
                     <siri:Progress>open</siri:Progress>
                     <!--Optional:-->
                     <siri:QualityIndex>?</siri:QualityIndex>
                     <!--Optional:-->
                     <siri:Reality>?</siri:Reality>
                     <!--Optional:-->
                     <siri:Likelihood>?</siri:Likelihood>
                     <!--Zero or more repetitions:-->
                     <siri:Publication>?</siri:Publication>
                     <!--1 or more repetitions:-->
                     <siri:ValidityPeriod>
                        <siri:StartTime>?</siri:StartTime>
                        <!--Optional:-->
                        <siri:EndTime>?</siri:EndTime>
                     </siri:ValidityPeriod>
                     <!--Optional:-->
                     <siri:Repetitions>
                        <!--1 or more repetitions:-->
                        <siri:DayType>everyDay</siri:DayType>
                     </siri:Repetitions>
                     <!--Optional:-->
                     <siri:PublicationWindow>
                        <siri:StartTime>?</siri:StartTime>
                        <!--Optional:-->
                        <siri:EndTime>?</siri:EndTime>
                     </siri:PublicationWindow>
                     <!--You have a CHOICE of the next 6 items at this level-->
                     <siri:UnknownReason>?</siri:UnknownReason>
                     <siri:MiscellaneousReason>?</siri:MiscellaneousReason>
                     <siri:PersonnelReason>?</siri:PersonnelReason>
                     <siri:EquipmentReason>?</siri:EquipmentReason>
                     <siri:EnvironmentReason>?</siri:EnvironmentReason>
                     <siri:UndefinedReason>?</siri:UndefinedReason>
                     <!--Optional:-->
                     <siri:PublicEventReason>?</siri:PublicEventReason>
                     <!--Zero or more repetitions:-->
                     <siri:ReasonName xml:lang="?">?</siri:ReasonName>
                     <!--Optional:-->
                     <siri:Severity>normal</siri:Severity>
                     <!--Optional:-->
                     <siri:Priority>?</siri:Priority>
                     <!--Optional:-->
                     <siri:Sensitivity>?</siri:Sensitivity>
                     <!--Optional:-->
                     <siri:Audience>public</siri:Audience>
                     <!--Optional:-->
                     <siri:ScopeType>?</siri:ScopeType>
                     <!--Optional:-->
                     <siri:ReportType>unknown</siri:ReportType>
                     <!--Optional:-->
                     <siri:Planned>false</siri:Planned>
                     <!--Optional:-->
                     <siri:Keywords>?</siri:Keywords>
                     <!--Optional:-->
                     <siri:SecondaryReasons>
                        <siri:Reason>
                           <!--You have a CHOICE of the next 6 items at this level-->
                           <siri:UnknownReason>?</siri:UnknownReason>
                           <siri:MiscellaneousReason>?</siri:MiscellaneousReason>
                           <siri:PersonnelReason>?</siri:PersonnelReason>
                           <siri:EquipmentReason>?</siri:EquipmentReason>
                           <siri:EnvironmentReason>?</siri:EnvironmentReason>
                           <siri:UndefinedReason>?</siri:UndefinedReason>
                           <!--Optional:-->
                           <siri:PublicEventReason>?</siri:PublicEventReason>
                           <!--Zero or more repetitions:-->
                           <siri:ReasonName xml:lang="?">?</siri:ReasonName>
                        </siri:Reason>
                     </siri:SecondaryReasons>
                     <!--Optional:-->
                     <siri:Language>en</siri:Language>
                     <!--Zero or more repetitions:-->
                     <siri:Summary xml:lang="?" overridden="true">?</siri:Summary>
                     <!--Zero or more repetitions:-->
                     <siri:Description xml:lang="?" overridden="true">?</siri:Description>
                     <!--Zero or more repetitions:-->
                     <siri:Detail xml:lang="?" overridden="true">?</siri:Detail>
                     <!--Zero or more repetitions:-->
                     <siri:Advice xml:lang="?" overridden="true">?</siri:Advice>
                     <!--Optional:-->
                     <siri:Internal xml:lang="?" overridden="true">?</siri:Internal>
                     <!--Optional:-->
                     <siri:Images>
                        <!--1 or more repetitions:-->
                        <siri:Image>
                           <!--You have a CHOICE of the next 2 items at this level-->
                           <siri:ImageRef>?</siri:ImageRef>
                           <siri:ImageBinary>cid:637467965933</siri:ImageBinary>
                           <!--Optional:-->
                           <siri:ImageContent>?</siri:ImageContent>
                        </siri:Image>
                     </siri:Images>
                     <!--Optional:-->
                     <siri:InfoLinks>
                        <!--1 or more repetitions:-->
                        <siri:InfoLink>
                           <siri:Uri>?</siri:Uri>
                           <!--Zero or more repetitions:-->
                           <siri:Label xml:lang="?">?</siri:Label>
                           <!--Optional:-->
                           <siri:Image>
                              <!--You have a CHOICE of the next 2 items at this level-->
                              <siri:ImageRef>?</siri:ImageRef>
                              <siri:ImageBinary>cid:918532564275</siri:ImageBinary>
                              <!--Optional:-->
                              <siri:ImageContent>?</siri:ImageContent>
                           </siri:Image>
                           <!--Optional:-->
                           <siri:LinkContent>?</siri:LinkContent>
                        </siri:InfoLink>
                     </siri:InfoLinks>
                     <!--Optional:-->
                     <siri:Affects>
                        <!--Optional:-->
                        <siri:AreaOfInterest>?</siri:AreaOfInterest>
                        <!--Optional:-->
                        <siri:Operators>
                           <!--You have a CHOICE of the next 2 items at this level-->
                           <siri:AllOperators>?</siri:AllOperators>
                           <!--1 or more repetitions:-->
                           <siri:AffectedOperator>
                              <!--Optional:-->
                              <siri:OperatorRef>?</siri:OperatorRef>
                              <!--Zero or more repetitions:-->
                              <siri:OperatorName xml:lang="?">?</siri:OperatorName>
                              <!--Zero or more repetitions:-->
                              <siri:OperatorShortName xml:lang="?">?</siri:OperatorShortName>
                              <!--Zero or more repetitions:-->
                              <siri:OperationalUnitRef>?</siri:OperationalUnitRef>
                              <!--Optional:-->
                              <siri:Extensions>
                                 <!--You may enter ANY elements at this point-->
                              </siri:Extensions>
                           </siri:AffectedOperator>
                        </siri:Operators>
                        <!--Optional:-->
                        <siri:Networks>
                           <!--1 or more repetitions:-->
                           <siri:AffectedNetwork>
                              <!--Zero or more repetitions:-->
                              <siri:AffectedOperator>
                                 <!--Optional:-->
                                 <siri:OperatorRef>?</siri:OperatorRef>
                                 <!--Zero or more repetitions:-->
                                 <siri:OperatorName xml:lang="?">?</siri:OperatorName>
                                 <!--Zero or more repetitions:-->
                                 <siri:OperatorShortName xml:lang="?">?</siri:OperatorShortName>
                                 <!--Zero or more repetitions:-->
                                 <siri:OperationalUnitRef>?</siri:OperationalUnitRef>
                                 <!--Optional:-->
                                 <siri:Extensions>
                                    <!--You may enter ANY elements at this point-->
                                 </siri:Extensions>
                              </siri:AffectedOperator>
                              <!--Optional:-->
                              <siri:NetworkRef>?</siri:NetworkRef>
                              <!--Zero or more repetitions:-->
                              <siri:NetworkName xml:lang="?">?</siri:NetworkName>
                              <!--Zero or more repetitions:-->
                              <siri:RoutesAffected xml:lang="?">?</siri:RoutesAffected>
                              <!--Optional:-->
                              <siri:VehicleMode>unknown</siri:VehicleMode>
                              <!--You have a CHOICE of the next 7 items at this level-->
                              <siri:AirSubmode>unknown</siri:AirSubmode>
                              <siri:BusSubmode>unknown</siri:BusSubmode>
                              <siri:CoachSubmode>unknown</siri:CoachSubmode>
                              <siri:MetroSubmode>unknown</siri:MetroSubmode>
                              <siri:RailSubmode>unknown</siri:RailSubmode>
                              <siri:TramSubmode>unknown</siri:TramSubmode>
                              <siri:WaterSubmode>unknown</siri:WaterSubmode>
                              <!--Optional:-->
                              <siri:AccessMode>?</siri:AccessMode>
                              <!--You have a CHOICE of the next 3 items at this level-->
                              <siri:AllLines>?</siri:AllLines>
                              <siri:SelectedRoutes>?</siri:SelectedRoutes>
                              <!--1 or more repetitions:-->
                              <siri:AffectedLine>
                                 <!--Zero or more repetitions:-->
                                 <siri:AffectedOperator>
                                    <!--Optional:-->
                                    <siri:OperatorRef>?</siri:OperatorRef>
                                    <!--Zero or more repetitions:-->
                                    <siri:OperatorName xml:lang="?">?</siri:OperatorName>
                                    <!--Zero or more repetitions:-->
                                    <siri:OperatorShortName xml:lang="?">?</siri:OperatorShortName>
                                    <!--Zero or more repetitions:-->
                                    <siri:OperationalUnitRef>?</siri:OperationalUnitRef>
                                    <!--Optional:-->
                                    <siri:Extensions>
                                       <!--You may enter ANY elements at this point-->
                                    </siri:Extensions>
                                 </siri:AffectedOperator>
                                 <!--1 or more repetitions:-->
                                 <siri:LineRef>?</siri:LineRef>
                                 <!--Zero or more repetitions:-->
                                 <siri:Destinations>
                                    <!--Optional:-->
                                    <siri:StopPointRef>?</siri:StopPointRef>
                                    <!--Optional:-->
                                    <siri:PrivateRef>?</siri:PrivateRef>
                                    <!--Zero or more repetitions:-->
                                    <siri:StopPointName xml:lang="?">?</siri:StopPointName>
                                    <!--Optional:-->
                                    <siri:StopPointType>?</siri:StopPointType>
                                    <!--Optional:-->
                                    <siri:Location id="?" srsName="?">
                                       <!--You have a CHOICE of the next 2 items at this level-->
                                       <siri:Longitude>?</siri:Longitude>
                                       <siri:Latitude>?</siri:Latitude>
                                       <siri:Coordinates>?</siri:Coordinates>
                                       <!--Optional:-->
                                       <siri:Precision>?</siri:Precision>
                                    </siri:Location>
                                    <!--Optional:-->
                                    <siri:AffectedModes>
                                       <!--You have a CHOICE of the next 2 items at this level-->
                                       <!--Optional:-->
                                       <siri:AllModes>?</siri:AllModes>
                                       <!--Zero or more repetitions:-->
                                       <siri:Mode>
                                          <!--Optional:-->
                                          <siri:VehicleMode>unknown</siri:VehicleMode>
                                          <!--You have a CHOICE of the next 7 items at this level-->
                                          <siri:AirSubmode>unknown</siri:AirSubmode>
                                          <siri:BusSubmode>unknown</siri:BusSubmode>
                                          <siri:CoachSubmode>unknown</siri:CoachSubmode>
                                          <siri:MetroSubmode>unknown</siri:MetroSubmode>
                                          <siri:RailSubmode>unknown</siri:RailSubmode>
                                          <siri:TramSubmode>unknown</siri:TramSubmode>
                                          <siri:WaterSubmode>unknown</siri:WaterSubmode>
                                          <!--Optional:-->
                                          <siri:AccessMode>?</siri:AccessMode>
                                       </siri:Mode>
                                    </siri:AffectedModes>
                                    <!--Optional:-->
                                    <siri:PlaceRef>?</siri:PlaceRef>
                                    <!--Zero or more repetitions:-->
                                    <siri:PlaceName xml:lang="?">?</siri:PlaceName>
                                    <!--Optional:-->
                                    <siri:AccessibilityAssessment>
                                       <acsb:MobilityImpairedAccess>?</acsb:MobilityImpairedAccess>
                                       <!--Optional:-->
                                       <acsb:Limitations>
                                          <!--1 or more repetitions:-->
                                          <acsb:AccessibilityLimitation>
                                             <!--Optional:-->
                                             <acsb:LimitationId>?</acsb:LimitationId>
                                             <!--Optional:-->
                                             <acsb:ValidityCondition>
                                                <!--Optional:-->
                                                <ifop:FromDateTime>?</ifop:FromDateTime>
                                                <!--Optional:-->
                                                <ifop:ToDateTime>?</ifop:ToDateTime>
                                                <!--Optional:-->
                                                <ifop:DayType>?</ifop:DayType>
                                                <!--Zero or more repetitions:-->
                                                <ifop:Timebands>
                                                   <ifop:Timeband>
                                                      <ifop:StartTime>?</ifop:StartTime>
                                                      <!--Optional:-->
                                                      <ifop:EndTime>?</ifop:EndTime>
                                                   </ifop:Timeband>
                                                </ifop:Timebands>
                                             </acsb:ValidityCondition>
                                             <acsb:WheelchairAccess>false</acsb:WheelchairAccess>
                                             <!--Optional:-->
                                             <acsb:StepFreeAccess>unknown</acsb:StepFreeAccess>
                                             <!--Optional:-->
                                             <acsb:EscalatorFreeAccess>unknown</acsb:EscalatorFreeAccess>
                                             <!--Optional:-->
                                             <acsb:LiftFreeAccess>unknown</acsb:LiftFreeAccess>
                                             <!--Optional:-->
                                             <acsb:AudibleSignalsAvailable>false</acsb:AudibleSignalsAvailable>
                                             <!--Optional:-->
                                             <acsb:VisualSignsAvailable>unknown</acsb:VisualSignsAvailable>
                                             <!--Optional:-->
                                             <ifop:Extensions>
                                                montis
                                                <!--You may enter ANY elements at this point-->
                                                rapidum
                                             </ifop:Extensions>
                                          </acsb:AccessibilityLimitation>
                                       </acsb:Limitations>
                                       <!--Optional:-->
                                       <acsb:Suitabilities>
                                          <!--1 or more repetitions:-->
                                          <acsb:Suitability>
                                             <acsb:Suitable>?</acsb:Suitable>
                                             <acsb:UserNeed>
                                                <!--You have a CHOICE of the next 4 items at this level-->
                                                <acsb:MobilityNeed>?</acsb:MobilityNeed>
                                                <acsb:PsychosensoryNeed>?</acsb:PsychosensoryNeed>
                                                <acsb:MedicalNeed>?</acsb:MedicalNeed>
                                                <acsb:EncumbranceNeed>?</acsb:EncumbranceNeed>
                                                <!--Optional:-->
                                                <acsb:Excluded>?</acsb:Excluded>
                                                <!--Optional:-->
                                                <acsb:NeedRanking>?</acsb:NeedRanking>
                                                <!--Optional:-->
                                                <acsb:Extensions>?</acsb:Extensions>
                                             </acsb:UserNeed>
                                          </acsb:Suitability>
                                       </acsb:Suitabilities>
                                       <!--Optional:-->
                                       <ifop:Extensions>
                                          habenas
                                          <!--You may enter ANY elements at this point-->
                                          insuper
                                       </ifop:Extensions>
                                    </siri:AccessibilityAssessment>
                                    <!--Optional:-->
                                    <siri:ConnectionLinks>
                                       <!--1 or more repetitions:-->
                                       <siri:AffectedConnectionLink>
                                          <!--Zero or more repetitions:-->
                                          <siri:ConnectionLinkRef>?</siri:ConnectionLinkRef>
                                          <!--Optional:-->
                                          <siri:ConnectionName xml:lang="?">?</siri:ConnectionName>
                                          <!--You have a CHOICE of the next 2 items at this level-->
                                          <siri:AllLines>?</siri:AllLines>
                                          <!--1 or more repetitions:-->
                                          <siri:LineRef>?</siri:LineRef>
                                          <!--Optional:-->
                                          <siri:ConnectingStopPointRef>?</siri:ConnectingStopPointRef>
                                          <!--Zero or more repetitions:-->
                                          <siri:ConnectingStopPointName xml:lang="?">?</siri:ConnectingStopPointName>
                                          <!--Optional:-->
                                          <siri:ConnectingZoneRef>?</siri:ConnectingZoneRef>
                                          <!--Optional:-->
                                          <siri:ConnectionDirection>both</siri:ConnectionDirection>
                                          <!--Zero or more repetitions:-->
                                          <siri:AffectedPathLink>
                                             <!--Zero or more repetitions:-->
                                             <siri:LinkRef>?</siri:LinkRef>
                                             <!--Zero or more repetitions:-->
                                             <siri:LinkName xml:lang="?">?</siri:LinkName>
                                             <!--Optional:-->
                                             <siri:AccessibilityFeature>?</siri:AccessibilityFeature>
                                             <!--Zero or more repetitions:-->
                                             <siri:LinkDirection>?</siri:LinkDirection>
                                             <!--Optional:-->
                                             <siri:LinkProjection>
                                                <!--Optional:-->
                                                <ifop:Features>
                                                   <!--1 or more repetitions:-->
                                                   <ifop:GisFeatureRef>
                                                      <ifop:FeatureIdRef>?</ifop:FeatureIdRef>
                                                      <!--Optional:-->
                                                      <ifop:FeatureType>?</ifop:FeatureType>
                                                   </ifop:GisFeatureRef>
                                                </ifop:Features>
                                                <!--Optional:-->
                                                <ifop:Line>
                                                   <!--2 or more repetitions:-->
                                                   <ifop:PointProjection id="?" srsName="?">
                                                      <!--Optional:-->
                                                      <ifop:Features>
                                                         <!--1 or more repetitions:-->
                                                         <ifop:GisFeatureRef>
                                                            <ifop:FeatureIdRef>?</ifop:FeatureIdRef>
                                                            <!--Optional:-->
                                                            <ifop:FeatureType>?</ifop:FeatureType>
                                                         </ifop:GisFeatureRef>
                                                      </ifop:Features>
                                                      <ifop:Longitude>?</ifop:Longitude>
                                                      <ifop:Latitude>?</ifop:Latitude>
                                                      <!--Optional:-->
                                                      <ifop:Altitude>?</ifop:Altitude>
                                                      <!--Optional:-->
                                                      <ifop:Coordinates>?</ifop:Coordinates>
                                                      <!--Optional:-->
                                                      <ifop:Precision>?</ifop:Precision>
                                                   </ifop:PointProjection>
                                                   <ifop:PointProjection id="?" srsName="?">
                                                      <!--Optional:-->
                                                      <ifop:Features>
                                                         <!--1 or more repetitions:-->
                                                         <ifop:GisFeatureRef>
                                                            <ifop:FeatureIdRef>?</ifop:FeatureIdRef>
                                                            <!--Optional:-->
                                                            <ifop:FeatureType>?</ifop:FeatureType>
                                                         </ifop:GisFeatureRef>
                                                      </ifop:Features>
                                                      <ifop:Longitude>?</ifop:Longitude>
                                                      <ifop:Latitude>?</ifop:Latitude>
                                                      <!--Optional:-->
                                                      <ifop:Altitude>?</ifop:Altitude>
                                                      <!--Optional:-->
                                                      <ifop:Coordinates>?</ifop:Coordinates>
                                                      <!--Optional:-->
                                                      <ifop:Precision>?</ifop:Precision>
                                                   </ifop:PointProjection>
                                                </ifop:Line>
                                             </siri:LinkProjection>
                                             <!--Optional:-->
                                             <siri:Offset>
                                                <!--Optional:-->
                                                <siri:DistanceFromStart>?</siri:DistanceFromStart>
                                                <!--Optional:-->
                                                <siri:DistanceFromEnd>?</siri:DistanceFromEnd>
                                             </siri:Offset>
                                             <!--Optional:-->
                                             <siri:Extensions>
                                                <!--You may enter ANY elements at this point-->
                                             </siri:Extensions>
                                          </siri:AffectedPathLink>
                                          <!--Optional:-->
                                          <siri:Extensions>
                                             <!--You may enter ANY elements at this point-->
                                          </siri:Extensions>
                                       </siri:AffectedConnectionLink>
                                    </siri:ConnectionLinks>
                                    <!--Optional:-->
                                    <siri:Extensions>
                                       <!--You may enter ANY elements at this point-->
                                    </siri:Extensions>
                                 </siri:Destinations>
                                 <!--Zero or more repetitions:-->
                                 <siri:Direction>
                                    <siri:DirectionRef>?</siri:DirectionRef>
                                    <!--Zero or more repetitions:-->
                                    <siri:DirectionName xml:lang="?">?</siri:DirectionName>
                                 </siri:Direction>
                                 <!--Optional:-->
                                 <siri:Routes>
                                    <!--1 or more repetitions:-->
                                    <siri:AffectedRoute>
                                       <!--Optional:-->
                                       <siri:RouteRef>?</siri:RouteRef>
                                       <!--Zero or more repetitions:-->
                                       <siri:Direction>
                                          <siri:DirectionRef>?</siri:DirectionRef>
                                          <!--Zero or more repetitions:-->
                                          <siri:DirectionName xml:lang="?">?</siri:DirectionName>
                                       </siri:Direction>
                                       <!--Optional:-->
                                       <siri:Sections>
                                          <!--1 or more repetitions:-->
                                          <siri:AffectedSection>
                                             <!--Optional:-->
                                             <siri:SectionRef>?</siri:SectionRef>
                                             <!--Optional:-->
                                             <siri:LinkProjection>
                                                <!--Optional:-->
                                                <ifop:Features>
                                                   <!--1 or more repetitions:-->
                                                   <ifop:GisFeatureRef>
                                                      <ifop:FeatureIdRef>?</ifop:FeatureIdRef>
                                                      <!--Optional:-->
                                                      <ifop:FeatureType>?</ifop:FeatureType>
                                                   </ifop:GisFeatureRef>
                                                </ifop:Features>
                                                <!--Optional:-->
                                                <ifop:Line>
                                                   <!--2 or more repetitions:-->
                                                   <ifop:PointProjection id="?" srsName="?">
                                                      <!--Optional:-->
                                                      <ifop:Features>
                                                         <!--1 or more repetitions:-->
                                                         <ifop:GisFeatureRef>
                                                            <ifop:FeatureIdRef>?</ifop:FeatureIdRef>
                                                            <!--Optional:-->
                                                            <ifop:FeatureType>?</ifop:FeatureType>
                                                         </ifop:GisFeatureRef>
                                                      </ifop:Features>
                                                      <ifop:Longitude>?</ifop:Longitude>
                                                      <ifop:Latitude>?</ifop:Latitude>
                                                      <!--Optional:-->
                                                      <ifop:Altitude>?</ifop:Altitude>
                                                      <!--Optional:-->
                                                      <ifop:Coordinates>?</ifop:Coordinates>
                                                      <!--Optional:-->
                                                      <ifop:Precision>?</ifop:Precision>
                                                   </ifop:PointProjection>
                                                   <ifop:PointProjection id="?" srsName="?">
                                                      <!--Optional:-->
                                                      <ifop:Features>
                                                         <!--1 or more repetitions:-->
                                                         <ifop:GisFeatureRef>
                                                            <ifop:FeatureIdRef>?</ifop:FeatureIdRef>
                                                            <!--Optional:-->
                                                            <ifop:FeatureType>?</ifop:FeatureType>
                                                         </ifop:GisFeatureRef>
                                                      </ifop:Features>
                                                      <ifop:Longitude>?</ifop:Longitude>
                                                      <ifop:Latitude>?</ifop:Latitude>
                                                      <!--Optional:-->
                                                      <ifop:Altitude>?</ifop:Altitude>
                                                      <!--Optional:-->
                                                      <ifop:Coordinates>?</ifop:Coordinates>
                                                      <!--Optional:-->
                                                      <ifop:Precision>?</ifop:Precision>
                                                   </ifop:PointProjection>
                                                </ifop:Line>
                                             </siri:LinkProjection>
                                             <!--Optional:-->
                                             <siri:Offset>
                                                <!--Optional:-->
                                                <siri:DistanceFromStart>?</siri:DistanceFromStart>
                                                <!--Optional:-->
                                                <siri:DistanceFromEnd>?</siri:DistanceFromEnd>
                                             </siri:Offset>
                                             <!--Optional:-->
                                             <siri:Extensions>
                                                <!--You may enter ANY elements at this point-->
                                             </siri:Extensions>
                                          </siri:AffectedSection>
                                       </siri:Sections>
                                       <!--Optional:-->
                                       <siri:RouteLinks>
                                          <!--1 or more repetitions:-->
                                          <siri:RouteLinkRef>?</siri:RouteLinkRef>
                                       </siri:RouteLinks>
                                       <!--Optional:-->
                                       <siri:Extensions>
                                          <!--You may enter ANY elements at this point-->
                                       </siri:Extensions>
                                    </siri:AffectedRoute>
                                 </siri:Routes>
                                 <!--Optional:-->
                                 <siri:Sections>
                                    <!--1 or more repetitions:-->
                                    <siri:AffectedSection>
                                       <!--Optional:-->
                                       <siri:SectionRef>?</siri:SectionRef>
                                       <!--Optional:-->
                                       <siri:LinkProjection>
                                          <!--Optional:-->
                                          <ifop:Features>
                                             <!--1 or more repetitions:-->
                                             <ifop:GisFeatureRef>
                                                <ifop:FeatureIdRef>?</ifop:FeatureIdRef>
                                                <!--Optional:-->
                                                <ifop:FeatureType>?</ifop:FeatureType>
                                             </ifop:GisFeatureRef>
                                          </ifop:Features>
                                          <!--Optional:-->
                                          <ifop:Line>
                                             <!--2 or more repetitions:-->
                                             <ifop:PointProjection id="?" srsName="?">
                                                <!--Optional:-->
                                                <ifop:Features>
                                                   <!--1 or more repetitions:-->
                                                   <ifop:GisFeatureRef>
                                                      <ifop:FeatureIdRef>?</ifop:FeatureIdRef>
                                                      <!--Optional:-->
                                                      <ifop:FeatureType>?</ifop:FeatureType>
                                                   </ifop:GisFeatureRef>
                                                </ifop:Features>
                                                <ifop:Longitude>?</ifop:Longitude>
                                                <ifop:Latitude>?</ifop:Latitude>
                                                <!--Optional:-->
                                                <ifop:Altitude>?</ifop:Altitude>
                                                <!--Optional:-->
                                                <ifop:Coordinates>?</ifop:Coordinates>
                                                <!--Optional:-->
                                                <ifop:Precision>?</ifop:Precision>
                                             </ifop:PointProjection>
                                             <ifop:PointProjection id="?" srsName="?">
                                                <!--Optional:-->
                                                <ifop:Features>
                                                   <!--1 or more repetitions:-->
                                                   <ifop:GisFeatureRef>
                                                      <ifop:FeatureIdRef>?</ifop:FeatureIdRef>
                                                      <!--Optional:-->
                                                      <ifop:FeatureType>?</ifop:FeatureType>
                                                   </ifop:GisFeatureRef>
                                                </ifop:Features>
                                                <ifop:Longitude>?</ifop:Longitude>
                                                <ifop:Latitude>?</ifop:Latitude>
                                                <!--Optional:-->
                                                <ifop:Altitude>?</ifop:Altitude>
                                                <!--Optional:-->
                                                <ifop:Coordinates>?</ifop:Coordinates>
                                                <!--Optional:-->
                                                <ifop:Precision>?</ifop:Precision>
                                             </ifop:PointProjection>
                                          </ifop:Line>
                                       </siri:LinkProjection>
                                       <!--Optional:-->
                                       <siri:Offset>
                                          <!--Optional:-->
                                          <siri:DistanceFromStart>?</siri:DistanceFromStart>
                                          <!--Optional:-->
                                          <siri:DistanceFromEnd>?</siri:DistanceFromEnd>
                                       </siri:Offset>
                                       <!--Optional:-->
                                       <siri:Extensions>
                                          <!--You may enter ANY elements at this point-->
                                       </siri:Extensions>
                                    </siri:AffectedSection>
                                 </siri:Sections>
                                 <!--Optional:-->
                                 <siri:Extensions>
                                    <!--You may enter ANY elements at this point-->
                                 </siri:Extensions>
                              </siri:AffectedLine>
                              <!--Optional:-->
                              <siri:Extensions>
                                 <!--You may enter ANY elements at this point-->
                              </siri:Extensions>
                           </siri:AffectedNetwork>
                        </siri:Networks>
                        <!--Optional:-->
                        <siri:StopPoints>
                           <!--1 or more repetitions:-->
                           <siri:AffectedStopPoint>
                              <!--Optional:-->
                              <siri:StopPointRef>?</siri:StopPointRef>
                              <!--Optional:-->
                              <siri:PrivateRef>?</siri:PrivateRef>
                              <!--Zero or more repetitions:-->
                              <siri:StopPointName xml:lang="?">?</siri:StopPointName>
                              <!--Optional:-->
                              <siri:StopPointType>?</siri:StopPointType>
                              <!--Optional:-->
                              <siri:Location id="?" srsName="?">
                                 <!--You have a CHOICE of the next 2 items at this level-->
                                 <siri:Longitude>?</siri:Longitude>
                                 <siri:Latitude>?</siri:Latitude>
                                 <siri:Coordinates>?</siri:Coordinates>
                                 <!--Optional:-->
                                 <siri:Precision>?</siri:Precision>
                              </siri:Location>
                              <!--Optional:-->
                              <siri:AffectedModes>
                                 <!--You have a CHOICE of the next 2 items at this level-->
                                 <!--Optional:-->
                                 <siri:AllModes>?</siri:AllModes>
                                 <!--Zero or more repetitions:-->
                                 <siri:Mode>
                                    <!--Optional:-->
                                    <siri:VehicleMode>unknown</siri:VehicleMode>
                                    <!--You have a CHOICE of the next 7 items at this level-->
                                    <siri:AirSubmode>unknown</siri:AirSubmode>
                                    <siri:BusSubmode>unknown</siri:BusSubmode>
                                    <siri:CoachSubmode>unknown</siri:CoachSubmode>
                                    <siri:MetroSubmode>unknown</siri:MetroSubmode>
                                    <siri:RailSubmode>unknown</siri:RailSubmode>
                                    <siri:TramSubmode>unknown</siri:TramSubmode>
                                    <siri:WaterSubmode>unknown</siri:WaterSubmode>
                                    <!--Optional:-->
                                    <siri:AccessMode>?</siri:AccessMode>
                                 </siri:Mode>
                              </siri:AffectedModes>
                              <!--Optional:-->
                              <siri:PlaceRef>?</siri:PlaceRef>
                              <!--Zero or more repetitions:-->
                              <siri:PlaceName xml:lang="?">?</siri:PlaceName>
                              <!--Optional:-->
                              <siri:AccessibilityAssessment>
                                 <acsb:MobilityImpairedAccess>?</acsb:MobilityImpairedAccess>
                                 <!--Optional:-->
                                 <acsb:Limitations>
                                    <!--1 or more repetitions:-->
                                    <acsb:AccessibilityLimitation>
                                       <!--Optional:-->
                                       <acsb:LimitationId>?</acsb:LimitationId>
                                       <!--Optional:-->
                                       <acsb:ValidityCondition>
                                          <!--Optional:-->
                                          <ifop:FromDateTime>?</ifop:FromDateTime>
                                          <!--Optional:-->
                                          <ifop:ToDateTime>?</ifop:ToDateTime>
                                          <!--Optional:-->
                                          <ifop:DayType>?</ifop:DayType>
                                          <!--Zero or more repetitions:-->
                                          <ifop:Timebands>
                                             <ifop:Timeband>
                                                <ifop:StartTime>?</ifop:StartTime>
                                                <!--Optional:-->
                                                <ifop:EndTime>?</ifop:EndTime>
                                             </ifop:Timeband>
                                          </ifop:Timebands>
                                       </acsb:ValidityCondition>
                                       <acsb:WheelchairAccess>false</acsb:WheelchairAccess>
                                       <!--Optional:-->
                                       <acsb:StepFreeAccess>unknown</acsb:StepFreeAccess>
                                       <!--Optional:-->
                                       <acsb:EscalatorFreeAccess>unknown</acsb:EscalatorFreeAccess>
                                       <!--Optional:-->
                                       <acsb:LiftFreeAccess>unknown</acsb:LiftFreeAccess>
                                       <!--Optional:-->
                                       <acsb:AudibleSignalsAvailable>false</acsb:AudibleSignalsAvailable>
                                       <!--Optional:-->
                                       <acsb:VisualSignsAvailable>unknown</acsb:VisualSignsAvailable>
                                       <!--Optional:-->
                                       <ifop:Extensions>
                                          mollitque
                                          <!--You may enter ANY elements at this point-->
                                          cum
                                       </ifop:Extensions>
                                    </acsb:AccessibilityLimitation>
                                 </acsb:Limitations>
                                 <!--Optional:-->
                                 <acsb:Suitabilities>
                                    <!--1 or more repetitions:-->
                                    <acsb:Suitability>
                                       <acsb:Suitable>?</acsb:Suitable>
                                       <acsb:UserNeed>
                                          <!--You have a CHOICE of the next 4 items at this level-->
                                          <acsb:MobilityNeed>?</acsb:MobilityNeed>
                                          <acsb:PsychosensoryNeed>?</acsb:PsychosensoryNeed>
                                          <acsb:MedicalNeed>?</acsb:MedicalNeed>
                                          <acsb:EncumbranceNeed>?</acsb:EncumbranceNeed>
                                          <!--Optional:-->
                                          <acsb:Excluded>?</acsb:Excluded>
                                          <!--Optional:-->
                                          <acsb:NeedRanking>?</acsb:NeedRanking>
                                          <!--Optional:-->
                                          <acsb:Extensions>?</acsb:Extensions>
                                       </acsb:UserNeed>
                                    </acsb:Suitability>
                                 </acsb:Suitabilities>
                                 <!--Optional:-->
                                 <ifop:Extensions>
                                    iovisque
                                    <!--You may enter ANY elements at this point-->
                                    in
                                 </ifop:Extensions>
                              </siri:AccessibilityAssessment>
                              <!--Optional:-->
                              <siri:ConnectionLinks>
                                 <!--1 or more repetitions:-->
                                 <siri:AffectedConnectionLink>
                                    <!--Zero or more repetitions:-->
                                    <siri:ConnectionLinkRef>?</siri:ConnectionLinkRef>
                                    <!--Optional:-->
                                    <siri:ConnectionName xml:lang="?">?</siri:ConnectionName>
                                    <!--You have a CHOICE of the next 2 items at this level-->
                                    <siri:AllLines>?</siri:AllLines>
                                    <!--1 or more repetitions:-->
                                    <siri:LineRef>?</siri:LineRef>
                                    <!--Optional:-->
                                    <siri:ConnectingStopPointRef>?</siri:ConnectingStopPointRef>
                                    <!--Zero or more repetitions:-->
                                    <siri:ConnectingStopPointName xml:lang="?">?</siri:ConnectingStopPointName>
                                    <!--Optional:-->
                                    <siri:ConnectingZoneRef>?</siri:ConnectingZoneRef>
                                    <!--Optional:-->
                                    <siri:ConnectionDirection>both</siri:ConnectionDirection>
                                    <!--Zero or more repetitions:-->
                                    <siri:AffectedPathLink>
                                       <!--Zero or more repetitions:-->
                                       <siri:LinkRef>?</siri:LinkRef>
                                       <!--Zero or more repetitions:-->
                                       <siri:LinkName xml:lang="?">?</siri:LinkName>
                                       <!--Optional:-->
                                       <siri:AccessibilityFeature>?</siri:AccessibilityFeature>
                                       <!--Zero or more repetitions:-->
                                       <siri:LinkDirection>?</siri:LinkDirection>
                                       <!--Optional:-->
                                       <siri:LinkProjection>
                                          <!--Optional:-->
                                          <ifop:Features>
                                             <!--1 or more repetitions:-->
                                             <ifop:GisFeatureRef>
                                                <ifop:FeatureIdRef>?</ifop:FeatureIdRef>
                                                <!--Optional:-->
                                                <ifop:FeatureType>?</ifop:FeatureType>
                                             </ifop:GisFeatureRef>
                                          </ifop:Features>
                                          <!--Optional:-->
                                          <ifop:Line>
                                             <!--2 or more repetitions:-->
                                             <ifop:PointProjection id="?" srsName="?">
                                                <!--Optional:-->
                                                <ifop:Features>
                                                   <!--1 or more repetitions:-->
                                                   <ifop:GisFeatureRef>
                                                      <ifop:FeatureIdRef>?</ifop:FeatureIdRef>
                                                      <!--Optional:-->
                                                      <ifop:FeatureType>?</ifop:FeatureType>
                                                   </ifop:GisFeatureRef>
                                                </ifop:Features>
                                                <ifop:Longitude>?</ifop:Longitude>
                                                <ifop:Latitude>?</ifop:Latitude>
                                                <!--Optional:-->
                                                <ifop:Altitude>?</ifop:Altitude>
                                                <!--Optional:-->
                                                <ifop:Coordinates>?</ifop:Coordinates>
                                                <!--Optional:-->
                                                <ifop:Precision>?</ifop:Precision>
                                             </ifop:PointProjection>
                                             <ifop:PointProjection id="?" srsName="?">
                                                <!--Optional:-->
                                                <ifop:Features>
                                                   <!--1 or more repetitions:-->
                                                   <ifop:GisFeatureRef>
                                                      <ifop:FeatureIdRef>?</ifop:FeatureIdRef>
                                                      <!--Optional:-->
                                                      <ifop:FeatureType>?</ifop:FeatureType>
                                                   </ifop:GisFeatureRef>
                                                </ifop:Features>
                                                <ifop:Longitude>?</ifop:Longitude>
                                                <ifop:Latitude>?</ifop:Latitude>
                                                <!--Optional:-->
                                                <ifop:Altitude>?</ifop:Altitude>
                                                <!--Optional:-->
                                                <ifop:Coordinates>?</ifop:Coordinates>
                                                <!--Optional:-->
                                                <ifop:Precision>?</ifop:Precision>
                                             </ifop:PointProjection>
                                          </ifop:Line>
                                       </siri:LinkProjection>
                                       <!--Optional:-->
                                       <siri:Offset>
                                          <!--Optional:-->
                                          <siri:DistanceFromStart>?</siri:DistanceFromStart>
                                          <!--Optional:-->
                                          <siri:DistanceFromEnd>?</siri:DistanceFromEnd>
                                       </siri:Offset>
                                       <!--Optional:-->
                                       <siri:Extensions>
                                          <!--You may enter ANY elements at this point-->
                                       </siri:Extensions>
                                    </siri:AffectedPathLink>
                                    <!--Optional:-->
                                    <siri:Extensions>
                                       <!--You may enter ANY elements at this point-->
                                    </siri:Extensions>
                                 </siri:AffectedConnectionLink>
                              </siri:ConnectionLinks>
                              <!--Optional:-->
                              <siri:Extensions>
                                 <!--You may enter ANY elements at this point-->
                              </siri:Extensions>
                           </siri:AffectedStopPoint>
                        </siri:StopPoints>
                        <!--Optional:-->
                        <siri:StopPlaces>
                           <!--1 or more repetitions:-->
                           <siri:AffectedStopPlace>
                              <!--Optional:-->
                              <siri:AccessibilityAssessment>
                                 <acsb:MobilityImpairedAccess>?</acsb:MobilityImpairedAccess>
                                 <!--Optional:-->
                                 <acsb:Limitations>
                                    <!--1 or more repetitions:-->
                                    <acsb:AccessibilityLimitation>
                                       <!--Optional:-->
                                       <acsb:LimitationId>?</acsb:LimitationId>
                                       <!--Optional:-->
                                       <acsb:ValidityCondition>
                                          <!--Optional:-->
                                          <ifop:FromDateTime>?</ifop:FromDateTime>
                                          <!--Optional:-->
                                          <ifop:ToDateTime>?</ifop:ToDateTime>
                                          <!--Optional:-->
                                          <ifop:DayType>?</ifop:DayType>
                                          <!--Zero or more repetitions:-->
                                          <ifop:Timebands>
                                             <ifop:Timeband>
                                                <ifop:StartTime>?</ifop:StartTime>
                                                <!--Optional:-->
                                                <ifop:EndTime>?</ifop:EndTime>
                                             </ifop:Timeband>
                                          </ifop:Timebands>
                                       </acsb:ValidityCondition>
                                       <acsb:WheelchairAccess>false</acsb:WheelchairAccess>
                                       <!--Optional:-->
                                       <acsb:StepFreeAccess>unknown</acsb:StepFreeAccess>
                                       <!--Optional:-->
                                       <acsb:EscalatorFreeAccess>unknown</acsb:EscalatorFreeAccess>
                                       <!--Optional:-->
                                       <acsb:LiftFreeAccess>unknown</acsb:LiftFreeAccess>
                                       <!--Optional:-->
                                       <acsb:AudibleSignalsAvailable>false</acsb:AudibleSignalsAvailable>
                                       <!--Optional:-->
                                       <acsb:VisualSignsAvailable>unknown</acsb:VisualSignsAvailable>
                                       <!--Optional:-->
                                       <ifop:Extensions>
                                          soror
                                          <!--You may enter ANY elements at this point-->
                                          abdidit
                                       </ifop:Extensions>
                                    </acsb:AccessibilityLimitation>
                                 </acsb:Limitations>
                                 <!--Optional:-->
                                 <acsb:Suitabilities>
                                    <!--1 or more repetitions:-->
                                    <acsb:Suitability>
                                       <acsb:Suitable>?</acsb:Suitable>
                                       <acsb:UserNeed>
                                          <!--You have a CHOICE of the next 4 items at this level-->
                                          <acsb:MobilityNeed>?</acsb:MobilityNeed>
                                          <acsb:PsychosensoryNeed>?</acsb:PsychosensoryNeed>
                                          <acsb:MedicalNeed>?</acsb:MedicalNeed>
                                          <acsb:EncumbranceNeed>?</acsb:EncumbranceNeed>
                                          <!--Optional:-->
                                          <acsb:Excluded>?</acsb:Excluded>
                                          <!--Optional:-->
                                          <acsb:NeedRanking>?</acsb:NeedRanking>
                                          <!--Optional:-->
                                          <acsb:Extensions>?</acsb:Extensions>
                                       </acsb:UserNeed>
                                    </acsb:Suitability>
                                 </acsb:Suitabilities>
                                 <!--Optional:-->
                                 <ifop:Extensions>
                                    iunonis
                                    <!--You may enter ANY elements at this point-->
                                    coniunx
                                 </ifop:Extensions>
                              </siri:AccessibilityAssessment>
                              <siri:StopPlaceRef>?</siri:StopPlaceRef>
                              <!--Zero or more repetitions:-->
                              <siri:PlaceName xml:lang="?">?</siri:PlaceName>
                              <!--Optional:-->
                              <siri:StopPlaceType>?</siri:StopPlaceType>
                              <!--Optional:-->
                              <siri:AffectedComponents>
                                 <!--Zero or more repetitions:-->
                                 <siri:AffectedComponent>
                                    <!--Optional:-->
                                    <siri:AccessibilityAssessment>
                                       <acsb:MobilityImpairedAccess>?</acsb:MobilityImpairedAccess>
                                       <!--Optional:-->
                                       <acsb:Limitations>
                                          <!--1 or more repetitions:-->
                                          <acsb:AccessibilityLimitation>
                                             <!--Optional:-->
                                             <acsb:LimitationId>?</acsb:LimitationId>
                                             <!--Optional:-->
                                             <acsb:ValidityCondition>
                                                <!--Optional:-->
                                                <ifop:FromDateTime>?</ifop:FromDateTime>
                                                <!--Optional:-->
                                                <ifop:ToDateTime>?</ifop:ToDateTime>
                                                <!--Optional:-->
                                                <ifop:DayType>?</ifop:DayType>
                                                <!--Zero or more repetitions:-->
                                                <ifop:Timebands>
                                                   <ifop:Timeband>
                                                      <ifop:StartTime>?</ifop:StartTime>
                                                      <!--Optional:-->
                                                      <ifop:EndTime>?</ifop:EndTime>
                                                   </ifop:Timeband>
                                                </ifop:Timebands>
                                             </acsb:ValidityCondition>
                                             <acsb:WheelchairAccess>false</acsb:WheelchairAccess>
                                             <!--Optional:-->
                                             <acsb:StepFreeAccess>unknown</acsb:StepFreeAccess>
                                             <!--Optional:-->
                                             <acsb:EscalatorFreeAccess>unknown</acsb:EscalatorFreeAccess>
                                             <!--Optional:-->
                                             <acsb:LiftFreeAccess>unknown</acsb:LiftFreeAccess>
                                             <!--Optional:-->
                                             <acsb:AudibleSignalsAvailable>false</acsb:AudibleSignalsAvailable>
                                             <!--Optional:-->
                                             <acsb:VisualSignsAvailable>unknown</acsb:VisualSignsAvailable>
                                             <!--Optional:-->
                                             <ifop:Extensions>
                                                adorat
                                                <!--You may enter ANY elements at this point-->
                                                ipsa
                                             </ifop:Extensions>
                                          </acsb:AccessibilityLimitation>
                                       </acsb:Limitations>
                                       <!--Optional:-->
                                       <acsb:Suitabilities>
                                          <!--1 or more repetitions:-->
                                          <acsb:Suitability>
                                             <acsb:Suitable>?</acsb:Suitable>
                                             <acsb:UserNeed>
                                                <!--You have a CHOICE of the next 4 items at this level-->
                                                <acsb:MobilityNeed>?</acsb:MobilityNeed>
                                                <acsb:PsychosensoryNeed>?</acsb:PsychosensoryNeed>
                                                <acsb:MedicalNeed>?</acsb:MedicalNeed>
                                                <acsb:EncumbranceNeed>?</acsb:EncumbranceNeed>
                                                <!--Optional:-->
                                                <acsb:Excluded>?</acsb:Excluded>
                                                <!--Optional:-->
                                                <acsb:NeedRanking>?</acsb:NeedRanking>
                                                <!--Optional:-->
                                                <acsb:Extensions>?</acsb:Extensions>
                                             </acsb:UserNeed>
                                          </acsb:Suitability>
                                       </acsb:Suitabilities>
                                       <!--Optional:-->
                                       <ifop:Extensions>
                                          illum
                                          <!--You may enter ANY elements at this point-->
                                          frenat
                                       </ifop:Extensions>
                                    </siri:AccessibilityAssessment>
                                    <siri:ComponentRef>?</siri:ComponentRef>
                                    <!--Zero or more repetitions:-->
                                    <siri:ComponentName xml:lang="?">?</siri:ComponentName>
                                    <!--Optional:-->
                                    <siri:ComponentType>?</siri:ComponentType>
                                    <!--Optional:-->
                                    <ifop:PointProjection id="?" srsName="?">
                                       <!--Optional:-->
                                       <ifop:Features>
                                          <!--1 or more repetitions:-->
                                          <ifop:GisFeatureRef>
                                             <ifop:FeatureIdRef>?</ifop:FeatureIdRef>
                                             <!--Optional:-->
                                             <ifop:FeatureType>?</ifop:FeatureType>
                                          </ifop:GisFeatureRef>
                                       </ifop:Features>
                                       <ifop:Longitude>?</ifop:Longitude>
                                       <ifop:Latitude>?</ifop:Latitude>
                                       <!--Optional:-->
                                       <ifop:Altitude>?</ifop:Altitude>
                                       <!--Optional:-->
                                       <ifop:Coordinates>?</ifop:Coordinates>
                                       <!--Optional:-->
                                       <ifop:Precision>?</ifop:Precision>
                                    </ifop:PointProjection>
                                    <!--Optional:-->
                                    <ifop:LinkProjection>
                                       <!--Optional:-->
                                       <ifop:Features>
                                          <!--1 or more repetitions:-->
                                          <ifop:GisFeatureRef>
                                             <ifop:FeatureIdRef>?</ifop:FeatureIdRef>
                                             <!--Optional:-->
                                             <ifop:FeatureType>?</ifop:FeatureType>
                                          </ifop:GisFeatureRef>
                                       </ifop:Features>
                                       <!--Optional:-->
                                       <ifop:Line>
                                          <!--2 or more repetitions:-->
                                          <ifop:PointProjection id="?" srsName="?">
                                             <!--Optional:-->
                                             <ifop:Features>
                                                <!--1 or more repetitions:-->
                                                <ifop:GisFeatureRef>
                                                   <ifop:FeatureIdRef>?</ifop:FeatureIdRef>
                                                   <!--Optional:-->
                                                   <ifop:FeatureType>?</ifop:FeatureType>
                                                </ifop:GisFeatureRef>
                                             </ifop:Features>
                                             <ifop:Longitude>?</ifop:Longitude>
                                             <ifop:Latitude>?</ifop:Latitude>
                                             <!--Optional:-->
                                             <ifop:Altitude>?</ifop:Altitude>
                                             <!--Optional:-->
                                             <ifop:Coordinates>?</ifop:Coordinates>
                                             <!--Optional:-->
                                             <ifop:Precision>?</ifop:Precision>
                                          </ifop:PointProjection>
                                          <ifop:PointProjection id="?" srsName="?">
                                             <!--Optional:-->
                                             <ifop:Features>
                                                <!--1 or more repetitions:-->
                                                <ifop:GisFeatureRef>
                                                   <ifop:FeatureIdRef>?</ifop:FeatureIdRef>
                                                   <!--Optional:-->
                                                   <ifop:FeatureType>?</ifop:FeatureType>
                                                </ifop:GisFeatureRef>
                                             </ifop:Features>
                                             <ifop:Longitude>?</ifop:Longitude>
                                             <ifop:Latitude>?</ifop:Latitude>
                                             <!--Optional:-->
                                             <ifop:Altitude>?</ifop:Altitude>
                                             <!--Optional:-->
                                             <ifop:Coordinates>?</ifop:Coordinates>
                                             <!--Optional:-->
                                             <ifop:Precision>?</ifop:Precision>
                                          </ifop:PointProjection>
                                       </ifop:Line>
                                    </ifop:LinkProjection>
                                    <!--Optional:-->
                                    <ifop:ZoneProjection>
                                       <!--Optional:-->
                                       <ifop:Features>
                                          <!--1 or more repetitions:-->
                                          <ifop:GisFeatureRef>
                                             <ifop:FeatureIdRef>?</ifop:FeatureIdRef>
                                             <!--Optional:-->
                                             <ifop:FeatureType>?</ifop:FeatureType>
                                          </ifop:GisFeatureRef>
                                       </ifop:Features>
                                       <!--1 or more repetitions:-->
                                       <ifop:Boundary>
                                          <!--3 or more repetitions:-->
                                          <ifop:PointProjection id="?" srsName="?">
                                             <!--Optional:-->
                                             <ifop:Features>
                                                <!--1 or more repetitions:-->
                                                <ifop:GisFeatureRef>
                                                   <ifop:FeatureIdRef>?</ifop:FeatureIdRef>
                                                   <!--Optional:-->
                                                   <ifop:FeatureType>?</ifop:FeatureType>
                                                </ifop:GisFeatureRef>
                                             </ifop:Features>
                                             <ifop:Longitude>?</ifop:Longitude>
                                             <ifop:Latitude>?</ifop:Latitude>
                                             <!--Optional:-->
                                             <ifop:Altitude>?</ifop:Altitude>
                                             <!--Optional:-->
                                             <ifop:Coordinates>?</ifop:Coordinates>
                                             <!--Optional:-->
                                             <ifop:Precision>?</ifop:Precision>
                                          </ifop:PointProjection>
                                          <ifop:PointProjection id="?" srsName="?">
                                             <!--Optional:-->
                                             <ifop:Features>
                                                <!--1 or more repetitions:-->
                                                <ifop:GisFeatureRef>
                                                   <ifop:FeatureIdRef>?</ifop:FeatureIdRef>
                                                   <!--Optional:-->
                                                   <ifop:FeatureType>?</ifop:FeatureType>
                                                </ifop:GisFeatureRef>
                                             </ifop:Features>
                                             <ifop:Longitude>?</ifop:Longitude>
                                             <ifop:Latitude>?</ifop:Latitude>
                                             <!--Optional:-->
                                             <ifop:Altitude>?</ifop:Altitude>
                                             <!--Optional:-->
                                             <ifop:Coordinates>?</ifop:Coordinates>
                                             <!--Optional:-->
                                             <ifop:Precision>?</ifop:Precision>
                                          </ifop:PointProjection>
                                          <ifop:PointProjection id="?" srsName="?">
                                             <!--Optional:-->
                                             <ifop:Features>
                                                <!--1 or more repetitions:-->
                                                <ifop:GisFeatureRef>
                                                   <ifop:FeatureIdRef>?</ifop:FeatureIdRef>
                                                   <!--Optional:-->
                                                   <ifop:FeatureType>?</ifop:FeatureType>
                                                </ifop:GisFeatureRef>
                                             </ifop:Features>
                                             <ifop:Longitude>?</ifop:Longitude>
                                             <ifop:Latitude>?</ifop:Latitude>
                                             <!--Optional:-->
                                             <ifop:Altitude>?</ifop:Altitude>
                                             <!--Optional:-->
                                             <ifop:Coordinates>?</ifop:Coordinates>
                                             <!--Optional:-->
                                             <ifop:Precision>?</ifop:Precision>
                                          </ifop:PointProjection>
                                       </ifop:Boundary>
                                    </ifop:ZoneProjection>
                                    <!--Optional:-->
                                    <siri:Offset>
                                       <!--Optional:-->
                                       <siri:DistanceFromStart>?</siri:DistanceFromStart>
                                       <!--Optional:-->
                                       <siri:DistanceFromEnd>?</siri:DistanceFromEnd>
                                    </siri:Offset>
                                    <!--Optional:-->
                                    <siri:Extensions>
                                       <!--You may enter ANY elements at this point-->
                                    </siri:Extensions>
                                 </siri:AffectedComponent>
                              </siri:AffectedComponents>
                              <!--Optional:-->
                              <siri:AffectedNavigationPaths>
                                 <!--1 or more repetitions:-->
                                 <siri:NavigationPathRef>?</siri:NavigationPathRef>
                              </siri:AffectedNavigationPaths>
                              <!--Optional:-->
                              <siri:Extensions>
                                 <!--You may enter ANY elements at this point-->
                              </siri:Extensions>
                           </siri:AffectedStopPlace>
                        </siri:StopPlaces>
                        <!--Optional:-->
                        <siri:Places>
                           <!--1 or more repetitions:-->
                           <siri:AffectedPlace>
                              <!--Optional:-->
                              <siri:PlaceRef>?</siri:PlaceRef>
                              <!--Optional:-->
                              <siri:PrivateCode>?</siri:PrivateCode>
                              <!--Zero or more repetitions:-->
                              <siri:PlaceName xml:lang="?">?</siri:PlaceName>
                              <!--Optional:-->
                              <siri:Location id="?" srsName="?">
                                 <!--You have a CHOICE of the next 2 items at this level-->
                                 <siri:Longitude>?</siri:Longitude>
                                 <siri:Latitude>?</siri:Latitude>
                                 <siri:Coordinates>?</siri:Coordinates>
                                 <!--Optional:-->
                                 <siri:Precision>?</siri:Precision>
                              </siri:Location>
                              <!--Optional:-->
                              <siri:PlaceCategory>?</siri:PlaceCategory>
                              <!--Zero or more repetitions:-->
                              <siri:EquipmentRef>?</siri:EquipmentRef>
                              <!--Optional:-->
                              <siri:AccessibilityAssessment>
                                 <acsb:MobilityImpairedAccess>?</acsb:MobilityImpairedAccess>
                                 <!--Optional:-->
                                 <acsb:Limitations>
                                    <!--1 or more repetitions:-->
                                    <acsb:AccessibilityLimitation>
                                       <!--Optional:-->
                                       <acsb:LimitationId>?</acsb:LimitationId>
                                       <!--Optional:-->
                                       <acsb:ValidityCondition>
                                          <!--Optional:-->
                                          <ifop:FromDateTime>?</ifop:FromDateTime>
                                          <!--Optional:-->
                                          <ifop:ToDateTime>?</ifop:ToDateTime>
                                          <!--Optional:-->
                                          <ifop:DayType>?</ifop:DayType>
                                          <!--Zero or more repetitions:-->
                                          <ifop:Timebands>
                                             <ifop:Timeband>
                                                <ifop:StartTime>?</ifop:StartTime>
                                                <!--Optional:-->
                                                <ifop:EndTime>?</ifop:EndTime>
                                             </ifop:Timeband>
                                          </ifop:Timebands>
                                       </acsb:ValidityCondition>
                                       <acsb:WheelchairAccess>false</acsb:WheelchairAccess>
                                       <!--Optional:-->
                                       <acsb:StepFreeAccess>unknown</acsb:StepFreeAccess>
                                       <!--Optional:-->
                                       <acsb:EscalatorFreeAccess>unknown</acsb:EscalatorFreeAccess>
                                       <!--Optional:-->
                                       <acsb:LiftFreeAccess>unknown</acsb:LiftFreeAccess>
                                       <!--Optional:-->
                                       <acsb:AudibleSignalsAvailable>false</acsb:AudibleSignalsAvailable>
                                       <!--Optional:-->
                                       <acsb:VisualSignsAvailable>unknown</acsb:VisualSignsAvailable>
                                       <!--Optional:-->
                                       <ifop:Extensions>
                                          aris
                                          <!--You may enter ANY elements at this point-->
                                          nimborum
                                       </ifop:Extensions>
                                    </acsb:AccessibilityLimitation>
                                 </acsb:Limitations>
                                 <!--Optional:-->
                                 <acsb:Suitabilities>
                                    <!--1 or more repetitions:-->
                                    <acsb:Suitability>
                                       <acsb:Suitable>?</acsb:Suitable>
                                       <acsb:UserNeed>
                                          <!--You have a CHOICE of the next 4 items at this level-->
                                          <acsb:MobilityNeed>?</acsb:MobilityNeed>
                                          <acsb:PsychosensoryNeed>?</acsb:PsychosensoryNeed>
                                          <acsb:MedicalNeed>?</acsb:MedicalNeed>
                                          <acsb:EncumbranceNeed>?</acsb:EncumbranceNeed>
                                          <!--Optional:-->
                                          <acsb:Excluded>?</acsb:Excluded>
                                          <!--Optional:-->
                                          <acsb:NeedRanking>?</acsb:NeedRanking>
                                          <!--Optional:-->
                                          <acsb:Extensions>?</acsb:Extensions>
                                       </acsb:UserNeed>
                                    </acsb:Suitability>
                                 </acsb:Suitabilities>
                                 <!--Optional:-->
                                 <ifop:Extensions>
                                    aris
                                    <!--You may enter ANY elements at this point-->
                                    mollitque
                                 </ifop:Extensions>
                              </siri:AccessibilityAssessment>
                              <!--Optional:-->
                              <siri:Extensions>
                                 <!--You may enter ANY elements at this point-->
                              </siri:Extensions>
                           </siri:AffectedPlace>
                        </siri:Places>
                        <!--Optional:-->
                        <siri:VehicleJourneys>
                           <!--1 or more repetitions:-->
                           <siri:AffectedVehicleJourney>
                              <!--You have a CHOICE of the next 2 items at this level-->
                              <siri:FramedVehicleJourneyRef>
                                 <siri:DataFrameRef>?</siri:DataFrameRef>
                                 <siri:DatedVehicleJourneyRef>?</siri:DatedVehicleJourneyRef>
                              </siri:FramedVehicleJourneyRef>
                              <!--1 or more repetitions:-->
                              <siri:VehicleJourneyRef>?</siri:VehicleJourneyRef>
                              <!--Zero or more repetitions:-->
                              <siri:DatedVehicleJourneyRef>?</siri:DatedVehicleJourneyRef>
                              <!--Zero or more repetitions:-->
                              <siri:JourneyName xml:lang="?">?</siri:JourneyName>
                              <!--Optional:-->
                              <siri:Operator>
                                 <!--Optional:-->
                                 <siri:OperatorRef>?</siri:OperatorRef>
                                 <!--Zero or more repetitions:-->
                                 <siri:OperatorName xml:lang="?">?</siri:OperatorName>
                                 <!--Zero or more repetitions:-->
                                 <siri:OperatorShortName xml:lang="?">?</siri:OperatorShortName>
                                 <!--Zero or more repetitions:-->
                                 <siri:OperationalUnitRef>?</siri:OperationalUnitRef>
                                 <!--Optional:-->
                                 <siri:Extensions>
                                    <!--You may enter ANY elements at this point-->
                                 </siri:Extensions>
                              </siri:Operator>
                              <!--Optional:-->
                              <siri:LineRef>?</siri:LineRef>
                              <!--Optional:-->
                              <siri:PublishedLineName xml:lang="?">?</siri:PublishedLineName>
                              <!--Optional:-->
                              <siri:DirectionRef>?</siri:DirectionRef>
                              <!--Zero or more repetitions:-->
                              <siri:Origins>
                                 <!--Optional:-->
                                 <siri:StopPointRef>?</siri:StopPointRef>
                                 <!--Optional:-->
                                 <siri:PrivateRef>?</siri:PrivateRef>
                                 <!--Zero or more repetitions:-->
                                 <siri:StopPointName xml:lang="?">?</siri:StopPointName>
                                 <!--Optional:-->
                                 <siri:StopPointType>?</siri:StopPointType>
                                 <!--Optional:-->
                                 <siri:Location id="?" srsName="?">
                                    <!--You have a CHOICE of the next 2 items at this level-->
                                    <siri:Longitude>?</siri:Longitude>
                                    <siri:Latitude>?</siri:Latitude>
                                    <siri:Coordinates>?</siri:Coordinates>
                                    <!--Optional:-->
                                    <siri:Precision>?</siri:Precision>
                                 </siri:Location>
                                 <!--Optional:-->
                                 <siri:AffectedModes>
                                    <!--You have a CHOICE of the next 2 items at this level-->
                                    <!--Optional:-->
                                    <siri:AllModes>?</siri:AllModes>
                                    <!--Zero or more repetitions:-->
                                    <siri:Mode>
                                       <!--Optional:-->
                                       <siri:VehicleMode>unknown</siri:VehicleMode>
                                       <!--You have a CHOICE of the next 7 items at this level-->
                                       <siri:AirSubmode>unknown</siri:AirSubmode>
                                       <siri:BusSubmode>unknown</siri:BusSubmode>
                                       <siri:CoachSubmode>unknown</siri:CoachSubmode>
                                       <siri:MetroSubmode>unknown</siri:MetroSubmode>
                                       <siri:RailSubmode>unknown</siri:RailSubmode>
                                       <siri:TramSubmode>unknown</siri:TramSubmode>
                                       <siri:WaterSubmode>unknown</siri:WaterSubmode>
                                       <!--Optional:-->
                                       <siri:AccessMode>?</siri:AccessMode>
                                    </siri:Mode>
                                 </siri:AffectedModes>
                                 <!--Optional:-->
                                 <siri:PlaceRef>?</siri:PlaceRef>
                                 <!--Zero or more repetitions:-->
                                 <siri:PlaceName xml:lang="?">?</siri:PlaceName>
                                 <!--Optional:-->
                                 <siri:AccessibilityAssessment>
                                    <acsb:MobilityImpairedAccess>?</acsb:MobilityImpairedAccess>
                                    <!--Optional:-->
                                    <acsb:Limitations>
                                       <!--1 or more repetitions:-->
                                       <acsb:AccessibilityLimitation>
                                          <!--Optional:-->
                                          <acsb:LimitationId>?</acsb:LimitationId>
                                          <!--Optional:-->
                                          <acsb:ValidityCondition>
                                             <!--Optional:-->
                                             <ifop:FromDateTime>?</ifop:FromDateTime>
                                             <!--Optional:-->
                                             <ifop:ToDateTime>?</ifop:ToDateTime>
                                             <!--Optional:-->
                                             <ifop:DayType>?</ifop:DayType>
                                             <!--Zero or more repetitions:-->
                                             <ifop:Timebands>
                                                <ifop:Timeband>
                                                   <ifop:StartTime>?</ifop:StartTime>
                                                   <!--Optional:-->
                                                   <ifop:EndTime>?</ifop:EndTime>
                                                </ifop:Timeband>
                                             </ifop:Timebands>
                                          </acsb:ValidityCondition>
                                          <acsb:WheelchairAccess>false</acsb:WheelchairAccess>
                                          <!--Optional:-->
                                          <acsb:StepFreeAccess>unknown</acsb:StepFreeAccess>
                                          <!--Optional:-->
                                          <acsb:EscalatorFreeAccess>unknown</acsb:EscalatorFreeAccess>
                                          <!--Optional:-->
                                          <acsb:LiftFreeAccess>unknown</acsb:LiftFreeAccess>
                                          <!--Optional:-->
                                          <acsb:AudibleSignalsAvailable>false</acsb:AudibleSignalsAvailable>
                                          <!--Optional:-->
                                          <acsb:VisualSignsAvailable>unknown</acsb:VisualSignsAvailable>
                                          <!--Optional:-->
                                          <ifop:Extensions>
                                             premere
                                             <!--You may enter ANY elements at this point-->
                                             montis
                                          </ifop:Extensions>
                                       </acsb:AccessibilityLimitation>
                                    </acsb:Limitations>
                                    <!--Optional:-->
                                    <acsb:Suitabilities>
                                       <!--1 or more repetitions:-->
                                       <acsb:Suitability>
                                          <acsb:Suitable>?</acsb:Suitable>
                                          <acsb:UserNeed>
                                             <!--You have a CHOICE of the next 4 items at this level-->
                                             <acsb:MobilityNeed>?</acsb:MobilityNeed>
                                             <acsb:PsychosensoryNeed>?</acsb:PsychosensoryNeed>
                                             <acsb:MedicalNeed>?</acsb:MedicalNeed>
                                             <acsb:EncumbranceNeed>?</acsb:EncumbranceNeed>
                                             <!--Optional:-->
                                             <acsb:Excluded>?</acsb:Excluded>
                                             <!--Optional:-->
                                             <acsb:NeedRanking>?</acsb:NeedRanking>
                                             <!--Optional:-->
                                             <acsb:Extensions>?</acsb:Extensions>
                                          </acsb:UserNeed>
                                       </acsb:Suitability>
                                    </acsb:Suitabilities>
                                    <!--Optional:-->
                                    <ifop:Extensions>
                                       insuper
                                       <!--You may enter ANY elements at this point-->
                                       molemque
                                    </ifop:Extensions>
                                 </siri:AccessibilityAssessment>
                                 <!--Optional:-->
                                 <siri:ConnectionLinks>
                                    <!--1 or more repetitions:-->
                                    <siri:AffectedConnectionLink>
                                       <!--Zero or more repetitions:-->
                                       <siri:ConnectionLinkRef>?</siri:ConnectionLinkRef>
                                       <!--Optional:-->
                                       <siri:ConnectionName xml:lang="?">?</siri:ConnectionName>
                                       <!--You have a CHOICE of the next 2 items at this level-->
                                       <siri:AllLines>?</siri:AllLines>
                                       <!--1 or more repetitions:-->
                                       <siri:LineRef>?</siri:LineRef>
                                       <!--Optional:-->
                                       <siri:ConnectingStopPointRef>?</siri:ConnectingStopPointRef>
                                       <!--Zero or more repetitions:-->
                                       <siri:ConnectingStopPointName xml:lang="?">?</siri:ConnectingStopPointName>
                                       <!--Optional:-->
                                       <siri:ConnectingZoneRef>?</siri:ConnectingZoneRef>
                                       <!--Optional:-->
                                       <siri:ConnectionDirection>both</siri:ConnectionDirection>
                                       <!--Zero or more repetitions:-->
                                       <siri:AffectedPathLink>
                                          <!--Zero or more repetitions:-->
                                          <siri:LinkRef>?</siri:LinkRef>
                                          <!--Zero or more repetitions:-->
                                          <siri:LinkName xml:lang="?">?</siri:LinkName>
                                          <!--Optional:-->
                                          <siri:AccessibilityFeature>?</siri:AccessibilityFeature>
                                          <!--Zero or more repetitions:-->
                                          <siri:LinkDirection>?</siri:LinkDirection>
                                          <!--Optional:-->
                                          <siri:LinkProjection>
                                             <!--Optional:-->
                                             <ifop:Features>
                                                <!--1 or more repetitions:-->
                                                <ifop:GisFeatureRef>
                                                   <ifop:FeatureIdRef>?</ifop:FeatureIdRef>
                                                   <!--Optional:-->
                                                   <ifop:FeatureType>?</ifop:FeatureType>
                                                </ifop:GisFeatureRef>
                                             </ifop:Features>
                                             <!--Optional:-->
                                             <ifop:Line>
                                                <!--2 or more repetitions:-->
                                                <ifop:PointProjection id="?" srsName="?">
                                                   <!--Optional:-->
                                                   <ifop:Features>
                                                      <!--1 or more repetitions:-->
                                                      <ifop:GisFeatureRef>
                                                         <ifop:FeatureIdRef>?</ifop:FeatureIdRef>
                                                         <!--Optional:-->
                                                         <ifop:FeatureType>?</ifop:FeatureType>
                                                      </ifop:GisFeatureRef>
                                                   </ifop:Features>
                                                   <ifop:Longitude>?</ifop:Longitude>
                                                   <ifop:Latitude>?</ifop:Latitude>
                                                   <!--Optional:-->
                                                   <ifop:Altitude>?</ifop:Altitude>
                                                   <!--Optional:-->
                                                   <ifop:Coordinates>?</ifop:Coordinates>
                                                   <!--Optional:-->
                                                   <ifop:Precision>?</ifop:Precision>
                                                </ifop:PointProjection>
                                                <ifop:PointProjection id="?" srsName="?">
                                                   <!--Optional:-->
                                                   <ifop:Features>
                                                      <!--1 or more repetitions:-->
                                                      <ifop:GisFeatureRef>
                                                         <ifop:FeatureIdRef>?</ifop:FeatureIdRef>
                                                         <!--Optional:-->
                                                         <ifop:FeatureType>?</ifop:FeatureType>
                                                      </ifop:GisFeatureRef>
                                                   </ifop:Features>
                                                   <ifop:Longitude>?</ifop:Longitude>
                                                   <ifop:Latitude>?</ifop:Latitude>
                                                   <!--Optional:-->
                                                   <ifop:Altitude>?</ifop:Altitude>
                                                   <!--Optional:-->
                                                   <ifop:Coordinates>?</ifop:Coordinates>
                                                   <!--Optional:-->
                                                   <ifop:Precision>?</ifop:Precision>
                                                </ifop:PointProjection>
                                             </ifop:Line>
                                          </siri:LinkProjection>
                                          <!--Optional:-->
                                          <siri:Offset>
                                             <!--Optional:-->
                                             <siri:DistanceFromStart>?</siri:DistanceFromStart>
                                             <!--Optional:-->
                                             <siri:DistanceFromEnd>?</siri:DistanceFromEnd>
                                          </siri:Offset>
                                          <!--Optional:-->
                                          <siri:Extensions>
                                             <!--You may enter ANY elements at this point-->
                                          </siri:Extensions>
                                       </siri:AffectedPathLink>
                                       <!--Optional:-->
                                       <siri:Extensions>
                                          <!--You may enter ANY elements at this point-->
                                       </siri:Extensions>
                                    </siri:AffectedConnectionLink>
                                 </siri:ConnectionLinks>
                                 <!--Optional:-->
                                 <siri:Extensions>
                                    <!--You may enter ANY elements at this point-->
                                 </siri:Extensions>
                              </siri:Origins>
                              <!--Zero or more repetitions:-->
                              <siri:Destinations>
                                 <!--Optional:-->
                                 <siri:StopPointRef>?</siri:StopPointRef>
                                 <!--Optional:-->
                                 <siri:PrivateRef>?</siri:PrivateRef>
                                 <!--Zero or more repetitions:-->
                                 <siri:StopPointName xml:lang="?">?</siri:StopPointName>
                                 <!--Optional:-->
                                 <siri:StopPointType>?</siri:StopPointType>
                                 <!--Optional:-->
                                 <siri:Location id="?" srsName="?">
                                    <!--You have a CHOICE of the next 2 items at this level-->
                                    <siri:Longitude>?</siri:Longitude>
                                    <siri:Latitude>?</siri:Latitude>
                                    <siri:Coordinates>?</siri:Coordinates>
                                    <!--Optional:-->
                                    <siri:Precision>?</siri:Precision>
                                 </siri:Location>
                                 <!--Optional:-->
                                 <siri:AffectedModes>
                                    <!--You have a CHOICE of the next 2 items at this level-->
                                    <!--Optional:-->
                                    <siri:AllModes>?</siri:AllModes>
                                    <!--Zero or more repetitions:-->
                                    <siri:Mode>
                                       <!--Optional:-->
                                       <siri:VehicleMode>unknown</siri:VehicleMode>
                                       <!--You have a CHOICE of the next 7 items at this level-->
                                       <siri:AirSubmode>unknown</siri:AirSubmode>
                                       <siri:BusSubmode>unknown</siri:BusSubmode>
                                       <siri:CoachSubmode>unknown</siri:CoachSubmode>
                                       <siri:MetroSubmode>unknown</siri:MetroSubmode>
                                       <siri:RailSubmode>unknown</siri:RailSubmode>
                                       <siri:TramSubmode>unknown</siri:TramSubmode>
                                       <siri:WaterSubmode>unknown</siri:WaterSubmode>
                                       <!--Optional:-->
                                       <siri:AccessMode>?</siri:AccessMode>
                                    </siri:Mode>
                                 </siri:AffectedModes>
                                 <!--Optional:-->
                                 <siri:PlaceRef>?</siri:PlaceRef>
                                 <!--Zero or more repetitions:-->
                                 <siri:PlaceName xml:lang="?">?</siri:PlaceName>
                                 <!--Optional:-->
                                 <siri:AccessibilityAssessment>
                                    <acsb:MobilityImpairedAccess>?</acsb:MobilityImpairedAccess>
                                    <!--Optional:-->
                                    <acsb:Limitations>
                                       <!--1 or more repetitions:-->
                                       <acsb:AccessibilityLimitation>
                                          <!--Optional:-->
                                          <acsb:LimitationId>?</acsb:LimitationId>
                                          <!--Optional:-->
                                          <acsb:ValidityCondition>
                                             <!--Optional:-->
                                             <ifop:FromDateTime>?</ifop:FromDateTime>
                                             <!--Optional:-->
                                             <ifop:ToDateTime>?</ifop:ToDateTime>
                                             <!--Optional:-->
                                             <ifop:DayType>?</ifop:DayType>
                                             <!--Zero or more repetitions:-->
                                             <ifop:Timebands>
                                                <ifop:Timeband>
                                                   <ifop:StartTime>?</ifop:StartTime>
                                                   <!--Optional:-->
                                                   <ifop:EndTime>?</ifop:EndTime>
                                                </ifop:Timeband>
                                             </ifop:Timebands>
                                          </acsb:ValidityCondition>
                                          <acsb:WheelchairAccess>false</acsb:WheelchairAccess>
                                          <!--Optional:-->
                                          <acsb:StepFreeAccess>unknown</acsb:StepFreeAccess>
                                          <!--Optional:-->
                                          <acsb:EscalatorFreeAccess>unknown</acsb:EscalatorFreeAccess>
                                          <!--Optional:-->
                                          <acsb:LiftFreeAccess>unknown</acsb:LiftFreeAccess>
                                          <!--Optional:-->
                                          <acsb:AudibleSignalsAvailable>false</acsb:AudibleSignalsAvailable>
                                          <!--Optional:-->
                                          <acsb:VisualSignsAvailable>unknown</acsb:VisualSignsAvailable>
                                          <!--Optional:-->
                                          <ifop:Extensions>
                                             ferant
                                             <!--You may enter ANY elements at this point-->
                                             gero
                                          </ifop:Extensions>
                                       </acsb:AccessibilityLimitation>
                                    </acsb:Limitations>
                                    <!--Optional:-->
                                    <acsb:Suitabilities>
                                       <!--1 or more repetitions:-->
                                       <acsb:Suitability>
                                          <acsb:Suitable>?</acsb:Suitable>
                                          <acsb:UserNeed>
                                             <!--You have a CHOICE of the next 4 items at this level-->
                                             <acsb:MobilityNeed>?</acsb:MobilityNeed>
                                             <acsb:PsychosensoryNeed>?</acsb:PsychosensoryNeed>
                                             <acsb:MedicalNeed>?</acsb:MedicalNeed>
                                             <acsb:EncumbranceNeed>?</acsb:EncumbranceNeed>
                                             <!--Optional:-->
                                             <acsb:Excluded>?</acsb:Excluded>
                                             <!--Optional:-->
                                             <acsb:NeedRanking>?</acsb:NeedRanking>
                                             <!--Optional:-->
                                             <acsb:Extensions>?</acsb:Extensions>
                                          </acsb:UserNeed>
                                       </acsb:Suitability>
                                    </acsb:Suitabilities>
                                    <!--Optional:-->
                                    <ifop:Extensions>
                                       nimborum
                                       <!--You may enter ANY elements at this point-->
                                       circum
                                    </ifop:Extensions>
                                 </siri:AccessibilityAssessment>
                                 <!--Optional:-->
                                 <siri:ConnectionLinks>
                                    <!--1 or more repetitions:-->
                                    <siri:AffectedConnectionLink>
                                       <!--Zero or more repetitions:-->
                                       <siri:ConnectionLinkRef>?</siri:ConnectionLinkRef>
                                       <!--Optional:-->
                                       <siri:ConnectionName xml:lang="?">?</siri:ConnectionName>
                                       <!--You have a CHOICE of the next 2 items at this level-->
                                       <siri:AllLines>?</siri:AllLines>
                                       <!--1 or more repetitions:-->
                                       <siri:LineRef>?</siri:LineRef>
                                       <!--Optional:-->
                                       <siri:ConnectingStopPointRef>?</siri:ConnectingStopPointRef>
                                       <!--Zero or more repetitions:-->
                                       <siri:ConnectingStopPointName xml:lang="?">?</siri:ConnectingStopPointName>
                                       <!--Optional:-->
                                       <siri:ConnectingZoneRef>?</siri:ConnectingZoneRef>
                                       <!--Optional:-->
                                       <siri:ConnectionDirection>both</siri:ConnectionDirection>
                                       <!--Zero or more repetitions:-->
                                       <siri:AffectedPathLink>
                                          <!--Zero or more repetitions:-->
                                          <siri:LinkRef>?</siri:LinkRef>
                                          <!--Zero or more repetitions:-->
                                          <siri:LinkName xml:lang="?">?</siri:LinkName>
                                          <!--Optional:-->
                                          <siri:AccessibilityFeature>?</siri:AccessibilityFeature>
                                          <!--Zero or more repetitions:-->
                                          <siri:LinkDirection>?</siri:LinkDirection>
                                          <!--Optional:-->
                                          <siri:LinkProjection>
                                             <!--Optional:-->
                                             <ifop:Features>
                                                <!--1 or more repetitions:-->
                                                <ifop:GisFeatureRef>
                                                   <ifop:FeatureIdRef>?</ifop:FeatureIdRef>
                                                   <!--Optional:-->
                                                   <ifop:FeatureType>?</ifop:FeatureType>
                                                </ifop:GisFeatureRef>
                                             </ifop:Features>
                                             <!--Optional:-->
                                             <ifop:Line>
                                                <!--2 or more repetitions:-->
                                                <ifop:PointProjection id="?" srsName="?">
                                                   <!--Optional:-->
                                                   <ifop:Features>
                                                      <!--1 or more repetitions:-->
                                                      <ifop:GisFeatureRef>
                                                         <ifop:FeatureIdRef>?</ifop:FeatureIdRef>
                                                         <!--Optional:-->
                                                         <ifop:FeatureType>?</ifop:FeatureType>
                                                      </ifop:GisFeatureRef>
                                                   </ifop:Features>
                                                   <ifop:Longitude>?</ifop:Longitude>
                                                   <ifop:Latitude>?</ifop:Latitude>
                                                   <!--Optional:-->
                                                   <ifop:Altitude>?</ifop:Altitude>
                                                   <!--Optional:-->
                                                   <ifop:Coordinates>?</ifop:Coordinates>
                                                   <!--Optional:-->
                                                   <ifop:Precision>?</ifop:Precision>
                                                </ifop:PointProjection>
                                                <ifop:PointProjection id="?" srsName="?">
                                                   <!--Optional:-->
                                                   <ifop:Features>
                                                      <!--1 or more repetitions:-->
                                                      <ifop:GisFeatureRef>
                                                         <ifop:FeatureIdRef>?</ifop:FeatureIdRef>
                                                         <!--Optional:-->
                                                         <ifop:FeatureType>?</ifop:FeatureType>
                                                      </ifop:GisFeatureRef>
                                                   </ifop:Features>
                                                   <ifop:Longitude>?</ifop:Longitude>
                                                   <ifop:Latitude>?</ifop:Latitude>
                                                   <!--Optional:-->
                                                   <ifop:Altitude>?</ifop:Altitude>
                                                   <!--Optional:-->
                                                   <ifop:Coordinates>?</ifop:Coordinates>
                                                   <!--Optional:-->
                                                   <ifop:Precision>?</ifop:Precision>
                                                </ifop:PointProjection>
                                             </ifop:Line>
                                          </siri:LinkProjection>
                                          <!--Optional:-->
                                          <siri:Offset>
                                             <!--Optional:-->
                                             <siri:DistanceFromStart>?</siri:DistanceFromStart>
                                             <!--Optional:-->
                                             <siri:DistanceFromEnd>?</siri:DistanceFromEnd>
                                          </siri:Offset>
                                          <!--Optional:-->
                                          <siri:Extensions>
                                             <!--You may enter ANY elements at this point-->
                                          </siri:Extensions>
                                       </siri:AffectedPathLink>
                                       <!--Optional:-->
                                       <siri:Extensions>
                                          <!--You may enter ANY elements at this point-->
                                       </siri:Extensions>
                                    </siri:AffectedConnectionLink>
                                 </siri:ConnectionLinks>
                                 <!--Optional:-->
                                 <siri:Extensions>
                                    <!--You may enter ANY elements at this point-->
                                 </siri:Extensions>
                              </siri:Destinations>
                              <!--1 or more repetitions:-->
                              <siri:Route>
                                 <!--Optional:-->
                                 <siri:RouteRef>?</siri:RouteRef>
                                 <!--Zero or more repetitions:-->
                                 <siri:Direction>
                                    <siri:DirectionRef>?</siri:DirectionRef>
                                    <!--Zero or more repetitions:-->
                                    <siri:DirectionName xml:lang="?">?</siri:DirectionName>
                                 </siri:Direction>
                                 <!--Optional:-->
                                 <siri:Sections>
                                    <!--1 or more repetitions:-->
                                    <siri:AffectedSection>
                                       <!--Optional:-->
                                       <siri:SectionRef>?</siri:SectionRef>
                                       <!--Optional:-->
                                       <siri:LinkProjection>
                                          <!--Optional:-->
                                          <ifop:Features>
                                             <!--1 or more repetitions:-->
                                             <ifop:GisFeatureRef>
                                                <ifop:FeatureIdRef>?</ifop:FeatureIdRef>
                                                <!--Optional:-->
                                                <ifop:FeatureType>?</ifop:FeatureType>
                                             </ifop:GisFeatureRef>
                                          </ifop:Features>
                                          <!--Optional:-->
                                          <ifop:Line>
                                             <!--2 or more repetitions:-->
                                             <ifop:PointProjection id="?" srsName="?">
                                                <!--Optional:-->
                                                <ifop:Features>
                                                   <!--1 or more repetitions:-->
                                                   <ifop:GisFeatureRef>
                                                      <ifop:FeatureIdRef>?</ifop:FeatureIdRef>
                                                      <!--Optional:-->
                                                      <ifop:FeatureType>?</ifop:FeatureType>
                                                   </ifop:GisFeatureRef>
                                                </ifop:Features>
                                                <ifop:Longitude>?</ifop:Longitude>
                                                <ifop:Latitude>?</ifop:Latitude>
                                                <!--Optional:-->
                                                <ifop:Altitude>?</ifop:Altitude>
                                                <!--Optional:-->
                                                <ifop:Coordinates>?</ifop:Coordinates>
                                                <!--Optional:-->
                                                <ifop:Precision>?</ifop:Precision>
                                             </ifop:PointProjection>
                                             <ifop:PointProjection id="?" srsName="?">
                                                <!--Optional:-->
                                                <ifop:Features>
                                                   <!--1 or more repetitions:-->
                                                   <ifop:GisFeatureRef>
                                                      <ifop:FeatureIdRef>?</ifop:FeatureIdRef>
                                                      <!--Optional:-->
                                                      <ifop:FeatureType>?</ifop:FeatureType>
                                                   </ifop:GisFeatureRef>
                                                </ifop:Features>
                                                <ifop:Longitude>?</ifop:Longitude>
                                                <ifop:Latitude>?</ifop:Latitude>
                                                <!--Optional:-->
                                                <ifop:Altitude>?</ifop:Altitude>
                                                <!--Optional:-->
                                                <ifop:Coordinates>?</ifop:Coordinates>
                                                <!--Optional:-->
                                                <ifop:Precision>?</ifop:Precision>
                                             </ifop:PointProjection>
                                          </ifop:Line>
                                       </siri:LinkProjection>
                                       <!--Optional:-->
                                       <siri:Offset>
                                          <!--Optional:-->
                                          <siri:DistanceFromStart>?</siri:DistanceFromStart>
                                          <!--Optional:-->
                                          <siri:DistanceFromEnd>?</siri:DistanceFromEnd>
                                       </siri:Offset>
                                       <!--Optional:-->
                                       <siri:Extensions>
                                          <!--You may enter ANY elements at this point-->
                                       </siri:Extensions>
                                    </siri:AffectedSection>
                                 </siri:Sections>
                                 <!--Optional:-->
                                 <siri:RouteLinks>
                                    <!--1 or more repetitions:-->
                                    <siri:RouteLinkRef>?</siri:RouteLinkRef>
                                 </siri:RouteLinks>
                                 <!--Optional:-->
                                 <siri:Extensions>
                                    <!--You may enter ANY elements at this point-->
                                 </siri:Extensions>
                              </siri:Route>
                              <!--Optional:-->
                              <siri:OriginAimedDepartureTime>?</siri:OriginAimedDepartureTime>
                              <!--Optional:-->
                              <siri:DestinationAimedArrivalTime>?</siri:DestinationAimedArrivalTime>
                              <!--Optional:-->
                              <siri:AccessibilityAssessment>
                                 <acsb:MobilityImpairedAccess>?</acsb:MobilityImpairedAccess>
                                 <!--Optional:-->
                                 <acsb:Limitations>
                                    <!--1 or more repetitions:-->
                                    <acsb:AccessibilityLimitation>
                                       <!--Optional:-->
                                       <acsb:LimitationId>?</acsb:LimitationId>
                                       <!--Optional:-->
                                       <acsb:ValidityCondition>
                                          <!--Optional:-->
                                          <ifop:FromDateTime>?</ifop:FromDateTime>
                                          <!--Optional:-->
                                          <ifop:ToDateTime>?</ifop:ToDateTime>
                                          <!--Optional:-->
                                          <ifop:DayType>?</ifop:DayType>
                                          <!--Zero or more repetitions:-->
                                          <ifop:Timebands>
                                             <ifop:Timeband>
                                                <ifop:StartTime>?</ifop:StartTime>
                                                <!--Optional:-->
                                                <ifop:EndTime>?</ifop:EndTime>
                                             </ifop:Timeband>
                                          </ifop:Timebands>
                                       </acsb:ValidityCondition>
                                       <acsb:WheelchairAccess>false</acsb:WheelchairAccess>
                                       <!--Optional:-->
                                       <acsb:StepFreeAccess>unknown</acsb:StepFreeAccess>
                                       <!--Optional:-->
                                       <acsb:EscalatorFreeAccess>unknown</acsb:EscalatorFreeAccess>
                                       <!--Optional:-->
                                       <acsb:LiftFreeAccess>unknown</acsb:LiftFreeAccess>
                                       <!--Optional:-->
                                       <acsb:AudibleSignalsAvailable>false</acsb:AudibleSignalsAvailable>
                                       <!--Optional:-->
                                       <acsb:VisualSignsAvailable>unknown</acsb:VisualSignsAvailable>
                                       <!--Optional:-->
                                       <ifop:Extensions>
                                          vasto
                                          <!--You may enter ANY elements at this point-->
                                          montis
                                       </ifop:Extensions>
                                    </acsb:AccessibilityLimitation>
                                 </acsb:Limitations>
                                 <!--Optional:-->
                                 <acsb:Suitabilities>
                                    <!--1 or more repetitions:-->
                                    <acsb:Suitability>
                                       <acsb:Suitable>?</acsb:Suitable>
                                       <acsb:UserNeed>
                                          <!--You have a CHOICE of the next 4 items at this level-->
                                          <acsb:MobilityNeed>?</acsb:MobilityNeed>
                                          <acsb:PsychosensoryNeed>?</acsb:PsychosensoryNeed>
                                          <acsb:MedicalNeed>?</acsb:MedicalNeed>
                                          <acsb:EncumbranceNeed>?</acsb:EncumbranceNeed>
                                          <!--Optional:-->
                                          <acsb:Excluded>?</acsb:Excluded>
                                          <!--Optional:-->
                                          <acsb:NeedRanking>?</acsb:NeedRanking>
                                          <!--Optional:-->
                                          <acsb:Extensions>?</acsb:Extensions>
                                       </acsb:UserNeed>
                                    </acsb:Suitability>
                                 </acsb:Suitabilities>
                                 <!--Optional:-->
                                 <ifop:Extensions>
                                    flammato
                                    <!--You may enter ANY elements at this point-->
                                    aris
                                 </ifop:Extensions>
                              </siri:AccessibilityAssessment>
                              <!--Optional:-->
                              <siri:Calls>
                                 <!--1 or more repetitions:-->
                                 <siri:Call>
                                    <!--Optional:-->
                                    <siri:StopPointRef>?</siri:StopPointRef>
                                    <!--Optional:-->
                                    <siri:PrivateRef>?</siri:PrivateRef>
                                    <!--Zero or more repetitions:-->
                                    <siri:StopPointName xml:lang="?">?</siri:StopPointName>
                                    <!--Optional:-->
                                    <siri:StopPointType>?</siri:StopPointType>
                                    <!--Optional:-->
                                    <siri:Location id="?" srsName="?">
                                       <!--You have a CHOICE of the next 2 items at this level-->
                                       <siri:Longitude>?</siri:Longitude>
                                       <siri:Latitude>?</siri:Latitude>
                                       <siri:Coordinates>?</siri:Coordinates>
                                       <!--Optional:-->
                                       <siri:Precision>?</siri:Precision>
                                    </siri:Location>
                                    <!--Optional:-->
                                    <siri:AffectedModes>
                                       <!--You have a CHOICE of the next 2 items at this level-->
                                       <!--Optional:-->
                                       <siri:AllModes>?</siri:AllModes>
                                       <!--Zero or more repetitions:-->
                                       <siri:Mode>
                                          <!--Optional:-->
                                          <siri:VehicleMode>unknown</siri:VehicleMode>
                                          <!--You have a CHOICE of the next 7 items at this level-->
                                          <siri:AirSubmode>unknown</siri:AirSubmode>
                                          <siri:BusSubmode>unknown</siri:BusSubmode>
                                          <siri:CoachSubmode>unknown</siri:CoachSubmode>
                                          <siri:MetroSubmode>unknown</siri:MetroSubmode>
                                          <siri:RailSubmode>unknown</siri:RailSubmode>
                                          <siri:TramSubmode>unknown</siri:TramSubmode>
                                          <siri:WaterSubmode>unknown</siri:WaterSubmode>
                                          <!--Optional:-->
                                          <siri:AccessMode>?</siri:AccessMode>
                                       </siri:Mode>
                                    </siri:AffectedModes>
                                    <!--Optional:-->
                                    <siri:PlaceRef>?</siri:PlaceRef>
                                    <!--Zero or more repetitions:-->
                                    <siri:PlaceName xml:lang="?">?</siri:PlaceName>
                                    <!--Optional:-->
                                    <siri:AccessibilityAssessment>
                                       <acsb:MobilityImpairedAccess>?</acsb:MobilityImpairedAccess>
                                       <!--Optional:-->
                                       <acsb:Limitations>
                                          <!--1 or more repetitions:-->
                                          <acsb:AccessibilityLimitation>
                                             <!--Optional:-->
                                             <acsb:LimitationId>?</acsb:LimitationId>
                                             <!--Optional:-->
                                             <acsb:ValidityCondition>
                                                <!--Optional:-->
                                                <ifop:FromDateTime>?</ifop:FromDateTime>
                                                <!--Optional:-->
                                                <ifop:ToDateTime>?</ifop:ToDateTime>
                                                <!--Optional:-->
                                                <ifop:DayType>?</ifop:DayType>
                                                <!--Zero or more repetitions:-->
                                                <ifop:Timebands>
                                                   <ifop:Timeband>
                                                      <ifop:StartTime>?</ifop:StartTime>
                                                      <!--Optional:-->
                                                      <ifop:EndTime>?</ifop:EndTime>
                                                   </ifop:Timeband>
                                                </ifop:Timebands>
                                             </acsb:ValidityCondition>
                                             <acsb:WheelchairAccess>false</acsb:WheelchairAccess>
                                             <!--Optional:-->
                                             <acsb:StepFreeAccess>unknown</acsb:StepFreeAccess>
                                             <!--Optional:-->
                                             <acsb:EscalatorFreeAccess>unknown</acsb:EscalatorFreeAccess>
                                             <!--Optional:-->
                                             <acsb:LiftFreeAccess>unknown</acsb:LiftFreeAccess>
                                             <!--Optional:-->
                                             <acsb:AudibleSignalsAvailable>false</acsb:AudibleSignalsAvailable>
                                             <!--Optional:-->
                                             <acsb:VisualSignsAvailable>unknown</acsb:VisualSignsAvailable>
                                             <!--Optional:-->
                                             <ifop:Extensions>
                                                tempestatesque
                                                <!--You may enter ANY elements at this point-->
                                                aris
                                             </ifop:Extensions>
                                          </acsb:AccessibilityLimitation>
                                       </acsb:Limitations>
                                       <!--Optional:-->
                                       <acsb:Suitabilities>
                                          <!--1 or more repetitions:-->
                                          <acsb:Suitability>
                                             <acsb:Suitable>?</acsb:Suitable>
                                             <acsb:UserNeed>
                                                <!--You have a CHOICE of the next 4 items at this level-->
                                                <acsb:MobilityNeed>?</acsb:MobilityNeed>
                                                <acsb:PsychosensoryNeed>?</acsb:PsychosensoryNeed>
                                                <acsb:MedicalNeed>?</acsb:MedicalNeed>
                                                <acsb:EncumbranceNeed>?</acsb:EncumbranceNeed>
                                                <!--Optional:-->
                                                <acsb:Excluded>?</acsb:Excluded>
                                                <!--Optional:-->
                                                <acsb:NeedRanking>?</acsb:NeedRanking>
                                                <!--Optional:-->
                                                <acsb:Extensions>?</acsb:Extensions>
                                             </acsb:UserNeed>
                                          </acsb:Suitability>
                                       </acsb:Suitabilities>
                                       <!--Optional:-->
                                       <ifop:Extensions>
                                          tenens
                                          <!--You may enter ANY elements at this point-->
                                          incedo
                                       </ifop:Extensions>
                                    </siri:AccessibilityAssessment>
                                    <!--Optional:-->
                                    <siri:ConnectionLinks>
                                       <!--1 or more repetitions:-->
                                       <siri:AffectedConnectionLink>
                                          <!--Zero or more repetitions:-->
                                          <siri:ConnectionLinkRef>?</siri:ConnectionLinkRef>
                                          <!--Optional:-->
                                          <siri:ConnectionName xml:lang="?">?</siri:ConnectionName>
                                          <!--You have a CHOICE of the next 2 items at this level-->
                                          <siri:AllLines>?</siri:AllLines>
                                          <!--1 or more repetitions:-->
                                          <siri:LineRef>?</siri:LineRef>
                                          <!--Optional:-->
                                          <siri:ConnectingStopPointRef>?</siri:ConnectingStopPointRef>
                                          <!--Zero or more repetitions:-->
                                          <siri:ConnectingStopPointName xml:lang="?">?</siri:ConnectingStopPointName>
                                          <!--Optional:-->
                                          <siri:ConnectingZoneRef>?</siri:ConnectingZoneRef>
                                          <!--Optional:-->
                                          <siri:ConnectionDirection>both</siri:ConnectionDirection>
                                          <!--Zero or more repetitions:-->
                                          <siri:AffectedPathLink>
                                             <!--Zero or more repetitions:-->
                                             <siri:LinkRef>?</siri:LinkRef>
                                             <!--Zero or more repetitions:-->
                                             <siri:LinkName xml:lang="?">?</siri:LinkName>
                                             <!--Optional:-->
                                             <siri:AccessibilityFeature>?</siri:AccessibilityFeature>
                                             <!--Zero or more repetitions:-->
                                             <siri:LinkDirection>?</siri:LinkDirection>
                                             <!--Optional:-->
                                             <siri:LinkProjection>
                                                <!--Optional:-->
                                                <ifop:Features>
                                                   <!--1 or more repetitions:-->
                                                   <ifop:GisFeatureRef>
                                                      <ifop:FeatureIdRef>?</ifop:FeatureIdRef>
                                                      <!--Optional:-->
                                                      <ifop:FeatureType>?</ifop:FeatureType>
                                                   </ifop:GisFeatureRef>
                                                </ifop:Features>
                                                <!--Optional:-->
                                                <ifop:Line>
                                                   <!--2 or more repetitions:-->
                                                   <ifop:PointProjection id="?" srsName="?">
                                                      <!--Optional:-->
                                                      <ifop:Features>
                                                         <!--1 or more repetitions:-->
                                                         <ifop:GisFeatureRef>
                                                            <ifop:FeatureIdRef>?</ifop:FeatureIdRef>
                                                            <!--Optional:-->
                                                            <ifop:FeatureType>?</ifop:FeatureType>
                                                         </ifop:GisFeatureRef>
                                                      </ifop:Features>
                                                      <ifop:Longitude>?</ifop:Longitude>
                                                      <ifop:Latitude>?</ifop:Latitude>
                                                      <!--Optional:-->
                                                      <ifop:Altitude>?</ifop:Altitude>
                                                      <!--Optional:-->
                                                      <ifop:Coordinates>?</ifop:Coordinates>
                                                      <!--Optional:-->
                                                      <ifop:Precision>?</ifop:Precision>
                                                   </ifop:PointProjection>
                                                   <ifop:PointProjection id="?" srsName="?">
                                                      <!--Optional:-->
                                                      <ifop:Features>
                                                         <!--1 or more repetitions:-->
                                                         <ifop:GisFeatureRef>
                                                            <ifop:FeatureIdRef>?</ifop:FeatureIdRef>
                                                            <!--Optional:-->
                                                            <ifop:FeatureType>?</ifop:FeatureType>
                                                         </ifop:GisFeatureRef>
                                                      </ifop:Features>
                                                      <ifop:Longitude>?</ifop:Longitude>
                                                      <ifop:Latitude>?</ifop:Latitude>
                                                      <!--Optional:-->
                                                      <ifop:Altitude>?</ifop:Altitude>
                                                      <!--Optional:-->
                                                      <ifop:Coordinates>?</ifop:Coordinates>
                                                      <!--Optional:-->
                                                      <ifop:Precision>?</ifop:Precision>
                                                   </ifop:PointProjection>
                                                </ifop:Line>
                                             </siri:LinkProjection>
                                             <!--Optional:-->
                                             <siri:Offset>
                                                <!--Optional:-->
                                                <siri:DistanceFromStart>?</siri:DistanceFromStart>
                                                <!--Optional:-->
                                                <siri:DistanceFromEnd>?</siri:DistanceFromEnd>
                                             </siri:Offset>
                                             <!--Optional:-->
                                             <siri:Extensions>
                                                <!--You may enter ANY elements at this point-->
                                             </siri:Extensions>
                                          </siri:AffectedPathLink>
                                          <!--Optional:-->
                                          <siri:Extensions>
                                             <!--You may enter ANY elements at this point-->
                                          </siri:Extensions>
                                       </siri:AffectedConnectionLink>
                                    </siri:ConnectionLinks>
                                    <!--Optional:-->
                                    <siri:Extensions>
                                       <!--You may enter ANY elements at this point-->
                                    </siri:Extensions>
                                    <!--Optional:-->
                                    <siri:Order>?</siri:Order>
                                    <!--Optional:-->
                                    <siri:CallCondition>?</siri:CallCondition>
                                    <!--Optional:-->
                                    <siri:VehicleAtStop>false</siri:VehicleAtStop>
                                    <!--Optional:-->
                                    <siri:VehicleLocationAtStop id="?" srsName="?">
                                       <!--You have a CHOICE of the next 2 items at this level-->
                                       <siri:Longitude>?</siri:Longitude>
                                       <siri:Latitude>?</siri:Latitude>
                                       <siri:Coordinates>?</siri:Coordinates>
                                       <!--Optional:-->
                                       <siri:Precision>?</siri:Precision>
                                    </siri:VehicleLocationAtStop>
                                    <!--Optional:-->
                                    <siri:AimedArrivalTime>?</siri:AimedArrivalTime>
                                    <!--You have a CHOICE of the next 2 items at this level-->
                                    <!--Optional:-->
                                    <siri:ActualArrivalTime>?</siri:ActualArrivalTime>
                                    <!--Optional:-->
                                    <siri:ExpectedArrivalTime>?</siri:ExpectedArrivalTime>
                                    <!--Optional:-->
                                    <siri:ArrivalStatus>?</siri:ArrivalStatus>
                                    <!--Optional:-->
                                    <siri:ArrivalPlatformName xml:lang="?">?</siri:ArrivalPlatformName>
                                    <!--Optional:-->
                                    <siri:ArrivalBoardingActivity>alighting</siri:ArrivalBoardingActivity>
                                    <!--Optional:-->
                                    <siri:AimedDepartureTime>?</siri:AimedDepartureTime>
                                    <!--You have a CHOICE of the next 2 items at this level-->
                                    <!--Optional:-->
                                    <siri:ActualDepartureTime>?</siri:ActualDepartureTime>
                                    <!--Optional:-->
                                    <siri:ExpectedDepartureTime>?</siri:ExpectedDepartureTime>
                                    <!--Optional:-->
                                    <siri:DepartureStatus>?</siri:DepartureStatus>
                                    <!--Optional:-->
                                    <siri:DeparturePlatformName xml:lang="?">?</siri:DeparturePlatformName>
                                    <!--Optional:-->
                                    <siri:DepartureBoardingActivity>boarding</siri:DepartureBoardingActivity>
                                    <!--Optional:-->
                                    <siri:AimedHeadwayInterval>?</siri:AimedHeadwayInterval>
                                    <!--Optional:-->
                                    <siri:ExpectedHeadwayInterval>?</siri:ExpectedHeadwayInterval>
                                    <!--Zero or more repetitions:-->
                                    <siri:AffectedInterchange>
                                       <!--Optional:-->
                                       <siri:InterchangeRef>?</siri:InterchangeRef>
                                       <!--Optional:-->
                                       <siri:InterchangeStopPointRef>?</siri:InterchangeStopPointRef>
                                       <!--Zero or more repetitions:-->
                                       <siri:InterchangeStopPointName xml:lang="?">?</siri:InterchangeStopPointName>
                                       <!--Optional:-->
                                       <siri:ConnectingVehicleJourneyRef>?</siri:ConnectingVehicleJourneyRef>
                                       <!--Optional:-->
                                       <siri:InterchangeStatusType>unknown</siri:InterchangeStatusType>
                                       <!--Zero or more repetitions:-->
                                       <siri:ConnectionLink>
                                          <!--Zero or more repetitions:-->
                                          <siri:ConnectionLinkRef>?</siri:ConnectionLinkRef>
                                          <!--Optional:-->
                                          <siri:ConnectionName xml:lang="?">?</siri:ConnectionName>
                                          <!--You have a CHOICE of the next 2 items at this level-->
                                          <siri:AllLines>?</siri:AllLines>
                                          <!--1 or more repetitions:-->
                                          <siri:LineRef>?</siri:LineRef>
                                          <!--Optional:-->
                                          <siri:ConnectingStopPointRef>?</siri:ConnectingStopPointRef>
                                          <!--Zero or more repetitions:-->
                                          <siri:ConnectingStopPointName xml:lang="?">?</siri:ConnectingStopPointName>
                                          <!--Optional:-->
                                          <siri:ConnectingZoneRef>?</siri:ConnectingZoneRef>
                                          <!--Optional:-->
                                          <siri:ConnectionDirection>both</siri:ConnectionDirection>
                                          <!--Zero or more repetitions:-->
                                          <siri:AffectedPathLink>
                                             <!--Zero or more repetitions:-->
                                             <siri:LinkRef>?</siri:LinkRef>
                                             <!--Zero or more repetitions:-->
                                             <siri:LinkName xml:lang="?">?</siri:LinkName>
                                             <!--Optional:-->
                                             <siri:AccessibilityFeature>?</siri:AccessibilityFeature>
                                             <!--Zero or more repetitions:-->
                                             <siri:LinkDirection>?</siri:LinkDirection>
                                             <!--Optional:-->
                                             <siri:LinkProjection>
                                                <!--Optional:-->
                                                <ifop:Features>
                                                   <!--1 or more repetitions:-->
                                                   <ifop:GisFeatureRef>
                                                      <ifop:FeatureIdRef>?</ifop:FeatureIdRef>
                                                      <!--Optional:-->
                                                      <ifop:FeatureType>?</ifop:FeatureType>
                                                   </ifop:GisFeatureRef>
                                                </ifop:Features>
                                                <!--Optional:-->
                                                <ifop:Line>
                                                   <!--2 or more repetitions:-->
                                                   <ifop:PointProjection id="?" srsName="?">
                                                      <!--Optional:-->
                                                      <ifop:Features>
                                                         <!--1 or more repetitions:-->
                                                         <ifop:GisFeatureRef>
                                                            <ifop:FeatureIdRef>?</ifop:FeatureIdRef>
                                                            <!--Optional:-->
                                                            <ifop:FeatureType>?</ifop:FeatureType>
                                                         </ifop:GisFeatureRef>
                                                      </ifop:Features>
                                                      <ifop:Longitude>?</ifop:Longitude>
                                                      <ifop:Latitude>?</ifop:Latitude>
                                                      <!--Optional:-->
                                                      <ifop:Altitude>?</ifop:Altitude>
                                                      <!--Optional:-->
                                                      <ifop:Coordinates>?</ifop:Coordinates>
                                                      <!--Optional:-->
                                                      <ifop:Precision>?</ifop:Precision>
                                                   </ifop:PointProjection>
                                                   <ifop:PointProjection id="?" srsName="?">
                                                      <!--Optional:-->
                                                      <ifop:Features>
                                                         <!--1 or more repetitions:-->
                                                         <ifop:GisFeatureRef>
                                                            <ifop:FeatureIdRef>?</ifop:FeatureIdRef>
                                                            <!--Optional:-->
                                                            <ifop:FeatureType>?</ifop:FeatureType>
                                                         </ifop:GisFeatureRef>
                                                      </ifop:Features>
                                                      <ifop:Longitude>?</ifop:Longitude>
                                                      <ifop:Latitude>?</ifop:Latitude>
                                                      <!--Optional:-->
                                                      <ifop:Altitude>?</ifop:Altitude>
                                                      <!--Optional:-->
                                                      <ifop:Coordinates>?</ifop:Coordinates>
                                                      <!--Optional:-->
                                                      <ifop:Precision>?</ifop:Precision>
                                                   </ifop:PointProjection>
                                                </ifop:Line>
                                             </siri:LinkProjection>
                                             <!--Optional:-->
                                             <siri:Offset>
                                                <!--Optional:-->
                                                <siri:DistanceFromStart>?</siri:DistanceFromStart>
                                                <!--Optional:-->
                                                <siri:DistanceFromEnd>?</siri:DistanceFromEnd>
                                             </siri:Offset>
                                             <!--Optional:-->
                                             <siri:Extensions>
                                                <!--You may enter ANY elements at this point-->
                                             </siri:Extensions>
                                          </siri:AffectedPathLink>
                                          <!--Optional:-->
                                          <siri:Extensions>
                                             <!--You may enter ANY elements at this point-->
                                          </siri:Extensions>
                                       </siri:ConnectionLink>
                                       <!--Optional:-->
                                       <siri:Extensions>
                                          <!--You may enter ANY elements at this point-->
                                       </siri:Extensions>
                                    </siri:AffectedInterchange>
                                 </siri:Call>
                              </siri:Calls>
                              <!--Optional:-->
                              <siri:Extensions>
                                 <!--You may enter ANY elements at this point-->
                              </siri:Extensions>
                           </siri:AffectedVehicleJourney>
                        </siri:VehicleJourneys>
                        <!--Optional:-->
                        <siri:Roads>
                           <!--Optional:-->
                           <siri:Datex2Locations>
                              <!--Optional:-->
                              <_0:groupOfLocationsExtension>
                                 <!--You may enter ANY elements at this point-->
                              </_0:groupOfLocationsExtension>
                           </siri:Datex2Locations>
                           <!--Zero or more repetitions:-->
                           <siri:AffectedRoad>
                              <!--Optional:-->
                              <siri:Road>
                                 <_0:roadsideReferencePointPrimaryLocation>
                                    <_0:roadsideReferencePoint>
                                       <_0:roadsideReferencePointIdentifier>?</_0:roadsideReferencePointIdentifier>
                                       <!--Optional:-->
                                       <_0:administrativeArea>
                                          <_0:values>
                                             <!--1 or more repetitions:-->
                                             <_0:value lang="?">?</_0:value>
                                          </_0:values>
                                       </_0:administrativeArea>
                                       <!--Optional:-->
                                       <_0:roadName>
                                          <_0:values>
                                             <!--1 or more repetitions:-->
                                             <_0:value lang="?">?</_0:value>
                                          </_0:values>
                                       </_0:roadName>
                                       <!--Optional:-->
                                       <_0:roadNumber>?</_0:roadNumber>
                                       <!--Optional:-->
                                       <_0:directionBound>?</_0:directionBound>
                                       <!--Optional:-->
                                       <_0:directionRelative>?</_0:directionRelative>
                                       <!--Optional:-->
                                       <_0:distanceFromPrevious>?</_0:distanceFromPrevious>
                                       <!--Optional:-->
                                       <_0:distanceToNext>?</_0:distanceToNext>
                                       <!--Optional:-->
                                       <_0:elevatedRoadSection>?</_0:elevatedRoadSection>
                                       <!--Optional:-->
                                       <_0:roadsideReferencePointDescription>
                                          <_0:values>
                                             <!--1 or more repetitions:-->
                                             <_0:value lang="?">?</_0:value>
                                          </_0:values>
                                       </_0:roadsideReferencePointDescription>
                                       <!--Optional:-->
                                       <_0:roadsideReferencePointDistance>?</_0:roadsideReferencePointDistance>
                                       <!--Optional:-->
                                       <_0:roadsideReferencePointExtension>
                                          <!--You may enter ANY elements at this point-->
                                       </_0:roadsideReferencePointExtension>
                                    </_0:roadsideReferencePoint>
                                    <!--Optional:-->
                                    <_0:roadsideReferencePointPrimaryLocationExtension>
                                       <!--You may enter ANY elements at this point-->
                                    </_0:roadsideReferencePointPrimaryLocationExtension>
                                 </_0:roadsideReferencePointPrimaryLocation>
                                 <_0:roadsideReferencePointSecondaryLocation>
                                    <_0:roadsideReferencePoint>
                                       <_0:roadsideReferencePointIdentifier>?</_0:roadsideReferencePointIdentifier>
                                       <!--Optional:-->
                                       <_0:administrativeArea>
                                          <_0:values>
                                             <!--1 or more repetitions:-->
                                             <_0:value lang="?">?</_0:value>
                                          </_0:values>
                                       </_0:administrativeArea>
                                       <!--Optional:-->
                                       <_0:roadName>
                                          <_0:values>
                                             <!--1 or more repetitions:-->
                                             <_0:value lang="?">?</_0:value>
                                          </_0:values>
                                       </_0:roadName>
                                       <!--Optional:-->
                                       <_0:roadNumber>?</_0:roadNumber>
                                       <!--Optional:-->
                                       <_0:directionBound>?</_0:directionBound>
                                       <!--Optional:-->
                                       <_0:directionRelative>?</_0:directionRelative>
                                       <!--Optional:-->
                                       <_0:distanceFromPrevious>?</_0:distanceFromPrevious>
                                       <!--Optional:-->
                                       <_0:distanceToNext>?</_0:distanceToNext>
                                       <!--Optional:-->
                                       <_0:elevatedRoadSection>?</_0:elevatedRoadSection>
                                       <!--Optional:-->
                                       <_0:roadsideReferencePointDescription>
                                          <_0:values>
                                             <!--1 or more repetitions:-->
                                             <_0:value lang="?">?</_0:value>
                                          </_0:values>
                                       </_0:roadsideReferencePointDescription>
                                       <!--Optional:-->
                                       <_0:roadsideReferencePointDistance>?</_0:roadsideReferencePointDistance>
                                       <!--Optional:-->
                                       <_0:roadsideReferencePointExtension>
                                          <!--You may enter ANY elements at this point-->
                                       </_0:roadsideReferencePointExtension>
                                    </_0:roadsideReferencePoint>
                                    <!--Optional:-->
                                    <_0:roadsideReferencePointSecondaryLocationExtension>
                                       <!--You may enter ANY elements at this point-->
                                    </_0:roadsideReferencePointSecondaryLocationExtension>
                                 </_0:roadsideReferencePointSecondaryLocation>
                                 <!--Optional:-->
                                 <_0:roadsideReferencePointLinearExtension>
                                    <!--You may enter ANY elements at this point-->
                                 </_0:roadsideReferencePointLinearExtension>
                              </siri:Road>
                              <!--Optional:-->
                              <siri:LinkProjection>
                                 <!--Optional:-->
                                 <ifop:Features>
                                    <!--1 or more repetitions:-->
                                    <ifop:GisFeatureRef>
                                       <ifop:FeatureIdRef>?</ifop:FeatureIdRef>
                                       <!--Optional:-->
                                       <ifop:FeatureType>?</ifop:FeatureType>
                                    </ifop:GisFeatureRef>
                                 </ifop:Features>
                                 <!--Optional:-->
                                 <ifop:Line>
                                    <!--2 or more repetitions:-->
                                    <ifop:PointProjection id="?" srsName="?">
                                       <!--Optional:-->
                                       <ifop:Features>
                                          <!--1 or more repetitions:-->
                                          <ifop:GisFeatureRef>
                                             <ifop:FeatureIdRef>?</ifop:FeatureIdRef>
                                             <!--Optional:-->
                                             <ifop:FeatureType>?</ifop:FeatureType>
                                          </ifop:GisFeatureRef>
                                       </ifop:Features>
                                       <ifop:Longitude>?</ifop:Longitude>
                                       <ifop:Latitude>?</ifop:Latitude>
                                       <!--Optional:-->
                                       <ifop:Altitude>?</ifop:Altitude>
                                       <!--Optional:-->
                                       <ifop:Coordinates>?</ifop:Coordinates>
                                       <!--Optional:-->
                                       <ifop:Precision>?</ifop:Precision>
                                    </ifop:PointProjection>
                                    <ifop:PointProjection id="?" srsName="?">
                                       <!--Optional:-->
                                       <ifop:Features>
                                          <!--1 or more repetitions:-->
                                          <ifop:GisFeatureRef>
                                             <ifop:FeatureIdRef>?</ifop:FeatureIdRef>
                                             <!--Optional:-->
                                             <ifop:FeatureType>?</ifop:FeatureType>
                                          </ifop:GisFeatureRef>
                                       </ifop:Features>
                                       <ifop:Longitude>?</ifop:Longitude>
                                       <ifop:Latitude>?</ifop:Latitude>
                                       <!--Optional:-->
                                       <ifop:Altitude>?</ifop:Altitude>
                                       <!--Optional:-->
                                       <ifop:Coordinates>?</ifop:Coordinates>
                                       <!--Optional:-->
                                       <ifop:Precision>?</ifop:Precision>
                                    </ifop:PointProjection>
                                 </ifop:Line>
                              </siri:LinkProjection>
                              <!--Optional:-->
                              <siri:Offset>
                                 <!--Optional:-->
                                 <siri:DistanceFromStart>?</siri:DistanceFromStart>
                                 <!--Optional:-->
                                 <siri:DistanceFromEnd>?</siri:DistanceFromEnd>
                              </siri:Offset>
                           </siri:AffectedRoad>
                        </siri:Roads>
                        <!--Optional:-->
                        <siri:Extensions>
                           <!--You may enter ANY elements at this point-->
                        </siri:Extensions>
                     </siri:Affects>
                     <!--Optional:-->
                     <siri:Consequences>
                        <!--1 or more repetitions:-->
                        <siri:Consequence>
                           <!--Optional:-->
                           <siri:Period>
                              <siri:StartTime>?</siri:StartTime>
                              <!--Optional:-->
                              <siri:EndTime>?</siri:EndTime>
                           </siri:Period>
                           <!--Optional:-->
                           <siri:Condition>?</siri:Condition>
                           <siri:Severity>?</siri:Severity>
                           <!--Optional:-->
                           <siri:Affects>
                              <!--Optional:-->
                              <siri:AreaOfInterest>?</siri:AreaOfInterest>
                              <!--Optional:-->
                              <siri:Operators>
                                 <!--You have a CHOICE of the next 2 items at this level-->
                                 <siri:AllOperators>?</siri:AllOperators>
                                 <!--1 or more repetitions:-->
                                 <siri:AffectedOperator>
                                    <!--Optional:-->
                                    <siri:OperatorRef>?</siri:OperatorRef>
                                    <!--Zero or more repetitions:-->
                                    <siri:OperatorName xml:lang="?">?</siri:OperatorName>
                                    <!--Zero or more repetitions:-->
                                    <siri:OperatorShortName xml:lang="?">?</siri:OperatorShortName>
                                    <!--Zero or more repetitions:-->
                                    <siri:OperationalUnitRef>?</siri:OperationalUnitRef>
                                    <!--Optional:-->
                                    <siri:Extensions>
                                       <!--You may enter ANY elements at this point-->
                                    </siri:Extensions>
                                 </siri:AffectedOperator>
                              </siri:Operators>
                              <!--Optional:-->
                              <siri:Networks>
                                 <!--1 or more repetitions:-->
                                 <siri:AffectedNetwork>
                                    <!--Zero or more repetitions:-->
                                    <siri:AffectedOperator>
                                       <!--Optional:-->
                                       <siri:OperatorRef>?</siri:OperatorRef>
                                       <!--Zero or more repetitions:-->
                                       <siri:OperatorName xml:lang="?">?</siri:OperatorName>
                                       <!--Zero or more repetitions:-->
                                       <siri:OperatorShortName xml:lang="?">?</siri:OperatorShortName>
                                       <!--Zero or more repetitions:-->
                                       <siri:OperationalUnitRef>?</siri:OperationalUnitRef>
                                       <!--Optional:-->
                                       <siri:Extensions>
                                          <!--You may enter ANY elements at this point-->
                                       </siri:Extensions>
                                    </siri:AffectedOperator>
                                    <!--Optional:-->
                                    <siri:NetworkRef>?</siri:NetworkRef>
                                    <!--Zero or more repetitions:-->
                                    <siri:NetworkName xml:lang="?">?</siri:NetworkName>
                                    <!--Zero or more repetitions:-->
                                    <siri:RoutesAffected xml:lang="?">?</siri:RoutesAffected>
                                    <!--Optional:-->
                                    <siri:VehicleMode>unknown</siri:VehicleMode>
                                    <!--You have a CHOICE of the next 7 items at this level-->
                                    <siri:AirSubmode>unknown</siri:AirSubmode>
                                    <siri:BusSubmode>unknown</siri:BusSubmode>
                                    <siri:CoachSubmode>unknown</siri:CoachSubmode>
                                    <siri:MetroSubmode>unknown</siri:MetroSubmode>
                                    <siri:RailSubmode>unknown</siri:RailSubmode>
                                    <siri:TramSubmode>unknown</siri:TramSubmode>
                                    <siri:WaterSubmode>unknown</siri:WaterSubmode>
                                    <!--Optional:-->
                                    <siri:AccessMode>?</siri:AccessMode>
                                    <!--You have a CHOICE of the next 3 items at this level-->
                                    <siri:AllLines>?</siri:AllLines>
                                    <siri:SelectedRoutes>?</siri:SelectedRoutes>
                                    <!--1 or more repetitions:-->
                                    <siri:AffectedLine>
                                       <!--Zero or more repetitions:-->
                                       <siri:AffectedOperator>
                                          <!--Optional:-->
                                          <siri:OperatorRef>?</siri:OperatorRef>
                                          <!--Zero or more repetitions:-->
                                          <siri:OperatorName xml:lang="?">?</siri:OperatorName>
                                          <!--Zero or more repetitions:-->
                                          <siri:OperatorShortName xml:lang="?">?</siri:OperatorShortName>
                                          <!--Zero or more repetitions:-->
                                          <siri:OperationalUnitRef>?</siri:OperationalUnitRef>
                                          <!--Optional:-->
                                          <siri:Extensions>
                                             <!--You may enter ANY elements at this point-->
                                          </siri:Extensions>
                                       </siri:AffectedOperator>
                                       <!--1 or more repetitions:-->
                                       <siri:LineRef>?</siri:LineRef>
                                       <!--Zero or more repetitions:-->
                                       <siri:Destinations>
                                          <!--Optional:-->
                                          <siri:StopPointRef>?</siri:StopPointRef>
                                          <!--Optional:-->
                                          <siri:PrivateRef>?</siri:PrivateRef>
                                          <!--Zero or more repetitions:-->
                                          <siri:StopPointName xml:lang="?">?</siri:StopPointName>
                                          <!--Optional:-->
                                          <siri:StopPointType>?</siri:StopPointType>
                                          <!--Optional:-->
                                          <siri:Location id="?" srsName="?">
                                             <!--You have a CHOICE of the next 2 items at this level-->
                                             <siri:Longitude>?</siri:Longitude>
                                             <siri:Latitude>?</siri:Latitude>
                                             <siri:Coordinates>?</siri:Coordinates>
                                             <!--Optional:-->
                                             <siri:Precision>?</siri:Precision>
                                          </siri:Location>
                                          <!--Optional:-->
                                          <siri:AffectedModes>
                                             <!--You have a CHOICE of the next 2 items at this level-->
                                             <!--Optional:-->
                                             <siri:AllModes>?</siri:AllModes>
                                             <!--Zero or more repetitions:-->
                                             <siri:Mode>
                                                <!--Optional:-->
                                                <siri:VehicleMode>unknown</siri:VehicleMode>
                                                <!--You have a CHOICE of the next 7 items at this level-->
                                                <siri:AirSubmode>unknown</siri:AirSubmode>
                                                <siri:BusSubmode>unknown</siri:BusSubmode>
                                                <siri:CoachSubmode>unknown</siri:CoachSubmode>
                                                <siri:MetroSubmode>unknown</siri:MetroSubmode>
                                                <siri:RailSubmode>unknown</siri:RailSubmode>
                                                <siri:TramSubmode>unknown</siri:TramSubmode>
                                                <siri:WaterSubmode>unknown</siri:WaterSubmode>
                                                <!--Optional:-->
                                                <siri:AccessMode>?</siri:AccessMode>
                                             </siri:Mode>
                                          </siri:AffectedModes>
                                          <!--Optional:-->
                                          <siri:PlaceRef>?</siri:PlaceRef>
                                          <!--Zero or more repetitions:-->
                                          <siri:PlaceName xml:lang="?">?</siri:PlaceName>
                                          <!--Optional:-->
                                          <siri:AccessibilityAssessment>
                                             <acsb:MobilityImpairedAccess>?</acsb:MobilityImpairedAccess>
                                             <!--Optional:-->
                                             <acsb:Limitations>
                                                <!--1 or more repetitions:-->
                                                <acsb:AccessibilityLimitation>
                                                   <!--Optional:-->
                                                   <acsb:LimitationId>?</acsb:LimitationId>
                                                   <!--Optional:-->
                                                   <acsb:ValidityCondition>
                                                      <!--Optional:-->
                                                      <ifop:FromDateTime>?</ifop:FromDateTime>
                                                      <!--Optional:-->
                                                      <ifop:ToDateTime>?</ifop:ToDateTime>
                                                      <!--Optional:-->
                                                      <ifop:DayType>?</ifop:DayType>
                                                      <!--Zero or more repetitions:-->
                                                      <ifop:Timebands>
                                                         <ifop:Timeband>
                                                            <ifop:StartTime>?</ifop:StartTime>
                                                            <!--Optional:-->
                                                            <ifop:EndTime>?</ifop:EndTime>
                                                         </ifop:Timeband>
                                                      </ifop:Timebands>
                                                   </acsb:ValidityCondition>
                                                   <acsb:WheelchairAccess>false</acsb:WheelchairAccess>
                                                   <!--Optional:-->
                                                   <acsb:StepFreeAccess>unknown</acsb:StepFreeAccess>
                                                   <!--Optional:-->
                                                   <acsb:EscalatorFreeAccess>unknown</acsb:EscalatorFreeAccess>
                                                   <!--Optional:-->
                                                   <acsb:LiftFreeAccess>unknown</acsb:LiftFreeAccess>
                                                   <!--Optional:-->
                                                   <acsb:AudibleSignalsAvailable>false</acsb:AudibleSignalsAvailable>
                                                   <!--Optional:-->
                                                   <acsb:VisualSignsAvailable>unknown</acsb:VisualSignsAvailable>
                                                   <!--Optional:-->
                                                   <ifop:Extensions>
                                                      premit
                                                      <!--You may enter ANY elements at this point-->
                                                      ac
                                                   </ifop:Extensions>
                                                </acsb:AccessibilityLimitation>
                                             </acsb:Limitations>
                                             <!--Optional:-->
                                             <acsb:Suitabilities>
                                                <!--1 or more repetitions:-->
                                                <acsb:Suitability>
                                                   <acsb:Suitable>?</acsb:Suitable>
                                                   <acsb:UserNeed>
                                                      <!--You have a CHOICE of the next 4 items at this level-->
                                                      <acsb:MobilityNeed>?</acsb:MobilityNeed>
                                                      <acsb:PsychosensoryNeed>?</acsb:PsychosensoryNeed>
                                                      <acsb:MedicalNeed>?</acsb:MedicalNeed>
                                                      <acsb:EncumbranceNeed>?</acsb:EncumbranceNeed>
                                                      <!--Optional:-->
                                                      <acsb:Excluded>?</acsb:Excluded>
                                                      <!--Optional:-->
                                                      <acsb:NeedRanking>?</acsb:NeedRanking>
                                                      <!--Optional:-->
                                                      <acsb:Extensions>?</acsb:Extensions>
                                                   </acsb:UserNeed>
                                                </acsb:Suitability>
                                             </acsb:Suitabilities>
                                             <!--Optional:-->
                                             <ifop:Extensions>
                                                iras
                                                <!--You may enter ANY elements at this point-->
                                                acuto
                                             </ifop:Extensions>
                                          </siri:AccessibilityAssessment>
                                          <!--Optional:-->
                                          <siri:ConnectionLinks>
                                             <!--1 or more repetitions:-->
                                             <siri:AffectedConnectionLink>
                                                <!--Zero or more repetitions:-->
                                                <siri:ConnectionLinkRef>?</siri:ConnectionLinkRef>
                                                <!--Optional:-->
                                                <siri:ConnectionName xml:lang="?">?</siri:ConnectionName>
                                                <!--You have a CHOICE of the next 2 items at this level-->
                                                <siri:AllLines>?</siri:AllLines>
                                                <!--1 or more repetitions:-->
                                                <siri:LineRef>?</siri:LineRef>
                                                <!--Optional:-->
                                                <siri:ConnectingStopPointRef>?</siri:ConnectingStopPointRef>
                                                <!--Zero or more repetitions:-->
                                                <siri:ConnectingStopPointName xml:lang="?">?</siri:ConnectingStopPointName>
                                                <!--Optional:-->
                                                <siri:ConnectingZoneRef>?</siri:ConnectingZoneRef>
                                                <!--Optional:-->
                                                <siri:ConnectionDirection>both</siri:ConnectionDirection>
                                                <!--Zero or more repetitions:-->
                                                <siri:AffectedPathLink>
                                                   <!--Zero or more repetitions:-->
                                                   <siri:LinkRef>?</siri:LinkRef>
                                                   <!--Zero or more repetitions:-->
                                                   <siri:LinkName xml:lang="?">?</siri:LinkName>
                                                   <!--Optional:-->
                                                   <siri:AccessibilityFeature>?</siri:AccessibilityFeature>
                                                   <!--Zero or more repetitions:-->
                                                   <siri:LinkDirection>?</siri:LinkDirection>
                                                   <!--Optional:-->
                                                   <siri:LinkProjection>
                                                      <!--Optional:-->
                                                      <ifop:Features>
                                                         <!--1 or more repetitions:-->
                                                         <ifop:GisFeatureRef>
                                                            <ifop:FeatureIdRef>?</ifop:FeatureIdRef>
                                                            <!--Optional:-->
                                                            <ifop:FeatureType>?</ifop:FeatureType>
                                                         </ifop:GisFeatureRef>
                                                      </ifop:Features>
                                                      <!--Optional:-->
                                                      <ifop:Line>
                                                         <!--2 or more repetitions:-->
                                                         <ifop:PointProjection id="?" srsName="?">
                                                            <!--Optional:-->
                                                            <ifop:Features>
                                                               <!--1 or more repetitions:-->
                                                               <ifop:GisFeatureRef>
                                                                  <ifop:FeatureIdRef>?</ifop:FeatureIdRef>
                                                                  <!--Optional:-->
                                                                  <ifop:FeatureType>?</ifop:FeatureType>
                                                               </ifop:GisFeatureRef>
                                                            </ifop:Features>
                                                            <ifop:Longitude>?</ifop:Longitude>
                                                            <ifop:Latitude>?</ifop:Latitude>
                                                            <!--Optional:-->
                                                            <ifop:Altitude>?</ifop:Altitude>
                                                            <!--Optional:-->
                                                            <ifop:Coordinates>?</ifop:Coordinates>
                                                            <!--Optional:-->
                                                            <ifop:Precision>?</ifop:Precision>
                                                         </ifop:PointProjection>
                                                         <ifop:PointProjection id="?" srsName="?">
                                                            <!--Optional:-->
                                                            <ifop:Features>
                                                               <!--1 or more repetitions:-->
                                                               <ifop:GisFeatureRef>
                                                                  <ifop:FeatureIdRef>?</ifop:FeatureIdRef>
                                                                  <!--Optional:-->
                                                                  <ifop:FeatureType>?</ifop:FeatureType>
                                                               </ifop:GisFeatureRef>
                                                            </ifop:Features>
                                                            <ifop:Longitude>?</ifop:Longitude>
                                                            <ifop:Latitude>?</ifop:Latitude>
                                                            <!--Optional:-->
                                                            <ifop:Altitude>?</ifop:Altitude>
                                                            <!--Optional:-->
                                                            <ifop:Coordinates>?</ifop:Coordinates>
                                                            <!--Optional:-->
                                                            <ifop:Precision>?</ifop:Precision>
                                                         </ifop:PointProjection>
                                                      </ifop:Line>
                                                   </siri:LinkProjection>
                                                   <!--Optional:-->
                                                   <siri:Offset>
                                                      <!--Optional:-->
                                                      <siri:DistanceFromStart>?</siri:DistanceFromStart>
                                                      <!--Optional:-->
                                                      <siri:DistanceFromEnd>?</siri:DistanceFromEnd>
                                                   </siri:Offset>
                                                   <!--Optional:-->
                                                   <siri:Extensions>
                                                      <!--You may enter ANY elements at this point-->
                                                   </siri:Extensions>
                                                </siri:AffectedPathLink>
                                                <!--Optional:-->
                                                <siri:Extensions>
                                                   <!--You may enter ANY elements at this point-->
                                                </siri:Extensions>
                                             </siri:AffectedConnectionLink>
                                          </siri:ConnectionLinks>
                                          <!--Optional:-->
                                          <siri:Extensions>
                                             <!--You may enter ANY elements at this point-->
                                          </siri:Extensions>
                                       </siri:Destinations>
                                       <!--Zero or more repetitions:-->
                                       <siri:Direction>
                                          <siri:DirectionRef>?</siri:DirectionRef>
                                          <!--Zero or more repetitions:-->
                                          <siri:DirectionName xml:lang="?">?</siri:DirectionName>
                                       </siri:Direction>
                                       <!--Optional:-->
                                       <siri:Routes>
                                          <!--1 or more repetitions:-->
                                          <siri:AffectedRoute>
                                             <!--Optional:-->
                                             <siri:RouteRef>?</siri:RouteRef>
                                             <!--Zero or more repetitions:-->
                                             <siri:Direction>
                                                <siri:DirectionRef>?</siri:DirectionRef>
                                                <!--Zero or more repetitions:-->
                                                <siri:DirectionName xml:lang="?">?</siri:DirectionName>
                                             </siri:Direction>
                                             <!--Optional:-->
                                             <siri:Sections>
                                                <!--1 or more repetitions:-->
                                                <siri:AffectedSection>
                                                   <!--Optional:-->
                                                   <siri:SectionRef>?</siri:SectionRef>
                                                   <!--Optional:-->
                                                   <siri:LinkProjection>
                                                      <!--Optional:-->
                                                      <ifop:Features>
                                                         <!--1 or more repetitions:-->
                                                         <ifop:GisFeatureRef>
                                                            <ifop:FeatureIdRef>?</ifop:FeatureIdRef>
                                                            <!--Optional:-->
                                                            <ifop:FeatureType>?</ifop:FeatureType>
                                                         </ifop:GisFeatureRef>
                                                      </ifop:Features>
                                                      <!--Optional:-->
                                                      <ifop:Line>
                                                         <!--2 or more repetitions:-->
                                                         <ifop:PointProjection id="?" srsName="?">
                                                            <!--Optional:-->
                                                            <ifop:Features>
                                                               <!--1 or more repetitions:-->
                                                               <ifop:GisFeatureRef>
                                                                  <ifop:FeatureIdRef>?</ifop:FeatureIdRef>
                                                                  <!--Optional:-->
                                                                  <ifop:FeatureType>?</ifop:FeatureType>
                                                               </ifop:GisFeatureRef>
                                                            </ifop:Features>
                                                            <ifop:Longitude>?</ifop:Longitude>
                                                            <ifop:Latitude>?</ifop:Latitude>
                                                            <!--Optional:-->
                                                            <ifop:Altitude>?</ifop:Altitude>
                                                            <!--Optional:-->
                                                            <ifop:Coordinates>?</ifop:Coordinates>
                                                            <!--Optional:-->
                                                            <ifop:Precision>?</ifop:Precision>
                                                         </ifop:PointProjection>
                                                         <ifop:PointProjection id="?" srsName="?">
                                                            <!--Optional:-->
                                                            <ifop:Features>
                                                               <!--1 or more repetitions:-->
                                                               <ifop:GisFeatureRef>
                                                                  <ifop:FeatureIdRef>?</ifop:FeatureIdRef>
                                                                  <!--Optional:-->
                                                                  <ifop:FeatureType>?</ifop:FeatureType>
                                                               </ifop:GisFeatureRef>
                                                            </ifop:Features>
                                                            <ifop:Longitude>?</ifop:Longitude>
                                                            <ifop:Latitude>?</ifop:Latitude>
                                                            <!--Optional:-->
                                                            <ifop:Altitude>?</ifop:Altitude>
                                                            <!--Optional:-->
                                                            <ifop:Coordinates>?</ifop:Coordinates>
                                                            <!--Optional:-->
                                                            <ifop:Precision>?</ifop:Precision>
                                                         </ifop:PointProjection>
                                                      </ifop:Line>
                                                   </siri:LinkProjection>
                                                   <!--Optional:-->
                                                   <siri:Offset>
                                                      <!--Optional:-->
                                                      <siri:DistanceFromStart>?</siri:DistanceFromStart>
                                                      <!--Optional:-->
                                                      <siri:DistanceFromEnd>?</siri:DistanceFromEnd>
                                                   </siri:Offset>
                                                   <!--Optional:-->
                                                   <siri:Extensions>
                                                      <!--You may enter ANY elements at this point-->
                                                   </siri:Extensions>
                                                </siri:AffectedSection>
                                             </siri:Sections>
                                             <!--Optional:-->
                                             <siri:RouteLinks>
                                                <!--1 or more repetitions:-->
                                                <siri:RouteLinkRef>?</siri:RouteLinkRef>
                                             </siri:RouteLinks>
                                             <!--Optional:-->
                                             <siri:Extensions>
                                                <!--You may enter ANY elements at this point-->
                                             </siri:Extensions>
                                          </siri:AffectedRoute>
                                       </siri:Routes>
                                       <!--Optional:-->
                                       <siri:Sections>
                                          <!--1 or more repetitions:-->
                                          <siri:AffectedSection>
                                             <!--Optional:-->
                                             <siri:SectionRef>?</siri:SectionRef>
                                             <!--Optional:-->
                                             <siri:LinkProjection>
                                                <!--Optional:-->
                                                <ifop:Features>
                                                   <!--1 or more repetitions:-->
                                                   <ifop:GisFeatureRef>
                                                      <ifop:FeatureIdRef>?</ifop:FeatureIdRef>
                                                      <!--Optional:-->
                                                      <ifop:FeatureType>?</ifop:FeatureType>
                                                   </ifop:GisFeatureRef>
                                                </ifop:Features>
                                                <!--Optional:-->
                                                <ifop:Line>
                                                   <!--2 or more repetitions:-->
                                                   <ifop:PointProjection id="?" srsName="?">
                                                      <!--Optional:-->
                                                      <ifop:Features>
                                                         <!--1 or more repetitions:-->
                                                         <ifop:GisFeatureRef>
                                                            <ifop:FeatureIdRef>?</ifop:FeatureIdRef>
                                                            <!--Optional:-->
                                                            <ifop:FeatureType>?</ifop:FeatureType>
                                                         </ifop:GisFeatureRef>
                                                      </ifop:Features>
                                                      <ifop:Longitude>?</ifop:Longitude>
                                                      <ifop:Latitude>?</ifop:Latitude>
                                                      <!--Optional:-->
                                                      <ifop:Altitude>?</ifop:Altitude>
                                                      <!--Optional:-->
                                                      <ifop:Coordinates>?</ifop:Coordinates>
                                                      <!--Optional:-->
                                                      <ifop:Precision>?</ifop:Precision>
                                                   </ifop:PointProjection>
                                                   <ifop:PointProjection id="?" srsName="?">
                                                      <!--Optional:-->
                                                      <ifop:Features>
                                                         <!--1 or more repetitions:-->
                                                         <ifop:GisFeatureRef>
                                                            <ifop:FeatureIdRef>?</ifop:FeatureIdRef>
                                                            <!--Optional:-->
                                                            <ifop:FeatureType>?</ifop:FeatureType>
                                                         </ifop:GisFeatureRef>
                                                      </ifop:Features>
                                                      <ifop:Longitude>?</ifop:Longitude>
                                                      <ifop:Latitude>?</ifop:Latitude>
                                                      <!--Optional:-->
                                                      <ifop:Altitude>?</ifop:Altitude>
                                                      <!--Optional:-->
                                                      <ifop:Coordinates>?</ifop:Coordinates>
                                                      <!--Optional:-->
                                                      <ifop:Precision>?</ifop:Precision>
                                                   </ifop:PointProjection>
                                                </ifop:Line>
                                             </siri:LinkProjection>
                                             <!--Optional:-->
                                             <siri:Offset>
                                                <!--Optional:-->
                                                <siri:DistanceFromStart>?</siri:DistanceFromStart>
                                                <!--Optional:-->
                                                <siri:DistanceFromEnd>?</siri:DistanceFromEnd>
                                             </siri:Offset>
                                             <!--Optional:-->
                                             <siri:Extensions>
                                                <!--You may enter ANY elements at this point-->
                                             </siri:Extensions>
                                          </siri:AffectedSection>
                                       </siri:Sections>
                                       <!--Optional:-->
                                       <siri:Extensions>
                                          <!--You may enter ANY elements at this point-->
                                       </siri:Extensions>
                                    </siri:AffectedLine>
                                    <!--Optional:-->
                                    <siri:Extensions>
                                       <!--You may enter ANY elements at this point-->
                                    </siri:Extensions>
                                 </siri:AffectedNetwork>
                              </siri:Networks>
                              <!--Optional:-->
                              <siri:StopPoints>
                                 <!--1 or more repetitions:-->
                                 <siri:AffectedStopPoint>
                                    <!--Optional:-->
                                    <siri:StopPointRef>?</siri:StopPointRef>
                                    <!--Optional:-->
                                    <siri:PrivateRef>?</siri:PrivateRef>
                                    <!--Zero or more repetitions:-->
                                    <siri:StopPointName xml:lang="?">?</siri:StopPointName>
                                    <!--Optional:-->
                                    <siri:StopPointType>?</siri:StopPointType>
                                    <!--Optional:-->
                                    <siri:Location id="?" srsName="?">
                                       <!--You have a CHOICE of the next 2 items at this level-->
                                       <siri:Longitude>?</siri:Longitude>
                                       <siri:Latitude>?</siri:Latitude>
                                       <siri:Coordinates>?</siri:Coordinates>
                                       <!--Optional:-->
                                       <siri:Precision>?</siri:Precision>
                                    </siri:Location>
                                    <!--Optional:-->
                                    <siri:AffectedModes>
                                       <!--You have a CHOICE of the next 2 items at this level-->
                                       <!--Optional:-->
                                       <siri:AllModes>?</siri:AllModes>
                                       <!--Zero or more repetitions:-->
                                       <siri:Mode>
                                          <!--Optional:-->
                                          <siri:VehicleMode>unknown</siri:VehicleMode>
                                          <!--You have a CHOICE of the next 7 items at this level-->
                                          <siri:AirSubmode>unknown</siri:AirSubmode>
                                          <siri:BusSubmode>unknown</siri:BusSubmode>
                                          <siri:CoachSubmode>unknown</siri:CoachSubmode>
                                          <siri:MetroSubmode>unknown</siri:MetroSubmode>
                                          <siri:RailSubmode>unknown</siri:RailSubmode>
                                          <siri:TramSubmode>unknown</siri:TramSubmode>
                                          <siri:WaterSubmode>unknown</siri:WaterSubmode>
                                          <!--Optional:-->
                                          <siri:AccessMode>?</siri:AccessMode>
                                       </siri:Mode>
                                    </siri:AffectedModes>
                                    <!--Optional:-->
                                    <siri:PlaceRef>?</siri:PlaceRef>
                                    <!--Zero or more repetitions:-->
                                    <siri:PlaceName xml:lang="?">?</siri:PlaceName>
                                    <!--Optional:-->
                                    <siri:AccessibilityAssessment>
                                       <acsb:MobilityImpairedAccess>?</acsb:MobilityImpairedAccess>
                                       <!--Optional:-->
                                       <acsb:Limitations>
                                          <!--1 or more repetitions:-->
                                          <acsb:AccessibilityLimitation>
                                             <!--Optional:-->
                                             <acsb:LimitationId>?</acsb:LimitationId>
                                             <!--Optional:-->
                                             <acsb:ValidityCondition>
                                                <!--Optional:-->
                                                <ifop:FromDateTime>?</ifop:FromDateTime>
                                                <!--Optional:-->
                                                <ifop:ToDateTime>?</ifop:ToDateTime>
                                                <!--Optional:-->
                                                <ifop:DayType>?</ifop:DayType>
                                                <!--Zero or more repetitions:-->
                                                <ifop:Timebands>
                                                   <ifop:Timeband>
                                                      <ifop:StartTime>?</ifop:StartTime>
                                                      <!--Optional:-->
                                                      <ifop:EndTime>?</ifop:EndTime>
                                                   </ifop:Timeband>
                                                </ifop:Timebands>
                                             </acsb:ValidityCondition>
                                             <acsb:WheelchairAccess>false</acsb:WheelchairAccess>
                                             <!--Optional:-->
                                             <acsb:StepFreeAccess>unknown</acsb:StepFreeAccess>
                                             <!--Optional:-->
                                             <acsb:EscalatorFreeAccess>unknown</acsb:EscalatorFreeAccess>
                                             <!--Optional:-->
                                             <acsb:LiftFreeAccess>unknown</acsb:LiftFreeAccess>
                                             <!--Optional:-->
                                             <acsb:AudibleSignalsAvailable>false</acsb:AudibleSignalsAvailable>
                                             <!--Optional:-->
                                             <acsb:VisualSignsAvailable>unknown</acsb:VisualSignsAvailable>
                                             <!--Optional:-->
                                             <ifop:Extensions>
                                                nubibus
                                                <!--You may enter ANY elements at this point-->
                                                et
                                             </ifop:Extensions>
                                          </acsb:AccessibilityLimitation>
                                       </acsb:Limitations>
                                       <!--Optional:-->
                                       <acsb:Suitabilities>
                                          <!--1 or more repetitions:-->
                                          <acsb:Suitability>
                                             <acsb:Suitable>?</acsb:Suitable>
                                             <acsb:UserNeed>
                                                <!--You have a CHOICE of the next 4 items at this level-->
                                                <acsb:MobilityNeed>?</acsb:MobilityNeed>
                                                <acsb:PsychosensoryNeed>?</acsb:PsychosensoryNeed>
                                                <acsb:MedicalNeed>?</acsb:MedicalNeed>
                                                <acsb:EncumbranceNeed>?</acsb:EncumbranceNeed>
                                                <!--Optional:-->
                                                <acsb:Excluded>?</acsb:Excluded>
                                                <!--Optional:-->
                                                <acsb:NeedRanking>?</acsb:NeedRanking>
                                                <!--Optional:-->
                                                <acsb:Extensions>?</acsb:Extensions>
                                             </acsb:UserNeed>
                                          </acsb:Suitability>
                                       </acsb:Suitabilities>
                                       <!--Optional:-->
                                       <ifop:Extensions>
                                          austris
                                          <!--You may enter ANY elements at this point-->
                                          dedit
                                       </ifop:Extensions>
                                    </siri:AccessibilityAssessment>
                                    <!--Optional:-->
                                    <siri:ConnectionLinks>
                                       <!--1 or more repetitions:-->
                                       <siri:AffectedConnectionLink>
                                          <!--Zero or more repetitions:-->
                                          <siri:ConnectionLinkRef>?</siri:ConnectionLinkRef>
                                          <!--Optional:-->
                                          <siri:ConnectionName xml:lang="?">?</siri:ConnectionName>
                                          <!--You have a CHOICE of the next 2 items at this level-->
                                          <siri:AllLines>?</siri:AllLines>
                                          <!--1 or more repetitions:-->
                                          <siri:LineRef>?</siri:LineRef>
                                          <!--Optional:-->
                                          <siri:ConnectingStopPointRef>?</siri:ConnectingStopPointRef>
                                          <!--Zero or more repetitions:-->
                                          <siri:ConnectingStopPointName xml:lang="?">?</siri:ConnectingStopPointName>
                                          <!--Optional:-->
                                          <siri:ConnectingZoneRef>?</siri:ConnectingZoneRef>
                                          <!--Optional:-->
                                          <siri:ConnectionDirection>both</siri:ConnectionDirection>
                                          <!--Zero or more repetitions:-->
                                          <siri:AffectedPathLink>
                                             <!--Zero or more repetitions:-->
                                             <siri:LinkRef>?</siri:LinkRef>
                                             <!--Zero or more repetitions:-->
                                             <siri:LinkName xml:lang="?">?</siri:LinkName>
                                             <!--Optional:-->
                                             <siri:AccessibilityFeature>?</siri:AccessibilityFeature>
                                             <!--Zero or more repetitions:-->
                                             <siri:LinkDirection>?</siri:LinkDirection>
                                             <!--Optional:-->
                                             <siri:LinkProjection>
                                                <!--Optional:-->
                                                <ifop:Features>
                                                   <!--1 or more repetitions:-->
                                                   <ifop:GisFeatureRef>
                                                      <ifop:FeatureIdRef>?</ifop:FeatureIdRef>
                                                      <!--Optional:-->
                                                      <ifop:FeatureType>?</ifop:FeatureType>
                                                   </ifop:GisFeatureRef>
                                                </ifop:Features>
                                                <!--Optional:-->
                                                <ifop:Line>
                                                   <!--2 or more repetitions:-->
                                                   <ifop:PointProjection id="?" srsName="?">
                                                      <!--Optional:-->
                                                      <ifop:Features>
                                                         <!--1 or more repetitions:-->
                                                         <ifop:GisFeatureRef>
                                                            <ifop:FeatureIdRef>?</ifop:FeatureIdRef>
                                                            <!--Optional:-->
                                                            <ifop:FeatureType>?</ifop:FeatureType>
                                                         </ifop:GisFeatureRef>
                                                      </ifop:Features>
                                                      <ifop:Longitude>?</ifop:Longitude>
                                                      <ifop:Latitude>?</ifop:Latitude>
                                                      <!--Optional:-->
                                                      <ifop:Altitude>?</ifop:Altitude>
                                                      <!--Optional:-->
                                                      <ifop:Coordinates>?</ifop:Coordinates>
                                                      <!--Optional:-->
                                                      <ifop:Precision>?</ifop:Precision>
                                                   </ifop:PointProjection>
                                                   <ifop:PointProjection id="?" srsName="?">
                                                      <!--Optional:-->
                                                      <ifop:Features>
                                                         <!--1 or more repetitions:-->
                                                         <ifop:GisFeatureRef>
                                                            <ifop:FeatureIdRef>?</ifop:FeatureIdRef>
                                                            <!--Optional:-->
                                                            <ifop:FeatureType>?</ifop:FeatureType>
                                                         </ifop:GisFeatureRef>
                                                      </ifop:Features>
                                                      <ifop:Longitude>?</ifop:Longitude>
                                                      <ifop:Latitude>?</ifop:Latitude>
                                                      <!--Optional:-->
                                                      <ifop:Altitude>?</ifop:Altitude>
                                                      <!--Optional:-->
                                                      <ifop:Coordinates>?</ifop:Coordinates>
                                                      <!--Optional:-->
                                                      <ifop:Precision>?</ifop:Precision>
                                                   </ifop:PointProjection>
                                                </ifop:Line>
                                             </siri:LinkProjection>
                                             <!--Optional:-->
                                             <siri:Offset>
                                                <!--Optional:-->
                                                <siri:DistanceFromStart>?</siri:DistanceFromStart>
                                                <!--Optional:-->
                                                <siri:DistanceFromEnd>?</siri:DistanceFromEnd>
                                             </siri:Offset>
                                             <!--Optional:-->
                                             <siri:Extensions>
                                                <!--You may enter ANY elements at this point-->
                                             </siri:Extensions>
                                          </siri:AffectedPathLink>
                                          <!--Optional:-->
                                          <siri:Extensions>
                                             <!--You may enter ANY elements at this point-->
                                          </siri:Extensions>
                                       </siri:AffectedConnectionLink>
                                    </siri:ConnectionLinks>
                                    <!--Optional:-->
                                    <siri:Extensions>
                                       <!--You may enter ANY elements at this point-->
                                    </siri:Extensions>
                                 </siri:AffectedStopPoint>
                              </siri:StopPoints>
                              <!--Optional:-->
                              <siri:StopPlaces>
                                 <!--1 or more repetitions:-->
                                 <siri:AffectedStopPlace>
                                    <!--Optional:-->
                                    <siri:AccessibilityAssessment>
                                       <acsb:MobilityImpairedAccess>?</acsb:MobilityImpairedAccess>
                                       <!--Optional:-->
                                       <acsb:Limitations>
                                          <!--1 or more repetitions:-->
                                          <acsb:AccessibilityLimitation>
                                             <!--Optional:-->
                                             <acsb:LimitationId>?</acsb:LimitationId>
                                             <!--Optional:-->
                                             <acsb:ValidityCondition>
                                                <!--Optional:-->
                                                <ifop:FromDateTime>?</ifop:FromDateTime>
                                                <!--Optional:-->
                                                <ifop:ToDateTime>?</ifop:ToDateTime>
                                                <!--Optional:-->
                                                <ifop:DayType>?</ifop:DayType>
                                                <!--Zero or more repetitions:-->
                                                <ifop:Timebands>
                                                   <ifop:Timeband>
                                                      <ifop:StartTime>?</ifop:StartTime>
                                                      <!--Optional:-->
                                                      <ifop:EndTime>?</ifop:EndTime>
                                                   </ifop:Timeband>
                                                </ifop:Timebands>
                                             </acsb:ValidityCondition>
                                             <acsb:WheelchairAccess>false</acsb:WheelchairAccess>
                                             <!--Optional:-->
                                             <acsb:StepFreeAccess>unknown</acsb:StepFreeAccess>
                                             <!--Optional:-->
                                             <acsb:EscalatorFreeAccess>unknown</acsb:EscalatorFreeAccess>
                                             <!--Optional:-->
                                             <acsb:LiftFreeAccess>unknown</acsb:LiftFreeAccess>
                                             <!--Optional:-->
                                             <acsb:AudibleSignalsAvailable>false</acsb:AudibleSignalsAvailable>
                                             <!--Optional:-->
                                             <acsb:VisualSignsAvailable>unknown</acsb:VisualSignsAvailable>
                                             <!--Optional:-->
                                             <ifop:Extensions>
                                                qui
                                                <!--You may enter ANY elements at this point-->
                                                profundum
                                             </ifop:Extensions>
                                          </acsb:AccessibilityLimitation>
                                       </acsb:Limitations>
                                       <!--Optional:-->
                                       <acsb:Suitabilities>
                                          <!--1 or more repetitions:-->
                                          <acsb:Suitability>
                                             <acsb:Suitable>?</acsb:Suitable>
                                             <acsb:UserNeed>
                                                <!--You have a CHOICE of the next 4 items at this level-->
                                                <acsb:MobilityNeed>?</acsb:MobilityNeed>
                                                <acsb:PsychosensoryNeed>?</acsb:PsychosensoryNeed>
                                                <acsb:MedicalNeed>?</acsb:MedicalNeed>
                                                <acsb:EncumbranceNeed>?</acsb:EncumbranceNeed>
                                                <!--Optional:-->
                                                <acsb:Excluded>?</acsb:Excluded>
                                                <!--Optional:-->
                                                <acsb:NeedRanking>?</acsb:NeedRanking>
                                                <!--Optional:-->
                                                <acsb:Extensions>?</acsb:Extensions>
                                             </acsb:UserNeed>
                                          </acsb:Suitability>
                                       </acsb:Suitabilities>
                                       <!--Optional:-->
                                       <ifop:Extensions>
                                          atris
                                          <!--You may enter ANY elements at this point-->
                                          imposuit
                                       </ifop:Extensions>
                                    </siri:AccessibilityAssessment>
                                    <siri:StopPlaceRef>?</siri:StopPlaceRef>
                                    <!--Zero or more repetitions:-->
                                    <siri:PlaceName xml:lang="?">?</siri:PlaceName>
                                    <!--Optional:-->
                                    <siri:StopPlaceType>?</siri:StopPlaceType>
                                    <!--Optional:-->
                                    <siri:AffectedComponents>
                                       <!--Zero or more repetitions:-->
                                       <siri:AffectedComponent>
                                          <!--Optional:-->
                                          <siri:AccessibilityAssessment>
                                             <acsb:MobilityImpairedAccess>?</acsb:MobilityImpairedAccess>
                                             <!--Optional:-->
                                             <acsb:Limitations>
                                                <!--1 or more repetitions:-->
                                                <acsb:AccessibilityLimitation>
                                                   <!--Optional:-->
                                                   <acsb:LimitationId>?</acsb:LimitationId>
                                                   <!--Optional:-->
                                                   <acsb:ValidityCondition>
                                                      <!--Optional:-->
                                                      <ifop:FromDateTime>?</ifop:FromDateTime>
                                                      <!--Optional:-->
                                                      <ifop:ToDateTime>?</ifop:ToDateTime>
                                                      <!--Optional:-->
                                                      <ifop:DayType>?</ifop:DayType>
                                                      <!--Zero or more repetitions:-->
                                                      <ifop:Timebands>
                                                         <ifop:Timeband>
                                                            <ifop:StartTime>?</ifop:StartTime>
                                                            <!--Optional:-->
                                                            <ifop:EndTime>?</ifop:EndTime>
                                                         </ifop:Timeband>
                                                      </ifop:Timebands>
                                                   </acsb:ValidityCondition>
                                                   <acsb:WheelchairAccess>false</acsb:WheelchairAccess>
                                                   <!--Optional:-->
                                                   <acsb:StepFreeAccess>unknown</acsb:StepFreeAccess>
                                                   <!--Optional:-->
                                                   <acsb:EscalatorFreeAccess>unknown</acsb:EscalatorFreeAccess>
                                                   <!--Optional:-->
                                                   <acsb:LiftFreeAccess>unknown</acsb:LiftFreeAccess>
                                                   <!--Optional:-->
                                                   <acsb:AudibleSignalsAvailable>false</acsb:AudibleSignalsAvailable>
                                                   <!--Optional:-->
                                                   <acsb:VisualSignsAvailable>unknown</acsb:VisualSignsAvailable>
                                                   <!--Optional:-->
                                                   <ifop:Extensions>
                                                      atris
                                                      <!--You may enter ANY elements at this point-->
                                                      magno
                                                   </ifop:Extensions>
                                                </acsb:AccessibilityLimitation>
                                             </acsb:Limitations>
                                             <!--Optional:-->
                                             <acsb:Suitabilities>
                                                <!--1 or more repetitions:-->
                                                <acsb:Suitability>
                                                   <acsb:Suitable>?</acsb:Suitable>
                                                   <acsb:UserNeed>
                                                      <!--You have a CHOICE of the next 4 items at this level-->
                                                      <acsb:MobilityNeed>?</acsb:MobilityNeed>
                                                      <acsb:PsychosensoryNeed>?</acsb:PsychosensoryNeed>
                                                      <acsb:MedicalNeed>?</acsb:MedicalNeed>
                                                      <acsb:EncumbranceNeed>?</acsb:EncumbranceNeed>
                                                      <!--Optional:-->
                                                      <acsb:Excluded>?</acsb:Excluded>
                                                      <!--Optional:-->
                                                      <acsb:NeedRanking>?</acsb:NeedRanking>
                                                      <!--Optional:-->
                                                      <acsb:Extensions>?</acsb:Extensions>
                                                   </acsb:UserNeed>
                                                </acsb:Suitability>
                                             </acsb:Suitabilities>
                                             <!--Optional:-->
                                             <ifop:Extensions>
                                                animos
                                                <!--You may enter ANY elements at this point-->
                                                iras
                                             </ifop:Extensions>
                                          </siri:AccessibilityAssessment>
                                          <siri:ComponentRef>?</siri:ComponentRef>
                                          <!--Zero or more repetitions:-->
                                          <siri:ComponentName xml:lang="?">?</siri:ComponentName>
                                          <!--Optional:-->
                                          <siri:ComponentType>?</siri:ComponentType>
                                          <!--Optional:-->
                                          <ifop:PointProjection id="?" srsName="?">
                                             <!--Optional:-->
                                             <ifop:Features>
                                                <!--1 or more repetitions:-->
                                                <ifop:GisFeatureRef>
                                                   <ifop:FeatureIdRef>?</ifop:FeatureIdRef>
                                                   <!--Optional:-->
                                                   <ifop:FeatureType>?</ifop:FeatureType>
                                                </ifop:GisFeatureRef>
                                             </ifop:Features>
                                             <ifop:Longitude>?</ifop:Longitude>
                                             <ifop:Latitude>?</ifop:Latitude>
                                             <!--Optional:-->
                                             <ifop:Altitude>?</ifop:Altitude>
                                             <!--Optional:-->
                                             <ifop:Coordinates>?</ifop:Coordinates>
                                             <!--Optional:-->
                                             <ifop:Precision>?</ifop:Precision>
                                          </ifop:PointProjection>
                                          <!--Optional:-->
                                          <ifop:LinkProjection>
                                             <!--Optional:-->
                                             <ifop:Features>
                                                <!--1 or more repetitions:-->
                                                <ifop:GisFeatureRef>
                                                   <ifop:FeatureIdRef>?</ifop:FeatureIdRef>
                                                   <!--Optional:-->
                                                   <ifop:FeatureType>?</ifop:FeatureType>
                                                </ifop:GisFeatureRef>
                                             </ifop:Features>
                                             <!--Optional:-->
                                             <ifop:Line>
                                                <!--2 or more repetitions:-->
                                                <ifop:PointProjection id="?" srsName="?">
                                                   <!--Optional:-->
                                                   <ifop:Features>
                                                      <!--1 or more repetitions:-->
                                                      <ifop:GisFeatureRef>
                                                         <ifop:FeatureIdRef>?</ifop:FeatureIdRef>
                                                         <!--Optional:-->
                                                         <ifop:FeatureType>?</ifop:FeatureType>
                                                      </ifop:GisFeatureRef>
                                                   </ifop:Features>
                                                   <ifop:Longitude>?</ifop:Longitude>
                                                   <ifop:Latitude>?</ifop:Latitude>
                                                   <!--Optional:-->
                                                   <ifop:Altitude>?</ifop:Altitude>
                                                   <!--Optional:-->
                                                   <ifop:Coordinates>?</ifop:Coordinates>
                                                   <!--Optional:-->
                                                   <ifop:Precision>?</ifop:Precision>
                                                </ifop:PointProjection>
                                                <ifop:PointProjection id="?" srsName="?">
                                                   <!--Optional:-->
                                                   <ifop:Features>
                                                      <!--1 or more repetitions:-->
                                                      <ifop:GisFeatureRef>
                                                         <ifop:FeatureIdRef>?</ifop:FeatureIdRef>
                                                         <!--Optional:-->
                                                         <ifop:FeatureType>?</ifop:FeatureType>
                                                      </ifop:GisFeatureRef>
                                                   </ifop:Features>
                                                   <ifop:Longitude>?</ifop:Longitude>
                                                   <ifop:Latitude>?</ifop:Latitude>
                                                   <!--Optional:-->
                                                   <ifop:Altitude>?</ifop:Altitude>
                                                   <!--Optional:-->
                                                   <ifop:Coordinates>?</ifop:Coordinates>
                                                   <!--Optional:-->
                                                   <ifop:Precision>?</ifop:Precision>
                                                </ifop:PointProjection>
                                             </ifop:Line>
                                          </ifop:LinkProjection>
                                          <!--Optional:-->
                                          <ifop:ZoneProjection>
                                             <!--Optional:-->
                                             <ifop:Features>
                                                <!--1 or more repetitions:-->
                                                <ifop:GisFeatureRef>
                                                   <ifop:FeatureIdRef>?</ifop:FeatureIdRef>
                                                   <!--Optional:-->
                                                   <ifop:FeatureType>?</ifop:FeatureType>
                                                </ifop:GisFeatureRef>
                                             </ifop:Features>
                                             <!--1 or more repetitions:-->
                                             <ifop:Boundary>
                                                <!--3 or more repetitions:-->
                                                <ifop:PointProjection id="?" srsName="?">
                                                   <!--Optional:-->
                                                   <ifop:Features>
                                                      <!--1 or more repetitions:-->
                                                      <ifop:GisFeatureRef>
                                                         <ifop:FeatureIdRef>?</ifop:FeatureIdRef>
                                                         <!--Optional:-->
                                                         <ifop:FeatureType>?</ifop:FeatureType>
                                                      </ifop:GisFeatureRef>
                                                   </ifop:Features>
                                                   <ifop:Longitude>?</ifop:Longitude>
                                                   <ifop:Latitude>?</ifop:Latitude>
                                                   <!--Optional:-->
                                                   <ifop:Altitude>?</ifop:Altitude>
                                                   <!--Optional:-->
                                                   <ifop:Coordinates>?</ifop:Coordinates>
                                                   <!--Optional:-->
                                                   <ifop:Precision>?</ifop:Precision>
                                                </ifop:PointProjection>
                                                <ifop:PointProjection id="?" srsName="?">
                                                   <!--Optional:-->
                                                   <ifop:Features>
                                                      <!--1 or more repetitions:-->
                                                      <ifop:GisFeatureRef>
                                                         <ifop:FeatureIdRef>?</ifop:FeatureIdRef>
                                                         <!--Optional:-->
                                                         <ifop:FeatureType>?</ifop:FeatureType>
                                                      </ifop:GisFeatureRef>
                                                   </ifop:Features>
                                                   <ifop:Longitude>?</ifop:Longitude>
                                                   <ifop:Latitude>?</ifop:Latitude>
                                                   <!--Optional:-->
                                                   <ifop:Altitude>?</ifop:Altitude>
                                                   <!--Optional:-->
                                                   <ifop:Coordinates>?</ifop:Coordinates>
                                                   <!--Optional:-->
                                                   <ifop:Precision>?</ifop:Precision>
                                                </ifop:PointProjection>
                                                <ifop:PointProjection id="?" srsName="?">
                                                   <!--Optional:-->
                                                   <ifop:Features>
                                                      <!--1 or more repetitions:-->
                                                      <ifop:GisFeatureRef>
                                                         <ifop:FeatureIdRef>?</ifop:FeatureIdRef>
                                                         <!--Optional:-->
                                                         <ifop:FeatureType>?</ifop:FeatureType>
                                                      </ifop:GisFeatureRef>
                                                   </ifop:Features>
                                                   <ifop:Longitude>?</ifop:Longitude>
                                                   <ifop:Latitude>?</ifop:Latitude>
                                                   <!--Optional:-->
                                                   <ifop:Altitude>?</ifop:Altitude>
                                                   <!--Optional:-->
                                                   <ifop:Coordinates>?</ifop:Coordinates>
                                                   <!--Optional:-->
                                                   <ifop:Precision>?</ifop:Precision>
                                                </ifop:PointProjection>
                                             </ifop:Boundary>
                                          </ifop:ZoneProjection>
                                          <!--Optional:-->
                                          <siri:Offset>
                                             <!--Optional:-->
                                             <siri:DistanceFromStart>?</siri:DistanceFromStart>
                                             <!--Optional:-->
                                             <siri:DistanceFromEnd>?</siri:DistanceFromEnd>
                                          </siri:Offset>
                                          <!--Optional:-->
                                          <siri:Extensions>
                                             <!--You may enter ANY elements at this point-->
                                          </siri:Extensions>
                                       </siri:AffectedComponent>
                                    </siri:AffectedComponents>
                                    <!--Optional:-->
                                    <siri:AffectedNavigationPaths>
                                       <!--1 or more repetitions:-->
                                       <siri:NavigationPathRef>?</siri:NavigationPathRef>
                                    </siri:AffectedNavigationPaths>
                                    <!--Optional:-->
                                    <siri:Extensions>
                                       <!--You may enter ANY elements at this point-->
                                    </siri:Extensions>
                                 </siri:AffectedStopPlace>
                              </siri:StopPlaces>
                              <!--Optional:-->
                              <siri:Places>
                                 <!--1 or more repetitions:-->
                                 <siri:AffectedPlace>
                                    <!--Optional:-->
                                    <siri:PlaceRef>?</siri:PlaceRef>
                                    <!--Optional:-->
                                    <siri:PrivateCode>?</siri:PrivateCode>
                                    <!--Zero or more repetitions:-->
                                    <siri:PlaceName xml:lang="?">?</siri:PlaceName>
                                    <!--Optional:-->
                                    <siri:Location id="?" srsName="?">
                                       <!--You have a CHOICE of the next 2 items at this level-->
                                       <siri:Longitude>?</siri:Longitude>
                                       <siri:Latitude>?</siri:Latitude>
                                       <siri:Coordinates>?</siri:Coordinates>
                                       <!--Optional:-->
                                       <siri:Precision>?</siri:Precision>
                                    </siri:Location>
                                    <!--Optional:-->
                                    <siri:PlaceCategory>?</siri:PlaceCategory>
                                    <!--Zero or more repetitions:-->
                                    <siri:EquipmentRef>?</siri:EquipmentRef>
                                    <!--Optional:-->
                                    <siri:AccessibilityAssessment>
                                       <acsb:MobilityImpairedAccess>?</acsb:MobilityImpairedAccess>
                                       <!--Optional:-->
                                       <acsb:Limitations>
                                          <!--1 or more repetitions:-->
                                          <acsb:AccessibilityLimitation>
                                             <!--Optional:-->
                                             <acsb:LimitationId>?</acsb:LimitationId>
                                             <!--Optional:-->
                                             <acsb:ValidityCondition>
                                                <!--Optional:-->
                                                <ifop:FromDateTime>?</ifop:FromDateTime>
                                                <!--Optional:-->
                                                <ifop:ToDateTime>?</ifop:ToDateTime>
                                                <!--Optional:-->
                                                <ifop:DayType>?</ifop:DayType>
                                                <!--Zero or more repetitions:-->
                                                <ifop:Timebands>
                                                   <ifop:Timeband>
                                                      <ifop:StartTime>?</ifop:StartTime>
                                                      <!--Optional:-->
                                                      <ifop:EndTime>?</ifop:EndTime>
                                                   </ifop:Timeband>
                                                </ifop:Timebands>
                                             </acsb:ValidityCondition>
                                             <acsb:WheelchairAccess>false</acsb:WheelchairAccess>
                                             <!--Optional:-->
                                             <acsb:StepFreeAccess>unknown</acsb:StepFreeAccess>
                                             <!--Optional:-->
                                             <acsb:EscalatorFreeAccess>unknown</acsb:EscalatorFreeAccess>
                                             <!--Optional:-->
                                             <acsb:LiftFreeAccess>unknown</acsb:LiftFreeAccess>
                                             <!--Optional:-->
                                             <acsb:AudibleSignalsAvailable>false</acsb:AudibleSignalsAvailable>
                                             <!--Optional:-->
                                             <acsb:VisualSignsAvailable>unknown</acsb:VisualSignsAvailable>
                                             <!--Optional:-->
                                             <ifop:Extensions>
                                                sonoras
                                                <!--You may enter ANY elements at this point-->
                                                verrantque
                                             </ifop:Extensions>
                                          </acsb:AccessibilityLimitation>
                                       </acsb:Limitations>
                                       <!--Optional:-->
                                       <acsb:Suitabilities>
                                          <!--1 or more repetitions:-->
                                          <acsb:Suitability>
                                             <acsb:Suitable>?</acsb:Suitable>
                                             <acsb:UserNeed>
                                                <!--You have a CHOICE of the next 4 items at this level-->
                                                <acsb:MobilityNeed>?</acsb:MobilityNeed>
                                                <acsb:PsychosensoryNeed>?</acsb:PsychosensoryNeed>
                                                <acsb:MedicalNeed>?</acsb:MedicalNeed>
                                                <acsb:EncumbranceNeed>?</acsb:EncumbranceNeed>
                                                <!--Optional:-->
                                                <acsb:Excluded>?</acsb:Excluded>
                                                <!--Optional:-->
                                                <acsb:NeedRanking>?</acsb:NeedRanking>
                                                <!--Optional:-->
                                                <acsb:Extensions>?</acsb:Extensions>
                                             </acsb:UserNeed>
                                          </acsb:Suitability>
                                       </acsb:Suitabilities>
                                       <!--Optional:-->
                                       <ifop:Extensions>
                                          patriam
                                          <!--You may enter ANY elements at this point-->
                                          metuens
                                       </ifop:Extensions>
                                    </siri:AccessibilityAssessment>
                                    <!--Optional:-->
                                    <siri:Extensions>
                                       <!--You may enter ANY elements at this point-->
                                    </siri:Extensions>
                                 </siri:AffectedPlace>
                              </siri:Places>
                              <!--Optional:-->
                              <siri:VehicleJourneys>
                                 <!--1 or more repetitions:-->
                                 <siri:AffectedVehicleJourney>
                                    <!--You have a CHOICE of the next 2 items at this level-->
                                    <siri:FramedVehicleJourneyRef>
                                       <siri:DataFrameRef>?</siri:DataFrameRef>
                                       <siri:DatedVehicleJourneyRef>?</siri:DatedVehicleJourneyRef>
                                    </siri:FramedVehicleJourneyRef>
                                    <!--1 or more repetitions:-->
                                    <siri:VehicleJourneyRef>?</siri:VehicleJourneyRef>
                                    <!--Zero or more repetitions:-->
                                    <siri:DatedVehicleJourneyRef>?</siri:DatedVehicleJourneyRef>
                                    <!--Zero or more repetitions:-->
                                    <siri:JourneyName xml:lang="?">?</siri:JourneyName>
                                    <!--Optional:-->
                                    <siri:Operator>
                                       <!--Optional:-->
                                       <siri:OperatorRef>?</siri:OperatorRef>
                                       <!--Zero or more repetitions:-->
                                       <siri:OperatorName xml:lang="?">?</siri:OperatorName>
                                       <!--Zero or more repetitions:-->
                                       <siri:OperatorShortName xml:lang="?">?</siri:OperatorShortName>
                                       <!--Zero or more repetitions:-->
                                       <siri:OperationalUnitRef>?</siri:OperationalUnitRef>
                                       <!--Optional:-->
                                       <siri:Extensions>
                                          <!--You may enter ANY elements at this point-->
                                       </siri:Extensions>
                                    </siri:Operator>
                                    <!--Optional:-->
                                    <siri:LineRef>?</siri:LineRef>
                                    <!--Optional:-->
                                    <siri:PublishedLineName xml:lang="?">?</siri:PublishedLineName>
                                    <!--Optional:-->
                                    <siri:DirectionRef>?</siri:DirectionRef>
                                    <!--Zero or more repetitions:-->
                                    <siri:Origins>
                                       <!--Optional:-->
                                       <siri:StopPointRef>?</siri:StopPointRef>
                                       <!--Optional:-->
                                       <siri:PrivateRef>?</siri:PrivateRef>
                                       <!--Zero or more repetitions:-->
                                       <siri:StopPointName xml:lang="?">?</siri:StopPointName>
                                       <!--Optional:-->
                                       <siri:StopPointType>?</siri:StopPointType>
                                       <!--Optional:-->
                                       <siri:Location id="?" srsName="?">
                                          <!--You have a CHOICE of the next 2 items at this level-->
                                          <siri:Longitude>?</siri:Longitude>
                                          <siri:Latitude>?</siri:Latitude>
                                          <siri:Coordinates>?</siri:Coordinates>
                                          <!--Optional:-->
                                          <siri:Precision>?</siri:Precision>
                                       </siri:Location>
                                       <!--Optional:-->
                                       <siri:AffectedModes>
                                          <!--You have a CHOICE of the next 2 items at this level-->
                                          <!--Optional:-->
                                          <siri:AllModes>?</siri:AllModes>
                                          <!--Zero or more repetitions:-->
                                          <siri:Mode>
                                             <!--Optional:-->
                                             <siri:VehicleMode>unknown</siri:VehicleMode>
                                             <!--You have a CHOICE of the next 7 items at this level-->
                                             <siri:AirSubmode>unknown</siri:AirSubmode>
                                             <siri:BusSubmode>unknown</siri:BusSubmode>
                                             <siri:CoachSubmode>unknown</siri:CoachSubmode>
                                             <siri:MetroSubmode>unknown</siri:MetroSubmode>
                                             <siri:RailSubmode>unknown</siri:RailSubmode>
                                             <siri:TramSubmode>unknown</siri:TramSubmode>
                                             <siri:WaterSubmode>unknown</siri:WaterSubmode>
                                             <!--Optional:-->
                                             <siri:AccessMode>?</siri:AccessMode>
                                          </siri:Mode>
                                       </siri:AffectedModes>
                                       <!--Optional:-->
                                       <siri:PlaceRef>?</siri:PlaceRef>
                                       <!--Zero or more repetitions:-->
                                       <siri:PlaceName xml:lang="?">?</siri:PlaceName>
                                       <!--Optional:-->
                                       <siri:AccessibilityAssessment>
                                          <acsb:MobilityImpairedAccess>?</acsb:MobilityImpairedAccess>
                                          <!--Optional:-->
                                          <acsb:Limitations>
                                             <!--1 or more repetitions:-->
                                             <acsb:AccessibilityLimitation>
                                                <!--Optional:-->
                                                <acsb:LimitationId>?</acsb:LimitationId>
                                                <!--Optional:-->
                                                <acsb:ValidityCondition>
                                                   <!--Optional:-->
                                                   <ifop:FromDateTime>?</ifop:FromDateTime>
                                                   <!--Optional:-->
                                                   <ifop:ToDateTime>?</ifop:ToDateTime>
                                                   <!--Optional:-->
                                                   <ifop:DayType>?</ifop:DayType>
                                                   <!--Zero or more repetitions:-->
                                                   <ifop:Timebands>
                                                      <ifop:Timeband>
                                                         <ifop:StartTime>?</ifop:StartTime>
                                                         <!--Optional:-->
                                                         <ifop:EndTime>?</ifop:EndTime>
                                                      </ifop:Timeband>
                                                   </ifop:Timebands>
                                                </acsb:ValidityCondition>
                                                <acsb:WheelchairAccess>false</acsb:WheelchairAccess>
                                                <!--Optional:-->
                                                <acsb:StepFreeAccess>unknown</acsb:StepFreeAccess>
                                                <!--Optional:-->
                                                <acsb:EscalatorFreeAccess>unknown</acsb:EscalatorFreeAccess>
                                                <!--Optional:-->
                                                <acsb:LiftFreeAccess>unknown</acsb:LiftFreeAccess>
                                                <!--Optional:-->
                                                <acsb:AudibleSignalsAvailable>false</acsb:AudibleSignalsAvailable>
                                                <!--Optional:-->
                                                <acsb:VisualSignsAvailable>unknown</acsb:VisualSignsAvailable>
                                                <!--Optional:-->
                                                <ifop:Extensions>
                                                   montis
                                                   <!--You may enter ANY elements at this point-->
                                                   dare
                                                </ifop:Extensions>
                                             </acsb:AccessibilityLimitation>
                                          </acsb:Limitations>
                                          <!--Optional:-->
                                          <acsb:Suitabilities>
                                             <!--1 or more repetitions:-->
                                             <acsb:Suitability>
                                                <acsb:Suitable>?</acsb:Suitable>
                                                <acsb:UserNeed>
                                                   <!--You have a CHOICE of the next 4 items at this level-->
                                                   <acsb:MobilityNeed>?</acsb:MobilityNeed>
                                                   <acsb:PsychosensoryNeed>?</acsb:PsychosensoryNeed>
                                                   <acsb:MedicalNeed>?</acsb:MedicalNeed>
                                                   <acsb:EncumbranceNeed>?</acsb:EncumbranceNeed>
                                                   <!--Optional:-->
                                                   <acsb:Excluded>?</acsb:Excluded>
                                                   <!--Optional:-->
                                                   <acsb:NeedRanking>?</acsb:NeedRanking>
                                                   <!--Optional:-->
                                                   <acsb:Extensions>?</acsb:Extensions>
                                                </acsb:UserNeed>
                                             </acsb:Suitability>
                                          </acsb:Suitabilities>
                                          <!--Optional:-->
                                          <ifop:Extensions>
                                             laxas
                                             <!--You may enter ANY elements at this point-->
                                             tempestatesque
                                          </ifop:Extensions>
                                       </siri:AccessibilityAssessment>
                                       <!--Optional:-->
                                       <siri:ConnectionLinks>
                                          <!--1 or more repetitions:-->
                                          <siri:AffectedConnectionLink>
                                             <!--Zero or more repetitions:-->
                                             <siri:ConnectionLinkRef>?</siri:ConnectionLinkRef>
                                             <!--Optional:-->
                                             <siri:ConnectionName xml:lang="?">?</siri:ConnectionName>
                                             <!--You have a CHOICE of the next 2 items at this level-->
                                             <siri:AllLines>?</siri:AllLines>
                                             <!--1 or more repetitions:-->
                                             <siri:LineRef>?</siri:LineRef>
                                             <!--Optional:-->
                                             <siri:ConnectingStopPointRef>?</siri:ConnectingStopPointRef>
                                             <!--Zero or more repetitions:-->
                                             <siri:ConnectingStopPointName xml:lang="?">?</siri:ConnectingStopPointName>
                                             <!--Optional:-->
                                             <siri:ConnectingZoneRef>?</siri:ConnectingZoneRef>
                                             <!--Optional:-->
                                             <siri:ConnectionDirection>both</siri:ConnectionDirection>
                                             <!--Zero or more repetitions:-->
                                             <siri:AffectedPathLink>
                                                <!--Zero or more repetitions:-->
                                                <siri:LinkRef>?</siri:LinkRef>
                                                <!--Zero or more repetitions:-->
                                                <siri:LinkName xml:lang="?">?</siri:LinkName>
                                                <!--Optional:-->
                                                <siri:AccessibilityFeature>?</siri:AccessibilityFeature>
                                                <!--Zero or more repetitions:-->
                                                <siri:LinkDirection>?</siri:LinkDirection>
                                                <!--Optional:-->
                                                <siri:LinkProjection>
                                                   <!--Optional:-->
                                                   <ifop:Features>
                                                      <!--1 or more repetitions:-->
                                                      <ifop:GisFeatureRef>
                                                         <ifop:FeatureIdRef>?</ifop:FeatureIdRef>
                                                         <!--Optional:-->
                                                         <ifop:FeatureType>?</ifop:FeatureType>
                                                      </ifop:GisFeatureRef>
                                                   </ifop:Features>
                                                   <!--Optional:-->
                                                   <ifop:Line>
                                                      <!--2 or more repetitions:-->
                                                      <ifop:PointProjection id="?" srsName="?">
                                                         <!--Optional:-->
                                                         <ifop:Features>
                                                            <!--1 or more repetitions:-->
                                                            <ifop:GisFeatureRef>
                                                               <ifop:FeatureIdRef>?</ifop:FeatureIdRef>
                                                               <!--Optional:-->
                                                               <ifop:FeatureType>?</ifop:FeatureType>
                                                            </ifop:GisFeatureRef>
                                                         </ifop:Features>
                                                         <ifop:Longitude>?</ifop:Longitude>
                                                         <ifop:Latitude>?</ifop:Latitude>
                                                         <!--Optional:-->
                                                         <ifop:Altitude>?</ifop:Altitude>
                                                         <!--Optional:-->
                                                         <ifop:Coordinates>?</ifop:Coordinates>
                                                         <!--Optional:-->
                                                         <ifop:Precision>?</ifop:Precision>
                                                      </ifop:PointProjection>
                                                      <ifop:PointProjection id="?" srsName="?">
                                                         <!--Optional:-->
                                                         <ifop:Features>
                                                            <!--1 or more repetitions:-->
                                                            <ifop:GisFeatureRef>
                                                               <ifop:FeatureIdRef>?</ifop:FeatureIdRef>
                                                               <!--Optional:-->
                                                               <ifop:FeatureType>?</ifop:FeatureType>
                                                            </ifop:GisFeatureRef>
                                                         </ifop:Features>
                                                         <ifop:Longitude>?</ifop:Longitude>
                                                         <ifop:Latitude>?</ifop:Latitude>
                                                         <!--Optional:-->
                                                         <ifop:Altitude>?</ifop:Altitude>
                                                         <!--Optional:-->
                                                         <ifop:Coordinates>?</ifop:Coordinates>
                                                         <!--Optional:-->
                                                         <ifop:Precision>?</ifop:Precision>
                                                      </ifop:PointProjection>
                                                   </ifop:Line>
                                                </siri:LinkProjection>
                                                <!--Optional:-->
                                                <siri:Offset>
                                                   <!--Optional:-->
                                                   <siri:DistanceFromStart>?</siri:DistanceFromStart>
                                                   <!--Optional:-->
                                                   <siri:DistanceFromEnd>?</siri:DistanceFromEnd>
                                                </siri:Offset>
                                                <!--Optional:-->
                                                <siri:Extensions>
                                                   <!--You may enter ANY elements at this point-->
                                                </siri:Extensions>
                                             </siri:AffectedPathLink>
                                             <!--Optional:-->
                                             <siri:Extensions>
                                                <!--You may enter ANY elements at this point-->
                                             </siri:Extensions>
                                          </siri:AffectedConnectionLink>
                                       </siri:ConnectionLinks>
                                       <!--Optional:-->
                                       <siri:Extensions>
                                          <!--You may enter ANY elements at this point-->
                                       </siri:Extensions>
                                    </siri:Origins>
                                    <!--Zero or more repetitions:-->
                                    <siri:Destinations>
                                       <!--Optional:-->
                                       <siri:StopPointRef>?</siri:StopPointRef>
                                       <!--Optional:-->
                                       <siri:PrivateRef>?</siri:PrivateRef>
                                       <!--Zero or more repetitions:-->
                                       <siri:StopPointName xml:lang="?">?</siri:StopPointName>
                                       <!--Optional:-->
                                       <siri:StopPointType>?</siri:StopPointType>
                                       <!--Optional:-->
                                       <siri:Location id="?" srsName="?">
                                          <!--You have a CHOICE of the next 2 items at this level-->
                                          <siri:Longitude>?</siri:Longitude>
                                          <siri:Latitude>?</siri:Latitude>
                                          <siri:Coordinates>?</siri:Coordinates>
                                          <!--Optional:-->
                                          <siri:Precision>?</siri:Precision>
                                       </siri:Location>
                                       <!--Optional:-->
                                       <siri:AffectedModes>
                                          <!--You have a CHOICE of the next 2 items at this level-->
                                          <!--Optional:-->
                                          <siri:AllModes>?</siri:AllModes>
                                          <!--Zero or more repetitions:-->
                                          <siri:Mode>
                                             <!--Optional:-->
                                             <siri:VehicleMode>unknown</siri:VehicleMode>
                                             <!--You have a CHOICE of the next 7 items at this level-->
                                             <siri:AirSubmode>unknown</siri:AirSubmode>
                                             <siri:BusSubmode>unknown</siri:BusSubmode>
                                             <siri:CoachSubmode>unknown</siri:CoachSubmode>
                                             <siri:MetroSubmode>unknown</siri:MetroSubmode>
                                             <siri:RailSubmode>unknown</siri:RailSubmode>
                                             <siri:TramSubmode>unknown</siri:TramSubmode>
                                             <siri:WaterSubmode>unknown</siri:WaterSubmode>
                                             <!--Optional:-->
                                             <siri:AccessMode>?</siri:AccessMode>
                                          </siri:Mode>
                                       </siri:AffectedModes>
                                       <!--Optional:-->
                                       <siri:PlaceRef>?</siri:PlaceRef>
                                       <!--Zero or more repetitions:-->
                                       <siri:PlaceName xml:lang="?">?</siri:PlaceName>
                                       <!--Optional:-->
                                       <siri:AccessibilityAssessment>
                                          <acsb:MobilityImpairedAccess>?</acsb:MobilityImpairedAccess>
                                          <!--Optional:-->
                                          <acsb:Limitations>
                                             <!--1 or more repetitions:-->
                                             <acsb:AccessibilityLimitation>
                                                <!--Optional:-->
                                                <acsb:LimitationId>?</acsb:LimitationId>
                                                <!--Optional:-->
                                                <acsb:ValidityCondition>
                                                   <!--Optional:-->
                                                   <ifop:FromDateTime>?</ifop:FromDateTime>
                                                   <!--Optional:-->
                                                   <ifop:ToDateTime>?</ifop:ToDateTime>
                                                   <!--Optional:-->
                                                   <ifop:DayType>?</ifop:DayType>
                                                   <!--Zero or more repetitions:-->
                                                   <ifop:Timebands>
                                                      <ifop:Timeband>
                                                         <ifop:StartTime>?</ifop:StartTime>
                                                         <!--Optional:-->
                                                         <ifop:EndTime>?</ifop:EndTime>
                                                      </ifop:Timeband>
                                                   </ifop:Timebands>
                                                </acsb:ValidityCondition>
                                                <acsb:WheelchairAccess>false</acsb:WheelchairAccess>
                                                <!--Optional:-->
                                                <acsb:StepFreeAccess>unknown</acsb:StepFreeAccess>
                                                <!--Optional:-->
                                                <acsb:EscalatorFreeAccess>unknown</acsb:EscalatorFreeAccess>
                                                <!--Optional:-->
                                                <acsb:LiftFreeAccess>unknown</acsb:LiftFreeAccess>
                                                <!--Optional:-->
                                                <acsb:AudibleSignalsAvailable>false</acsb:AudibleSignalsAvailable>
                                                <!--Optional:-->
                                                <acsb:VisualSignsAvailable>unknown</acsb:VisualSignsAvailable>
                                                <!--Optional:-->
                                                <ifop:Extensions>
                                                   e
                                                   <!--You may enter ANY elements at this point-->
                                                   sceptra
                                                </ifop:Extensions>
                                             </acsb:AccessibilityLimitation>
                                          </acsb:Limitations>
                                          <!--Optional:-->
                                          <acsb:Suitabilities>
                                             <!--1 or more repetitions:-->
                                             <acsb:Suitability>
                                                <acsb:Suitable>?</acsb:Suitable>
                                                <acsb:UserNeed>
                                                   <!--You have a CHOICE of the next 4 items at this level-->
                                                   <acsb:MobilityNeed>?</acsb:MobilityNeed>
                                                   <acsb:PsychosensoryNeed>?</acsb:PsychosensoryNeed>
                                                   <acsb:MedicalNeed>?</acsb:MedicalNeed>
                                                   <acsb:EncumbranceNeed>?</acsb:EncumbranceNeed>
                                                   <!--Optional:-->
                                                   <acsb:Excluded>?</acsb:Excluded>
                                                   <!--Optional:-->
                                                   <acsb:NeedRanking>?</acsb:NeedRanking>
                                                   <!--Optional:-->
                                                   <acsb:Extensions>?</acsb:Extensions>
                                                </acsb:UserNeed>
                                             </acsb:Suitability>
                                          </acsb:Suitabilities>
                                          <!--Optional:-->
                                          <ifop:Extensions>
                                             volutans
                                             <!--You may enter ANY elements at this point-->
                                             vasto
                                          </ifop:Extensions>
                                       </siri:AccessibilityAssessment>
                                       <!--Optional:-->
                                       <siri:ConnectionLinks>
                                          <!--1 or more repetitions:-->
                                          <siri:AffectedConnectionLink>
                                             <!--Zero or more repetitions:-->
                                             <siri:ConnectionLinkRef>?</siri:ConnectionLinkRef>
                                             <!--Optional:-->
                                             <siri:ConnectionName xml:lang="?">?</siri:ConnectionName>
                                             <!--You have a CHOICE of the next 2 items at this level-->
                                             <siri:AllLines>?</siri:AllLines>
                                             <!--1 or more repetitions:-->
                                             <siri:LineRef>?</siri:LineRef>
                                             <!--Optional:-->
                                             <siri:ConnectingStopPointRef>?</siri:ConnectingStopPointRef>
                                             <!--Zero or more repetitions:-->
                                             <siri:ConnectingStopPointName xml:lang="?">?</siri:ConnectingStopPointName>
                                             <!--Optional:-->
                                             <siri:ConnectingZoneRef>?</siri:ConnectingZoneRef>
                                             <!--Optional:-->
                                             <siri:ConnectionDirection>both</siri:ConnectionDirection>
                                             <!--Zero or more repetitions:-->
                                             <siri:AffectedPathLink>
                                                <!--Zero or more repetitions:-->
                                                <siri:LinkRef>?</siri:LinkRef>
                                                <!--Zero or more repetitions:-->
                                                <siri:LinkName xml:lang="?">?</siri:LinkName>
                                                <!--Optional:-->
                                                <siri:AccessibilityFeature>?</siri:AccessibilityFeature>
                                                <!--Zero or more repetitions:-->
                                                <siri:LinkDirection>?</siri:LinkDirection>
                                                <!--Optional:-->
                                                <siri:LinkProjection>
                                                   <!--Optional:-->
                                                   <ifop:Features>
                                                      <!--1 or more repetitions:-->
                                                      <ifop:GisFeatureRef>
                                                         <ifop:FeatureIdRef>?</ifop:FeatureIdRef>
                                                         <!--Optional:-->
                                                         <ifop:FeatureType>?</ifop:FeatureType>
                                                      </ifop:GisFeatureRef>
                                                   </ifop:Features>
                                                   <!--Optional:-->
                                                   <ifop:Line>
                                                      <!--2 or more repetitions:-->
                                                      <ifop:PointProjection id="?" srsName="?">
                                                         <!--Optional:-->
                                                         <ifop:Features>
                                                            <!--1 or more repetitions:-->
                                                            <ifop:GisFeatureRef>
                                                               <ifop:FeatureIdRef>?</ifop:FeatureIdRef>
                                                               <!--Optional:-->
                                                               <ifop:FeatureType>?</ifop:FeatureType>
                                                            </ifop:GisFeatureRef>
                                                         </ifop:Features>
                                                         <ifop:Longitude>?</ifop:Longitude>
                                                         <ifop:Latitude>?</ifop:Latitude>
                                                         <!--Optional:-->
                                                         <ifop:Altitude>?</ifop:Altitude>
                                                         <!--Optional:-->
                                                         <ifop:Coordinates>?</ifop:Coordinates>
                                                         <!--Optional:-->
                                                         <ifop:Precision>?</ifop:Precision>
                                                      </ifop:PointProjection>
                                                      <ifop:PointProjection id="?" srsName="?">
                                                         <!--Optional:-->
                                                         <ifop:Features>
                                                            <!--1 or more repetitions:-->
                                                            <ifop:GisFeatureRef>
                                                               <ifop:FeatureIdRef>?</ifop:FeatureIdRef>
                                                               <!--Optional:-->
                                                               <ifop:FeatureType>?</ifop:FeatureType>
                                                            </ifop:GisFeatureRef>
                                                         </ifop:Features>
                                                         <ifop:Longitude>?</ifop:Longitude>
                                                         <ifop:Latitude>?</ifop:Latitude>
                                                         <!--Optional:-->
                                                         <ifop:Altitude>?</ifop:Altitude>
                                                         <!--Optional:-->
                                                         <ifop:Coordinates>?</ifop:Coordinates>
                                                         <!--Optional:-->
                                                         <ifop:Precision>?</ifop:Precision>
                                                      </ifop:PointProjection>
                                                   </ifop:Line>
                                                </siri:LinkProjection>
                                                <!--Optional:-->
                                                <siri:Offset>
                                                   <!--Optional:-->
                                                   <siri:DistanceFromStart>?</siri:DistanceFromStart>
                                                   <!--Optional:-->
                                                   <siri:DistanceFromEnd>?</siri:DistanceFromEnd>
                                                </siri:Offset>
                                                <!--Optional:-->
                                                <siri:Extensions>
                                                   <!--You may enter ANY elements at this point-->
                                                </siri:Extensions>
                                             </siri:AffectedPathLink>
                                             <!--Optional:-->
                                             <siri:Extensions>
                                                <!--You may enter ANY elements at this point-->
                                             </siri:Extensions>
                                          </siri:AffectedConnectionLink>
                                       </siri:ConnectionLinks>
                                       <!--Optional:-->
                                       <siri:Extensions>
                                          <!--You may enter ANY elements at this point-->
                                       </siri:Extensions>
                                    </siri:Destinations>
                                    <!--1 or more repetitions:-->
                                    <siri:Route>
                                       <!--Optional:-->
                                       <siri:RouteRef>?</siri:RouteRef>
                                       <!--Zero or more repetitions:-->
                                       <siri:Direction>
                                          <siri:DirectionRef>?</siri:DirectionRef>
                                          <!--Zero or more repetitions:-->
                                          <siri:DirectionName xml:lang="?">?</siri:DirectionName>
                                       </siri:Direction>
                                       <!--Optional:-->
                                       <siri:Sections>
                                          <!--1 or more repetitions:-->
                                          <siri:AffectedSection>
                                             <!--Optional:-->
                                             <siri:SectionRef>?</siri:SectionRef>
                                             <!--Optional:-->
                                             <siri:LinkProjection>
                                                <!--Optional:-->
                                                <ifop:Features>
                                                   <!--1 or more repetitions:-->
                                                   <ifop:GisFeatureRef>
                                                      <ifop:FeatureIdRef>?</ifop:FeatureIdRef>
                                                      <!--Optional:-->
                                                      <ifop:FeatureType>?</ifop:FeatureType>
                                                   </ifop:GisFeatureRef>
                                                </ifop:Features>
                                                <!--Optional:-->
                                                <ifop:Line>
                                                   <!--2 or more repetitions:-->
                                                   <ifop:PointProjection id="?" srsName="?">
                                                      <!--Optional:-->
                                                      <ifop:Features>
                                                         <!--1 or more repetitions:-->
                                                         <ifop:GisFeatureRef>
                                                            <ifop:FeatureIdRef>?</ifop:FeatureIdRef>
                                                            <!--Optional:-->
                                                            <ifop:FeatureType>?</ifop:FeatureType>
                                                         </ifop:GisFeatureRef>
                                                      </ifop:Features>
                                                      <ifop:Longitude>?</ifop:Longitude>
                                                      <ifop:Latitude>?</ifop:Latitude>
                                                      <!--Optional:-->
                                                      <ifop:Altitude>?</ifop:Altitude>
                                                      <!--Optional:-->
                                                      <ifop:Coordinates>?</ifop:Coordinates>
                                                      <!--Optional:-->
                                                      <ifop:Precision>?</ifop:Precision>
                                                   </ifop:PointProjection>
                                                   <ifop:PointProjection id="?" srsName="?">
                                                      <!--Optional:-->
                                                      <ifop:Features>
                                                         <!--1 or more repetitions:-->
                                                         <ifop:GisFeatureRef>
                                                            <ifop:FeatureIdRef>?</ifop:FeatureIdRef>
                                                            <!--Optional:-->
                                                            <ifop:FeatureType>?</ifop:FeatureType>
                                                         </ifop:GisFeatureRef>
                                                      </ifop:Features>
                                                      <ifop:Longitude>?</ifop:Longitude>
                                                      <ifop:Latitude>?</ifop:Latitude>
                                                      <!--Optional:-->
                                                      <ifop:Altitude>?</ifop:Altitude>
                                                      <!--Optional:-->
                                                      <ifop:Coordinates>?</ifop:Coordinates>
                                                      <!--Optional:-->
                                                      <ifop:Precision>?</ifop:Precision>
                                                   </ifop:PointProjection>
                                                </ifop:Line>
                                             </siri:LinkProjection>
                                             <!--Optional:-->
                                             <siri:Offset>
                                                <!--Optional:-->
                                                <siri:DistanceFromStart>?</siri:DistanceFromStart>
                                                <!--Optional:-->
                                                <siri:DistanceFromEnd>?</siri:DistanceFromEnd>
                                             </siri:Offset>
                                             <!--Optional:-->
                                             <siri:Extensions>
                                                <!--You may enter ANY elements at this point-->
                                             </siri:Extensions>
                                          </siri:AffectedSection>
                                       </siri:Sections>
                                       <!--Optional:-->
                                       <siri:RouteLinks>
                                          <!--1 or more repetitions:-->
                                          <siri:RouteLinkRef>?</siri:RouteLinkRef>
                                       </siri:RouteLinks>
                                       <!--Optional:-->
                                       <siri:Extensions>
                                          <!--You may enter ANY elements at this point-->
                                       </siri:Extensions>
                                    </siri:Route>
                                    <!--Optional:-->
                                    <siri:OriginAimedDepartureTime>?</siri:OriginAimedDepartureTime>
                                    <!--Optional:-->
                                    <siri:DestinationAimedArrivalTime>?</siri:DestinationAimedArrivalTime>
                                    <!--Optional:-->
                                    <siri:AccessibilityAssessment>
                                       <acsb:MobilityImpairedAccess>?</acsb:MobilityImpairedAccess>
                                       <!--Optional:-->
                                       <acsb:Limitations>
                                          <!--1 or more repetitions:-->
                                          <acsb:AccessibilityLimitation>
                                             <!--Optional:-->
                                             <acsb:LimitationId>?</acsb:LimitationId>
                                             <!--Optional:-->
                                             <acsb:ValidityCondition>
                                                <!--Optional:-->
                                                <ifop:FromDateTime>?</ifop:FromDateTime>
                                                <!--Optional:-->
                                                <ifop:ToDateTime>?</ifop:ToDateTime>
                                                <!--Optional:-->
                                                <ifop:DayType>?</ifop:DayType>
                                                <!--Zero or more repetitions:-->
                                                <ifop:Timebands>
                                                   <ifop:Timeband>
                                                      <ifop:StartTime>?</ifop:StartTime>
                                                      <!--Optional:-->
                                                      <ifop:EndTime>?</ifop:EndTime>
                                                   </ifop:Timeband>
                                                </ifop:Timebands>
                                             </acsb:ValidityCondition>
                                             <acsb:WheelchairAccess>false</acsb:WheelchairAccess>
                                             <!--Optional:-->
                                             <acsb:StepFreeAccess>unknown</acsb:StepFreeAccess>
                                             <!--Optional:-->
                                             <acsb:EscalatorFreeAccess>unknown</acsb:EscalatorFreeAccess>
                                             <!--Optional:-->
                                             <acsb:LiftFreeAccess>unknown</acsb:LiftFreeAccess>
                                             <!--Optional:-->
                                             <acsb:AudibleSignalsAvailable>false</acsb:AudibleSignalsAvailable>
                                             <!--Optional:-->
                                             <acsb:VisualSignsAvailable>unknown</acsb:VisualSignsAvailable>
                                             <!--Optional:-->
                                             <ifop:Extensions>
                                                murmure
                                                <!--You may enter ANY elements at this point-->
                                                coniunx
                                             </ifop:Extensions>
                                          </acsb:AccessibilityLimitation>
                                       </acsb:Limitations>
                                       <!--Optional:-->
                                       <acsb:Suitabilities>
                                          <!--1 or more repetitions:-->
                                          <acsb:Suitability>
                                             <acsb:Suitable>?</acsb:Suitable>
                                             <acsb:UserNeed>
                                                <!--You have a CHOICE of the next 4 items at this level-->
                                                <acsb:MobilityNeed>?</acsb:MobilityNeed>
                                                <acsb:PsychosensoryNeed>?</acsb:PsychosensoryNeed>
                                                <acsb:MedicalNeed>?</acsb:MedicalNeed>
                                                <acsb:EncumbranceNeed>?</acsb:EncumbranceNeed>
                                                <!--Optional:-->
                                                <acsb:Excluded>?</acsb:Excluded>
                                                <!--Optional:-->
                                                <acsb:NeedRanking>?</acsb:NeedRanking>
                                                <!--Optional:-->
                                                <acsb:Extensions>?</acsb:Extensions>
                                             </acsb:UserNeed>
                                          </acsb:Suitability>
                                       </acsb:Suitabilities>
                                       <!--Optional:-->
                                       <ifop:Extensions>
                                          vinclis
                                          <!--You may enter ANY elements at this point-->
                                          rapidum
                                       </ifop:Extensions>
                                    </siri:AccessibilityAssessment>
                                    <!--Optional:-->
                                    <siri:Calls>
                                       <!--1 or more repetitions:-->
                                       <siri:Call>
                                          <!--Optional:-->
                                          <siri:StopPointRef>?</siri:StopPointRef>
                                          <!--Optional:-->
                                          <siri:PrivateRef>?</siri:PrivateRef>
                                          <!--Zero or more repetitions:-->
                                          <siri:StopPointName xml:lang="?">?</siri:StopPointName>
                                          <!--Optional:-->
                                          <siri:StopPointType>?</siri:StopPointType>
                                          <!--Optional:-->
                                          <siri:Location id="?" srsName="?">
                                             <!--You have a CHOICE of the next 2 items at this level-->
                                             <siri:Longitude>?</siri:Longitude>
                                             <siri:Latitude>?</siri:Latitude>
                                             <siri:Coordinates>?</siri:Coordinates>
                                             <!--Optional:-->
                                             <siri:Precision>?</siri:Precision>
                                          </siri:Location>
                                          <!--Optional:-->
                                          <siri:AffectedModes>
                                             <!--You have a CHOICE of the next 2 items at this level-->
                                             <!--Optional:-->
                                             <siri:AllModes>?</siri:AllModes>
                                             <!--Zero or more repetitions:-->
                                             <siri:Mode>
                                                <!--Optional:-->
                                                <siri:VehicleMode>unknown</siri:VehicleMode>
                                                <!--You have a CHOICE of the next 7 items at this level-->
                                                <siri:AirSubmode>unknown</siri:AirSubmode>
                                                <siri:BusSubmode>unknown</siri:BusSubmode>
                                                <siri:CoachSubmode>unknown</siri:CoachSubmode>
                                                <siri:MetroSubmode>unknown</siri:MetroSubmode>
                                                <siri:RailSubmode>unknown</siri:RailSubmode>
                                                <siri:TramSubmode>unknown</siri:TramSubmode>
                                                <siri:WaterSubmode>unknown</siri:WaterSubmode>
                                                <!--Optional:-->
                                                <siri:AccessMode>?</siri:AccessMode>
                                             </siri:Mode>
                                          </siri:AffectedModes>
                                          <!--Optional:-->
                                          <siri:PlaceRef>?</siri:PlaceRef>
                                          <!--Zero or more repetitions:-->
                                          <siri:PlaceName xml:lang="?">?</siri:PlaceName>
                                          <!--Optional:-->
                                          <siri:AccessibilityAssessment>
                                             <acsb:MobilityImpairedAccess>?</acsb:MobilityImpairedAccess>
                                             <!--Optional:-->
                                             <acsb:Limitations>
                                                <!--1 or more repetitions:-->
                                                <acsb:AccessibilityLimitation>
                                                   <!--Optional:-->
                                                   <acsb:LimitationId>?</acsb:LimitationId>
                                                   <!--Optional:-->
                                                   <acsb:ValidityCondition>
                                                      <!--Optional:-->
                                                      <ifop:FromDateTime>?</ifop:FromDateTime>
                                                      <!--Optional:-->
                                                      <ifop:ToDateTime>?</ifop:ToDateTime>
                                                      <!--Optional:-->
                                                      <ifop:DayType>?</ifop:DayType>
                                                      <!--Zero or more repetitions:-->
                                                      <ifop:Timebands>
                                                         <ifop:Timeband>
                                                            <ifop:StartTime>?</ifop:StartTime>
                                                            <!--Optional:-->
                                                            <ifop:EndTime>?</ifop:EndTime>
                                                         </ifop:Timeband>
                                                      </ifop:Timebands>
                                                   </acsb:ValidityCondition>
                                                   <acsb:WheelchairAccess>false</acsb:WheelchairAccess>
                                                   <!--Optional:-->
                                                   <acsb:StepFreeAccess>unknown</acsb:StepFreeAccess>
                                                   <!--Optional:-->
                                                   <acsb:EscalatorFreeAccess>unknown</acsb:EscalatorFreeAccess>
                                                   <!--Optional:-->
                                                   <acsb:LiftFreeAccess>unknown</acsb:LiftFreeAccess>
                                                   <!--Optional:-->
                                                   <acsb:AudibleSignalsAvailable>false</acsb:AudibleSignalsAvailable>
                                                   <!--Optional:-->
                                                   <acsb:VisualSignsAvailable>unknown</acsb:VisualSignsAvailable>
                                                   <!--Optional:-->
                                                   <ifop:Extensions>
                                                      rapidi
                                                      <!--You may enter ANY elements at this point-->
                                                      turbine
                                                   </ifop:Extensions>
                                                </acsb:AccessibilityLimitation>
                                             </acsb:Limitations>
                                             <!--Optional:-->
                                             <acsb:Suitabilities>
                                                <!--1 or more repetitions:-->
                                                <acsb:Suitability>
                                                   <acsb:Suitable>?</acsb:Suitable>
                                                   <acsb:UserNeed>
                                                      <!--You have a CHOICE of the next 4 items at this level-->
                                                      <acsb:MobilityNeed>?</acsb:MobilityNeed>
                                                      <acsb:PsychosensoryNeed>?</acsb:PsychosensoryNeed>
                                                      <acsb:MedicalNeed>?</acsb:MedicalNeed>
                                                      <acsb:EncumbranceNeed>?</acsb:EncumbranceNeed>
                                                      <!--Optional:-->
                                                      <acsb:Excluded>?</acsb:Excluded>
                                                      <!--Optional:-->
                                                      <acsb:NeedRanking>?</acsb:NeedRanking>
                                                      <!--Optional:-->
                                                      <acsb:Extensions>?</acsb:Extensions>
                                                   </acsb:UserNeed>
                                                </acsb:Suitability>
                                             </acsb:Suitabilities>
                                             <!--Optional:-->
                                             <ifop:Extensions>
                                                antro
                                                <!--You may enter ANY elements at this point-->
                                                auras
                                             </ifop:Extensions>
                                          </siri:AccessibilityAssessment>
                                          <!--Optional:-->
                                          <siri:ConnectionLinks>
                                             <!--1 or more repetitions:-->
                                             <siri:AffectedConnectionLink>
                                                <!--Zero or more repetitions:-->
                                                <siri:ConnectionLinkRef>?</siri:ConnectionLinkRef>
                                                <!--Optional:-->
                                                <siri:ConnectionName xml:lang="?">?</siri:ConnectionName>
                                                <!--You have a CHOICE of the next 2 items at this level-->
                                                <siri:AllLines>?</siri:AllLines>
                                                <!--1 or more repetitions:-->
                                                <siri:LineRef>?</siri:LineRef>
                                                <!--Optional:-->
                                                <siri:ConnectingStopPointRef>?</siri:ConnectingStopPointRef>
                                                <!--Zero or more repetitions:-->
                                                <siri:ConnectingStopPointName xml:lang="?">?</siri:ConnectingStopPointName>
                                                <!--Optional:-->
                                                <siri:ConnectingZoneRef>?</siri:ConnectingZoneRef>
                                                <!--Optional:-->
                                                <siri:ConnectionDirection>both</siri:ConnectionDirection>
                                                <!--Zero or more repetitions:-->
                                                <siri:AffectedPathLink>
                                                   <!--Zero or more repetitions:-->
                                                   <siri:LinkRef>?</siri:LinkRef>
                                                   <!--Zero or more repetitions:-->
                                                   <siri:LinkName xml:lang="?">?</siri:LinkName>
                                                   <!--Optional:-->
                                                   <siri:AccessibilityFeature>?</siri:AccessibilityFeature>
                                                   <!--Zero or more repetitions:-->
                                                   <siri:LinkDirection>?</siri:LinkDirection>
                                                   <!--Optional:-->
                                                   <siri:LinkProjection>
                                                      <!--Optional:-->
                                                      <ifop:Features>
                                                         <!--1 or more repetitions:-->
                                                         <ifop:GisFeatureRef>
                                                            <ifop:FeatureIdRef>?</ifop:FeatureIdRef>
                                                            <!--Optional:-->
                                                            <ifop:FeatureType>?</ifop:FeatureType>
                                                         </ifop:GisFeatureRef>
                                                      </ifop:Features>
                                                      <!--Optional:-->
                                                      <ifop:Line>
                                                         <!--2 or more repetitions:-->
                                                         <ifop:PointProjection id="?" srsName="?">
                                                            <!--Optional:-->
                                                            <ifop:Features>
                                                               <!--1 or more repetitions:-->
                                                               <ifop:GisFeatureRef>
                                                                  <ifop:FeatureIdRef>?</ifop:FeatureIdRef>
                                                                  <!--Optional:-->
                                                                  <ifop:FeatureType>?</ifop:FeatureType>
                                                               </ifop:GisFeatureRef>
                                                            </ifop:Features>
                                                            <ifop:Longitude>?</ifop:Longitude>
                                                            <ifop:Latitude>?</ifop:Latitude>
                                                            <!--Optional:-->
                                                            <ifop:Altitude>?</ifop:Altitude>
                                                            <!--Optional:-->
                                                            <ifop:Coordinates>?</ifop:Coordinates>
                                                            <!--Optional:-->
                                                            <ifop:Precision>?</ifop:Precision>
                                                         </ifop:PointProjection>
                                                         <ifop:PointProjection id="?" srsName="?">
                                                            <!--Optional:-->
                                                            <ifop:Features>
                                                               <!--1 or more repetitions:-->
                                                               <ifop:GisFeatureRef>
                                                                  <ifop:FeatureIdRef>?</ifop:FeatureIdRef>
                                                                  <!--Optional:-->
                                                                  <ifop:FeatureType>?</ifop:FeatureType>
                                                               </ifop:GisFeatureRef>
                                                            </ifop:Features>
                                                            <ifop:Longitude>?</ifop:Longitude>
                                                            <ifop:Latitude>?</ifop:Latitude>
                                                            <!--Optional:-->
                                                            <ifop:Altitude>?</ifop:Altitude>
                                                            <!--Optional:-->
                                                            <ifop:Coordinates>?</ifop:Coordinates>
                                                            <!--Optional:-->
                                                            <ifop:Precision>?</ifop:Precision>
                                                         </ifop:PointProjection>
                                                      </ifop:Line>
                                                   </siri:LinkProjection>
                                                   <!--Optional:-->
                                                   <siri:Offset>
                                                      <!--Optional:-->
                                                      <siri:DistanceFromStart>?</siri:DistanceFromStart>
                                                      <!--Optional:-->
                                                      <siri:DistanceFromEnd>?</siri:DistanceFromEnd>
                                                   </siri:Offset>
                                                   <!--Optional:-->
                                                   <siri:Extensions>
                                                      <!--You may enter ANY elements at this point-->
                                                   </siri:Extensions>
                                                </siri:AffectedPathLink>
                                                <!--Optional:-->
                                                <siri:Extensions>
                                                   <!--You may enter ANY elements at this point-->
                                                </siri:Extensions>
                                             </siri:AffectedConnectionLink>
                                          </siri:ConnectionLinks>
                                          <!--Optional:-->
                                          <siri:Extensions>
                                             <!--You may enter ANY elements at this point-->
                                          </siri:Extensions>
                                          <!--Optional:-->
                                          <siri:Order>?</siri:Order>
                                          <!--Optional:-->
                                          <siri:CallCondition>?</siri:CallCondition>
                                          <!--Optional:-->
                                          <siri:VehicleAtStop>false</siri:VehicleAtStop>
                                          <!--Optional:-->
                                          <siri:VehicleLocationAtStop id="?" srsName="?">
                                             <!--You have a CHOICE of the next 2 items at this level-->
                                             <siri:Longitude>?</siri:Longitude>
                                             <siri:Latitude>?</siri:Latitude>
                                             <siri:Coordinates>?</siri:Coordinates>
                                             <!--Optional:-->
                                             <siri:Precision>?</siri:Precision>
                                          </siri:VehicleLocationAtStop>
                                          <!--Optional:-->
                                          <siri:AimedArrivalTime>?</siri:AimedArrivalTime>
                                          <!--You have a CHOICE of the next 2 items at this level-->
                                          <!--Optional:-->
                                          <siri:ActualArrivalTime>?</siri:ActualArrivalTime>
                                          <!--Optional:-->
                                          <siri:ExpectedArrivalTime>?</siri:ExpectedArrivalTime>
                                          <!--Optional:-->
                                          <siri:ArrivalStatus>?</siri:ArrivalStatus>
                                          <!--Optional:-->
                                          <siri:ArrivalPlatformName xml:lang="?">?</siri:ArrivalPlatformName>
                                          <!--Optional:-->
                                          <siri:ArrivalBoardingActivity>alighting</siri:ArrivalBoardingActivity>
                                          <!--Optional:-->
                                          <siri:AimedDepartureTime>?</siri:AimedDepartureTime>
                                          <!--You have a CHOICE of the next 2 items at this level-->
                                          <!--Optional:-->
                                          <siri:ActualDepartureTime>?</siri:ActualDepartureTime>
                                          <!--Optional:-->
                                          <siri:ExpectedDepartureTime>?</siri:ExpectedDepartureTime>
                                          <!--Optional:-->
                                          <siri:DepartureStatus>?</siri:DepartureStatus>
                                          <!--Optional:-->
                                          <siri:DeparturePlatformName xml:lang="?">?</siri:DeparturePlatformName>
                                          <!--Optional:-->
                                          <siri:DepartureBoardingActivity>boarding</siri:DepartureBoardingActivity>
                                          <!--Optional:-->
                                          <siri:AimedHeadwayInterval>?</siri:AimedHeadwayInterval>
                                          <!--Optional:-->
                                          <siri:ExpectedHeadwayInterval>?</siri:ExpectedHeadwayInterval>
                                          <!--Zero or more repetitions:-->
                                          <siri:AffectedInterchange>
                                             <!--Optional:-->
                                             <siri:InterchangeRef>?</siri:InterchangeRef>
                                             <!--Optional:-->
                                             <siri:InterchangeStopPointRef>?</siri:InterchangeStopPointRef>
                                             <!--Zero or more repetitions:-->
                                             <siri:InterchangeStopPointName xml:lang="?">?</siri:InterchangeStopPointName>
                                             <!--Optional:-->
                                             <siri:ConnectingVehicleJourneyRef>?</siri:ConnectingVehicleJourneyRef>
                                             <!--Optional:-->
                                             <siri:InterchangeStatusType>unknown</siri:InterchangeStatusType>
                                             <!--Zero or more repetitions:-->
                                             <siri:ConnectionLink>
                                                <!--Zero or more repetitions:-->
                                                <siri:ConnectionLinkRef>?</siri:ConnectionLinkRef>
                                                <!--Optional:-->
                                                <siri:ConnectionName xml:lang="?">?</siri:ConnectionName>
                                                <!--You have a CHOICE of the next 2 items at this level-->
                                                <siri:AllLines>?</siri:AllLines>
                                                <!--1 or more repetitions:-->
                                                <siri:LineRef>?</siri:LineRef>
                                                <!--Optional:-->
                                                <siri:ConnectingStopPointRef>?</siri:ConnectingStopPointRef>
                                                <!--Zero or more repetitions:-->
                                                <siri:ConnectingStopPointName xml:lang="?">?</siri:ConnectingStopPointName>
                                                <!--Optional:-->
                                                <siri:ConnectingZoneRef>?</siri:ConnectingZoneRef>
                                                <!--Optional:-->
                                                <siri:ConnectionDirection>both</siri:ConnectionDirection>
                                                <!--Zero or more repetitions:-->
                                                <siri:AffectedPathLink>
                                                   <!--Zero or more repetitions:-->
                                                   <siri:LinkRef>?</siri:LinkRef>
                                                   <!--Zero or more repetitions:-->
                                                   <siri:LinkName xml:lang="?">?</siri:LinkName>
                                                   <!--Optional:-->
                                                   <siri:AccessibilityFeature>?</siri:AccessibilityFeature>
                                                   <!--Zero or more repetitions:-->
                                                   <siri:LinkDirection>?</siri:LinkDirection>
                                                   <!--Optional:-->
                                                   <siri:LinkProjection>
                                                      <!--Optional:-->
                                                      <ifop:Features>
                                                         <!--1 or more repetitions:-->
                                                         <ifop:GisFeatureRef>
                                                            <ifop:FeatureIdRef>?</ifop:FeatureIdRef>
                                                            <!--Optional:-->
                                                            <ifop:FeatureType>?</ifop:FeatureType>
                                                         </ifop:GisFeatureRef>
                                                      </ifop:Features>
                                                      <!--Optional:-->
                                                      <ifop:Line>
                                                         <!--2 or more repetitions:-->
                                                         <ifop:PointProjection id="?" srsName="?">
                                                            <!--Optional:-->
                                                            <ifop:Features>
                                                               <!--1 or more repetitions:-->
                                                               <ifop:GisFeatureRef>
                                                                  <ifop:FeatureIdRef>?</ifop:FeatureIdRef>
                                                                  <!--Optional:-->
                                                                  <ifop:FeatureType>?</ifop:FeatureType>
                                                               </ifop:GisFeatureRef>
                                                            </ifop:Features>
                                                            <ifop:Longitude>?</ifop:Longitude>
                                                            <ifop:Latitude>?</ifop:Latitude>
                                                            <!--Optional:-->
                                                            <ifop:Altitude>?</ifop:Altitude>
                                                            <!--Optional:-->
                                                            <ifop:Coordinates>?</ifop:Coordinates>
                                                            <!--Optional:-->
                                                            <ifop:Precision>?</ifop:Precision>
                                                         </ifop:PointProjection>
                                                         <ifop:PointProjection id="?" srsName="?">
                                                            <!--Optional:-->
                                                            <ifop:Features>
                                                               <!--1 or more repetitions:-->
                                                               <ifop:GisFeatureRef>
                                                                  <ifop:FeatureIdRef>?</ifop:FeatureIdRef>
                                                                  <!--Optional:-->
                                                                  <ifop:FeatureType>?</ifop:FeatureType>
                                                               </ifop:GisFeatureRef>
                                                            </ifop:Features>
                                                            <ifop:Longitude>?</ifop:Longitude>
                                                            <ifop:Latitude>?</ifop:Latitude>
                                                            <!--Optional:-->
                                                            <ifop:Altitude>?</ifop:Altitude>
                                                            <!--Optional:-->
                                                            <ifop:Coordinates>?</ifop:Coordinates>
                                                            <!--Optional:-->
                                                            <ifop:Precision>?</ifop:Precision>
                                                         </ifop:PointProjection>
                                                      </ifop:Line>
                                                   </siri:LinkProjection>
                                                   <!--Optional:-->
                                                   <siri:Offset>
                                                      <!--Optional:-->
                                                      <siri:DistanceFromStart>?</siri:DistanceFromStart>
                                                      <!--Optional:-->
                                                      <siri:DistanceFromEnd>?</siri:DistanceFromEnd>
                                                   </siri:Offset>
                                                   <!--Optional:-->
                                                   <siri:Extensions>
                                                      <!--You may enter ANY elements at this point-->
                                                   </siri:Extensions>
                                                </siri:AffectedPathLink>
                                                <!--Optional:-->
                                                <siri:Extensions>
                                                   <!--You may enter ANY elements at this point-->
                                                </siri:Extensions>
                                             </siri:ConnectionLink>
                                             <!--Optional:-->
                                             <siri:Extensions>
                                                <!--You may enter ANY elements at this point-->
                                             </siri:Extensions>
                                          </siri:AffectedInterchange>
                                       </siri:Call>
                                    </siri:Calls>
                                    <!--Optional:-->
                                    <siri:Extensions>
                                       <!--You may enter ANY elements at this point-->
                                    </siri:Extensions>
                                 </siri:AffectedVehicleJourney>
                              </siri:VehicleJourneys>
                              <!--Optional:-->
                              <siri:Roads>
                                 <!--Optional:-->
                                 <siri:Datex2Locations>
                                    <!--Optional:-->
                                    <_0:groupOfLocationsExtension>
                                       <!--You may enter ANY elements at this point-->
                                    </_0:groupOfLocationsExtension>
                                 </siri:Datex2Locations>
                                 <!--Zero or more repetitions:-->
                                 <siri:AffectedRoad>
                                    <!--Optional:-->
                                    <siri:Road>
                                       <_0:roadsideReferencePointPrimaryLocation>
                                          <_0:roadsideReferencePoint>
                                             <_0:roadsideReferencePointIdentifier>?</_0:roadsideReferencePointIdentifier>
                                             <!--Optional:-->
                                             <_0:administrativeArea>
                                                <_0:values>
                                                   <!--1 or more repetitions:-->
                                                   <_0:value lang="?">?</_0:value>
                                                </_0:values>
                                             </_0:administrativeArea>
                                             <!--Optional:-->
                                             <_0:roadName>
                                                <_0:values>
                                                   <!--1 or more repetitions:-->
                                                   <_0:value lang="?">?</_0:value>
                                                </_0:values>
                                             </_0:roadName>
                                             <!--Optional:-->
                                             <_0:roadNumber>?</_0:roadNumber>
                                             <!--Optional:-->
                                             <_0:directionBound>?</_0:directionBound>
                                             <!--Optional:-->
                                             <_0:directionRelative>?</_0:directionRelative>
                                             <!--Optional:-->
                                             <_0:distanceFromPrevious>?</_0:distanceFromPrevious>
                                             <!--Optional:-->
                                             <_0:distanceToNext>?</_0:distanceToNext>
                                             <!--Optional:-->
                                             <_0:elevatedRoadSection>?</_0:elevatedRoadSection>
                                             <!--Optional:-->
                                             <_0:roadsideReferencePointDescription>
                                                <_0:values>
                                                   <!--1 or more repetitions:-->
                                                   <_0:value lang="?">?</_0:value>
                                                </_0:values>
                                             </_0:roadsideReferencePointDescription>
                                             <!--Optional:-->
                                             <_0:roadsideReferencePointDistance>?</_0:roadsideReferencePointDistance>
                                             <!--Optional:-->
                                             <_0:roadsideReferencePointExtension>
                                                <!--You may enter ANY elements at this point-->
                                             </_0:roadsideReferencePointExtension>
                                          </_0:roadsideReferencePoint>
                                          <!--Optional:-->
                                          <_0:roadsideReferencePointPrimaryLocationExtension>
                                             <!--You may enter ANY elements at this point-->
                                          </_0:roadsideReferencePointPrimaryLocationExtension>
                                       </_0:roadsideReferencePointPrimaryLocation>
                                       <_0:roadsideReferencePointSecondaryLocation>
                                          <_0:roadsideReferencePoint>
                                             <_0:roadsideReferencePointIdentifier>?</_0:roadsideReferencePointIdentifier>
                                             <!--Optional:-->
                                             <_0:administrativeArea>
                                                <_0:values>
                                                   <!--1 or more repetitions:-->
                                                   <_0:value lang="?">?</_0:value>
                                                </_0:values>
                                             </_0:administrativeArea>
                                             <!--Optional:-->
                                             <_0:roadName>
                                                <_0:values>
                                                   <!--1 or more repetitions:-->
                                                   <_0:value lang="?">?</_0:value>
                                                </_0:values>
                                             </_0:roadName>
                                             <!--Optional:-->
                                             <_0:roadNumber>?</_0:roadNumber>
                                             <!--Optional:-->
                                             <_0:directionBound>?</_0:directionBound>
                                             <!--Optional:-->
                                             <_0:directionRelative>?</_0:directionRelative>
                                             <!--Optional:-->
                                             <_0:distanceFromPrevious>?</_0:distanceFromPrevious>
                                             <!--Optional:-->
                                             <_0:distanceToNext>?</_0:distanceToNext>
                                             <!--Optional:-->
                                             <_0:elevatedRoadSection>?</_0:elevatedRoadSection>
                                             <!--Optional:-->
                                             <_0:roadsideReferencePointDescription>
                                                <_0:values>
                                                   <!--1 or more repetitions:-->
                                                   <_0:value lang="?">?</_0:value>
                                                </_0:values>
                                             </_0:roadsideReferencePointDescription>
                                             <!--Optional:-->
                                             <_0:roadsideReferencePointDistance>?</_0:roadsideReferencePointDistance>
                                             <!--Optional:-->
                                             <_0:roadsideReferencePointExtension>
                                                <!--You may enter ANY elements at this point-->
                                             </_0:roadsideReferencePointExtension>
                                          </_0:roadsideReferencePoint>
                                          <!--Optional:-->
                                          <_0:roadsideReferencePointSecondaryLocationExtension>
                                             <!--You may enter ANY elements at this point-->
                                          </_0:roadsideReferencePointSecondaryLocationExtension>
                                       </_0:roadsideReferencePointSecondaryLocation>
                                       <!--Optional:-->
                                       <_0:roadsideReferencePointLinearExtension>
                                          <!--You may enter ANY elements at this point-->
                                       </_0:roadsideReferencePointLinearExtension>
                                    </siri:Road>
                                    <!--Optional:-->
                                    <siri:LinkProjection>
                                       <!--Optional:-->
                                       <ifop:Features>
                                          <!--1 or more repetitions:-->
                                          <ifop:GisFeatureRef>
                                             <ifop:FeatureIdRef>?</ifop:FeatureIdRef>
                                             <!--Optional:-->
                                             <ifop:FeatureType>?</ifop:FeatureType>
                                          </ifop:GisFeatureRef>
                                       </ifop:Features>
                                       <!--Optional:-->
                                       <ifop:Line>
                                          <!--2 or more repetitions:-->
                                          <ifop:PointProjection id="?" srsName="?">
                                             <!--Optional:-->
                                             <ifop:Features>
                                                <!--1 or more repetitions:-->
                                                <ifop:GisFeatureRef>
                                                   <ifop:FeatureIdRef>?</ifop:FeatureIdRef>
                                                   <!--Optional:-->
                                                   <ifop:FeatureType>?</ifop:FeatureType>
                                                </ifop:GisFeatureRef>
                                             </ifop:Features>
                                             <ifop:Longitude>?</ifop:Longitude>
                                             <ifop:Latitude>?</ifop:Latitude>
                                             <!--Optional:-->
                                             <ifop:Altitude>?</ifop:Altitude>
                                             <!--Optional:-->
                                             <ifop:Coordinates>?</ifop:Coordinates>
                                             <!--Optional:-->
                                             <ifop:Precision>?</ifop:Precision>
                                          </ifop:PointProjection>
                                          <ifop:PointProjection id="?" srsName="?">
                                             <!--Optional:-->
                                             <ifop:Features>
                                                <!--1 or more repetitions:-->
                                                <ifop:GisFeatureRef>
                                                   <ifop:FeatureIdRef>?</ifop:FeatureIdRef>
                                                   <!--Optional:-->
                                                   <ifop:FeatureType>?</ifop:FeatureType>
                                                </ifop:GisFeatureRef>
                                             </ifop:Features>
                                             <ifop:Longitude>?</ifop:Longitude>
                                             <ifop:Latitude>?</ifop:Latitude>
                                             <!--Optional:-->
                                             <ifop:Altitude>?</ifop:Altitude>
                                             <!--Optional:-->
                                             <ifop:Coordinates>?</ifop:Coordinates>
                                             <!--Optional:-->
                                             <ifop:Precision>?</ifop:Precision>
                                          </ifop:PointProjection>
                                       </ifop:Line>
                                    </siri:LinkProjection>
                                    <!--Optional:-->
                                    <siri:Offset>
                                       <!--Optional:-->
                                       <siri:DistanceFromStart>?</siri:DistanceFromStart>
                                       <!--Optional:-->
                                       <siri:DistanceFromEnd>?</siri:DistanceFromEnd>
                                    </siri:Offset>
                                 </siri:AffectedRoad>
                              </siri:Roads>
                              <!--Optional:-->
                              <siri:Extensions>
                                 <!--You may enter ANY elements at this point-->
                              </siri:Extensions>
                           </siri:Affects>
                           <!--Optional:-->
                           <siri:Suitabilities>
                              <!--1 or more repetitions:-->
                              <siri:Suitability>
                                 <acsb:Suitable>?</acsb:Suitable>
                                 <acsb:UserNeed>
                                    <!--You have a CHOICE of the next 4 items at this level-->
                                    <acsb:MobilityNeed>?</acsb:MobilityNeed>
                                    <acsb:PsychosensoryNeed>?</acsb:PsychosensoryNeed>
                                    <acsb:MedicalNeed>?</acsb:MedicalNeed>
                                    <acsb:EncumbranceNeed>?</acsb:EncumbranceNeed>
                                    <!--Optional:-->
                                    <acsb:Excluded>?</acsb:Excluded>
                                    <!--Optional:-->
                                    <acsb:NeedRanking>?</acsb:NeedRanking>
                                    <!--Optional:-->
                                    <acsb:Extensions>?</acsb:Extensions>
                                 </acsb:UserNeed>
                              </siri:Suitability>
                           </siri:Suitabilities>
                           <!--Optional:-->
                           <siri:Advice>
                              <!--Optional:-->
                              <siri:AdviceRef>?</siri:AdviceRef>
                              <!--Zero or more repetitions:-->
                              <siri:Details xml:lang="?">?</siri:Details>
                           </siri:Advice>
                           <!--Optional:-->
                           <siri:Blocking>
                              <!--Optional:-->
                              <siri:JourneyPlanner>false</siri:JourneyPlanner>
                              <!--Optional:-->
                              <siri:RealTime>false</siri:RealTime>
                           </siri:Blocking>
                           <!--Optional:-->
                           <siri:Boarding>
                              <!--Optional:-->
                              <siri:ArrivalBoardingActivity>alighting</siri:ArrivalBoardingActivity>
                              <!--Optional:-->
                              <siri:DepartureBoardingActivity>boarding</siri:DepartureBoardingActivity>
                           </siri:Boarding>
                           <!--Optional:-->
                           <siri:Delays>
                              <!--Optional:-->
                              <siri:DelayBand>?</siri:DelayBand>
                              <!--Optional:-->
                              <siri:DelayType>?</siri:DelayType>
                              <!--Optional:-->
                              <siri:Delay>?</siri:Delay>
                           </siri:Delays>
                           <!--Optional:-->
                           <siri:Casualties>
                              <!--Optional:-->
                              <siri:NumberOfDeaths>?</siri:NumberOfDeaths>
                              <!--Optional:-->
                              <siri:NumberOfInjured>?</siri:NumberOfInjured>
                           </siri:Casualties>
                           <!--Zero or more repetitions:-->
                           <siri:Easements>
                              <!--Optional:-->
                              <siri:TicketRestrictions>?</siri:TicketRestrictions>
                              <!--Zero or more repetitions:-->
                              <siri:Easement xml:lang="?">?</siri:Easement>
                              <!--Optional:-->
                              <siri:EasementRef>?</siri:EasementRef>
                           </siri:Easements>
                           <!--Optional:-->
                           <siri:Extensions>
                              <!--You may enter ANY elements at this point-->
                           </siri:Extensions>
                        </siri:Consequence>
                     </siri:Consequences>
                     <!--Optional:-->
                     <siri:PublishingActions>
                        <!--Zero or more repetitions:-->
                        <siri:PublishToWebAction>
                           <!--Optional:-->
                           <siri:ActionStatus>open</siri:ActionStatus>
                           <!--Optional:-->
                           <siri:Description xml:lang="?">?</siri:Description>
                           <!--Zero or more repetitions:-->
                           <siri:ActionData>
                              <siri:Name>?</siri:Name>
                              <siri:Type>?</siri:Type>
                              <!--1 or more repetitions:-->
                              <siri:Value>?</siri:Value>
                              <!--Zero or more repetitions:-->
                              <siri:Prompt xml:lang="?">?</siri:Prompt>
                           </siri:ActionData>
                           <!--Optional:-->
                           <siri:Incidents>true</siri:Incidents>
                           <!--Optional:-->
                           <siri:HomePage>false</siri:HomePage>
                           <!--Optional:-->
                           <siri:Ticker>false</siri:Ticker>
                        </siri:PublishToWebAction>
                        <!--Zero or more repetitions:-->
                        <siri:PublishToMobileAction>
                           <!--Optional:-->
                           <siri:ActionStatus>open</siri:ActionStatus>
                           <!--Optional:-->
                           <siri:Description xml:lang="?">?</siri:Description>
                           <!--Zero or more repetitions:-->
                           <siri:ActionData>
                              <siri:Name>?</siri:Name>
                              <siri:Type>?</siri:Type>
                              <!--1 or more repetitions:-->
                              <siri:Value>?</siri:Value>
                              <!--Zero or more repetitions:-->
                              <siri:Prompt xml:lang="?">?</siri:Prompt>
                           </siri:ActionData>
                           <!--Optional:-->
                           <siri:Incidents>true</siri:Incidents>
                           <!--Optional:-->
                           <siri:HomePage>false</siri:HomePage>
                        </siri:PublishToMobileAction>
                        <!--Optional:-->
                        <siri:PublishToTvAction>
                           <!--Optional:-->
                           <siri:ActionStatus>open</siri:ActionStatus>
                           <!--Optional:-->
                           <siri:Description xml:lang="?">?</siri:Description>
                           <!--Zero or more repetitions:-->
                           <siri:ActionData>
                              <siri:Name>?</siri:Name>
                              <siri:Type>?</siri:Type>
                              <!--1 or more repetitions:-->
                              <siri:Value>?</siri:Value>
                              <!--Zero or more repetitions:-->
                              <siri:Prompt xml:lang="?">?</siri:Prompt>
                           </siri:ActionData>
                           <!--Optional:-->
                           <siri:Ceefax>true</siri:Ceefax>
                           <!--Optional:-->
                           <siri:Teletext>true</siri:Teletext>
                        </siri:PublishToTvAction>
                        <!--Zero or more repetitions:-->
                        <siri:PublishToAlertsAction>
                           <!--Optional:-->
                           <siri:ActionStatus>open</siri:ActionStatus>
                           <!--Optional:-->
                           <siri:Description xml:lang="?">?</siri:Description>
                           <!--Zero or more repetitions:-->
                           <siri:ActionData>
                              <siri:Name>?</siri:Name>
                              <siri:Type>?</siri:Type>
                              <!--1 or more repetitions:-->
                              <siri:Value>?</siri:Value>
                              <!--Zero or more repetitions:-->
                              <siri:Prompt xml:lang="?">?</siri:Prompt>
                           </siri:ActionData>
                           <!--Optional:-->
                           <siri:BeforeNotices>
                              <!--Zero or more repetitions:-->
                              <siri:Interval>?</siri:Interval>
                           </siri:BeforeNotices>
                           <!--Optional:-->
                           <siri:ClearNotice>?</siri:ClearNotice>
                           <!--Optional:-->
                           <siri:ByEmail>true</siri:ByEmail>
                           <!--Optional:-->
                           <siri:ByMobile>true</siri:ByMobile>
                        </siri:PublishToAlertsAction>
                        <!--Zero or more repetitions:-->
                        <siri:ManualAction>
                           <!--Optional:-->
                           <siri:ActionStatus>open</siri:ActionStatus>
                           <!--Optional:-->
                           <siri:Description xml:lang="?">?</siri:Description>
                           <!--Zero or more repetitions:-->
                           <siri:ActionData>
                              <siri:Name>?</siri:Name>
                              <siri:Type>?</siri:Type>
                              <!--1 or more repetitions:-->
                              <siri:Value>?</siri:Value>
                              <!--Zero or more repetitions:-->
                              <siri:Prompt xml:lang="?">?</siri:Prompt>
                           </siri:ActionData>
                        </siri:ManualAction>
                        <!--Zero or more repetitions:-->
                        <siri:NotifyByEmailAction>
                           <!--Optional:-->
                           <siri:ActionStatus>open</siri:ActionStatus>
                           <!--Optional:-->
                           <siri:Description xml:lang="?">?</siri:Description>
                           <!--Zero or more repetitions:-->
                           <siri:ActionData>
                              <siri:Name>?</siri:Name>
                              <siri:Type>?</siri:Type>
                              <!--1 or more repetitions:-->
                              <siri:Value>?</siri:Value>
                              <!--Zero or more repetitions:-->
                              <siri:Prompt xml:lang="?">?</siri:Prompt>
                           </siri:ActionData>
                           <!--Optional:-->
                           <siri:BeforeNotices>
                              <!--Zero or more repetitions:-->
                              <siri:Interval>?</siri:Interval>
                           </siri:BeforeNotices>
                           <!--Optional:-->
                           <siri:ClearNotice>?</siri:ClearNotice>
                           <!--Optional:-->
                           <siri:email>?</siri:email>
                        </siri:NotifyByEmailAction>
                        <!--Optional:-->
                        <siri:NotifyBySmsAction>
                           <!--Optional:-->
                           <siri:ActionStatus>open</siri:ActionStatus>
                           <!--Optional:-->
                           <siri:Description xml:lang="?">?</siri:Description>
                           <!--Zero or more repetitions:-->
                           <siri:ActionData>
                              <siri:Name>?</siri:Name>
                              <siri:Type>?</siri:Type>
                              <!--1 or more repetitions:-->
                              <siri:Value>?</siri:Value>
                              <!--Zero or more repetitions:-->
                              <siri:Prompt xml:lang="?">?</siri:Prompt>
                           </siri:ActionData>
                           <!--Optional:-->
                           <siri:BeforeNotices>
                              <!--Zero or more repetitions:-->
                              <siri:Interval>?</siri:Interval>
                           </siri:BeforeNotices>
                           <!--Optional:-->
                           <siri:ClearNotice>?</siri:ClearNotice>
                           <!--Optional:-->
                           <siri:Phone>true</siri:Phone>
                           <!--Optional:-->
                           <siri:Premium>false</siri:Premium>
                        </siri:NotifyBySmsAction>
                        <!--Zero or more repetitions:-->
                        <siri:NotifyByPagerAction>
                           <!--Optional:-->
                           <siri:ActionStatus>open</siri:ActionStatus>
                           <!--Optional:-->
                           <siri:Description xml:lang="?">?</siri:Description>
                           <!--Zero or more repetitions:-->
                           <siri:ActionData>
                              <siri:Name>?</siri:Name>
                              <siri:Type>?</siri:Type>
                              <!--1 or more repetitions:-->
                              <siri:Value>?</siri:Value>
                              <!--Zero or more repetitions:-->
                              <siri:Prompt xml:lang="?">?</siri:Prompt>
                           </siri:ActionData>
                           <!--Optional:-->
                           <siri:BeforeNotices>
                              <!--Zero or more repetitions:-->
                              <siri:Interval>?</siri:Interval>
                           </siri:BeforeNotices>
                           <!--Optional:-->
                           <siri:ClearNotice>?</siri:ClearNotice>
                           <!--Optional:-->
                           <siri:PagerGroupRef>?</siri:PagerGroupRef>
                           <!--Optional:-->
                           <siri:Pager>true</siri:Pager>
                        </siri:NotifyByPagerAction>
                        <!--Zero or more repetitions:-->
                        <siri:NotifyUserAction>
                           <!--Optional:-->
                           <siri:ActionStatus>open</siri:ActionStatus>
                           <!--Optional:-->
                           <siri:Description xml:lang="?">?</siri:Description>
                           <!--Zero or more repetitions:-->
                           <siri:ActionData>
                              <siri:Name>?</siri:Name>
                              <siri:Type>?</siri:Type>
                              <!--1 or more repetitions:-->
                              <siri:Value>?</siri:Value>
                              <!--Zero or more repetitions:-->
                              <siri:Prompt xml:lang="?">?</siri:Prompt>
                           </siri:ActionData>
                           <!--Optional:-->
                           <siri:BeforeNotices>
                              <!--Zero or more repetitions:-->
                              <siri:Interval>?</siri:Interval>
                           </siri:BeforeNotices>
                           <!--Optional:-->
                           <siri:ClearNotice>?</siri:ClearNotice>
                           <!--Optional:-->
                           <siri:WorkgroupRef>true</siri:WorkgroupRef>
                           <!--Optional:-->
                           <siri:UserName>?</siri:UserName>
                           <!--Optional:-->
                           <siri:UserRef>true</siri:UserRef>
                        </siri:NotifyUserAction>
                        <!--Optional:-->
                        <siri:Extensions>?</siri:Extensions>
                     </siri:PublishingActions>
                     <!--Optional:-->
                     <siri:SituationRecord id="?">
                        <!--Optional:-->
                        <_0:situationRecordCreationReference>?</_0:situationRecordCreationReference>
                        <_0:situationRecordCreationTime>?</_0:situationRecordCreationTime>
                        <!--Optional:-->
                        <_0:situationRecordObservationTime>?</_0:situationRecordObservationTime>
                        <_0:situationRecordVersion>?</_0:situationRecordVersion>
                        <_0:situationRecordVersionTime>?</_0:situationRecordVersionTime>
                        <!--Optional:-->
                        <_0:situationRecordFirstSupplierVersionTime>?</_0:situationRecordFirstSupplierVersionTime>
                        <!--Optional:-->
                        <_0:confidentialityOverride>?</_0:confidentialityOverride>
                        <_0:probabilityOfOccurrence>?</_0:probabilityOfOccurrence>
                        <!--Optional:-->
                        <_0:source>
                           <!--Optional:-->
                           <_0:sourceCountry>?</_0:sourceCountry>
                           <!--Optional:-->
                           <_0:sourceIdentification>?</_0:sourceIdentification>
                           <!--Optional:-->
                           <_0:sourceName>
                              <_0:values>
                                 <!--1 or more repetitions:-->
                                 <_0:value lang="?">?</_0:value>
                              </_0:values>
                           </_0:sourceName>
                           <!--Optional:-->
                           <_0:sourceType>?</_0:sourceType>
                           <!--Optional:-->
                           <_0:reliable>?</_0:reliable>
                           <!--Optional:-->
                           <_0:sourceExtension>
                              <!--You may enter ANY elements at this point-->
                           </_0:sourceExtension>
                        </_0:source>
                        <_0:validity>
                           <_0:validityStatus>?</_0:validityStatus>
                           <!--Optional:-->
                           <_0:overrunning>?</_0:overrunning>
                           <_0:validityTimeSpecification>
                              <_0:overallStartTime>?</_0:overallStartTime>
                              <!--Optional:-->
                              <_0:overallEndTime>?</_0:overallEndTime>
                              <!--Zero or more repetitions:-->
                              <_0:validPeriod>
                                 <!--Optional:-->
                                 <_0:startOfPeriod>?</_0:startOfPeriod>
                                 <!--Optional:-->
                                 <_0:endOfPeriod>?</_0:endOfPeriod>
                                 <!--Optional:-->
                                 <_0:periodName>
                                    <_0:values>
                                       <!--1 or more repetitions:-->
                                       <_0:value lang="?">?</_0:value>
                                    </_0:values>
                                 </_0:periodName>
                                 <!--Zero or more repetitions:-->
                                 <_0:recurringTimePeriodOfDay>
                                    <!--Optional:-->
                                    <_0:timePeriodOfDayExtension>
                                       <!--You may enter ANY elements at this point-->
                                    </_0:timePeriodOfDayExtension>
                                 </_0:recurringTimePeriodOfDay>
                                 <!--Zero or more repetitions:-->
                                 <_0:recurringDayWeekMonthPeriod>
                                    <!--0 to 7 repetitions:-->
                                    <_0:applicableDay>?</_0:applicableDay>
                                    <!--0 to 5 repetitions:-->
                                    <_0:applicableWeek>?</_0:applicableWeek>
                                    <!--0 to 12 repetitions:-->
                                    <_0:applicableMonth>?</_0:applicableMonth>
                                    <!--Optional:-->
                                    <_0:dayWeekMonthExtension>
                                       <!--You may enter ANY elements at this point-->
                                    </_0:dayWeekMonthExtension>
                                 </_0:recurringDayWeekMonthPeriod>
                                 <!--Optional:-->
                                 <_0:periodExtension>
                                    <!--You may enter ANY elements at this point-->
                                 </_0:periodExtension>
                              </_0:validPeriod>
                              <!--Zero or more repetitions:-->
                              <_0:exceptionPeriod>
                                 <!--Optional:-->
                                 <_0:startOfPeriod>?</_0:startOfPeriod>
                                 <!--Optional:-->
                                 <_0:endOfPeriod>?</_0:endOfPeriod>
                                 <!--Optional:-->
                                 <_0:periodName>
                                    <_0:values>
                                       <!--1 or more repetitions:-->
                                       <_0:value lang="?">?</_0:value>
                                    </_0:values>
                                 </_0:periodName>
                                 <!--Zero or more repetitions:-->
                                 <_0:recurringTimePeriodOfDay>
                                    <!--Optional:-->
                                    <_0:timePeriodOfDayExtension>
                                       <!--You may enter ANY elements at this point-->
                                    </_0:timePeriodOfDayExtension>
                                 </_0:recurringTimePeriodOfDay>
                                 <!--Zero or more repetitions:-->
                                 <_0:recurringDayWeekMonthPeriod>
                                    <!--0 to 7 repetitions:-->
                                    <_0:applicableDay>?</_0:applicableDay>
                                    <!--0 to 5 repetitions:-->
                                    <_0:applicableWeek>?</_0:applicableWeek>
                                    <!--0 to 12 repetitions:-->
                                    <_0:applicableMonth>?</_0:applicableMonth>
                                    <!--Optional:-->
                                    <_0:dayWeekMonthExtension>
                                       <!--You may enter ANY elements at this point-->
                                    </_0:dayWeekMonthExtension>
                                 </_0:recurringDayWeekMonthPeriod>
                                 <!--Optional:-->
                                 <_0:periodExtension>
                                    <!--You may enter ANY elements at this point-->
                                 </_0:periodExtension>
                              </_0:exceptionPeriod>
                              <!--Optional:-->
                              <_0:overallPeriodExtension>
                                 <!--You may enter ANY elements at this point-->
                              </_0:overallPeriodExtension>
                           </_0:validityTimeSpecification>
                           <!--Optional:-->
                           <_0:validityExtension>
                              <!--You may enter ANY elements at this point-->
                           </_0:validityExtension>
                        </_0:validity>
                        <!--Optional:-->
                        <_0:impact>
                           <!--Optional:-->
                           <_0:capacityRemaining>?</_0:capacityRemaining>
                           <!--Optional:-->
                           <_0:numberOfLanesRestricted>?</_0:numberOfLanesRestricted>
                           <!--Optional:-->
                           <_0:numberOfOperationalLanes>?</_0:numberOfOperationalLanes>
                           <!--Optional:-->
                           <_0:originalNumberOfLanes>?</_0:originalNumberOfLanes>
                           <!--Optional:-->
                           <_0:residualRoadWidth>?</_0:residualRoadWidth>
                           <!--Optional:-->
                           <_0:trafficConstrictionType>?</_0:trafficConstrictionType>
                           <!--Optional:-->
                           <_0:delays>
                              <!--Optional:-->
                              <_0:delayBand>?</_0:delayBand>
                              <!--Optional:-->
                              <_0:delaysType>?</_0:delaysType>
                              <!--Optional:-->
                              <_0:delayTimeValue>?</_0:delayTimeValue>
                              <!--Optional:-->
                              <_0:delaysExtension>
                                 <!--You may enter ANY elements at this point-->
                              </_0:delaysExtension>
                           </_0:delays>
                           <!--Optional:-->
                           <_0:impactExtension>
                              <!--You may enter ANY elements at this point-->
                           </_0:impactExtension>
                        </_0:impact>
                        <!--Optional:-->
                        <_0:cause>
                           <!--Optional:-->
                           <_0:causeExtension>
                              <!--You may enter ANY elements at this point-->
                           </_0:causeExtension>
                        </_0:cause>
                        <!--Zero or more repetitions:-->
                        <_0:generalPublicComment>
                           <_0:comment>
                              <_0:values>
                                 <!--1 or more repetitions:-->
                                 <_0:value lang="?">?</_0:value>
                              </_0:values>
                           </_0:comment>
                           <!--Optional:-->
                           <_0:commentDateTime>?</_0:commentDateTime>
                           <!--Optional:-->
                           <_0:commentExtension>
                              <!--You may enter ANY elements at this point-->
                           </_0:commentExtension>
                        </_0:generalPublicComment>
                        <!--Zero or more repetitions:-->
                        <_0:nonGeneralPublicComment>
                           <_0:comment>
                              <_0:values>
                                 <!--1 or more repetitions:-->
                                 <_0:value lang="?">?</_0:value>
                              </_0:values>
                           </_0:comment>
                           <!--Optional:-->
                           <_0:commentDateTime>?</_0:commentDateTime>
                           <!--Optional:-->
                           <_0:commentExtension>
                              <!--You may enter ANY elements at this point-->
                           </_0:commentExtension>
                        </_0:nonGeneralPublicComment>
                        <!--Zero or more repetitions:-->
                        <_0:urlLink>
                           <_0:urlLinkAddress>?</_0:urlLinkAddress>
                           <!--Optional:-->
                           <_0:urlLinkDescription>
                              <_0:values>
                                 <!--1 or more repetitions:-->
                                 <_0:value lang="?">?</_0:value>
                              </_0:values>
                           </_0:urlLinkDescription>
                           <!--Optional:-->
                           <_0:urlLinkType>?</_0:urlLinkType>
                           <!--Optional:-->
                           <_0:urlLinkExtension>
                              <!--You may enter ANY elements at this point-->
                           </_0:urlLinkExtension>
                        </_0:urlLink>
                        <_0:groupOfLocations>
                           <!--Optional:-->
                           <_0:groupOfLocationsExtension>
                              <!--You may enter ANY elements at this point-->
                           </_0:groupOfLocationsExtension>
                        </_0:groupOfLocations>
                        <!--Optional:-->
                        <_0:management>
                           <!--Optional:-->
                           <_0:lifeCycleManagement>
                              <!--Optional:-->
                              <_0:cancel>?</_0:cancel>
                              <!--Optional:-->
                              <_0:end>?</_0:end>
                              <!--Optional:-->
                              <_0:lifeCycleManagementExtension>
                                 <!--You may enter ANY elements at this point-->
                              </_0:lifeCycleManagementExtension>
                           </_0:lifeCycleManagement>
                           <!--Optional:-->
                           <_0:filterExitManagement>
                              <_0:filterEnd>?</_0:filterEnd>
                              <_0:filterOutOfRange>?</_0:filterOutOfRange>
                              <!--Optional:-->
                              <_0:filterExitManagementExtension>
                                 <!--You may enter ANY elements at this point-->
                              </_0:filterExitManagementExtension>
                           </_0:filterExitManagement>
                           <!--Optional:-->
                           <_0:managementExtension>
                              <!--You may enter ANY elements at this point-->
                           </_0:managementExtension>
                        </_0:management>
                        <!--Optional:-->
                        <_0:situationRecordExtension>
                           <!--You may enter ANY elements at this point-->
                        </_0:situationRecordExtension>
                     </siri:SituationRecord>
                     <!--Optional:-->
                     <siri:Extensions>
                        <!--You may enter ANY elements at this point-->
                     </siri:Extensions>
                  </siri:RoadSituationElement>
               </siri:Situations>
               <!--Optional:-->
               <siri:Extensions>
                  <!--You may enter ANY elements at this point-->
               </siri:Extensions>
            </siri:SituationExchangeDelivery>
         </Notification>
         <NotifyExtension>
            <!--You may enter ANY elements at this point-->
         </NotifyExtension>
      </wsdl:NotifySituationExchange>
   </soapenv:Body>
</soapenv:Envelope>]]></con:request><con:wsaConfig mustUnderstand="NONE" version="200508" action="GetSituationExchange"/></con:call></con:operation><con:operation isOneWay="false" action="GetStopMonitoring" name="NotifyStopMonitoring" bindingOperationName="NotifyStopMonitoring" type="One-Way" inputName="" sendsAttachments="false" anonymous="optional"><con:settings/><con:call name="Request 1"><con:settings/><con:encoding>UTF-8</con:encoding><con:endpoint>http://www.siri-service-location.com</con:endpoint><con:request><![CDATA[<soapenv:Envelope xmlns:soapenv="http://schemas.xmlsoap.org/soap/envelope/" xmlns:wsdl="http://wsdl.siri.org.uk" xmlns:siri="http://www.siri.org.uk/siri" xmlns:acsb="http://www.ifopt.org.uk/acsb" xmlns:ifop="http://www.ifopt.org.uk/ifopt">
   <soapenv:Header/>
   <soapenv:Body>
      <wsdl:NotifyStopMonitoring>
         <ServiceDeliveryInfo>
            <siri:ResponseTimestamp>?</siri:ResponseTimestamp>
            <!--Optional:-->
            <siri:ProducerRef>?</siri:ProducerRef>
            <!--Optional:-->
            <siri:Address>?</siri:Address>
            <!--Optional:-->
            <siri:ResponseMessageIdentifier>?</siri:ResponseMessageIdentifier>
            <!--Optional:-->
            <siri:RequestMessageRef>?</siri:RequestMessageRef>
         </ServiceDeliveryInfo>
         <Notification>
            <!--1 or more repetitions:-->
            <siri:StopMonitoringDelivery version="2.0">
               <siri:ResponseTimestamp>?</siri:ResponseTimestamp>
               <!--You have a CHOICE of the next 2 items at this level-->
               <!--Optional:-->
               <siri:RequestMessageRef>?</siri:RequestMessageRef>
               <!--Optional:-->
               <siri:SubscriberRef>?</siri:SubscriberRef>
               <!--Optional:-->
               <siri:SubscriptionFilterRef>?</siri:SubscriptionFilterRef>
               <siri:SubscriptionRef>?</siri:SubscriptionRef>
               <!--Optional:-->
               <siri:DelegatorAddress>?</siri:DelegatorAddress>
               <!--Optional:-->
               <siri:DelegatorRef>?</siri:DelegatorRef>
               <!--Optional:-->
               <siri:Status>true</siri:Status>
               <!--Optional:-->
               <siri:ErrorCondition>
                  <!--You have a CHOICE of the next 15 items at this level-->
                  <siri:UnapprovedKeyAccessError number="?">
                     <!--Optional:-->
                     <siri:ErrorText>?</siri:ErrorText>
                     <!--Optional:-->
                     <siri:Key>?</siri:Key>
                  </siri:UnapprovedKeyAccessError>
                  <siri:UnknownParticipantError number="?">
                     <!--Optional:-->
                     <siri:ErrorText>?</siri:ErrorText>
                     <!--Optional:-->
                     <siri:ParticipantRef>?</siri:ParticipantRef>
                  </siri:UnknownParticipantError>
                  <siri:UnknownEndpointError number="?">
                     <!--Optional:-->
                     <siri:ErrorText>?</siri:ErrorText>
                     <!--Optional:-->
                     <siri:Endpoint>?</siri:Endpoint>
                  </siri:UnknownEndpointError>
                  <siri:EndpointDeniedAccessError number="?">
                     <!--Optional:-->
                     <siri:ErrorText>?</siri:ErrorText>
                     <!--Optional:-->
                     <siri:Endpoint>?</siri:Endpoint>
                  </siri:EndpointDeniedAccessError>
                  <siri:EndpointNotAvailableAccessError number="?">
                     <!--Optional:-->
                     <siri:ErrorText>?</siri:ErrorText>
                     <!--Optional:-->
                     <siri:Endpoint>?</siri:Endpoint>
                  </siri:EndpointNotAvailableAccessError>
                  <siri:ServiceNotAvailableError number="?">
                     <!--Optional:-->
                     <siri:ErrorText>?</siri:ErrorText>
                     <!--Optional:-->
                     <siri:ExpectedRestartTime>?</siri:ExpectedRestartTime>
                  </siri:ServiceNotAvailableError>
                  <siri:CapabilityNotSupportedError number="?">
                     <!--Optional:-->
                     <siri:ErrorText>?</siri:ErrorText>
                     <!--Optional:-->
                     <siri:CapabilityRef>?</siri:CapabilityRef>
                  </siri:CapabilityNotSupportedError>
                  <siri:AccessNotAllowedError number="?">
                     <!--Optional:-->
                     <siri:ErrorText>?</siri:ErrorText>
                  </siri:AccessNotAllowedError>
                  <siri:InvalidDataReferencesError number="?">
                     <!--Optional:-->
                     <siri:ErrorText>?</siri:ErrorText>
                     <!--Zero or more repetitions:-->
                     <siri:InvalidRef>?</siri:InvalidRef>
                  </siri:InvalidDataReferencesError>
                  <siri:BeyondDataHorizon number="?">
                     <!--Optional:-->
                     <siri:ErrorText>?</siri:ErrorText>
                  </siri:BeyondDataHorizon>
                  <siri:NoInfoForTopicError number="?">
                     <!--Optional:-->
                     <siri:ErrorText>?</siri:ErrorText>
                  </siri:NoInfoForTopicError>
                  <siri:ParametersIgnoredError number="?">
                     <!--Optional:-->
                     <siri:ErrorText>?</siri:ErrorText>
                     <!--Zero or more repetitions:-->
                     <siri:ParameterName>?</siri:ParameterName>
                  </siri:ParametersIgnoredError>
                  <siri:UnknownExtensionsError number="?">
                     <!--Optional:-->
                     <siri:ErrorText>?</siri:ErrorText>
                     <!--Zero or more repetitions:-->
                     <siri:ExtensionName>?</siri:ExtensionName>
                  </siri:UnknownExtensionsError>
                  <siri:AllowedResourceUsageExceededError number="?">
                     <!--Optional:-->
                     <siri:ErrorText>?</siri:ErrorText>
                  </siri:AllowedResourceUsageExceededError>
                  <siri:OtherError number="?">
                     <!--Optional:-->
                     <siri:ErrorText>?</siri:ErrorText>
                  </siri:OtherError>
                  <!--Optional:-->
                  <siri:Description>?</siri:Description>
               </siri:ErrorCondition>
               <!--Optional:-->
               <siri:ValidUntil>?</siri:ValidUntil>
               <!--Optional:-->
               <siri:ShortestPossibleCycle>?</siri:ShortestPossibleCycle>
               <!--Optional:-->
               <siri:DefaultLanguage>?</siri:DefaultLanguage>
               <!--Zero or more repetitions:-->
               <siri:MonitoringRef>?</siri:MonitoringRef>
               <!--Zero or more repetitions:-->
               <siri:MonitoringName xml:lang="?">?</siri:MonitoringName>
               <!--Zero or more repetitions:-->
               <siri:MonitoredStopVisit>
                  <siri:RecordedAtTime>?</siri:RecordedAtTime>
                  <!--Optional:-->
                  <siri:ItemIdentifier>?</siri:ItemIdentifier>
                  <!--Optional:-->
                  <siri:ValidUntilTime>?</siri:ValidUntilTime>
                  <siri:MonitoringRef>?</siri:MonitoringRef>
                  <!--Optional:-->
                  <siri:ClearDownRef>?</siri:ClearDownRef>
                  <siri:MonitoredVehicleJourney>
                     <!--Optional:-->
                     <siri:LineRef>?</siri:LineRef>
                     <!--Optional:-->
                     <siri:DirectionRef>?</siri:DirectionRef>
                     <!--Optional:-->
                     <siri:FramedVehicleJourneyRef>
                        <siri:DataFrameRef>?</siri:DataFrameRef>
                        <siri:DatedVehicleJourneyRef>?</siri:DatedVehicleJourneyRef>
                     </siri:FramedVehicleJourneyRef>
                     <!--Optional:-->
                     <siri:JourneyPatternRef>?</siri:JourneyPatternRef>
                     <!--Optional:-->
                     <siri:JourneyPatternName xml:lang="?">?</siri:JourneyPatternName>
                     <!--Zero or more repetitions:-->
                     <siri:VehicleMode>?</siri:VehicleMode>
                     <!--Optional:-->
                     <siri:RouteRef>?</siri:RouteRef>
                     <!--Zero or more repetitions:-->
                     <siri:PublishedLineName xml:lang="?">?</siri:PublishedLineName>
                     <!--Optional:-->
                     <siri:GroupOfLinesRef>?</siri:GroupOfLinesRef>
                     <!--Zero or more repetitions:-->
                     <siri:DirectionName xml:lang="?">?</siri:DirectionName>
                     <!--Optional:-->
                     <siri:ExternalLineRef>?</siri:ExternalLineRef>
                     <!--Optional:-->
                     <siri:OperatorRef>?</siri:OperatorRef>
                     <!--Optional:-->
                     <siri:ProductCategoryRef>?</siri:ProductCategoryRef>
                     <!--Zero or more repetitions:-->
                     <siri:ServiceFeatureRef>?</siri:ServiceFeatureRef>
                     <!--Zero or more repetitions:-->
                     <siri:VehicleFeatureRef>?</siri:VehicleFeatureRef>
                     <!--Optional:-->
                     <siri:OriginRef>?</siri:OriginRef>
                     <!--Zero or more repetitions:-->
                     <siri:OriginName xml:lang="?">?</siri:OriginName>
                     <!--Zero or more repetitions:-->
                     <siri:OriginShortName xml:lang="?">?</siri:OriginShortName>
                     <!--Zero or more repetitions:-->
                     <siri:DestinationDisplayAtOrigin xml:lang="?">?</siri:DestinationDisplayAtOrigin>
                     <!--Zero or more repetitions:-->
                     <siri:Via>
                        <!--Optional:-->
                        <siri:PlaceRef>?</siri:PlaceRef>
                        <!--Zero or more repetitions:-->
                        <siri:PlaceName xml:lang="?">?</siri:PlaceName>
                        <!--Zero or more repetitions:-->
                        <siri:PlaceShortName xml:lang="?">?</siri:PlaceShortName>
                        <!--Optional:-->
                        <siri:ViaPriority>2</siri:ViaPriority>
                     </siri:Via>
                     <!--Optional:-->
                     <siri:DestinationRef>?</siri:DestinationRef>
                     <!--Zero or more repetitions:-->
                     <siri:DestinationName xml:lang="?">?</siri:DestinationName>
                     <!--Zero or more repetitions:-->
                     <siri:DestinationShortName xml:lang="?">?</siri:DestinationShortName>
                     <!--Zero or more repetitions:-->
                     <siri:VehicleJourneyName xml:lang="?">?</siri:VehicleJourneyName>
                     <!--Zero or more repetitions:-->
                     <siri:JourneyNote xml:lang="?">?</siri:JourneyNote>
                     <!--Optional:-->
                     <siri:PublicContact>
                        <!--Optional:-->
                        <siri:PhoneNumber>?</siri:PhoneNumber>
                        <!--Optional:-->
                        <siri:Url>?</siri:Url>
                     </siri:PublicContact>
                     <!--Optional:-->
                     <siri:OperationsContact>
                        <!--Optional:-->
                        <siri:PhoneNumber>?</siri:PhoneNumber>
                        <!--Optional:-->
                        <siri:Url>?</siri:Url>
                     </siri:OperationsContact>
                     <!--Optional:-->
                     <siri:HeadwayService>false</siri:HeadwayService>
                     <!--Optional:-->
                     <siri:OriginAimedDepartureTime>?</siri:OriginAimedDepartureTime>
                     <!--Optional:-->
                     <siri:DestinationAimedArrivalTime>?</siri:DestinationAimedArrivalTime>
                     <!--Optional:-->
                     <siri:FirstOrLastJourney>unspecified</siri:FirstOrLastJourney>
                     <!--Zero or more repetitions:-->
                     <siri:FacilityConditionElement>
                        <!--You have a CHOICE of the next 2 items at this level-->
                        <siri:Facility>
                           <!--Optional:-->
                           <siri:FacilityCode>?</siri:FacilityCode>
                           <!--Zero or more repetitions:-->
                           <siri:Description xml:lang="?">?</siri:Description>
                           <!--Zero or more repetitions:-->
                           <siri:FacilityClass>?</siri:FacilityClass>
                           <!--Optional:-->
                           <siri:Features>
                              <!--1 or more repetitions:-->
                              <siri:Feature>
                                 <!--You have a CHOICE of the next 16 items at this level-->
                                 <siri:AccessFacility>unknown</siri:AccessFacility>
                                 <siri:AccommodationFacility>unknown</siri:AccommodationFacility>
                                 <siri:AssistanceFacility>unknown</siri:AssistanceFacility>
                                 <siri:FareClassFacility>unknown</siri:FareClassFacility>
                                 <siri:HireFacility>unknown</siri:HireFacility>
                                 <siri:LuggageFacility>unknown</siri:LuggageFacility>
                                 <siri:MobilityFacility>unknown</siri:MobilityFacility>
                                 <siri:NuisanceFacility>unknown</siri:NuisanceFacility>
                                 <siri:ParkingFacility>?</siri:ParkingFacility>
                                 <siri:PassengerCommsFacility>unknown</siri:PassengerCommsFacility>
                                 <siri:PassengerInformationFacility>unknown</siri:PassengerInformationFacility>
                                 <siri:RefreshmentFacility>unknown</siri:RefreshmentFacility>
                                 <siri:ReservedSpaceFacility>unknown</siri:ReservedSpaceFacility>
                                 <siri:RetailFacility>unknown</siri:RetailFacility>
                                 <siri:SanitaryFacility>unknown</siri:SanitaryFacility>
                                 <siri:TicketingFacility>unknown</siri:TicketingFacility>
                              </siri:Feature>
                           </siri:Features>
                           <!--Optional:-->
                           <siri:OwnerRef>?</siri:OwnerRef>
                           <!--Optional:-->
                           <siri:OwnerName xml:lang="?">?</siri:OwnerName>
                           <!--Optional:-->
                           <siri:ValidityCondition>
                              <!--Zero or more repetitions:-->
                              <siri:Period>
                                 <siri:StartTime>?</siri:StartTime>
                                 <!--Optional:-->
                                 <siri:EndTime>?</siri:EndTime>
                              </siri:Period>
                              <!--Zero or more repetitions:-->
                              <siri:Timeband>
                                 <siri:StartTime>?</siri:StartTime>
                                 <!--Optional:-->
                                 <siri:EndTime>?</siri:EndTime>
                              </siri:Timeband>
                              <!--Zero or more repetitions:-->
                              <siri:DayType>?</siri:DayType>
                              <!--Zero or more repetitions:-->
                              <siri:HolidayType>?</siri:HolidayType>
                           </siri:ValidityCondition>
                           <!--Optional:-->
                           <siri:FacilityLocation>
                              <!--Optional:-->
                              <siri:LineRef>?</siri:LineRef>
                              <!--Optional:-->
                              <siri:StopPointRef>?</siri:StopPointRef>
                              <!--Optional:-->
                              <siri:VehicleRef>?</siri:VehicleRef>
                              <!--Optional:-->
                              <siri:DatedVehicleJourneyRef>?</siri:DatedVehicleJourneyRef>
                              <!--Optional:-->
                              <siri:ConnectionLinkRef>?</siri:ConnectionLinkRef>
                              <!--Optional:-->
                              <siri:InterchangeRef>?</siri:InterchangeRef>
                              <!--Optional:-->
                              <siri:StopPlaceRef>?</siri:StopPlaceRef>
                              <!--Optional:-->
                              <siri:StopPlaceComponentId>?</siri:StopPlaceComponentId>
                              <!--Optional:-->
                              <siri:OperatorRef>?</siri:OperatorRef>
                              <!--Optional:-->
                              <siri:ProductCategoryRef>?</siri:ProductCategoryRef>
                              <!--Zero or more repetitions:-->
                              <siri:ServiceFeatureRef>?</siri:ServiceFeatureRef>
                              <!--Zero or more repetitions:-->
                              <siri:VehicleFeatureRef>?</siri:VehicleFeatureRef>
                           </siri:FacilityLocation>
                           <!--Optional:-->
                           <siri:Limitations>
                              <acsb:WheelchairAccess>false</acsb:WheelchairAccess>
                              <!--Optional:-->
                              <acsb:StepFreeAccess>unknown</acsb:StepFreeAccess>
                              <!--Optional:-->
                              <acsb:EscalatorFreeAccess>unknown</acsb:EscalatorFreeAccess>
                              <!--Optional:-->
                              <acsb:LiftFreeAccess>unknown</acsb:LiftFreeAccess>
                              <!--Optional:-->
                              <acsb:AudibleSignalsAvailable>false</acsb:AudibleSignalsAvailable>
                              <!--Optional:-->
                              <acsb:VisualSignsAvailable>unknown</acsb:VisualSignsAvailable>
                           </siri:Limitations>
                           <!--Optional:-->
                           <siri:Suitabilities>
                              <!--1 or more repetitions:-->
                              <siri:Suitability>
                                 <acsb:Suitable>?</acsb:Suitable>
                                 <acsb:UserNeed>
                                    <!--You have a CHOICE of the next 4 items at this level-->
                                    <acsb:MobilityNeed>?</acsb:MobilityNeed>
                                    <acsb:PsychosensoryNeed>?</acsb:PsychosensoryNeed>
                                    <acsb:MedicalNeed>?</acsb:MedicalNeed>
                                    <acsb:EncumbranceNeed>?</acsb:EncumbranceNeed>
                                    <!--Optional:-->
                                    <acsb:Excluded>?</acsb:Excluded>
                                    <!--Optional:-->
                                    <acsb:NeedRanking>?</acsb:NeedRanking>
                                    <!--Optional:-->
                                    <acsb:Extensions>?</acsb:Extensions>
                                 </acsb:UserNeed>
                              </siri:Suitability>
                           </siri:Suitabilities>
                           <!--Optional:-->
                           <siri:AccessibilityAssessment>
                              <acsb:MobilityImpairedAccess>?</acsb:MobilityImpairedAccess>
                              <!--Optional:-->
                              <acsb:Limitations>
                                 <!--1 or more repetitions:-->
                                 <acsb:AccessibilityLimitation>
                                    <!--Optional:-->
                                    <acsb:LimitationId>?</acsb:LimitationId>
                                    <!--Optional:-->
                                    <acsb:ValidityCondition>
                                       <!--Optional:-->
                                       <ifop:FromDateTime>?</ifop:FromDateTime>
                                       <!--Optional:-->
                                       <ifop:ToDateTime>?</ifop:ToDateTime>
                                       <!--Optional:-->
                                       <ifop:DayType>?</ifop:DayType>
                                       <!--Zero or more repetitions:-->
                                       <ifop:Timebands>
                                          <ifop:Timeband>
                                             <ifop:StartTime>?</ifop:StartTime>
                                             <!--Optional:-->
                                             <ifop:EndTime>?</ifop:EndTime>
                                          </ifop:Timeband>
                                       </ifop:Timebands>
                                    </acsb:ValidityCondition>
                                    <acsb:WheelchairAccess>false</acsb:WheelchairAccess>
                                    <!--Optional:-->
                                    <acsb:StepFreeAccess>unknown</acsb:StepFreeAccess>
                                    <!--Optional:-->
                                    <acsb:EscalatorFreeAccess>unknown</acsb:EscalatorFreeAccess>
                                    <!--Optional:-->
                                    <acsb:LiftFreeAccess>unknown</acsb:LiftFreeAccess>
                                    <!--Optional:-->
                                    <acsb:AudibleSignalsAvailable>false</acsb:AudibleSignalsAvailable>
                                    <!--Optional:-->
                                    <acsb:VisualSignsAvailable>unknown</acsb:VisualSignsAvailable>
                                    <!--Optional:-->
                                    <ifop:Extensions>
                                       e
                                       <!--You may enter ANY elements at this point-->
                                       gero
                                    </ifop:Extensions>
                                 </acsb:AccessibilityLimitation>
                              </acsb:Limitations>
                              <!--Optional:-->
                              <acsb:Suitabilities>
                                 <!--1 or more repetitions:-->
                                 <acsb:Suitability>
                                    <acsb:Suitable>?</acsb:Suitable>
                                    <acsb:UserNeed>
                                       <!--You have a CHOICE of the next 4 items at this level-->
                                       <acsb:MobilityNeed>?</acsb:MobilityNeed>
                                       <acsb:PsychosensoryNeed>?</acsb:PsychosensoryNeed>
                                       <acsb:MedicalNeed>?</acsb:MedicalNeed>
                                       <acsb:EncumbranceNeed>?</acsb:EncumbranceNeed>
                                       <!--Optional:-->
                                       <acsb:Excluded>?</acsb:Excluded>
                                       <!--Optional:-->
                                       <acsb:NeedRanking>?</acsb:NeedRanking>
                                       <!--Optional:-->
                                       <acsb:Extensions>?</acsb:Extensions>
                                    </acsb:UserNeed>
                                 </acsb:Suitability>
                              </acsb:Suitabilities>
                              <!--Optional:-->
                              <ifop:Extensions>
                                 cum
                                 <!--You may enter ANY elements at this point-->
                                 sonoras
                              </ifop:Extensions>
                           </siri:AccessibilityAssessment>
                           <!--Optional:-->
                           <siri:Extensions>
                              <!--You may enter ANY elements at this point-->
                           </siri:Extensions>
                        </siri:Facility>
                        <siri:FacilityRef>?</siri:FacilityRef>
                        <siri:FacilityStatus>
                           <siri:Status>?</siri:Status>
                           <!--Zero or more repetitions:-->
                           <siri:Description xml:lang="?">?</siri:Description>
                           <!--Optional:-->
                           <siri:AccessibilityAssessment>
                              <acsb:MobilityImpairedAccess>?</acsb:MobilityImpairedAccess>
                              <!--Optional:-->
                              <acsb:Limitations>
                                 <!--1 or more repetitions:-->
                                 <acsb:AccessibilityLimitation>
                                    <!--Optional:-->
                                    <acsb:LimitationId>?</acsb:LimitationId>
                                    <!--Optional:-->
                                    <acsb:ValidityCondition>
                                       <!--Optional:-->
                                       <ifop:FromDateTime>?</ifop:FromDateTime>
                                       <!--Optional:-->
                                       <ifop:ToDateTime>?</ifop:ToDateTime>
                                       <!--Optional:-->
                                       <ifop:DayType>?</ifop:DayType>
                                       <!--Zero or more repetitions:-->
                                       <ifop:Timebands>
                                          <ifop:Timeband>
                                             <ifop:StartTime>?</ifop:StartTime>
                                             <!--Optional:-->
                                             <ifop:EndTime>?</ifop:EndTime>
                                          </ifop:Timeband>
                                       </ifop:Timebands>
                                    </acsb:ValidityCondition>
                                    <acsb:WheelchairAccess>false</acsb:WheelchairAccess>
                                    <!--Optional:-->
                                    <acsb:StepFreeAccess>unknown</acsb:StepFreeAccess>
                                    <!--Optional:-->
                                    <acsb:EscalatorFreeAccess>unknown</acsb:EscalatorFreeAccess>
                                    <!--Optional:-->
                                    <acsb:LiftFreeAccess>unknown</acsb:LiftFreeAccess>
                                    <!--Optional:-->
                                    <acsb:AudibleSignalsAvailable>false</acsb:AudibleSignalsAvailable>
                                    <!--Optional:-->
                                    <acsb:VisualSignsAvailable>unknown</acsb:VisualSignsAvailable>
                                    <!--Optional:-->
                                    <ifop:Extensions>
                                       aeoliam
                                       <!--You may enter ANY elements at this point-->
                                       quae
                                    </ifop:Extensions>
                                 </acsb:AccessibilityLimitation>
                              </acsb:Limitations>
                              <!--Optional:-->
                              <acsb:Suitabilities>
                                 <!--1 or more repetitions:-->
                                 <acsb:Suitability>
                                    <acsb:Suitable>?</acsb:Suitable>
                                    <acsb:UserNeed>
                                       <!--You have a CHOICE of the next 4 items at this level-->
                                       <acsb:MobilityNeed>?</acsb:MobilityNeed>
                                       <acsb:PsychosensoryNeed>?</acsb:PsychosensoryNeed>
                                       <acsb:MedicalNeed>?</acsb:MedicalNeed>
                                       <acsb:EncumbranceNeed>?</acsb:EncumbranceNeed>
                                       <!--Optional:-->
                                       <acsb:Excluded>?</acsb:Excluded>
                                       <!--Optional:-->
                                       <acsb:NeedRanking>?</acsb:NeedRanking>
                                       <!--Optional:-->
                                       <acsb:Extensions>?</acsb:Extensions>
                                    </acsb:UserNeed>
                                 </acsb:Suitability>
                              </acsb:Suitabilities>
                              <!--Optional:-->
                              <ifop:Extensions>
                                 ventos
                                 <!--You may enter ANY elements at this point-->
                                 verrantque
                              </ifop:Extensions>
                           </siri:AccessibilityAssessment>
                           <!--Optional:-->
                           <siri:Extensions>
                              <!--You may enter ANY elements at this point-->
                           </siri:Extensions>
                        </siri:FacilityStatus>
                        <!--Optional:-->
                        <siri:SituationRef>
                           <!--Optional:-->
                           <siri:SituationSimpleRef>?</siri:SituationSimpleRef>
                           <!--Optional:-->
                           <siri:SituationFullRef>
                              <!--Optional:-->
                              <siri:VersionCountryRef>?</siri:VersionCountryRef>
                              <siri:ParticipantRef>?</siri:ParticipantRef>
                              <siri:SituationNumber>?</siri:SituationNumber>
                              <!--Optional:-->
                              <siri:UpdateCountryRef>?</siri:UpdateCountryRef>
                              <!--Optional:-->
                              <siri:UpdateParticipantRef>?</siri:UpdateParticipantRef>
                              <!--Optional:-->
                              <siri:Version>?</siri:Version>
                           </siri:SituationFullRef>
                        </siri:SituationRef>
                        <!--Optional:-->
                        <siri:Remedy>
                           <!--Optional:-->
                           <siri:RemedyType>?</siri:RemedyType>
                           <!--Zero or more repetitions:-->
                           <siri:Description xml:lang="?">?</siri:Description>
                           <!--Optional:-->
                           <siri:Extensions>
                              <!--You may enter ANY elements at this point-->
                           </siri:Extensions>
                        </siri:Remedy>
                        <!--Optional:-->
                        <siri:MonitoringInfo>
                           <!--Optional:-->
                           <siri:MonitoringInterval>?</siri:MonitoringInterval>
                           <!--Optional:-->
                           <siri:MonitoringType>?</siri:MonitoringType>
                           <!--Optional:-->
                           <siri:MonitoringPeriod>
                              <!--Zero or more repetitions:-->
                              <siri:Period>
                                 <siri:StartTime>?</siri:StartTime>
                                 <!--Optional:-->
                                 <siri:EndTime>?</siri:EndTime>
                              </siri:Period>
                              <!--Zero or more repetitions:-->
                              <siri:Timeband>
                                 <siri:StartTime>?</siri:StartTime>
                                 <!--Optional:-->
                                 <siri:EndTime>?</siri:EndTime>
                              </siri:Timeband>
                              <!--Zero or more repetitions:-->
                              <siri:DayType>?</siri:DayType>
                              <!--Zero or more repetitions:-->
                              <siri:HolidayType>?</siri:HolidayType>
                           </siri:MonitoringPeriod>
                           <!--Optional:-->
                           <siri:Extensions>
                              <!--You may enter ANY elements at this point-->
                           </siri:Extensions>
                        </siri:MonitoringInfo>
                        <!--Optional:-->
                        <siri:ValidityPeriod>
                           <siri:StartTime>?</siri:StartTime>
                           <!--Optional:-->
                           <siri:EndTime>?</siri:EndTime>
                        </siri:ValidityPeriod>
                        <!--Optional:-->
                        <siri:Extensions>
                           <!--You may enter ANY elements at this point-->
                        </siri:Extensions>
                     </siri:FacilityConditionElement>
                     <!--Optional:-->
                     <siri:FacilityChangeElement>
                        <!--Optional:-->
                        <siri:EquipmentAvailability>
                           <!--Optional:-->
                           <siri:EquipmentRef>?</siri:EquipmentRef>
                           <!--Zero or more repetitions:-->
                           <siri:Description xml:lang="?">?</siri:Description>
                           <!--Optional:-->
                           <siri:EquipmentTypeRef>?</siri:EquipmentTypeRef>
                           <!--Optional:-->
                           <siri:ValidityPeriod>
                              <siri:StartTime>?</siri:StartTime>
                              <!--Optional:-->
                              <siri:EndTime>?</siri:EndTime>
                           </siri:ValidityPeriod>
                           <siri:EquipmentStatus>notAvailable</siri:EquipmentStatus>
                           <!--Optional:-->
                           <siri:EquipmentFeatures>
                              <!--1 or more repetitions:-->
                              <siri:FeatureRef>?</siri:FeatureRef>
                           </siri:EquipmentFeatures>
                           <!--Optional:-->
                           <siri:Extensions>
                              <!--You may enter ANY elements at this point-->
                           </siri:Extensions>
                        </siri:EquipmentAvailability>
                        <!--Optional:-->
                        <siri:SituationRef>
                           <!--Optional:-->
                           <siri:SituationSimpleRef>?</siri:SituationSimpleRef>
                           <!--Optional:-->
                           <siri:SituationFullRef>
                              <!--Optional:-->
                              <siri:VersionCountryRef>?</siri:VersionCountryRef>
                              <siri:ParticipantRef>?</siri:ParticipantRef>
                              <siri:SituationNumber>?</siri:SituationNumber>
                              <!--Optional:-->
                              <siri:UpdateCountryRef>?</siri:UpdateCountryRef>
                              <!--Optional:-->
                              <siri:UpdateParticipantRef>?</siri:UpdateParticipantRef>
                              <!--Optional:-->
                              <siri:Version>?</siri:Version>
                           </siri:SituationFullRef>
                        </siri:SituationRef>
                        <!--Optional:-->
                        <siri:MobilityDisruption>
                           <siri:MobilityImpairedAccess>?</siri:MobilityImpairedAccess>
                           <!--Zero or more repetitions:-->
                           <siri:AccessFacility>unknown</siri:AccessFacility>
                        </siri:MobilityDisruption>
                     </siri:FacilityChangeElement>
                     <!--Zero or more repetitions:-->
                     <siri:SituationRef>
                        <!--Optional:-->
                        <siri:SituationSimpleRef>?</siri:SituationSimpleRef>
                        <!--Optional:-->
                        <siri:SituationFullRef>
                           <!--Optional:-->
                           <siri:VersionCountryRef>?</siri:VersionCountryRef>
                           <siri:ParticipantRef>?</siri:ParticipantRef>
                           <siri:SituationNumber>?</siri:SituationNumber>
                           <!--Optional:-->
                           <siri:UpdateCountryRef>?</siri:UpdateCountryRef>
                           <!--Optional:-->
                           <siri:UpdateParticipantRef>?</siri:UpdateParticipantRef>
                           <!--Optional:-->
                           <siri:Version>?</siri:Version>
                        </siri:SituationFullRef>
                     </siri:SituationRef>
                     <!--Optional:-->
                     <siri:Monitored>?</siri:Monitored>
                     <!--Optional:-->
                     <siri:MonitoringError>?</siri:MonitoringError>
                     <!--Optional:-->
                     <siri:InCongestion>?</siri:InCongestion>
                     <!--Optional:-->
                     <siri:InPanic>false</siri:InPanic>
                     <!--Optional:-->
                     <siri:PredictionInaccurate>?</siri:PredictionInaccurate>
                     <!--Optional:-->
                     <siri:DataSource>?</siri:DataSource>
                     <!--Optional:-->
                     <siri:ConfidenceLevel>reliable</siri:ConfidenceLevel>
                     <!--Optional:-->
                     <siri:VehicleLocation id="?" srsName="?">
                        <!--You have a CHOICE of the next 2 items at this level-->
                        <siri:Longitude>?</siri:Longitude>
                        <siri:Latitude>?</siri:Latitude>
                        <siri:Coordinates>?</siri:Coordinates>
                        <!--Optional:-->
                        <siri:Precision>?</siri:Precision>
                     </siri:VehicleLocation>
                     <!--Optional:-->
                     <siri:Bearing>?</siri:Bearing>
                     <!--Optional:-->
                     <siri:ProgressRate>?</siri:ProgressRate>
                     <!--Optional:-->
                     <siri:Velocity>?</siri:Velocity>
                     <!--Optional:-->
                     <siri:EngineOn>true</siri:EngineOn>
                     <!--Optional:-->
                     <siri:Occupancy>?</siri:Occupancy>
                     <!--Optional:-->
                     <siri:Delay>?</siri:Delay>
                     <!--Zero or more repetitions:-->
                     <siri:ProgressStatus xml:lang="?">?</siri:ProgressStatus>
                     <!--Optional:-->
                     <siri:VehicleStatus>?</siri:VehicleStatus>
                     <!--Zero or more repetitions:-->
                     <siri:TrainBlockPart>
                        <siri:NumberOfBlockParts>?</siri:NumberOfBlockParts>
                        <siri:TrainPartRef>?</siri:TrainPartRef>
                        <!--Zero or more repetitions:-->
                        <siri:PositionOfTrainBlockPart xml:lang="?">?</siri:PositionOfTrainBlockPart>
                     </siri:TrainBlockPart>
                     <!--Optional:-->
                     <siri:BlockRef>?</siri:BlockRef>
                     <!--Optional:-->
                     <siri:CourseOfJourneyRef>?</siri:CourseOfJourneyRef>
                     <!--Optional:-->
                     <siri:VehicleJourneyRef>?</siri:VehicleJourneyRef>
                     <!--Optional:-->
                     <siri:VehicleRef>?</siri:VehicleRef>
                     <!--Zero or more repetitions:-->
                     <siri:AdditionalVehicleJourneyRef>
                        <siri:DataFrameRef>?</siri:DataFrameRef>
                        <siri:DatedVehicleJourneyRef>?</siri:DatedVehicleJourneyRef>
                     </siri:AdditionalVehicleJourneyRef>
                     <!--Optional:-->
                     <siri:DriverRef>?</siri:DriverRef>
                     <!--Optional:-->
                     <siri:DriverName>?</siri:DriverName>
                     <!--Optional:-->
                     <siri:TrainNumbers>
                        <!--1 or more repetitions:-->
                        <siri:TrainNumberRef>?</siri:TrainNumberRef>
                     </siri:TrainNumbers>
                     <!--Optional:-->
                     <siri:JourneyParts>
                        <!--1 or more repetitions:-->
                        <siri:JourneyPartInfo>
                           <siri:JourneyPartRef>?</siri:JourneyPartRef>
                           <!--Optional:-->
                           <siri:TrainNumberRef>?</siri:TrainNumberRef>
                           <!--Optional:-->
                           <siri:OperatorRef>?</siri:OperatorRef>
                        </siri:JourneyPartInfo>
                     </siri:JourneyParts>
                     <!--Optional:-->
                     <siri:PreviousCalls>
                        <!--1 or more repetitions:-->
                        <siri:PreviousCall>
                           <!--Optional:-->
                           <siri:StopPointRef>?</siri:StopPointRef>
                           <!--Optional:-->
                           <siri:VisitNumber>?</siri:VisitNumber>
                           <!--Optional:-->
                           <siri:Order>?</siri:Order>
                           <!--Zero or more repetitions:-->
                           <siri:StopPointName xml:lang="?">?</siri:StopPointName>
                           <!--Optional:-->
                           <siri:VehicleAtStop>false</siri:VehicleAtStop>
                           <!--Optional:-->
                           <siri:AimedArrivalTime>?</siri:AimedArrivalTime>
                           <!--You have a CHOICE of the next 2 items at this level-->
                           <!--Optional:-->
                           <siri:ActualArrivalTime>?</siri:ActualArrivalTime>
                           <!--Optional:-->
                           <siri:ExpectedArrivalTime>?</siri:ExpectedArrivalTime>
                           <!--Optional:-->
                           <siri:AimedDepartureTime>?</siri:AimedDepartureTime>
                           <!--You have a CHOICE of the next 2 items at this level-->
                           <!--Optional:-->
                           <siri:ActualDepartureTime>?</siri:ActualDepartureTime>
                           <!--Optional:-->
                           <siri:ExpectedDepartureTime>?</siri:ExpectedDepartureTime>
                           <!--Optional:-->
                           <siri:Extensions>
                              <!--You may enter ANY elements at this point-->
                           </siri:Extensions>
                        </siri:PreviousCall>
                     </siri:PreviousCalls>
                     <!--Optional:-->
                     <siri:MonitoredCall>
                        <!--Optional:-->
                        <siri:StopPointRef>?</siri:StopPointRef>
                        <!--Optional:-->
                        <siri:VisitNumber>?</siri:VisitNumber>
                        <!--Optional:-->
                        <siri:Order>?</siri:Order>
                        <!--Zero or more repetitions:-->
                        <siri:StopPointName xml:lang="?">?</siri:StopPointName>
                        <!--Optional:-->
                        <siri:VehicleAtStop>false</siri:VehicleAtStop>
                        <!--Optional:-->
                        <siri:VehicleLocationAtStop id="?" srsName="?">
                           <!--You have a CHOICE of the next 2 items at this level-->
                           <siri:Longitude>?</siri:Longitude>
                           <siri:Latitude>?</siri:Latitude>
                           <siri:Coordinates>?</siri:Coordinates>
                           <!--Optional:-->
                           <siri:Precision>?</siri:Precision>
                        </siri:VehicleLocationAtStop>
                        <!--Optional:-->
                        <siri:ReversesAtStop>false</siri:ReversesAtStop>
                        <!--Optional:-->
                        <siri:PlatformTraversal>false</siri:PlatformTraversal>
                        <!--Optional:-->
                        <siri:SignalStatus>?</siri:SignalStatus>
                        <!--Optional:-->
                        <siri:TimingPoint>true</siri:TimingPoint>
                        <!--Optional:-->
                        <siri:BoardingStretch>false</siri:BoardingStretch>
                        <!--Optional:-->
                        <siri:RequestStop>false</siri:RequestStop>
                        <!--Zero or more repetitions:-->
                        <siri:DestinationDisplay xml:lang="?">?</siri:DestinationDisplay>
                        <!--Zero or more repetitions:-->
                        <siri:CallNote xml:lang="?">?</siri:CallNote>
                        <!--Zero or more repetitions:-->
                        <siri:FacilityConditionElement>
                           <!--You have a CHOICE of the next 2 items at this level-->
                           <siri:Facility>
                              <!--Optional:-->
                              <siri:FacilityCode>?</siri:FacilityCode>
                              <!--Zero or more repetitions:-->
                              <siri:Description xml:lang="?">?</siri:Description>
                              <!--Zero or more repetitions:-->
                              <siri:FacilityClass>?</siri:FacilityClass>
                              <!--Optional:-->
                              <siri:Features>
                                 <!--1 or more repetitions:-->
                                 <siri:Feature>
                                    <!--You have a CHOICE of the next 16 items at this level-->
                                    <siri:AccessFacility>unknown</siri:AccessFacility>
                                    <siri:AccommodationFacility>unknown</siri:AccommodationFacility>
                                    <siri:AssistanceFacility>unknown</siri:AssistanceFacility>
                                    <siri:FareClassFacility>unknown</siri:FareClassFacility>
                                    <siri:HireFacility>unknown</siri:HireFacility>
                                    <siri:LuggageFacility>unknown</siri:LuggageFacility>
                                    <siri:MobilityFacility>unknown</siri:MobilityFacility>
                                    <siri:NuisanceFacility>unknown</siri:NuisanceFacility>
                                    <siri:ParkingFacility>?</siri:ParkingFacility>
                                    <siri:PassengerCommsFacility>unknown</siri:PassengerCommsFacility>
                                    <siri:PassengerInformationFacility>unknown</siri:PassengerInformationFacility>
                                    <siri:RefreshmentFacility>unknown</siri:RefreshmentFacility>
                                    <siri:ReservedSpaceFacility>unknown</siri:ReservedSpaceFacility>
                                    <siri:RetailFacility>unknown</siri:RetailFacility>
                                    <siri:SanitaryFacility>unknown</siri:SanitaryFacility>
                                    <siri:TicketingFacility>unknown</siri:TicketingFacility>
                                 </siri:Feature>
                              </siri:Features>
                              <!--Optional:-->
                              <siri:OwnerRef>?</siri:OwnerRef>
                              <!--Optional:-->
                              <siri:OwnerName xml:lang="?">?</siri:OwnerName>
                              <!--Optional:-->
                              <siri:ValidityCondition>
                                 <!--Zero or more repetitions:-->
                                 <siri:Period>
                                    <siri:StartTime>?</siri:StartTime>
                                    <!--Optional:-->
                                    <siri:EndTime>?</siri:EndTime>
                                 </siri:Period>
                                 <!--Zero or more repetitions:-->
                                 <siri:Timeband>
                                    <siri:StartTime>?</siri:StartTime>
                                    <!--Optional:-->
                                    <siri:EndTime>?</siri:EndTime>
                                 </siri:Timeband>
                                 <!--Zero or more repetitions:-->
                                 <siri:DayType>?</siri:DayType>
                                 <!--Zero or more repetitions:-->
                                 <siri:HolidayType>?</siri:HolidayType>
                              </siri:ValidityCondition>
                              <!--Optional:-->
                              <siri:FacilityLocation>
                                 <!--Optional:-->
                                 <siri:LineRef>?</siri:LineRef>
                                 <!--Optional:-->
                                 <siri:StopPointRef>?</siri:StopPointRef>
                                 <!--Optional:-->
                                 <siri:VehicleRef>?</siri:VehicleRef>
                                 <!--Optional:-->
                                 <siri:DatedVehicleJourneyRef>?</siri:DatedVehicleJourneyRef>
                                 <!--Optional:-->
                                 <siri:ConnectionLinkRef>?</siri:ConnectionLinkRef>
                                 <!--Optional:-->
                                 <siri:InterchangeRef>?</siri:InterchangeRef>
                                 <!--Optional:-->
                                 <siri:StopPlaceRef>?</siri:StopPlaceRef>
                                 <!--Optional:-->
                                 <siri:StopPlaceComponentId>?</siri:StopPlaceComponentId>
                                 <!--Optional:-->
                                 <siri:OperatorRef>?</siri:OperatorRef>
                                 <!--Optional:-->
                                 <siri:ProductCategoryRef>?</siri:ProductCategoryRef>
                                 <!--Zero or more repetitions:-->
                                 <siri:ServiceFeatureRef>?</siri:ServiceFeatureRef>
                                 <!--Zero or more repetitions:-->
                                 <siri:VehicleFeatureRef>?</siri:VehicleFeatureRef>
                              </siri:FacilityLocation>
                              <!--Optional:-->
                              <siri:Limitations>
                                 <acsb:WheelchairAccess>false</acsb:WheelchairAccess>
                                 <!--Optional:-->
                                 <acsb:StepFreeAccess>unknown</acsb:StepFreeAccess>
                                 <!--Optional:-->
                                 <acsb:EscalatorFreeAccess>unknown</acsb:EscalatorFreeAccess>
                                 <!--Optional:-->
                                 <acsb:LiftFreeAccess>unknown</acsb:LiftFreeAccess>
                                 <!--Optional:-->
                                 <acsb:AudibleSignalsAvailable>false</acsb:AudibleSignalsAvailable>
                                 <!--Optional:-->
                                 <acsb:VisualSignsAvailable>unknown</acsb:VisualSignsAvailable>
                              </siri:Limitations>
                              <!--Optional:-->
                              <siri:Suitabilities>
                                 <!--1 or more repetitions:-->
                                 <siri:Suitability>
                                    <acsb:Suitable>?</acsb:Suitable>
                                    <acsb:UserNeed>
                                       <!--You have a CHOICE of the next 4 items at this level-->
                                       <acsb:MobilityNeed>?</acsb:MobilityNeed>
                                       <acsb:PsychosensoryNeed>?</acsb:PsychosensoryNeed>
                                       <acsb:MedicalNeed>?</acsb:MedicalNeed>
                                       <acsb:EncumbranceNeed>?</acsb:EncumbranceNeed>
                                       <!--Optional:-->
                                       <acsb:Excluded>?</acsb:Excluded>
                                       <!--Optional:-->
                                       <acsb:NeedRanking>?</acsb:NeedRanking>
                                       <!--Optional:-->
                                       <acsb:Extensions>?</acsb:Extensions>
                                    </acsb:UserNeed>
                                 </siri:Suitability>
                              </siri:Suitabilities>
                              <!--Optional:-->
                              <siri:AccessibilityAssessment>
                                 <acsb:MobilityImpairedAccess>?</acsb:MobilityImpairedAccess>
                                 <!--Optional:-->
                                 <acsb:Limitations>
                                    <!--1 or more repetitions:-->
                                    <acsb:AccessibilityLimitation>
                                       <!--Optional:-->
                                       <acsb:LimitationId>?</acsb:LimitationId>
                                       <!--Optional:-->
                                       <acsb:ValidityCondition>
                                          <!--Optional:-->
                                          <ifop:FromDateTime>?</ifop:FromDateTime>
                                          <!--Optional:-->
                                          <ifop:ToDateTime>?</ifop:ToDateTime>
                                          <!--Optional:-->
                                          <ifop:DayType>?</ifop:DayType>
                                          <!--Zero or more repetitions:-->
                                          <ifop:Timebands>
                                             <ifop:Timeband>
                                                <ifop:StartTime>?</ifop:StartTime>
                                                <!--Optional:-->
                                                <ifop:EndTime>?</ifop:EndTime>
                                             </ifop:Timeband>
                                          </ifop:Timebands>
                                       </acsb:ValidityCondition>
                                       <acsb:WheelchairAccess>false</acsb:WheelchairAccess>
                                       <!--Optional:-->
                                       <acsb:StepFreeAccess>unknown</acsb:StepFreeAccess>
                                       <!--Optional:-->
                                       <acsb:EscalatorFreeAccess>unknown</acsb:EscalatorFreeAccess>
                                       <!--Optional:-->
                                       <acsb:LiftFreeAccess>unknown</acsb:LiftFreeAccess>
                                       <!--Optional:-->
                                       <acsb:AudibleSignalsAvailable>false</acsb:AudibleSignalsAvailable>
                                       <!--Optional:-->
                                       <acsb:VisualSignsAvailable>unknown</acsb:VisualSignsAvailable>
                                       <!--Optional:-->
                                       <ifop:Extensions>
                                          temperat
                                          <!--You may enter ANY elements at this point-->
                                          per
                                       </ifop:Extensions>
                                    </acsb:AccessibilityLimitation>
                                 </acsb:Limitations>
                                 <!--Optional:-->
                                 <acsb:Suitabilities>
                                    <!--1 or more repetitions:-->
                                    <acsb:Suitability>
                                       <acsb:Suitable>?</acsb:Suitable>
                                       <acsb:UserNeed>
                                          <!--You have a CHOICE of the next 4 items at this level-->
                                          <acsb:MobilityNeed>?</acsb:MobilityNeed>
                                          <acsb:PsychosensoryNeed>?</acsb:PsychosensoryNeed>
                                          <acsb:MedicalNeed>?</acsb:MedicalNeed>
                                          <acsb:EncumbranceNeed>?</acsb:EncumbranceNeed>
                                          <!--Optional:-->
                                          <acsb:Excluded>?</acsb:Excluded>
                                          <!--Optional:-->
                                          <acsb:NeedRanking>?</acsb:NeedRanking>
                                          <!--Optional:-->
                                          <acsb:Extensions>?</acsb:Extensions>
                                       </acsb:UserNeed>
                                    </acsb:Suitability>
                                 </acsb:Suitabilities>
                                 <!--Optional:-->
                                 <ifop:Extensions>
                                    turbine
                                    <!--You may enter ANY elements at this point-->
                                    circum
                                 </ifop:Extensions>
                              </siri:AccessibilityAssessment>
                              <!--Optional:-->
                              <siri:Extensions>
                                 <!--You may enter ANY elements at this point-->
                              </siri:Extensions>
                           </siri:Facility>
                           <siri:FacilityRef>?</siri:FacilityRef>
                           <siri:FacilityStatus>
                              <siri:Status>?</siri:Status>
                              <!--Zero or more repetitions:-->
                              <siri:Description xml:lang="?">?</siri:Description>
                              <!--Optional:-->
                              <siri:AccessibilityAssessment>
                                 <acsb:MobilityImpairedAccess>?</acsb:MobilityImpairedAccess>
                                 <!--Optional:-->
                                 <acsb:Limitations>
                                    <!--1 or more repetitions:-->
                                    <acsb:AccessibilityLimitation>
                                       <!--Optional:-->
                                       <acsb:LimitationId>?</acsb:LimitationId>
                                       <!--Optional:-->
                                       <acsb:ValidityCondition>
                                          <!--Optional:-->
                                          <ifop:FromDateTime>?</ifop:FromDateTime>
                                          <!--Optional:-->
                                          <ifop:ToDateTime>?</ifop:ToDateTime>
                                          <!--Optional:-->
                                          <ifop:DayType>?</ifop:DayType>
                                          <!--Zero or more repetitions:-->
                                          <ifop:Timebands>
                                             <ifop:Timeband>
                                                <ifop:StartTime>?</ifop:StartTime>
                                                <!--Optional:-->
                                                <ifop:EndTime>?</ifop:EndTime>
                                             </ifop:Timeband>
                                          </ifop:Timebands>
                                       </acsb:ValidityCondition>
                                       <acsb:WheelchairAccess>false</acsb:WheelchairAccess>
                                       <!--Optional:-->
                                       <acsb:StepFreeAccess>unknown</acsb:StepFreeAccess>
                                       <!--Optional:-->
                                       <acsb:EscalatorFreeAccess>unknown</acsb:EscalatorFreeAccess>
                                       <!--Optional:-->
                                       <acsb:LiftFreeAccess>unknown</acsb:LiftFreeAccess>
                                       <!--Optional:-->
                                       <acsb:AudibleSignalsAvailable>false</acsb:AudibleSignalsAvailable>
                                       <!--Optional:-->
                                       <acsb:VisualSignsAvailable>unknown</acsb:VisualSignsAvailable>
                                       <!--Optional:-->
                                       <ifop:Extensions>
                                          regemque
                                          <!--You may enter ANY elements at this point-->
                                          nimborum
                                       </ifop:Extensions>
                                    </acsb:AccessibilityLimitation>
                                 </acsb:Limitations>
                                 <!--Optional:-->
                                 <acsb:Suitabilities>
                                    <!--1 or more repetitions:-->
                                    <acsb:Suitability>
                                       <acsb:Suitable>?</acsb:Suitable>
                                       <acsb:UserNeed>
                                          <!--You have a CHOICE of the next 4 items at this level-->
                                          <acsb:MobilityNeed>?</acsb:MobilityNeed>
                                          <acsb:PsychosensoryNeed>?</acsb:PsychosensoryNeed>
                                          <acsb:MedicalNeed>?</acsb:MedicalNeed>
                                          <acsb:EncumbranceNeed>?</acsb:EncumbranceNeed>
                                          <!--Optional:-->
                                          <acsb:Excluded>?</acsb:Excluded>
                                          <!--Optional:-->
                                          <acsb:NeedRanking>?</acsb:NeedRanking>
                                          <!--Optional:-->
                                          <acsb:Extensions>?</acsb:Extensions>
                                       </acsb:UserNeed>
                                    </acsb:Suitability>
                                 </acsb:Suitabilities>
                                 <!--Optional:-->
                                 <ifop:Extensions>
                                    fremunt
                                    <!--You may enter ANY elements at this point-->
                                    foedere
                                 </ifop:Extensions>
                              </siri:AccessibilityAssessment>
                              <!--Optional:-->
                              <siri:Extensions>
                                 <!--You may enter ANY elements at this point-->
                              </siri:Extensions>
                           </siri:FacilityStatus>
                           <!--Optional:-->
                           <siri:SituationRef>
                              <!--Optional:-->
                              <siri:SituationSimpleRef>?</siri:SituationSimpleRef>
                              <!--Optional:-->
                              <siri:SituationFullRef>
                                 <!--Optional:-->
                                 <siri:VersionCountryRef>?</siri:VersionCountryRef>
                                 <siri:ParticipantRef>?</siri:ParticipantRef>
                                 <siri:SituationNumber>?</siri:SituationNumber>
                                 <!--Optional:-->
                                 <siri:UpdateCountryRef>?</siri:UpdateCountryRef>
                                 <!--Optional:-->
                                 <siri:UpdateParticipantRef>?</siri:UpdateParticipantRef>
                                 <!--Optional:-->
                                 <siri:Version>?</siri:Version>
                              </siri:SituationFullRef>
                           </siri:SituationRef>
                           <!--Optional:-->
                           <siri:Remedy>
                              <!--Optional:-->
                              <siri:RemedyType>?</siri:RemedyType>
                              <!--Zero or more repetitions:-->
                              <siri:Description xml:lang="?">?</siri:Description>
                              <!--Optional:-->
                              <siri:Extensions>
                                 <!--You may enter ANY elements at this point-->
                              </siri:Extensions>
                           </siri:Remedy>
                           <!--Optional:-->
                           <siri:MonitoringInfo>
                              <!--Optional:-->
                              <siri:MonitoringInterval>?</siri:MonitoringInterval>
                              <!--Optional:-->
                              <siri:MonitoringType>?</siri:MonitoringType>
                              <!--Optional:-->
                              <siri:MonitoringPeriod>
                                 <!--Zero or more repetitions:-->
                                 <siri:Period>
                                    <siri:StartTime>?</siri:StartTime>
                                    <!--Optional:-->
                                    <siri:EndTime>?</siri:EndTime>
                                 </siri:Period>
                                 <!--Zero or more repetitions:-->
                                 <siri:Timeband>
                                    <siri:StartTime>?</siri:StartTime>
                                    <!--Optional:-->
                                    <siri:EndTime>?</siri:EndTime>
                                 </siri:Timeband>
                                 <!--Zero or more repetitions:-->
                                 <siri:DayType>?</siri:DayType>
                                 <!--Zero or more repetitions:-->
                                 <siri:HolidayType>?</siri:HolidayType>
                              </siri:MonitoringPeriod>
                              <!--Optional:-->
                              <siri:Extensions>
                                 <!--You may enter ANY elements at this point-->
                              </siri:Extensions>
                           </siri:MonitoringInfo>
                           <!--Optional:-->
                           <siri:ValidityPeriod>
                              <siri:StartTime>?</siri:StartTime>
                              <!--Optional:-->
                              <siri:EndTime>?</siri:EndTime>
                           </siri:ValidityPeriod>
                           <!--Optional:-->
                           <siri:Extensions>
                              <!--You may enter ANY elements at this point-->
                           </siri:Extensions>
                        </siri:FacilityConditionElement>
                        <!--Optional:-->
                        <siri:FacilityChangeElement>
                           <!--Optional:-->
                           <siri:EquipmentAvailability>
                              <!--Optional:-->
                              <siri:EquipmentRef>?</siri:EquipmentRef>
                              <!--Zero or more repetitions:-->
                              <siri:Description xml:lang="?">?</siri:Description>
                              <!--Optional:-->
                              <siri:EquipmentTypeRef>?</siri:EquipmentTypeRef>
                              <!--Optional:-->
                              <siri:ValidityPeriod>
                                 <siri:StartTime>?</siri:StartTime>
                                 <!--Optional:-->
                                 <siri:EndTime>?</siri:EndTime>
                              </siri:ValidityPeriod>
                              <siri:EquipmentStatus>notAvailable</siri:EquipmentStatus>
                              <!--Optional:-->
                              <siri:EquipmentFeatures>
                                 <!--1 or more repetitions:-->
                                 <siri:FeatureRef>?</siri:FeatureRef>
                              </siri:EquipmentFeatures>
                              <!--Optional:-->
                              <siri:Extensions>
                                 <!--You may enter ANY elements at this point-->
                              </siri:Extensions>
                           </siri:EquipmentAvailability>
                           <!--Optional:-->
                           <siri:SituationRef>
                              <!--Optional:-->
                              <siri:SituationSimpleRef>?</siri:SituationSimpleRef>
                              <!--Optional:-->
                              <siri:SituationFullRef>
                                 <!--Optional:-->
                                 <siri:VersionCountryRef>?</siri:VersionCountryRef>
                                 <siri:ParticipantRef>?</siri:ParticipantRef>
                                 <siri:SituationNumber>?</siri:SituationNumber>
                                 <!--Optional:-->
                                 <siri:UpdateCountryRef>?</siri:UpdateCountryRef>
                                 <!--Optional:-->
                                 <siri:UpdateParticipantRef>?</siri:UpdateParticipantRef>
                                 <!--Optional:-->
                                 <siri:Version>?</siri:Version>
                              </siri:SituationFullRef>
                           </siri:SituationRef>
                           <!--Optional:-->
                           <siri:MobilityDisruption>
                              <siri:MobilityImpairedAccess>?</siri:MobilityImpairedAccess>
                              <!--Zero or more repetitions:-->
                              <siri:AccessFacility>unknown</siri:AccessFacility>
                           </siri:MobilityDisruption>
                        </siri:FacilityChangeElement>
                        <!--Zero or more repetitions:-->
                        <siri:SituationRef>
                           <!--Optional:-->
                           <siri:SituationSimpleRef>?</siri:SituationSimpleRef>
                           <!--Optional:-->
                           <siri:SituationFullRef>
                              <!--Optional:-->
                              <siri:VersionCountryRef>?</siri:VersionCountryRef>
                              <siri:ParticipantRef>?</siri:ParticipantRef>
                              <siri:SituationNumber>?</siri:SituationNumber>
                              <!--Optional:-->
                              <siri:UpdateCountryRef>?</siri:UpdateCountryRef>
                              <!--Optional:-->
                              <siri:UpdateParticipantRef>?</siri:UpdateParticipantRef>
                              <!--Optional:-->
                              <siri:Version>?</siri:Version>
                           </siri:SituationFullRef>
                        </siri:SituationRef>
                        <!--Optional:-->
                        <siri:AimedArrivalTime>?</siri:AimedArrivalTime>
                        <!--You have a CHOICE of the next 2 items at this level-->
                        <!--Optional:-->
                        <siri:ActualArrivalTime>?</siri:ActualArrivalTime>
                        <!--Optional:-->
                        <siri:ExpectedArrivalTime>?</siri:ExpectedArrivalTime>
                        <!--Optional:-->
                        <siri:LatestExpectedArrivalTime>?</siri:LatestExpectedArrivalTime>
                        <!--Optional:-->
                        <siri:ArrivalStatus>?</siri:ArrivalStatus>
                        <!--Optional:-->
                        <siri:ArrivalProximityText xml:lang="?">?</siri:ArrivalProximityText>
                        <!--Optional:-->
                        <siri:ArrivalPlatformName xml:lang="?">?</siri:ArrivalPlatformName>
                        <!--Optional:-->
                        <siri:ArrivalBoardingActivity>alighting</siri:ArrivalBoardingActivity>
                        <!--Optional:-->
                        <siri:ArrivalStopAssignment>
                           <!--Optional:-->
                           <siri:AimedQuayRef>?</siri:AimedQuayRef>
                           <!--Zero or more repetitions:-->
                           <siri:AimedQuayName xml:lang="?">?</siri:AimedQuayName>
                           <!--Optional:-->
                           <siri:ExpectedQuayRef>?</siri:ExpectedQuayRef>
                           <!--Optional:-->
                           <siri:ActualQuayRef>?</siri:ActualQuayRef>
                        </siri:ArrivalStopAssignment>
                        <!--Zero or more repetitions:-->
                        <siri:ArrivalOperatorRefs>?</siri:ArrivalOperatorRefs>
                        <!--Optional:-->
                        <siri:AimedDepartureTime>?</siri:AimedDepartureTime>
                        <!--You have a CHOICE of the next 2 items at this level-->
                        <!--Optional:-->
                        <siri:ActualDepartureTime>?</siri:ActualDepartureTime>
                        <!--Optional:-->
                        <siri:ExpectedDepartureTime>?</siri:ExpectedDepartureTime>
                        <!--Optional:-->
                        <siri:ProvisionalExpectedDepartureTime>?</siri:ProvisionalExpectedDepartureTime>
                        <!--Optional:-->
                        <siri:EarliestExpectedDepartureTime>?</siri:EarliestExpectedDepartureTime>
                        <!--Optional:-->
                        <siri:ExpectedDeparturePredictionQuality>
                           <siri:PredictionLevel>?</siri:PredictionLevel>
                           <!--Optional:-->
                           <siri:Percentile>0.9</siri:Percentile>
                           <!--Optional:-->
                           <siri:LowerTimeLimit>?</siri:LowerTimeLimit>
                           <!--Optional:-->
                           <siri:HigherTimeLimit>?</siri:HigherTimeLimit>
                        </siri:ExpectedDeparturePredictionQuality>
                        <!--Optional:-->
                        <siri:AimedLatestPassengerAccessTime>?</siri:AimedLatestPassengerAccessTime>
                        <!--Optional:-->
                        <siri:ExpectedLatestPassengerAccessTime>?</siri:ExpectedLatestPassengerAccessTime>
                        <!--Optional:-->
                        <siri:DepartureStatus>?</siri:DepartureStatus>
                        <!--Optional:-->
                        <siri:DepartureProximityText xml:lang="?">?</siri:DepartureProximityText>
                        <!--Optional:-->
                        <siri:DeparturePlatformName xml:lang="?">?</siri:DeparturePlatformName>
                        <!--Optional:-->
                        <siri:DepartureBoardingActivity>boarding</siri:DepartureBoardingActivity>
                        <!--Optional:-->
                        <siri:DepartureStopAssignment>
                           <!--Optional:-->
                           <siri:AimedQuayRef>?</siri:AimedQuayRef>
                           <!--Zero or more repetitions:-->
                           <siri:AimedQuayName xml:lang="?">?</siri:AimedQuayName>
                           <!--Optional:-->
                           <siri:ExpectedQuayRef>?</siri:ExpectedQuayRef>
                           <!--Optional:-->
                           <siri:ActualQuayRef>?</siri:ActualQuayRef>
                        </siri:DepartureStopAssignment>
                        <!--Zero or more repetitions:-->
                        <siri:DepartureOperatorRefs>?</siri:DepartureOperatorRefs>
                        <!--Optional:-->
                        <siri:AimedHeadwayInterval>?</siri:AimedHeadwayInterval>
                        <!--Optional:-->
                        <siri:ExpectedHeadwayInterval>?</siri:ExpectedHeadwayInterval>
                        <!--Optional:-->
                        <siri:DistanceFromStop>?</siri:DistanceFromStop>
                        <!--Optional:-->
                        <siri:NumberOfStopsAway>?</siri:NumberOfStopsAway>
                        <!--Optional:-->
                        <siri:Extensions>
                           <!--You may enter ANY elements at this point-->
                        </siri:Extensions>
                     </siri:MonitoredCall>
                     <!--Optional:-->
                     <siri:OnwardCalls>
                        <!--1 or more repetitions:-->
                        <siri:OnwardCall>
                           <!--Optional:-->
                           <siri:StopPointRef>?</siri:StopPointRef>
                           <!--Optional:-->
                           <siri:VisitNumber>?</siri:VisitNumber>
                           <!--Optional:-->
                           <siri:Order>?</siri:Order>
                           <!--Zero or more repetitions:-->
                           <siri:StopPointName xml:lang="?">?</siri:StopPointName>
                           <!--Optional:-->
                           <siri:VehicleAtStop>false</siri:VehicleAtStop>
                           <!--Optional:-->
                           <siri:TimingPoint>true</siri:TimingPoint>
                           <!--Optional:-->
                           <siri:AimedArrivalTime>?</siri:AimedArrivalTime>
                           <!--Optional:-->
                           <siri:ExpectedArrivalTime>?</siri:ExpectedArrivalTime>
                           <!--Optional:-->
                           <siri:ExpectedArrivalPredictionQuality>
                              <siri:PredictionLevel>?</siri:PredictionLevel>
                              <!--Optional:-->
                              <siri:Percentile>0.9</siri:Percentile>
                              <!--Optional:-->
                              <siri:LowerTimeLimit>?</siri:LowerTimeLimit>
                              <!--Optional:-->
                              <siri:HigherTimeLimit>?</siri:HigherTimeLimit>
                           </siri:ExpectedArrivalPredictionQuality>
                           <!--Optional:-->
                           <siri:ArrivalStatus>?</siri:ArrivalStatus>
                           <!--Optional:-->
                           <siri:ArrivalProximityText xml:lang="?">?</siri:ArrivalProximityText>
                           <!--Optional:-->
                           <siri:ArrivalPlatformName xml:lang="?">?</siri:ArrivalPlatformName>
                           <!--Optional:-->
                           <siri:ArrivalBoardingActivity>alighting</siri:ArrivalBoardingActivity>
                           <!--Optional:-->
                           <siri:ArrivalStopAssignment>
                              <!--Optional:-->
                              <siri:AimedQuayRef>?</siri:AimedQuayRef>
                              <!--Zero or more repetitions:-->
                              <siri:AimedQuayName xml:lang="?">?</siri:AimedQuayName>
                              <!--Optional:-->
                              <siri:ExpectedQuayRef>?</siri:ExpectedQuayRef>
                              <!--Optional:-->
                              <siri:ActualQuayRef>?</siri:ActualQuayRef>
                           </siri:ArrivalStopAssignment>
                           <!--Zero or more repetitions:-->
                           <siri:ArrivalOperatorRefs>?</siri:ArrivalOperatorRefs>
                           <!--Optional:-->
                           <siri:AimedDepartureTime>?</siri:AimedDepartureTime>
                           <!--Optional:-->
                           <siri:ExpectedDepartureTime>?</siri:ExpectedDepartureTime>
                           <!--Optional:-->
                           <siri:ProvisionalExpectedDepartureTime>?</siri:ProvisionalExpectedDepartureTime>
                           <!--Optional:-->
                           <siri:EarliestExpectedDepartureTime>?</siri:EarliestExpectedDepartureTime>
                           <!--Optional:-->
                           <siri:ExpectedDeparturePredictionQuality>
                              <siri:PredictionLevel>?</siri:PredictionLevel>
                              <!--Optional:-->
                              <siri:Percentile>0.9</siri:Percentile>
                              <!--Optional:-->
                              <siri:LowerTimeLimit>?</siri:LowerTimeLimit>
                              <!--Optional:-->
                              <siri:HigherTimeLimit>?</siri:HigherTimeLimit>
                           </siri:ExpectedDeparturePredictionQuality>
                           <!--Optional:-->
                           <siri:AimedLatestPassengerAccessTime>?</siri:AimedLatestPassengerAccessTime>
                           <!--Optional:-->
                           <siri:ExpectedLatestPassengerAccessTime>?</siri:ExpectedLatestPassengerAccessTime>
                           <!--Optional:-->
                           <siri:DepartureStatus>?</siri:DepartureStatus>
                           <!--Optional:-->
                           <siri:DepartureProximityText xml:lang="?">?</siri:DepartureProximityText>
                           <!--Optional:-->
                           <siri:DeparturePlatformName xml:lang="?">?</siri:DeparturePlatformName>
                           <!--Optional:-->
                           <siri:DepartureBoardingActivity>boarding</siri:DepartureBoardingActivity>
                           <!--Optional:-->
                           <siri:DepartureStopAssignment>
                              <!--Optional:-->
                              <siri:AimedQuayRef>?</siri:AimedQuayRef>
                              <!--Zero or more repetitions:-->
                              <siri:AimedQuayName xml:lang="?">?</siri:AimedQuayName>
                              <!--Optional:-->
                              <siri:ExpectedQuayRef>?</siri:ExpectedQuayRef>
                              <!--Optional:-->
                              <siri:ActualQuayRef>?</siri:ActualQuayRef>
                           </siri:DepartureStopAssignment>
                           <!--Zero or more repetitions:-->
                           <siri:DepartureOperatorRefs>?</siri:DepartureOperatorRefs>
                           <!--Optional:-->
                           <siri:AimedHeadwayInterval>?</siri:AimedHeadwayInterval>
                           <!--Optional:-->
                           <siri:ExpectedHeadwayInterval>?</siri:ExpectedHeadwayInterval>
                           <!--Optional:-->
                           <siri:DistanceFromStop>?</siri:DistanceFromStop>
                           <!--Optional:-->
                           <siri:NumberOfStopsAway>?</siri:NumberOfStopsAway>
                           <!--Optional:-->
                           <siri:Extensions>
                              <!--You may enter ANY elements at this point-->
                           </siri:Extensions>
                        </siri:OnwardCall>
                     </siri:OnwardCalls>
                     <!--Optional:-->
                     <siri:IsCompleteStopSequence>false</siri:IsCompleteStopSequence>
                  </siri:MonitoredVehicleJourney>
                  <!--Zero or more repetitions:-->
                  <siri:StopVisitNote xml:lang="?">?</siri:StopVisitNote>
                  <!--Optional:-->
                  <siri:StopFacility>?</siri:StopFacility>
                  <!--Optional:-->
                  <siri:Extensions>
                     <!--You may enter ANY elements at this point-->
                  </siri:Extensions>
               </siri:MonitoredStopVisit>
               <!--Zero or more repetitions:-->
               <siri:MonitoredStopVisitCancellation>
                  <siri:RecordedAtTime>?</siri:RecordedAtTime>
                  <!--Optional:-->
                  <siri:ItemRef>?</siri:ItemRef>
                  <siri:MonitoringRef>?</siri:MonitoringRef>
                  <!--Optional:-->
                  <siri:VisitNumber>?</siri:VisitNumber>
                  <siri:LineRef>?</siri:LineRef>
                  <siri:DirectionRef>?</siri:DirectionRef>
                  <!--Optional:-->
                  <siri:VehicleJourneyRef>
                     <siri:DataFrameRef>?</siri:DataFrameRef>
                     <siri:DatedVehicleJourneyRef>?</siri:DatedVehicleJourneyRef>
                  </siri:VehicleJourneyRef>
                  <!--Optional:-->
                  <siri:ClearDownRef>?</siri:ClearDownRef>
                  <!--Optional:-->
                  <siri:JourneyPatternRef>?</siri:JourneyPatternRef>
                  <!--Optional:-->
                  <siri:JourneyPatternName xml:lang="?">?</siri:JourneyPatternName>
                  <!--Zero or more repetitions:-->
                  <siri:VehicleMode>?</siri:VehicleMode>
                  <!--Optional:-->
                  <siri:RouteRef>?</siri:RouteRef>
                  <!--Zero or more repetitions:-->
                  <siri:PublishedLineName xml:lang="?">?</siri:PublishedLineName>
                  <!--Optional:-->
                  <siri:GroupOfLinesRef>?</siri:GroupOfLinesRef>
                  <!--Zero or more repetitions:-->
                  <siri:DirectionName xml:lang="?">?</siri:DirectionName>
                  <!--Optional:-->
                  <siri:ExternalLineRef>?</siri:ExternalLineRef>
                  <!--Zero or more repetitions:-->
                  <siri:Reason xml:lang="?">?</siri:Reason>
                  <!--Optional:-->
                  <siri:Extensions>
                     <!--You may enter ANY elements at this point-->
                  </siri:Extensions>
               </siri:MonitoredStopVisitCancellation>
               <!--Zero or more repetitions:-->
               <siri:StopLineNotice>
                  <siri:RecordedAtTime>?</siri:RecordedAtTime>
                  <!--Optional:-->
                  <siri:ItemIdentifier>?</siri:ItemIdentifier>
                  <siri:MonitoringRef>?</siri:MonitoringRef>
                  <siri:LineRef>?</siri:LineRef>
                  <siri:DirectionRef>?</siri:DirectionRef>
                  <!--Zero or more repetitions:-->
                  <siri:PublishedLineName xml:lang="?">?</siri:PublishedLineName>
                  <!--Zero or more repetitions:-->
                  <siri:LineNote xml:lang="?">?</siri:LineNote>
                  <!--Zero or more repetitions:-->
                  <siri:DeliveryVariant>
                     <!--Optional:-->
                     <siri:VariantType>?</siri:VariantType>
                     <siri:Content xml:lang="?">?</siri:Content>
                  </siri:DeliveryVariant>
                  <!--Zero or more repetitions:-->
                  <siri:SituationRef>
                     <!--Optional:-->
                     <siri:SituationSimpleRef>?</siri:SituationSimpleRef>
                     <!--Optional:-->
                     <siri:SituationFullRef>
                        <!--Optional:-->
                        <siri:VersionCountryRef>?</siri:VersionCountryRef>
                        <siri:ParticipantRef>?</siri:ParticipantRef>
                        <siri:SituationNumber>?</siri:SituationNumber>
                        <!--Optional:-->
                        <siri:UpdateCountryRef>?</siri:UpdateCountryRef>
                        <!--Optional:-->
                        <siri:UpdateParticipantRef>?</siri:UpdateParticipantRef>
                        <!--Optional:-->
                        <siri:Version>?</siri:Version>
                     </siri:SituationFullRef>
                  </siri:SituationRef>
                  <!--Optional:-->
                  <siri:Extensions>
                     <!--You may enter ANY elements at this point-->
                  </siri:Extensions>
               </siri:StopLineNotice>
               <!--Zero or more repetitions:-->
               <siri:StopLineNoticeCancellation>
                  <siri:RecordedAtTime>?</siri:RecordedAtTime>
                  <!--Optional:-->
                  <siri:ItemRef>?</siri:ItemRef>
                  <siri:MonitoringRef>?</siri:MonitoringRef>
                  <siri:LineRef>?</siri:LineRef>
                  <siri:DirectionRef>?</siri:DirectionRef>
                  <!--Optional:-->
                  <siri:Extensions>
                     <!--You may enter ANY elements at this point-->
                  </siri:Extensions>
               </siri:StopLineNoticeCancellation>
               <!--Zero or more repetitions:-->
               <siri:StopNotice>
                  <siri:RecordedAtTime>?</siri:RecordedAtTime>
                  <siri:ItemIdentifier>?</siri:ItemIdentifier>
                  <siri:MonitoringRef>?</siri:MonitoringRef>
                  <!--Optional:-->
                  <siri:StopPointRef>?</siri:StopPointRef>
                  <!--Zero or more repetitions:-->
                  <siri:SituationRef>
                     <!--Optional:-->
                     <siri:SituationSimpleRef>?</siri:SituationSimpleRef>
                     <!--Optional:-->
                     <siri:SituationFullRef>
                        <!--Optional:-->
                        <siri:VersionCountryRef>?</siri:VersionCountryRef>
                        <siri:ParticipantRef>?</siri:ParticipantRef>
                        <siri:SituationNumber>?</siri:SituationNumber>
                        <!--Optional:-->
                        <siri:UpdateCountryRef>?</siri:UpdateCountryRef>
                        <!--Optional:-->
                        <siri:UpdateParticipantRef>?</siri:UpdateParticipantRef>
                        <!--Optional:-->
                        <siri:Version>?</siri:Version>
                     </siri:SituationFullRef>
                  </siri:SituationRef>
                  <!--Optional:-->
                  <siri:Extensions>
                     <!--You may enter ANY elements at this point-->
                  </siri:Extensions>
               </siri:StopNotice>
               <!--Zero or more repetitions:-->
               <siri:StopNoticeCancellation>
                  <siri:RecordedAtTime>?</siri:RecordedAtTime>
                  <siri:ItemRef>?</siri:ItemRef>
                  <siri:MonitoringRef>?</siri:MonitoringRef>
                  <!--Optional:-->
                  <siri:StopPointRef>?</siri:StopPointRef>
                  <!--Optional:-->
                  <siri:AppliesFromTime>?</siri:AppliesFromTime>
                  <!--Optional:-->
                  <siri:Extensions>
                     <!--You may enter ANY elements at this point-->
                  </siri:Extensions>
               </siri:StopNoticeCancellation>
               <!--Zero or more repetitions:-->
               <siri:ServiceException>
                  <siri:RecordedAtTime>?</siri:RecordedAtTime>
                  <!--Optional:-->
                  <siri:LineRef>?</siri:LineRef>
                  <!--Optional:-->
                  <siri:DirectionRef>?</siri:DirectionRef>
                  <!--Optional:-->
                  <siri:StopPointRef>?</siri:StopPointRef>
                  <!--Optional:-->
                  <siri:ServiceStatus>?</siri:ServiceStatus>
                  <!--Zero or more repetitions:-->
                  <siri:Notice xml:lang="?">?</siri:Notice>
                  <!--Optional:-->
                  <siri:SituationRef>?</siri:SituationRef>
               </siri:ServiceException>
               <!--Zero or more repetitions:-->
               <siri:Note xml:lang="?">?</siri:Note>
               <!--Optional:-->
               <siri:Extensions>
                  <!--You may enter ANY elements at this point-->
               </siri:Extensions>
            </siri:StopMonitoringDelivery>
         </Notification>
         <NotifyExtension>
            <!--You may enter ANY elements at this point-->
         </NotifyExtension>
      </wsdl:NotifyStopMonitoring>
   </soapenv:Body>
</soapenv:Envelope>]]></con:request><con:wsaConfig mustUnderstand="NONE" version="200508" action="GetStopMonitoring"/></con:call></con:operation><con:operation isOneWay="false" action="GetStopTimetable" name="NotifyStopTimetable" bindingOperationName="NotifyStopTimetable" type="One-Way" inputName="" sendsAttachments="false" anonymous="optional"><con:settings/><con:call name="Request 1"><con:settings/><con:encoding>UTF-8</con:encoding><con:endpoint>http://www.siri-service-location.com</con:endpoint><con:request><![CDATA[<soapenv:Envelope xmlns:soapenv="http://schemas.xmlsoap.org/soap/envelope/" xmlns:wsdl="http://wsdl.siri.org.uk" xmlns:siri="http://www.siri.org.uk/siri">
   <soapenv:Header/>
   <soapenv:Body>
      <wsdl:NotifyStopTimetable>
         <ServiceDeliveryInfo>
            <siri:ResponseTimestamp>?</siri:ResponseTimestamp>
            <!--Optional:-->
            <siri:ProducerRef>?</siri:ProducerRef>
            <!--Optional:-->
            <siri:Address>?</siri:Address>
            <!--Optional:-->
            <siri:ResponseMessageIdentifier>?</siri:ResponseMessageIdentifier>
            <!--Optional:-->
            <siri:RequestMessageRef>?</siri:RequestMessageRef>
         </ServiceDeliveryInfo>
         <Notification>
            <siri:StopTimetableDelivery version="2.0">
               <siri:ResponseTimestamp>?</siri:ResponseTimestamp>
               <!--You have a CHOICE of the next 2 items at this level-->
               <!--Optional:-->
               <siri:RequestMessageRef>?</siri:RequestMessageRef>
               <!--Optional:-->
               <siri:SubscriberRef>?</siri:SubscriberRef>
               <!--Optional:-->
               <siri:SubscriptionFilterRef>?</siri:SubscriptionFilterRef>
               <siri:SubscriptionRef>?</siri:SubscriptionRef>
               <!--Optional:-->
               <siri:DelegatorAddress>?</siri:DelegatorAddress>
               <!--Optional:-->
               <siri:DelegatorRef>?</siri:DelegatorRef>
               <!--Optional:-->
               <siri:Status>true</siri:Status>
               <!--Optional:-->
               <siri:ErrorCondition>
                  <!--You have a CHOICE of the next 15 items at this level-->
                  <siri:UnapprovedKeyAccessError number="?">
                     <!--Optional:-->
                     <siri:ErrorText>?</siri:ErrorText>
                     <!--Optional:-->
                     <siri:Key>?</siri:Key>
                  </siri:UnapprovedKeyAccessError>
                  <siri:UnknownParticipantError number="?">
                     <!--Optional:-->
                     <siri:ErrorText>?</siri:ErrorText>
                     <!--Optional:-->
                     <siri:ParticipantRef>?</siri:ParticipantRef>
                  </siri:UnknownParticipantError>
                  <siri:UnknownEndpointError number="?">
                     <!--Optional:-->
                     <siri:ErrorText>?</siri:ErrorText>
                     <!--Optional:-->
                     <siri:Endpoint>?</siri:Endpoint>
                  </siri:UnknownEndpointError>
                  <siri:EndpointDeniedAccessError number="?">
                     <!--Optional:-->
                     <siri:ErrorText>?</siri:ErrorText>
                     <!--Optional:-->
                     <siri:Endpoint>?</siri:Endpoint>
                  </siri:EndpointDeniedAccessError>
                  <siri:EndpointNotAvailableAccessError number="?">
                     <!--Optional:-->
                     <siri:ErrorText>?</siri:ErrorText>
                     <!--Optional:-->
                     <siri:Endpoint>?</siri:Endpoint>
                  </siri:EndpointNotAvailableAccessError>
                  <siri:ServiceNotAvailableError number="?">
                     <!--Optional:-->
                     <siri:ErrorText>?</siri:ErrorText>
                     <!--Optional:-->
                     <siri:ExpectedRestartTime>?</siri:ExpectedRestartTime>
                  </siri:ServiceNotAvailableError>
                  <siri:CapabilityNotSupportedError number="?">
                     <!--Optional:-->
                     <siri:ErrorText>?</siri:ErrorText>
                     <!--Optional:-->
                     <siri:CapabilityRef>?</siri:CapabilityRef>
                  </siri:CapabilityNotSupportedError>
                  <siri:AccessNotAllowedError number="?">
                     <!--Optional:-->
                     <siri:ErrorText>?</siri:ErrorText>
                  </siri:AccessNotAllowedError>
                  <siri:InvalidDataReferencesError number="?">
                     <!--Optional:-->
                     <siri:ErrorText>?</siri:ErrorText>
                     <!--Zero or more repetitions:-->
                     <siri:InvalidRef>?</siri:InvalidRef>
                  </siri:InvalidDataReferencesError>
                  <siri:BeyondDataHorizon number="?">
                     <!--Optional:-->
                     <siri:ErrorText>?</siri:ErrorText>
                  </siri:BeyondDataHorizon>
                  <siri:NoInfoForTopicError number="?">
                     <!--Optional:-->
                     <siri:ErrorText>?</siri:ErrorText>
                  </siri:NoInfoForTopicError>
                  <siri:ParametersIgnoredError number="?">
                     <!--Optional:-->
                     <siri:ErrorText>?</siri:ErrorText>
                     <!--Zero or more repetitions:-->
                     <siri:ParameterName>?</siri:ParameterName>
                  </siri:ParametersIgnoredError>
                  <siri:UnknownExtensionsError number="?">
                     <!--Optional:-->
                     <siri:ErrorText>?</siri:ErrorText>
                     <!--Zero or more repetitions:-->
                     <siri:ExtensionName>?</siri:ExtensionName>
                  </siri:UnknownExtensionsError>
                  <siri:AllowedResourceUsageExceededError number="?">
                     <!--Optional:-->
                     <siri:ErrorText>?</siri:ErrorText>
                  </siri:AllowedResourceUsageExceededError>
                  <siri:OtherError number="?">
                     <!--Optional:-->
                     <siri:ErrorText>?</siri:ErrorText>
                  </siri:OtherError>
                  <!--Optional:-->
                  <siri:Description>?</siri:Description>
               </siri:ErrorCondition>
               <!--Optional:-->
               <siri:ValidUntil>?</siri:ValidUntil>
               <!--Optional:-->
               <siri:ShortestPossibleCycle>?</siri:ShortestPossibleCycle>
               <!--Optional:-->
               <siri:DefaultLanguage>?</siri:DefaultLanguage>
               <!--Zero or more repetitions:-->
               <siri:TimetabledStopVisit>
                  <siri:RecordedAtTime>?</siri:RecordedAtTime>
                  <!--Optional:-->
                  <siri:ItemIdentifier>?</siri:ItemIdentifier>
                  <siri:MonitoringRef>?</siri:MonitoringRef>
                  <siri:TargetedVehicleJourney>
                     <siri:LineRef>?</siri:LineRef>
                     <siri:DirectionRef>?</siri:DirectionRef>
                     <!--Optional:-->
                     <siri:FramedVehicleJourneyRef>
                        <siri:DataFrameRef>?</siri:DataFrameRef>
                        <siri:DatedVehicleJourneyRef>?</siri:DatedVehicleJourneyRef>
                     </siri:FramedVehicleJourneyRef>
                     <!--Optional:-->
                     <siri:JourneyPatternRef>?</siri:JourneyPatternRef>
                     <!--Optional:-->
                     <siri:JourneyPatternName xml:lang="?">?</siri:JourneyPatternName>
                     <!--Zero or more repetitions:-->
                     <siri:VehicleMode>?</siri:VehicleMode>
                     <!--Optional:-->
                     <siri:RouteRef>?</siri:RouteRef>
                     <!--Zero or more repetitions:-->
                     <siri:PublishedLineName xml:lang="?">?</siri:PublishedLineName>
                     <!--Optional:-->
                     <siri:GroupOfLinesRef>?</siri:GroupOfLinesRef>
                     <!--Zero or more repetitions:-->
                     <siri:DirectionName xml:lang="?">?</siri:DirectionName>
                     <!--Optional:-->
                     <siri:ExternalLineRef>?</siri:ExternalLineRef>
                     <!--Optional:-->
                     <siri:OperatorRef>?</siri:OperatorRef>
                     <!--Optional:-->
                     <siri:ProductCategoryRef>?</siri:ProductCategoryRef>
                     <!--Zero or more repetitions:-->
                     <siri:ServiceFeatureRef>?</siri:ServiceFeatureRef>
                     <!--Zero or more repetitions:-->
                     <siri:VehicleFeatureRef>?</siri:VehicleFeatureRef>
                     <!--Optional:-->
                     <siri:OriginRef>?</siri:OriginRef>
                     <!--Zero or more repetitions:-->
                     <siri:OriginName xml:lang="?">?</siri:OriginName>
                     <!--Zero or more repetitions:-->
                     <siri:OriginShortName xml:lang="?">?</siri:OriginShortName>
                     <!--Zero or more repetitions:-->
                     <siri:DestinationDisplayAtOrigin xml:lang="?">?</siri:DestinationDisplayAtOrigin>
                     <!--Zero or more repetitions:-->
                     <siri:Via>
                        <!--Optional:-->
                        <siri:PlaceRef>?</siri:PlaceRef>
                        <!--Zero or more repetitions:-->
                        <siri:PlaceName xml:lang="?">?</siri:PlaceName>
                        <!--Zero or more repetitions:-->
                        <siri:PlaceShortName xml:lang="?">?</siri:PlaceShortName>
                        <!--Optional:-->
                        <siri:ViaPriority>2</siri:ViaPriority>
                     </siri:Via>
                     <!--Optional:-->
                     <siri:DestinationRef>?</siri:DestinationRef>
                     <!--Zero or more repetitions:-->
                     <siri:DestinationName xml:lang="?">?</siri:DestinationName>
                     <!--Zero or more repetitions:-->
                     <siri:DestinationShortName xml:lang="?">?</siri:DestinationShortName>
                     <!--Zero or more repetitions:-->
                     <siri:VehicleJourneyName xml:lang="?">?</siri:VehicleJourneyName>
                     <!--Zero or more repetitions:-->
                     <siri:JourneyNote xml:lang="?">?</siri:JourneyNote>
                     <!--Optional:-->
                     <siri:PublicContact>
                        <!--Optional:-->
                        <siri:PhoneNumber>?</siri:PhoneNumber>
                        <!--Optional:-->
                        <siri:Url>?</siri:Url>
                     </siri:PublicContact>
                     <!--Optional:-->
                     <siri:OperationsContact>
                        <!--Optional:-->
                        <siri:PhoneNumber>?</siri:PhoneNumber>
                        <!--Optional:-->
                        <siri:Url>?</siri:Url>
                     </siri:OperationsContact>
                     <!--Optional:-->
                     <siri:HeadwayService>false</siri:HeadwayService>
                     <!--Optional:-->
                     <siri:OriginAimedDepartureTime>?</siri:OriginAimedDepartureTime>
                     <!--Optional:-->
                     <siri:DestinationAimedArrivalTime>?</siri:DestinationAimedArrivalTime>
                     <!--Optional:-->
                     <siri:FirstOrLastJourney>unspecified</siri:FirstOrLastJourney>
                     <!--Optional:-->
                     <siri:TargetedCall>
                        <!--Optional:-->
                        <siri:StopPointRef>?</siri:StopPointRef>
                        <siri:VisitNumber>?</siri:VisitNumber>
                        <!--Optional:-->
                        <siri:Order>?</siri:Order>
                        <!--Optional:-->
                        <siri:TimingPoint>true</siri:TimingPoint>
                        <!--Optional:-->
                        <siri:OperatorRef>?</siri:OperatorRef>
                        <!--Optional:-->
                        <siri:ProductCategoryRef>?</siri:ProductCategoryRef>
                        <!--Zero or more repetitions:-->
                        <siri:ServiceFeatureRef>?</siri:ServiceFeatureRef>
                        <!--Zero or more repetitions:-->
                        <siri:VehicleFeatureRef>?</siri:VehicleFeatureRef>
                        <!--Optional:-->
                        <siri:AimedArrivalTime>?</siri:AimedArrivalTime>
                        <!--Optional:-->
                        <siri:ArrivalPlatformName xml:lang="?">?</siri:ArrivalPlatformName>
                        <!--Optional:-->
                        <siri:ArrivalBoardingActivity>alighting</siri:ArrivalBoardingActivity>
                        <!--Optional:-->
                        <siri:ArrivalStopAssignment>
                           <!--Optional:-->
                           <siri:AimedQuayRef>?</siri:AimedQuayRef>
                           <!--Zero or more repetitions:-->
                           <siri:AimedQuayName xml:lang="?">?</siri:AimedQuayName>
                        </siri:ArrivalStopAssignment>
                        <!--Zero or more repetitions:-->
                        <siri:ArrivalOperatorRefs>?</siri:ArrivalOperatorRefs>
                        <!--Optional:-->
                        <siri:AimedDepartureTime>?</siri:AimedDepartureTime>
                        <!--Optional:-->
                        <siri:DeparturePlatformName xml:lang="?">?</siri:DeparturePlatformName>
                        <!--Optional:-->
                        <siri:DepartureBoardingActivity>boarding</siri:DepartureBoardingActivity>
                        <!--Optional:-->
                        <siri:DepartureStopAssignment>
                           <!--Optional:-->
                           <siri:AimedQuayRef>?</siri:AimedQuayRef>
                           <!--Zero or more repetitions:-->
                           <siri:AimedQuayName xml:lang="?">?</siri:AimedQuayName>
                        </siri:DepartureStopAssignment>
                        <!--Zero or more repetitions:-->
                        <siri:DepartureOperatorRefs>?</siri:DepartureOperatorRefs>
                        <!--Optional:-->
                        <siri:AimedLatestPassengerAccessTime>?</siri:AimedLatestPassengerAccessTime>
                        <!--Optional:-->
                        <siri:AimedHeadwayInterval>?</siri:AimedHeadwayInterval>
                     </siri:TargetedCall>
                  </siri:TargetedVehicleJourney>
                  <!--Optional:-->
                  <siri:Extensions>
                     <!--You may enter ANY elements at this point-->
                  </siri:Extensions>
               </siri:TimetabledStopVisit>
               <!--Zero or more repetitions:-->
               <siri:TimetabledStopVisitCancellation>
                  <siri:RecordedAtTime>?</siri:RecordedAtTime>
                  <!--Optional:-->
                  <siri:ItemRef>?</siri:ItemRef>
                  <siri:MonitoringRef>?</siri:MonitoringRef>
                  <!--Optional:-->
                  <siri:VisitNumber>?</siri:VisitNumber>
                  <siri:LineRef>?</siri:LineRef>
                  <siri:DirectionRef>?</siri:DirectionRef>
                  <!--Optional:-->
                  <siri:FramedVehicleJourneyRef>
                     <siri:DataFrameRef>?</siri:DataFrameRef>
                     <siri:DatedVehicleJourneyRef>?</siri:DatedVehicleJourneyRef>
                  </siri:FramedVehicleJourneyRef>
                  <!--Optional:-->
                  <siri:JourneyPatternRef>?</siri:JourneyPatternRef>
                  <!--Optional:-->
                  <siri:JourneyPatternName xml:lang="?">?</siri:JourneyPatternName>
                  <!--Zero or more repetitions:-->
                  <siri:VehicleMode>?</siri:VehicleMode>
                  <!--Optional:-->
                  <siri:RouteRef>?</siri:RouteRef>
                  <!--Zero or more repetitions:-->
                  <siri:PublishedLineName xml:lang="?">?</siri:PublishedLineName>
                  <!--Optional:-->
                  <siri:GroupOfLinesRef>?</siri:GroupOfLinesRef>
                  <!--Zero or more repetitions:-->
                  <siri:DirectionName xml:lang="?">?</siri:DirectionName>
                  <!--Optional:-->
                  <siri:ExternalLineRef>?</siri:ExternalLineRef>
                  <!--Zero or more repetitions:-->
                  <siri:Reason xml:lang="?">?</siri:Reason>
                  <!--Optional:-->
                  <siri:Extensions>
                     <!--You may enter ANY elements at this point-->
                  </siri:Extensions>
               </siri:TimetabledStopVisitCancellation>
               <!--Optional:-->
               <siri:Extensions>
                  <!--You may enter ANY elements at this point-->
               </siri:Extensions>
            </siri:StopTimetableDelivery>
         </Notification>
         <NotifyExtension>
            <!--You may enter ANY elements at this point-->
         </NotifyExtension>
      </wsdl:NotifyStopTimetable>
   </soapenv:Body>
</soapenv:Envelope>]]></con:request><con:wsaConfig mustUnderstand="NONE" version="200508" action="GetStopTimetable"/></con:call></con:operation><con:operation isOneWay="false" action="NotifySubscriptionTerminate" name="NotifySubscriptionTerminated" bindingOperationName="NotifySubscriptionTerminated" type="One-Way" inputName="" sendsAttachments="false" anonymous="optional"><con:settings/><con:call name="Request 1"><con:settings/><con:encoding>UTF-8</con:encoding><con:endpoint>http://www.siri-service-location.com</con:endpoint><con:request><![CDATA[<soapenv:Envelope xmlns:soapenv="http://schemas.xmlsoap.org/soap/envelope/" xmlns:wsdl="http://wsdl.siri.org.uk" xmlns:siri="http://www.siri.org.uk/siri">
   <soapenv:Header/>
   <soapenv:Body>
      <wsdl:NotifySubscriptionTerminated>
         <Notification>
            <siri:ResponseTimestamp>?</siri:ResponseTimestamp>
            <!--Optional:-->
            <siri:ProducerRef>?</siri:ProducerRef>
            <!--Optional:-->
            <siri:Address>?</siri:Address>
            <!--Optional:-->
            <siri:ResponseMessageIdentifier>?</siri:ResponseMessageIdentifier>
            <!--Optional:-->
            <siri:RequestMessageRef>?</siri:RequestMessageRef>
            <!--Optional:-->
            <siri:DelegatorAddress>?</siri:DelegatorAddress>
            <!--Optional:-->
            <siri:DelegatorRef>?</siri:DelegatorRef>
            <!--Optional:-->
            <siri:SubscriberRef>?</siri:SubscriberRef>
            <!--Optional:-->
            <siri:SubscriptionFilterRef>?</siri:SubscriptionFilterRef>
            <siri:SubscriptionRef>?</siri:SubscriptionRef>
            <!--Optional:-->
            <siri:Description>?</siri:Description>
            <!--Optional:-->
            <siri:Extensions>
               <!--You may enter ANY elements at this point-->
            </siri:Extensions>
         </Notification>
         <SiriExtension>
            <!--You may enter ANY elements at this point-->
         </SiriExtension>
      </wsdl:NotifySubscriptionTerminated>
   </soapenv:Body>
</soapenv:Envelope>]]></con:request><con:wsaConfig mustUnderstand="NONE" version="200508" action="NotifySubscriptionTerminate"/></con:call></con:operation><con:operation isOneWay="false" action="GetVehicleMonitoring" name="NotifyVehicleMonitoring" bindingOperationName="NotifyVehicleMonitoring" type="One-Way" inputName="" sendsAttachments="false" anonymous="optional"><con:settings/><con:call name="Request 1"><con:settings/><con:encoding>UTF-8</con:encoding><con:endpoint>http://www.siri-service-location.com</con:endpoint><con:request><![CDATA[<soapenv:Envelope xmlns:soapenv="http://schemas.xmlsoap.org/soap/envelope/" xmlns:wsdl="http://wsdl.siri.org.uk" xmlns:siri="http://www.siri.org.uk/siri" xmlns:acsb="http://www.ifopt.org.uk/acsb" xmlns:ifop="http://www.ifopt.org.uk/ifopt">
   <soapenv:Header/>
   <soapenv:Body>
      <wsdl:NotifyVehicleMonitoring>
         <ServiceDeliveryInfo>
            <siri:ResponseTimestamp>?</siri:ResponseTimestamp>
            <!--Optional:-->
            <siri:ProducerRef>?</siri:ProducerRef>
            <!--Optional:-->
            <siri:Address>?</siri:Address>
            <!--Optional:-->
            <siri:ResponseMessageIdentifier>?</siri:ResponseMessageIdentifier>
            <!--Optional:-->
            <siri:RequestMessageRef>?</siri:RequestMessageRef>
         </ServiceDeliveryInfo>
         <Notification>
            <!--1 or more repetitions:-->
            <siri:VehicleMonitoringDelivery version="2.0">
               <siri:ResponseTimestamp>?</siri:ResponseTimestamp>
               <!--You have a CHOICE of the next 2 items at this level-->
               <!--Optional:-->
               <siri:RequestMessageRef>?</siri:RequestMessageRef>
               <!--Optional:-->
               <siri:SubscriberRef>?</siri:SubscriberRef>
               <!--Optional:-->
               <siri:SubscriptionFilterRef>?</siri:SubscriptionFilterRef>
               <siri:SubscriptionRef>?</siri:SubscriptionRef>
               <!--Optional:-->
               <siri:DelegatorAddress>?</siri:DelegatorAddress>
               <!--Optional:-->
               <siri:DelegatorRef>?</siri:DelegatorRef>
               <!--Optional:-->
               <siri:Status>true</siri:Status>
               <!--Optional:-->
               <siri:ErrorCondition>
                  <!--You have a CHOICE of the next 15 items at this level-->
                  <siri:UnapprovedKeyAccessError number="?">
                     <!--Optional:-->
                     <siri:ErrorText>?</siri:ErrorText>
                     <!--Optional:-->
                     <siri:Key>?</siri:Key>
                  </siri:UnapprovedKeyAccessError>
                  <siri:UnknownParticipantError number="?">
                     <!--Optional:-->
                     <siri:ErrorText>?</siri:ErrorText>
                     <!--Optional:-->
                     <siri:ParticipantRef>?</siri:ParticipantRef>
                  </siri:UnknownParticipantError>
                  <siri:UnknownEndpointError number="?">
                     <!--Optional:-->
                     <siri:ErrorText>?</siri:ErrorText>
                     <!--Optional:-->
                     <siri:Endpoint>?</siri:Endpoint>
                  </siri:UnknownEndpointError>
                  <siri:EndpointDeniedAccessError number="?">
                     <!--Optional:-->
                     <siri:ErrorText>?</siri:ErrorText>
                     <!--Optional:-->
                     <siri:Endpoint>?</siri:Endpoint>
                  </siri:EndpointDeniedAccessError>
                  <siri:EndpointNotAvailableAccessError number="?">
                     <!--Optional:-->
                     <siri:ErrorText>?</siri:ErrorText>
                     <!--Optional:-->
                     <siri:Endpoint>?</siri:Endpoint>
                  </siri:EndpointNotAvailableAccessError>
                  <siri:ServiceNotAvailableError number="?">
                     <!--Optional:-->
                     <siri:ErrorText>?</siri:ErrorText>
                     <!--Optional:-->
                     <siri:ExpectedRestartTime>?</siri:ExpectedRestartTime>
                  </siri:ServiceNotAvailableError>
                  <siri:CapabilityNotSupportedError number="?">
                     <!--Optional:-->
                     <siri:ErrorText>?</siri:ErrorText>
                     <!--Optional:-->
                     <siri:CapabilityRef>?</siri:CapabilityRef>
                  </siri:CapabilityNotSupportedError>
                  <siri:AccessNotAllowedError number="?">
                     <!--Optional:-->
                     <siri:ErrorText>?</siri:ErrorText>
                  </siri:AccessNotAllowedError>
                  <siri:InvalidDataReferencesError number="?">
                     <!--Optional:-->
                     <siri:ErrorText>?</siri:ErrorText>
                     <!--Zero or more repetitions:-->
                     <siri:InvalidRef>?</siri:InvalidRef>
                  </siri:InvalidDataReferencesError>
                  <siri:BeyondDataHorizon number="?">
                     <!--Optional:-->
                     <siri:ErrorText>?</siri:ErrorText>
                  </siri:BeyondDataHorizon>
                  <siri:NoInfoForTopicError number="?">
                     <!--Optional:-->
                     <siri:ErrorText>?</siri:ErrorText>
                  </siri:NoInfoForTopicError>
                  <siri:ParametersIgnoredError number="?">
                     <!--Optional:-->
                     <siri:ErrorText>?</siri:ErrorText>
                     <!--Zero or more repetitions:-->
                     <siri:ParameterName>?</siri:ParameterName>
                  </siri:ParametersIgnoredError>
                  <siri:UnknownExtensionsError number="?">
                     <!--Optional:-->
                     <siri:ErrorText>?</siri:ErrorText>
                     <!--Zero or more repetitions:-->
                     <siri:ExtensionName>?</siri:ExtensionName>
                  </siri:UnknownExtensionsError>
                  <siri:AllowedResourceUsageExceededError number="?">
                     <!--Optional:-->
                     <siri:ErrorText>?</siri:ErrorText>
                  </siri:AllowedResourceUsageExceededError>
                  <siri:OtherError number="?">
                     <!--Optional:-->
                     <siri:ErrorText>?</siri:ErrorText>
                  </siri:OtherError>
                  <!--Optional:-->
                  <siri:Description>?</siri:Description>
               </siri:ErrorCondition>
               <!--Optional:-->
               <siri:ValidUntil>?</siri:ValidUntil>
               <!--Optional:-->
               <siri:ShortestPossibleCycle>?</siri:ShortestPossibleCycle>
               <!--Optional:-->
               <siri:DefaultLanguage>?</siri:DefaultLanguage>
               <!--Zero or more repetitions:-->
               <siri:VehicleActivity>
                  <siri:RecordedAtTime>?</siri:RecordedAtTime>
                  <!--Optional:-->
                  <siri:ItemIdentifier>?</siri:ItemIdentifier>
                  <siri:ValidUntilTime>?</siri:ValidUntilTime>
                  <!--Optional:-->
                  <siri:VehicleMonitoringRef>?</siri:VehicleMonitoringRef>
                  <!--Zero or more repetitions:-->
                  <siri:MonitoringName xml:lang="?">?</siri:MonitoringName>
                  <!--Optional:-->
                  <siri:ProgressBetweenStops>
                     <!--Optional:-->
                     <siri:LinkDistance>?</siri:LinkDistance>
                     <!--Optional:-->
                     <siri:Percentage>?</siri:Percentage>
                  </siri:ProgressBetweenStops>
                  <siri:MonitoredVehicleJourney>
                     <!--Optional:-->
                     <siri:LineRef>?</siri:LineRef>
                     <!--Optional:-->
                     <siri:DirectionRef>?</siri:DirectionRef>
                     <!--Optional:-->
                     <siri:FramedVehicleJourneyRef>
                        <siri:DataFrameRef>?</siri:DataFrameRef>
                        <siri:DatedVehicleJourneyRef>?</siri:DatedVehicleJourneyRef>
                     </siri:FramedVehicleJourneyRef>
                     <!--Optional:-->
                     <siri:JourneyPatternRef>?</siri:JourneyPatternRef>
                     <!--Optional:-->
                     <siri:JourneyPatternName xml:lang="?">?</siri:JourneyPatternName>
                     <!--Zero or more repetitions:-->
                     <siri:VehicleMode>?</siri:VehicleMode>
                     <!--Optional:-->
                     <siri:RouteRef>?</siri:RouteRef>
                     <!--Zero or more repetitions:-->
                     <siri:PublishedLineName xml:lang="?">?</siri:PublishedLineName>
                     <!--Optional:-->
                     <siri:GroupOfLinesRef>?</siri:GroupOfLinesRef>
                     <!--Zero or more repetitions:-->
                     <siri:DirectionName xml:lang="?">?</siri:DirectionName>
                     <!--Optional:-->
                     <siri:ExternalLineRef>?</siri:ExternalLineRef>
                     <!--Optional:-->
                     <siri:OperatorRef>?</siri:OperatorRef>
                     <!--Optional:-->
                     <siri:ProductCategoryRef>?</siri:ProductCategoryRef>
                     <!--Zero or more repetitions:-->
                     <siri:ServiceFeatureRef>?</siri:ServiceFeatureRef>
                     <!--Zero or more repetitions:-->
                     <siri:VehicleFeatureRef>?</siri:VehicleFeatureRef>
                     <!--Optional:-->
                     <siri:OriginRef>?</siri:OriginRef>
                     <!--Zero or more repetitions:-->
                     <siri:OriginName xml:lang="?">?</siri:OriginName>
                     <!--Zero or more repetitions:-->
                     <siri:OriginShortName xml:lang="?">?</siri:OriginShortName>
                     <!--Zero or more repetitions:-->
                     <siri:DestinationDisplayAtOrigin xml:lang="?">?</siri:DestinationDisplayAtOrigin>
                     <!--Zero or more repetitions:-->
                     <siri:Via>
                        <!--Optional:-->
                        <siri:PlaceRef>?</siri:PlaceRef>
                        <!--Zero or more repetitions:-->
                        <siri:PlaceName xml:lang="?">?</siri:PlaceName>
                        <!--Zero or more repetitions:-->
                        <siri:PlaceShortName xml:lang="?">?</siri:PlaceShortName>
                        <!--Optional:-->
                        <siri:ViaPriority>2</siri:ViaPriority>
                     </siri:Via>
                     <!--Optional:-->
                     <siri:DestinationRef>?</siri:DestinationRef>
                     <!--Zero or more repetitions:-->
                     <siri:DestinationName xml:lang="?">?</siri:DestinationName>
                     <!--Zero or more repetitions:-->
                     <siri:DestinationShortName xml:lang="?">?</siri:DestinationShortName>
                     <!--Zero or more repetitions:-->
                     <siri:VehicleJourneyName xml:lang="?">?</siri:VehicleJourneyName>
                     <!--Zero or more repetitions:-->
                     <siri:JourneyNote xml:lang="?">?</siri:JourneyNote>
                     <!--Optional:-->
                     <siri:PublicContact>
                        <!--Optional:-->
                        <siri:PhoneNumber>?</siri:PhoneNumber>
                        <!--Optional:-->
                        <siri:Url>?</siri:Url>
                     </siri:PublicContact>
                     <!--Optional:-->
                     <siri:OperationsContact>
                        <!--Optional:-->
                        <siri:PhoneNumber>?</siri:PhoneNumber>
                        <!--Optional:-->
                        <siri:Url>?</siri:Url>
                     </siri:OperationsContact>
                     <!--Optional:-->
                     <siri:HeadwayService>false</siri:HeadwayService>
                     <!--Optional:-->
                     <siri:OriginAimedDepartureTime>?</siri:OriginAimedDepartureTime>
                     <!--Optional:-->
                     <siri:DestinationAimedArrivalTime>?</siri:DestinationAimedArrivalTime>
                     <!--Optional:-->
                     <siri:FirstOrLastJourney>unspecified</siri:FirstOrLastJourney>
                     <!--Zero or more repetitions:-->
                     <siri:FacilityConditionElement>
                        <!--You have a CHOICE of the next 2 items at this level-->
                        <siri:Facility>
                           <!--Optional:-->
                           <siri:FacilityCode>?</siri:FacilityCode>
                           <!--Zero or more repetitions:-->
                           <siri:Description xml:lang="?">?</siri:Description>
                           <!--Zero or more repetitions:-->
                           <siri:FacilityClass>?</siri:FacilityClass>
                           <!--Optional:-->
                           <siri:Features>
                              <!--1 or more repetitions:-->
                              <siri:Feature>
                                 <!--You have a CHOICE of the next 16 items at this level-->
                                 <siri:AccessFacility>unknown</siri:AccessFacility>
                                 <siri:AccommodationFacility>unknown</siri:AccommodationFacility>
                                 <siri:AssistanceFacility>unknown</siri:AssistanceFacility>
                                 <siri:FareClassFacility>unknown</siri:FareClassFacility>
                                 <siri:HireFacility>unknown</siri:HireFacility>
                                 <siri:LuggageFacility>unknown</siri:LuggageFacility>
                                 <siri:MobilityFacility>unknown</siri:MobilityFacility>
                                 <siri:NuisanceFacility>unknown</siri:NuisanceFacility>
                                 <siri:ParkingFacility>?</siri:ParkingFacility>
                                 <siri:PassengerCommsFacility>unknown</siri:PassengerCommsFacility>
                                 <siri:PassengerInformationFacility>unknown</siri:PassengerInformationFacility>
                                 <siri:RefreshmentFacility>unknown</siri:RefreshmentFacility>
                                 <siri:ReservedSpaceFacility>unknown</siri:ReservedSpaceFacility>
                                 <siri:RetailFacility>unknown</siri:RetailFacility>
                                 <siri:SanitaryFacility>unknown</siri:SanitaryFacility>
                                 <siri:TicketingFacility>unknown</siri:TicketingFacility>
                              </siri:Feature>
                           </siri:Features>
                           <!--Optional:-->
                           <siri:OwnerRef>?</siri:OwnerRef>
                           <!--Optional:-->
                           <siri:OwnerName xml:lang="?">?</siri:OwnerName>
                           <!--Optional:-->
                           <siri:ValidityCondition>
                              <!--Zero or more repetitions:-->
                              <siri:Period>
                                 <siri:StartTime>?</siri:StartTime>
                                 <!--Optional:-->
                                 <siri:EndTime>?</siri:EndTime>
                              </siri:Period>
                              <!--Zero or more repetitions:-->
                              <siri:Timeband>
                                 <siri:StartTime>?</siri:StartTime>
                                 <!--Optional:-->
                                 <siri:EndTime>?</siri:EndTime>
                              </siri:Timeband>
                              <!--Zero or more repetitions:-->
                              <siri:DayType>?</siri:DayType>
                              <!--Zero or more repetitions:-->
                              <siri:HolidayType>?</siri:HolidayType>
                           </siri:ValidityCondition>
                           <!--Optional:-->
                           <siri:FacilityLocation>
                              <!--Optional:-->
                              <siri:LineRef>?</siri:LineRef>
                              <!--Optional:-->
                              <siri:StopPointRef>?</siri:StopPointRef>
                              <!--Optional:-->
                              <siri:VehicleRef>?</siri:VehicleRef>
                              <!--Optional:-->
                              <siri:DatedVehicleJourneyRef>?</siri:DatedVehicleJourneyRef>
                              <!--Optional:-->
                              <siri:ConnectionLinkRef>?</siri:ConnectionLinkRef>
                              <!--Optional:-->
                              <siri:InterchangeRef>?</siri:InterchangeRef>
                              <!--Optional:-->
                              <siri:StopPlaceRef>?</siri:StopPlaceRef>
                              <!--Optional:-->
                              <siri:StopPlaceComponentId>?</siri:StopPlaceComponentId>
                              <!--Optional:-->
                              <siri:OperatorRef>?</siri:OperatorRef>
                              <!--Optional:-->
                              <siri:ProductCategoryRef>?</siri:ProductCategoryRef>
                              <!--Zero or more repetitions:-->
                              <siri:ServiceFeatureRef>?</siri:ServiceFeatureRef>
                              <!--Zero or more repetitions:-->
                              <siri:VehicleFeatureRef>?</siri:VehicleFeatureRef>
                           </siri:FacilityLocation>
                           <!--Optional:-->
                           <siri:Limitations>
                              <acsb:WheelchairAccess>false</acsb:WheelchairAccess>
                              <!--Optional:-->
                              <acsb:StepFreeAccess>unknown</acsb:StepFreeAccess>
                              <!--Optional:-->
                              <acsb:EscalatorFreeAccess>unknown</acsb:EscalatorFreeAccess>
                              <!--Optional:-->
                              <acsb:LiftFreeAccess>unknown</acsb:LiftFreeAccess>
                              <!--Optional:-->
                              <acsb:AudibleSignalsAvailable>false</acsb:AudibleSignalsAvailable>
                              <!--Optional:-->
                              <acsb:VisualSignsAvailable>unknown</acsb:VisualSignsAvailable>
                           </siri:Limitations>
                           <!--Optional:-->
                           <siri:Suitabilities>
                              <!--1 or more repetitions:-->
                              <siri:Suitability>
                                 <acsb:Suitable>?</acsb:Suitable>
                                 <acsb:UserNeed>
                                    <!--You have a CHOICE of the next 4 items at this level-->
                                    <acsb:MobilityNeed>?</acsb:MobilityNeed>
                                    <acsb:PsychosensoryNeed>?</acsb:PsychosensoryNeed>
                                    <acsb:MedicalNeed>?</acsb:MedicalNeed>
                                    <acsb:EncumbranceNeed>?</acsb:EncumbranceNeed>
                                    <!--Optional:-->
                                    <acsb:Excluded>?</acsb:Excluded>
                                    <!--Optional:-->
                                    <acsb:NeedRanking>?</acsb:NeedRanking>
                                    <!--Optional:-->
                                    <acsb:Extensions>?</acsb:Extensions>
                                 </acsb:UserNeed>
                              </siri:Suitability>
                           </siri:Suitabilities>
                           <!--Optional:-->
                           <siri:AccessibilityAssessment>
                              <acsb:MobilityImpairedAccess>?</acsb:MobilityImpairedAccess>
                              <!--Optional:-->
                              <acsb:Limitations>
                                 <!--1 or more repetitions:-->
                                 <acsb:AccessibilityLimitation>
                                    <!--Optional:-->
                                    <acsb:LimitationId>?</acsb:LimitationId>
                                    <!--Optional:-->
                                    <acsb:ValidityCondition>
                                       <!--Optional:-->
                                       <ifop:FromDateTime>?</ifop:FromDateTime>
                                       <!--Optional:-->
                                       <ifop:ToDateTime>?</ifop:ToDateTime>
                                       <!--Optional:-->
                                       <ifop:DayType>?</ifop:DayType>
                                       <!--Zero or more repetitions:-->
                                       <ifop:Timebands>
                                          <ifop:Timeband>
                                             <ifop:StartTime>?</ifop:StartTime>
                                             <!--Optional:-->
                                             <ifop:EndTime>?</ifop:EndTime>
                                          </ifop:Timeband>
                                       </ifop:Timebands>
                                    </acsb:ValidityCondition>
                                    <acsb:WheelchairAccess>false</acsb:WheelchairAccess>
                                    <!--Optional:-->
                                    <acsb:StepFreeAccess>unknown</acsb:StepFreeAccess>
                                    <!--Optional:-->
                                    <acsb:EscalatorFreeAccess>unknown</acsb:EscalatorFreeAccess>
                                    <!--Optional:-->
                                    <acsb:LiftFreeAccess>unknown</acsb:LiftFreeAccess>
                                    <!--Optional:-->
                                    <acsb:AudibleSignalsAvailable>false</acsb:AudibleSignalsAvailable>
                                    <!--Optional:-->
                                    <acsb:VisualSignsAvailable>unknown</acsb:VisualSignsAvailable>
                                    <!--Optional:-->
                                    <ifop:Extensions>
                                       e
                                       <!--You may enter ANY elements at this point-->
                                       gero
                                    </ifop:Extensions>
                                 </acsb:AccessibilityLimitation>
                              </acsb:Limitations>
                              <!--Optional:-->
                              <acsb:Suitabilities>
                                 <!--1 or more repetitions:-->
                                 <acsb:Suitability>
                                    <acsb:Suitable>?</acsb:Suitable>
                                    <acsb:UserNeed>
                                       <!--You have a CHOICE of the next 4 items at this level-->
                                       <acsb:MobilityNeed>?</acsb:MobilityNeed>
                                       <acsb:PsychosensoryNeed>?</acsb:PsychosensoryNeed>
                                       <acsb:MedicalNeed>?</acsb:MedicalNeed>
                                       <acsb:EncumbranceNeed>?</acsb:EncumbranceNeed>
                                       <!--Optional:-->
                                       <acsb:Excluded>?</acsb:Excluded>
                                       <!--Optional:-->
                                       <acsb:NeedRanking>?</acsb:NeedRanking>
                                       <!--Optional:-->
                                       <acsb:Extensions>?</acsb:Extensions>
                                    </acsb:UserNeed>
                                 </acsb:Suitability>
                              </acsb:Suitabilities>
                              <!--Optional:-->
                              <ifop:Extensions>
                                 cum
                                 <!--You may enter ANY elements at this point-->
                                 sonoras
                              </ifop:Extensions>
                           </siri:AccessibilityAssessment>
                           <!--Optional:-->
                           <siri:Extensions>
                              <!--You may enter ANY elements at this point-->
                           </siri:Extensions>
                        </siri:Facility>
                        <siri:FacilityRef>?</siri:FacilityRef>
                        <siri:FacilityStatus>
                           <siri:Status>?</siri:Status>
                           <!--Zero or more repetitions:-->
                           <siri:Description xml:lang="?">?</siri:Description>
                           <!--Optional:-->
                           <siri:AccessibilityAssessment>
                              <acsb:MobilityImpairedAccess>?</acsb:MobilityImpairedAccess>
                              <!--Optional:-->
                              <acsb:Limitations>
                                 <!--1 or more repetitions:-->
                                 <acsb:AccessibilityLimitation>
                                    <!--Optional:-->
                                    <acsb:LimitationId>?</acsb:LimitationId>
                                    <!--Optional:-->
                                    <acsb:ValidityCondition>
                                       <!--Optional:-->
                                       <ifop:FromDateTime>?</ifop:FromDateTime>
                                       <!--Optional:-->
                                       <ifop:ToDateTime>?</ifop:ToDateTime>
                                       <!--Optional:-->
                                       <ifop:DayType>?</ifop:DayType>
                                       <!--Zero or more repetitions:-->
                                       <ifop:Timebands>
                                          <ifop:Timeband>
                                             <ifop:StartTime>?</ifop:StartTime>
                                             <!--Optional:-->
                                             <ifop:EndTime>?</ifop:EndTime>
                                          </ifop:Timeband>
                                       </ifop:Timebands>
                                    </acsb:ValidityCondition>
                                    <acsb:WheelchairAccess>false</acsb:WheelchairAccess>
                                    <!--Optional:-->
                                    <acsb:StepFreeAccess>unknown</acsb:StepFreeAccess>
                                    <!--Optional:-->
                                    <acsb:EscalatorFreeAccess>unknown</acsb:EscalatorFreeAccess>
                                    <!--Optional:-->
                                    <acsb:LiftFreeAccess>unknown</acsb:LiftFreeAccess>
                                    <!--Optional:-->
                                    <acsb:AudibleSignalsAvailable>false</acsb:AudibleSignalsAvailable>
                                    <!--Optional:-->
                                    <acsb:VisualSignsAvailable>unknown</acsb:VisualSignsAvailable>
                                    <!--Optional:-->
                                    <ifop:Extensions>
                                       aeoliam
                                       <!--You may enter ANY elements at this point-->
                                       quae
                                    </ifop:Extensions>
                                 </acsb:AccessibilityLimitation>
                              </acsb:Limitations>
                              <!--Optional:-->
                              <acsb:Suitabilities>
                                 <!--1 or more repetitions:-->
                                 <acsb:Suitability>
                                    <acsb:Suitable>?</acsb:Suitable>
                                    <acsb:UserNeed>
                                       <!--You have a CHOICE of the next 4 items at this level-->
                                       <acsb:MobilityNeed>?</acsb:MobilityNeed>
                                       <acsb:PsychosensoryNeed>?</acsb:PsychosensoryNeed>
                                       <acsb:MedicalNeed>?</acsb:MedicalNeed>
                                       <acsb:EncumbranceNeed>?</acsb:EncumbranceNeed>
                                       <!--Optional:-->
                                       <acsb:Excluded>?</acsb:Excluded>
                                       <!--Optional:-->
                                       <acsb:NeedRanking>?</acsb:NeedRanking>
                                       <!--Optional:-->
                                       <acsb:Extensions>?</acsb:Extensions>
                                    </acsb:UserNeed>
                                 </acsb:Suitability>
                              </acsb:Suitabilities>
                              <!--Optional:-->
                              <ifop:Extensions>
                                 ventos
                                 <!--You may enter ANY elements at this point-->
                                 verrantque
                              </ifop:Extensions>
                           </siri:AccessibilityAssessment>
                           <!--Optional:-->
                           <siri:Extensions>
                              <!--You may enter ANY elements at this point-->
                           </siri:Extensions>
                        </siri:FacilityStatus>
                        <!--Optional:-->
                        <siri:SituationRef>
                           <!--Optional:-->
                           <siri:SituationSimpleRef>?</siri:SituationSimpleRef>
                           <!--Optional:-->
                           <siri:SituationFullRef>
                              <!--Optional:-->
                              <siri:VersionCountryRef>?</siri:VersionCountryRef>
                              <siri:ParticipantRef>?</siri:ParticipantRef>
                              <siri:SituationNumber>?</siri:SituationNumber>
                              <!--Optional:-->
                              <siri:UpdateCountryRef>?</siri:UpdateCountryRef>
                              <!--Optional:-->
                              <siri:UpdateParticipantRef>?</siri:UpdateParticipantRef>
                              <!--Optional:-->
                              <siri:Version>?</siri:Version>
                           </siri:SituationFullRef>
                        </siri:SituationRef>
                        <!--Optional:-->
                        <siri:Remedy>
                           <!--Optional:-->
                           <siri:RemedyType>?</siri:RemedyType>
                           <!--Zero or more repetitions:-->
                           <siri:Description xml:lang="?">?</siri:Description>
                           <!--Optional:-->
                           <siri:Extensions>
                              <!--You may enter ANY elements at this point-->
                           </siri:Extensions>
                        </siri:Remedy>
                        <!--Optional:-->
                        <siri:MonitoringInfo>
                           <!--Optional:-->
                           <siri:MonitoringInterval>?</siri:MonitoringInterval>
                           <!--Optional:-->
                           <siri:MonitoringType>?</siri:MonitoringType>
                           <!--Optional:-->
                           <siri:MonitoringPeriod>
                              <!--Zero or more repetitions:-->
                              <siri:Period>
                                 <siri:StartTime>?</siri:StartTime>
                                 <!--Optional:-->
                                 <siri:EndTime>?</siri:EndTime>
                              </siri:Period>
                              <!--Zero or more repetitions:-->
                              <siri:Timeband>
                                 <siri:StartTime>?</siri:StartTime>
                                 <!--Optional:-->
                                 <siri:EndTime>?</siri:EndTime>
                              </siri:Timeband>
                              <!--Zero or more repetitions:-->
                              <siri:DayType>?</siri:DayType>
                              <!--Zero or more repetitions:-->
                              <siri:HolidayType>?</siri:HolidayType>
                           </siri:MonitoringPeriod>
                           <!--Optional:-->
                           <siri:Extensions>
                              <!--You may enter ANY elements at this point-->
                           </siri:Extensions>
                        </siri:MonitoringInfo>
                        <!--Optional:-->
                        <siri:ValidityPeriod>
                           <siri:StartTime>?</siri:StartTime>
                           <!--Optional:-->
                           <siri:EndTime>?</siri:EndTime>
                        </siri:ValidityPeriod>
                        <!--Optional:-->
                        <siri:Extensions>
                           <!--You may enter ANY elements at this point-->
                        </siri:Extensions>
                     </siri:FacilityConditionElement>
                     <!--Optional:-->
                     <siri:FacilityChangeElement>
                        <!--Optional:-->
                        <siri:EquipmentAvailability>
                           <!--Optional:-->
                           <siri:EquipmentRef>?</siri:EquipmentRef>
                           <!--Zero or more repetitions:-->
                           <siri:Description xml:lang="?">?</siri:Description>
                           <!--Optional:-->
                           <siri:EquipmentTypeRef>?</siri:EquipmentTypeRef>
                           <!--Optional:-->
                           <siri:ValidityPeriod>
                              <siri:StartTime>?</siri:StartTime>
                              <!--Optional:-->
                              <siri:EndTime>?</siri:EndTime>
                           </siri:ValidityPeriod>
                           <siri:EquipmentStatus>notAvailable</siri:EquipmentStatus>
                           <!--Optional:-->
                           <siri:EquipmentFeatures>
                              <!--1 or more repetitions:-->
                              <siri:FeatureRef>?</siri:FeatureRef>
                           </siri:EquipmentFeatures>
                           <!--Optional:-->
                           <siri:Extensions>
                              <!--You may enter ANY elements at this point-->
                           </siri:Extensions>
                        </siri:EquipmentAvailability>
                        <!--Optional:-->
                        <siri:SituationRef>
                           <!--Optional:-->
                           <siri:SituationSimpleRef>?</siri:SituationSimpleRef>
                           <!--Optional:-->
                           <siri:SituationFullRef>
                              <!--Optional:-->
                              <siri:VersionCountryRef>?</siri:VersionCountryRef>
                              <siri:ParticipantRef>?</siri:ParticipantRef>
                              <siri:SituationNumber>?</siri:SituationNumber>
                              <!--Optional:-->
                              <siri:UpdateCountryRef>?</siri:UpdateCountryRef>
                              <!--Optional:-->
                              <siri:UpdateParticipantRef>?</siri:UpdateParticipantRef>
                              <!--Optional:-->
                              <siri:Version>?</siri:Version>
                           </siri:SituationFullRef>
                        </siri:SituationRef>
                        <!--Optional:-->
                        <siri:MobilityDisruption>
                           <siri:MobilityImpairedAccess>?</siri:MobilityImpairedAccess>
                           <!--Zero or more repetitions:-->
                           <siri:AccessFacility>unknown</siri:AccessFacility>
                        </siri:MobilityDisruption>
                     </siri:FacilityChangeElement>
                     <!--Zero or more repetitions:-->
                     <siri:SituationRef>
                        <!--Optional:-->
                        <siri:SituationSimpleRef>?</siri:SituationSimpleRef>
                        <!--Optional:-->
                        <siri:SituationFullRef>
                           <!--Optional:-->
                           <siri:VersionCountryRef>?</siri:VersionCountryRef>
                           <siri:ParticipantRef>?</siri:ParticipantRef>
                           <siri:SituationNumber>?</siri:SituationNumber>
                           <!--Optional:-->
                           <siri:UpdateCountryRef>?</siri:UpdateCountryRef>
                           <!--Optional:-->
                           <siri:UpdateParticipantRef>?</siri:UpdateParticipantRef>
                           <!--Optional:-->
                           <siri:Version>?</siri:Version>
                        </siri:SituationFullRef>
                     </siri:SituationRef>
                     <!--Optional:-->
                     <siri:Monitored>?</siri:Monitored>
                     <!--Optional:-->
                     <siri:MonitoringError>?</siri:MonitoringError>
                     <!--Optional:-->
                     <siri:InCongestion>?</siri:InCongestion>
                     <!--Optional:-->
                     <siri:InPanic>false</siri:InPanic>
                     <!--Optional:-->
                     <siri:PredictionInaccurate>?</siri:PredictionInaccurate>
                     <!--Optional:-->
                     <siri:DataSource>?</siri:DataSource>
                     <!--Optional:-->
                     <siri:ConfidenceLevel>reliable</siri:ConfidenceLevel>
                     <!--Optional:-->
                     <siri:VehicleLocation id="?" srsName="?">
                        <!--You have a CHOICE of the next 2 items at this level-->
                        <siri:Longitude>?</siri:Longitude>
                        <siri:Latitude>?</siri:Latitude>
                        <siri:Coordinates>?</siri:Coordinates>
                        <!--Optional:-->
                        <siri:Precision>?</siri:Precision>
                     </siri:VehicleLocation>
                     <!--Optional:-->
                     <siri:Bearing>?</siri:Bearing>
                     <!--Optional:-->
                     <siri:ProgressRate>?</siri:ProgressRate>
                     <!--Optional:-->
                     <siri:Velocity>?</siri:Velocity>
                     <!--Optional:-->
                     <siri:EngineOn>true</siri:EngineOn>
                     <!--Optional:-->
                     <siri:Occupancy>?</siri:Occupancy>
                     <!--Optional:-->
                     <siri:Delay>?</siri:Delay>
                     <!--Zero or more repetitions:-->
                     <siri:ProgressStatus xml:lang="?">?</siri:ProgressStatus>
                     <!--Optional:-->
                     <siri:VehicleStatus>?</siri:VehicleStatus>
                     <!--Zero or more repetitions:-->
                     <siri:TrainBlockPart>
                        <siri:NumberOfBlockParts>?</siri:NumberOfBlockParts>
                        <siri:TrainPartRef>?</siri:TrainPartRef>
                        <!--Zero or more repetitions:-->
                        <siri:PositionOfTrainBlockPart xml:lang="?">?</siri:PositionOfTrainBlockPart>
                     </siri:TrainBlockPart>
                     <!--Optional:-->
                     <siri:BlockRef>?</siri:BlockRef>
                     <!--Optional:-->
                     <siri:CourseOfJourneyRef>?</siri:CourseOfJourneyRef>
                     <!--Optional:-->
                     <siri:VehicleJourneyRef>?</siri:VehicleJourneyRef>
                     <!--Optional:-->
                     <siri:VehicleRef>?</siri:VehicleRef>
                     <!--Zero or more repetitions:-->
                     <siri:AdditionalVehicleJourneyRef>
                        <siri:DataFrameRef>?</siri:DataFrameRef>
                        <siri:DatedVehicleJourneyRef>?</siri:DatedVehicleJourneyRef>
                     </siri:AdditionalVehicleJourneyRef>
                     <!--Optional:-->
                     <siri:DriverRef>?</siri:DriverRef>
                     <!--Optional:-->
                     <siri:DriverName>?</siri:DriverName>
                     <!--Optional:-->
                     <siri:TrainNumbers>
                        <!--1 or more repetitions:-->
                        <siri:TrainNumberRef>?</siri:TrainNumberRef>
                     </siri:TrainNumbers>
                     <!--Optional:-->
                     <siri:JourneyParts>
                        <!--1 or more repetitions:-->
                        <siri:JourneyPartInfo>
                           <siri:JourneyPartRef>?</siri:JourneyPartRef>
                           <!--Optional:-->
                           <siri:TrainNumberRef>?</siri:TrainNumberRef>
                           <!--Optional:-->
                           <siri:OperatorRef>?</siri:OperatorRef>
                        </siri:JourneyPartInfo>
                     </siri:JourneyParts>
                     <!--Optional:-->
                     <siri:PreviousCalls>
                        <!--1 or more repetitions:-->
                        <siri:PreviousCall>
                           <!--Optional:-->
                           <siri:StopPointRef>?</siri:StopPointRef>
                           <!--Optional:-->
                           <siri:VisitNumber>?</siri:VisitNumber>
                           <!--Optional:-->
                           <siri:Order>?</siri:Order>
                           <!--Zero or more repetitions:-->
                           <siri:StopPointName xml:lang="?">?</siri:StopPointName>
                           <!--Optional:-->
                           <siri:VehicleAtStop>false</siri:VehicleAtStop>
                           <!--Optional:-->
                           <siri:AimedArrivalTime>?</siri:AimedArrivalTime>
                           <!--You have a CHOICE of the next 2 items at this level-->
                           <!--Optional:-->
                           <siri:ActualArrivalTime>?</siri:ActualArrivalTime>
                           <!--Optional:-->
                           <siri:ExpectedArrivalTime>?</siri:ExpectedArrivalTime>
                           <!--Optional:-->
                           <siri:AimedDepartureTime>?</siri:AimedDepartureTime>
                           <!--You have a CHOICE of the next 2 items at this level-->
                           <!--Optional:-->
                           <siri:ActualDepartureTime>?</siri:ActualDepartureTime>
                           <!--Optional:-->
                           <siri:ExpectedDepartureTime>?</siri:ExpectedDepartureTime>
                           <!--Optional:-->
                           <siri:Extensions>
                              <!--You may enter ANY elements at this point-->
                           </siri:Extensions>
                        </siri:PreviousCall>
                     </siri:PreviousCalls>
                     <!--Optional:-->
                     <siri:MonitoredCall>
                        <!--Optional:-->
                        <siri:StopPointRef>?</siri:StopPointRef>
                        <!--Optional:-->
                        <siri:VisitNumber>?</siri:VisitNumber>
                        <!--Optional:-->
                        <siri:Order>?</siri:Order>
                        <!--Zero or more repetitions:-->
                        <siri:StopPointName xml:lang="?">?</siri:StopPointName>
                        <!--Optional:-->
                        <siri:VehicleAtStop>false</siri:VehicleAtStop>
                        <!--Optional:-->
                        <siri:VehicleLocationAtStop id="?" srsName="?">
                           <!--You have a CHOICE of the next 2 items at this level-->
                           <siri:Longitude>?</siri:Longitude>
                           <siri:Latitude>?</siri:Latitude>
                           <siri:Coordinates>?</siri:Coordinates>
                           <!--Optional:-->
                           <siri:Precision>?</siri:Precision>
                        </siri:VehicleLocationAtStop>
                        <!--Optional:-->
                        <siri:ReversesAtStop>false</siri:ReversesAtStop>
                        <!--Optional:-->
                        <siri:PlatformTraversal>false</siri:PlatformTraversal>
                        <!--Optional:-->
                        <siri:SignalStatus>?</siri:SignalStatus>
                        <!--Optional:-->
                        <siri:TimingPoint>true</siri:TimingPoint>
                        <!--Optional:-->
                        <siri:BoardingStretch>false</siri:BoardingStretch>
                        <!--Optional:-->
                        <siri:RequestStop>false</siri:RequestStop>
                        <!--Zero or more repetitions:-->
                        <siri:DestinationDisplay xml:lang="?">?</siri:DestinationDisplay>
                        <!--Zero or more repetitions:-->
                        <siri:CallNote xml:lang="?">?</siri:CallNote>
                        <!--Zero or more repetitions:-->
                        <siri:FacilityConditionElement>
                           <!--You have a CHOICE of the next 2 items at this level-->
                           <siri:Facility>
                              <!--Optional:-->
                              <siri:FacilityCode>?</siri:FacilityCode>
                              <!--Zero or more repetitions:-->
                              <siri:Description xml:lang="?">?</siri:Description>
                              <!--Zero or more repetitions:-->
                              <siri:FacilityClass>?</siri:FacilityClass>
                              <!--Optional:-->
                              <siri:Features>
                                 <!--1 or more repetitions:-->
                                 <siri:Feature>
                                    <!--You have a CHOICE of the next 16 items at this level-->
                                    <siri:AccessFacility>unknown</siri:AccessFacility>
                                    <siri:AccommodationFacility>unknown</siri:AccommodationFacility>
                                    <siri:AssistanceFacility>unknown</siri:AssistanceFacility>
                                    <siri:FareClassFacility>unknown</siri:FareClassFacility>
                                    <siri:HireFacility>unknown</siri:HireFacility>
                                    <siri:LuggageFacility>unknown</siri:LuggageFacility>
                                    <siri:MobilityFacility>unknown</siri:MobilityFacility>
                                    <siri:NuisanceFacility>unknown</siri:NuisanceFacility>
                                    <siri:ParkingFacility>?</siri:ParkingFacility>
                                    <siri:PassengerCommsFacility>unknown</siri:PassengerCommsFacility>
                                    <siri:PassengerInformationFacility>unknown</siri:PassengerInformationFacility>
                                    <siri:RefreshmentFacility>unknown</siri:RefreshmentFacility>
                                    <siri:ReservedSpaceFacility>unknown</siri:ReservedSpaceFacility>
                                    <siri:RetailFacility>unknown</siri:RetailFacility>
                                    <siri:SanitaryFacility>unknown</siri:SanitaryFacility>
                                    <siri:TicketingFacility>unknown</siri:TicketingFacility>
                                 </siri:Feature>
                              </siri:Features>
                              <!--Optional:-->
                              <siri:OwnerRef>?</siri:OwnerRef>
                              <!--Optional:-->
                              <siri:OwnerName xml:lang="?">?</siri:OwnerName>
                              <!--Optional:-->
                              <siri:ValidityCondition>
                                 <!--Zero or more repetitions:-->
                                 <siri:Period>
                                    <siri:StartTime>?</siri:StartTime>
                                    <!--Optional:-->
                                    <siri:EndTime>?</siri:EndTime>
                                 </siri:Period>
                                 <!--Zero or more repetitions:-->
                                 <siri:Timeband>
                                    <siri:StartTime>?</siri:StartTime>
                                    <!--Optional:-->
                                    <siri:EndTime>?</siri:EndTime>
                                 </siri:Timeband>
                                 <!--Zero or more repetitions:-->
                                 <siri:DayType>?</siri:DayType>
                                 <!--Zero or more repetitions:-->
                                 <siri:HolidayType>?</siri:HolidayType>
                              </siri:ValidityCondition>
                              <!--Optional:-->
                              <siri:FacilityLocation>
                                 <!--Optional:-->
                                 <siri:LineRef>?</siri:LineRef>
                                 <!--Optional:-->
                                 <siri:StopPointRef>?</siri:StopPointRef>
                                 <!--Optional:-->
                                 <siri:VehicleRef>?</siri:VehicleRef>
                                 <!--Optional:-->
                                 <siri:DatedVehicleJourneyRef>?</siri:DatedVehicleJourneyRef>
                                 <!--Optional:-->
                                 <siri:ConnectionLinkRef>?</siri:ConnectionLinkRef>
                                 <!--Optional:-->
                                 <siri:InterchangeRef>?</siri:InterchangeRef>
                                 <!--Optional:-->
                                 <siri:StopPlaceRef>?</siri:StopPlaceRef>
                                 <!--Optional:-->
                                 <siri:StopPlaceComponentId>?</siri:StopPlaceComponentId>
                                 <!--Optional:-->
                                 <siri:OperatorRef>?</siri:OperatorRef>
                                 <!--Optional:-->
                                 <siri:ProductCategoryRef>?</siri:ProductCategoryRef>
                                 <!--Zero or more repetitions:-->
                                 <siri:ServiceFeatureRef>?</siri:ServiceFeatureRef>
                                 <!--Zero or more repetitions:-->
                                 <siri:VehicleFeatureRef>?</siri:VehicleFeatureRef>
                              </siri:FacilityLocation>
                              <!--Optional:-->
                              <siri:Limitations>
                                 <acsb:WheelchairAccess>false</acsb:WheelchairAccess>
                                 <!--Optional:-->
                                 <acsb:StepFreeAccess>unknown</acsb:StepFreeAccess>
                                 <!--Optional:-->
                                 <acsb:EscalatorFreeAccess>unknown</acsb:EscalatorFreeAccess>
                                 <!--Optional:-->
                                 <acsb:LiftFreeAccess>unknown</acsb:LiftFreeAccess>
                                 <!--Optional:-->
                                 <acsb:AudibleSignalsAvailable>false</acsb:AudibleSignalsAvailable>
                                 <!--Optional:-->
                                 <acsb:VisualSignsAvailable>unknown</acsb:VisualSignsAvailable>
                              </siri:Limitations>
                              <!--Optional:-->
                              <siri:Suitabilities>
                                 <!--1 or more repetitions:-->
                                 <siri:Suitability>
                                    <acsb:Suitable>?</acsb:Suitable>
                                    <acsb:UserNeed>
                                       <!--You have a CHOICE of the next 4 items at this level-->
                                       <acsb:MobilityNeed>?</acsb:MobilityNeed>
                                       <acsb:PsychosensoryNeed>?</acsb:PsychosensoryNeed>
                                       <acsb:MedicalNeed>?</acsb:MedicalNeed>
                                       <acsb:EncumbranceNeed>?</acsb:EncumbranceNeed>
                                       <!--Optional:-->
                                       <acsb:Excluded>?</acsb:Excluded>
                                       <!--Optional:-->
                                       <acsb:NeedRanking>?</acsb:NeedRanking>
                                       <!--Optional:-->
                                       <acsb:Extensions>?</acsb:Extensions>
                                    </acsb:UserNeed>
                                 </siri:Suitability>
                              </siri:Suitabilities>
                              <!--Optional:-->
                              <siri:AccessibilityAssessment>
                                 <acsb:MobilityImpairedAccess>?</acsb:MobilityImpairedAccess>
                                 <!--Optional:-->
                                 <acsb:Limitations>
                                    <!--1 or more repetitions:-->
                                    <acsb:AccessibilityLimitation>
                                       <!--Optional:-->
                                       <acsb:LimitationId>?</acsb:LimitationId>
                                       <!--Optional:-->
                                       <acsb:ValidityCondition>
                                          <!--Optional:-->
                                          <ifop:FromDateTime>?</ifop:FromDateTime>
                                          <!--Optional:-->
                                          <ifop:ToDateTime>?</ifop:ToDateTime>
                                          <!--Optional:-->
                                          <ifop:DayType>?</ifop:DayType>
                                          <!--Zero or more repetitions:-->
                                          <ifop:Timebands>
                                             <ifop:Timeband>
                                                <ifop:StartTime>?</ifop:StartTime>
                                                <!--Optional:-->
                                                <ifop:EndTime>?</ifop:EndTime>
                                             </ifop:Timeband>
                                          </ifop:Timebands>
                                       </acsb:ValidityCondition>
                                       <acsb:WheelchairAccess>false</acsb:WheelchairAccess>
                                       <!--Optional:-->
                                       <acsb:StepFreeAccess>unknown</acsb:StepFreeAccess>
                                       <!--Optional:-->
                                       <acsb:EscalatorFreeAccess>unknown</acsb:EscalatorFreeAccess>
                                       <!--Optional:-->
                                       <acsb:LiftFreeAccess>unknown</acsb:LiftFreeAccess>
                                       <!--Optional:-->
                                       <acsb:AudibleSignalsAvailable>false</acsb:AudibleSignalsAvailable>
                                       <!--Optional:-->
                                       <acsb:VisualSignsAvailable>unknown</acsb:VisualSignsAvailable>
                                       <!--Optional:-->
                                       <ifop:Extensions>
                                          temperat
                                          <!--You may enter ANY elements at this point-->
                                          per
                                       </ifop:Extensions>
                                    </acsb:AccessibilityLimitation>
                                 </acsb:Limitations>
                                 <!--Optional:-->
                                 <acsb:Suitabilities>
                                    <!--1 or more repetitions:-->
                                    <acsb:Suitability>
                                       <acsb:Suitable>?</acsb:Suitable>
                                       <acsb:UserNeed>
                                          <!--You have a CHOICE of the next 4 items at this level-->
                                          <acsb:MobilityNeed>?</acsb:MobilityNeed>
                                          <acsb:PsychosensoryNeed>?</acsb:PsychosensoryNeed>
                                          <acsb:MedicalNeed>?</acsb:MedicalNeed>
                                          <acsb:EncumbranceNeed>?</acsb:EncumbranceNeed>
                                          <!--Optional:-->
                                          <acsb:Excluded>?</acsb:Excluded>
                                          <!--Optional:-->
                                          <acsb:NeedRanking>?</acsb:NeedRanking>
                                          <!--Optional:-->
                                          <acsb:Extensions>?</acsb:Extensions>
                                       </acsb:UserNeed>
                                    </acsb:Suitability>
                                 </acsb:Suitabilities>
                                 <!--Optional:-->
                                 <ifop:Extensions>
                                    turbine
                                    <!--You may enter ANY elements at this point-->
                                    circum
                                 </ifop:Extensions>
                              </siri:AccessibilityAssessment>
                              <!--Optional:-->
                              <siri:Extensions>
                                 <!--You may enter ANY elements at this point-->
                              </siri:Extensions>
                           </siri:Facility>
                           <siri:FacilityRef>?</siri:FacilityRef>
                           <siri:FacilityStatus>
                              <siri:Status>?</siri:Status>
                              <!--Zero or more repetitions:-->
                              <siri:Description xml:lang="?">?</siri:Description>
                              <!--Optional:-->
                              <siri:AccessibilityAssessment>
                                 <acsb:MobilityImpairedAccess>?</acsb:MobilityImpairedAccess>
                                 <!--Optional:-->
                                 <acsb:Limitations>
                                    <!--1 or more repetitions:-->
                                    <acsb:AccessibilityLimitation>
                                       <!--Optional:-->
                                       <acsb:LimitationId>?</acsb:LimitationId>
                                       <!--Optional:-->
                                       <acsb:ValidityCondition>
                                          <!--Optional:-->
                                          <ifop:FromDateTime>?</ifop:FromDateTime>
                                          <!--Optional:-->
                                          <ifop:ToDateTime>?</ifop:ToDateTime>
                                          <!--Optional:-->
                                          <ifop:DayType>?</ifop:DayType>
                                          <!--Zero or more repetitions:-->
                                          <ifop:Timebands>
                                             <ifop:Timeband>
                                                <ifop:StartTime>?</ifop:StartTime>
                                                <!--Optional:-->
                                                <ifop:EndTime>?</ifop:EndTime>
                                             </ifop:Timeband>
                                          </ifop:Timebands>
                                       </acsb:ValidityCondition>
                                       <acsb:WheelchairAccess>false</acsb:WheelchairAccess>
                                       <!--Optional:-->
                                       <acsb:StepFreeAccess>unknown</acsb:StepFreeAccess>
                                       <!--Optional:-->
                                       <acsb:EscalatorFreeAccess>unknown</acsb:EscalatorFreeAccess>
                                       <!--Optional:-->
                                       <acsb:LiftFreeAccess>unknown</acsb:LiftFreeAccess>
                                       <!--Optional:-->
                                       <acsb:AudibleSignalsAvailable>false</acsb:AudibleSignalsAvailable>
                                       <!--Optional:-->
                                       <acsb:VisualSignsAvailable>unknown</acsb:VisualSignsAvailable>
                                       <!--Optional:-->
                                       <ifop:Extensions>
                                          regemque
                                          <!--You may enter ANY elements at this point-->
                                          nimborum
                                       </ifop:Extensions>
                                    </acsb:AccessibilityLimitation>
                                 </acsb:Limitations>
                                 <!--Optional:-->
                                 <acsb:Suitabilities>
                                    <!--1 or more repetitions:-->
                                    <acsb:Suitability>
                                       <acsb:Suitable>?</acsb:Suitable>
                                       <acsb:UserNeed>
                                          <!--You have a CHOICE of the next 4 items at this level-->
                                          <acsb:MobilityNeed>?</acsb:MobilityNeed>
                                          <acsb:PsychosensoryNeed>?</acsb:PsychosensoryNeed>
                                          <acsb:MedicalNeed>?</acsb:MedicalNeed>
                                          <acsb:EncumbranceNeed>?</acsb:EncumbranceNeed>
                                          <!--Optional:-->
                                          <acsb:Excluded>?</acsb:Excluded>
                                          <!--Optional:-->
                                          <acsb:NeedRanking>?</acsb:NeedRanking>
                                          <!--Optional:-->
                                          <acsb:Extensions>?</acsb:Extensions>
                                       </acsb:UserNeed>
                                    </acsb:Suitability>
                                 </acsb:Suitabilities>
                                 <!--Optional:-->
                                 <ifop:Extensions>
                                    fremunt
                                    <!--You may enter ANY elements at this point-->
                                    foedere
                                 </ifop:Extensions>
                              </siri:AccessibilityAssessment>
                              <!--Optional:-->
                              <siri:Extensions>
                                 <!--You may enter ANY elements at this point-->
                              </siri:Extensions>
                           </siri:FacilityStatus>
                           <!--Optional:-->
                           <siri:SituationRef>
                              <!--Optional:-->
                              <siri:SituationSimpleRef>?</siri:SituationSimpleRef>
                              <!--Optional:-->
                              <siri:SituationFullRef>
                                 <!--Optional:-->
                                 <siri:VersionCountryRef>?</siri:VersionCountryRef>
                                 <siri:ParticipantRef>?</siri:ParticipantRef>
                                 <siri:SituationNumber>?</siri:SituationNumber>
                                 <!--Optional:-->
                                 <siri:UpdateCountryRef>?</siri:UpdateCountryRef>
                                 <!--Optional:-->
                                 <siri:UpdateParticipantRef>?</siri:UpdateParticipantRef>
                                 <!--Optional:-->
                                 <siri:Version>?</siri:Version>
                              </siri:SituationFullRef>
                           </siri:SituationRef>
                           <!--Optional:-->
                           <siri:Remedy>
                              <!--Optional:-->
                              <siri:RemedyType>?</siri:RemedyType>
                              <!--Zero or more repetitions:-->
                              <siri:Description xml:lang="?">?</siri:Description>
                              <!--Optional:-->
                              <siri:Extensions>
                                 <!--You may enter ANY elements at this point-->
                              </siri:Extensions>
                           </siri:Remedy>
                           <!--Optional:-->
                           <siri:MonitoringInfo>
                              <!--Optional:-->
                              <siri:MonitoringInterval>?</siri:MonitoringInterval>
                              <!--Optional:-->
                              <siri:MonitoringType>?</siri:MonitoringType>
                              <!--Optional:-->
                              <siri:MonitoringPeriod>
                                 <!--Zero or more repetitions:-->
                                 <siri:Period>
                                    <siri:StartTime>?</siri:StartTime>
                                    <!--Optional:-->
                                    <siri:EndTime>?</siri:EndTime>
                                 </siri:Period>
                                 <!--Zero or more repetitions:-->
                                 <siri:Timeband>
                                    <siri:StartTime>?</siri:StartTime>
                                    <!--Optional:-->
                                    <siri:EndTime>?</siri:EndTime>
                                 </siri:Timeband>
                                 <!--Zero or more repetitions:-->
                                 <siri:DayType>?</siri:DayType>
                                 <!--Zero or more repetitions:-->
                                 <siri:HolidayType>?</siri:HolidayType>
                              </siri:MonitoringPeriod>
                              <!--Optional:-->
                              <siri:Extensions>
                                 <!--You may enter ANY elements at this point-->
                              </siri:Extensions>
                           </siri:MonitoringInfo>
                           <!--Optional:-->
                           <siri:ValidityPeriod>
                              <siri:StartTime>?</siri:StartTime>
                              <!--Optional:-->
                              <siri:EndTime>?</siri:EndTime>
                           </siri:ValidityPeriod>
                           <!--Optional:-->
                           <siri:Extensions>
                              <!--You may enter ANY elements at this point-->
                           </siri:Extensions>
                        </siri:FacilityConditionElement>
                        <!--Optional:-->
                        <siri:FacilityChangeElement>
                           <!--Optional:-->
                           <siri:EquipmentAvailability>
                              <!--Optional:-->
                              <siri:EquipmentRef>?</siri:EquipmentRef>
                              <!--Zero or more repetitions:-->
                              <siri:Description xml:lang="?">?</siri:Description>
                              <!--Optional:-->
                              <siri:EquipmentTypeRef>?</siri:EquipmentTypeRef>
                              <!--Optional:-->
                              <siri:ValidityPeriod>
                                 <siri:StartTime>?</siri:StartTime>
                                 <!--Optional:-->
                                 <siri:EndTime>?</siri:EndTime>
                              </siri:ValidityPeriod>
                              <siri:EquipmentStatus>notAvailable</siri:EquipmentStatus>
                              <!--Optional:-->
                              <siri:EquipmentFeatures>
                                 <!--1 or more repetitions:-->
                                 <siri:FeatureRef>?</siri:FeatureRef>
                              </siri:EquipmentFeatures>
                              <!--Optional:-->
                              <siri:Extensions>
                                 <!--You may enter ANY elements at this point-->
                              </siri:Extensions>
                           </siri:EquipmentAvailability>
                           <!--Optional:-->
                           <siri:SituationRef>
                              <!--Optional:-->
                              <siri:SituationSimpleRef>?</siri:SituationSimpleRef>
                              <!--Optional:-->
                              <siri:SituationFullRef>
                                 <!--Optional:-->
                                 <siri:VersionCountryRef>?</siri:VersionCountryRef>
                                 <siri:ParticipantRef>?</siri:ParticipantRef>
                                 <siri:SituationNumber>?</siri:SituationNumber>
                                 <!--Optional:-->
                                 <siri:UpdateCountryRef>?</siri:UpdateCountryRef>
                                 <!--Optional:-->
                                 <siri:UpdateParticipantRef>?</siri:UpdateParticipantRef>
                                 <!--Optional:-->
                                 <siri:Version>?</siri:Version>
                              </siri:SituationFullRef>
                           </siri:SituationRef>
                           <!--Optional:-->
                           <siri:MobilityDisruption>
                              <siri:MobilityImpairedAccess>?</siri:MobilityImpairedAccess>
                              <!--Zero or more repetitions:-->
                              <siri:AccessFacility>unknown</siri:AccessFacility>
                           </siri:MobilityDisruption>
                        </siri:FacilityChangeElement>
                        <!--Zero or more repetitions:-->
                        <siri:SituationRef>
                           <!--Optional:-->
                           <siri:SituationSimpleRef>?</siri:SituationSimpleRef>
                           <!--Optional:-->
                           <siri:SituationFullRef>
                              <!--Optional:-->
                              <siri:VersionCountryRef>?</siri:VersionCountryRef>
                              <siri:ParticipantRef>?</siri:ParticipantRef>
                              <siri:SituationNumber>?</siri:SituationNumber>
                              <!--Optional:-->
                              <siri:UpdateCountryRef>?</siri:UpdateCountryRef>
                              <!--Optional:-->
                              <siri:UpdateParticipantRef>?</siri:UpdateParticipantRef>
                              <!--Optional:-->
                              <siri:Version>?</siri:Version>
                           </siri:SituationFullRef>
                        </siri:SituationRef>
                        <!--Optional:-->
                        <siri:AimedArrivalTime>?</siri:AimedArrivalTime>
                        <!--You have a CHOICE of the next 2 items at this level-->
                        <!--Optional:-->
                        <siri:ActualArrivalTime>?</siri:ActualArrivalTime>
                        <!--Optional:-->
                        <siri:ExpectedArrivalTime>?</siri:ExpectedArrivalTime>
                        <!--Optional:-->
                        <siri:LatestExpectedArrivalTime>?</siri:LatestExpectedArrivalTime>
                        <!--Optional:-->
                        <siri:ArrivalStatus>?</siri:ArrivalStatus>
                        <!--Optional:-->
                        <siri:ArrivalProximityText xml:lang="?">?</siri:ArrivalProximityText>
                        <!--Optional:-->
                        <siri:ArrivalPlatformName xml:lang="?">?</siri:ArrivalPlatformName>
                        <!--Optional:-->
                        <siri:ArrivalBoardingActivity>alighting</siri:ArrivalBoardingActivity>
                        <!--Optional:-->
                        <siri:ArrivalStopAssignment>
                           <!--Optional:-->
                           <siri:AimedQuayRef>?</siri:AimedQuayRef>
                           <!--Zero or more repetitions:-->
                           <siri:AimedQuayName xml:lang="?">?</siri:AimedQuayName>
                           <!--Optional:-->
                           <siri:ExpectedQuayRef>?</siri:ExpectedQuayRef>
                           <!--Optional:-->
                           <siri:ActualQuayRef>?</siri:ActualQuayRef>
                        </siri:ArrivalStopAssignment>
                        <!--Zero or more repetitions:-->
                        <siri:ArrivalOperatorRefs>?</siri:ArrivalOperatorRefs>
                        <!--Optional:-->
                        <siri:AimedDepartureTime>?</siri:AimedDepartureTime>
                        <!--You have a CHOICE of the next 2 items at this level-->
                        <!--Optional:-->
                        <siri:ActualDepartureTime>?</siri:ActualDepartureTime>
                        <!--Optional:-->
                        <siri:ExpectedDepartureTime>?</siri:ExpectedDepartureTime>
                        <!--Optional:-->
                        <siri:ProvisionalExpectedDepartureTime>?</siri:ProvisionalExpectedDepartureTime>
                        <!--Optional:-->
                        <siri:EarliestExpectedDepartureTime>?</siri:EarliestExpectedDepartureTime>
                        <!--Optional:-->
                        <siri:ExpectedDeparturePredictionQuality>
                           <siri:PredictionLevel>?</siri:PredictionLevel>
                           <!--Optional:-->
                           <siri:Percentile>0.9</siri:Percentile>
                           <!--Optional:-->
                           <siri:LowerTimeLimit>?</siri:LowerTimeLimit>
                           <!--Optional:-->
                           <siri:HigherTimeLimit>?</siri:HigherTimeLimit>
                        </siri:ExpectedDeparturePredictionQuality>
                        <!--Optional:-->
                        <siri:AimedLatestPassengerAccessTime>?</siri:AimedLatestPassengerAccessTime>
                        <!--Optional:-->
                        <siri:ExpectedLatestPassengerAccessTime>?</siri:ExpectedLatestPassengerAccessTime>
                        <!--Optional:-->
                        <siri:DepartureStatus>?</siri:DepartureStatus>
                        <!--Optional:-->
                        <siri:DepartureProximityText xml:lang="?">?</siri:DepartureProximityText>
                        <!--Optional:-->
                        <siri:DeparturePlatformName xml:lang="?">?</siri:DeparturePlatformName>
                        <!--Optional:-->
                        <siri:DepartureBoardingActivity>boarding</siri:DepartureBoardingActivity>
                        <!--Optional:-->
                        <siri:DepartureStopAssignment>
                           <!--Optional:-->
                           <siri:AimedQuayRef>?</siri:AimedQuayRef>
                           <!--Zero or more repetitions:-->
                           <siri:AimedQuayName xml:lang="?">?</siri:AimedQuayName>
                           <!--Optional:-->
                           <siri:ExpectedQuayRef>?</siri:ExpectedQuayRef>
                           <!--Optional:-->
                           <siri:ActualQuayRef>?</siri:ActualQuayRef>
                        </siri:DepartureStopAssignment>
                        <!--Zero or more repetitions:-->
                        <siri:DepartureOperatorRefs>?</siri:DepartureOperatorRefs>
                        <!--Optional:-->
                        <siri:AimedHeadwayInterval>?</siri:AimedHeadwayInterval>
                        <!--Optional:-->
                        <siri:ExpectedHeadwayInterval>?</siri:ExpectedHeadwayInterval>
                        <!--Optional:-->
                        <siri:DistanceFromStop>?</siri:DistanceFromStop>
                        <!--Optional:-->
                        <siri:NumberOfStopsAway>?</siri:NumberOfStopsAway>
                        <!--Optional:-->
                        <siri:Extensions>
                           <!--You may enter ANY elements at this point-->
                        </siri:Extensions>
                     </siri:MonitoredCall>
                     <!--Optional:-->
                     <siri:OnwardCalls>
                        <!--1 or more repetitions:-->
                        <siri:OnwardCall>
                           <!--Optional:-->
                           <siri:StopPointRef>?</siri:StopPointRef>
                           <!--Optional:-->
                           <siri:VisitNumber>?</siri:VisitNumber>
                           <!--Optional:-->
                           <siri:Order>?</siri:Order>
                           <!--Zero or more repetitions:-->
                           <siri:StopPointName xml:lang="?">?</siri:StopPointName>
                           <!--Optional:-->
                           <siri:VehicleAtStop>false</siri:VehicleAtStop>
                           <!--Optional:-->
                           <siri:TimingPoint>true</siri:TimingPoint>
                           <!--Optional:-->
                           <siri:AimedArrivalTime>?</siri:AimedArrivalTime>
                           <!--Optional:-->
                           <siri:ExpectedArrivalTime>?</siri:ExpectedArrivalTime>
                           <!--Optional:-->
                           <siri:ExpectedArrivalPredictionQuality>
                              <siri:PredictionLevel>?</siri:PredictionLevel>
                              <!--Optional:-->
                              <siri:Percentile>0.9</siri:Percentile>
                              <!--Optional:-->
                              <siri:LowerTimeLimit>?</siri:LowerTimeLimit>
                              <!--Optional:-->
                              <siri:HigherTimeLimit>?</siri:HigherTimeLimit>
                           </siri:ExpectedArrivalPredictionQuality>
                           <!--Optional:-->
                           <siri:ArrivalStatus>?</siri:ArrivalStatus>
                           <!--Optional:-->
                           <siri:ArrivalProximityText xml:lang="?">?</siri:ArrivalProximityText>
                           <!--Optional:-->
                           <siri:ArrivalPlatformName xml:lang="?">?</siri:ArrivalPlatformName>
                           <!--Optional:-->
                           <siri:ArrivalBoardingActivity>alighting</siri:ArrivalBoardingActivity>
                           <!--Optional:-->
                           <siri:ArrivalStopAssignment>
                              <!--Optional:-->
                              <siri:AimedQuayRef>?</siri:AimedQuayRef>
                              <!--Zero or more repetitions:-->
                              <siri:AimedQuayName xml:lang="?">?</siri:AimedQuayName>
                              <!--Optional:-->
                              <siri:ExpectedQuayRef>?</siri:ExpectedQuayRef>
                              <!--Optional:-->
                              <siri:ActualQuayRef>?</siri:ActualQuayRef>
                           </siri:ArrivalStopAssignment>
                           <!--Zero or more repetitions:-->
                           <siri:ArrivalOperatorRefs>?</siri:ArrivalOperatorRefs>
                           <!--Optional:-->
                           <siri:AimedDepartureTime>?</siri:AimedDepartureTime>
                           <!--Optional:-->
                           <siri:ExpectedDepartureTime>?</siri:ExpectedDepartureTime>
                           <!--Optional:-->
                           <siri:ProvisionalExpectedDepartureTime>?</siri:ProvisionalExpectedDepartureTime>
                           <!--Optional:-->
                           <siri:EarliestExpectedDepartureTime>?</siri:EarliestExpectedDepartureTime>
                           <!--Optional:-->
                           <siri:ExpectedDeparturePredictionQuality>
                              <siri:PredictionLevel>?</siri:PredictionLevel>
                              <!--Optional:-->
                              <siri:Percentile>0.9</siri:Percentile>
                              <!--Optional:-->
                              <siri:LowerTimeLimit>?</siri:LowerTimeLimit>
                              <!--Optional:-->
                              <siri:HigherTimeLimit>?</siri:HigherTimeLimit>
                           </siri:ExpectedDeparturePredictionQuality>
                           <!--Optional:-->
                           <siri:AimedLatestPassengerAccessTime>?</siri:AimedLatestPassengerAccessTime>
                           <!--Optional:-->
                           <siri:ExpectedLatestPassengerAccessTime>?</siri:ExpectedLatestPassengerAccessTime>
                           <!--Optional:-->
                           <siri:DepartureStatus>?</siri:DepartureStatus>
                           <!--Optional:-->
                           <siri:DepartureProximityText xml:lang="?">?</siri:DepartureProximityText>
                           <!--Optional:-->
                           <siri:DeparturePlatformName xml:lang="?">?</siri:DeparturePlatformName>
                           <!--Optional:-->
                           <siri:DepartureBoardingActivity>boarding</siri:DepartureBoardingActivity>
                           <!--Optional:-->
                           <siri:DepartureStopAssignment>
                              <!--Optional:-->
                              <siri:AimedQuayRef>?</siri:AimedQuayRef>
                              <!--Zero or more repetitions:-->
                              <siri:AimedQuayName xml:lang="?">?</siri:AimedQuayName>
                              <!--Optional:-->
                              <siri:ExpectedQuayRef>?</siri:ExpectedQuayRef>
                              <!--Optional:-->
                              <siri:ActualQuayRef>?</siri:ActualQuayRef>
                           </siri:DepartureStopAssignment>
                           <!--Zero or more repetitions:-->
                           <siri:DepartureOperatorRefs>?</siri:DepartureOperatorRefs>
                           <!--Optional:-->
                           <siri:AimedHeadwayInterval>?</siri:AimedHeadwayInterval>
                           <!--Optional:-->
                           <siri:ExpectedHeadwayInterval>?</siri:ExpectedHeadwayInterval>
                           <!--Optional:-->
                           <siri:DistanceFromStop>?</siri:DistanceFromStop>
                           <!--Optional:-->
                           <siri:NumberOfStopsAway>?</siri:NumberOfStopsAway>
                           <!--Optional:-->
                           <siri:Extensions>
                              <!--You may enter ANY elements at this point-->
                           </siri:Extensions>
                        </siri:OnwardCall>
                     </siri:OnwardCalls>
                     <!--Optional:-->
                     <siri:IsCompleteStopSequence>false</siri:IsCompleteStopSequence>
                  </siri:MonitoredVehicleJourney>
                  <!--Zero or more repetitions:-->
                  <siri:VehicleActivityNote xml:lang="?">?</siri:VehicleActivityNote>
                  <!--Optional:-->
                  <siri:Extensions>
                     <!--You may enter ANY elements at this point-->
                  </siri:Extensions>
               </siri:VehicleActivity>
               <!--Zero or more repetitions:-->
               <siri:VehicleActivityCancellation>
                  <siri:RecordedAtTime>?</siri:RecordedAtTime>
                  <!--Optional:-->
                  <siri:ItemRef>?</siri:ItemRef>
                  <!--Optional:-->
                  <siri:VehicleMonitoringRef>?</siri:VehicleMonitoringRef>
                  <!--Optional:-->
                  <siri:VehicleJourneyRef>
                     <siri:DataFrameRef>?</siri:DataFrameRef>
                     <siri:DatedVehicleJourneyRef>?</siri:DatedVehicleJourneyRef>
                  </siri:VehicleJourneyRef>
                  <siri:LineRef>?</siri:LineRef>
                  <siri:DirectionRef>?</siri:DirectionRef>
                  <!--Optional:-->
                  <siri:JourneyPatternRef>?</siri:JourneyPatternRef>
                  <!--Optional:-->
                  <siri:JourneyPatternName xml:lang="?">?</siri:JourneyPatternName>
                  <!--Zero or more repetitions:-->
                  <siri:VehicleMode>?</siri:VehicleMode>
                  <!--Optional:-->
                  <siri:RouteRef>?</siri:RouteRef>
                  <!--Zero or more repetitions:-->
                  <siri:PublishedLineName xml:lang="?">?</siri:PublishedLineName>
                  <!--Optional:-->
                  <siri:GroupOfLinesRef>?</siri:GroupOfLinesRef>
                  <!--Zero or more repetitions:-->
                  <siri:DirectionName xml:lang="?">?</siri:DirectionName>
                  <!--Optional:-->
                  <siri:ExternalLineRef>?</siri:ExternalLineRef>
                  <!--Zero or more repetitions:-->
                  <siri:Reason xml:lang="?">?</siri:Reason>
                  <!--Optional:-->
                  <siri:Extensions>
                     <!--You may enter ANY elements at this point-->
                  </siri:Extensions>
               </siri:VehicleActivityCancellation>
               <!--Zero or more repetitions:-->
               <siri:VehicleActivityNote xml:lang="?">?</siri:VehicleActivityNote>
               <!--Optional:-->
               <siri:Extensions>
                  <!--You may enter ANY elements at this point-->
               </siri:Extensions>
            </siri:VehicleMonitoringDelivery>
         </Notification>
         <NotifyExtension>
            <!--You may enter ANY elements at this point-->
         </NotifyExtension>
      </wsdl:NotifyVehicleMonitoring>
   </soapenv:Body>
</soapenv:Envelope>]]></con:request><con:wsaConfig mustUnderstand="NONE" version="200508" action="GetVehicleMonitoring"/></con:call></con:operation></con:interface><con:mockService port="8080" path="/test477Diffuseur" host="localhost" name="test477Diffuseur" bindToHostOnly="false" docroot=""><con:settings><con:setting id="com.eviware.soapui.impl.wsdl.mock.WsdlMockService@require-soap-action">false</con:setting></con:settings><con:mockOperation name="NotifyGeneralMessage" interface="SiriConsumerRpcBinding" operation="NotifyGeneralMessage"><con:settings/><con:dispatchStyle>SEQUENCE</con:dispatchStyle><con:defaultResponse>Response 1</con:defaultResponse><con:response name="Response 1" encoding="UTF-8"><con:settings/><con:responseContent/><con:wsaConfig mustUnderstand="NONE" version="200508" action="GetGeneralMessage"/></con:response><con:dispatchConfig/></con:mockOperation><con:properties/></con:mockService><con:mockService port="8080" path="/test477Producer" host="localhost" name="test477Producer" bindToHostOnly="false" docroot=""><con:settings><con:setting id="com.eviware.soapui.impl.wsdl.mock.WsdlMockService@require-soap-action">false</con:setting></con:settings><con:mockOperation name="Subscribe" interface="SiriProducerRpcBinding" operation="Subscribe"><con:settings/><con:dispatchStyle>SEQUENCE</con:dispatchStyle><con:defaultResponse>Response 1</con:defaultResponse><con:response name="Response 1" encoding="UTF-8"><con:settings/><con:script>import groovy.transform.Field

// create XmlHolder for request content
def holder = new com.eviware.soapui.support.XmlHolder( mockRequest.requestContent )
def fournisseur = "SNCF-ACCES"
// define namespace
holder.namespaces["siri"] = "http://www.siri.org.uk/siri"

// construction des valeurs communes de la response
requestContext.responseTimestamp=getCurrentTime()

// construction du header de la response
requestContext.responderRef=fournisseur
// récupération de l'id message de la request
requestContext.requestMessageRefHeader=holder["//siri:MessageIdentifier"][0]

// construction du body de la response
// récupération de l'id message de la request
requestContext.requestMessageRefBody=holder["//siri:MessageIdentifier"][1]
requestContext.subscriberRef=holder["//siri:SubscriberRef"]
requestContext.subscriptionRef=holder["//siri:SubscriptionIdentifier"]
requestContext.serviceStartedTime=getServiceStartedTime()

// Methodes utilitaires DATE
@Field Locale locale = Locale.FRENCH
@Field TimeZone timezone = TimeZone.getTimeZone("UTC")

// Methode Date permettant d'avoir la date courante à minuit
def getServiceStartedTime(){
	def calendar = Calendar.getInstance(timezone, locale);
	calendar.add(Calendar.HOUR, 0);
	calendar.set(Calendar.MINUTE, 0);
	calendar.set(Calendar.SECOND, 0);
	calendar.set(Calendar.MILLISECOND, 0);
	def calendarXML = javax.xml.datatype.DatatypeFactory.newInstance().newXMLGregorianCalendar(calendar);
	return calendarXML.normalize();
}

// Methode Date permettant d'avoir la date courante
def getCurrentTime(){
	def calendar = Calendar.getInstance(timezone, locale);
	def calendarXML = javax.xml.datatype.DatatypeFactory.newInstance().newXMLGregorianCalendar(calendar);
	return calendarXML.normalize();
}</con:script><con:responseContent><![CDATA[<soapenv:Envelope xmlns:soapenv="http://schemas.xmlsoap.org/soap/envelope/" xmlns:wsdl="http://wsdl.siri.org.uk" xmlns:siri="http://www.siri.org.uk/siri">
   <soapenv:Header/>
   <soapenv:Body>
      <wsdl:SubscribeResponse>
         <SubscriptionAnswerInfo>
            <siri:ResponseTimestamp>${responseTimestamp}</siri:ResponseTimestamp>
            <siri:ResponderRef>${responderRef}</siri:ResponderRef>
            <siri:RequestMessageRef>${requestMessageRefHeader}</siri:RequestMessageRef>
         </SubscriptionAnswerInfo>
         <Answer>
            <!--1 or more repetitions:-->
            <siri:ResponseStatus>
               <siri:ResponseTimestamp>${responseTimestamp}</siri:ResponseTimestamp>
               <siri:RequestMessageRef>${requestMessageRefBody}</siri:RequestMessageRef>
               <siri:SubscriberRef>${subscriberRef}</siri:SubscriberRef>
               <siri:SubscriptionRef>${subscriptionRef}</siri:SubscriptionRef>
               <siri:Status>true</siri:Status>
            </siri:ResponseStatus>
            <siri:ServiceStartedTime>${=javax.xml.datatype.DatatypeFactory.newInstance().newXMLGregorianCalendar(GregorianCalendar.getInstance())}</siri:ServiceStartedTime>
         </Answer>
         <AnswerExtension/>
      </wsdl:SubscribeResponse>
   </soapenv:Body>
</soapenv:Envelope>
]]></con:responseContent><con:wsaConfig mustUnderstand="NONE" version="200508" action="Subscribe"/></con:response><con:dispatchConfig/></con:mockOperation><con:mockOperation name="CheckStatus" interface="SiriProducerRpcBinding" operation="CheckStatus"><con:settings/><con:dispatchStyle>SEQUENCE</con:dispatchStyle><con:defaultResponse>Response 1</con:defaultResponse><con:response name="Response 1" encoding="UTF-8"><con:settings/><con:script>// create XmlHolder for request content
def holder = new com.eviware.soapui.support.XmlHolder( mockRequest.requestContent )

// define namespace
holder.namespaces["siri"] = "http://www.siri.org.uk/siri"

// get arguments
requestContext.idMessage = holder["//siri:MessageIdentifier"]

def calendar = Calendar.getInstance();
calendar.add(Calendar.HOUR,-5);
requestContext.serviceStartedTime = javax.xml.datatype.DatatypeFactory.newInstance().newXMLGregorianCalendar(calendar);</con:script><con:responseContent><![CDATA[<?xml version="1.0" encoding="UTF-8"?>
<soapenv:Envelope xmlns:soapenv="http://schemas.xmlsoap.org/soap/envelope/" xmlns:wsdl="http://wsdl.siri.org.uk" xmlns:siri="http://www.siri.org.uk/siri">
   <soapenv:Header/>
   <soapenv:Body>
      <wsdl:CheckStatusResponse>
         <CheckStatusAnswerInfo>
            <siri:ResponseTimestamp>${=javax.xml.datatype.DatatypeFactory.newInstance().newXMLGregorianCalendar(GregorianCalendar.getInstance())}</siri:ResponseTimestamp>
            <siri:ProducerRef>SNCF-ACCES</siri:ProducerRef>
            <siri:ResponseMessageIdentifier>RATP:Message::1:LOC</siri:ResponseMessageIdentifier>
            <siri:RequestMessageRef>${idMessage}</siri:RequestMessageRef>
         </CheckStatusAnswerInfo>
         <Answer>
            <siri:Status>true</siri:Status>
            <siri:ServiceStartedTime>2014-04-29T13:00:00.000+02:00</siri:ServiceStartedTime>
            
         </Answer>
         <AnswerExtension>
         </AnswerExtension>
      </wsdl:CheckStatusResponse>
   </soapenv:Body>
</soapenv:Envelope>]]></con:responseContent><con:wsaConfig mustUnderstand="NONE" version="200508" action="CheckStatus"/></con:response><con:dispatchConfig/></con:mockOperation><con:properties/></con:mockService><con:properties/><con:wssContainer/><con:sensitiveInformation/></con:soapui-project>