<?xml version="1.0" encoding="UTF-8"?>
<con:soapui-project activeEnvironment="Default" name="TEST_IVTR_UC_58" resourceRoot="" soapui-version="4.6.2" abortOnError="false" runType="SEQUENTIAL" xmlns:con="http://eviware.com/soapui/config"><con:settings/><con:interface xsi:type="con:WsdlInterface" wsaVersion="NONE" name="SiriProducerRpcBinding" type="wsdl" bindingName="{http://wsdl.siri.org.uk}SiriProducerRpcBinding" soapVersion="1_1" anonymous="optional" definition="file:/home/mickael/Workspace_stif/stif/commons/trunk/echange/src/main/wsdl/wsdl2-4/xsd/siri_wsProducer.wsdl" xmlns:xsi="http://www.w3.org/2001/XMLSchema-instance"><con:settings/><con:endpoints><con:endpoint>http://www.siri-service-location.com</con:endpoint></con:endpoints><con:operation isOneWay="false" action="CheckStatus" name="CheckStatus" bindingOperationName="CheckStatus" type="Request-Response" inputName="" receivesAttachments="false" sendsAttachments="false"><con:settings/></con:operation><con:operation isOneWay="false" action="ConnectionLinksDiscovery" name="ConnectionLinksDiscovery" bindingOperationName="ConnectionLinksDiscovery" type="Request-Response" inputName="" receivesAttachments="false" sendsAttachments="false"><con:settings/></con:operation><con:operation isOneWay="false" action="DataSupply" name="DataSupply" bindingOperationName="DataSupply" type="Request-Response" inputName="" receivesAttachments="false" sendsAttachments="false"><con:settings/></con:operation><con:operation isOneWay="false" action="DeleteSubscription" name="DeleteSubscription" bindingOperationName="DeleteSubscription" type="Request-Response" inputName="" receivesAttachments="false" sendsAttachments="false"><con:settings/></con:operation><con:operation isOneWay="false" action="GetCapabilities" name="GetCapabilities" bindingOperationName="GetCapabilities" type="Request-Response" inputName="" receivesAttachments="false" sendsAttachments="false"><con:settings/></con:operation><con:operation isOneWay="false" action="GetConnectionMonitoring" name="GetConnectionMonitoring" bindingOperationName="GetConnectionMonitoring" type="Request-Response" inputName="" receivesAttachments="false" sendsAttachments="false"><con:settings/></con:operation><con:operation isOneWay="false" action="GetConnectionTimetable" name="GetConnectionTimetable" bindingOperationName="GetConnectionTimetable" type="Request-Response" inputName="" receivesAttachments="false" sendsAttachments="false"><con:settings/></con:operation><con:operation isOneWay="false" action="GetEstimatedTimetable" name="GetEstimatedTimetable" bindingOperationName="GetEstimatedTimetable" type="Request-Response" inputName="" receivesAttachments="false" sendsAttachments="false"><con:settings/></con:operation><con:operation isOneWay="false" action="GetFacilityMonitoring" name="GetFacilityMonitoring" bindingOperationName="GetFacilityMonitoring" type="Request-Response" inputName="" receivesAttachments="false" sendsAttachments="false"><con:settings/></con:operation><con:operation isOneWay="false" action="GetGeneralMessage" name="GetGeneralMessage" bindingOperationName="GetGeneralMessage" type="Request-Response" inputName="" receivesAttachments="false" sendsAttachments="false"><con:settings/></con:operation><con:operation isOneWay="false" action="GetMultipleStopMonitoring" name="GetMultipleStopMonitoring" bindingOperationName="GetMultipleStopMonitoring" type="Request-Response" inputName="" receivesAttachments="false" sendsAttachments="false"><con:settings/></con:operation><con:operation isOneWay="false" action="GetProductionTimetable" name="GetProductionTimetable" bindingOperationName="GetProductionTimetable" type="Request-Response" inputName="" receivesAttachments="false" sendsAttachments="false"><con:settings/></con:operation><con:operation isOneWay="false" action="GetSiriService" name="GetSiriService" bindingOperationName="GetSiriService" type="Request-Response" inputName="" receivesAttachments="false" sendsAttachments="false"><con:settings/></con:operation><con:operation isOneWay="false" action="GetSituationExchange" name="GetSituationExchange" bindingOperationName="GetSituationExchange" type="Request-Response" inputName="" receivesAttachments="false" sendsAttachments="false"><con:settings/></con:operation><con:operation isOneWay="false" action="GetStopMonitoring" name="GetStopMonitoring" bindingOperationName="GetStopMonitoring" type="Request-Response" inputName="" receivesAttachments="false" sendsAttachments="false"><con:settings/></con:operation><con:operation isOneWay="false" action="GetStopTimetable" name="GetStopTimetable" bindingOperationName="GetStopTimetable" type="Request-Response" inputName="" receivesAttachments="false" sendsAttachments="false"><con:settings/></con:operation><con:operation isOneWay="false" action="GetVehicleMonitoring" name="GetVehicleMonitoring" bindingOperationName="GetVehicleMonitoring" type="Request-Response" inputName="" receivesAttachments="false" sendsAttachments="false"><con:settings/></con:operation><con:operation isOneWay="false" action="LinesDiscovery" name="LinesDiscovery" bindingOperationName="LinesDiscovery" type="Request-Response" inputName="" receivesAttachments="false" sendsAttachments="false"><con:settings/></con:operation><con:operation isOneWay="false" action="StopPointsDiscovery" name="StopPointsDiscovery" bindingOperationName="StopPointsDiscovery" type="Request-Response" inputName="" receivesAttachments="false" sendsAttachments="false"><con:settings/></con:operation><con:operation isOneWay="false" action="Subscribe" name="Subscribe" bindingOperationName="Subscribe" type="Request-Response" inputName="" receivesAttachments="false" sendsAttachments="false" anonymous="optional"><con:settings/></con:operation></con:interface><con:mockService port="8080" path="/TEST973" host="stif-pc-dev-05" name="TEST973" bindToHostOnly="false" docroot=""><con:settings><con:setting id="com.eviware.soapui.impl.wsdl.mock.WsdlMockService@require-soap-action">false</con:setting></con:settings><con:mockOperation name="GetStopMonitoring" interface="SiriProducerRpcBinding" operation="GetStopMonitoring"><con:settings/><con:dispatchStyle>SEQUENCE</con:dispatchStyle><con:defaultResponse>Response 1</con:defaultResponse><con:response name="Response 1" encoding="UTF-8" httpResponseStatus="200"><con:settings/><con:responseContent><![CDATA[<soapenv:Envelope xmlns:soapenv="http://schemas.xmlsoap.org/soap/envelope/" xmlns:wsdl="http://wsdl.siri.org.uk" xmlns:siri="http://www.siri.org.uk/siri" xmlns:acsb="http://www.ifopt.org.uk/acsb" xmlns:ifop="http://www.ifopt.org.uk/ifopt">
   <soapenv:Header/>
   <soapenv:Body>
      <wsdl:GetStopMonitoringResponse>
         <ServiceDeliveryInfo>
            <siri:ResponseTimestamp>?</siri:ResponseTimestamp>
            <!--Optional:-->
            <siri:ProducerRef>?</siri:ProducerRef>
            <!--Optional:-->
            <siri:Address>?</siri:Address>
            <!--Optional:-->
            <siri:ResponseMessageIdentifier>?</siri:ResponseMessageIdentifier>
            <!--Optional:-->
            <siri:RequestMessageRef>?</siri:RequestMessageRef>
         </ServiceDeliveryInfo>
         <Answer>
            <!--1 or more repetitions:-->
            <siri:StopMonitoringDelivery version="2.0">
               <siri:ResponseTimestamp>?</siri:ResponseTimestamp>
               <!--You have a CHOICE of the next 2 items at this level-->
               <!--Optional:-->
               <siri:RequestMessageRef>?</siri:RequestMessageRef>
               <!--Optional:-->
               <siri:SubscriberRef>?</siri:SubscriberRef>
               <!--Optional:-->
               <siri:SubscriptionFilterRef>?</siri:SubscriptionFilterRef>
               <siri:SubscriptionRef>?</siri:SubscriptionRef>
               <!--Optional:-->
               <siri:DelegatorAddress>?</siri:DelegatorAddress>
               <!--Optional:-->
               <siri:DelegatorRef>?</siri:DelegatorRef>
               <!--Optional:-->
               <siri:Status>true</siri:Status>
               <!--Optional:-->
               <siri:ErrorCondition>
                  <!--You have a CHOICE of the next 15 items at this level-->
                  <siri:UnapprovedKeyAccessError number="?">
                     <!--Optional:-->
                     <siri:ErrorText>?</siri:ErrorText>
                     <!--Optional:-->
                     <siri:Key>?</siri:Key>
                  </siri:UnapprovedKeyAccessError>
                  <siri:UnknownParticipantError number="?">
                     <!--Optional:-->
                     <siri:ErrorText>?</siri:ErrorText>
                     <!--Optional:-->
                     <siri:ParticipantRef>?</siri:ParticipantRef>
                  </siri:UnknownParticipantError>
                  <siri:UnknownEndpointError number="?">
                     <!--Optional:-->
                     <siri:ErrorText>?</siri:ErrorText>
                     <!--Optional:-->
                     <siri:Endpoint>?</siri:Endpoint>
                  </siri:UnknownEndpointError>
                  <siri:EndpointDeniedAccessError number="?">
                     <!--Optional:-->
                     <siri:ErrorText>?</siri:ErrorText>
                     <!--Optional:-->
                     <siri:Endpoint>?</siri:Endpoint>
                  </siri:EndpointDeniedAccessError>
                  <siri:EndpointNotAvailableAccessError number="?">
                     <!--Optional:-->
                     <siri:ErrorText>?</siri:ErrorText>
                     <!--Optional:-->
                     <siri:Endpoint>?</siri:Endpoint>
                  </siri:EndpointNotAvailableAccessError>
                  <siri:ServiceNotAvailableError number="?">
                     <!--Optional:-->
                     <siri:ErrorText>?</siri:ErrorText>
                     <!--Optional:-->
                     <siri:ExpectedRestartTime>?</siri:ExpectedRestartTime>
                  </siri:ServiceNotAvailableError>
                  <siri:CapabilityNotSupportedError number="?">
                     <!--Optional:-->
                     <siri:ErrorText>?</siri:ErrorText>
                     <!--Optional:-->
                     <siri:CapabilityRef>?</siri:CapabilityRef>
                  </siri:CapabilityNotSupportedError>
                  <siri:AccessNotAllowedError number="?">
                     <!--Optional:-->
                     <siri:ErrorText>?</siri:ErrorText>
                  </siri:AccessNotAllowedError>
                  <siri:InvalidDataReferencesError number="?">
                     <!--Optional:-->
                     <siri:ErrorText>?</siri:ErrorText>
                     <!--Zero or more repetitions:-->
                     <siri:InvalidRef>?</siri:InvalidRef>
                  </siri:InvalidDataReferencesError>
                  <siri:BeyondDataHorizon number="?">
                     <!--Optional:-->
                     <siri:ErrorText>?</siri:ErrorText>
                  </siri:BeyondDataHorizon>
                  <siri:NoInfoForTopicError number="?">
                     <!--Optional:-->
                     <siri:ErrorText>?</siri:ErrorText>
                  </siri:NoInfoForTopicError>
                  <siri:ParametersIgnoredError number="?">
                     <!--Optional:-->
                     <siri:ErrorText>?</siri:ErrorText>
                     <!--Zero or more repetitions:-->
                     <siri:ParameterName>?</siri:ParameterName>
                  </siri:ParametersIgnoredError>
                  <siri:UnknownExtensionsError number="?">
                     <!--Optional:-->
                     <siri:ErrorText>?</siri:ErrorText>
                     <!--Zero or more repetitions:-->
                     <siri:ExtensionName>?</siri:ExtensionName>
                  </siri:UnknownExtensionsError>
                  <siri:AllowedResourceUsageExceededError number="?">
                     <!--Optional:-->
                     <siri:ErrorText>?</siri:ErrorText>
                  </siri:AllowedResourceUsageExceededError>
                  <siri:OtherError number="?">
                     <!--Optional:-->
                     <siri:ErrorText>?</siri:ErrorText>
                  </siri:OtherError>
                  <!--Optional:-->
                  <siri:Description>?</siri:Description>
               </siri:ErrorCondition>
               <!--Optional:-->
               <siri:ValidUntil>?</siri:ValidUntil>
               <!--Optional:-->
               <siri:ShortestPossibleCycle>?</siri:ShortestPossibleCycle>
               <!--Optional:-->
               <siri:DefaultLanguage>?</siri:DefaultLanguage>
               <!--Zero or more repetitions:-->
               <siri:MonitoringRef>?</siri:MonitoringRef>
               <!--Zero or more repetitions:-->
               <siri:MonitoringName xml:lang="?">?</siri:MonitoringName>
               <!--Zero or more repetitions:-->
               <siri:MonitoredStopVisit>
                  <siri:RecordedAtTime>?</siri:RecordedAtTime>
                  <!--Optional:-->
                  <siri:ItemIdentifier>?</siri:ItemIdentifier>
                  <!--Optional:-->
                  <siri:ValidUntilTime>?</siri:ValidUntilTime>
                  <siri:MonitoringRef>?</siri:MonitoringRef>
                  <!--Optional:-->
                  <siri:ClearDownRef>?</siri:ClearDownRef>
                  <siri:MonitoredVehicleJourney>
                     <!--Optional:-->
                     <siri:LineRef>?</siri:LineRef>
                     <!--Optional:-->
                     <siri:DirectionRef>?</siri:DirectionRef>
                     <!--Optional:-->
                     <siri:FramedVehicleJourneyRef>
                        <siri:DataFrameRef>?</siri:DataFrameRef>
                        <siri:DatedVehicleJourneyRef>?</siri:DatedVehicleJourneyRef>
                     </siri:FramedVehicleJourneyRef>
                     <!--Optional:-->
                     <siri:JourneyPatternRef>?</siri:JourneyPatternRef>
                     <!--Optional:-->
                     <siri:JourneyPatternName xml:lang="?">?</siri:JourneyPatternName>
                     <!--Zero or more repetitions:-->
                     <siri:VehicleMode>?</siri:VehicleMode>
                     <!--Optional:-->
                     <siri:RouteRef>?</siri:RouteRef>
                     <!--Zero or more repetitions:-->
                     <siri:PublishedLineName xml:lang="?">?</siri:PublishedLineName>
                     <!--Optional:-->
                     <siri:GroupOfLinesRef>?</siri:GroupOfLinesRef>
                     <!--Zero or more repetitions:-->
                     <siri:DirectionName xml:lang="?">?</siri:DirectionName>
                     <!--Optional:-->
                     <siri:ExternalLineRef>?</siri:ExternalLineRef>
                     <!--Optional:-->
                     <siri:OperatorRef>?</siri:OperatorRef>
                     <!--Optional:-->
                     <siri:ProductCategoryRef>?</siri:ProductCategoryRef>
                     <!--Zero or more repetitions:-->
                     <siri:ServiceFeatureRef>?</siri:ServiceFeatureRef>
                     <!--Zero or more repetitions:-->
                     <siri:VehicleFeatureRef>?</siri:VehicleFeatureRef>
                     <!--Optional:-->
                     <siri:OriginRef>?</siri:OriginRef>
                     <!--Zero or more repetitions:-->
                     <siri:OriginName xml:lang="?">?</siri:OriginName>
                     <!--Zero or more repetitions:-->
                     <siri:OriginShortName xml:lang="?">?</siri:OriginShortName>
                     <!--Zero or more repetitions:-->
                     <siri:DestinationDisplayAtOrigin xml:lang="?">?</siri:DestinationDisplayAtOrigin>
                     <!--Zero or more repetitions:-->
                     <siri:Via>
                        <!--Optional:-->
                        <siri:PlaceRef>?</siri:PlaceRef>
                        <!--Zero or more repetitions:-->
                        <siri:PlaceName xml:lang="?">?</siri:PlaceName>
                        <!--Zero or more repetitions:-->
                        <siri:PlaceShortName xml:lang="?">?</siri:PlaceShortName>
                        <!--Optional:-->
                        <siri:ViaPriority>2</siri:ViaPriority>
                     </siri:Via>
                     <!--Optional:-->
                     <siri:DestinationRef>?</siri:DestinationRef>
                     <!--Zero or more repetitions:-->
                     <siri:DestinationName xml:lang="?">?</siri:DestinationName>
                     <!--Zero or more repetitions:-->
                     <siri:DestinationShortName xml:lang="?">?</siri:DestinationShortName>
                     <!--Zero or more repetitions:-->
                     <siri:VehicleJourneyName xml:lang="?">?</siri:VehicleJourneyName>
                     <!--Zero or more repetitions:-->
                     <siri:JourneyNote xml:lang="?">?</siri:JourneyNote>
                     <!--Optional:-->
                     <siri:PublicContact>
                        <!--Optional:-->
                        <siri:PhoneNumber>?</siri:PhoneNumber>
                        <!--Optional:-->
                        <siri:Url>?</siri:Url>
                     </siri:PublicContact>
                     <!--Optional:-->
                     <siri:OperationsContact>
                        <!--Optional:-->
                        <siri:PhoneNumber>?</siri:PhoneNumber>
                        <!--Optional:-->
                        <siri:Url>?</siri:Url>
                     </siri:OperationsContact>
                     <!--Optional:-->
                     <siri:HeadwayService>false</siri:HeadwayService>
                     <!--Optional:-->
                     <siri:OriginAimedDepartureTime>?</siri:OriginAimedDepartureTime>
                     <!--Optional:-->
                     <siri:DestinationAimedArrivalTime>?</siri:DestinationAimedArrivalTime>
                     <!--Optional:-->
                     <siri:FirstOrLastJourney>unspecified</siri:FirstOrLastJourney>
                     <!--Zero or more repetitions:-->
                     <siri:FacilityConditionElement>
                        <!--You have a CHOICE of the next 2 items at this level-->
                        <siri:Facility>
                           <!--Optional:-->
                           <siri:FacilityCode>?</siri:FacilityCode>
                           <!--Zero or more repetitions:-->
                           <siri:Description xml:lang="?">?</siri:Description>
                           <!--Zero or more repetitions:-->
                           <siri:FacilityClass>?</siri:FacilityClass>
                           <!--Optional:-->
                           <siri:Features>
                              <!--1 or more repetitions:-->
                              <siri:Feature>
                                 <!--You have a CHOICE of the next 16 items at this level-->
                                 <siri:AccessFacility>unknown</siri:AccessFacility>
                                 <siri:AccommodationFacility>unknown</siri:AccommodationFacility>
                                 <siri:AssistanceFacility>unknown</siri:AssistanceFacility>
                                 <siri:FareClassFacility>unknown</siri:FareClassFacility>
                                 <siri:HireFacility>unknown</siri:HireFacility>
                                 <siri:LuggageFacility>unknown</siri:LuggageFacility>
                                 <siri:MobilityFacility>unknown</siri:MobilityFacility>
                                 <siri:NuisanceFacility>unknown</siri:NuisanceFacility>
                                 <siri:ParkingFacility>?</siri:ParkingFacility>
                                 <siri:PassengerCommsFacility>unknown</siri:PassengerCommsFacility>
                                 <siri:PassengerInformationFacility>unknown</siri:PassengerInformationFacility>
                                 <siri:RefreshmentFacility>unknown</siri:RefreshmentFacility>
                                 <siri:ReservedSpaceFacility>unknown</siri:ReservedSpaceFacility>
                                 <siri:RetailFacility>unknown</siri:RetailFacility>
                                 <siri:SanitaryFacility>unknown</siri:SanitaryFacility>
                                 <siri:TicketingFacility>unknown</siri:TicketingFacility>
                              </siri:Feature>
                           </siri:Features>
                           <!--Optional:-->
                           <siri:OwnerRef>?</siri:OwnerRef>
                           <!--Optional:-->
                           <siri:OwnerName xml:lang="?">?</siri:OwnerName>
                           <!--Optional:-->
                           <siri:ValidityCondition>
                              <!--Zero or more repetitions:-->
                              <siri:Period>
                                 <siri:StartTime>?</siri:StartTime>
                                 <!--Optional:-->
                                 <siri:EndTime>?</siri:EndTime>
                              </siri:Period>
                              <!--Zero or more repetitions:-->
                              <siri:Timeband>
                                 <siri:StartTime>?</siri:StartTime>
                                 <!--Optional:-->
                                 <siri:EndTime>?</siri:EndTime>
                              </siri:Timeband>
                              <!--Zero or more repetitions:-->
                              <siri:DayType>?</siri:DayType>
                              <!--Zero or more repetitions:-->
                              <siri:HolidayType>?</siri:HolidayType>
                           </siri:ValidityCondition>
                           <!--Optional:-->
                           <siri:FacilityLocation>
                              <!--Optional:-->
                              <siri:LineRef>?</siri:LineRef>
                              <!--Optional:-->
                              <siri:StopPointRef>?</siri:StopPointRef>
                              <!--Optional:-->
                              <siri:VehicleRef>?</siri:VehicleRef>
                              <!--Optional:-->
                              <siri:DatedVehicleJourneyRef>?</siri:DatedVehicleJourneyRef>
                              <!--Optional:-->
                              <siri:ConnectionLinkRef>?</siri:ConnectionLinkRef>
                              <!--Optional:-->
                              <siri:InterchangeRef>?</siri:InterchangeRef>
                              <!--Optional:-->
                              <siri:StopPlaceRef>?</siri:StopPlaceRef>
                              <!--Optional:-->
                              <siri:StopPlaceComponentId>?</siri:StopPlaceComponentId>
                              <!--Optional:-->
                              <siri:OperatorRef>?</siri:OperatorRef>
                              <!--Optional:-->
                              <siri:ProductCategoryRef>?</siri:ProductCategoryRef>
                              <!--Zero or more repetitions:-->
                              <siri:ServiceFeatureRef>?</siri:ServiceFeatureRef>
                              <!--Zero or more repetitions:-->
                              <siri:VehicleFeatureRef>?</siri:VehicleFeatureRef>
                           </siri:FacilityLocation>
                           <!--Optional:-->
                           <siri:Limitations>
                              <acsb:WheelchairAccess>false</acsb:WheelchairAccess>
                              <!--Optional:-->
                              <acsb:StepFreeAccess>unknown</acsb:StepFreeAccess>
                              <!--Optional:-->
                              <acsb:EscalatorFreeAccess>unknown</acsb:EscalatorFreeAccess>
                              <!--Optional:-->
                              <acsb:LiftFreeAccess>unknown</acsb:LiftFreeAccess>
                              <!--Optional:-->
                              <acsb:AudibleSignalsAvailable>false</acsb:AudibleSignalsAvailable>
                              <!--Optional:-->
                              <acsb:VisualSignsAvailable>unknown</acsb:VisualSignsAvailable>
                           </siri:Limitations>
                           <!--Optional:-->
                           <siri:Suitabilities>
                              <!--1 or more repetitions:-->
                              <siri:Suitability>
                                 <acsb:Suitable>?</acsb:Suitable>
                                 <acsb:UserNeed>
                                    <!--You have a CHOICE of the next 4 items at this level-->
                                    <acsb:MobilityNeed>?</acsb:MobilityNeed>
                                    <acsb:PsychosensoryNeed>?</acsb:PsychosensoryNeed>
                                    <acsb:MedicalNeed>?</acsb:MedicalNeed>
                                    <acsb:EncumbranceNeed>?</acsb:EncumbranceNeed>
                                    <!--Optional:-->
                                    <acsb:Excluded>?</acsb:Excluded>
                                    <!--Optional:-->
                                    <acsb:NeedRanking>?</acsb:NeedRanking>
                                    <!--Optional:-->
                                    <acsb:Extensions>?</acsb:Extensions>
                                 </acsb:UserNeed>
                              </siri:Suitability>
                           </siri:Suitabilities>
                           <!--Optional:-->
                           <siri:AccessibilityAssessment>
                              <acsb:MobilityImpairedAccess>?</acsb:MobilityImpairedAccess>
                              <!--Optional:-->
                              <acsb:Limitations>
                                 <!--1 or more repetitions:-->
                                 <acsb:AccessibilityLimitation>
                                    <!--Optional:-->
                                    <acsb:LimitationId>?</acsb:LimitationId>
                                    <!--Optional:-->
                                    <acsb:ValidityCondition>
                                       <!--Optional:-->
                                       <ifop:FromDateTime>?</ifop:FromDateTime>
                                       <!--Optional:-->
                                       <ifop:ToDateTime>?</ifop:ToDateTime>
                                       <!--Optional:-->
                                       <ifop:DayType>?</ifop:DayType>
                                       <!--Zero or more repetitions:-->
                                       <ifop:Timebands>
                                          <ifop:Timeband>
                                             <ifop:StartTime>?</ifop:StartTime>
                                             <!--Optional:-->
                                             <ifop:EndTime>?</ifop:EndTime>
                                          </ifop:Timeband>
                                       </ifop:Timebands>
                                    </acsb:ValidityCondition>
                                    <acsb:WheelchairAccess>false</acsb:WheelchairAccess>
                                    <!--Optional:-->
                                    <acsb:StepFreeAccess>unknown</acsb:StepFreeAccess>
                                    <!--Optional:-->
                                    <acsb:EscalatorFreeAccess>unknown</acsb:EscalatorFreeAccess>
                                    <!--Optional:-->
                                    <acsb:LiftFreeAccess>unknown</acsb:LiftFreeAccess>
                                    <!--Optional:-->
                                    <acsb:AudibleSignalsAvailable>false</acsb:AudibleSignalsAvailable>
                                    <!--Optional:-->
                                    <acsb:VisualSignsAvailable>unknown</acsb:VisualSignsAvailable>
                                    <!--Optional:-->
                                    <ifop:Extensions>
                                       e
                                       <!--You may enter ANY elements at this point-->
                                       gero
                                    </ifop:Extensions>
                                 </acsb:AccessibilityLimitation>
                              </acsb:Limitations>
                              <!--Optional:-->
                              <acsb:Suitabilities>
                                 <!--1 or more repetitions:-->
                                 <acsb:Suitability>
                                    <acsb:Suitable>?</acsb:Suitable>
                                    <acsb:UserNeed>
                                       <!--You have a CHOICE of the next 4 items at this level-->
                                       <acsb:MobilityNeed>?</acsb:MobilityNeed>
                                       <acsb:PsychosensoryNeed>?</acsb:PsychosensoryNeed>
                                       <acsb:MedicalNeed>?</acsb:MedicalNeed>
                                       <acsb:EncumbranceNeed>?</acsb:EncumbranceNeed>
                                       <!--Optional:-->
                                       <acsb:Excluded>?</acsb:Excluded>
                                       <!--Optional:-->
                                       <acsb:NeedRanking>?</acsb:NeedRanking>
                                       <!--Optional:-->
                                       <acsb:Extensions>?</acsb:Extensions>
                                    </acsb:UserNeed>
                                 </acsb:Suitability>
                              </acsb:Suitabilities>
                              <!--Optional:-->
                              <ifop:Extensions>
                                 cum
                                 <!--You may enter ANY elements at this point-->
                                 sonoras
                              </ifop:Extensions>
                           </siri:AccessibilityAssessment>
                           <!--Optional:-->
                           <siri:Extensions>
                              <!--You may enter ANY elements at this point-->
                           </siri:Extensions>
                        </siri:Facility>
                        <siri:FacilityRef>?</siri:FacilityRef>
                        <siri:FacilityStatus>
                           <siri:Status>?</siri:Status>
                           <!--Zero or more repetitions:-->
                           <siri:Description xml:lang="?">?</siri:Description>
                           <!--Optional:-->
                           <siri:AccessibilityAssessment>
                              <acsb:MobilityImpairedAccess>?</acsb:MobilityImpairedAccess>
                              <!--Optional:-->
                              <acsb:Limitations>
                                 <!--1 or more repetitions:-->
                                 <acsb:AccessibilityLimitation>
                                    <!--Optional:-->
                                    <acsb:LimitationId>?</acsb:LimitationId>
                                    <!--Optional:-->
                                    <acsb:ValidityCondition>
                                       <!--Optional:-->
                                       <ifop:FromDateTime>?</ifop:FromDateTime>
                                       <!--Optional:-->
                                       <ifop:ToDateTime>?</ifop:ToDateTime>
                                       <!--Optional:-->
                                       <ifop:DayType>?</ifop:DayType>
                                       <!--Zero or more repetitions:-->
                                       <ifop:Timebands>
                                          <ifop:Timeband>
                                             <ifop:StartTime>?</ifop:StartTime>
                                             <!--Optional:-->
                                             <ifop:EndTime>?</ifop:EndTime>
                                          </ifop:Timeband>
                                       </ifop:Timebands>
                                    </acsb:ValidityCondition>
                                    <acsb:WheelchairAccess>false</acsb:WheelchairAccess>
                                    <!--Optional:-->
                                    <acsb:StepFreeAccess>unknown</acsb:StepFreeAccess>
                                    <!--Optional:-->
                                    <acsb:EscalatorFreeAccess>unknown</acsb:EscalatorFreeAccess>
                                    <!--Optional:-->
                                    <acsb:LiftFreeAccess>unknown</acsb:LiftFreeAccess>
                                    <!--Optional:-->
                                    <acsb:AudibleSignalsAvailable>false</acsb:AudibleSignalsAvailable>
                                    <!--Optional:-->
                                    <acsb:VisualSignsAvailable>unknown</acsb:VisualSignsAvailable>
                                    <!--Optional:-->
                                    <ifop:Extensions>
                                       aeoliam
                                       <!--You may enter ANY elements at this point-->
                                       quae
                                    </ifop:Extensions>
                                 </acsb:AccessibilityLimitation>
                              </acsb:Limitations>
                              <!--Optional:-->
                              <acsb:Suitabilities>
                                 <!--1 or more repetitions:-->
                                 <acsb:Suitability>
                                    <acsb:Suitable>?</acsb:Suitable>
                                    <acsb:UserNeed>
                                       <!--You have a CHOICE of the next 4 items at this level-->
                                       <acsb:MobilityNeed>?</acsb:MobilityNeed>
                                       <acsb:PsychosensoryNeed>?</acsb:PsychosensoryNeed>
                                       <acsb:MedicalNeed>?</acsb:MedicalNeed>
                                       <acsb:EncumbranceNeed>?</acsb:EncumbranceNeed>
                                       <!--Optional:-->
                                       <acsb:Excluded>?</acsb:Excluded>
                                       <!--Optional:-->
                                       <acsb:NeedRanking>?</acsb:NeedRanking>
                                       <!--Optional:-->
                                       <acsb:Extensions>?</acsb:Extensions>
                                    </acsb:UserNeed>
                                 </acsb:Suitability>
                              </acsb:Suitabilities>
                              <!--Optional:-->
                              <ifop:Extensions>
                                 ventos
                                 <!--You may enter ANY elements at this point-->
                                 verrantque
                              </ifop:Extensions>
                           </siri:AccessibilityAssessment>
                           <!--Optional:-->
                           <siri:Extensions>
                              <!--You may enter ANY elements at this point-->
                           </siri:Extensions>
                        </siri:FacilityStatus>
                        <!--Optional:-->
                        <siri:SituationRef>
                           <!--Optional:-->
                           <siri:SituationSimpleRef>?</siri:SituationSimpleRef>
                           <!--Optional:-->
                           <siri:SituationFullRef>
                              <!--Optional:-->
                              <siri:VersionCountryRef>?</siri:VersionCountryRef>
                              <siri:ParticipantRef>?</siri:ParticipantRef>
                              <siri:SituationNumber>?</siri:SituationNumber>
                              <!--Optional:-->
                              <siri:UpdateCountryRef>?</siri:UpdateCountryRef>
                              <!--Optional:-->
                              <siri:UpdateParticipantRef>?</siri:UpdateParticipantRef>
                              <!--Optional:-->
                              <siri:Version>?</siri:Version>
                           </siri:SituationFullRef>
                        </siri:SituationRef>
                        <!--Optional:-->
                        <siri:Remedy>
                           <!--Optional:-->
                           <siri:RemedyType>?</siri:RemedyType>
                           <!--Zero or more repetitions:-->
                           <siri:Description xml:lang="?">?</siri:Description>
                           <!--Optional:-->
                           <siri:Extensions>
                              <!--You may enter ANY elements at this point-->
                           </siri:Extensions>
                        </siri:Remedy>
                        <!--Optional:-->
                        <siri:MonitoringInfo>
                           <!--Optional:-->
                           <siri:MonitoringInterval>?</siri:MonitoringInterval>
                           <!--Optional:-->
                           <siri:MonitoringType>?</siri:MonitoringType>
                           <!--Optional:-->
                           <siri:MonitoringPeriod>
                              <!--Zero or more repetitions:-->
                              <siri:Period>
                                 <siri:StartTime>?</siri:StartTime>
                                 <!--Optional:-->
                                 <siri:EndTime>?</siri:EndTime>
                              </siri:Period>
                              <!--Zero or more repetitions:-->
                              <siri:Timeband>
                                 <siri:StartTime>?</siri:StartTime>
                                 <!--Optional:-->
                                 <siri:EndTime>?</siri:EndTime>
                              </siri:Timeband>
                              <!--Zero or more repetitions:-->
                              <siri:DayType>?</siri:DayType>
                              <!--Zero or more repetitions:-->
                              <siri:HolidayType>?</siri:HolidayType>
                           </siri:MonitoringPeriod>
                           <!--Optional:-->
                           <siri:Extensions>
                              <!--You may enter ANY elements at this point-->
                           </siri:Extensions>
                        </siri:MonitoringInfo>
                        <!--Optional:-->
                        <siri:ValidityPeriod>
                           <siri:StartTime>?</siri:StartTime>
                           <!--Optional:-->
                           <siri:EndTime>?</siri:EndTime>
                        </siri:ValidityPeriod>
                        <!--Optional:-->
                        <siri:Extensions>
                           <!--You may enter ANY elements at this point-->
                        </siri:Extensions>
                     </siri:FacilityConditionElement>
                     <!--Optional:-->
                     <siri:FacilityChangeElement>
                        <!--Optional:-->
                        <siri:EquipmentAvailability>
                           <!--Optional:-->
                           <siri:EquipmentRef>?</siri:EquipmentRef>
                           <!--Zero or more repetitions:-->
                           <siri:Description xml:lang="?">?</siri:Description>
                           <!--Optional:-->
                           <siri:EquipmentTypeRef>?</siri:EquipmentTypeRef>
                           <!--Optional:-->
                           <siri:ValidityPeriod>
                              <siri:StartTime>?</siri:StartTime>
                              <!--Optional:-->
                              <siri:EndTime>?</siri:EndTime>
                           </siri:ValidityPeriod>
                           <siri:EquipmentStatus>notAvailable</siri:EquipmentStatus>
                           <!--Optional:-->
                           <siri:EquipmentFeatures>
                              <!--1 or more repetitions:-->
                              <siri:FeatureRef>?</siri:FeatureRef>
                           </siri:EquipmentFeatures>
                           <!--Optional:-->
                           <siri:Extensions>
                              <!--You may enter ANY elements at this point-->
                           </siri:Extensions>
                        </siri:EquipmentAvailability>
                        <!--Optional:-->
                        <siri:SituationRef>
                           <!--Optional:-->
                           <siri:SituationSimpleRef>?</siri:SituationSimpleRef>
                           <!--Optional:-->
                           <siri:SituationFullRef>
                              <!--Optional:-->
                              <siri:VersionCountryRef>?</siri:VersionCountryRef>
                              <siri:ParticipantRef>?</siri:ParticipantRef>
                              <siri:SituationNumber>?</siri:SituationNumber>
                              <!--Optional:-->
                              <siri:UpdateCountryRef>?</siri:UpdateCountryRef>
                              <!--Optional:-->
                              <siri:UpdateParticipantRef>?</siri:UpdateParticipantRef>
                              <!--Optional:-->
                              <siri:Version>?</siri:Version>
                           </siri:SituationFullRef>
                        </siri:SituationRef>
                        <!--Optional:-->
                        <siri:MobilityDisruption>
                           <siri:MobilityImpairedAccess>?</siri:MobilityImpairedAccess>
                           <!--Zero or more repetitions:-->
                           <siri:AccessFacility>unknown</siri:AccessFacility>
                        </siri:MobilityDisruption>
                     </siri:FacilityChangeElement>
                     <!--Zero or more repetitions:-->
                     <siri:SituationRef>
                        <!--Optional:-->
                        <siri:SituationSimpleRef>?</siri:SituationSimpleRef>
                        <!--Optional:-->
                        <siri:SituationFullRef>
                           <!--Optional:-->
                           <siri:VersionCountryRef>?</siri:VersionCountryRef>
                           <siri:ParticipantRef>?</siri:ParticipantRef>
                           <siri:SituationNumber>?</siri:SituationNumber>
                           <!--Optional:-->
                           <siri:UpdateCountryRef>?</siri:UpdateCountryRef>
                           <!--Optional:-->
                           <siri:UpdateParticipantRef>?</siri:UpdateParticipantRef>
                           <!--Optional:-->
                           <siri:Version>?</siri:Version>
                        </siri:SituationFullRef>
                     </siri:SituationRef>
                     <!--Optional:-->
                     <siri:Monitored>?</siri:Monitored>
                     <!--Optional:-->
                     <siri:MonitoringError>?</siri:MonitoringError>
                     <!--Optional:-->
                     <siri:InCongestion>?</siri:InCongestion>
                     <!--Optional:-->
                     <siri:InPanic>false</siri:InPanic>
                     <!--Optional:-->
                     <siri:PredictionInaccurate>?</siri:PredictionInaccurate>
                     <!--Optional:-->
                     <siri:DataSource>?</siri:DataSource>
                     <!--Optional:-->
                     <siri:ConfidenceLevel>reliable</siri:ConfidenceLevel>
                     <!--Optional:-->
                     <siri:VehicleLocation id="?" srsName="?">
                        <!--You have a CHOICE of the next 2 items at this level-->
                        <siri:Longitude>?</siri:Longitude>
                        <siri:Latitude>?</siri:Latitude>
                        <siri:Coordinates>?</siri:Coordinates>
                        <!--Optional:-->
                        <siri:Precision>?</siri:Precision>
                     </siri:VehicleLocation>
                     <!--Optional:-->
                     <siri:Bearing>?</siri:Bearing>
                     <!--Optional:-->
                     <siri:ProgressRate>?</siri:ProgressRate>
                     <!--Optional:-->
                     <siri:Velocity>?</siri:Velocity>
                     <!--Optional:-->
                     <siri:EngineOn>true</siri:EngineOn>
                     <!--Optional:-->
                     <siri:Occupancy>?</siri:Occupancy>
                     <!--Optional:-->
                     <siri:Delay>?</siri:Delay>
                     <!--Zero or more repetitions:-->
                     <siri:ProgressStatus xml:lang="?">?</siri:ProgressStatus>
                     <!--Optional:-->
                     <siri:VehicleStatus>?</siri:VehicleStatus>
                     <!--Zero or more repetitions:-->
                     <siri:TrainBlockPart>
                        <siri:NumberOfBlockParts>?</siri:NumberOfBlockParts>
                        <siri:TrainPartRef>?</siri:TrainPartRef>
                        <!--Zero or more repetitions:-->
                        <siri:PositionOfTrainBlockPart xml:lang="?">?</siri:PositionOfTrainBlockPart>
                     </siri:TrainBlockPart>
                     <!--Optional:-->
                     <siri:BlockRef>?</siri:BlockRef>
                     <!--Optional:-->
                     <siri:CourseOfJourneyRef>?</siri:CourseOfJourneyRef>
                     <!--Optional:-->
                     <siri:VehicleJourneyRef>?</siri:VehicleJourneyRef>
                     <!--Optional:-->
                     <siri:VehicleRef>?</siri:VehicleRef>
                     <!--Zero or more repetitions:-->
                     <siri:AdditionalVehicleJourneyRef>
                        <siri:DataFrameRef>?</siri:DataFrameRef>
                        <siri:DatedVehicleJourneyRef>?</siri:DatedVehicleJourneyRef>
                     </siri:AdditionalVehicleJourneyRef>
                     <!--Optional:-->
                     <siri:DriverRef>?</siri:DriverRef>
                     <!--Optional:-->
                     <siri:DriverName>?</siri:DriverName>
                     <!--Optional:-->
                     <siri:TrainNumbers>
                        <!--1 or more repetitions:-->
                        <siri:TrainNumberRef>?</siri:TrainNumberRef>
                     </siri:TrainNumbers>
                     <!--Optional:-->
                     <siri:JourneyParts>
                        <!--1 or more repetitions:-->
                        <siri:JourneyPartInfo>
                           <siri:JourneyPartRef>?</siri:JourneyPartRef>
                           <!--Optional:-->
                           <siri:TrainNumberRef>?</siri:TrainNumberRef>
                           <!--Optional:-->
                           <siri:OperatorRef>?</siri:OperatorRef>
                        </siri:JourneyPartInfo>
                     </siri:JourneyParts>
                     <!--Optional:-->
                     <siri:PreviousCalls>
                        <!--1 or more repetitions:-->
                        <siri:PreviousCall>
                           <!--Optional:-->
                           <siri:StopPointRef>?</siri:StopPointRef>
                           <!--Optional:-->
                           <siri:VisitNumber>?</siri:VisitNumber>
                           <!--Optional:-->
                           <siri:Order>?</siri:Order>
                           <!--Zero or more repetitions:-->
                           <siri:StopPointName xml:lang="?">?</siri:StopPointName>
                           <!--Optional:-->
                           <siri:VehicleAtStop>false</siri:VehicleAtStop>
                           <!--Optional:-->
                           <siri:AimedArrivalTime>?</siri:AimedArrivalTime>
                           <!--You have a CHOICE of the next 2 items at this level-->
                           <!--Optional:-->
                           <siri:ActualArrivalTime>?</siri:ActualArrivalTime>
                           <!--Optional:-->
                           <siri:ExpectedArrivalTime>?</siri:ExpectedArrivalTime>
                           <!--Optional:-->
                           <siri:AimedDepartureTime>?</siri:AimedDepartureTime>
                           <!--You have a CHOICE of the next 2 items at this level-->
                           <!--Optional:-->
                           <siri:ActualDepartureTime>?</siri:ActualDepartureTime>
                           <!--Optional:-->
                           <siri:ExpectedDepartureTime>?</siri:ExpectedDepartureTime>
                           <!--Optional:-->
                           <siri:Extensions>
                              <!--You may enter ANY elements at this point-->
                           </siri:Extensions>
                        </siri:PreviousCall>
                     </siri:PreviousCalls>
                     <!--Optional:-->
                     <siri:MonitoredCall>
                        <!--Optional:-->
                        <siri:StopPointRef>?</siri:StopPointRef>
                        <!--Optional:-->
                        <siri:VisitNumber>?</siri:VisitNumber>
                        <!--Optional:-->
                        <siri:Order>?</siri:Order>
                        <!--Zero or more repetitions:-->
                        <siri:StopPointName xml:lang="?">?</siri:StopPointName>
                        <!--Optional:-->
                        <siri:VehicleAtStop>false</siri:VehicleAtStop>
                        <!--Optional:-->
                        <siri:VehicleLocationAtStop id="?" srsName="?">
                           <!--You have a CHOICE of the next 2 items at this level-->
                           <siri:Longitude>?</siri:Longitude>
                           <siri:Latitude>?</siri:Latitude>
                           <siri:Coordinates>?</siri:Coordinates>
                           <!--Optional:-->
                           <siri:Precision>?</siri:Precision>
                        </siri:VehicleLocationAtStop>
                        <!--Optional:-->
                        <siri:ReversesAtStop>false</siri:ReversesAtStop>
                        <!--Optional:-->
                        <siri:PlatformTraversal>false</siri:PlatformTraversal>
                        <!--Optional:-->
                        <siri:SignalStatus>?</siri:SignalStatus>
                        <!--Optional:-->
                        <siri:TimingPoint>true</siri:TimingPoint>
                        <!--Optional:-->
                        <siri:BoardingStretch>false</siri:BoardingStretch>
                        <!--Optional:-->
                        <siri:RequestStop>false</siri:RequestStop>
                        <!--Zero or more repetitions:-->
                        <siri:DestinationDisplay xml:lang="?">?</siri:DestinationDisplay>
                        <!--Zero or more repetitions:-->
                        <siri:CallNote xml:lang="?">?</siri:CallNote>
                        <!--Zero or more repetitions:-->
                        <siri:FacilityConditionElement>
                           <!--You have a CHOICE of the next 2 items at this level-->
                           <siri:Facility>
                              <!--Optional:-->
                              <siri:FacilityCode>?</siri:FacilityCode>
                              <!--Zero or more repetitions:-->
                              <siri:Description xml:lang="?">?</siri:Description>
                              <!--Zero or more repetitions:-->
                              <siri:FacilityClass>?</siri:FacilityClass>
                              <!--Optional:-->
                              <siri:Features>
                                 <!--1 or more repetitions:-->
                                 <siri:Feature>
                                    <!--You have a CHOICE of the next 16 items at this level-->
                                    <siri:AccessFacility>unknown</siri:AccessFacility>
                                    <siri:AccommodationFacility>unknown</siri:AccommodationFacility>
                                    <siri:AssistanceFacility>unknown</siri:AssistanceFacility>
                                    <siri:FareClassFacility>unknown</siri:FareClassFacility>
                                    <siri:HireFacility>unknown</siri:HireFacility>
                                    <siri:LuggageFacility>unknown</siri:LuggageFacility>
                                    <siri:MobilityFacility>unknown</siri:MobilityFacility>
                                    <siri:NuisanceFacility>unknown</siri:NuisanceFacility>
                                    <siri:ParkingFacility>?</siri:ParkingFacility>
                                    <siri:PassengerCommsFacility>unknown</siri:PassengerCommsFacility>
                                    <siri:PassengerInformationFacility>unknown</siri:PassengerInformationFacility>
                                    <siri:RefreshmentFacility>unknown</siri:RefreshmentFacility>
                                    <siri:ReservedSpaceFacility>unknown</siri:ReservedSpaceFacility>
                                    <siri:RetailFacility>unknown</siri:RetailFacility>
                                    <siri:SanitaryFacility>unknown</siri:SanitaryFacility>
                                    <siri:TicketingFacility>unknown</siri:TicketingFacility>
                                 </siri:Feature>
                              </siri:Features>
                              <!--Optional:-->
                              <siri:OwnerRef>?</siri:OwnerRef>
                              <!--Optional:-->
                              <siri:OwnerName xml:lang="?">?</siri:OwnerName>
                              <!--Optional:-->
                              <siri:ValidityCondition>
                                 <!--Zero or more repetitions:-->
                                 <siri:Period>
                                    <siri:StartTime>?</siri:StartTime>
                                    <!--Optional:-->
                                    <siri:EndTime>?</siri:EndTime>
                                 </siri:Period>
                                 <!--Zero or more repetitions:-->
                                 <siri:Timeband>
                                    <siri:StartTime>?</siri:StartTime>
                                    <!--Optional:-->
                                    <siri:EndTime>?</siri:EndTime>
                                 </siri:Timeband>
                                 <!--Zero or more repetitions:-->
                                 <siri:DayType>?</siri:DayType>
                                 <!--Zero or more repetitions:-->
                                 <siri:HolidayType>?</siri:HolidayType>
                              </siri:ValidityCondition>
                              <!--Optional:-->
                              <siri:FacilityLocation>
                                 <!--Optional:-->
                                 <siri:LineRef>?</siri:LineRef>
                                 <!--Optional:-->
                                 <siri:StopPointRef>?</siri:StopPointRef>
                                 <!--Optional:-->
                                 <siri:VehicleRef>?</siri:VehicleRef>
                                 <!--Optional:-->
                                 <siri:DatedVehicleJourneyRef>?</siri:DatedVehicleJourneyRef>
                                 <!--Optional:-->
                                 <siri:ConnectionLinkRef>?</siri:ConnectionLinkRef>
                                 <!--Optional:-->
                                 <siri:InterchangeRef>?</siri:InterchangeRef>
                                 <!--Optional:-->
                                 <siri:StopPlaceRef>?</siri:StopPlaceRef>
                                 <!--Optional:-->
                                 <siri:StopPlaceComponentId>?</siri:StopPlaceComponentId>
                                 <!--Optional:-->
                                 <siri:OperatorRef>?</siri:OperatorRef>
                                 <!--Optional:-->
                                 <siri:ProductCategoryRef>?</siri:ProductCategoryRef>
                                 <!--Zero or more repetitions:-->
                                 <siri:ServiceFeatureRef>?</siri:ServiceFeatureRef>
                                 <!--Zero or more repetitions:-->
                                 <siri:VehicleFeatureRef>?</siri:VehicleFeatureRef>
                              </siri:FacilityLocation>
                              <!--Optional:-->
                              <siri:Limitations>
                                 <acsb:WheelchairAccess>false</acsb:WheelchairAccess>
                                 <!--Optional:-->
                                 <acsb:StepFreeAccess>unknown</acsb:StepFreeAccess>
                                 <!--Optional:-->
                                 <acsb:EscalatorFreeAccess>unknown</acsb:EscalatorFreeAccess>
                                 <!--Optional:-->
                                 <acsb:LiftFreeAccess>unknown</acsb:LiftFreeAccess>
                                 <!--Optional:-->
                                 <acsb:AudibleSignalsAvailable>false</acsb:AudibleSignalsAvailable>
                                 <!--Optional:-->
                                 <acsb:VisualSignsAvailable>unknown</acsb:VisualSignsAvailable>
                              </siri:Limitations>
                              <!--Optional:-->
                              <siri:Suitabilities>
                                 <!--1 or more repetitions:-->
                                 <siri:Suitability>
                                    <acsb:Suitable>?</acsb:Suitable>
                                    <acsb:UserNeed>
                                       <!--You have a CHOICE of the next 4 items at this level-->
                                       <acsb:MobilityNeed>?</acsb:MobilityNeed>
                                       <acsb:PsychosensoryNeed>?</acsb:PsychosensoryNeed>
                                       <acsb:MedicalNeed>?</acsb:MedicalNeed>
                                       <acsb:EncumbranceNeed>?</acsb:EncumbranceNeed>
                                       <!--Optional:-->
                                       <acsb:Excluded>?</acsb:Excluded>
                                       <!--Optional:-->
                                       <acsb:NeedRanking>?</acsb:NeedRanking>
                                       <!--Optional:-->
                                       <acsb:Extensions>?</acsb:Extensions>
                                    </acsb:UserNeed>
                                 </siri:Suitability>
                              </siri:Suitabilities>
                              <!--Optional:-->
                              <siri:AccessibilityAssessment>
                                 <acsb:MobilityImpairedAccess>?</acsb:MobilityImpairedAccess>
                                 <!--Optional:-->
                                 <acsb:Limitations>
                                    <!--1 or more repetitions:-->
                                    <acsb:AccessibilityLimitation>
                                       <!--Optional:-->
                                       <acsb:LimitationId>?</acsb:LimitationId>
                                       <!--Optional:-->
                                       <acsb:ValidityCondition>
                                          <!--Optional:-->
                                          <ifop:FromDateTime>?</ifop:FromDateTime>
                                          <!--Optional:-->
                                          <ifop:ToDateTime>?</ifop:ToDateTime>
                                          <!--Optional:-->
                                          <ifop:DayType>?</ifop:DayType>
                                          <!--Zero or more repetitions:-->
                                          <ifop:Timebands>
                                             <ifop:Timeband>
                                                <ifop:StartTime>?</ifop:StartTime>
                                                <!--Optional:-->
                                                <ifop:EndTime>?</ifop:EndTime>
                                             </ifop:Timeband>
                                          </ifop:Timebands>
                                       </acsb:ValidityCondition>
                                       <acsb:WheelchairAccess>false</acsb:WheelchairAccess>
                                       <!--Optional:-->
                                       <acsb:StepFreeAccess>unknown</acsb:StepFreeAccess>
                                       <!--Optional:-->
                                       <acsb:EscalatorFreeAccess>unknown</acsb:EscalatorFreeAccess>
                                       <!--Optional:-->
                                       <acsb:LiftFreeAccess>unknown</acsb:LiftFreeAccess>
                                       <!--Optional:-->
                                       <acsb:AudibleSignalsAvailable>false</acsb:AudibleSignalsAvailable>
                                       <!--Optional:-->
                                       <acsb:VisualSignsAvailable>unknown</acsb:VisualSignsAvailable>
                                       <!--Optional:-->
                                       <ifop:Extensions>
                                          temperat
                                          <!--You may enter ANY elements at this point-->
                                          per
                                       </ifop:Extensions>
                                    </acsb:AccessibilityLimitation>
                                 </acsb:Limitations>
                                 <!--Optional:-->
                                 <acsb:Suitabilities>
                                    <!--1 or more repetitions:-->
                                    <acsb:Suitability>
                                       <acsb:Suitable>?</acsb:Suitable>
                                       <acsb:UserNeed>
                                          <!--You have a CHOICE of the next 4 items at this level-->
                                          <acsb:MobilityNeed>?</acsb:MobilityNeed>
                                          <acsb:PsychosensoryNeed>?</acsb:PsychosensoryNeed>
                                          <acsb:MedicalNeed>?</acsb:MedicalNeed>
                                          <acsb:EncumbranceNeed>?</acsb:EncumbranceNeed>
                                          <!--Optional:-->
                                          <acsb:Excluded>?</acsb:Excluded>
                                          <!--Optional:-->
                                          <acsb:NeedRanking>?</acsb:NeedRanking>
                                          <!--Optional:-->
                                          <acsb:Extensions>?</acsb:Extensions>
                                       </acsb:UserNeed>
                                    </acsb:Suitability>
                                 </acsb:Suitabilities>
                                 <!--Optional:-->
                                 <ifop:Extensions>
                                    turbine
                                    <!--You may enter ANY elements at this point-->
                                    circum
                                 </ifop:Extensions>
                              </siri:AccessibilityAssessment>
                              <!--Optional:-->
                              <siri:Extensions>
                                 <!--You may enter ANY elements at this point-->
                              </siri:Extensions>
                           </siri:Facility>
                           <siri:FacilityRef>?</siri:FacilityRef>
                           <siri:FacilityStatus>
                              <siri:Status>?</siri:Status>
                              <!--Zero or more repetitions:-->
                              <siri:Description xml:lang="?">?</siri:Description>
                              <!--Optional:-->
                              <siri:AccessibilityAssessment>
                                 <acsb:MobilityImpairedAccess>?</acsb:MobilityImpairedAccess>
                                 <!--Optional:-->
                                 <acsb:Limitations>
                                    <!--1 or more repetitions:-->
                                    <acsb:AccessibilityLimitation>
                                       <!--Optional:-->
                                       <acsb:LimitationId>?</acsb:LimitationId>
                                       <!--Optional:-->
                                       <acsb:ValidityCondition>
                                          <!--Optional:-->
                                          <ifop:FromDateTime>?</ifop:FromDateTime>
                                          <!--Optional:-->
                                          <ifop:ToDateTime>?</ifop:ToDateTime>
                                          <!--Optional:-->
                                          <ifop:DayType>?</ifop:DayType>
                                          <!--Zero or more repetitions:-->
                                          <ifop:Timebands>
                                             <ifop:Timeband>
                                                <ifop:StartTime>?</ifop:StartTime>
                                                <!--Optional:-->
                                                <ifop:EndTime>?</ifop:EndTime>
                                             </ifop:Timeband>
                                          </ifop:Timebands>
                                       </acsb:ValidityCondition>
                                       <acsb:WheelchairAccess>false</acsb:WheelchairAccess>
                                       <!--Optional:-->
                                       <acsb:StepFreeAccess>unknown</acsb:StepFreeAccess>
                                       <!--Optional:-->
                                       <acsb:EscalatorFreeAccess>unknown</acsb:EscalatorFreeAccess>
                                       <!--Optional:-->
                                       <acsb:LiftFreeAccess>unknown</acsb:LiftFreeAccess>
                                       <!--Optional:-->
                                       <acsb:AudibleSignalsAvailable>false</acsb:AudibleSignalsAvailable>
                                       <!--Optional:-->
                                       <acsb:VisualSignsAvailable>unknown</acsb:VisualSignsAvailable>
                                       <!--Optional:-->
                                       <ifop:Extensions>
                                          regemque
                                          <!--You may enter ANY elements at this point-->
                                          nimborum
                                       </ifop:Extensions>
                                    </acsb:AccessibilityLimitation>
                                 </acsb:Limitations>
                                 <!--Optional:-->
                                 <acsb:Suitabilities>
                                    <!--1 or more repetitions:-->
                                    <acsb:Suitability>
                                       <acsb:Suitable>?</acsb:Suitable>
                                       <acsb:UserNeed>
                                          <!--You have a CHOICE of the next 4 items at this level-->
                                          <acsb:MobilityNeed>?</acsb:MobilityNeed>
                                          <acsb:PsychosensoryNeed>?</acsb:PsychosensoryNeed>
                                          <acsb:MedicalNeed>?</acsb:MedicalNeed>
                                          <acsb:EncumbranceNeed>?</acsb:EncumbranceNeed>
                                          <!--Optional:-->
                                          <acsb:Excluded>?</acsb:Excluded>
                                          <!--Optional:-->
                                          <acsb:NeedRanking>?</acsb:NeedRanking>
                                          <!--Optional:-->
                                          <acsb:Extensions>?</acsb:Extensions>
                                       </acsb:UserNeed>
                                    </acsb:Suitability>
                                 </acsb:Suitabilities>
                                 <!--Optional:-->
                                 <ifop:Extensions>
                                    fremunt
                                    <!--You may enter ANY elements at this point-->
                                    foedere
                                 </ifop:Extensions>
                              </siri:AccessibilityAssessment>
                              <!--Optional:-->
                              <siri:Extensions>
                                 <!--You may enter ANY elements at this point-->
                              </siri:Extensions>
                           </siri:FacilityStatus>
                           <!--Optional:-->
                           <siri:SituationRef>
                              <!--Optional:-->
                              <siri:SituationSimpleRef>?</siri:SituationSimpleRef>
                              <!--Optional:-->
                              <siri:SituationFullRef>
                                 <!--Optional:-->
                                 <siri:VersionCountryRef>?</siri:VersionCountryRef>
                                 <siri:ParticipantRef>?</siri:ParticipantRef>
                                 <siri:SituationNumber>?</siri:SituationNumber>
                                 <!--Optional:-->
                                 <siri:UpdateCountryRef>?</siri:UpdateCountryRef>
                                 <!--Optional:-->
                                 <siri:UpdateParticipantRef>?</siri:UpdateParticipantRef>
                                 <!--Optional:-->
                                 <siri:Version>?</siri:Version>
                              </siri:SituationFullRef>
                           </siri:SituationRef>
                           <!--Optional:-->
                           <siri:Remedy>
                              <!--Optional:-->
                              <siri:RemedyType>?</siri:RemedyType>
                              <!--Zero or more repetitions:-->
                              <siri:Description xml:lang="?">?</siri:Description>
                              <!--Optional:-->
                              <siri:Extensions>
                                 <!--You may enter ANY elements at this point-->
                              </siri:Extensions>
                           </siri:Remedy>
                           <!--Optional:-->
                           <siri:MonitoringInfo>
                              <!--Optional:-->
                              <siri:MonitoringInterval>?</siri:MonitoringInterval>
                              <!--Optional:-->
                              <siri:MonitoringType>?</siri:MonitoringType>
                              <!--Optional:-->
                              <siri:MonitoringPeriod>
                                 <!--Zero or more repetitions:-->
                                 <siri:Period>
                                    <siri:StartTime>?</siri:StartTime>
                                    <!--Optional:-->
                                    <siri:EndTime>?</siri:EndTime>
                                 </siri:Period>
                                 <!--Zero or more repetitions:-->
                                 <siri:Timeband>
                                    <siri:StartTime>?</siri:StartTime>
                                    <!--Optional:-->
                                    <siri:EndTime>?</siri:EndTime>
                                 </siri:Timeband>
                                 <!--Zero or more repetitions:-->
                                 <siri:DayType>?</siri:DayType>
                                 <!--Zero or more repetitions:-->
                                 <siri:HolidayType>?</siri:HolidayType>
                              </siri:MonitoringPeriod>
                              <!--Optional:-->
                              <siri:Extensions>
                                 <!--You may enter ANY elements at this point-->
                              </siri:Extensions>
                           </siri:MonitoringInfo>
                           <!--Optional:-->
                           <siri:ValidityPeriod>
                              <siri:StartTime>?</siri:StartTime>
                              <!--Optional:-->
                              <siri:EndTime>?</siri:EndTime>
                           </siri:ValidityPeriod>
                           <!--Optional:-->
                           <siri:Extensions>
                              <!--You may enter ANY elements at this point-->
                           </siri:Extensions>
                        </siri:FacilityConditionElement>
                        <!--Optional:-->
                        <siri:FacilityChangeElement>
                           <!--Optional:-->
                           <siri:EquipmentAvailability>
                              <!--Optional:-->
                              <siri:EquipmentRef>?</siri:EquipmentRef>
                              <!--Zero or more repetitions:-->
                              <siri:Description xml:lang="?">?</siri:Description>
                              <!--Optional:-->
                              <siri:EquipmentTypeRef>?</siri:EquipmentTypeRef>
                              <!--Optional:-->
                              <siri:ValidityPeriod>
                                 <siri:StartTime>?</siri:StartTime>
                                 <!--Optional:-->
                                 <siri:EndTime>?</siri:EndTime>
                              </siri:ValidityPeriod>
                              <siri:EquipmentStatus>notAvailable</siri:EquipmentStatus>
                              <!--Optional:-->
                              <siri:EquipmentFeatures>
                                 <!--1 or more repetitions:-->
                                 <siri:FeatureRef>?</siri:FeatureRef>
                              </siri:EquipmentFeatures>
                              <!--Optional:-->
                              <siri:Extensions>
                                 <!--You may enter ANY elements at this point-->
                              </siri:Extensions>
                           </siri:EquipmentAvailability>
                           <!--Optional:-->
                           <siri:SituationRef>
                              <!--Optional:-->
                              <siri:SituationSimpleRef>?</siri:SituationSimpleRef>
                              <!--Optional:-->
                              <siri:SituationFullRef>
                                 <!--Optional:-->
                                 <siri:VersionCountryRef>?</siri:VersionCountryRef>
                                 <siri:ParticipantRef>?</siri:ParticipantRef>
                                 <siri:SituationNumber>?</siri:SituationNumber>
                                 <!--Optional:-->
                                 <siri:UpdateCountryRef>?</siri:UpdateCountryRef>
                                 <!--Optional:-->
                                 <siri:UpdateParticipantRef>?</siri:UpdateParticipantRef>
                                 <!--Optional:-->
                                 <siri:Version>?</siri:Version>
                              </siri:SituationFullRef>
                           </siri:SituationRef>
                           <!--Optional:-->
                           <siri:MobilityDisruption>
                              <siri:MobilityImpairedAccess>?</siri:MobilityImpairedAccess>
                              <!--Zero or more repetitions:-->
                              <siri:AccessFacility>unknown</siri:AccessFacility>
                           </siri:MobilityDisruption>
                        </siri:FacilityChangeElement>
                        <!--Zero or more repetitions:-->
                        <siri:SituationRef>
                           <!--Optional:-->
                           <siri:SituationSimpleRef>?</siri:SituationSimpleRef>
                           <!--Optional:-->
                           <siri:SituationFullRef>
                              <!--Optional:-->
                              <siri:VersionCountryRef>?</siri:VersionCountryRef>
                              <siri:ParticipantRef>?</siri:ParticipantRef>
                              <siri:SituationNumber>?</siri:SituationNumber>
                              <!--Optional:-->
                              <siri:UpdateCountryRef>?</siri:UpdateCountryRef>
                              <!--Optional:-->
                              <siri:UpdateParticipantRef>?</siri:UpdateParticipantRef>
                              <!--Optional:-->
                              <siri:Version>?</siri:Version>
                           </siri:SituationFullRef>
                        </siri:SituationRef>
                        <!--Optional:-->
                        <siri:AimedArrivalTime>?</siri:AimedArrivalTime>
                        <!--You have a CHOICE of the next 2 items at this level-->
                        <!--Optional:-->
                        <siri:ActualArrivalTime>?</siri:ActualArrivalTime>
                        <!--Optional:-->
                        <siri:ExpectedArrivalTime>?</siri:ExpectedArrivalTime>
                        <!--Optional:-->
                        <siri:LatestExpectedArrivalTime>?</siri:LatestExpectedArrivalTime>
                        <!--Optional:-->
                        <siri:ArrivalStatus>?</siri:ArrivalStatus>
                        <!--Optional:-->
                        <siri:ArrivalProximityText xml:lang="?">?</siri:ArrivalProximityText>
                        <!--Optional:-->
                        <siri:ArrivalPlatformName xml:lang="?">?</siri:ArrivalPlatformName>
                        <!--Optional:-->
                        <siri:ArrivalBoardingActivity>alighting</siri:ArrivalBoardingActivity>
                        <!--Optional:-->
                        <siri:ArrivalStopAssignment>
                           <!--Optional:-->
                           <siri:AimedQuayRef>?</siri:AimedQuayRef>
                           <!--Zero or more repetitions:-->
                           <siri:AimedQuayName xml:lang="?">?</siri:AimedQuayName>
                           <!--Optional:-->
                           <siri:ExpectedQuayRef>?</siri:ExpectedQuayRef>
                           <!--Optional:-->
                           <siri:ActualQuayRef>?</siri:ActualQuayRef>
                        </siri:ArrivalStopAssignment>
                        <!--Zero or more repetitions:-->
                        <siri:ArrivalOperatorRefs>?</siri:ArrivalOperatorRefs>
                        <!--Optional:-->
                        <siri:AimedDepartureTime>?</siri:AimedDepartureTime>
                        <!--You have a CHOICE of the next 2 items at this level-->
                        <!--Optional:-->
                        <siri:ActualDepartureTime>?</siri:ActualDepartureTime>
                        <!--Optional:-->
                        <siri:ExpectedDepartureTime>?</siri:ExpectedDepartureTime>
                        <!--Optional:-->
                        <siri:ProvisionalExpectedDepartureTime>?</siri:ProvisionalExpectedDepartureTime>
                        <!--Optional:-->
                        <siri:EarliestExpectedDepartureTime>?</siri:EarliestExpectedDepartureTime>
                        <!--Optional:-->
                        <siri:ExpectedDeparturePredictionQuality>
                           <siri:PredictionLevel>?</siri:PredictionLevel>
                           <!--Optional:-->
                           <siri:Percentile>0.9</siri:Percentile>
                           <!--Optional:-->
                           <siri:LowerTimeLimit>?</siri:LowerTimeLimit>
                           <!--Optional:-->
                           <siri:HigherTimeLimit>?</siri:HigherTimeLimit>
                        </siri:ExpectedDeparturePredictionQuality>
                        <!--Optional:-->
                        <siri:AimedLatestPassengerAccessTime>?</siri:AimedLatestPassengerAccessTime>
                        <!--Optional:-->
                        <siri:ExpectedLatestPassengerAccessTime>?</siri:ExpectedLatestPassengerAccessTime>
                        <!--Optional:-->
                        <siri:DepartureStatus>?</siri:DepartureStatus>
                        <!--Optional:-->
                        <siri:DepartureProximityText xml:lang="?">?</siri:DepartureProximityText>
                        <!--Optional:-->
                        <siri:DeparturePlatformName xml:lang="?">?</siri:DeparturePlatformName>
                        <!--Optional:-->
                        <siri:DepartureBoardingActivity>boarding</siri:DepartureBoardingActivity>
                        <!--Optional:-->
                        <siri:DepartureStopAssignment>
                           <!--Optional:-->
                           <siri:AimedQuayRef>?</siri:AimedQuayRef>
                           <!--Zero or more repetitions:-->
                           <siri:AimedQuayName xml:lang="?">?</siri:AimedQuayName>
                           <!--Optional:-->
                           <siri:ExpectedQuayRef>?</siri:ExpectedQuayRef>
                           <!--Optional:-->
                           <siri:ActualQuayRef>?</siri:ActualQuayRef>
                        </siri:DepartureStopAssignment>
                        <!--Zero or more repetitions:-->
                        <siri:DepartureOperatorRefs>?</siri:DepartureOperatorRefs>
                        <!--Optional:-->
                        <siri:AimedHeadwayInterval>?</siri:AimedHeadwayInterval>
                        <!--Optional:-->
                        <siri:ExpectedHeadwayInterval>?</siri:ExpectedHeadwayInterval>
                        <!--Optional:-->
                        <siri:DistanceFromStop>?</siri:DistanceFromStop>
                        <!--Optional:-->
                        <siri:NumberOfStopsAway>?</siri:NumberOfStopsAway>
                        <!--Optional:-->
                        <siri:Extensions>
                           <!--You may enter ANY elements at this point-->
                        </siri:Extensions>
                     </siri:MonitoredCall>
                     <!--Optional:-->
                     <siri:OnwardCalls>
                        <!--1 or more repetitions:-->
                        <siri:OnwardCall>
                           <!--Optional:-->
                           <siri:StopPointRef>?</siri:StopPointRef>
                           <!--Optional:-->
                           <siri:VisitNumber>?</siri:VisitNumber>
                           <!--Optional:-->
                           <siri:Order>?</siri:Order>
                           <!--Zero or more repetitions:-->
                           <siri:StopPointName xml:lang="?">?</siri:StopPointName>
                           <!--Optional:-->
                           <siri:VehicleAtStop>false</siri:VehicleAtStop>
                           <!--Optional:-->
                           <siri:TimingPoint>true</siri:TimingPoint>
                           <!--Optional:-->
                           <siri:AimedArrivalTime>?</siri:AimedArrivalTime>
                           <!--Optional:-->
                           <siri:ExpectedArrivalTime>?</siri:ExpectedArrivalTime>
                           <!--Optional:-->
                           <siri:ExpectedArrivalPredictionQuality>
                              <siri:PredictionLevel>?</siri:PredictionLevel>
                              <!--Optional:-->
                              <siri:Percentile>0.9</siri:Percentile>
                              <!--Optional:-->
                              <siri:LowerTimeLimit>?</siri:LowerTimeLimit>
                              <!--Optional:-->
                              <siri:HigherTimeLimit>?</siri:HigherTimeLimit>
                           </siri:ExpectedArrivalPredictionQuality>
                           <!--Optional:-->
                           <siri:ArrivalStatus>?</siri:ArrivalStatus>
                           <!--Optional:-->
                           <siri:ArrivalProximityText xml:lang="?">?</siri:ArrivalProximityText>
                           <!--Optional:-->
                           <siri:ArrivalPlatformName xml:lang="?">?</siri:ArrivalPlatformName>
                           <!--Optional:-->
                           <siri:ArrivalBoardingActivity>alighting</siri:ArrivalBoardingActivity>
                           <!--Optional:-->
                           <siri:ArrivalStopAssignment>
                              <!--Optional:-->
                              <siri:AimedQuayRef>?</siri:AimedQuayRef>
                              <!--Zero or more repetitions:-->
                              <siri:AimedQuayName xml:lang="?">?</siri:AimedQuayName>
                              <!--Optional:-->
                              <siri:ExpectedQuayRef>?</siri:ExpectedQuayRef>
                              <!--Optional:-->
                              <siri:ActualQuayRef>?</siri:ActualQuayRef>
                           </siri:ArrivalStopAssignment>
                           <!--Zero or more repetitions:-->
                           <siri:ArrivalOperatorRefs>?</siri:ArrivalOperatorRefs>
                           <!--Optional:-->
                           <siri:AimedDepartureTime>?</siri:AimedDepartureTime>
                           <!--Optional:-->
                           <siri:ExpectedDepartureTime>?</siri:ExpectedDepartureTime>
                           <!--Optional:-->
                           <siri:ProvisionalExpectedDepartureTime>?</siri:ProvisionalExpectedDepartureTime>
                           <!--Optional:-->
                           <siri:EarliestExpectedDepartureTime>?</siri:EarliestExpectedDepartureTime>
                           <!--Optional:-->
                           <siri:ExpectedDeparturePredictionQuality>
                              <siri:PredictionLevel>?</siri:PredictionLevel>
                              <!--Optional:-->
                              <siri:Percentile>0.9</siri:Percentile>
                              <!--Optional:-->
                              <siri:LowerTimeLimit>?</siri:LowerTimeLimit>
                              <!--Optional:-->
                              <siri:HigherTimeLimit>?</siri:HigherTimeLimit>
                           </siri:ExpectedDeparturePredictionQuality>
                           <!--Optional:-->
                           <siri:AimedLatestPassengerAccessTime>?</siri:AimedLatestPassengerAccessTime>
                           <!--Optional:-->
                           <siri:ExpectedLatestPassengerAccessTime>?</siri:ExpectedLatestPassengerAccessTime>
                           <!--Optional:-->
                           <siri:DepartureStatus>?</siri:DepartureStatus>
                           <!--Optional:-->
                           <siri:DepartureProximityText xml:lang="?">?</siri:DepartureProximityText>
                           <!--Optional:-->
                           <siri:DeparturePlatformName xml:lang="?">?</siri:DeparturePlatformName>
                           <!--Optional:-->
                           <siri:DepartureBoardingActivity>boarding</siri:DepartureBoardingActivity>
                           <!--Optional:-->
                           <siri:DepartureStopAssignment>
                              <!--Optional:-->
                              <siri:AimedQuayRef>?</siri:AimedQuayRef>
                              <!--Zero or more repetitions:-->
                              <siri:AimedQuayName xml:lang="?">?</siri:AimedQuayName>
                              <!--Optional:-->
                              <siri:ExpectedQuayRef>?</siri:ExpectedQuayRef>
                              <!--Optional:-->
                              <siri:ActualQuayRef>?</siri:ActualQuayRef>
                           </siri:DepartureStopAssignment>
                           <!--Zero or more repetitions:-->
                           <siri:DepartureOperatorRefs>?</siri:DepartureOperatorRefs>
                           <!--Optional:-->
                           <siri:AimedHeadwayInterval>?</siri:AimedHeadwayInterval>
                           <!--Optional:-->
                           <siri:ExpectedHeadwayInterval>?</siri:ExpectedHeadwayInterval>
                           <!--Optional:-->
                           <siri:DistanceFromStop>?</siri:DistanceFromStop>
                           <!--Optional:-->
                           <siri:NumberOfStopsAway>?</siri:NumberOfStopsAway>
                           <!--Optional:-->
                           <siri:Extensions>
                              <!--You may enter ANY elements at this point-->
                           </siri:Extensions>
                        </siri:OnwardCall>
                     </siri:OnwardCalls>
                     <!--Optional:-->
                     <siri:IsCompleteStopSequence>false</siri:IsCompleteStopSequence>
                  </siri:MonitoredVehicleJourney>
                  <!--Zero or more repetitions:-->
                  <siri:StopVisitNote xml:lang="?">?</siri:StopVisitNote>
                  <!--Optional:-->
                  <siri:StopFacility>?</siri:StopFacility>
                  <!--Optional:-->
                  <siri:Extensions>
                     <!--You may enter ANY elements at this point-->
                  </siri:Extensions>
               </siri:MonitoredStopVisit>
               <!--Zero or more repetitions:-->
               <siri:MonitoredStopVisitCancellation>
                  <siri:RecordedAtTime>?</siri:RecordedAtTime>
                  <!--Optional:-->
                  <siri:ItemRef>?</siri:ItemRef>
                  <siri:MonitoringRef>?</siri:MonitoringRef>
                  <!--Optional:-->
                  <siri:VisitNumber>?</siri:VisitNumber>
                  <siri:LineRef>?</siri:LineRef>
                  <siri:DirectionRef>?</siri:DirectionRef>
                  <!--Optional:-->
                  <siri:VehicleJourneyRef>
                     <siri:DataFrameRef>?</siri:DataFrameRef>
                     <siri:DatedVehicleJourneyRef>?</siri:DatedVehicleJourneyRef>
                  </siri:VehicleJourneyRef>
                  <!--Optional:-->
                  <siri:ClearDownRef>?</siri:ClearDownRef>
                  <!--Optional:-->
                  <siri:JourneyPatternRef>?</siri:JourneyPatternRef>
                  <!--Optional:-->
                  <siri:JourneyPatternName xml:lang="?">?</siri:JourneyPatternName>
                  <!--Zero or more repetitions:-->
                  <siri:VehicleMode>?</siri:VehicleMode>
                  <!--Optional:-->
                  <siri:RouteRef>?</siri:RouteRef>
                  <!--Zero or more repetitions:-->
                  <siri:PublishedLineName xml:lang="?">?</siri:PublishedLineName>
                  <!--Optional:-->
                  <siri:GroupOfLinesRef>?</siri:GroupOfLinesRef>
                  <!--Zero or more repetitions:-->
                  <siri:DirectionName xml:lang="?">?</siri:DirectionName>
                  <!--Optional:-->
                  <siri:ExternalLineRef>?</siri:ExternalLineRef>
                  <!--Zero or more repetitions:-->
                  <siri:Reason xml:lang="?">?</siri:Reason>
                  <!--Optional:-->
                  <siri:Extensions>
                     <!--You may enter ANY elements at this point-->
                  </siri:Extensions>
               </siri:MonitoredStopVisitCancellation>
               <!--Zero or more repetitions:-->
               <siri:StopLineNotice>
                  <siri:RecordedAtTime>?</siri:RecordedAtTime>
                  <!--Optional:-->
                  <siri:ItemIdentifier>?</siri:ItemIdentifier>
                  <siri:MonitoringRef>?</siri:MonitoringRef>
                  <siri:LineRef>?</siri:LineRef>
                  <siri:DirectionRef>?</siri:DirectionRef>
                  <!--Zero or more repetitions:-->
                  <siri:PublishedLineName xml:lang="?">?</siri:PublishedLineName>
                  <!--Zero or more repetitions:-->
                  <siri:LineNote xml:lang="?">?</siri:LineNote>
                  <!--Zero or more repetitions:-->
                  <siri:DeliveryVariant>
                     <!--Optional:-->
                     <siri:VariantType>?</siri:VariantType>
                     <siri:Content xml:lang="?">?</siri:Content>
                  </siri:DeliveryVariant>
                  <!--Zero or more repetitions:-->
                  <siri:SituationRef>
                     <!--Optional:-->
                     <siri:SituationSimpleRef>?</siri:SituationSimpleRef>
                     <!--Optional:-->
                     <siri:SituationFullRef>
                        <!--Optional:-->
                        <siri:VersionCountryRef>?</siri:VersionCountryRef>
                        <siri:ParticipantRef>?</siri:ParticipantRef>
                        <siri:SituationNumber>?</siri:SituationNumber>
                        <!--Optional:-->
                        <siri:UpdateCountryRef>?</siri:UpdateCountryRef>
                        <!--Optional:-->
                        <siri:UpdateParticipantRef>?</siri:UpdateParticipantRef>
                        <!--Optional:-->
                        <siri:Version>?</siri:Version>
                     </siri:SituationFullRef>
                  </siri:SituationRef>
                  <!--Optional:-->
                  <siri:Extensions>
                     <!--You may enter ANY elements at this point-->
                  </siri:Extensions>
               </siri:StopLineNotice>
               <!--Zero or more repetitions:-->
               <siri:StopLineNoticeCancellation>
                  <siri:RecordedAtTime>?</siri:RecordedAtTime>
                  <!--Optional:-->
                  <siri:ItemRef>?</siri:ItemRef>
                  <siri:MonitoringRef>?</siri:MonitoringRef>
                  <siri:LineRef>?</siri:LineRef>
                  <siri:DirectionRef>?</siri:DirectionRef>
                  <!--Optional:-->
                  <siri:Extensions>
                     <!--You may enter ANY elements at this point-->
                  </siri:Extensions>
               </siri:StopLineNoticeCancellation>
               <!--Zero or more repetitions:-->
               <siri:StopNotice>
                  <siri:RecordedAtTime>?</siri:RecordedAtTime>
                  <siri:ItemIdentifier>?</siri:ItemIdentifier>
                  <siri:MonitoringRef>?</siri:MonitoringRef>
                  <!--Optional:-->
                  <siri:StopPointRef>?</siri:StopPointRef>
                  <!--Zero or more repetitions:-->
                  <siri:SituationRef>
                     <!--Optional:-->
                     <siri:SituationSimpleRef>?</siri:SituationSimpleRef>
                     <!--Optional:-->
                     <siri:SituationFullRef>
                        <!--Optional:-->
                        <siri:VersionCountryRef>?</siri:VersionCountryRef>
                        <siri:ParticipantRef>?</siri:ParticipantRef>
                        <siri:SituationNumber>?</siri:SituationNumber>
                        <!--Optional:-->
                        <siri:UpdateCountryRef>?</siri:UpdateCountryRef>
                        <!--Optional:-->
                        <siri:UpdateParticipantRef>?</siri:UpdateParticipantRef>
                        <!--Optional:-->
                        <siri:Version>?</siri:Version>
                     </siri:SituationFullRef>
                  </siri:SituationRef>
                  <!--Optional:-->
                  <siri:Extensions>
                     <!--You may enter ANY elements at this point-->
                  </siri:Extensions>
               </siri:StopNotice>
               <!--Zero or more repetitions:-->
               <siri:StopNoticeCancellation>
                  <siri:RecordedAtTime>?</siri:RecordedAtTime>
                  <siri:ItemRef>?</siri:ItemRef>
                  <siri:MonitoringRef>?</siri:MonitoringRef>
                  <!--Optional:-->
                  <siri:StopPointRef>?</siri:StopPointRef>
                  <!--Optional:-->
                  <siri:AppliesFromTime>?</siri:AppliesFromTime>
                  <!--Optional:-->
                  <siri:Extensions>
                     <!--You may enter ANY elements at this point-->
                  </siri:Extensions>
               </siri:StopNoticeCancellation>
               <!--Zero or more repetitions:-->
               <siri:ServiceException>
                  <siri:RecordedAtTime>?</siri:RecordedAtTime>
                  <!--Optional:-->
                  <siri:LineRef>?</siri:LineRef>
                  <!--Optional:-->
                  <siri:DirectionRef>?</siri:DirectionRef>
                  <!--Optional:-->
                  <siri:StopPointRef>?</siri:StopPointRef>
                  <!--Optional:-->
                  <siri:ServiceStatus>?</siri:ServiceStatus>
                  <!--Zero or more repetitions:-->
                  <siri:Notice xml:lang="?">?</siri:Notice>
                  <!--Optional:-->
                  <siri:SituationRef>?</siri:SituationRef>
               </siri:ServiceException>
               <!--Zero or more repetitions:-->
               <siri:Note xml:lang="?">?</siri:Note>
               <!--Optional:-->
               <siri:Extensions>
                  <!--You may enter ANY elements at this point-->
               </siri:Extensions>
            </siri:StopMonitoringDelivery>
         </Answer>
         <AnswerExtension>
            <!--You may enter ANY elements at this point-->
         </AnswerExtension>
      </wsdl:GetStopMonitoringResponse>
   </soapenv:Body>
</soapenv:Envelope>]]></con:responseContent><con:wsaConfig mustUnderstand="NONE" version="200508" action="GetStopMonitoring"/></con:response><con:dispatchConfig/></con:mockOperation><con:properties/></con:mockService><con:mockService port="8080" path="/test483Producer" host="localhost" name="test483Producer" bindToHostOnly="false" docroot=""><con:settings><con:setting id="com.eviware.soapui.impl.wsdl.mock.WsdlMockService@require-soap-action">false</con:setting></con:settings><con:mockOperation name="CheckStatus" interface="SiriProducerRpcBinding" operation="CheckStatus"><con:settings/><con:dispatchStyle>SEQUENCE</con:dispatchStyle><con:defaultResponse>Response 1</con:defaultResponse><con:response name="Response 1" encoding="UTF-8"><con:settings/><con:script>// create XmlHolder for request content
def holder = new com.eviware.soapui.support.XmlHolder( mockRequest.requestContent )

// define namespace
holder.namespaces["siri"] = "http://www.siri.org.uk/siri"

// get arguments
requestContext.idMessage = holder["//siri:MessageIdentifier"]</con:script><con:responseContent><![CDATA[<?xml version="1.0" encoding="UTF-8"?>
<soapenv:Envelope xmlns:soapenv="http://schemas.xmlsoap.org/soap/envelope/" xmlns:wsdl="http://wsdl.siri.org.uk" xmlns:siri="http://www.siri.org.uk/siri">
   <soapenv:Header/>
   <soapenv:Body>
      <wsdl:CheckStatusResponse>
         <CheckStatusAnswerInfo>
            <siri:ResponseTimestamp>${=javax.xml.datatype.DatatypeFactory.newInstance().newXMLGregorianCalendar(GregorianCalendar.getInstance())}</siri:ResponseTimestamp>
            <siri:ProducerRef>SNCF-ACCES</siri:ProducerRef>
            <siri:ResponseMessageIdentifier>SNCF:Message::1:LOC</siri:ResponseMessageIdentifier>
            <siri:RequestMessageRef>${idMessage}</siri:RequestMessageRef>
         </CheckStatusAnswerInfo>
         <Answer>
            <siri:Status>true</siri:Status>
            <siri:ServiceStartedTime>2013-01-31T23:59:59.999Z</siri:ServiceStartedTime>
         </Answer>
         <AnswerExtension>
         </AnswerExtension>
      </wsdl:CheckStatusResponse>
   </soapenv:Body>
</soapenv:Envelope>]]></con:responseContent><con:wsaConfig mustUnderstand="NONE" version="200508" action="CheckStatus"/></con:response><con:dispatchConfig/></con:mockOperation><con:mockOperation name="Subscribe" interface="SiriProducerRpcBinding" operation="Subscribe"><con:settings/><con:dispatchStyle>SEQUENCE</con:dispatchStyle><con:defaultResponse>Response 1</con:defaultResponse><con:response name="Response 1" encoding="UTF-8"><con:settings/><con:script>import groovy.transform.Field

// create XmlHolder for request content
def holder = new com.eviware.soapui.support.XmlHolder( mockRequest.requestContent )
def fournisseur = "SNCF-ACCES"
// define namespace
holder.namespaces["siri"] = "http://www.siri.org.uk/siri"

// construction des valeurs communes de la response
requestContext.responseTimestamp=getCurrentTime()

// construction du header de la response
requestContext.responderRef=fournisseur
// récupération de l'id message de la request
requestContext.requestMessageRefHeader=holder["//siri:MessageIdentifier"][0]

// construction du body de la response
// récupération de l'id message de la request
requestContext.requestMessageRefBody=holder["//siri:MessageIdentifier"][1]
requestContext.subscriberRef=holder["//siri:SubscriberRef"]
requestContext.subscriptionRef=holder["//siri:SubscriptionIdentifier"]
requestContext.serviceStartedTime=getServiceStartedTime()

// Methodes utilitaires DATE
@Field Locale locale = Locale.FRENCH
@Field TimeZone timezone = TimeZone.getTimeZone("UTC")

// Methode Date permettant d'avoir la date courante à minuit
def getServiceStartedTime(){
	def calendar = Calendar.getInstance(timezone, locale);
	calendar.add(Calendar.HOUR, 0);
	calendar.set(Calendar.MINUTE, 0);
	calendar.set(Calendar.SECOND, 0);
	calendar.set(Calendar.MILLISECOND, 0);
	def calendarXML = javax.xml.datatype.DatatypeFactory.newInstance().newXMLGregorianCalendar(calendar);
	return calendarXML.normalize();
}

// Methode Date permettant d'avoir la date courante
def getCurrentTime(){
	def calendar = Calendar.getInstance(timezone, locale);
	def calendarXML = javax.xml.datatype.DatatypeFactory.newInstance().newXMLGregorianCalendar(calendar);
	return calendarXML.normalize();
}</con:script><con:responseContent><![CDATA[<soapenv:Envelope xmlns:soapenv="http://schemas.xmlsoap.org/soap/envelope/" xmlns:wsdl="http://wsdl.siri.org.uk" xmlns:siri="http://www.siri.org.uk/siri">
   <soapenv:Header/>
   <soapenv:Body>
      <wsdl:SubscribeResponse>
         <SubscriptionAnswerInfo>
            <siri:ResponseTimestamp>${responseTimestamp}</siri:ResponseTimestamp>
            <siri:ResponderRef>${responderRef}</siri:ResponderRef>
            <siri:RequestMessageRef>${requestMessageRefHeader}</siri:RequestMessageRef>
         </SubscriptionAnswerInfo>
         <Answer>
            <!--1 or more repetitions:-->
            <siri:ResponseStatus>
               <siri:ResponseTimestamp>${responseTimestamp}</siri:ResponseTimestamp>
               <siri:RequestMessageRef>${requestMessageRefBody}</siri:RequestMessageRef>
               <siri:SubscriberRef>${subscriberRef}</siri:SubscriberRef>
               <siri:SubscriptionRef>${subscriptionRef}</siri:SubscriptionRef>
               <siri:Status>true</siri:Status>
            </siri:ResponseStatus>
            <siri:ServiceStartedTime>2013-01-31T23:59:59.999Z</siri:ServiceStartedTime>
         </Answer>
         <AnswerExtension/>
      </wsdl:SubscribeResponse>
   </soapenv:Body>
</soapenv:Envelope>]]></con:responseContent><con:wsaConfig mustUnderstand="NONE" version="200508" action="Subscribe"/></con:response><con:dispatchConfig/></con:mockOperation><con:mockOperation name="StopPointsDiscovery" interface="SiriProducerRpcBinding" operation="StopPointsDiscovery"><con:settings/><con:dispatchStyle>SEQUENCE</con:dispatchStyle><con:defaultResponse>Response 1</con:defaultResponse><con:response name="Response 1" encoding="UTF-8"><con:settings/><con:script>// create XmlHolder for request content
def holder = new com.eviware.soapui.support.XmlHolder( mockRequest.requestContent )
def fournisseur = "SNCF-ACCES"

// Methode permettant de setter les minites et secondes sur l'heure passée
def getAvecMinuteSeconde(javax.xml.datatype.XMLGregorianCalendar xmlCalendar, int minute, int seconde){ 
	Calendar calendar = xmlCalendar.toGregorianCalendar();	
	calendar.set(Calendar.MINUTE, minute);
	calendar.set(Calendar.SECOND, seconde);
	def date = javax.xml.datatype.DatatypeFactory.newInstance().newXMLGregorianCalendar(calendar);
	return date;     
}

// Methodes utilitaires DATE
// Methode Date permettant d'avoir l'heure courante + heure
def getHeureSuivante(int heure){
	def calendar = Calendar.getInstance();
	calendar.add(Calendar.HOUR,heure);
	calendar.set(Calendar.MINUTE, 0);
	calendar.set(Calendar.SECOND, 0);
	calendar.set(Calendar.MILLISECOND, 0);
	def heureSuivante = javax.xml.datatype.DatatypeFactory.newInstance().newXMLGregorianCalendar(calendar);
	return heureSuivante;
}


// define namespace
holder.namespaces["siri"] = "http://www.siri.org.uk/siri"

// get arguments
requestContext.lineRef = holder["//siri:lineRef"]
requestContext.operatorRef=fournisseur+":Operator::SNCF:"
requestContext.idMessage = holder["//siri:MessageIdentifier"][0]

def heureDepartCourse = getHeureSuivante(1)
requestContext.AimedArrivalTime = getAvecMinuteSeconde(heureDepartCourse,2,1).toXMLFormat()
requestContext.ExpectedArrivalTime = getAvecMinuteSeconde(heureDepartCourse,2,1).toXMLFormat()
requestContext.AimedDepartureTime = getAvecMinuteSeconde(heureDepartCourse,4,3).toXMLFormat()
requestContext.ProvisionalExpectedDepartureTime = getAvecMinuteSeconde(heureDepartCourse,5,3).toXMLFormat()

requestContext.AimedArrivalTime2 = getAvecMinuteSeconde(heureDepartCourse,5,1).toXMLFormat()
requestContext.ExpectedArrivalTime2 = getAvecMinuteSeconde(heureDepartCourse,5,1).toXMLFormat()
requestContext.AimedDepartureTime2 = getAvecMinuteSeconde(heureDepartCourse,10,3).toXMLFormat()
requestContext.ProvisionalExpectedDepartureTime2 = getAvecMinuteSeconde(heureDepartCourse,12,3).toXMLFormat()</con:script><con:responseContent><![CDATA[<soapenv:Envelope xmlns:soapenv="http://schemas.xmlsoap.org/soap/envelope/" xmlns:new="http://new.webservice.namespace" xmlns:siri="http://www.siri.org.uk/">
   <soapenv:Header/>
   <soapenv:Body>
      <wsdl:GetEstimatedTimetableResponse>
         <ServiceDeliveryInfo>
            <siri:ResponseTimestamp>${=javax.xml.datatype.DatatypeFactory.newInstance().newXMLGregorianCalendar(GregorianCalendar.getInstance())}</siri:ResponseTimestamp>
            <siri:ProducerRef>SNCF-ACCES</siri:ProducerRef>
            <siri:ResponseMessageIdentifier>SNCF-ACCES:ResponseMessage::1:LOC</siri:ResponseMessageIdentifier>
            <siri:RequestMessageRef>${idMessage}</siri:RequestMessageRef>
         </ServiceDeliveryInfo>
         <Answer>
            <!--1 or more repetitions:-->
            <siri:EstimatedTimetableDelivery version="2.0">
               <siri:ResponseTimestamp>${=javax.xml.datatype.DatatypeFactory.newInstance().newXMLGregorianCalendar(GregorianCalendar.getInstance())}</siri:ResponseTimestamp>
               <siri:RequestMessageRef>${idMessage}</siri:RequestMessageRef>
               <siri:Status>true</siri:Status>
               <siri:EstimatedJourneyVersionFrame>
                  <siri:RecordedAtTime>${=javax.xml.datatype.DatatypeFactory.newInstance().newXMLGregorianCalendar(GregorianCalendar.getInstance())}</siri:RecordedAtTime>
                  <siri:EstimatedVehicleJourney>
                     <siri:RecordedAtTime>${=javax.xml.datatype.DatatypeFactory.newInstance().newXMLGregorianCalendar(GregorianCalendar.getInstance())}</siri:RecordedAtTime>
                     <siri:LineRef>${lineRef}</siri:LineRef>
                     <siri:DirectionRef>STIF:StopPoint:Q:108925:LOC</siri:DirectionRef>
                     <siri:DatedVehicleJourneyIndirectRef>
                        <siri:OriginRef>STIF:StopPoint:Q:108925:</siri:OriginRef>
                        <siri:AimedDepartureTime>2015-03-14T19:02:41.000+01:00</siri:AimedDepartureTime>
                        <siri:DestinationRef>STIF:StopPoint:Q:108926:LOC</siri:DestinationRef>
                        <siri:AimedArrivalTime>2016-03-14T10:02:00.000+01:00</siri:AimedArrivalTime>
                     </siri:DatedVehicleJourneyIndirectRef>
                     <siri:EstimatedVehicleJourneyCode>test</siri:EstimatedVehicleJourneyCode>
                     <siri:ExtraJourney>true</siri:ExtraJourney>
                     <siri:Cancellation>false</siri:Cancellation>
                     <siri:JourneyPatternRef>STIF:JourneyPattern::40:LOC</siri:JourneyPatternRef>
                     <siri:RouteRef>100WSIVSIRI:Route::1:LOC</siri:RouteRef>
                     <siri:PublishedLineName>N</siri:PublishedLineName>
                     <siri:DestinationRef>STIF:StopPoint:Q:108926:LOC</siri:DestinationRef>
                     <siri:DestinationName>Arrêt 26 LOC</siri:DestinationName>
                     <siri:OperatorRef>${operatorRef}</siri:OperatorRef>
                     <siri:InPanic>false</siri:InPanic>
                     <siri:EstimatedCalls>
                        <siri:EstimatedCall>
                           <siri:StopPointRef>STIF:StopPoint:Q:108925:</siri:StopPointRef>
                           <siri:VehicleAtStop>false</siri:VehicleAtStop>
                           <siri:ReversesAtStop>false</siri:ReversesAtStop>
                           <siri:PlatformTraversal>false</siri:PlatformTraversal>
                           <siri:TimingPoint>true</siri:TimingPoint>
                           <siri:BoardingStretch>false</siri:BoardingStretch>
                           <siri:RequestStop>false</siri:RequestStop>
                           <siri:AimedArrivalTime>${AimedArrivalTime}</siri:AimedArrivalTime>
                           <siri:ExpectedArrivalTime>${ExpectedArrivalTime}</siri:ExpectedArrivalTime>
                           <siri:ArrivalStatus>onTime</siri:ArrivalStatus>
                           <siri:ArrivalProximityText>à l'approche</siri:ArrivalProximityText>
                           <siri:ArrivalPlatformName>quai 1</siri:ArrivalPlatformName>
                           <siri:ArrivalBoardingActivity>alighting</siri:ArrivalBoardingActivity>
                           <siri:AimedDepartureTime>${AimedDepartureTime}</siri:AimedDepartureTime>
                           <siri:ProvisionalExpectedDepartureTime>${ProvisionalExpectedDepartureTime}</siri:ProvisionalExpectedDepartureTime>
                           <siri:DepartureStatus>onTime</siri:DepartureStatus>
                           <siri:DeparturePlatformName>quai 1</siri:DeparturePlatformName>
                           <siri:DepartureBoardingActivity>boarding</siri:DepartureBoardingActivity>
                           <siri:AimedHeadwayInterval>PT1M</siri:AimedHeadwayInterval>
                           <siri:ExpectedHeadwayInterval>PT1M</siri:ExpectedHeadwayInterval>
                           <siri:DistanceFromStop>2300</siri:DistanceFromStop>
                           <siri:NumberOfStopsAway>3</siri:NumberOfStopsAway>
                        </siri:EstimatedCall>
                        
                        <siri:EstimatedCall>
                           <siri:StopPointRef>STIF:StopPoint:Q:108926:</siri:StopPointRef>
                           <siri:VehicleAtStop>false</siri:VehicleAtStop>
                           <siri:ReversesAtStop>false</siri:ReversesAtStop>
                           <siri:PlatformTraversal>false</siri:PlatformTraversal>
                           <siri:TimingPoint>true</siri:TimingPoint>
                           <siri:BoardingStretch>false</siri:BoardingStretch>
                           <siri:RequestStop>false</siri:RequestStop>
                           <siri:AimedArrivalTime>${AimedArrivalTime2}</siri:AimedArrivalTime>
                           <siri:ExpectedArrivalTime>${ExpectedArrivalTime2}</siri:ExpectedArrivalTime>
                           <siri:ArrivalStatus>onTime</siri:ArrivalStatus>
                           <siri:ArrivalProximityText>à l'approche</siri:ArrivalProximityText>
                           <siri:ArrivalPlatformName>quai 1</siri:ArrivalPlatformName>
                           <siri:ArrivalBoardingActivity>alighting</siri:ArrivalBoardingActivity>
                           <siri:AimedDepartureTime>${AimedDepartureTime2}</siri:AimedDepartureTime>
                           <siri:ProvisionalExpectedDepartureTime>${ProvisionalExpectedDepartureTime2}</siri:ProvisionalExpectedDepartureTime>
                           <siri:DepartureStatus>onTime</siri:DepartureStatus>
                           <siri:DeparturePlatformName>quai 1</siri:DeparturePlatformName>
                           <siri:DepartureBoardingActivity>boarding</siri:DepartureBoardingActivity>
                           <siri:AimedHeadwayInterval>PT1M</siri:AimedHeadwayInterval>
                           <siri:ExpectedHeadwayInterval>PT1M</siri:ExpectedHeadwayInterval>
                           <siri:DistanceFromStop>2300</siri:DistanceFromStop>
                           <siri:NumberOfStopsAway>3</siri:NumberOfStopsAway>
                        </siri:EstimatedCall>
                     
                     </siri:EstimatedCalls>
                     <siri:IsCompleteStopSequence>false</siri:IsCompleteStopSequence>
                     <siri:Extensions></siri:Extensions>
                  </siri:EstimatedVehicleJourney>
               </siri:EstimatedJourneyVersionFrame>
            </siri:EstimatedTimetableDelivery>
         </Answer>
         <AnswerExtension></AnswerExtension>
      </wsdl:GetEstimatedTimetableResponse>
   </soapenv:Body>
</soapenv:Envelope>]]></con:responseContent><con:wsaConfig mustUnderstand="NONE" version="200508" action="StopPointsDiscovery"/></con:response><con:dispatchConfig/></con:mockOperation><con:properties/></con:mockService><con:properties/><con:wssContainer/><con:oAuth2ProfileContainer/><con:sensitiveInformation/></con:soapui-project>