<?xml version="1.0" encoding="UTF-8"?>
<con:soapui-project activeEnvironment="Default" name="TEST_IVTR_UC_04_document" resourceRoot="" soapui-version="4.6.2" abortOnError="false" runType="SEQUENTIAL" xmlns:con="http://eviware.com/soapui/config"><con:settings><con:setting id="WsdlSettings@cache-wsdls">true</con:setting></con:settings><con:interface xsi:type="con:WsdlInterface" wsaVersion="NONE" name="SiriProducerDocBinding" type="wsdl" bindingName="{http://wsdl.siri.org.uk}SiriProducerDocBinding" soapVersion="1_1" anonymous="optional" definition="file:/home/paul/Desktop/Siri_XML-2.0k-IDF2.4%20(+SubscriptionTerminated%20and%20SG7%20change%20preview)/xsd/siri_wsProducer-Document.wsdl" xmlns:xsi="http://www.w3.org/2001/XMLSchema-instance"><con:settings/><con:definitionCache/><con:endpoints><con:endpoint>http://www.siri-service-location.com</con:endpoint></con:endpoints><con:operation isOneWay="false" action="CheckStatus" name="CheckStatus" bindingOperationName="CheckStatus" type="Request-Response" inputName="" receivesAttachments="false" sendsAttachments="false" anonymous="optional"><con:settings/><con:call name="Request 1"><con:settings/><con:encoding>UTF-8</con:encoding><con:endpoint>http://www.siri-service-location.com</con:endpoint><con:request><![CDATA[<soapenv:Envelope xmlns:soapenv="http://schemas.xmlsoap.org/soap/envelope/" xmlns:wsdl="http://wsdl.siri.org.uk" xmlns:siri="http://www.siri.org.uk/siri">
   <soapenv:Header/>
   <soapenv:Body>
      <wsdl:CheckStatus>
         <Request>
            <siri:RequestTimestamp>?</siri:RequestTimestamp>
            <!--Optional:-->
            <siri:AccountId>?</siri:AccountId>
            <!--Optional:-->
            <siri:AccountKey>?</siri:AccountKey>
            <!--Optional:-->
            <siri:Address>?</siri:Address>
            <siri:RequestorRef>?</siri:RequestorRef>
            <!--Optional:-->
            <siri:MessageIdentifier>?</siri:MessageIdentifier>
            <!--Optional:-->
            <siri:DelegatorAddress>?</siri:DelegatorAddress>
            <!--Optional:-->
            <siri:DelegatorRef>?</siri:DelegatorRef>
         </Request>
         <RequestExtension>
            <!--You may enter ANY elements at this point-->
         </RequestExtension>
      </wsdl:CheckStatus>
   </soapenv:Body>
</soapenv:Envelope>]]></con:request><con:wsaConfig mustUnderstand="NONE" version="200508" action="CheckStatus"/></con:call></con:operation><con:operation isOneWay="false" action="ConnectionLinksDiscovery" name="ConnectionLinksDiscovery" bindingOperationName="ConnectionLinksDiscovery" type="Request-Response" inputName="" receivesAttachments="false" sendsAttachments="false" anonymous="optional"><con:settings/><con:call name="Request 1"><con:settings/><con:encoding>UTF-8</con:encoding><con:endpoint>http://www.siri-service-location.com</con:endpoint><con:request><![CDATA[<soapenv:Envelope xmlns:soapenv="http://schemas.xmlsoap.org/soap/envelope/" xmlns:wsdl="http://wsdl.siri.org.uk" xmlns:siri="http://www.siri.org.uk/siri">
   <soapenv:Header/>
   <soapenv:Body>
      <wsdl:ConnectionLinksDiscovery>
         <Request version="2.0">
            <siri:RequestTimestamp>?</siri:RequestTimestamp>
            <!--Optional:-->
            <siri:AccountId>?</siri:AccountId>
            <!--Optional:-->
            <siri:AccountKey>?</siri:AccountKey>
            <!--Optional:-->
            <siri:Address>?</siri:Address>
            <siri:RequestorRef>?</siri:RequestorRef>
            <!--Optional:-->
            <siri:MessageIdentifier>?</siri:MessageIdentifier>
            <!--You have a CHOICE of the next 3 items at this level-->
            <siri:BoundingBox>
               <siri:UpperLeft id="?" srsName="?">
                  <!--You have a CHOICE of the next 2 items at this level-->
                  <siri:Longitude>?</siri:Longitude>
                  <siri:Latitude>?</siri:Latitude>
                  <siri:Coordinates>?</siri:Coordinates>
                  <!--Optional:-->
                  <siri:Precision>?</siri:Precision>
               </siri:UpperLeft>
               <siri:LowerRight id="?" srsName="?">
                  <!--You have a CHOICE of the next 2 items at this level-->
                  <siri:Longitude>?</siri:Longitude>
                  <siri:Latitude>?</siri:Latitude>
                  <siri:Coordinates>?</siri:Coordinates>
                  <!--Optional:-->
                  <siri:Precision>?</siri:Precision>
               </siri:LowerRight>
            </siri:BoundingBox>
            <siri:Circle id="?" srsName="?">
               <!--You have a CHOICE of the next 2 items at this level-->
               <siri:Longitude>?</siri:Longitude>
               <siri:Latitude>?</siri:Latitude>
               <siri:Coordinates>?</siri:Coordinates>
               <!--Optional:-->
               <siri:Precision>?</siri:Precision>
            </siri:Circle>
            <siri:PlaceRef>?</siri:PlaceRef>
            <!--Optional:-->
            <siri:LineRef>?</siri:LineRef>
            <!--Optional:-->
            <siri:OperatorRef>?</siri:OperatorRef>
            <!--Optional:-->
            <siri:Language>en</siri:Language>
            <!--Optional:-->
            <siri:ConnectionLinksDetailLevel>normal</siri:ConnectionLinksDetailLevel>
         </Request>
         <RequestExtension>
            <!--You may enter ANY elements at this point-->
         </RequestExtension>
      </wsdl:ConnectionLinksDiscovery>
   </soapenv:Body>
</soapenv:Envelope>]]></con:request><con:wsaConfig mustUnderstand="NONE" version="200508" action="ConnectionLinksDiscovery"/></con:call></con:operation><con:operation isOneWay="false" action="DataSupply" name="DataSupply" bindingOperationName="DataSupply" type="Request-Response" inputName="" receivesAttachments="false" sendsAttachments="false" anonymous="optional"><con:settings/><con:call name="Request 1"><con:settings/><con:encoding>UTF-8</con:encoding><con:endpoint>http://www.siri-service-location.com</con:endpoint><con:request><![CDATA[<soapenv:Envelope xmlns:soapenv="http://schemas.xmlsoap.org/soap/envelope/" xmlns:wsdl="http://wsdl.siri.org.uk" xmlns:siri="http://www.siri.org.uk/siri">
   <soapenv:Header/>
   <soapenv:Body>
      <wsdl:DataSupply>
         <DataSupplyRequestInfo>
            <siri:RequestTimestamp>?</siri:RequestTimestamp>
            <!--Optional:-->
            <siri:AccountId>?</siri:AccountId>
            <!--Optional:-->
            <siri:AccountKey>?</siri:AccountKey>
            <!--Optional:-->
            <siri:Address>?</siri:Address>
            <!--Optional:-->
            <siri:ConsumerRef>?</siri:ConsumerRef>
            <!--Optional:-->
            <siri:MessageIdentifier>?</siri:MessageIdentifier>
            <!--Optional:-->
            <siri:DelegatorAddress>?</siri:DelegatorAddress>
            <!--Optional:-->
            <siri:DelegatorRef>?</siri:DelegatorRef>
         </DataSupplyRequestInfo>
         <Request>
            <!--Optional:-->
            <siri:NotificationRef>?</siri:NotificationRef>
            <!--Optional:-->
            <siri:AllData>false</siri:AllData>
         </Request>
         <RequestExtension>
            <!--You may enter ANY elements at this point-->
         </RequestExtension>
      </wsdl:DataSupply>
   </soapenv:Body>
</soapenv:Envelope>]]></con:request><con:wsaConfig mustUnderstand="NONE" version="200508" action="DataSupply"/></con:call></con:operation><con:operation isOneWay="false" action="DeleteSubscription" name="DeleteSubscription" bindingOperationName="DeleteSubscription" type="Request-Response" inputName="" receivesAttachments="false" sendsAttachments="false" anonymous="optional"><con:settings/><con:call name="Request 1"><con:settings/><con:encoding>UTF-8</con:encoding><con:endpoint>http://www.siri-service-location.com</con:endpoint><con:request><![CDATA[<soapenv:Envelope xmlns:soapenv="http://schemas.xmlsoap.org/soap/envelope/" xmlns:wsdl="http://wsdl.siri.org.uk" xmlns:siri="http://www.siri.org.uk/siri">
   <soapenv:Header/>
   <soapenv:Body>
      <wsdl:DeleteSubscription>
         <DeleteSubscriptionInfo>
            <siri:RequestTimestamp>?</siri:RequestTimestamp>
            <!--Optional:-->
            <siri:AccountId>?</siri:AccountId>
            <!--Optional:-->
            <siri:AccountKey>?</siri:AccountKey>
            <!--Optional:-->
            <siri:Address>?</siri:Address>
            <siri:RequestorRef>?</siri:RequestorRef>
            <!--Optional:-->
            <siri:MessageIdentifier>?</siri:MessageIdentifier>
            <!--Optional:-->
            <siri:DelegatorAddress>?</siri:DelegatorAddress>
            <!--Optional:-->
            <siri:DelegatorRef>?</siri:DelegatorRef>
         </DeleteSubscriptionInfo>
         <Request>
            <!--Optional:-->
            <siri:SubscriberRef>?</siri:SubscriberRef>
            <!--You have a CHOICE of the next 2 items at this level-->
            <siri:All>?</siri:All>
            <!--1 or more repetitions:-->
            <siri:SubscriptionRef>?</siri:SubscriptionRef>
         </Request>
         <RequestExtension>
            <!--You may enter ANY elements at this point-->
         </RequestExtension>
      </wsdl:DeleteSubscription>
   </soapenv:Body>
</soapenv:Envelope>]]></con:request><con:wsaConfig mustUnderstand="NONE" version="200508" action="DeleteSubscription"/></con:call></con:operation><con:operation isOneWay="false" action="GetCapabilities" name="GetCapabilities" bindingOperationName="GetCapabilities" type="Request-Response" inputName="" receivesAttachments="false" sendsAttachments="false" anonymous="optional"><con:settings/><con:call name="Request 1"><con:settings/><con:encoding>UTF-8</con:encoding><con:endpoint>http://www.siri-service-location.com</con:endpoint><con:request><![CDATA[<soapenv:Envelope xmlns:soapenv="http://schemas.xmlsoap.org/soap/envelope/" xmlns:wsdl="http://wsdl.siri.org.uk" xmlns:siri="http://www.siri.org.uk/siri">
   <soapenv:Header/>
   <soapenv:Body>
      <wsdl:GetCapabilities>
         <Answer version="2.0">
            <siri:ResponseTimestamp>?</siri:ResponseTimestamp>
            <!--Optional:-->
            <siri:ProducerRef>?</siri:ProducerRef>
            <!--Optional:-->
            <siri:Address>?</siri:Address>
            <!--Optional:-->
            <siri:ResponseMessageIdentifier>?</siri:ResponseMessageIdentifier>
            <!--Optional:-->
            <siri:RequestMessageRef>?</siri:RequestMessageRef>
            <!--Optional:-->
            <siri:DelegatorAddress>?</siri:DelegatorAddress>
            <!--Optional:-->
            <siri:DelegatorRef>?</siri:DelegatorRef>
            <!--Optional:-->
            <siri:ProductionTimetableCapabilitiesResponse version="2.0">
               <siri:ResponseTimestamp>?</siri:ResponseTimestamp>
               <!--Optional:-->
               <siri:RequestMessageRef>?</siri:RequestMessageRef>
               <!--Optional:-->
               <siri:DelegatorAddress>?</siri:DelegatorAddress>
               <!--Optional:-->
               <siri:DelegatorRef>?</siri:DelegatorRef>
               <!--Optional:-->
               <siri:Status>true</siri:Status>
               <!--Optional:-->
               <siri:ErrorCondition>
                  <!--You have a CHOICE of the next 15 items at this level-->
                  <siri:UnapprovedKeyAccessError number="?">
                     <!--Optional:-->
                     <siri:ErrorText>?</siri:ErrorText>
                     <!--Optional:-->
                     <siri:Key>?</siri:Key>
                  </siri:UnapprovedKeyAccessError>
                  <siri:UnknownParticipantError number="?">
                     <!--Optional:-->
                     <siri:ErrorText>?</siri:ErrorText>
                     <!--Optional:-->
                     <siri:ParticipantRef>?</siri:ParticipantRef>
                  </siri:UnknownParticipantError>
                  <siri:UnknownEndpointError number="?">
                     <!--Optional:-->
                     <siri:ErrorText>?</siri:ErrorText>
                     <!--Optional:-->
                     <siri:Endpoint>?</siri:Endpoint>
                  </siri:UnknownEndpointError>
                  <siri:EndpointDeniedAccessError number="?">
                     <!--Optional:-->
                     <siri:ErrorText>?</siri:ErrorText>
                     <!--Optional:-->
                     <siri:Endpoint>?</siri:Endpoint>
                  </siri:EndpointDeniedAccessError>
                  <siri:EndpointNotAvailableAccessError number="?">
                     <!--Optional:-->
                     <siri:ErrorText>?</siri:ErrorText>
                     <!--Optional:-->
                     <siri:Endpoint>?</siri:Endpoint>
                  </siri:EndpointNotAvailableAccessError>
                  <siri:ServiceNotAvailableError number="?">
                     <!--Optional:-->
                     <siri:ErrorText>?</siri:ErrorText>
                     <!--Optional:-->
                     <siri:ExpectedRestartTime>?</siri:ExpectedRestartTime>
                  </siri:ServiceNotAvailableError>
                  <siri:CapabilityNotSupportedError number="?">
                     <!--Optional:-->
                     <siri:ErrorText>?</siri:ErrorText>
                     <!--Optional:-->
                     <siri:CapabilityRef>?</siri:CapabilityRef>
                  </siri:CapabilityNotSupportedError>
                  <siri:AccessNotAllowedError number="?">
                     <!--Optional:-->
                     <siri:ErrorText>?</siri:ErrorText>
                  </siri:AccessNotAllowedError>
                  <siri:InvalidDataReferencesError number="?">
                     <!--Optional:-->
                     <siri:ErrorText>?</siri:ErrorText>
                     <!--Zero or more repetitions:-->
                     <siri:InvalidRef>?</siri:InvalidRef>
                  </siri:InvalidDataReferencesError>
                  <siri:BeyondDataHorizon number="?">
                     <!--Optional:-->
                     <siri:ErrorText>?</siri:ErrorText>
                  </siri:BeyondDataHorizon>
                  <siri:NoInfoForTopicError number="?">
                     <!--Optional:-->
                     <siri:ErrorText>?</siri:ErrorText>
                  </siri:NoInfoForTopicError>
                  <siri:ParametersIgnoredError number="?">
                     <!--Optional:-->
                     <siri:ErrorText>?</siri:ErrorText>
                     <!--Zero or more repetitions:-->
                     <siri:ParameterName>?</siri:ParameterName>
                  </siri:ParametersIgnoredError>
                  <siri:UnknownExtensionsError number="?">
                     <!--Optional:-->
                     <siri:ErrorText>?</siri:ErrorText>
                     <!--Zero or more repetitions:-->
                     <siri:ExtensionName>?</siri:ExtensionName>
                  </siri:UnknownExtensionsError>
                  <siri:AllowedResourceUsageExceededError number="?">
                     <!--Optional:-->
                     <siri:ErrorText>?</siri:ErrorText>
                  </siri:AllowedResourceUsageExceededError>
                  <siri:OtherError number="?">
                     <!--Optional:-->
                     <siri:ErrorText>?</siri:ErrorText>
                  </siri:OtherError>
                  <!--Optional:-->
                  <siri:Description>?</siri:Description>
               </siri:ErrorCondition>
               <!--Optional:-->
               <siri:ProductionTimetableServiceCapabilities>
                  <!--Optional:-->
                  <siri:GeneralInteraction>
                     <siri:Interaction>
                        <siri:RequestResponse>true</siri:RequestResponse>
                        <siri:PublishSubscribe>true</siri:PublishSubscribe>
                     </siri:Interaction>
                     <siri:Delivery>
                        <siri:DirectDelivery>?</siri:DirectDelivery>
                        <siri:FetchedDelivery>?</siri:FetchedDelivery>
                     </siri:Delivery>
                     <siri:MultipartDespatch>true</siri:MultipartDespatch>
                     <siri:MultipleSubscriberFilter>false</siri:MultipleSubscriberFilter>
                     <siri:HasConfirmDelivery>false</siri:HasConfirmDelivery>
                     <siri:HasHeartbeat>false</siri:HasHeartbeat>
                     <!--Optional:-->
                     <siri:VisitNumberisOrder>false</siri:VisitNumberisOrder>
                  </siri:GeneralInteraction>
                  <!--Optional:-->
                  <siri:TransportDescription>
                     <siri:CommunicationsTransportMethod>httpPost</siri:CommunicationsTransportMethod>
                     <siri:CompressionMethod>none</siri:CompressionMethod>
                  </siri:TransportDescription>
                  <!--Optional:-->
                  <siri:TopicFiltering>
                     <siri:FilterByValidityPeriod>true</siri:FilterByValidityPeriod>
                     <siri:FilterByOperatorRef>true</siri:FilterByOperatorRef>
                     <siri:FilterByLineRef>true</siri:FilterByLineRef>
                     <siri:FilterByVersionRef>true</siri:FilterByVersionRef>
                  </siri:TopicFiltering>
                  <!--Optional:-->
                  <siri:RequestPolicy>
                     <!--1 or more repetitions:-->
                     <siri:NationalLanguage>?</siri:NationalLanguage>
                     <!--Optional:-->
                     <siri:Translations>?</siri:Translations>
                     <!--You have a CHOICE of the next 2 items at this level-->
                     <siri:GmlCoordinateFormat>?</siri:GmlCoordinateFormat>
                     <siri:WgsDecimalDegrees>?</siri:WgsDecimalDegrees>
                  </siri:RequestPolicy>
                  <!--Optional:-->
                  <siri:SubscriptionPolicy>
                     <siri:HasIncrementalUpdates>true</siri:HasIncrementalUpdates>
                  </siri:SubscriptionPolicy>
                  <!--Optional:-->
                  <siri:AccessControl>
                     <siri:RequestChecking>false</siri:RequestChecking>
                     <!--Optional:-->
                     <siri:CheckOperatorRef>true</siri:CheckOperatorRef>
                     <!--Optional:-->
                     <siri:CheckLineRef>true</siri:CheckLineRef>
                     <!--Optional:-->
                     <siri:CheckConnectionLinkRef>true</siri:CheckConnectionLinkRef>
                  </siri:AccessControl>
                  <!--Optional:-->
                  <siri:Extensions>
                     <!--You may enter ANY elements at this point-->
                  </siri:Extensions>
               </siri:ProductionTimetableServiceCapabilities>
               <!--Optional:-->
               <siri:ProductionTimetablePermissions>
                  <!--Optional:-->
                  <siri:PermissionVersionRef>?</siri:PermissionVersionRef>
                  <!--Zero or more repetitions:-->
                  <siri:ProductionTimetablePermission>
                     <!--You have a CHOICE of the next 2 items at this level-->
                     <siri:AllParticipants>?</siri:AllParticipants>
                     <siri:ParticipantRef>?</siri:ParticipantRef>
                     <!--Optional:-->
                     <siri:GeneralCapabilities>
                        <siri:RequestResponse>true</siri:RequestResponse>
                        <siri:PublishSubscribe>true</siri:PublishSubscribe>
                     </siri:GeneralCapabilities>
                     <siri:OperatorPermissions>
                        <!--You have a CHOICE of the next 2 items at this level-->
                        <siri:AllowAll>?</siri:AllowAll>
                        <!--1 or more repetitions:-->
                        <siri:OperatorPermission>
                           <siri:Allow>true</siri:Allow>
                           <siri:OperatorRef>?</siri:OperatorRef>
                        </siri:OperatorPermission>
                     </siri:OperatorPermissions>
                     <siri:LinePermissions>
                        <!--You have a CHOICE of the next 2 items at this level-->
                        <siri:AllowAll>?</siri:AllowAll>
                        <!--1 or more repetitions:-->
                        <siri:LinePermission>
                           <siri:Allow>true</siri:Allow>
                           <siri:LineRef>?</siri:LineRef>
                           <!--Zero or more repetitions:-->
                           <siri:DirectionRef>?</siri:DirectionRef>
                        </siri:LinePermission>
                     </siri:LinePermissions>
                     <siri:ConnectionLinkPermissions>
                        <!--You have a CHOICE of the next 2 items at this level-->
                        <siri:AllowAll>?</siri:AllowAll>
                        <!--1 or more repetitions:-->
                        <siri:ConnectionLinkPermission>
                           <siri:Allow>true</siri:Allow>
                           <siri:ConnectionLinkRef>?</siri:ConnectionLinkRef>
                        </siri:ConnectionLinkPermission>
                     </siri:ConnectionLinkPermissions>
                     <!--Optional:-->
                     <siri:Extensions>
                        <!--You may enter ANY elements at this point-->
                     </siri:Extensions>
                  </siri:ProductionTimetablePermission>
               </siri:ProductionTimetablePermissions>
               <!--Optional:-->
               <siri:Extensions>
                  <!--You may enter ANY elements at this point-->
               </siri:Extensions>
            </siri:ProductionTimetableCapabilitiesResponse>
            <!--Optional:-->
            <siri:EstimatedTimetableCapabilitiesResponse version="2.0">
               <siri:ResponseTimestamp>?</siri:ResponseTimestamp>
               <!--Optional:-->
               <siri:RequestMessageRef>?</siri:RequestMessageRef>
               <!--Optional:-->
               <siri:DelegatorAddress>?</siri:DelegatorAddress>
               <!--Optional:-->
               <siri:DelegatorRef>?</siri:DelegatorRef>
               <!--Optional:-->
               <siri:Status>true</siri:Status>
               <!--Optional:-->
               <siri:ErrorCondition>
                  <!--You have a CHOICE of the next 15 items at this level-->
                  <siri:UnapprovedKeyAccessError number="?">
                     <!--Optional:-->
                     <siri:ErrorText>?</siri:ErrorText>
                     <!--Optional:-->
                     <siri:Key>?</siri:Key>
                  </siri:UnapprovedKeyAccessError>
                  <siri:UnknownParticipantError number="?">
                     <!--Optional:-->
                     <siri:ErrorText>?</siri:ErrorText>
                     <!--Optional:-->
                     <siri:ParticipantRef>?</siri:ParticipantRef>
                  </siri:UnknownParticipantError>
                  <siri:UnknownEndpointError number="?">
                     <!--Optional:-->
                     <siri:ErrorText>?</siri:ErrorText>
                     <!--Optional:-->
                     <siri:Endpoint>?</siri:Endpoint>
                  </siri:UnknownEndpointError>
                  <siri:EndpointDeniedAccessError number="?">
                     <!--Optional:-->
                     <siri:ErrorText>?</siri:ErrorText>
                     <!--Optional:-->
                     <siri:Endpoint>?</siri:Endpoint>
                  </siri:EndpointDeniedAccessError>
                  <siri:EndpointNotAvailableAccessError number="?">
                     <!--Optional:-->
                     <siri:ErrorText>?</siri:ErrorText>
                     <!--Optional:-->
                     <siri:Endpoint>?</siri:Endpoint>
                  </siri:EndpointNotAvailableAccessError>
                  <siri:ServiceNotAvailableError number="?">
                     <!--Optional:-->
                     <siri:ErrorText>?</siri:ErrorText>
                     <!--Optional:-->
                     <siri:ExpectedRestartTime>?</siri:ExpectedRestartTime>
                  </siri:ServiceNotAvailableError>
                  <siri:CapabilityNotSupportedError number="?">
                     <!--Optional:-->
                     <siri:ErrorText>?</siri:ErrorText>
                     <!--Optional:-->
                     <siri:CapabilityRef>?</siri:CapabilityRef>
                  </siri:CapabilityNotSupportedError>
                  <siri:AccessNotAllowedError number="?">
                     <!--Optional:-->
                     <siri:ErrorText>?</siri:ErrorText>
                  </siri:AccessNotAllowedError>
                  <siri:InvalidDataReferencesError number="?">
                     <!--Optional:-->
                     <siri:ErrorText>?</siri:ErrorText>
                     <!--Zero or more repetitions:-->
                     <siri:InvalidRef>?</siri:InvalidRef>
                  </siri:InvalidDataReferencesError>
                  <siri:BeyondDataHorizon number="?">
                     <!--Optional:-->
                     <siri:ErrorText>?</siri:ErrorText>
                  </siri:BeyondDataHorizon>
                  <siri:NoInfoForTopicError number="?">
                     <!--Optional:-->
                     <siri:ErrorText>?</siri:ErrorText>
                  </siri:NoInfoForTopicError>
                  <siri:ParametersIgnoredError number="?">
                     <!--Optional:-->
                     <siri:ErrorText>?</siri:ErrorText>
                     <!--Zero or more repetitions:-->
                     <siri:ParameterName>?</siri:ParameterName>
                  </siri:ParametersIgnoredError>
                  <siri:UnknownExtensionsError number="?">
                     <!--Optional:-->
                     <siri:ErrorText>?</siri:ErrorText>
                     <!--Zero or more repetitions:-->
                     <siri:ExtensionName>?</siri:ExtensionName>
                  </siri:UnknownExtensionsError>
                  <siri:AllowedResourceUsageExceededError number="?">
                     <!--Optional:-->
                     <siri:ErrorText>?</siri:ErrorText>
                  </siri:AllowedResourceUsageExceededError>
                  <siri:OtherError number="?">
                     <!--Optional:-->
                     <siri:ErrorText>?</siri:ErrorText>
                  </siri:OtherError>
                  <!--Optional:-->
                  <siri:Description>?</siri:Description>
               </siri:ErrorCondition>
               <!--Optional:-->
               <siri:EstimatedTimetableServiceCapabilities>
                  <!--Optional:-->
                  <siri:GeneralInteraction>
                     <siri:Interaction>
                        <siri:RequestResponse>true</siri:RequestResponse>
                        <siri:PublishSubscribe>true</siri:PublishSubscribe>
                     </siri:Interaction>
                     <siri:Delivery>
                        <siri:DirectDelivery>?</siri:DirectDelivery>
                        <siri:FetchedDelivery>?</siri:FetchedDelivery>
                     </siri:Delivery>
                     <siri:MultipartDespatch>true</siri:MultipartDespatch>
                     <siri:MultipleSubscriberFilter>false</siri:MultipleSubscriberFilter>
                     <siri:HasConfirmDelivery>false</siri:HasConfirmDelivery>
                     <siri:HasHeartbeat>false</siri:HasHeartbeat>
                     <!--Optional:-->
                     <siri:VisitNumberisOrder>false</siri:VisitNumberisOrder>
                  </siri:GeneralInteraction>
                  <!--Optional:-->
                  <siri:TransportDescription>
                     <siri:CommunicationsTransportMethod>httpPost</siri:CommunicationsTransportMethod>
                     <siri:CompressionMethod>none</siri:CompressionMethod>
                  </siri:TransportDescription>
                  <!--Optional:-->
                  <siri:TopicFiltering>
                     <!--Optional:-->
                     <siri:DefaultPreviewInterval>?</siri:DefaultPreviewInterval>
                     <siri:FilterByOperatorRef>true</siri:FilterByOperatorRef>
                     <siri:FilterByLineRef>true</siri:FilterByLineRef>
                     <!--Optional:-->
                     <siri:FilterByVersionRef>true</siri:FilterByVersionRef>
                  </siri:TopicFiltering>
                  <!--Optional:-->
                  <siri:RequestPolicy>
                     <!--1 or more repetitions:-->
                     <siri:NationalLanguage>?</siri:NationalLanguage>
                     <!--Optional:-->
                     <siri:Translations>?</siri:Translations>
                     <!--You have a CHOICE of the next 2 items at this level-->
                     <siri:GmlCoordinateFormat>?</siri:GmlCoordinateFormat>
                     <siri:WgsDecimalDegrees>?</siri:WgsDecimalDegrees>
                  </siri:RequestPolicy>
                  <!--Optional:-->
                  <siri:SubscriptionPolicy>
                     <!--Optional:-->
                     <siri:HasIncrementalUpdates>true</siri:HasIncrementalUpdates>
                     <!--Optional:-->
                     <siri:HasChangeSensitivity>true</siri:HasChangeSensitivity>
                  </siri:SubscriptionPolicy>
                  <!--Optional:-->
                  <siri:AccessControl>
                     <siri:RequestChecking>false</siri:RequestChecking>
                     <!--Optional:-->
                     <siri:CheckOperatorRef>true</siri:CheckOperatorRef>
                     <!--Optional:-->
                     <siri:CheckLineRef>true</siri:CheckLineRef>
                     <!--Optional:-->
                     <siri:CheckConnectionLinkRef>true</siri:CheckConnectionLinkRef>
                  </siri:AccessControl>
                  <!--Optional:-->
                  <siri:Extensions>
                     <!--You may enter ANY elements at this point-->
                  </siri:Extensions>
               </siri:EstimatedTimetableServiceCapabilities>
               <!--Optional:-->
               <siri:EstimatedTimetablePermissions>
                  <!--Optional:-->
                  <siri:PermissionVersionRef>?</siri:PermissionVersionRef>
                  <!--Zero or more repetitions:-->
                  <siri:EstimatedTimetablePermission>
                     <!--You have a CHOICE of the next 2 items at this level-->
                     <siri:AllParticipants>?</siri:AllParticipants>
                     <siri:ParticipantRef>?</siri:ParticipantRef>
                     <!--Optional:-->
                     <siri:GeneralCapabilities>
                        <siri:RequestResponse>true</siri:RequestResponse>
                        <siri:PublishSubscribe>true</siri:PublishSubscribe>
                     </siri:GeneralCapabilities>
                     <siri:OperatorPermissions>
                        <!--You have a CHOICE of the next 2 items at this level-->
                        <siri:AllowAll>?</siri:AllowAll>
                        <!--1 or more repetitions:-->
                        <siri:OperatorPermission>
                           <siri:Allow>true</siri:Allow>
                           <siri:OperatorRef>?</siri:OperatorRef>
                        </siri:OperatorPermission>
                     </siri:OperatorPermissions>
                     <siri:LinePermissions>
                        <!--You have a CHOICE of the next 2 items at this level-->
                        <siri:AllowAll>?</siri:AllowAll>
                        <!--1 or more repetitions:-->
                        <siri:LinePermission>
                           <siri:Allow>true</siri:Allow>
                           <siri:LineRef>?</siri:LineRef>
                           <!--Zero or more repetitions:-->
                           <siri:DirectionRef>?</siri:DirectionRef>
                        </siri:LinePermission>
                     </siri:LinePermissions>
                     <siri:ConnectionLinkPermissions>
                        <!--You have a CHOICE of the next 2 items at this level-->
                        <siri:AllowAll>?</siri:AllowAll>
                        <!--1 or more repetitions:-->
                        <siri:ConnectionLinkPermission>
                           <siri:Allow>true</siri:Allow>
                           <siri:ConnectionLinkRef>?</siri:ConnectionLinkRef>
                        </siri:ConnectionLinkPermission>
                     </siri:ConnectionLinkPermissions>
                     <!--Optional:-->
                     <siri:Extensions>
                        <!--You may enter ANY elements at this point-->
                     </siri:Extensions>
                  </siri:EstimatedTimetablePermission>
               </siri:EstimatedTimetablePermissions>
               <!--Optional:-->
               <siri:Extensions>
                  <!--You may enter ANY elements at this point-->
               </siri:Extensions>
            </siri:EstimatedTimetableCapabilitiesResponse>
            <!--Optional:-->
            <siri:StopTimetableCapabilitiesResponse version="2.0">
               <siri:ResponseTimestamp>?</siri:ResponseTimestamp>
               <!--Optional:-->
               <siri:RequestMessageRef>?</siri:RequestMessageRef>
               <!--Optional:-->
               <siri:DelegatorAddress>?</siri:DelegatorAddress>
               <!--Optional:-->
               <siri:DelegatorRef>?</siri:DelegatorRef>
               <!--Optional:-->
               <siri:Status>true</siri:Status>
               <!--Optional:-->
               <siri:ErrorCondition>
                  <!--You have a CHOICE of the next 15 items at this level-->
                  <siri:UnapprovedKeyAccessError number="?">
                     <!--Optional:-->
                     <siri:ErrorText>?</siri:ErrorText>
                     <!--Optional:-->
                     <siri:Key>?</siri:Key>
                  </siri:UnapprovedKeyAccessError>
                  <siri:UnknownParticipantError number="?">
                     <!--Optional:-->
                     <siri:ErrorText>?</siri:ErrorText>
                     <!--Optional:-->
                     <siri:ParticipantRef>?</siri:ParticipantRef>
                  </siri:UnknownParticipantError>
                  <siri:UnknownEndpointError number="?">
                     <!--Optional:-->
                     <siri:ErrorText>?</siri:ErrorText>
                     <!--Optional:-->
                     <siri:Endpoint>?</siri:Endpoint>
                  </siri:UnknownEndpointError>
                  <siri:EndpointDeniedAccessError number="?">
                     <!--Optional:-->
                     <siri:ErrorText>?</siri:ErrorText>
                     <!--Optional:-->
                     <siri:Endpoint>?</siri:Endpoint>
                  </siri:EndpointDeniedAccessError>
                  <siri:EndpointNotAvailableAccessError number="?">
                     <!--Optional:-->
                     <siri:ErrorText>?</siri:ErrorText>
                     <!--Optional:-->
                     <siri:Endpoint>?</siri:Endpoint>
                  </siri:EndpointNotAvailableAccessError>
                  <siri:ServiceNotAvailableError number="?">
                     <!--Optional:-->
                     <siri:ErrorText>?</siri:ErrorText>
                     <!--Optional:-->
                     <siri:ExpectedRestartTime>?</siri:ExpectedRestartTime>
                  </siri:ServiceNotAvailableError>
                  <siri:CapabilityNotSupportedError number="?">
                     <!--Optional:-->
                     <siri:ErrorText>?</siri:ErrorText>
                     <!--Optional:-->
                     <siri:CapabilityRef>?</siri:CapabilityRef>
                  </siri:CapabilityNotSupportedError>
                  <siri:AccessNotAllowedError number="?">
                     <!--Optional:-->
                     <siri:ErrorText>?</siri:ErrorText>
                  </siri:AccessNotAllowedError>
                  <siri:InvalidDataReferencesError number="?">
                     <!--Optional:-->
                     <siri:ErrorText>?</siri:ErrorText>
                     <!--Zero or more repetitions:-->
                     <siri:InvalidRef>?</siri:InvalidRef>
                  </siri:InvalidDataReferencesError>
                  <siri:BeyondDataHorizon number="?">
                     <!--Optional:-->
                     <siri:ErrorText>?</siri:ErrorText>
                  </siri:BeyondDataHorizon>
                  <siri:NoInfoForTopicError number="?">
                     <!--Optional:-->
                     <siri:ErrorText>?</siri:ErrorText>
                  </siri:NoInfoForTopicError>
                  <siri:ParametersIgnoredError number="?">
                     <!--Optional:-->
                     <siri:ErrorText>?</siri:ErrorText>
                     <!--Zero or more repetitions:-->
                     <siri:ParameterName>?</siri:ParameterName>
                  </siri:ParametersIgnoredError>
                  <siri:UnknownExtensionsError number="?">
                     <!--Optional:-->
                     <siri:ErrorText>?</siri:ErrorText>
                     <!--Zero or more repetitions:-->
                     <siri:ExtensionName>?</siri:ExtensionName>
                  </siri:UnknownExtensionsError>
                  <siri:AllowedResourceUsageExceededError number="?">
                     <!--Optional:-->
                     <siri:ErrorText>?</siri:ErrorText>
                  </siri:AllowedResourceUsageExceededError>
                  <siri:OtherError number="?">
                     <!--Optional:-->
                     <siri:ErrorText>?</siri:ErrorText>
                  </siri:OtherError>
                  <!--Optional:-->
                  <siri:Description>?</siri:Description>
               </siri:ErrorCondition>
               <!--Optional:-->
               <siri:StopTimetableServiceCapabilities>
                  <!--Optional:-->
                  <siri:GeneralInteraction>
                     <siri:Interaction>
                        <siri:RequestResponse>true</siri:RequestResponse>
                        <siri:PublishSubscribe>true</siri:PublishSubscribe>
                     </siri:Interaction>
                     <siri:Delivery>
                        <siri:DirectDelivery>?</siri:DirectDelivery>
                        <siri:FetchedDelivery>?</siri:FetchedDelivery>
                     </siri:Delivery>
                     <siri:MultipartDespatch>true</siri:MultipartDespatch>
                     <siri:MultipleSubscriberFilter>false</siri:MultipleSubscriberFilter>
                     <siri:HasConfirmDelivery>false</siri:HasConfirmDelivery>
                     <siri:HasHeartbeat>false</siri:HasHeartbeat>
                     <!--Optional:-->
                     <siri:VisitNumberisOrder>false</siri:VisitNumberisOrder>
                  </siri:GeneralInteraction>
                  <!--Optional:-->
                  <siri:TransportDescription>
                     <siri:CommunicationsTransportMethod>httpPost</siri:CommunicationsTransportMethod>
                     <siri:CompressionMethod>none</siri:CompressionMethod>
                  </siri:TransportDescription>
                  <!--Optional:-->
                  <siri:TopicFiltering>
                     <siri:FilterByMonitoringRef>true</siri:FilterByMonitoringRef>
                     <siri:FilterByLineRef>true</siri:FilterByLineRef>
                     <!--Optional:-->
                     <siri:FilterByDirectionRef>true</siri:FilterByDirectionRef>
                  </siri:TopicFiltering>
                  <!--Optional:-->
                  <siri:RequestPolicy>
                     <!--1 or more repetitions:-->
                     <siri:NationalLanguage>?</siri:NationalLanguage>
                     <!--Optional:-->
                     <siri:Translations>?</siri:Translations>
                     <!--You have a CHOICE of the next 2 items at this level-->
                     <siri:GmlCoordinateFormat>?</siri:GmlCoordinateFormat>
                     <siri:WgsDecimalDegrees>?</siri:WgsDecimalDegrees>
                     <!--Optional:-->
                     <siri:UseReferences>true</siri:UseReferences>
                     <!--Optional:-->
                     <siri:UseNames>false</siri:UseNames>
                  </siri:RequestPolicy>
                  <!--Optional:-->
                  <siri:AccessControl>
                     <siri:RequestChecking>false</siri:RequestChecking>
                     <!--Optional:-->
                     <siri:CheckOperatorRef>true</siri:CheckOperatorRef>
                     <!--Optional:-->
                     <siri:CheckLineRef>true</siri:CheckLineRef>
                     <!--Optional:-->
                     <siri:CheckMonitoringRef>true</siri:CheckMonitoringRef>
                  </siri:AccessControl>
                  <!--Optional:-->
                  <siri:Extensions>
                     <!--You may enter ANY elements at this point-->
                  </siri:Extensions>
               </siri:StopTimetableServiceCapabilities>
               <!--Optional:-->
               <siri:StopTimetablePermissions>
                  <!--Optional:-->
                  <siri:PermissionVersionRef>?</siri:PermissionVersionRef>
                  <!--Zero or more repetitions:-->
                  <siri:StopTimetablePermission>
                     <!--You have a CHOICE of the next 2 items at this level-->
                     <siri:AllParticipants>?</siri:AllParticipants>
                     <siri:ParticipantRef>?</siri:ParticipantRef>
                     <!--Optional:-->
                     <siri:GeneralCapabilities>
                        <siri:RequestResponse>true</siri:RequestResponse>
                        <siri:PublishSubscribe>true</siri:PublishSubscribe>
                     </siri:GeneralCapabilities>
                     <siri:OperatorPermissions>
                        <!--You have a CHOICE of the next 2 items at this level-->
                        <siri:AllowAll>?</siri:AllowAll>
                        <!--1 or more repetitions:-->
                        <siri:OperatorPermission>
                           <siri:Allow>true</siri:Allow>
                           <siri:OperatorRef>?</siri:OperatorRef>
                        </siri:OperatorPermission>
                     </siri:OperatorPermissions>
                     <siri:LinePermissions>
                        <!--You have a CHOICE of the next 2 items at this level-->
                        <siri:AllowAll>?</siri:AllowAll>
                        <!--1 or more repetitions:-->
                        <siri:LinePermission>
                           <siri:Allow>true</siri:Allow>
                           <siri:LineRef>?</siri:LineRef>
                           <!--Zero or more repetitions:-->
                           <siri:DirectionRef>?</siri:DirectionRef>
                        </siri:LinePermission>
                     </siri:LinePermissions>
                     <siri:StopMonitorPermissions>
                        <!--You have a CHOICE of the next 2 items at this level-->
                        <siri:AllowAll>?</siri:AllowAll>
                        <!--1 or more repetitions:-->
                        <siri:StopMonitorPermission>
                           <siri:Allow>true</siri:Allow>
                           <siri:MonitoringRef>?</siri:MonitoringRef>
                        </siri:StopMonitorPermission>
                     </siri:StopMonitorPermissions>
                     <!--Optional:-->
                     <siri:Extensions>
                        <!--You may enter ANY elements at this point-->
                     </siri:Extensions>
                  </siri:StopTimetablePermission>
               </siri:StopTimetablePermissions>
               <!--Optional:-->
               <siri:Extensions>
                  <!--You may enter ANY elements at this point-->
               </siri:Extensions>
            </siri:StopTimetableCapabilitiesResponse>
            <!--Optional:-->
            <siri:StopMonitoringCapabilitiesResponse version="2.0">
               <siri:ResponseTimestamp>?</siri:ResponseTimestamp>
               <!--Optional:-->
               <siri:RequestMessageRef>?</siri:RequestMessageRef>
               <!--Optional:-->
               <siri:DelegatorAddress>?</siri:DelegatorAddress>
               <!--Optional:-->
               <siri:DelegatorRef>?</siri:DelegatorRef>
               <!--Optional:-->
               <siri:Status>true</siri:Status>
               <!--Optional:-->
               <siri:ErrorCondition>
                  <!--You have a CHOICE of the next 15 items at this level-->
                  <siri:UnapprovedKeyAccessError number="?">
                     <!--Optional:-->
                     <siri:ErrorText>?</siri:ErrorText>
                     <!--Optional:-->
                     <siri:Key>?</siri:Key>
                  </siri:UnapprovedKeyAccessError>
                  <siri:UnknownParticipantError number="?">
                     <!--Optional:-->
                     <siri:ErrorText>?</siri:ErrorText>
                     <!--Optional:-->
                     <siri:ParticipantRef>?</siri:ParticipantRef>
                  </siri:UnknownParticipantError>
                  <siri:UnknownEndpointError number="?">
                     <!--Optional:-->
                     <siri:ErrorText>?</siri:ErrorText>
                     <!--Optional:-->
                     <siri:Endpoint>?</siri:Endpoint>
                  </siri:UnknownEndpointError>
                  <siri:EndpointDeniedAccessError number="?">
                     <!--Optional:-->
                     <siri:ErrorText>?</siri:ErrorText>
                     <!--Optional:-->
                     <siri:Endpoint>?</siri:Endpoint>
                  </siri:EndpointDeniedAccessError>
                  <siri:EndpointNotAvailableAccessError number="?">
                     <!--Optional:-->
                     <siri:ErrorText>?</siri:ErrorText>
                     <!--Optional:-->
                     <siri:Endpoint>?</siri:Endpoint>
                  </siri:EndpointNotAvailableAccessError>
                  <siri:ServiceNotAvailableError number="?">
                     <!--Optional:-->
                     <siri:ErrorText>?</siri:ErrorText>
                     <!--Optional:-->
                     <siri:ExpectedRestartTime>?</siri:ExpectedRestartTime>
                  </siri:ServiceNotAvailableError>
                  <siri:CapabilityNotSupportedError number="?">
                     <!--Optional:-->
                     <siri:ErrorText>?</siri:ErrorText>
                     <!--Optional:-->
                     <siri:CapabilityRef>?</siri:CapabilityRef>
                  </siri:CapabilityNotSupportedError>
                  <siri:AccessNotAllowedError number="?">
                     <!--Optional:-->
                     <siri:ErrorText>?</siri:ErrorText>
                  </siri:AccessNotAllowedError>
                  <siri:InvalidDataReferencesError number="?">
                     <!--Optional:-->
                     <siri:ErrorText>?</siri:ErrorText>
                     <!--Zero or more repetitions:-->
                     <siri:InvalidRef>?</siri:InvalidRef>
                  </siri:InvalidDataReferencesError>
                  <siri:BeyondDataHorizon number="?">
                     <!--Optional:-->
                     <siri:ErrorText>?</siri:ErrorText>
                  </siri:BeyondDataHorizon>
                  <siri:NoInfoForTopicError number="?">
                     <!--Optional:-->
                     <siri:ErrorText>?</siri:ErrorText>
                  </siri:NoInfoForTopicError>
                  <siri:ParametersIgnoredError number="?">
                     <!--Optional:-->
                     <siri:ErrorText>?</siri:ErrorText>
                     <!--Zero or more repetitions:-->
                     <siri:ParameterName>?</siri:ParameterName>
                  </siri:ParametersIgnoredError>
                  <siri:UnknownExtensionsError number="?">
                     <!--Optional:-->
                     <siri:ErrorText>?</siri:ErrorText>
                     <!--Zero or more repetitions:-->
                     <siri:ExtensionName>?</siri:ExtensionName>
                  </siri:UnknownExtensionsError>
                  <siri:AllowedResourceUsageExceededError number="?">
                     <!--Optional:-->
                     <siri:ErrorText>?</siri:ErrorText>
                  </siri:AllowedResourceUsageExceededError>
                  <siri:OtherError number="?">
                     <!--Optional:-->
                     <siri:ErrorText>?</siri:ErrorText>
                  </siri:OtherError>
                  <!--Optional:-->
                  <siri:Description>?</siri:Description>
               </siri:ErrorCondition>
               <!--Optional:-->
               <siri:StopMonitoringServiceCapabilities>
                  <!--Optional:-->
                  <siri:GeneralInteraction>
                     <siri:Interaction>
                        <siri:RequestResponse>true</siri:RequestResponse>
                        <siri:PublishSubscribe>true</siri:PublishSubscribe>
                     </siri:Interaction>
                     <siri:Delivery>
                        <siri:DirectDelivery>?</siri:DirectDelivery>
                        <siri:FetchedDelivery>?</siri:FetchedDelivery>
                     </siri:Delivery>
                     <siri:MultipartDespatch>true</siri:MultipartDespatch>
                     <siri:MultipleSubscriberFilter>false</siri:MultipleSubscriberFilter>
                     <siri:HasConfirmDelivery>false</siri:HasConfirmDelivery>
                     <siri:HasHeartbeat>false</siri:HasHeartbeat>
                     <!--Optional:-->
                     <siri:VisitNumberisOrder>false</siri:VisitNumberisOrder>
                  </siri:GeneralInteraction>
                  <!--Optional:-->
                  <siri:TransportDescription>
                     <siri:CommunicationsTransportMethod>httpPost</siri:CommunicationsTransportMethod>
                     <siri:CompressionMethod>none</siri:CompressionMethod>
                  </siri:TransportDescription>
                  <!--Optional:-->
                  <siri:TopicFiltering>
                     <siri:DefaultPreviewInterval>PT60M</siri:DefaultPreviewInterval>
                     <!--Optional:-->
                     <siri:ByStartTime>true</siri:ByStartTime>
                     <siri:FilterByMonitoringRef>true</siri:FilterByMonitoringRef>
                     <siri:FilterByLineRef>true</siri:FilterByLineRef>
                     <!--Optional:-->
                     <siri:FilterByDirectionRef>true</siri:FilterByDirectionRef>
                     <!--Optional:-->
                     <siri:FilterByDestination>false</siri:FilterByDestination>
                     <!--Optional:-->
                     <siri:FilterByVisitType>true</siri:FilterByVisitType>
                  </siri:TopicFiltering>
                  <!--Optional:-->
                  <siri:RequestPolicy>
                     <!--1 or more repetitions:-->
                     <siri:NationalLanguage>?</siri:NationalLanguage>
                     <!--Optional:-->
                     <siri:Translations>?</siri:Translations>
                     <!--You have a CHOICE of the next 2 items at this level-->
                     <siri:GmlCoordinateFormat>?</siri:GmlCoordinateFormat>
                     <siri:WgsDecimalDegrees>?</siri:WgsDecimalDegrees>
                     <!--Optional:-->
                     <siri:UseReferences>true</siri:UseReferences>
                     <!--Optional:-->
                     <siri:UseNames>false</siri:UseNames>
                     <!--Optional:-->
                     <siri:HasDetailLevel>false</siri:HasDetailLevel>
                     <!--Optional:-->
                     <siri:DefaultDetailLevel>normal</siri:DefaultDetailLevel>
                     <!--Optional:-->
                     <siri:HasMaximumVisits>true</siri:HasMaximumVisits>
                     <!--Optional:-->
                     <siri:HasMinimumVisitsPerLine>true</siri:HasMinimumVisitsPerLine>
                     <!--Optional:-->
                     <siri:HasMinimumVisitsPerVia>false</siri:HasMinimumVisitsPerVia>
                     <!--Optional:-->
                     <siri:HasNumberOfOnwardsCalls>false</siri:HasNumberOfOnwardsCalls>
                     <!--Optional:-->
                     <siri:HasNumberOfPreviousCalls>false</siri:HasNumberOfPreviousCalls>
                  </siri:RequestPolicy>
                  <!--Optional:-->
                  <siri:SubscriptionPolicy>
                     <!--Optional:-->
                     <siri:HasIncrementalUpdates>true</siri:HasIncrementalUpdates>
                     <!--Optional:-->
                     <siri:HasChangeSensitivity>true</siri:HasChangeSensitivity>
                  </siri:SubscriptionPolicy>
                  <!--Optional:-->
                  <siri:AccessControl>
                     <siri:RequestChecking>false</siri:RequestChecking>
                     <!--Optional:-->
                     <siri:CheckOperatorRef>true</siri:CheckOperatorRef>
                     <!--Optional:-->
                     <siri:CheckLineRef>true</siri:CheckLineRef>
                     <!--Optional:-->
                     <siri:CheckMonitoringRef>true</siri:CheckMonitoringRef>
                  </siri:AccessControl>
                  <!--Optional:-->
                  <siri:ResponseFeatures>
                     <!--Optional:-->
                     <siri:HasLineNotices>true</siri:HasLineNotices>
                     <!--Optional:-->
                     <siri:HasSituations>false</siri:HasSituations>
                  </siri:ResponseFeatures>
               </siri:StopMonitoringServiceCapabilities>
               <!--Optional:-->
               <siri:StopMonitoringPermissions>
                  <!--Optional:-->
                  <siri:PermissionVersionRef>?</siri:PermissionVersionRef>
                  <!--Zero or more repetitions:-->
                  <siri:StopMonitoringPermission>
                     <!--You have a CHOICE of the next 2 items at this level-->
                     <siri:AllParticipants>?</siri:AllParticipants>
                     <siri:ParticipantRef>?</siri:ParticipantRef>
                     <!--Optional:-->
                     <siri:GeneralCapabilities>
                        <siri:RequestResponse>true</siri:RequestResponse>
                        <siri:PublishSubscribe>true</siri:PublishSubscribe>
                     </siri:GeneralCapabilities>
                     <siri:OperatorPermissions>
                        <!--You have a CHOICE of the next 2 items at this level-->
                        <siri:AllowAll>?</siri:AllowAll>
                        <!--1 or more repetitions:-->
                        <siri:OperatorPermission>
                           <siri:Allow>true</siri:Allow>
                           <siri:OperatorRef>?</siri:OperatorRef>
                        </siri:OperatorPermission>
                     </siri:OperatorPermissions>
                     <siri:LinePermissions>
                        <!--You have a CHOICE of the next 2 items at this level-->
                        <siri:AllowAll>?</siri:AllowAll>
                        <!--1 or more repetitions:-->
                        <siri:LinePermission>
                           <siri:Allow>true</siri:Allow>
                           <siri:LineRef>?</siri:LineRef>
                           <!--Zero or more repetitions:-->
                           <siri:DirectionRef>?</siri:DirectionRef>
                        </siri:LinePermission>
                     </siri:LinePermissions>
                     <siri:StopMonitorPermissions>
                        <!--You have a CHOICE of the next 2 items at this level-->
                        <siri:AllowAll>?</siri:AllowAll>
                        <!--1 or more repetitions:-->
                        <siri:StopMonitorPermission>
                           <siri:Allow>true</siri:Allow>
                           <siri:MonitoringRef>?</siri:MonitoringRef>
                        </siri:StopMonitorPermission>
                     </siri:StopMonitorPermissions>
                     <!--Optional:-->
                     <siri:Extensions>
                        <!--You may enter ANY elements at this point-->
                     </siri:Extensions>
                  </siri:StopMonitoringPermission>
               </siri:StopMonitoringPermissions>
               <!--Optional:-->
               <siri:Extensions>
                  <!--You may enter ANY elements at this point-->
               </siri:Extensions>
            </siri:StopMonitoringCapabilitiesResponse>
            <!--Optional:-->
            <siri:VehicleMonitoringCapabilitiesResponse version="2.0">
               <siri:ResponseTimestamp>?</siri:ResponseTimestamp>
               <!--Optional:-->
               <siri:RequestMessageRef>?</siri:RequestMessageRef>
               <!--Optional:-->
               <siri:DelegatorAddress>?</siri:DelegatorAddress>
               <!--Optional:-->
               <siri:DelegatorRef>?</siri:DelegatorRef>
               <!--Optional:-->
               <siri:Status>true</siri:Status>
               <!--Optional:-->
               <siri:ErrorCondition>
                  <!--You have a CHOICE of the next 15 items at this level-->
                  <siri:UnapprovedKeyAccessError number="?">
                     <!--Optional:-->
                     <siri:ErrorText>?</siri:ErrorText>
                     <!--Optional:-->
                     <siri:Key>?</siri:Key>
                  </siri:UnapprovedKeyAccessError>
                  <siri:UnknownParticipantError number="?">
                     <!--Optional:-->
                     <siri:ErrorText>?</siri:ErrorText>
                     <!--Optional:-->
                     <siri:ParticipantRef>?</siri:ParticipantRef>
                  </siri:UnknownParticipantError>
                  <siri:UnknownEndpointError number="?">
                     <!--Optional:-->
                     <siri:ErrorText>?</siri:ErrorText>
                     <!--Optional:-->
                     <siri:Endpoint>?</siri:Endpoint>
                  </siri:UnknownEndpointError>
                  <siri:EndpointDeniedAccessError number="?">
                     <!--Optional:-->
                     <siri:ErrorText>?</siri:ErrorText>
                     <!--Optional:-->
                     <siri:Endpoint>?</siri:Endpoint>
                  </siri:EndpointDeniedAccessError>
                  <siri:EndpointNotAvailableAccessError number="?">
                     <!--Optional:-->
                     <siri:ErrorText>?</siri:ErrorText>
                     <!--Optional:-->
                     <siri:Endpoint>?</siri:Endpoint>
                  </siri:EndpointNotAvailableAccessError>
                  <siri:ServiceNotAvailableError number="?">
                     <!--Optional:-->
                     <siri:ErrorText>?</siri:ErrorText>
                     <!--Optional:-->
                     <siri:ExpectedRestartTime>?</siri:ExpectedRestartTime>
                  </siri:ServiceNotAvailableError>
                  <siri:CapabilityNotSupportedError number="?">
                     <!--Optional:-->
                     <siri:ErrorText>?</siri:ErrorText>
                     <!--Optional:-->
                     <siri:CapabilityRef>?</siri:CapabilityRef>
                  </siri:CapabilityNotSupportedError>
                  <siri:AccessNotAllowedError number="?">
                     <!--Optional:-->
                     <siri:ErrorText>?</siri:ErrorText>
                  </siri:AccessNotAllowedError>
                  <siri:InvalidDataReferencesError number="?">
                     <!--Optional:-->
                     <siri:ErrorText>?</siri:ErrorText>
                     <!--Zero or more repetitions:-->
                     <siri:InvalidRef>?</siri:InvalidRef>
                  </siri:InvalidDataReferencesError>
                  <siri:BeyondDataHorizon number="?">
                     <!--Optional:-->
                     <siri:ErrorText>?</siri:ErrorText>
                  </siri:BeyondDataHorizon>
                  <siri:NoInfoForTopicError number="?">
                     <!--Optional:-->
                     <siri:ErrorText>?</siri:ErrorText>
                  </siri:NoInfoForTopicError>
                  <siri:ParametersIgnoredError number="?">
                     <!--Optional:-->
                     <siri:ErrorText>?</siri:ErrorText>
                     <!--Zero or more repetitions:-->
                     <siri:ParameterName>?</siri:ParameterName>
                  </siri:ParametersIgnoredError>
                  <siri:UnknownExtensionsError number="?">
                     <!--Optional:-->
                     <siri:ErrorText>?</siri:ErrorText>
                     <!--Zero or more repetitions:-->
                     <siri:ExtensionName>?</siri:ExtensionName>
                  </siri:UnknownExtensionsError>
                  <siri:AllowedResourceUsageExceededError number="?">
                     <!--Optional:-->
                     <siri:ErrorText>?</siri:ErrorText>
                  </siri:AllowedResourceUsageExceededError>
                  <siri:OtherError number="?">
                     <!--Optional:-->
                     <siri:ErrorText>?</siri:ErrorText>
                  </siri:OtherError>
                  <!--Optional:-->
                  <siri:Description>?</siri:Description>
               </siri:ErrorCondition>
               <!--Optional:-->
               <siri:VehicleMonitoringServiceCapabilities>
                  <!--Optional:-->
                  <siri:GeneralInteraction>
                     <siri:Interaction>
                        <siri:RequestResponse>true</siri:RequestResponse>
                        <siri:PublishSubscribe>true</siri:PublishSubscribe>
                     </siri:Interaction>
                     <siri:Delivery>
                        <siri:DirectDelivery>?</siri:DirectDelivery>
                        <siri:FetchedDelivery>?</siri:FetchedDelivery>
                     </siri:Delivery>
                     <siri:MultipartDespatch>true</siri:MultipartDespatch>
                     <siri:MultipleSubscriberFilter>false</siri:MultipleSubscriberFilter>
                     <siri:HasConfirmDelivery>false</siri:HasConfirmDelivery>
                     <siri:HasHeartbeat>false</siri:HasHeartbeat>
                     <!--Optional:-->
                     <siri:VisitNumberisOrder>false</siri:VisitNumberisOrder>
                  </siri:GeneralInteraction>
                  <!--Optional:-->
                  <siri:TransportDescription>
                     <siri:CommunicationsTransportMethod>httpPost</siri:CommunicationsTransportMethod>
                     <siri:CompressionMethod>none</siri:CompressionMethod>
                  </siri:TransportDescription>
                  <!--Optional:-->
                  <siri:TopicFiltering>
                     <siri:DefaultPreviewInterval>PT60M</siri:DefaultPreviewInterval>
                     <siri:FilterByVehicleMonitoringRef>true</siri:FilterByVehicleMonitoringRef>
                     <!--Optional:-->
                     <siri:FilterByVehicleRef>false</siri:FilterByVehicleRef>
                     <!--Optional:-->
                     <siri:FilterByLineRef>true</siri:FilterByLineRef>
                     <!--Optional:-->
                     <siri:FilterByDirectionRef>true</siri:FilterByDirectionRef>
                  </siri:TopicFiltering>
                  <!--Optional:-->
                  <siri:RequestPolicy>
                     <!--1 or more repetitions:-->
                     <siri:NationalLanguage>?</siri:NationalLanguage>
                     <!--Optional:-->
                     <siri:Translations>?</siri:Translations>
                     <!--You have a CHOICE of the next 2 items at this level-->
                     <siri:GmlCoordinateFormat>?</siri:GmlCoordinateFormat>
                     <siri:WgsDecimalDegrees>?</siri:WgsDecimalDegrees>
                     <!--Optional:-->
                     <siri:HasDetailLevel>false</siri:HasDetailLevel>
                     <!--Optional:-->
                     <siri:DefaultDetailLevel>normal</siri:DefaultDetailLevel>
                     <!--Optional:-->
                     <siri:HasMaximumVehicles>true</siri:HasMaximumVehicles>
                     <!--Optional:-->
                     <siri:HasMaximumNumberOfCalls>false</siri:HasMaximumNumberOfCalls>
                     <!--Optional:-->
                     <siri:HasNumberOfOnwardsCalls>false</siri:HasNumberOfOnwardsCalls>
                     <!--Optional:-->
                     <siri:HasNumberOfPreviousCalls>false</siri:HasNumberOfPreviousCalls>
                  </siri:RequestPolicy>
                  <!--Optional:-->
                  <siri:SubscriptionPolicy>
                     <!--Optional:-->
                     <siri:HasIncrementalUpdates>true</siri:HasIncrementalUpdates>
                     <!--Optional:-->
                     <siri:HasChangeSensitivity>true</siri:HasChangeSensitivity>
                  </siri:SubscriptionPolicy>
                  <!--Optional:-->
                  <siri:AccessControl>
                     <siri:RequestChecking>false</siri:RequestChecking>
                     <!--Optional:-->
                     <siri:CheckOperatorRef>true</siri:CheckOperatorRef>
                     <!--Optional:-->
                     <siri:CheckLineRef>true</siri:CheckLineRef>
                     <!--Optional:-->
                     <siri:CheckVehicleMonitoringRef>true</siri:CheckVehicleMonitoringRef>
                  </siri:AccessControl>
                  <!--Optional:-->
                  <siri:ResponseFeatures>
                     <!--Optional:-->
                     <siri:HasLocation>true</siri:HasLocation>
                     <!--Optional:-->
                     <siri:HasSituations>false</siri:HasSituations>
                  </siri:ResponseFeatures>
                  <!--Optional:-->
                  <siri:Extensions>
                     <!--You may enter ANY elements at this point-->
                  </siri:Extensions>
               </siri:VehicleMonitoringServiceCapabilities>
               <!--Optional:-->
               <siri:VehicleMonitoringPermissions>
                  <!--Optional:-->
                  <siri:PermissionVersionRef>?</siri:PermissionVersionRef>
                  <!--Zero or more repetitions:-->
                  <siri:VehicleMonitoringPermission>
                     <!--You have a CHOICE of the next 2 items at this level-->
                     <siri:AllParticipants>?</siri:AllParticipants>
                     <siri:ParticipantRef>?</siri:ParticipantRef>
                     <!--Optional:-->
                     <siri:GeneralCapabilities>
                        <siri:RequestResponse>true</siri:RequestResponse>
                        <siri:PublishSubscribe>true</siri:PublishSubscribe>
                     </siri:GeneralCapabilities>
                     <siri:OperatorPermissions>
                        <!--You have a CHOICE of the next 2 items at this level-->
                        <siri:AllowAll>?</siri:AllowAll>
                        <!--1 or more repetitions:-->
                        <siri:OperatorPermission>
                           <siri:Allow>true</siri:Allow>
                           <siri:OperatorRef>?</siri:OperatorRef>
                        </siri:OperatorPermission>
                     </siri:OperatorPermissions>
                     <siri:LinePermissions>
                        <!--You have a CHOICE of the next 2 items at this level-->
                        <siri:AllowAll>?</siri:AllowAll>
                        <!--1 or more repetitions:-->
                        <siri:LinePermission>
                           <siri:Allow>true</siri:Allow>
                           <siri:LineRef>?</siri:LineRef>
                           <!--Zero or more repetitions:-->
                           <siri:DirectionRef>?</siri:DirectionRef>
                        </siri:LinePermission>
                     </siri:LinePermissions>
                     <siri:VehicleMonitoringPermissions>
                        <!--You have a CHOICE of the next 2 items at this level-->
                        <siri:AllowAll>?</siri:AllowAll>
                        <!--1 or more repetitions:-->
                        <siri:VehicleMonitorPermission>
                           <siri:Allow>true</siri:Allow>
                           <siri:VehicleMonitoringRef>?</siri:VehicleMonitoringRef>
                        </siri:VehicleMonitorPermission>
                     </siri:VehicleMonitoringPermissions>
                     <!--Optional:-->
                     <siri:Extensions>
                        <!--You may enter ANY elements at this point-->
                     </siri:Extensions>
                  </siri:VehicleMonitoringPermission>
               </siri:VehicleMonitoringPermissions>
               <!--Optional:-->
               <siri:Extensions>
                  <!--You may enter ANY elements at this point-->
               </siri:Extensions>
            </siri:VehicleMonitoringCapabilitiesResponse>
            <!--Optional:-->
            <siri:ConnectionTimetableCapabilitiesResponse version="2.0">
               <siri:ResponseTimestamp>?</siri:ResponseTimestamp>
               <!--Optional:-->
               <siri:RequestMessageRef>?</siri:RequestMessageRef>
               <!--Optional:-->
               <siri:DelegatorAddress>?</siri:DelegatorAddress>
               <!--Optional:-->
               <siri:DelegatorRef>?</siri:DelegatorRef>
               <!--Optional:-->
               <siri:Status>true</siri:Status>
               <!--Optional:-->
               <siri:ErrorCondition>
                  <!--You have a CHOICE of the next 15 items at this level-->
                  <siri:UnapprovedKeyAccessError number="?">
                     <!--Optional:-->
                     <siri:ErrorText>?</siri:ErrorText>
                     <!--Optional:-->
                     <siri:Key>?</siri:Key>
                  </siri:UnapprovedKeyAccessError>
                  <siri:UnknownParticipantError number="?">
                     <!--Optional:-->
                     <siri:ErrorText>?</siri:ErrorText>
                     <!--Optional:-->
                     <siri:ParticipantRef>?</siri:ParticipantRef>
                  </siri:UnknownParticipantError>
                  <siri:UnknownEndpointError number="?">
                     <!--Optional:-->
                     <siri:ErrorText>?</siri:ErrorText>
                     <!--Optional:-->
                     <siri:Endpoint>?</siri:Endpoint>
                  </siri:UnknownEndpointError>
                  <siri:EndpointDeniedAccessError number="?">
                     <!--Optional:-->
                     <siri:ErrorText>?</siri:ErrorText>
                     <!--Optional:-->
                     <siri:Endpoint>?</siri:Endpoint>
                  </siri:EndpointDeniedAccessError>
                  <siri:EndpointNotAvailableAccessError number="?">
                     <!--Optional:-->
                     <siri:ErrorText>?</siri:ErrorText>
                     <!--Optional:-->
                     <siri:Endpoint>?</siri:Endpoint>
                  </siri:EndpointNotAvailableAccessError>
                  <siri:ServiceNotAvailableError number="?">
                     <!--Optional:-->
                     <siri:ErrorText>?</siri:ErrorText>
                     <!--Optional:-->
                     <siri:ExpectedRestartTime>?</siri:ExpectedRestartTime>
                  </siri:ServiceNotAvailableError>
                  <siri:CapabilityNotSupportedError number="?">
                     <!--Optional:-->
                     <siri:ErrorText>?</siri:ErrorText>
                     <!--Optional:-->
                     <siri:CapabilityRef>?</siri:CapabilityRef>
                  </siri:CapabilityNotSupportedError>
                  <siri:AccessNotAllowedError number="?">
                     <!--Optional:-->
                     <siri:ErrorText>?</siri:ErrorText>
                  </siri:AccessNotAllowedError>
                  <siri:InvalidDataReferencesError number="?">
                     <!--Optional:-->
                     <siri:ErrorText>?</siri:ErrorText>
                     <!--Zero or more repetitions:-->
                     <siri:InvalidRef>?</siri:InvalidRef>
                  </siri:InvalidDataReferencesError>
                  <siri:BeyondDataHorizon number="?">
                     <!--Optional:-->
                     <siri:ErrorText>?</siri:ErrorText>
                  </siri:BeyondDataHorizon>
                  <siri:NoInfoForTopicError number="?">
                     <!--Optional:-->
                     <siri:ErrorText>?</siri:ErrorText>
                  </siri:NoInfoForTopicError>
                  <siri:ParametersIgnoredError number="?">
                     <!--Optional:-->
                     <siri:ErrorText>?</siri:ErrorText>
                     <!--Zero or more repetitions:-->
                     <siri:ParameterName>?</siri:ParameterName>
                  </siri:ParametersIgnoredError>
                  <siri:UnknownExtensionsError number="?">
                     <!--Optional:-->
                     <siri:ErrorText>?</siri:ErrorText>
                     <!--Zero or more repetitions:-->
                     <siri:ExtensionName>?</siri:ExtensionName>
                  </siri:UnknownExtensionsError>
                  <siri:AllowedResourceUsageExceededError number="?">
                     <!--Optional:-->
                     <siri:ErrorText>?</siri:ErrorText>
                  </siri:AllowedResourceUsageExceededError>
                  <siri:OtherError number="?">
                     <!--Optional:-->
                     <siri:ErrorText>?</siri:ErrorText>
                  </siri:OtherError>
                  <!--Optional:-->
                  <siri:Description>?</siri:Description>
               </siri:ErrorCondition>
               <!--Optional:-->
               <siri:ConnectionTimetableServiceCapabilities>
                  <!--Optional:-->
                  <siri:GeneralInteraction>
                     <siri:Interaction>
                        <siri:RequestResponse>true</siri:RequestResponse>
                        <siri:PublishSubscribe>true</siri:PublishSubscribe>
                     </siri:Interaction>
                     <siri:Delivery>
                        <siri:DirectDelivery>?</siri:DirectDelivery>
                        <siri:FetchedDelivery>?</siri:FetchedDelivery>
                     </siri:Delivery>
                     <siri:MultipartDespatch>true</siri:MultipartDespatch>
                     <siri:MultipleSubscriberFilter>false</siri:MultipleSubscriberFilter>
                     <siri:HasConfirmDelivery>false</siri:HasConfirmDelivery>
                     <siri:HasHeartbeat>false</siri:HasHeartbeat>
                     <!--Optional:-->
                     <siri:VisitNumberisOrder>false</siri:VisitNumberisOrder>
                  </siri:GeneralInteraction>
                  <!--Optional:-->
                  <siri:TransportDescription>
                     <siri:CommunicationsTransportMethod>httpPost</siri:CommunicationsTransportMethod>
                     <siri:CompressionMethod>none</siri:CompressionMethod>
                  </siri:TransportDescription>
                  <!--Optional:-->
                  <siri:TopicFiltering>
                     <siri:FilterByLineRef>true</siri:FilterByLineRef>
                     <siri:FilterByConnectionLinkRef>true</siri:FilterByConnectionLinkRef>
                  </siri:TopicFiltering>
                  <!--Optional:-->
                  <siri:RequestPolicy>
                     <!--1 or more repetitions:-->
                     <siri:NationalLanguage>?</siri:NationalLanguage>
                     <!--Optional:-->
                     <siri:Translations>?</siri:Translations>
                     <!--You have a CHOICE of the next 2 items at this level-->
                     <siri:GmlCoordinateFormat>?</siri:GmlCoordinateFormat>
                     <siri:WgsDecimalDegrees>?</siri:WgsDecimalDegrees>
                     <!--Optional:-->
                     <siri:ForeignJourneysOnly>false</siri:ForeignJourneysOnly>
                  </siri:RequestPolicy>
                  <!--Optional:-->
                  <siri:SubscriptionPolicy>
                     <!--Optional:-->
                     <siri:HasIncrementalUpdates>true</siri:HasIncrementalUpdates>
                     <!--Optional:-->
                     <siri:HasChangeSensitivity>true</siri:HasChangeSensitivity>
                  </siri:SubscriptionPolicy>
                  <!--Optional:-->
                  <siri:AccessControl>
                     <siri:RequestChecking>false</siri:RequestChecking>
                     <!--Optional:-->
                     <siri:CheckOperatorRef>true</siri:CheckOperatorRef>
                     <!--Optional:-->
                     <siri:CheckLineRef>true</siri:CheckLineRef>
                     <!--Optional:-->
                     <siri:CheckConnectionLinkRef>true</siri:CheckConnectionLinkRef>
                  </siri:AccessControl>
                  <!--Optional:-->
                  <siri:Extensions>
                     <!--You may enter ANY elements at this point-->
                  </siri:Extensions>
               </siri:ConnectionTimetableServiceCapabilities>
               <!--Optional:-->
               <siri:ConnectionTimetablePermissions>
                  <!--Optional:-->
                  <siri:PermissionVersionRef>?</siri:PermissionVersionRef>
                  <!--Zero or more repetitions:-->
                  <siri:ConnectionTimetablePermission>
                     <!--You have a CHOICE of the next 2 items at this level-->
                     <siri:AllParticipants>?</siri:AllParticipants>
                     <siri:ParticipantRef>?</siri:ParticipantRef>
                     <!--Optional:-->
                     <siri:GeneralCapabilities>
                        <siri:RequestResponse>true</siri:RequestResponse>
                        <siri:PublishSubscribe>true</siri:PublishSubscribe>
                     </siri:GeneralCapabilities>
                     <siri:OperatorPermissions>
                        <!--You have a CHOICE of the next 2 items at this level-->
                        <siri:AllowAll>?</siri:AllowAll>
                        <!--1 or more repetitions:-->
                        <siri:OperatorPermission>
                           <siri:Allow>true</siri:Allow>
                           <siri:OperatorRef>?</siri:OperatorRef>
                        </siri:OperatorPermission>
                     </siri:OperatorPermissions>
                     <siri:LinePermissions>
                        <!--You have a CHOICE of the next 2 items at this level-->
                        <siri:AllowAll>?</siri:AllowAll>
                        <!--1 or more repetitions:-->
                        <siri:LinePermission>
                           <siri:Allow>true</siri:Allow>
                           <siri:LineRef>?</siri:LineRef>
                           <!--Zero or more repetitions:-->
                           <siri:DirectionRef>?</siri:DirectionRef>
                        </siri:LinePermission>
                     </siri:LinePermissions>
                     <siri:ConnectionLinkPermissions>
                        <!--You have a CHOICE of the next 2 items at this level-->
                        <siri:AllowAll>?</siri:AllowAll>
                        <!--1 or more repetitions:-->
                        <siri:ConnectionLinkPermission>
                           <siri:Allow>true</siri:Allow>
                           <siri:ConnectionLinkRef>?</siri:ConnectionLinkRef>
                        </siri:ConnectionLinkPermission>
                     </siri:ConnectionLinkPermissions>
                     <!--Optional:-->
                     <siri:Extensions>
                        <!--You may enter ANY elements at this point-->
                     </siri:Extensions>
                  </siri:ConnectionTimetablePermission>
               </siri:ConnectionTimetablePermissions>
               <!--Optional:-->
               <siri:Extensions>
                  <!--You may enter ANY elements at this point-->
               </siri:Extensions>
            </siri:ConnectionTimetableCapabilitiesResponse>
            <!--Optional:-->
            <siri:ConnectionMonitoringCapabilitiesResponse version="2.0">
               <siri:ResponseTimestamp>?</siri:ResponseTimestamp>
               <!--Optional:-->
               <siri:RequestMessageRef>?</siri:RequestMessageRef>
               <!--Optional:-->
               <siri:DelegatorAddress>?</siri:DelegatorAddress>
               <!--Optional:-->
               <siri:DelegatorRef>?</siri:DelegatorRef>
               <!--Optional:-->
               <siri:Status>true</siri:Status>
               <!--Optional:-->
               <siri:ErrorCondition>
                  <!--You have a CHOICE of the next 15 items at this level-->
                  <siri:UnapprovedKeyAccessError number="?">
                     <!--Optional:-->
                     <siri:ErrorText>?</siri:ErrorText>
                     <!--Optional:-->
                     <siri:Key>?</siri:Key>
                  </siri:UnapprovedKeyAccessError>
                  <siri:UnknownParticipantError number="?">
                     <!--Optional:-->
                     <siri:ErrorText>?</siri:ErrorText>
                     <!--Optional:-->
                     <siri:ParticipantRef>?</siri:ParticipantRef>
                  </siri:UnknownParticipantError>
                  <siri:UnknownEndpointError number="?">
                     <!--Optional:-->
                     <siri:ErrorText>?</siri:ErrorText>
                     <!--Optional:-->
                     <siri:Endpoint>?</siri:Endpoint>
                  </siri:UnknownEndpointError>
                  <siri:EndpointDeniedAccessError number="?">
                     <!--Optional:-->
                     <siri:ErrorText>?</siri:ErrorText>
                     <!--Optional:-->
                     <siri:Endpoint>?</siri:Endpoint>
                  </siri:EndpointDeniedAccessError>
                  <siri:EndpointNotAvailableAccessError number="?">
                     <!--Optional:-->
                     <siri:ErrorText>?</siri:ErrorText>
                     <!--Optional:-->
                     <siri:Endpoint>?</siri:Endpoint>
                  </siri:EndpointNotAvailableAccessError>
                  <siri:ServiceNotAvailableError number="?">
                     <!--Optional:-->
                     <siri:ErrorText>?</siri:ErrorText>
                     <!--Optional:-->
                     <siri:ExpectedRestartTime>?</siri:ExpectedRestartTime>
                  </siri:ServiceNotAvailableError>
                  <siri:CapabilityNotSupportedError number="?">
                     <!--Optional:-->
                     <siri:ErrorText>?</siri:ErrorText>
                     <!--Optional:-->
                     <siri:CapabilityRef>?</siri:CapabilityRef>
                  </siri:CapabilityNotSupportedError>
                  <siri:AccessNotAllowedError number="?">
                     <!--Optional:-->
                     <siri:ErrorText>?</siri:ErrorText>
                  </siri:AccessNotAllowedError>
                  <siri:InvalidDataReferencesError number="?">
                     <!--Optional:-->
                     <siri:ErrorText>?</siri:ErrorText>
                     <!--Zero or more repetitions:-->
                     <siri:InvalidRef>?</siri:InvalidRef>
                  </siri:InvalidDataReferencesError>
                  <siri:BeyondDataHorizon number="?">
                     <!--Optional:-->
                     <siri:ErrorText>?</siri:ErrorText>
                  </siri:BeyondDataHorizon>
                  <siri:NoInfoForTopicError number="?">
                     <!--Optional:-->
                     <siri:ErrorText>?</siri:ErrorText>
                  </siri:NoInfoForTopicError>
                  <siri:ParametersIgnoredError number="?">
                     <!--Optional:-->
                     <siri:ErrorText>?</siri:ErrorText>
                     <!--Zero or more repetitions:-->
                     <siri:ParameterName>?</siri:ParameterName>
                  </siri:ParametersIgnoredError>
                  <siri:UnknownExtensionsError number="?">
                     <!--Optional:-->
                     <siri:ErrorText>?</siri:ErrorText>
                     <!--Zero or more repetitions:-->
                     <siri:ExtensionName>?</siri:ExtensionName>
                  </siri:UnknownExtensionsError>
                  <siri:AllowedResourceUsageExceededError number="?">
                     <!--Optional:-->
                     <siri:ErrorText>?</siri:ErrorText>
                  </siri:AllowedResourceUsageExceededError>
                  <siri:OtherError number="?">
                     <!--Optional:-->
                     <siri:ErrorText>?</siri:ErrorText>
                  </siri:OtherError>
                  <!--Optional:-->
                  <siri:Description>?</siri:Description>
               </siri:ErrorCondition>
               <!--Optional:-->
               <siri:ConnectionMonitoringServiceCapabilities>
                  <!--Optional:-->
                  <siri:GeneralInteraction>
                     <siri:Interaction>
                        <siri:RequestResponse>true</siri:RequestResponse>
                        <siri:PublishSubscribe>true</siri:PublishSubscribe>
                     </siri:Interaction>
                     <siri:Delivery>
                        <siri:DirectDelivery>?</siri:DirectDelivery>
                        <siri:FetchedDelivery>?</siri:FetchedDelivery>
                     </siri:Delivery>
                     <siri:MultipartDespatch>true</siri:MultipartDespatch>
                     <siri:MultipleSubscriberFilter>false</siri:MultipleSubscriberFilter>
                     <siri:HasConfirmDelivery>false</siri:HasConfirmDelivery>
                     <siri:HasHeartbeat>false</siri:HasHeartbeat>
                     <!--Optional:-->
                     <siri:VisitNumberisOrder>false</siri:VisitNumberisOrder>
                  </siri:GeneralInteraction>
                  <!--Optional:-->
                  <siri:TransportDescription>
                     <siri:CommunicationsTransportMethod>httpPost</siri:CommunicationsTransportMethod>
                     <siri:CompressionMethod>none</siri:CompressionMethod>
                  </siri:TransportDescription>
                  <!--Optional:-->
                  <siri:TopicFiltering>
                     <!--Optional:-->
                     <siri:DefaultPreviewInterval>?</siri:DefaultPreviewInterval>
                     <!--Optional:-->
                     <siri:FilterByConnectionLinkRef>true</siri:FilterByConnectionLinkRef>
                     <!--Optional:-->
                     <siri:FilterByJourney>true</siri:FilterByJourney>
                     <!--Optional:-->
                     <siri:FilterByTime>true</siri:FilterByTime>
                  </siri:TopicFiltering>
                  <!--Optional:-->
                  <siri:RequestPolicy>
                     <!--1 or more repetitions:-->
                     <siri:NationalLanguage>?</siri:NationalLanguage>
                     <!--Optional:-->
                     <siri:Translations>?</siri:Translations>
                     <!--You have a CHOICE of the next 2 items at this level-->
                     <siri:GmlCoordinateFormat>?</siri:GmlCoordinateFormat>
                     <siri:WgsDecimalDegrees>?</siri:WgsDecimalDegrees>
                     <!--Optional:-->
                     <siri:ForeignJourneysOnly>false</siri:ForeignJourneysOnly>
                  </siri:RequestPolicy>
                  <!--Optional:-->
                  <siri:SubscriptionPolicy>
                     <!--Optional:-->
                     <siri:HasIncrementalUpdates>true</siri:HasIncrementalUpdates>
                     <!--Optional:-->
                     <siri:HasChangeSensitivity>true</siri:HasChangeSensitivity>
                  </siri:SubscriptionPolicy>
                  <!--Optional:-->
                  <siri:AccessControl>
                     <siri:RequestChecking>false</siri:RequestChecking>
                     <!--Optional:-->
                     <siri:CheckOperatorRef>true</siri:CheckOperatorRef>
                     <!--Optional:-->
                     <siri:CheckLineRef>true</siri:CheckLineRef>
                     <!--Optional:-->
                     <siri:CheckConnectionLinkRef>true</siri:CheckConnectionLinkRef>
                  </siri:AccessControl>
                  <!--Optional:-->
                  <siri:Extensions>
                     <!--You may enter ANY elements at this point-->
                  </siri:Extensions>
               </siri:ConnectionMonitoringServiceCapabilities>
               <!--Optional:-->
               <siri:ConnectionMonitoringPermissions>
                  <!--Zero or more repetitions:-->
                  <siri:ConnectionMonitoringPermission>
                     <!--You have a CHOICE of the next 2 items at this level-->
                     <siri:AllParticipants>?</siri:AllParticipants>
                     <siri:ParticipantRef>?</siri:ParticipantRef>
                     <!--Optional:-->
                     <siri:GeneralCapabilities>
                        <siri:RequestResponse>true</siri:RequestResponse>
                        <siri:PublishSubscribe>true</siri:PublishSubscribe>
                     </siri:GeneralCapabilities>
                     <siri:OperatorPermissions>
                        <!--You have a CHOICE of the next 2 items at this level-->
                        <siri:AllowAll>?</siri:AllowAll>
                        <!--1 or more repetitions:-->
                        <siri:OperatorPermission>
                           <siri:Allow>true</siri:Allow>
                           <siri:OperatorRef>?</siri:OperatorRef>
                        </siri:OperatorPermission>
                     </siri:OperatorPermissions>
                     <siri:LinePermissions>
                        <!--You have a CHOICE of the next 2 items at this level-->
                        <siri:AllowAll>?</siri:AllowAll>
                        <!--1 or more repetitions:-->
                        <siri:LinePermission>
                           <siri:Allow>true</siri:Allow>
                           <siri:LineRef>?</siri:LineRef>
                           <!--Zero or more repetitions:-->
                           <siri:DirectionRef>?</siri:DirectionRef>
                        </siri:LinePermission>
                     </siri:LinePermissions>
                     <siri:ConnectionLinkPermissions>
                        <!--You have a CHOICE of the next 2 items at this level-->
                        <siri:AllowAll>?</siri:AllowAll>
                        <!--1 or more repetitions:-->
                        <siri:ConnectionLinkPermission>
                           <siri:Allow>true</siri:Allow>
                           <siri:ConnectionLinkRef>?</siri:ConnectionLinkRef>
                        </siri:ConnectionLinkPermission>
                     </siri:ConnectionLinkPermissions>
                     <!--Optional:-->
                     <siri:Extensions>
                        <!--You may enter ANY elements at this point-->
                     </siri:Extensions>
                  </siri:ConnectionMonitoringPermission>
               </siri:ConnectionMonitoringPermissions>
               <!--Optional:-->
               <siri:Extensions>
                  <!--You may enter ANY elements at this point-->
               </siri:Extensions>
            </siri:ConnectionMonitoringCapabilitiesResponse>
            <!--Optional:-->
            <siri:GeneralMessageCapabilitiesResponse version="2.0">
               <siri:ResponseTimestamp>?</siri:ResponseTimestamp>
               <!--Optional:-->
               <siri:RequestMessageRef>?</siri:RequestMessageRef>
               <!--Optional:-->
               <siri:DelegatorAddress>?</siri:DelegatorAddress>
               <!--Optional:-->
               <siri:DelegatorRef>?</siri:DelegatorRef>
               <!--Optional:-->
               <siri:Status>true</siri:Status>
               <!--Optional:-->
               <siri:ErrorCondition>
                  <!--You have a CHOICE of the next 15 items at this level-->
                  <siri:UnapprovedKeyAccessError number="?">
                     <!--Optional:-->
                     <siri:ErrorText>?</siri:ErrorText>
                     <!--Optional:-->
                     <siri:Key>?</siri:Key>
                  </siri:UnapprovedKeyAccessError>
                  <siri:UnknownParticipantError number="?">
                     <!--Optional:-->
                     <siri:ErrorText>?</siri:ErrorText>
                     <!--Optional:-->
                     <siri:ParticipantRef>?</siri:ParticipantRef>
                  </siri:UnknownParticipantError>
                  <siri:UnknownEndpointError number="?">
                     <!--Optional:-->
                     <siri:ErrorText>?</siri:ErrorText>
                     <!--Optional:-->
                     <siri:Endpoint>?</siri:Endpoint>
                  </siri:UnknownEndpointError>
                  <siri:EndpointDeniedAccessError number="?">
                     <!--Optional:-->
                     <siri:ErrorText>?</siri:ErrorText>
                     <!--Optional:-->
                     <siri:Endpoint>?</siri:Endpoint>
                  </siri:EndpointDeniedAccessError>
                  <siri:EndpointNotAvailableAccessError number="?">
                     <!--Optional:-->
                     <siri:ErrorText>?</siri:ErrorText>
                     <!--Optional:-->
                     <siri:Endpoint>?</siri:Endpoint>
                  </siri:EndpointNotAvailableAccessError>
                  <siri:ServiceNotAvailableError number="?">
                     <!--Optional:-->
                     <siri:ErrorText>?</siri:ErrorText>
                     <!--Optional:-->
                     <siri:ExpectedRestartTime>?</siri:ExpectedRestartTime>
                  </siri:ServiceNotAvailableError>
                  <siri:CapabilityNotSupportedError number="?">
                     <!--Optional:-->
                     <siri:ErrorText>?</siri:ErrorText>
                     <!--Optional:-->
                     <siri:CapabilityRef>?</siri:CapabilityRef>
                  </siri:CapabilityNotSupportedError>
                  <siri:AccessNotAllowedError number="?">
                     <!--Optional:-->
                     <siri:ErrorText>?</siri:ErrorText>
                  </siri:AccessNotAllowedError>
                  <siri:InvalidDataReferencesError number="?">
                     <!--Optional:-->
                     <siri:ErrorText>?</siri:ErrorText>
                     <!--Zero or more repetitions:-->
                     <siri:InvalidRef>?</siri:InvalidRef>
                  </siri:InvalidDataReferencesError>
                  <siri:BeyondDataHorizon number="?">
                     <!--Optional:-->
                     <siri:ErrorText>?</siri:ErrorText>
                  </siri:BeyondDataHorizon>
                  <siri:NoInfoForTopicError number="?">
                     <!--Optional:-->
                     <siri:ErrorText>?</siri:ErrorText>
                  </siri:NoInfoForTopicError>
                  <siri:ParametersIgnoredError number="?">
                     <!--Optional:-->
                     <siri:ErrorText>?</siri:ErrorText>
                     <!--Zero or more repetitions:-->
                     <siri:ParameterName>?</siri:ParameterName>
                  </siri:ParametersIgnoredError>
                  <siri:UnknownExtensionsError number="?">
                     <!--Optional:-->
                     <siri:ErrorText>?</siri:ErrorText>
                     <!--Zero or more repetitions:-->
                     <siri:ExtensionName>?</siri:ExtensionName>
                  </siri:UnknownExtensionsError>
                  <siri:AllowedResourceUsageExceededError number="?">
                     <!--Optional:-->
                     <siri:ErrorText>?</siri:ErrorText>
                  </siri:AllowedResourceUsageExceededError>
                  <siri:OtherError number="?">
                     <!--Optional:-->
                     <siri:ErrorText>?</siri:ErrorText>
                  </siri:OtherError>
                  <!--Optional:-->
                  <siri:Description>?</siri:Description>
               </siri:ErrorCondition>
               <!--Optional:-->
               <siri:GeneralMessageServiceCapabilities>
                  <!--Optional:-->
                  <siri:GeneralInteraction>
                     <siri:Interaction>
                        <siri:RequestResponse>true</siri:RequestResponse>
                        <siri:PublishSubscribe>true</siri:PublishSubscribe>
                     </siri:Interaction>
                     <siri:Delivery>
                        <siri:DirectDelivery>?</siri:DirectDelivery>
                        <siri:FetchedDelivery>?</siri:FetchedDelivery>
                     </siri:Delivery>
                     <siri:MultipartDespatch>true</siri:MultipartDespatch>
                     <siri:MultipleSubscriberFilter>false</siri:MultipleSubscriberFilter>
                     <siri:HasConfirmDelivery>false</siri:HasConfirmDelivery>
                     <siri:HasHeartbeat>false</siri:HasHeartbeat>
                     <!--Optional:-->
                     <siri:VisitNumberisOrder>false</siri:VisitNumberisOrder>
                  </siri:GeneralInteraction>
                  <!--Optional:-->
                  <siri:TransportDescription>
                     <siri:CommunicationsTransportMethod>httpPost</siri:CommunicationsTransportMethod>
                     <siri:CompressionMethod>none</siri:CompressionMethod>
                  </siri:TransportDescription>
                  <!--Optional:-->
                  <siri:TopicFiltering>
                     <siri:DefaultPreviewInterval>PT60M</siri:DefaultPreviewInterval>
                     <!--Optional:-->
                     <siri:FilterByInfoChannel>true</siri:FilterByInfoChannel>
                  </siri:TopicFiltering>
                  <!--Optional:-->
                  <siri:RequestPolicy>
                     <!--1 or more repetitions:-->
                     <siri:NationalLanguage>?</siri:NationalLanguage>
                     <!--Optional:-->
                     <siri:Translations>?</siri:Translations>
                     <!--You have a CHOICE of the next 2 items at this level-->
                     <siri:GmlCoordinateFormat>?</siri:GmlCoordinateFormat>
                     <siri:WgsDecimalDegrees>?</siri:WgsDecimalDegrees>
                  </siri:RequestPolicy>
                  <!--Optional:-->
                  <siri:AccessControl>
                     <siri:RequestChecking>false</siri:RequestChecking>
                     <siri:CheckInfoChannelRef>true</siri:CheckInfoChannelRef>
                  </siri:AccessControl>
               </siri:GeneralMessageServiceCapabilities>
               <!--Optional:-->
               <siri:GeneralMessagePermissions>
                  <!--Optional:-->
                  <siri:PermissionVersionRef>?</siri:PermissionVersionRef>
                  <!--Zero or more repetitions:-->
                  <siri:GeneralMessagePermission>
                     <!--You have a CHOICE of the next 2 items at this level-->
                     <siri:AllParticipants>?</siri:AllParticipants>
                     <siri:ParticipantRef>?</siri:ParticipantRef>
                     <!--Optional:-->
                     <siri:GeneralCapabilities>
                        <siri:RequestResponse>true</siri:RequestResponse>
                        <siri:PublishSubscribe>true</siri:PublishSubscribe>
                     </siri:GeneralCapabilities>
                     <siri:InfoChannelPermissions>
                        <!--You have a CHOICE of the next 2 items at this level-->
                        <siri:AllowAll>?</siri:AllowAll>
                        <!--1 or more repetitions:-->
                        <siri:InfoChannelPermission>
                           <siri:Allow>true</siri:Allow>
                           <siri:InfoChannelRef>?</siri:InfoChannelRef>
                        </siri:InfoChannelPermission>
                     </siri:InfoChannelPermissions>
                     <!--Optional:-->
                     <siri:Extensions>
                        <!--You may enter ANY elements at this point-->
                     </siri:Extensions>
                  </siri:GeneralMessagePermission>
               </siri:GeneralMessagePermissions>
               <!--Optional:-->
               <siri:Extensions>
                  <!--You may enter ANY elements at this point-->
               </siri:Extensions>
            </siri:GeneralMessageCapabilitiesResponse>
            <!--Optional:-->
            <siri:FacilityMonitoringCapabilitiesResponse version="2.0">
               <siri:ResponseTimestamp>?</siri:ResponseTimestamp>
               <!--Optional:-->
               <siri:RequestMessageRef>?</siri:RequestMessageRef>
               <!--Optional:-->
               <siri:DelegatorAddress>?</siri:DelegatorAddress>
               <!--Optional:-->
               <siri:DelegatorRef>?</siri:DelegatorRef>
               <!--Optional:-->
               <siri:Status>true</siri:Status>
               <!--Optional:-->
               <siri:ErrorCondition>
                  <!--You have a CHOICE of the next 15 items at this level-->
                  <siri:UnapprovedKeyAccessError number="?">
                     <!--Optional:-->
                     <siri:ErrorText>?</siri:ErrorText>
                     <!--Optional:-->
                     <siri:Key>?</siri:Key>
                  </siri:UnapprovedKeyAccessError>
                  <siri:UnknownParticipantError number="?">
                     <!--Optional:-->
                     <siri:ErrorText>?</siri:ErrorText>
                     <!--Optional:-->
                     <siri:ParticipantRef>?</siri:ParticipantRef>
                  </siri:UnknownParticipantError>
                  <siri:UnknownEndpointError number="?">
                     <!--Optional:-->
                     <siri:ErrorText>?</siri:ErrorText>
                     <!--Optional:-->
                     <siri:Endpoint>?</siri:Endpoint>
                  </siri:UnknownEndpointError>
                  <siri:EndpointDeniedAccessError number="?">
                     <!--Optional:-->
                     <siri:ErrorText>?</siri:ErrorText>
                     <!--Optional:-->
                     <siri:Endpoint>?</siri:Endpoint>
                  </siri:EndpointDeniedAccessError>
                  <siri:EndpointNotAvailableAccessError number="?">
                     <!--Optional:-->
                     <siri:ErrorText>?</siri:ErrorText>
                     <!--Optional:-->
                     <siri:Endpoint>?</siri:Endpoint>
                  </siri:EndpointNotAvailableAccessError>
                  <siri:ServiceNotAvailableError number="?">
                     <!--Optional:-->
                     <siri:ErrorText>?</siri:ErrorText>
                     <!--Optional:-->
                     <siri:ExpectedRestartTime>?</siri:ExpectedRestartTime>
                  </siri:ServiceNotAvailableError>
                  <siri:CapabilityNotSupportedError number="?">
                     <!--Optional:-->
                     <siri:ErrorText>?</siri:ErrorText>
                     <!--Optional:-->
                     <siri:CapabilityRef>?</siri:CapabilityRef>
                  </siri:CapabilityNotSupportedError>
                  <siri:AccessNotAllowedError number="?">
                     <!--Optional:-->
                     <siri:ErrorText>?</siri:ErrorText>
                  </siri:AccessNotAllowedError>
                  <siri:InvalidDataReferencesError number="?">
                     <!--Optional:-->
                     <siri:ErrorText>?</siri:ErrorText>
                     <!--Zero or more repetitions:-->
                     <siri:InvalidRef>?</siri:InvalidRef>
                  </siri:InvalidDataReferencesError>
                  <siri:BeyondDataHorizon number="?">
                     <!--Optional:-->
                     <siri:ErrorText>?</siri:ErrorText>
                  </siri:BeyondDataHorizon>
                  <siri:NoInfoForTopicError number="?">
                     <!--Optional:-->
                     <siri:ErrorText>?</siri:ErrorText>
                  </siri:NoInfoForTopicError>
                  <siri:ParametersIgnoredError number="?">
                     <!--Optional:-->
                     <siri:ErrorText>?</siri:ErrorText>
                     <!--Zero or more repetitions:-->
                     <siri:ParameterName>?</siri:ParameterName>
                  </siri:ParametersIgnoredError>
                  <siri:UnknownExtensionsError number="?">
                     <!--Optional:-->
                     <siri:ErrorText>?</siri:ErrorText>
                     <!--Zero or more repetitions:-->
                     <siri:ExtensionName>?</siri:ExtensionName>
                  </siri:UnknownExtensionsError>
                  <siri:AllowedResourceUsageExceededError number="?">
                     <!--Optional:-->
                     <siri:ErrorText>?</siri:ErrorText>
                  </siri:AllowedResourceUsageExceededError>
                  <siri:OtherError number="?">
                     <!--Optional:-->
                     <siri:ErrorText>?</siri:ErrorText>
                  </siri:OtherError>
                  <!--Optional:-->
                  <siri:Description>?</siri:Description>
               </siri:ErrorCondition>
               <!--Optional:-->
               <siri:FacilityMonitoringServiceCapabilities>
                  <!--Optional:-->
                  <siri:GeneralInteraction>
                     <siri:Interaction>
                        <siri:RequestResponse>true</siri:RequestResponse>
                        <siri:PublishSubscribe>true</siri:PublishSubscribe>
                     </siri:Interaction>
                     <siri:Delivery>
                        <siri:DirectDelivery>?</siri:DirectDelivery>
                        <siri:FetchedDelivery>?</siri:FetchedDelivery>
                     </siri:Delivery>
                     <siri:MultipartDespatch>true</siri:MultipartDespatch>
                     <siri:MultipleSubscriberFilter>false</siri:MultipleSubscriberFilter>
                     <siri:HasConfirmDelivery>false</siri:HasConfirmDelivery>
                     <siri:HasHeartbeat>false</siri:HasHeartbeat>
                     <!--Optional:-->
                     <siri:VisitNumberisOrder>false</siri:VisitNumberisOrder>
                  </siri:GeneralInteraction>
                  <!--Optional:-->
                  <siri:TransportDescription>
                     <siri:CommunicationsTransportMethod>httpPost</siri:CommunicationsTransportMethod>
                     <siri:CompressionMethod>none</siri:CompressionMethod>
                  </siri:TransportDescription>
                  <!--Optional:-->
                  <siri:TopicFiltering>
                     <siri:DefaultPreviewInterval>PT60M</siri:DefaultPreviewInterval>
                     <siri:FilterByFacilityRef>true</siri:FilterByFacilityRef>
                     <siri:FilterByLocationRef>true</siri:FilterByLocationRef>
                     <!--Optional:-->
                     <siri:FilterByVehicleRef>false</siri:FilterByVehicleRef>
                     <!--Optional:-->
                     <siri:FilterByLineRef>true</siri:FilterByLineRef>
                     <!--Optional:-->
                     <siri:FilterByStopPointRef>true</siri:FilterByStopPointRef>
                     <!--Optional:-->
                     <siri:FilterByVehicleJourneyRef>false</siri:FilterByVehicleJourneyRef>
                     <!--Optional:-->
                     <siri:FilterByConnectionLinkRef>true</siri:FilterByConnectionLinkRef>
                     <!--Optional:-->
                     <siri:FilterByInterchangeRef>false</siri:FilterByInterchangeRef>
                     <!--Optional:-->
                     <siri:FilterBySpecificNeed>true</siri:FilterBySpecificNeed>
                  </siri:TopicFiltering>
                  <!--Optional:-->
                  <siri:RequestPolicy>
                     <!--1 or more repetitions:-->
                     <siri:NationalLanguage>?</siri:NationalLanguage>
                     <!--Optional:-->
                     <siri:Translations>?</siri:Translations>
                     <!--You have a CHOICE of the next 2 items at this level-->
                     <siri:GmlCoordinateFormat>?</siri:GmlCoordinateFormat>
                     <siri:WgsDecimalDegrees>?</siri:WgsDecimalDegrees>
                     <!--Optional:-->
                     <siri:HasMaximumFacilityStatus>false</siri:HasMaximumFacilityStatus>
                  </siri:RequestPolicy>
                  <!--Optional:-->
                  <siri:SubscriptionPolicy>
                     <!--Optional:-->
                     <siri:HasIncrementalUpdates>true</siri:HasIncrementalUpdates>
                     <!--Optional:-->
                     <siri:HasChangeSensitivity>true</siri:HasChangeSensitivity>
                  </siri:SubscriptionPolicy>
                  <!--Optional:-->
                  <siri:AccessControl>
                     <siri:RequestChecking>false</siri:RequestChecking>
                     <!--Optional:-->
                     <siri:CheckOperatorRef>true</siri:CheckOperatorRef>
                     <!--Optional:-->
                     <siri:CheckLineRef>true</siri:CheckLineRef>
                  </siri:AccessControl>
                  <!--Optional:-->
                  <siri:ResponseFeatures>
                     <!--Optional:-->
                     <siri:HasRemedy>false</siri:HasRemedy>
                     <!--Optional:-->
                     <siri:HasFacilityLocation>true</siri:HasFacilityLocation>
                  </siri:ResponseFeatures>
                  <!--Optional:-->
                  <siri:Extensions>
                     <!--You may enter ANY elements at this point-->
                  </siri:Extensions>
               </siri:FacilityMonitoringServiceCapabilities>
               <!--Optional:-->
               <siri:FacilityMonitoringPermissions>
                  <!--Optional:-->
                  <siri:PermissionVersionRef>?</siri:PermissionVersionRef>
                  <!--Zero or more repetitions:-->
                  <siri:FacilityMonitoringPermission>
                     <!--You have a CHOICE of the next 2 items at this level-->
                     <siri:AllParticipants>?</siri:AllParticipants>
                     <siri:ParticipantRef>?</siri:ParticipantRef>
                     <!--Optional:-->
                     <siri:GeneralCapabilities>
                        <siri:RequestResponse>true</siri:RequestResponse>
                        <siri:PublishSubscribe>true</siri:PublishSubscribe>
                     </siri:GeneralCapabilities>
                     <siri:OperatorPermissions>
                        <!--You have a CHOICE of the next 2 items at this level-->
                        <siri:AllowAll>?</siri:AllowAll>
                        <!--1 or more repetitions:-->
                        <siri:OperatorPermission>
                           <siri:Allow>true</siri:Allow>
                           <siri:OperatorRef>?</siri:OperatorRef>
                        </siri:OperatorPermission>
                     </siri:OperatorPermissions>
                     <siri:LinePermissions>
                        <!--You have a CHOICE of the next 2 items at this level-->
                        <siri:AllowAll>?</siri:AllowAll>
                        <!--1 or more repetitions:-->
                        <siri:LinePermission>
                           <siri:Allow>true</siri:Allow>
                           <siri:LineRef>?</siri:LineRef>
                           <!--Zero or more repetitions:-->
                           <siri:DirectionRef>?</siri:DirectionRef>
                        </siri:LinePermission>
                     </siri:LinePermissions>
                     <!--Optional:-->
                     <siri:Extensions>
                        <!--You may enter ANY elements at this point-->
                     </siri:Extensions>
                  </siri:FacilityMonitoringPermission>
               </siri:FacilityMonitoringPermissions>
               <!--Optional:-->
               <siri:Extensions>
                  <!--You may enter ANY elements at this point-->
               </siri:Extensions>
            </siri:FacilityMonitoringCapabilitiesResponse>
            <!--Optional:-->
            <siri:SituationExchangeCapabilitiesResponse version="2.0">
               <siri:ResponseTimestamp>?</siri:ResponseTimestamp>
               <!--Optional:-->
               <siri:RequestMessageRef>?</siri:RequestMessageRef>
               <!--Optional:-->
               <siri:DelegatorAddress>?</siri:DelegatorAddress>
               <!--Optional:-->
               <siri:DelegatorRef>?</siri:DelegatorRef>
               <!--Optional:-->
               <siri:Status>true</siri:Status>
               <!--Optional:-->
               <siri:ErrorCondition>
                  <!--You have a CHOICE of the next 15 items at this level-->
                  <siri:UnapprovedKeyAccessError number="?">
                     <!--Optional:-->
                     <siri:ErrorText>?</siri:ErrorText>
                     <!--Optional:-->
                     <siri:Key>?</siri:Key>
                  </siri:UnapprovedKeyAccessError>
                  <siri:UnknownParticipantError number="?">
                     <!--Optional:-->
                     <siri:ErrorText>?</siri:ErrorText>
                     <!--Optional:-->
                     <siri:ParticipantRef>?</siri:ParticipantRef>
                  </siri:UnknownParticipantError>
                  <siri:UnknownEndpointError number="?">
                     <!--Optional:-->
                     <siri:ErrorText>?</siri:ErrorText>
                     <!--Optional:-->
                     <siri:Endpoint>?</siri:Endpoint>
                  </siri:UnknownEndpointError>
                  <siri:EndpointDeniedAccessError number="?">
                     <!--Optional:-->
                     <siri:ErrorText>?</siri:ErrorText>
                     <!--Optional:-->
                     <siri:Endpoint>?</siri:Endpoint>
                  </siri:EndpointDeniedAccessError>
                  <siri:EndpointNotAvailableAccessError number="?">
                     <!--Optional:-->
                     <siri:ErrorText>?</siri:ErrorText>
                     <!--Optional:-->
                     <siri:Endpoint>?</siri:Endpoint>
                  </siri:EndpointNotAvailableAccessError>
                  <siri:ServiceNotAvailableError number="?">
                     <!--Optional:-->
                     <siri:ErrorText>?</siri:ErrorText>
                     <!--Optional:-->
                     <siri:ExpectedRestartTime>?</siri:ExpectedRestartTime>
                  </siri:ServiceNotAvailableError>
                  <siri:CapabilityNotSupportedError number="?">
                     <!--Optional:-->
                     <siri:ErrorText>?</siri:ErrorText>
                     <!--Optional:-->
                     <siri:CapabilityRef>?</siri:CapabilityRef>
                  </siri:CapabilityNotSupportedError>
                  <siri:AccessNotAllowedError number="?">
                     <!--Optional:-->
                     <siri:ErrorText>?</siri:ErrorText>
                  </siri:AccessNotAllowedError>
                  <siri:InvalidDataReferencesError number="?">
                     <!--Optional:-->
                     <siri:ErrorText>?</siri:ErrorText>
                     <!--Zero or more repetitions:-->
                     <siri:InvalidRef>?</siri:InvalidRef>
                  </siri:InvalidDataReferencesError>
                  <siri:BeyondDataHorizon number="?">
                     <!--Optional:-->
                     <siri:ErrorText>?</siri:ErrorText>
                  </siri:BeyondDataHorizon>
                  <siri:NoInfoForTopicError number="?">
                     <!--Optional:-->
                     <siri:ErrorText>?</siri:ErrorText>
                  </siri:NoInfoForTopicError>
                  <siri:ParametersIgnoredError number="?">
                     <!--Optional:-->
                     <siri:ErrorText>?</siri:ErrorText>
                     <!--Zero or more repetitions:-->
                     <siri:ParameterName>?</siri:ParameterName>
                  </siri:ParametersIgnoredError>
                  <siri:UnknownExtensionsError number="?">
                     <!--Optional:-->
                     <siri:ErrorText>?</siri:ErrorText>
                     <!--Zero or more repetitions:-->
                     <siri:ExtensionName>?</siri:ExtensionName>
                  </siri:UnknownExtensionsError>
                  <siri:AllowedResourceUsageExceededError number="?">
                     <!--Optional:-->
                     <siri:ErrorText>?</siri:ErrorText>
                  </siri:AllowedResourceUsageExceededError>
                  <siri:OtherError number="?">
                     <!--Optional:-->
                     <siri:ErrorText>?</siri:ErrorText>
                  </siri:OtherError>
                  <!--Optional:-->
                  <siri:Description>?</siri:Description>
               </siri:ErrorCondition>
               <!--Optional:-->
               <siri:SituationExchangeServiceCapabilities>
                  <!--Optional:-->
                  <siri:GeneralInteraction>
                     <siri:Interaction>
                        <siri:RequestResponse>true</siri:RequestResponse>
                        <siri:PublishSubscribe>true</siri:PublishSubscribe>
                     </siri:Interaction>
                     <siri:Delivery>
                        <siri:DirectDelivery>?</siri:DirectDelivery>
                        <siri:FetchedDelivery>?</siri:FetchedDelivery>
                     </siri:Delivery>
                     <siri:MultipartDespatch>true</siri:MultipartDespatch>
                     <siri:MultipleSubscriberFilter>false</siri:MultipleSubscriberFilter>
                     <siri:HasConfirmDelivery>false</siri:HasConfirmDelivery>
                     <siri:HasHeartbeat>false</siri:HasHeartbeat>
                     <!--Optional:-->
                     <siri:VisitNumberisOrder>false</siri:VisitNumberisOrder>
                  </siri:GeneralInteraction>
                  <!--Optional:-->
                  <siri:TransportDescription>
                     <siri:CommunicationsTransportMethod>httpPost</siri:CommunicationsTransportMethod>
                     <siri:CompressionMethod>none</siri:CompressionMethod>
                  </siri:TransportDescription>
                  <!--Optional:-->
                  <siri:TopicFiltering>
                     <siri:DefaultPreviewInterval>PT60M</siri:DefaultPreviewInterval>
                     <siri:FilterByFacilityRef>true</siri:FilterByFacilityRef>
                     <siri:FilterByLocationRef>true</siri:FilterByLocationRef>
                     <!--Optional:-->
                     <siri:FilterByVehicleRef>false</siri:FilterByVehicleRef>
                     <!--Optional:-->
                     <siri:FilterByLineRef>true</siri:FilterByLineRef>
                     <!--Optional:-->
                     <siri:FilterByStopPointRef>true</siri:FilterByStopPointRef>
                     <!--Optional:-->
                     <siri:FilterByVehicleJourneyRef>false</siri:FilterByVehicleJourneyRef>
                     <!--Optional:-->
                     <siri:FilterByConnectionLinkRef>true</siri:FilterByConnectionLinkRef>
                     <!--Optional:-->
                     <siri:FilterByInterchangeRef>false</siri:FilterByInterchangeRef>
                     <!--Optional:-->
                     <siri:FilterBySpecificNeed>true</siri:FilterBySpecificNeed>
                  </siri:TopicFiltering>
                  <!--Optional:-->
                  <siri:RequestPolicy>
                     <!--1 or more repetitions:-->
                     <siri:NationalLanguage>?</siri:NationalLanguage>
                     <!--Optional:-->
                     <siri:Translations>?</siri:Translations>
                     <!--You have a CHOICE of the next 2 items at this level-->
                     <siri:GmlCoordinateFormat>?</siri:GmlCoordinateFormat>
                     <siri:WgsDecimalDegrees>?</siri:WgsDecimalDegrees>
                     <!--Optional:-->
                     <siri:HasMaximumFacilityStatus>false</siri:HasMaximumFacilityStatus>
                  </siri:RequestPolicy>
                  <!--Optional:-->
                  <siri:SubscriptionPolicy>
                     <!--Optional:-->
                     <siri:HasIncrementalUpdates>true</siri:HasIncrementalUpdates>
                     <!--Optional:-->
                     <siri:HasChangeSensitivity>true</siri:HasChangeSensitivity>
                  </siri:SubscriptionPolicy>
                  <!--Optional:-->
                  <siri:AccessControl>
                     <siri:RequestChecking>false</siri:RequestChecking>
                     <!--Optional:-->
                     <siri:CheckOperatorRef>true</siri:CheckOperatorRef>
                     <!--Optional:-->
                     <siri:CheckLineRef>true</siri:CheckLineRef>
                  </siri:AccessControl>
                  <!--Optional:-->
                  <siri:ResponseFeatures>
                     <!--Optional:-->
                     <siri:HasRemedy>false</siri:HasRemedy>
                     <!--Optional:-->
                     <siri:HasFacilityLocation>true</siri:HasFacilityLocation>
                  </siri:ResponseFeatures>
                  <!--Optional:-->
                  <siri:Extensions>
                     <!--You may enter ANY elements at this point-->
                  </siri:Extensions>
               </siri:SituationExchangeServiceCapabilities>
               <!--Optional:-->
               <siri:SituationExchangePermissions>
                  <!--Optional:-->
                  <siri:PermissionVersionRef>?</siri:PermissionVersionRef>
                  <!--Zero or more repetitions:-->
                  <siri:SituationExchangePermission>
                     <!--You have a CHOICE of the next 2 items at this level-->
                     <siri:AllParticipants>?</siri:AllParticipants>
                     <siri:ParticipantRef>?</siri:ParticipantRef>
                     <!--Optional:-->
                     <siri:GeneralCapabilities>
                        <siri:RequestResponse>true</siri:RequestResponse>
                        <siri:PublishSubscribe>true</siri:PublishSubscribe>
                     </siri:GeneralCapabilities>
                     <siri:OperatorPermissions>
                        <!--You have a CHOICE of the next 2 items at this level-->
                        <siri:AllowAll>?</siri:AllowAll>
                        <!--1 or more repetitions:-->
                        <siri:OperatorPermission>
                           <siri:Allow>true</siri:Allow>
                           <siri:OperatorRef>?</siri:OperatorRef>
                        </siri:OperatorPermission>
                     </siri:OperatorPermissions>
                     <siri:LinePermissions>
                        <!--You have a CHOICE of the next 2 items at this level-->
                        <siri:AllowAll>?</siri:AllowAll>
                        <!--1 or more repetitions:-->
                        <siri:LinePermission>
                           <siri:Allow>true</siri:Allow>
                           <siri:LineRef>?</siri:LineRef>
                           <!--Zero or more repetitions:-->
                           <siri:DirectionRef>?</siri:DirectionRef>
                        </siri:LinePermission>
                     </siri:LinePermissions>
                     <!--Optional:-->
                     <siri:Extensions>
                        <!--You may enter ANY elements at this point-->
                     </siri:Extensions>
                  </siri:SituationExchangePermission>
               </siri:SituationExchangePermissions>
               <!--Optional:-->
               <siri:Extensions>
                  <!--You may enter ANY elements at this point-->
               </siri:Extensions>
            </siri:SituationExchangeCapabilitiesResponse>
         </Answer>
         <AnswerExtension>
            <!--You may enter ANY elements at this point-->
         </AnswerExtension>
      </wsdl:GetCapabilities>
   </soapenv:Body>
</soapenv:Envelope>]]></con:request><con:wsaConfig mustUnderstand="NONE" version="200508" action="GetCapabilities"/></con:call></con:operation><con:operation isOneWay="false" action="GetConnectionMonitoring" name="GetConnectionMonitoring" bindingOperationName="GetConnectionMonitoring" type="Request-Response" inputName="" receivesAttachments="false" sendsAttachments="false" anonymous="optional"><con:settings/><con:call name="Request 1"><con:settings/><con:encoding>UTF-8</con:encoding><con:endpoint>http://www.siri-service-location.com</con:endpoint><con:request><![CDATA[<soapenv:Envelope xmlns:soapenv="http://schemas.xmlsoap.org/soap/envelope/" xmlns:wsdl="http://wsdl.siri.org.uk" xmlns:siri="http://www.siri.org.uk/siri">
   <soapenv:Header/>
   <soapenv:Body>
      <wsdl:GetConnectionMonitoring>
         <ServiceRequestInfo>
            <!--Optional:-->
            <siri:ServiceRequestContext>
               <!--Optional:-->
               <siri:CheckStatusAddress>?</siri:CheckStatusAddress>
               <!--Optional:-->
               <siri:SubscribeAddress>?</siri:SubscribeAddress>
               <!--Optional:-->
               <siri:ManageSubscriptionAddress>?</siri:ManageSubscriptionAddress>
               <!--Optional:-->
               <siri:GetDataAddress>?</siri:GetDataAddress>
               <!--Optional:-->
               <siri:StatusResponseAddress>?</siri:StatusResponseAddress>
               <!--Optional:-->
               <siri:SubscriberAddress>?</siri:SubscriberAddress>
               <!--Optional:-->
               <siri:NotifyAddress>?</siri:NotifyAddress>
               <!--Optional:-->
               <siri:ConsumerAddress>?</siri:ConsumerAddress>
               <!--Optional:-->
               <siri:DataNameSpaces>
                  <!--Optional:-->
                  <siri:StopPointNameSpace>?</siri:StopPointNameSpace>
                  <!--Optional:-->
                  <siri:LineNameSpace>?</siri:LineNameSpace>
                  <!--Optional:-->
                  <siri:ProductCategoryNameSpace>?</siri:ProductCategoryNameSpace>
                  <!--Optional:-->
                  <siri:ServiceFeatureNameSpace>?</siri:ServiceFeatureNameSpace>
                  <!--Optional:-->
                  <siri:VehicleFeatureNameSpace>?</siri:VehicleFeatureNameSpace>
               </siri:DataNameSpaces>
               <!--Optional:-->
               <siri:Language>en</siri:Language>
               <!--You have a CHOICE of the next 2 items at this level-->
               <siri:WgsDecimalDegrees>?</siri:WgsDecimalDegrees>
               <siri:GmlCoordinateFormat>?</siri:GmlCoordinateFormat>
               <!--Optional:-->
               <siri:DistanceUnits>?</siri:DistanceUnits>
               <!--Optional:-->
               <siri:VelocityUnits>?</siri:VelocityUnits>
               <!--Optional:-->
               <siri:DataHorizon>?</siri:DataHorizon>
               <!--Optional:-->
               <siri:RequestTimeout>?</siri:RequestTimeout>
               <!--Optional:-->
               <siri:DeliveryMethod>direct</siri:DeliveryMethod>
               <!--Optional:-->
               <siri:MultipartDespatch>?</siri:MultipartDespatch>
               <!--Optional:-->
               <siri:ConfirmDelivery>false</siri:ConfirmDelivery>
               <!--Optional:-->
               <siri:MaximimumNumberOfSubscriptions>?</siri:MaximimumNumberOfSubscriptions>
               <!--Optional:-->
               <siri:AllowedPredictors>anyone</siri:AllowedPredictors>
               <!--Optional:-->
               <siri:PredictionFunction>?</siri:PredictionFunction>
            </siri:ServiceRequestContext>
            <siri:RequestTimestamp>?</siri:RequestTimestamp>
            <!--Optional:-->
            <siri:AccountId>?</siri:AccountId>
            <!--Optional:-->
            <siri:AccountKey>?</siri:AccountKey>
            <!--Optional:-->
            <siri:Address>?</siri:Address>
            <siri:RequestorRef>?</siri:RequestorRef>
            <!--Optional:-->
            <siri:MessageIdentifier>?</siri:MessageIdentifier>
            <!--Optional:-->
            <siri:DelegatorAddress>?</siri:DelegatorAddress>
            <!--Optional:-->
            <siri:DelegatorRef>?</siri:DelegatorRef>
         </ServiceRequestInfo>
         <Request version="2.0">
            <siri:RequestTimestamp>?</siri:RequestTimestamp>
            <!--Optional:-->
            <siri:MessageIdentifier>?</siri:MessageIdentifier>
            <!--Optional:-->
            <siri:PreviewInterval>?</siri:PreviewInterval>
            <siri:ConnectionLinkRef>?</siri:ConnectionLinkRef>
            <!--You have a CHOICE of the next 2 items at this level-->
            <siri:ConnectingTimeFilter>
               <siri:LineRef>?</siri:LineRef>
               <siri:DirectionRef>?</siri:DirectionRef>
               <!--Optional:-->
               <siri:EarliestArrivalTime>?</siri:EarliestArrivalTime>
               <!--Optional:-->
               <siri:LatestArrivalTime>?</siri:LatestArrivalTime>
            </siri:ConnectingTimeFilter>
            <!--1 or more repetitions:-->
            <siri:ConnectingJourneyFilter>
               <siri:DatedVehicleJourneyRef>?</siri:DatedVehicleJourneyRef>
               <!--Optional:-->
               <siri:VisitNumber>?</siri:VisitNumber>
               <siri:TimetabledArrivalTime>?</siri:TimetabledArrivalTime>
            </siri:ConnectingJourneyFilter>
            <!--Optional:-->
            <siri:Language>en</siri:Language>
            <!--Optional:-->
            <siri:IncludeTranslations>?</siri:IncludeTranslations>
            <!--Optional:-->
            <siri:ConnectionMonitoringDetailLevel>?</siri:ConnectionMonitoringDetailLevel>
            <!--Optional:-->
            <siri:Extensions>
               <!--You may enter ANY elements at this point-->
            </siri:Extensions>
         </Request>
         <RequestExtension>
            <!--You may enter ANY elements at this point-->
         </RequestExtension>
      </wsdl:GetConnectionMonitoring>
   </soapenv:Body>
</soapenv:Envelope>]]></con:request><con:wsaConfig mustUnderstand="NONE" version="200508" action="GetConnectionMonitoring"/></con:call></con:operation><con:operation isOneWay="false" action="GetConnectionTimetable" name="GetConnectionTimetable" bindingOperationName="GetConnectionTimetable" type="Request-Response" inputName="" receivesAttachments="false" sendsAttachments="false" anonymous="optional"><con:settings/><con:call name="Request 1"><con:settings/><con:encoding>UTF-8</con:encoding><con:endpoint>http://www.siri-service-location.com</con:endpoint><con:request><![CDATA[<soapenv:Envelope xmlns:soapenv="http://schemas.xmlsoap.org/soap/envelope/" xmlns:wsdl="http://wsdl.siri.org.uk" xmlns:siri="http://www.siri.org.uk/siri">
   <soapenv:Header/>
   <soapenv:Body>
      <wsdl:GetConnectionTimetable>
         <ServiceRequestInfo>
            <!--Optional:-->
            <siri:ServiceRequestContext>
               <!--Optional:-->
               <siri:CheckStatusAddress>?</siri:CheckStatusAddress>
               <!--Optional:-->
               <siri:SubscribeAddress>?</siri:SubscribeAddress>
               <!--Optional:-->
               <siri:ManageSubscriptionAddress>?</siri:ManageSubscriptionAddress>
               <!--Optional:-->
               <siri:GetDataAddress>?</siri:GetDataAddress>
               <!--Optional:-->
               <siri:StatusResponseAddress>?</siri:StatusResponseAddress>
               <!--Optional:-->
               <siri:SubscriberAddress>?</siri:SubscriberAddress>
               <!--Optional:-->
               <siri:NotifyAddress>?</siri:NotifyAddress>
               <!--Optional:-->
               <siri:ConsumerAddress>?</siri:ConsumerAddress>
               <!--Optional:-->
               <siri:DataNameSpaces>
                  <!--Optional:-->
                  <siri:StopPointNameSpace>?</siri:StopPointNameSpace>
                  <!--Optional:-->
                  <siri:LineNameSpace>?</siri:LineNameSpace>
                  <!--Optional:-->
                  <siri:ProductCategoryNameSpace>?</siri:ProductCategoryNameSpace>
                  <!--Optional:-->
                  <siri:ServiceFeatureNameSpace>?</siri:ServiceFeatureNameSpace>
                  <!--Optional:-->
                  <siri:VehicleFeatureNameSpace>?</siri:VehicleFeatureNameSpace>
               </siri:DataNameSpaces>
               <!--Optional:-->
               <siri:Language>en</siri:Language>
               <!--You have a CHOICE of the next 2 items at this level-->
               <siri:WgsDecimalDegrees>?</siri:WgsDecimalDegrees>
               <siri:GmlCoordinateFormat>?</siri:GmlCoordinateFormat>
               <!--Optional:-->
               <siri:DistanceUnits>?</siri:DistanceUnits>
               <!--Optional:-->
               <siri:VelocityUnits>?</siri:VelocityUnits>
               <!--Optional:-->
               <siri:DataHorizon>?</siri:DataHorizon>
               <!--Optional:-->
               <siri:RequestTimeout>?</siri:RequestTimeout>
               <!--Optional:-->
               <siri:DeliveryMethod>direct</siri:DeliveryMethod>
               <!--Optional:-->
               <siri:MultipartDespatch>?</siri:MultipartDespatch>
               <!--Optional:-->
               <siri:ConfirmDelivery>false</siri:ConfirmDelivery>
               <!--Optional:-->
               <siri:MaximimumNumberOfSubscriptions>?</siri:MaximimumNumberOfSubscriptions>
               <!--Optional:-->
               <siri:AllowedPredictors>anyone</siri:AllowedPredictors>
               <!--Optional:-->
               <siri:PredictionFunction>?</siri:PredictionFunction>
            </siri:ServiceRequestContext>
            <siri:RequestTimestamp>?</siri:RequestTimestamp>
            <!--Optional:-->
            <siri:AccountId>?</siri:AccountId>
            <!--Optional:-->
            <siri:AccountKey>?</siri:AccountKey>
            <!--Optional:-->
            <siri:Address>?</siri:Address>
            <siri:RequestorRef>?</siri:RequestorRef>
            <!--Optional:-->
            <siri:MessageIdentifier>?</siri:MessageIdentifier>
            <!--Optional:-->
            <siri:DelegatorAddress>?</siri:DelegatorAddress>
            <!--Optional:-->
            <siri:DelegatorRef>?</siri:DelegatorRef>
         </ServiceRequestInfo>
         <Request version="2.0">
            <siri:RequestTimestamp>?</siri:RequestTimestamp>
            <!--Optional:-->
            <siri:MessageIdentifier>?</siri:MessageIdentifier>
            <!--Optional:-->
            <siri:ArrivalWindow>
               <siri:StartTime>?</siri:StartTime>
               <siri:EndTime>?</siri:EndTime>
            </siri:ArrivalWindow>
            <siri:ConnectionLinkRef>?</siri:ConnectionLinkRef>
            <!--Optional:-->
            <siri:LineRef>?</siri:LineRef>
            <!--Optional:-->
            <siri:DirectionRef>?</siri:DirectionRef>
            <!--Optional:-->
            <siri:Language>en</siri:Language>
            <!--Optional:-->
            <siri:IncludeTranslations>?</siri:IncludeTranslations>
            <!--Optional:-->
            <siri:Extensions>
               <!--You may enter ANY elements at this point-->
            </siri:Extensions>
         </Request>
         <RequestExtension>
            <!--You may enter ANY elements at this point-->
         </RequestExtension>
      </wsdl:GetConnectionTimetable>
   </soapenv:Body>
</soapenv:Envelope>]]></con:request><con:wsaConfig mustUnderstand="NONE" version="200508" action="GetConnectionTimetable"/></con:call></con:operation><con:operation isOneWay="false" action="GetEstimatedTimetable" name="GetEstimatedTimetable" bindingOperationName="GetEstimatedTimetable" type="Request-Response" inputName="" receivesAttachments="false" sendsAttachments="false" anonymous="optional"><con:settings/><con:call name="Request 1"><con:settings/><con:encoding>UTF-8</con:encoding><con:endpoint>http://www.siri-service-location.com</con:endpoint><con:request><![CDATA[<soapenv:Envelope xmlns:soapenv="http://schemas.xmlsoap.org/soap/envelope/" xmlns:wsdl="http://wsdl.siri.org.uk" xmlns:siri="http://www.siri.org.uk/siri">
   <soapenv:Header/>
   <soapenv:Body>
      <wsdl:GetEstimatedTimetable>
         <ServiceRequestInfo>
            <!--Optional:-->
            <siri:ServiceRequestContext>
               <!--Optional:-->
               <siri:CheckStatusAddress>?</siri:CheckStatusAddress>
               <!--Optional:-->
               <siri:SubscribeAddress>?</siri:SubscribeAddress>
               <!--Optional:-->
               <siri:ManageSubscriptionAddress>?</siri:ManageSubscriptionAddress>
               <!--Optional:-->
               <siri:GetDataAddress>?</siri:GetDataAddress>
               <!--Optional:-->
               <siri:StatusResponseAddress>?</siri:StatusResponseAddress>
               <!--Optional:-->
               <siri:SubscriberAddress>?</siri:SubscriberAddress>
               <!--Optional:-->
               <siri:NotifyAddress>?</siri:NotifyAddress>
               <!--Optional:-->
               <siri:ConsumerAddress>?</siri:ConsumerAddress>
               <!--Optional:-->
               <siri:DataNameSpaces>
                  <!--Optional:-->
                  <siri:StopPointNameSpace>?</siri:StopPointNameSpace>
                  <!--Optional:-->
                  <siri:LineNameSpace>?</siri:LineNameSpace>
                  <!--Optional:-->
                  <siri:ProductCategoryNameSpace>?</siri:ProductCategoryNameSpace>
                  <!--Optional:-->
                  <siri:ServiceFeatureNameSpace>?</siri:ServiceFeatureNameSpace>
                  <!--Optional:-->
                  <siri:VehicleFeatureNameSpace>?</siri:VehicleFeatureNameSpace>
               </siri:DataNameSpaces>
               <!--Optional:-->
               <siri:Language>en</siri:Language>
               <!--You have a CHOICE of the next 2 items at this level-->
               <siri:WgsDecimalDegrees>?</siri:WgsDecimalDegrees>
               <siri:GmlCoordinateFormat>?</siri:GmlCoordinateFormat>
               <!--Optional:-->
               <siri:DistanceUnits>?</siri:DistanceUnits>
               <!--Optional:-->
               <siri:VelocityUnits>?</siri:VelocityUnits>
               <!--Optional:-->
               <siri:DataHorizon>?</siri:DataHorizon>
               <!--Optional:-->
               <siri:RequestTimeout>?</siri:RequestTimeout>
               <!--Optional:-->
               <siri:DeliveryMethod>direct</siri:DeliveryMethod>
               <!--Optional:-->
               <siri:MultipartDespatch>?</siri:MultipartDespatch>
               <!--Optional:-->
               <siri:ConfirmDelivery>false</siri:ConfirmDelivery>
               <!--Optional:-->
               <siri:MaximimumNumberOfSubscriptions>?</siri:MaximimumNumberOfSubscriptions>
               <!--Optional:-->
               <siri:AllowedPredictors>anyone</siri:AllowedPredictors>
               <!--Optional:-->
               <siri:PredictionFunction>?</siri:PredictionFunction>
            </siri:ServiceRequestContext>
            <siri:RequestTimestamp>?</siri:RequestTimestamp>
            <!--Optional:-->
            <siri:AccountId>?</siri:AccountId>
            <!--Optional:-->
            <siri:AccountKey>?</siri:AccountKey>
            <!--Optional:-->
            <siri:Address>?</siri:Address>
            <siri:RequestorRef>?</siri:RequestorRef>
            <!--Optional:-->
            <siri:MessageIdentifier>?</siri:MessageIdentifier>
            <!--Optional:-->
            <siri:DelegatorAddress>?</siri:DelegatorAddress>
            <!--Optional:-->
            <siri:DelegatorRef>?</siri:DelegatorRef>
         </ServiceRequestInfo>
         <Request version="2.0">
            <siri:RequestTimestamp>?</siri:RequestTimestamp>
            <!--Optional:-->
            <siri:MessageIdentifier>?</siri:MessageIdentifier>
            <!--Optional:-->
            <siri:PreviewInterval>?</siri:PreviewInterval>
            <!--Optional:-->
            <siri:TimetableVersionRef>?</siri:TimetableVersionRef>
            <!--Zero or more repetitions:-->
            <siri:OperatorRef>?</siri:OperatorRef>
            <!--Optional:-->
            <siri:Lines>
               <!--1 or more repetitions:-->
               <siri:LineDirection>
                  <siri:LineRef>?</siri:LineRef>
                  <!--Optional:-->
                  <siri:DirectionRef>?</siri:DirectionRef>
               </siri:LineDirection>
            </siri:Lines>
            <!--Optional:-->
            <siri:Language>en</siri:Language>
            <!--Optional:-->
            <siri:IncludeTranslations>?</siri:IncludeTranslations>
            <!--Optional:-->
            <siri:EstimatedTimetableDetailLevel>?</siri:EstimatedTimetableDetailLevel>
            <!--Optional:-->
            <siri:Extensions>
               <!--You may enter ANY elements at this point-->
            </siri:Extensions>
         </Request>
         <RequestExtension>
            <!--You may enter ANY elements at this point-->
         </RequestExtension>
      </wsdl:GetEstimatedTimetable>
   </soapenv:Body>
</soapenv:Envelope>]]></con:request><con:wsaConfig mustUnderstand="NONE" version="200508" action="GetEstimatedTimetable"/></con:call></con:operation><con:operation isOneWay="false" action="GetFacilityMonitoring" name="GetFacilityMonitoring" bindingOperationName="GetFacilityMonitoring" type="Request-Response" inputName="" receivesAttachments="false" sendsAttachments="false" anonymous="optional"><con:settings/><con:call name="Request 1"><con:settings/><con:encoding>UTF-8</con:encoding><con:endpoint>http://www.siri-service-location.com</con:endpoint><con:request><![CDATA[<soapenv:Envelope xmlns:soapenv="http://schemas.xmlsoap.org/soap/envelope/" xmlns:wsdl="http://wsdl.siri.org.uk" xmlns:siri="http://www.siri.org.uk/siri" xmlns:acsb="http://www.ifopt.org.uk/acsb">
   <soapenv:Header/>
   <soapenv:Body>
      <wsdl:GetFacilityMonitoring>
         <ServiceRequestInfo>
            <!--Optional:-->
            <siri:ServiceRequestContext>
               <!--Optional:-->
               <siri:CheckStatusAddress>?</siri:CheckStatusAddress>
               <!--Optional:-->
               <siri:SubscribeAddress>?</siri:SubscribeAddress>
               <!--Optional:-->
               <siri:ManageSubscriptionAddress>?</siri:ManageSubscriptionAddress>
               <!--Optional:-->
               <siri:GetDataAddress>?</siri:GetDataAddress>
               <!--Optional:-->
               <siri:StatusResponseAddress>?</siri:StatusResponseAddress>
               <!--Optional:-->
               <siri:SubscriberAddress>?</siri:SubscriberAddress>
               <!--Optional:-->
               <siri:NotifyAddress>?</siri:NotifyAddress>
               <!--Optional:-->
               <siri:ConsumerAddress>?</siri:ConsumerAddress>
               <!--Optional:-->
               <siri:DataNameSpaces>
                  <!--Optional:-->
                  <siri:StopPointNameSpace>?</siri:StopPointNameSpace>
                  <!--Optional:-->
                  <siri:LineNameSpace>?</siri:LineNameSpace>
                  <!--Optional:-->
                  <siri:ProductCategoryNameSpace>?</siri:ProductCategoryNameSpace>
                  <!--Optional:-->
                  <siri:ServiceFeatureNameSpace>?</siri:ServiceFeatureNameSpace>
                  <!--Optional:-->
                  <siri:VehicleFeatureNameSpace>?</siri:VehicleFeatureNameSpace>
               </siri:DataNameSpaces>
               <!--Optional:-->
               <siri:Language>en</siri:Language>
               <!--You have a CHOICE of the next 2 items at this level-->
               <siri:WgsDecimalDegrees>?</siri:WgsDecimalDegrees>
               <siri:GmlCoordinateFormat>?</siri:GmlCoordinateFormat>
               <!--Optional:-->
               <siri:DistanceUnits>?</siri:DistanceUnits>
               <!--Optional:-->
               <siri:VelocityUnits>?</siri:VelocityUnits>
               <!--Optional:-->
               <siri:DataHorizon>?</siri:DataHorizon>
               <!--Optional:-->
               <siri:RequestTimeout>?</siri:RequestTimeout>
               <!--Optional:-->
               <siri:DeliveryMethod>direct</siri:DeliveryMethod>
               <!--Optional:-->
               <siri:MultipartDespatch>?</siri:MultipartDespatch>
               <!--Optional:-->
               <siri:ConfirmDelivery>false</siri:ConfirmDelivery>
               <!--Optional:-->
               <siri:MaximimumNumberOfSubscriptions>?</siri:MaximimumNumberOfSubscriptions>
               <!--Optional:-->
               <siri:AllowedPredictors>anyone</siri:AllowedPredictors>
               <!--Optional:-->
               <siri:PredictionFunction>?</siri:PredictionFunction>
            </siri:ServiceRequestContext>
            <siri:RequestTimestamp>?</siri:RequestTimestamp>
            <!--Optional:-->
            <siri:AccountId>?</siri:AccountId>
            <!--Optional:-->
            <siri:AccountKey>?</siri:AccountKey>
            <!--Optional:-->
            <siri:Address>?</siri:Address>
            <siri:RequestorRef>?</siri:RequestorRef>
            <!--Optional:-->
            <siri:MessageIdentifier>?</siri:MessageIdentifier>
            <!--Optional:-->
            <siri:DelegatorAddress>?</siri:DelegatorAddress>
            <!--Optional:-->
            <siri:DelegatorRef>?</siri:DelegatorRef>
         </ServiceRequestInfo>
         <Request version="2.0">
            <siri:RequestTimestamp>?</siri:RequestTimestamp>
            <!--Optional:-->
            <siri:MessageIdentifier>?</siri:MessageIdentifier>
            <!--Optional:-->
            <siri:PreviewInterval>?</siri:PreviewInterval>
            <!--Optional:-->
            <siri:StartTime>?</siri:StartTime>
            <!--Zero or more repetitions:-->
            <siri:FacilityRef>?</siri:FacilityRef>
            <!--Optional:-->
            <siri:FeatureRef>?</siri:FeatureRef>
            <!--Optional:-->
            <siri:LineRef>?</siri:LineRef>
            <!--Optional:-->
            <siri:StopPointRef>?</siri:StopPointRef>
            <!--Optional:-->
            <siri:ConnectionLinkRef>?</siri:ConnectionLinkRef>
            <!--You have a CHOICE of the next 2 items at this level-->
            <siri:FramedVehicleJourneyRef>
               <siri:DataFrameRef>?</siri:DataFrameRef>
               <siri:DatedVehicleJourneyRef>?</siri:DatedVehicleJourneyRef>
            </siri:FramedVehicleJourneyRef>
            <siri:VehicleJourneyRef>?</siri:VehicleJourneyRef>
            <!--Optional:-->
            <siri:InterchangeRef>?</siri:InterchangeRef>
            <!--Optional:-->
            <siri:VehicleRef>?</siri:VehicleRef>
            <!--Optional:-->
            <siri:StopPlaceRef>?</siri:StopPlaceRef>
            <!--Optional:-->
            <siri:StopPlaceComponentRef>?</siri:StopPlaceComponentRef>
            <!--Zero or more repetitions:-->
            <siri:AccessibilityNeedsFilter>
               <!--1 or more repetitions:-->
               <siri:UserNeed>
                  <!--You have a CHOICE of the next 4 items at this level-->
                  <acsb:MobilityNeed>?</acsb:MobilityNeed>
                  <acsb:PsychosensoryNeed>?</acsb:PsychosensoryNeed>
                  <acsb:MedicalNeed>?</acsb:MedicalNeed>
                  <acsb:EncumbranceNeed>?</acsb:EncumbranceNeed>
                  <!--Optional:-->
                  <acsb:Excluded>?</acsb:Excluded>
                  <!--Optional:-->
                  <acsb:NeedRanking>?</acsb:NeedRanking>
                  <!--Optional:-->
                  <acsb:Extensions>?</acsb:Extensions>
               </siri:UserNeed>
            </siri:AccessibilityNeedsFilter>
            <!--Optional:-->
            <siri:Language>en</siri:Language>
            <!--Optional:-->
            <siri:IncludeTranslations>?</siri:IncludeTranslations>
            <!--Optional:-->
            <siri:MaximumNumberOfFacilityConditions>?</siri:MaximumNumberOfFacilityConditions>
            <!--Optional:-->
            <siri:Extensions>
               <!--You may enter ANY elements at this point-->
            </siri:Extensions>
         </Request>
         <RequestExtension>
            <!--You may enter ANY elements at this point-->
         </RequestExtension>
      </wsdl:GetFacilityMonitoring>
   </soapenv:Body>
</soapenv:Envelope>]]></con:request><con:wsaConfig mustUnderstand="NONE" version="200508" action="GetFacilityMonitoring"/></con:call></con:operation><con:operation isOneWay="false" action="GetGeneralMessage" name="GetGeneralMessage" bindingOperationName="GetGeneralMessage" type="Request-Response" inputName="" receivesAttachments="false" sendsAttachments="false" anonymous="optional"><con:settings/><con:call name="Request 1"><con:settings/><con:encoding>UTF-8</con:encoding><con:endpoint>http://www.siri-service-location.com</con:endpoint><con:request><![CDATA[<soapenv:Envelope xmlns:soapenv="http://schemas.xmlsoap.org/soap/envelope/" xmlns:wsdl="http://wsdl.siri.org.uk" xmlns:siri="http://www.siri.org.uk/siri">
   <soapenv:Header/>
   <soapenv:Body>
      <wsdl:GetGeneralMessage>
         <ServiceRequestInfo>
            <!--Optional:-->
            <siri:ServiceRequestContext>
               <!--Optional:-->
               <siri:CheckStatusAddress>?</siri:CheckStatusAddress>
               <!--Optional:-->
               <siri:SubscribeAddress>?</siri:SubscribeAddress>
               <!--Optional:-->
               <siri:ManageSubscriptionAddress>?</siri:ManageSubscriptionAddress>
               <!--Optional:-->
               <siri:GetDataAddress>?</siri:GetDataAddress>
               <!--Optional:-->
               <siri:StatusResponseAddress>?</siri:StatusResponseAddress>
               <!--Optional:-->
               <siri:SubscriberAddress>?</siri:SubscriberAddress>
               <!--Optional:-->
               <siri:NotifyAddress>?</siri:NotifyAddress>
               <!--Optional:-->
               <siri:ConsumerAddress>?</siri:ConsumerAddress>
               <!--Optional:-->
               <siri:DataNameSpaces>
                  <!--Optional:-->
                  <siri:StopPointNameSpace>?</siri:StopPointNameSpace>
                  <!--Optional:-->
                  <siri:LineNameSpace>?</siri:LineNameSpace>
                  <!--Optional:-->
                  <siri:ProductCategoryNameSpace>?</siri:ProductCategoryNameSpace>
                  <!--Optional:-->
                  <siri:ServiceFeatureNameSpace>?</siri:ServiceFeatureNameSpace>
                  <!--Optional:-->
                  <siri:VehicleFeatureNameSpace>?</siri:VehicleFeatureNameSpace>
               </siri:DataNameSpaces>
               <!--Optional:-->
               <siri:Language>en</siri:Language>
               <!--You have a CHOICE of the next 2 items at this level-->
               <siri:WgsDecimalDegrees>?</siri:WgsDecimalDegrees>
               <siri:GmlCoordinateFormat>?</siri:GmlCoordinateFormat>
               <!--Optional:-->
               <siri:DistanceUnits>?</siri:DistanceUnits>
               <!--Optional:-->
               <siri:VelocityUnits>?</siri:VelocityUnits>
               <!--Optional:-->
               <siri:DataHorizon>?</siri:DataHorizon>
               <!--Optional:-->
               <siri:RequestTimeout>?</siri:RequestTimeout>
               <!--Optional:-->
               <siri:DeliveryMethod>direct</siri:DeliveryMethod>
               <!--Optional:-->
               <siri:MultipartDespatch>?</siri:MultipartDespatch>
               <!--Optional:-->
               <siri:ConfirmDelivery>false</siri:ConfirmDelivery>
               <!--Optional:-->
               <siri:MaximimumNumberOfSubscriptions>?</siri:MaximimumNumberOfSubscriptions>
               <!--Optional:-->
               <siri:AllowedPredictors>anyone</siri:AllowedPredictors>
               <!--Optional:-->
               <siri:PredictionFunction>?</siri:PredictionFunction>
            </siri:ServiceRequestContext>
            <siri:RequestTimestamp>?</siri:RequestTimestamp>
            <!--Optional:-->
            <siri:AccountId>?</siri:AccountId>
            <!--Optional:-->
            <siri:AccountKey>?</siri:AccountKey>
            <!--Optional:-->
            <siri:Address>?</siri:Address>
            <siri:RequestorRef>?</siri:RequestorRef>
            <!--Optional:-->
            <siri:MessageIdentifier>?</siri:MessageIdentifier>
            <!--Optional:-->
            <siri:DelegatorAddress>?</siri:DelegatorAddress>
            <!--Optional:-->
            <siri:DelegatorRef>?</siri:DelegatorRef>
         </ServiceRequestInfo>
         <Request version="2.0">
            <siri:RequestTimestamp>?</siri:RequestTimestamp>
            <!--Optional:-->
            <siri:MessageIdentifier>?</siri:MessageIdentifier>
            <!--Zero or more repetitions:-->
            <siri:InfoChannelRef>?</siri:InfoChannelRef>
            <!--Optional:-->
            <siri:Language>en</siri:Language>
            <!--Optional:-->
            <siri:Extensions>
               <!--You may enter ANY elements at this point-->
            </siri:Extensions>
         </Request>
         <RequestExtension>
            <!--You may enter ANY elements at this point-->
         </RequestExtension>
      </wsdl:GetGeneralMessage>
   </soapenv:Body>
</soapenv:Envelope>]]></con:request><con:wsaConfig mustUnderstand="NONE" version="200508" action="GetGeneralMessage"/></con:call></con:operation><con:operation isOneWay="false" action="GetMultipleStopMonitoring" name="GetMultipleStopMonitoring" bindingOperationName="GetMultipleStopMonitoring" type="Request-Response" inputName="" receivesAttachments="false" sendsAttachments="false" anonymous="optional"><con:settings/><con:call name="Request 1"><con:settings/><con:encoding>UTF-8</con:encoding><con:endpoint>http://www.siri-service-location.com</con:endpoint><con:request><![CDATA[<soapenv:Envelope xmlns:soapenv="http://schemas.xmlsoap.org/soap/envelope/" xmlns:wsdl="http://wsdl.siri.org.uk" xmlns:siri="http://www.siri.org.uk/siri">
   <soapenv:Header/>
   <soapenv:Body>
      <wsdl:GetMultipleStopMonitoring>
         <ServiceRequestInfo>
            <!--Optional:-->
            <siri:ServiceRequestContext>
               <!--Optional:-->
               <siri:CheckStatusAddress>?</siri:CheckStatusAddress>
               <!--Optional:-->
               <siri:SubscribeAddress>?</siri:SubscribeAddress>
               <!--Optional:-->
               <siri:ManageSubscriptionAddress>?</siri:ManageSubscriptionAddress>
               <!--Optional:-->
               <siri:GetDataAddress>?</siri:GetDataAddress>
               <!--Optional:-->
               <siri:StatusResponseAddress>?</siri:StatusResponseAddress>
               <!--Optional:-->
               <siri:SubscriberAddress>?</siri:SubscriberAddress>
               <!--Optional:-->
               <siri:NotifyAddress>?</siri:NotifyAddress>
               <!--Optional:-->
               <siri:ConsumerAddress>?</siri:ConsumerAddress>
               <!--Optional:-->
               <siri:DataNameSpaces>
                  <!--Optional:-->
                  <siri:StopPointNameSpace>?</siri:StopPointNameSpace>
                  <!--Optional:-->
                  <siri:LineNameSpace>?</siri:LineNameSpace>
                  <!--Optional:-->
                  <siri:ProductCategoryNameSpace>?</siri:ProductCategoryNameSpace>
                  <!--Optional:-->
                  <siri:ServiceFeatureNameSpace>?</siri:ServiceFeatureNameSpace>
                  <!--Optional:-->
                  <siri:VehicleFeatureNameSpace>?</siri:VehicleFeatureNameSpace>
               </siri:DataNameSpaces>
               <!--Optional:-->
               <siri:Language>en</siri:Language>
               <!--You have a CHOICE of the next 2 items at this level-->
               <siri:WgsDecimalDegrees>?</siri:WgsDecimalDegrees>
               <siri:GmlCoordinateFormat>?</siri:GmlCoordinateFormat>
               <!--Optional:-->
               <siri:DistanceUnits>?</siri:DistanceUnits>
               <!--Optional:-->
               <siri:VelocityUnits>?</siri:VelocityUnits>
               <!--Optional:-->
               <siri:DataHorizon>?</siri:DataHorizon>
               <!--Optional:-->
               <siri:RequestTimeout>?</siri:RequestTimeout>
               <!--Optional:-->
               <siri:DeliveryMethod>direct</siri:DeliveryMethod>
               <!--Optional:-->
               <siri:MultipartDespatch>?</siri:MultipartDespatch>
               <!--Optional:-->
               <siri:ConfirmDelivery>false</siri:ConfirmDelivery>
               <!--Optional:-->
               <siri:MaximimumNumberOfSubscriptions>?</siri:MaximimumNumberOfSubscriptions>
               <!--Optional:-->
               <siri:AllowedPredictors>anyone</siri:AllowedPredictors>
               <!--Optional:-->
               <siri:PredictionFunction>?</siri:PredictionFunction>
            </siri:ServiceRequestContext>
            <siri:RequestTimestamp>?</siri:RequestTimestamp>
            <!--Optional:-->
            <siri:AccountId>?</siri:AccountId>
            <!--Optional:-->
            <siri:AccountKey>?</siri:AccountKey>
            <!--Optional:-->
            <siri:Address>?</siri:Address>
            <siri:RequestorRef>?</siri:RequestorRef>
            <!--Optional:-->
            <siri:MessageIdentifier>?</siri:MessageIdentifier>
            <!--Optional:-->
            <siri:DelegatorAddress>?</siri:DelegatorAddress>
            <!--Optional:-->
            <siri:DelegatorRef>?</siri:DelegatorRef>
         </ServiceRequestInfo>
         <Request version="2.0">
            <siri:RequestTimestamp>?</siri:RequestTimestamp>
            <!--Optional:-->
            <siri:MessageIdentifier>?</siri:MessageIdentifier>
            <!--1 or more repetitions:-->
            <siri:StopMonitoringFIlter>
               <!--Optional:-->
               <siri:PreviewInterval>?</siri:PreviewInterval>
               <!--Optional:-->
               <siri:StartTime>?</siri:StartTime>
               <siri:MonitoringRef>?</siri:MonitoringRef>
               <!--Optional:-->
               <siri:OperatorRef>?</siri:OperatorRef>
               <!--Optional:-->
               <siri:LineRef>?</siri:LineRef>
               <!--Optional:-->
               <siri:DirectionRef>?</siri:DirectionRef>
               <!--Optional:-->
               <siri:DestinationRef>?</siri:DestinationRef>
               <!--Optional:-->
               <siri:StopVisitTypes>all</siri:StopVisitTypes>
               <!--Optional:-->
               <siri:Language>false</siri:Language>
               <!--Optional:-->
               <siri:IncludeTranslations>?</siri:IncludeTranslations>
               <!--Optional:-->
               <siri:MaximumStopVisits>?</siri:MaximumStopVisits>
               <!--You have a CHOICE of the next 2 items at this level-->
               <!--Optional:-->
               <siri:MinimumStopVisitsPerLine>?</siri:MinimumStopVisitsPerLine>
               <!--Optional:-->
               <siri:MinimumStopVisitsPerLineVia>?</siri:MinimumStopVisitsPerLineVia>
               <!--Optional:-->
               <siri:MaximumTextLength>30</siri:MaximumTextLength>
               <!--Optional:-->
               <siri:StopMonitoringDetailLevel>normal</siri:StopMonitoringDetailLevel>
               <!--Optional:-->
               <siri:IncludeSituations>?</siri:IncludeSituations>
               <!--Optional:-->
               <siri:MaximumNumberOfCalls>
                  <!--Optional:-->
                  <siri:Previous>?</siri:Previous>
                  <!--Optional:-->
                  <siri:Onwards>?</siri:Onwards>
               </siri:MaximumNumberOfCalls>
               <!--Optional:-->
               <siri:Extensions>
                  <!--You may enter ANY elements at this point-->
               </siri:Extensions>
            </siri:StopMonitoringFIlter>
         </Request>
         <RequestExtension>
            <!--You may enter ANY elements at this point-->
         </RequestExtension>
      </wsdl:GetMultipleStopMonitoring>
   </soapenv:Body>
</soapenv:Envelope>]]></con:request><con:wsaConfig mustUnderstand="NONE" version="200508" action="GetMultipleStopMonitoring"/></con:call></con:operation><con:operation isOneWay="false" action="GetProductionTimetable" name="GetProductionTimetable" bindingOperationName="GetProductionTimetable" type="Request-Response" inputName="" receivesAttachments="false" sendsAttachments="false" anonymous="optional"><con:settings/><con:call name="Request 1"><con:settings/><con:encoding>UTF-8</con:encoding><con:endpoint>http://www.siri-service-location.com</con:endpoint><con:request><![CDATA[<soapenv:Envelope xmlns:soapenv="http://schemas.xmlsoap.org/soap/envelope/" xmlns:wsdl="http://wsdl.siri.org.uk" xmlns:siri="http://www.siri.org.uk/siri">
   <soapenv:Header/>
   <soapenv:Body>
      <wsdl:GetProductionTimetable>
         <ServiceRequestInfo>
            <!--Optional:-->
            <siri:ServiceRequestContext>
               <!--Optional:-->
               <siri:CheckStatusAddress>?</siri:CheckStatusAddress>
               <!--Optional:-->
               <siri:SubscribeAddress>?</siri:SubscribeAddress>
               <!--Optional:-->
               <siri:ManageSubscriptionAddress>?</siri:ManageSubscriptionAddress>
               <!--Optional:-->
               <siri:GetDataAddress>?</siri:GetDataAddress>
               <!--Optional:-->
               <siri:StatusResponseAddress>?</siri:StatusResponseAddress>
               <!--Optional:-->
               <siri:SubscriberAddress>?</siri:SubscriberAddress>
               <!--Optional:-->
               <siri:NotifyAddress>?</siri:NotifyAddress>
               <!--Optional:-->
               <siri:ConsumerAddress>?</siri:ConsumerAddress>
               <!--Optional:-->
               <siri:DataNameSpaces>
                  <!--Optional:-->
                  <siri:StopPointNameSpace>?</siri:StopPointNameSpace>
                  <!--Optional:-->
                  <siri:LineNameSpace>?</siri:LineNameSpace>
                  <!--Optional:-->
                  <siri:ProductCategoryNameSpace>?</siri:ProductCategoryNameSpace>
                  <!--Optional:-->
                  <siri:ServiceFeatureNameSpace>?</siri:ServiceFeatureNameSpace>
                  <!--Optional:-->
                  <siri:VehicleFeatureNameSpace>?</siri:VehicleFeatureNameSpace>
               </siri:DataNameSpaces>
               <!--Optional:-->
               <siri:Language>en</siri:Language>
               <!--You have a CHOICE of the next 2 items at this level-->
               <siri:WgsDecimalDegrees>?</siri:WgsDecimalDegrees>
               <siri:GmlCoordinateFormat>?</siri:GmlCoordinateFormat>
               <!--Optional:-->
               <siri:DistanceUnits>?</siri:DistanceUnits>
               <!--Optional:-->
               <siri:VelocityUnits>?</siri:VelocityUnits>
               <!--Optional:-->
               <siri:DataHorizon>?</siri:DataHorizon>
               <!--Optional:-->
               <siri:RequestTimeout>?</siri:RequestTimeout>
               <!--Optional:-->
               <siri:DeliveryMethod>direct</siri:DeliveryMethod>
               <!--Optional:-->
               <siri:MultipartDespatch>?</siri:MultipartDespatch>
               <!--Optional:-->
               <siri:ConfirmDelivery>false</siri:ConfirmDelivery>
               <!--Optional:-->
               <siri:MaximimumNumberOfSubscriptions>?</siri:MaximimumNumberOfSubscriptions>
               <!--Optional:-->
               <siri:AllowedPredictors>anyone</siri:AllowedPredictors>
               <!--Optional:-->
               <siri:PredictionFunction>?</siri:PredictionFunction>
            </siri:ServiceRequestContext>
            <siri:RequestTimestamp>?</siri:RequestTimestamp>
            <!--Optional:-->
            <siri:AccountId>?</siri:AccountId>
            <!--Optional:-->
            <siri:AccountKey>?</siri:AccountKey>
            <!--Optional:-->
            <siri:Address>?</siri:Address>
            <siri:RequestorRef>?</siri:RequestorRef>
            <!--Optional:-->
            <siri:MessageIdentifier>?</siri:MessageIdentifier>
            <!--Optional:-->
            <siri:DelegatorAddress>?</siri:DelegatorAddress>
            <!--Optional:-->
            <siri:DelegatorRef>?</siri:DelegatorRef>
         </ServiceRequestInfo>
         <Request version="2.0">
            <siri:RequestTimestamp>?</siri:RequestTimestamp>
            <!--Optional:-->
            <siri:MessageIdentifier>?</siri:MessageIdentifier>
            <!--Optional:-->
            <siri:ValidityPeriod>
               <siri:StartTime>?</siri:StartTime>
               <siri:EndTime>?</siri:EndTime>
            </siri:ValidityPeriod>
            <!--Optional:-->
            <siri:TimetableVersionRef>?</siri:TimetableVersionRef>
            <!--Zero or more repetitions:-->
            <siri:OperatorRef>?</siri:OperatorRef>
            <!--Optional:-->
            <siri:Lines>
               <!--1 or more repetitions:-->
               <siri:LineDirection>
                  <siri:LineRef>?</siri:LineRef>
                  <!--Optional:-->
                  <siri:DirectionRef>?</siri:DirectionRef>
               </siri:LineDirection>
            </siri:Lines>
            <!--Optional:-->
            <siri:Language>en</siri:Language>
            <!--Optional:-->
            <siri:IncludeTranslations>?</siri:IncludeTranslations>
            <!--Optional:-->
            <siri:IncrementalUpdates>false</siri:IncrementalUpdates>
            <!--Optional:-->
            <siri:Extensions>
               <!--You may enter ANY elements at this point-->
            </siri:Extensions>
         </Request>
         <RequestExtension>
            <!--You may enter ANY elements at this point-->
         </RequestExtension>
      </wsdl:GetProductionTimetable>
   </soapenv:Body>
</soapenv:Envelope>]]></con:request><con:wsaConfig mustUnderstand="NONE" version="200508" action="GetProductionTimetable"/></con:call></con:operation><con:operation isOneWay="false" action="GetSiriService" name="GetSiriService" bindingOperationName="GetSiriService" type="Request-Response" inputName="" receivesAttachments="false" sendsAttachments="false" anonymous="optional"><con:settings/><con:call name="Request 1"><con:settings/><con:encoding>UTF-8</con:encoding><con:endpoint>http://www.siri-service-location.com</con:endpoint><con:request><![CDATA[<soapenv:Envelope xmlns:soapenv="http://schemas.xmlsoap.org/soap/envelope/" xmlns:wsdl="http://wsdl.siri.org.uk" xmlns:siri="http://www.siri.org.uk/siri" xmlns:acsb="http://www.ifopt.org.uk/acsb">
   <soapenv:Header/>
   <soapenv:Body>
      <wsdl:GetSiriService>
         <!--Optional:-->
         <siri:ServiceRequestContext>
            <!--Optional:-->
            <siri:CheckStatusAddress>?</siri:CheckStatusAddress>
            <!--Optional:-->
            <siri:SubscribeAddress>?</siri:SubscribeAddress>
            <!--Optional:-->
            <siri:ManageSubscriptionAddress>?</siri:ManageSubscriptionAddress>
            <!--Optional:-->
            <siri:GetDataAddress>?</siri:GetDataAddress>
            <!--Optional:-->
            <siri:StatusResponseAddress>?</siri:StatusResponseAddress>
            <!--Optional:-->
            <siri:SubscriberAddress>?</siri:SubscriberAddress>
            <!--Optional:-->
            <siri:NotifyAddress>?</siri:NotifyAddress>
            <!--Optional:-->
            <siri:ConsumerAddress>?</siri:ConsumerAddress>
            <!--Optional:-->
            <siri:DataNameSpaces>
               <!--Optional:-->
               <siri:StopPointNameSpace>?</siri:StopPointNameSpace>
               <!--Optional:-->
               <siri:LineNameSpace>?</siri:LineNameSpace>
               <!--Optional:-->
               <siri:ProductCategoryNameSpace>?</siri:ProductCategoryNameSpace>
               <!--Optional:-->
               <siri:ServiceFeatureNameSpace>?</siri:ServiceFeatureNameSpace>
               <!--Optional:-->
               <siri:VehicleFeatureNameSpace>?</siri:VehicleFeatureNameSpace>
            </siri:DataNameSpaces>
            <!--Optional:-->
            <siri:Language>en</siri:Language>
            <!--You have a CHOICE of the next 2 items at this level-->
            <siri:WgsDecimalDegrees>?</siri:WgsDecimalDegrees>
            <siri:GmlCoordinateFormat>?</siri:GmlCoordinateFormat>
            <!--Optional:-->
            <siri:DistanceUnits>?</siri:DistanceUnits>
            <!--Optional:-->
            <siri:VelocityUnits>?</siri:VelocityUnits>
            <!--Optional:-->
            <siri:DataHorizon>?</siri:DataHorizon>
            <!--Optional:-->
            <siri:RequestTimeout>?</siri:RequestTimeout>
            <!--Optional:-->
            <siri:DeliveryMethod>direct</siri:DeliveryMethod>
            <!--Optional:-->
            <siri:MultipartDespatch>?</siri:MultipartDespatch>
            <!--Optional:-->
            <siri:ConfirmDelivery>false</siri:ConfirmDelivery>
            <!--Optional:-->
            <siri:MaximimumNumberOfSubscriptions>?</siri:MaximimumNumberOfSubscriptions>
            <!--Optional:-->
            <siri:AllowedPredictors>anyone</siri:AllowedPredictors>
            <!--Optional:-->
            <siri:PredictionFunction>?</siri:PredictionFunction>
         </siri:ServiceRequestContext>
         <siri:RequestTimestamp>?</siri:RequestTimestamp>
         <!--Optional:-->
         <siri:AccountId>?</siri:AccountId>
         <!--Optional:-->
         <siri:AccountKey>?</siri:AccountKey>
         <!--Optional:-->
         <siri:Address>?</siri:Address>
         <siri:RequestorRef>?</siri:RequestorRef>
         <!--Optional:-->
         <siri:MessageIdentifier>?</siri:MessageIdentifier>
         <!--Optional:-->
         <siri:DelegatorAddress>?</siri:DelegatorAddress>
         <!--Optional:-->
         <siri:DelegatorRef>?</siri:DelegatorRef>
         <!--You have a CHOICE of the next 11 items at this level-->
         <!--1 or more repetitions:-->
         <siri:ProductionTimetableRequest version="2.0">
            <siri:RequestTimestamp>?</siri:RequestTimestamp>
            <!--Optional:-->
            <siri:MessageIdentifier>?</siri:MessageIdentifier>
            <!--Optional:-->
            <siri:ValidityPeriod>
               <siri:StartTime>?</siri:StartTime>
               <siri:EndTime>?</siri:EndTime>
            </siri:ValidityPeriod>
            <!--Optional:-->
            <siri:TimetableVersionRef>?</siri:TimetableVersionRef>
            <!--Zero or more repetitions:-->
            <siri:OperatorRef>?</siri:OperatorRef>
            <!--Optional:-->
            <siri:Lines>
               <!--1 or more repetitions:-->
               <siri:LineDirection>
                  <siri:LineRef>?</siri:LineRef>
                  <!--Optional:-->
                  <siri:DirectionRef>?</siri:DirectionRef>
               </siri:LineDirection>
            </siri:Lines>
            <!--Optional:-->
            <siri:Language>en</siri:Language>
            <!--Optional:-->
            <siri:IncludeTranslations>?</siri:IncludeTranslations>
            <!--Optional:-->
            <siri:IncrementalUpdates>false</siri:IncrementalUpdates>
            <!--Optional:-->
            <siri:Extensions>
               <!--You may enter ANY elements at this point-->
            </siri:Extensions>
         </siri:ProductionTimetableRequest>
         <!--1 or more repetitions:-->
         <siri:EstimatedTimetableRequest version="2.0">
            <siri:RequestTimestamp>?</siri:RequestTimestamp>
            <!--Optional:-->
            <siri:MessageIdentifier>?</siri:MessageIdentifier>
            <!--Optional:-->
            <siri:PreviewInterval>?</siri:PreviewInterval>
            <!--Optional:-->
            <siri:TimetableVersionRef>?</siri:TimetableVersionRef>
            <!--Zero or more repetitions:-->
            <siri:OperatorRef>?</siri:OperatorRef>
            <!--Optional:-->
            <siri:Lines>
               <!--1 or more repetitions:-->
               <siri:LineDirection>
                  <siri:LineRef>?</siri:LineRef>
                  <!--Optional:-->
                  <siri:DirectionRef>?</siri:DirectionRef>
               </siri:LineDirection>
            </siri:Lines>
            <!--Optional:-->
            <siri:Language>en</siri:Language>
            <!--Optional:-->
            <siri:IncludeTranslations>?</siri:IncludeTranslations>
            <!--Optional:-->
            <siri:EstimatedTimetableDetailLevel>?</siri:EstimatedTimetableDetailLevel>
            <!--Optional:-->
            <siri:Extensions>
               <!--You may enter ANY elements at this point-->
            </siri:Extensions>
         </siri:EstimatedTimetableRequest>
         <!--1 or more repetitions:-->
         <siri:StopTimetableRequest version="2.0">
            <siri:RequestTimestamp>?</siri:RequestTimestamp>
            <!--Optional:-->
            <siri:MessageIdentifier>?</siri:MessageIdentifier>
            <!--Optional:-->
            <siri:DepartureWindow>
               <siri:StartTime>?</siri:StartTime>
               <siri:EndTime>?</siri:EndTime>
            </siri:DepartureWindow>
            <siri:MonitoringRef>?</siri:MonitoringRef>
            <!--Optional:-->
            <siri:LineRef>?</siri:LineRef>
            <!--Optional:-->
            <siri:DirectionRef>?</siri:DirectionRef>
            <!--Optional:-->
            <siri:Language>en</siri:Language>
            <!--Optional:-->
            <siri:IncludeTranslations>?</siri:IncludeTranslations>
            <!--Optional:-->
            <siri:Extensions>
               <!--You may enter ANY elements at this point-->
            </siri:Extensions>
         </siri:StopTimetableRequest>
         <!--1 or more repetitions:-->
         <siri:StopMonitoringMultipleRequest version="2.0">
            <siri:RequestTimestamp>?</siri:RequestTimestamp>
            <!--Optional:-->
            <siri:MessageIdentifier>?</siri:MessageIdentifier>
            <!--1 or more repetitions:-->
            <siri:StopMonitoringFIlter>
               <!--Optional:-->
               <siri:PreviewInterval>?</siri:PreviewInterval>
               <!--Optional:-->
               <siri:StartTime>?</siri:StartTime>
               <siri:MonitoringRef>?</siri:MonitoringRef>
               <!--Optional:-->
               <siri:OperatorRef>?</siri:OperatorRef>
               <!--Optional:-->
               <siri:LineRef>?</siri:LineRef>
               <!--Optional:-->
               <siri:DirectionRef>?</siri:DirectionRef>
               <!--Optional:-->
               <siri:DestinationRef>?</siri:DestinationRef>
               <!--Optional:-->
               <siri:StopVisitTypes>all</siri:StopVisitTypes>
               <!--Optional:-->
               <siri:Language>false</siri:Language>
               <!--Optional:-->
               <siri:IncludeTranslations>?</siri:IncludeTranslations>
               <!--Optional:-->
               <siri:MaximumStopVisits>?</siri:MaximumStopVisits>
               <!--You have a CHOICE of the next 2 items at this level-->
               <!--Optional:-->
               <siri:MinimumStopVisitsPerLine>?</siri:MinimumStopVisitsPerLine>
               <!--Optional:-->
               <siri:MinimumStopVisitsPerLineVia>?</siri:MinimumStopVisitsPerLineVia>
               <!--Optional:-->
               <siri:MaximumTextLength>30</siri:MaximumTextLength>
               <!--Optional:-->
               <siri:StopMonitoringDetailLevel>normal</siri:StopMonitoringDetailLevel>
               <!--Optional:-->
               <siri:IncludeSituations>?</siri:IncludeSituations>
               <!--Optional:-->
               <siri:MaximumNumberOfCalls>
                  <!--Optional:-->
                  <siri:Previous>?</siri:Previous>
                  <!--Optional:-->
                  <siri:Onwards>?</siri:Onwards>
               </siri:MaximumNumberOfCalls>
               <!--Optional:-->
               <siri:Extensions>
                  <!--You may enter ANY elements at this point-->
               </siri:Extensions>
            </siri:StopMonitoringFIlter>
         </siri:StopMonitoringMultipleRequest>
         <!--1 or more repetitions:-->
         <siri:StopMonitoringRequest version="2.0">
            <siri:RequestTimestamp>?</siri:RequestTimestamp>
            <!--Optional:-->
            <siri:MessageIdentifier>?</siri:MessageIdentifier>
            <!--Optional:-->
            <siri:PreviewInterval>?</siri:PreviewInterval>
            <!--Optional:-->
            <siri:StartTime>?</siri:StartTime>
            <siri:MonitoringRef>?</siri:MonitoringRef>
            <!--Optional:-->
            <siri:OperatorRef>?</siri:OperatorRef>
            <!--Optional:-->
            <siri:LineRef>?</siri:LineRef>
            <!--Optional:-->
            <siri:DirectionRef>?</siri:DirectionRef>
            <!--Optional:-->
            <siri:DestinationRef>?</siri:DestinationRef>
            <!--Optional:-->
            <siri:StopVisitTypes>all</siri:StopVisitTypes>
            <!--Optional:-->
            <siri:Language>false</siri:Language>
            <!--Optional:-->
            <siri:IncludeTranslations>?</siri:IncludeTranslations>
            <!--Optional:-->
            <siri:MaximumStopVisits>?</siri:MaximumStopVisits>
            <!--You have a CHOICE of the next 2 items at this level-->
            <!--Optional:-->
            <siri:MinimumStopVisitsPerLine>?</siri:MinimumStopVisitsPerLine>
            <!--Optional:-->
            <siri:MinimumStopVisitsPerLineVia>?</siri:MinimumStopVisitsPerLineVia>
            <!--Optional:-->
            <siri:MaximumTextLength>30</siri:MaximumTextLength>
            <!--Optional:-->
            <siri:StopMonitoringDetailLevel>normal</siri:StopMonitoringDetailLevel>
            <!--Optional:-->
            <siri:IncludeSituations>?</siri:IncludeSituations>
            <!--Optional:-->
            <siri:MaximumNumberOfCalls>
               <!--Optional:-->
               <siri:Previous>?</siri:Previous>
               <!--Optional:-->
               <siri:Onwards>?</siri:Onwards>
            </siri:MaximumNumberOfCalls>
            <!--Optional:-->
            <siri:Extensions>
               <!--You may enter ANY elements at this point-->
            </siri:Extensions>
         </siri:StopMonitoringRequest>
         <!--1 or more repetitions:-->
         <siri:VehicleMonitoringRequest version="2.0">
            <siri:RequestTimestamp>?</siri:RequestTimestamp>
            <!--Optional:-->
            <siri:MessageIdentifier>?</siri:MessageIdentifier>
            <!--Optional:-->
            <siri:VehicleMonitoringRef>?</siri:VehicleMonitoringRef>
            <!--You have a CHOICE of the next 2 items at this level-->
            <siri:VehicleRef>?</siri:VehicleRef>
            <siri:LineRef>?</siri:LineRef>
            <!--Optional:-->
            <siri:DirectionRef>?</siri:DirectionRef>
            <!--Optional:-->
            <siri:Language>en</siri:Language>
            <!--Optional:-->
            <siri:IncludeTranslations>?</siri:IncludeTranslations>
            <!--Optional:-->
            <siri:MaximumVehicles>?</siri:MaximumVehicles>
            <!--Optional:-->
            <siri:VehicleMonitoringDetailLevel>?</siri:VehicleMonitoringDetailLevel>
            <!--Optional:-->
            <siri:MaximumNumberOfCalls>
               <!--Optional:-->
               <siri:Previous>?</siri:Previous>
               <!--Optional:-->
               <siri:Onwards>?</siri:Onwards>
            </siri:MaximumNumberOfCalls>
            <!--Optional:-->
            <siri:IncludeSituations>?</siri:IncludeSituations>
            <!--Optional:-->
            <siri:Extensions>
               <!--You may enter ANY elements at this point-->
            </siri:Extensions>
         </siri:VehicleMonitoringRequest>
         <!--1 or more repetitions:-->
         <siri:ConnectionTimetableRequest version="2.0">
            <siri:RequestTimestamp>?</siri:RequestTimestamp>
            <!--Optional:-->
            <siri:MessageIdentifier>?</siri:MessageIdentifier>
            <!--Optional:-->
            <siri:ArrivalWindow>
               <siri:StartTime>?</siri:StartTime>
               <siri:EndTime>?</siri:EndTime>
            </siri:ArrivalWindow>
            <siri:ConnectionLinkRef>?</siri:ConnectionLinkRef>
            <!--Optional:-->
            <siri:LineRef>?</siri:LineRef>
            <!--Optional:-->
            <siri:DirectionRef>?</siri:DirectionRef>
            <!--Optional:-->
            <siri:Language>en</siri:Language>
            <!--Optional:-->
            <siri:IncludeTranslations>?</siri:IncludeTranslations>
            <!--Optional:-->
            <siri:Extensions>
               <!--You may enter ANY elements at this point-->
            </siri:Extensions>
         </siri:ConnectionTimetableRequest>
         <!--1 or more repetitions:-->
         <siri:ConnectionMonitoringRequest version="2.0">
            <siri:RequestTimestamp>?</siri:RequestTimestamp>
            <!--Optional:-->
            <siri:MessageIdentifier>?</siri:MessageIdentifier>
            <!--Optional:-->
            <siri:PreviewInterval>?</siri:PreviewInterval>
            <siri:ConnectionLinkRef>?</siri:ConnectionLinkRef>
            <!--You have a CHOICE of the next 2 items at this level-->
            <siri:ConnectingTimeFilter>
               <siri:LineRef>?</siri:LineRef>
               <siri:DirectionRef>?</siri:DirectionRef>
               <!--Optional:-->
               <siri:EarliestArrivalTime>?</siri:EarliestArrivalTime>
               <!--Optional:-->
               <siri:LatestArrivalTime>?</siri:LatestArrivalTime>
            </siri:ConnectingTimeFilter>
            <!--1 or more repetitions:-->
            <siri:ConnectingJourneyFilter>
               <siri:DatedVehicleJourneyRef>?</siri:DatedVehicleJourneyRef>
               <!--Optional:-->
               <siri:VisitNumber>?</siri:VisitNumber>
               <siri:TimetabledArrivalTime>?</siri:TimetabledArrivalTime>
            </siri:ConnectingJourneyFilter>
            <!--Optional:-->
            <siri:Language>en</siri:Language>
            <!--Optional:-->
            <siri:IncludeTranslations>?</siri:IncludeTranslations>
            <!--Optional:-->
            <siri:ConnectionMonitoringDetailLevel>?</siri:ConnectionMonitoringDetailLevel>
            <!--Optional:-->
            <siri:Extensions>
               <!--You may enter ANY elements at this point-->
            </siri:Extensions>
         </siri:ConnectionMonitoringRequest>
         <!--1 or more repetitions:-->
         <siri:GeneralMessageRequest version="2.0">
            <siri:RequestTimestamp>?</siri:RequestTimestamp>
            <!--Optional:-->
            <siri:MessageIdentifier>?</siri:MessageIdentifier>
            <!--Zero or more repetitions:-->
            <siri:InfoChannelRef>?</siri:InfoChannelRef>
            <!--Optional:-->
            <siri:Language>en</siri:Language>
            <!--Optional:-->
            <siri:Extensions>
               <!--You may enter ANY elements at this point-->
            </siri:Extensions>
         </siri:GeneralMessageRequest>
         <!--1 or more repetitions:-->
         <siri:FacilityMonitoringRequest version="2.0">
            <siri:RequestTimestamp>?</siri:RequestTimestamp>
            <!--Optional:-->
            <siri:MessageIdentifier>?</siri:MessageIdentifier>
            <!--Optional:-->
            <siri:PreviewInterval>?</siri:PreviewInterval>
            <!--Optional:-->
            <siri:StartTime>?</siri:StartTime>
            <!--Zero or more repetitions:-->
            <siri:FacilityRef>?</siri:FacilityRef>
            <!--Optional:-->
            <siri:FeatureRef>?</siri:FeatureRef>
            <!--Optional:-->
            <siri:LineRef>?</siri:LineRef>
            <!--Optional:-->
            <siri:StopPointRef>?</siri:StopPointRef>
            <!--Optional:-->
            <siri:ConnectionLinkRef>?</siri:ConnectionLinkRef>
            <!--You have a CHOICE of the next 2 items at this level-->
            <siri:FramedVehicleJourneyRef>
               <siri:DataFrameRef>?</siri:DataFrameRef>
               <siri:DatedVehicleJourneyRef>?</siri:DatedVehicleJourneyRef>
            </siri:FramedVehicleJourneyRef>
            <siri:VehicleJourneyRef>?</siri:VehicleJourneyRef>
            <!--Optional:-->
            <siri:InterchangeRef>?</siri:InterchangeRef>
            <!--Optional:-->
            <siri:VehicleRef>?</siri:VehicleRef>
            <!--Optional:-->
            <siri:StopPlaceRef>?</siri:StopPlaceRef>
            <!--Optional:-->
            <siri:StopPlaceComponentRef>?</siri:StopPlaceComponentRef>
            <!--Zero or more repetitions:-->
            <siri:AccessibilityNeedsFilter>
               <!--1 or more repetitions:-->
               <siri:UserNeed>
                  <!--You have a CHOICE of the next 4 items at this level-->
                  <acsb:MobilityNeed>?</acsb:MobilityNeed>
                  <acsb:PsychosensoryNeed>?</acsb:PsychosensoryNeed>
                  <acsb:MedicalNeed>?</acsb:MedicalNeed>
                  <acsb:EncumbranceNeed>?</acsb:EncumbranceNeed>
                  <!--Optional:-->
                  <acsb:Excluded>?</acsb:Excluded>
                  <!--Optional:-->
                  <acsb:NeedRanking>?</acsb:NeedRanking>
                  <!--Optional:-->
                  <acsb:Extensions>?</acsb:Extensions>
               </siri:UserNeed>
            </siri:AccessibilityNeedsFilter>
            <!--Optional:-->
            <siri:Language>en</siri:Language>
            <!--Optional:-->
            <siri:IncludeTranslations>?</siri:IncludeTranslations>
            <!--Optional:-->
            <siri:MaximumNumberOfFacilityConditions>?</siri:MaximumNumberOfFacilityConditions>
            <!--Optional:-->
            <siri:Extensions>
               <!--You may enter ANY elements at this point-->
            </siri:Extensions>
         </siri:FacilityMonitoringRequest>
         <!--1 or more repetitions:-->
         <siri:SituationExchangeRequest version="2.0">
            <siri:RequestTimestamp>?</siri:RequestTimestamp>
            <!--Optional:-->
            <siri:MessageIdentifier>?</siri:MessageIdentifier>
            <!--Optional:-->
            <siri:PreviewInterval>?</siri:PreviewInterval>
            <!--Optional:-->
            <siri:StartTime>?</siri:StartTime>
            <!--Optional:-->
            <siri:VehicleMode>unknown</siri:VehicleMode>
            <!--You have a CHOICE of the next 7 items at this level-->
            <siri:AirSubmode>unknown</siri:AirSubmode>
            <siri:BusSubmode>unknown</siri:BusSubmode>
            <siri:CoachSubmode>unknown</siri:CoachSubmode>
            <siri:MetroSubmode>unknown</siri:MetroSubmode>
            <siri:RailSubmode>unknown</siri:RailSubmode>
            <siri:TramSubmode>unknown</siri:TramSubmode>
            <siri:WaterSubmode>unknown</siri:WaterSubmode>
            <!--Optional:-->
            <siri:AccessMode>?</siri:AccessMode>
            <!--Optional:-->
            <siri:Severity>?</siri:Severity>
            <!--Zero or more repetitions:-->
            <siri:Scope>?</siri:Scope>
            <!--Optional:-->
            <siri:Predictability>?</siri:Predictability>
            <!--Optional:-->
            <siri:Keywords>?</siri:Keywords>
            <!--Optional:-->
            <siri:Verification>?</siri:Verification>
            <!--Zero or more repetitions:-->
            <siri:Progress>open</siri:Progress>
            <!--Optional:-->
            <siri:Reality>?</siri:Reality>
            <!--Optional:-->
            <siri:OperatorRef>?</siri:OperatorRef>
            <!--Zero or more repetitions:-->
            <siri:OperationalUnitRef>?</siri:OperationalUnitRef>
            <!--Optional:-->
            <siri:NetworkRef>?</siri:NetworkRef>
            <!--Zero or more repetitions:-->
            <siri:LineRef>?</siri:LineRef>
            <!--Optional:-->
            <siri:StopPointRef>?</siri:StopPointRef>
            <!--Zero or more repetitions:-->
            <siri:ConnectionLinkRef>?</siri:ConnectionLinkRef>
            <!--Zero or more repetitions:-->
            <siri:FacilityRef>?</siri:FacilityRef>
            <!--Optional:-->
            <siri:StopPlaceRef>?</siri:StopPlaceRef>
            <!--You have a CHOICE of the next 2 items at this level-->
            <siri:FramedVehicleJourneyRef>
               <siri:DataFrameRef>?</siri:DataFrameRef>
               <siri:DatedVehicleJourneyRef>?</siri:DatedVehicleJourneyRef>
            </siri:FramedVehicleJourneyRef>
            <siri:VehicleJourneyRef>?</siri:VehicleJourneyRef>
            <!--Optional:-->
            <siri:InterchangeRef>?</siri:InterchangeRef>
            <!--Optional:-->
            <siri:VehicleRef>?</siri:VehicleRef>
            <!--Optional:-->
            <siri:CountryRef>?</siri:CountryRef>
            <!--Optional:-->
            <siri:PlaceRef>?</siri:PlaceRef>
            <!--0 to 2 repetitions:-->
            <siri:Location id="?" srsName="?">
               <!--You have a CHOICE of the next 2 items at this level-->
               <siri:Longitude>?</siri:Longitude>
               <siri:Latitude>?</siri:Latitude>
               <siri:Coordinates>?</siri:Coordinates>
               <!--Optional:-->
               <siri:Precision>?</siri:Precision>
            </siri:Location>
            <!--Optional:-->
            <siri:SituationRoadFilter>
               <!--1 or more repetitions:-->
               <siri:RoadFilter>
                  <!--Optional:-->
                  <siri:roadNumber>?</siri:roadNumber>
                  <!--Optional:-->
                  <siri:directionBound>?</siri:directionBound>
                  <!--Optional:-->
                  <siri:referencePointIdentifier>?</siri:referencePointIdentifier>
               </siri:RoadFilter>
            </siri:SituationRoadFilter>
            <!--Zero or more repetitions:-->
            <siri:AccessibilityNeedFilter>
               <!--Zero or more repetitions:-->
               <acsb:UserNeed>
                  <!--You have a CHOICE of the next 4 items at this level-->
                  <acsb:MobilityNeed>?</acsb:MobilityNeed>
                  <acsb:PsychosensoryNeed>?</acsb:PsychosensoryNeed>
                  <acsb:MedicalNeed>?</acsb:MedicalNeed>
                  <acsb:EncumbranceNeed>?</acsb:EncumbranceNeed>
                  <!--Optional:-->
                  <acsb:Excluded>?</acsb:Excluded>
                  <!--Optional:-->
                  <acsb:NeedRanking>?</acsb:NeedRanking>
                  <!--Optional:-->
                  <acsb:Extensions>?</acsb:Extensions>
               </acsb:UserNeed>
               <!--Optional:-->
               <acsb:AccompaniedByCarer>?</acsb:AccompaniedByCarer>
            </siri:AccessibilityNeedFilter>
            <!--Optional:-->
            <siri:Language>en</siri:Language>
            <!--Optional:-->
            <siri:IncludeTranslations>?</siri:IncludeTranslations>
            <!--Optional:-->
            <siri:MaximumNumberOfSituationElements>?</siri:MaximumNumberOfSituationElements>
            <!--Optional:-->
            <siri:Extensions>
               <!--You may enter ANY elements at this point-->
            </siri:Extensions>
         </siri:SituationExchangeRequest>
      </wsdl:GetSiriService>
   </soapenv:Body>
</soapenv:Envelope>]]></con:request><con:wsaConfig mustUnderstand="NONE" version="200508" action="GetSiriService"/></con:call></con:operation><con:operation isOneWay="false" action="GetSituationExchange" name="GetSituationExchange" bindingOperationName="GetSituationExchange" type="Request-Response" inputName="" receivesAttachments="false" sendsAttachments="false" anonymous="optional"><con:settings/><con:call name="Request 1"><con:settings/><con:encoding>UTF-8</con:encoding><con:endpoint>http://www.siri-service-location.com</con:endpoint><con:request><![CDATA[<soapenv:Envelope xmlns:soapenv="http://schemas.xmlsoap.org/soap/envelope/" xmlns:wsdl="http://wsdl.siri.org.uk" xmlns:siri="http://www.siri.org.uk/siri" xmlns:acsb="http://www.ifopt.org.uk/acsb">
   <soapenv:Header/>
   <soapenv:Body>
      <wsdl:GetSituationExchange>
         <ServiceRequestInfo>
            <!--Optional:-->
            <siri:ServiceRequestContext>
               <!--Optional:-->
               <siri:CheckStatusAddress>?</siri:CheckStatusAddress>
               <!--Optional:-->
               <siri:SubscribeAddress>?</siri:SubscribeAddress>
               <!--Optional:-->
               <siri:ManageSubscriptionAddress>?</siri:ManageSubscriptionAddress>
               <!--Optional:-->
               <siri:GetDataAddress>?</siri:GetDataAddress>
               <!--Optional:-->
               <siri:StatusResponseAddress>?</siri:StatusResponseAddress>
               <!--Optional:-->
               <siri:SubscriberAddress>?</siri:SubscriberAddress>
               <!--Optional:-->
               <siri:NotifyAddress>?</siri:NotifyAddress>
               <!--Optional:-->
               <siri:ConsumerAddress>?</siri:ConsumerAddress>
               <!--Optional:-->
               <siri:DataNameSpaces>
                  <!--Optional:-->
                  <siri:StopPointNameSpace>?</siri:StopPointNameSpace>
                  <!--Optional:-->
                  <siri:LineNameSpace>?</siri:LineNameSpace>
                  <!--Optional:-->
                  <siri:ProductCategoryNameSpace>?</siri:ProductCategoryNameSpace>
                  <!--Optional:-->
                  <siri:ServiceFeatureNameSpace>?</siri:ServiceFeatureNameSpace>
                  <!--Optional:-->
                  <siri:VehicleFeatureNameSpace>?</siri:VehicleFeatureNameSpace>
               </siri:DataNameSpaces>
               <!--Optional:-->
               <siri:Language>en</siri:Language>
               <!--You have a CHOICE of the next 2 items at this level-->
               <siri:WgsDecimalDegrees>?</siri:WgsDecimalDegrees>
               <siri:GmlCoordinateFormat>?</siri:GmlCoordinateFormat>
               <!--Optional:-->
               <siri:DistanceUnits>?</siri:DistanceUnits>
               <!--Optional:-->
               <siri:VelocityUnits>?</siri:VelocityUnits>
               <!--Optional:-->
               <siri:DataHorizon>?</siri:DataHorizon>
               <!--Optional:-->
               <siri:RequestTimeout>?</siri:RequestTimeout>
               <!--Optional:-->
               <siri:DeliveryMethod>direct</siri:DeliveryMethod>
               <!--Optional:-->
               <siri:MultipartDespatch>?</siri:MultipartDespatch>
               <!--Optional:-->
               <siri:ConfirmDelivery>false</siri:ConfirmDelivery>
               <!--Optional:-->
               <siri:MaximimumNumberOfSubscriptions>?</siri:MaximimumNumberOfSubscriptions>
               <!--Optional:-->
               <siri:AllowedPredictors>anyone</siri:AllowedPredictors>
               <!--Optional:-->
               <siri:PredictionFunction>?</siri:PredictionFunction>
            </siri:ServiceRequestContext>
            <siri:RequestTimestamp>?</siri:RequestTimestamp>
            <!--Optional:-->
            <siri:AccountId>?</siri:AccountId>
            <!--Optional:-->
            <siri:AccountKey>?</siri:AccountKey>
            <!--Optional:-->
            <siri:Address>?</siri:Address>
            <siri:RequestorRef>?</siri:RequestorRef>
            <!--Optional:-->
            <siri:MessageIdentifier>?</siri:MessageIdentifier>
            <!--Optional:-->
            <siri:DelegatorAddress>?</siri:DelegatorAddress>
            <!--Optional:-->
            <siri:DelegatorRef>?</siri:DelegatorRef>
         </ServiceRequestInfo>
         <Request version="2.0">
            <siri:RequestTimestamp>?</siri:RequestTimestamp>
            <!--Optional:-->
            <siri:MessageIdentifier>?</siri:MessageIdentifier>
            <!--Optional:-->
            <siri:PreviewInterval>?</siri:PreviewInterval>
            <!--Optional:-->
            <siri:StartTime>?</siri:StartTime>
            <!--Optional:-->
            <siri:VehicleMode>unknown</siri:VehicleMode>
            <!--You have a CHOICE of the next 7 items at this level-->
            <siri:AirSubmode>unknown</siri:AirSubmode>
            <siri:BusSubmode>unknown</siri:BusSubmode>
            <siri:CoachSubmode>unknown</siri:CoachSubmode>
            <siri:MetroSubmode>unknown</siri:MetroSubmode>
            <siri:RailSubmode>unknown</siri:RailSubmode>
            <siri:TramSubmode>unknown</siri:TramSubmode>
            <siri:WaterSubmode>unknown</siri:WaterSubmode>
            <!--Optional:-->
            <siri:AccessMode>?</siri:AccessMode>
            <!--Optional:-->
            <siri:Severity>?</siri:Severity>
            <!--Zero or more repetitions:-->
            <siri:Scope>?</siri:Scope>
            <!--Optional:-->
            <siri:Predictability>?</siri:Predictability>
            <!--Optional:-->
            <siri:Keywords>?</siri:Keywords>
            <!--Optional:-->
            <siri:Verification>?</siri:Verification>
            <!--Zero or more repetitions:-->
            <siri:Progress>open</siri:Progress>
            <!--Optional:-->
            <siri:Reality>?</siri:Reality>
            <!--Optional:-->
            <siri:OperatorRef>?</siri:OperatorRef>
            <!--Zero or more repetitions:-->
            <siri:OperationalUnitRef>?</siri:OperationalUnitRef>
            <!--Optional:-->
            <siri:NetworkRef>?</siri:NetworkRef>
            <!--Zero or more repetitions:-->
            <siri:LineRef>?</siri:LineRef>
            <!--Optional:-->
            <siri:StopPointRef>?</siri:StopPointRef>
            <!--Zero or more repetitions:-->
            <siri:ConnectionLinkRef>?</siri:ConnectionLinkRef>
            <!--Zero or more repetitions:-->
            <siri:FacilityRef>?</siri:FacilityRef>
            <!--Optional:-->
            <siri:StopPlaceRef>?</siri:StopPlaceRef>
            <!--You have a CHOICE of the next 2 items at this level-->
            <siri:FramedVehicleJourneyRef>
               <siri:DataFrameRef>?</siri:DataFrameRef>
               <siri:DatedVehicleJourneyRef>?</siri:DatedVehicleJourneyRef>
            </siri:FramedVehicleJourneyRef>
            <siri:VehicleJourneyRef>?</siri:VehicleJourneyRef>
            <!--Optional:-->
            <siri:InterchangeRef>?</siri:InterchangeRef>
            <!--Optional:-->
            <siri:VehicleRef>?</siri:VehicleRef>
            <!--Optional:-->
            <siri:CountryRef>?</siri:CountryRef>
            <!--Optional:-->
            <siri:PlaceRef>?</siri:PlaceRef>
            <!--0 to 2 repetitions:-->
            <siri:Location id="?" srsName="?">
               <!--You have a CHOICE of the next 2 items at this level-->
               <siri:Longitude>?</siri:Longitude>
               <siri:Latitude>?</siri:Latitude>
               <siri:Coordinates>?</siri:Coordinates>
               <!--Optional:-->
               <siri:Precision>?</siri:Precision>
            </siri:Location>
            <!--Optional:-->
            <siri:SituationRoadFilter>
               <!--1 or more repetitions:-->
               <siri:RoadFilter>
                  <!--Optional:-->
                  <siri:roadNumber>?</siri:roadNumber>
                  <!--Optional:-->
                  <siri:directionBound>?</siri:directionBound>
                  <!--Optional:-->
                  <siri:referencePointIdentifier>?</siri:referencePointIdentifier>
               </siri:RoadFilter>
            </siri:SituationRoadFilter>
            <!--Zero or more repetitions:-->
            <siri:AccessibilityNeedFilter>
               <!--Zero or more repetitions:-->
               <acsb:UserNeed>
                  <!--You have a CHOICE of the next 4 items at this level-->
                  <acsb:MobilityNeed>?</acsb:MobilityNeed>
                  <acsb:PsychosensoryNeed>?</acsb:PsychosensoryNeed>
                  <acsb:MedicalNeed>?</acsb:MedicalNeed>
                  <acsb:EncumbranceNeed>?</acsb:EncumbranceNeed>
                  <!--Optional:-->
                  <acsb:Excluded>?</acsb:Excluded>
                  <!--Optional:-->
                  <acsb:NeedRanking>?</acsb:NeedRanking>
                  <!--Optional:-->
                  <acsb:Extensions>?</acsb:Extensions>
               </acsb:UserNeed>
               <!--Optional:-->
               <acsb:AccompaniedByCarer>?</acsb:AccompaniedByCarer>
            </siri:AccessibilityNeedFilter>
            <!--Optional:-->
            <siri:Language>en</siri:Language>
            <!--Optional:-->
            <siri:IncludeTranslations>?</siri:IncludeTranslations>
            <!--Optional:-->
            <siri:MaximumNumberOfSituationElements>?</siri:MaximumNumberOfSituationElements>
            <!--Optional:-->
            <siri:Extensions>
               <!--You may enter ANY elements at this point-->
            </siri:Extensions>
         </Request>
         <RequestExtension>
            <!--You may enter ANY elements at this point-->
         </RequestExtension>
      </wsdl:GetSituationExchange>
   </soapenv:Body>
</soapenv:Envelope>]]></con:request><con:wsaConfig mustUnderstand="NONE" version="200508" action="GetSituationExchange"/></con:call></con:operation><con:operation isOneWay="false" action="GetStopMonitoring" name="GetStopMonitoring" bindingOperationName="GetStopMonitoring" type="Request-Response" inputName="" receivesAttachments="false" sendsAttachments="false" anonymous="optional"><con:settings/><con:call name="Request_TEST-19"><con:settings><con:setting id="com.eviware.soapui.impl.wsdl.WsdlRequest@request-headers">&lt;xml-fragment/></con:setting></con:settings><con:encoding>UTF-8</con:encoding><con:endpoint>http://10.222.37.16:9101/emission/SiriRelais/SiriProducerDocPort</con:endpoint><con:request><![CDATA[<!-- TEST-19 Reception d'une requête SM valide sur une ZDE sans filtre -->
<!-- ZDE : STIF:StopPoint:Q:108940 -->

<soapenv:Envelope xmlns:soapenv="http://schemas.xmlsoap.org/soap/envelope/" xmlns:wsdl="http://wsdl.siri.org.uk" xmlns:siri="http://www.siri.org.uk/siri">
   <soapenv:Header/>
   <soapenv:Body>
      <wsdl:GetStopMonitoring>
         <ServiceRequestInfo>
           <siri:RequestTimestamp>${=javax.xml.datatype.DatatypeFactory.newInstance().newXMLGregorianCalendar(GregorianCalendar.getInstance())}</siri:RequestTimestamp>
            <siri:RequestorRef>SNCF-ACCES</siri:RequestorRef>
            <siri:MessageIdentifier>SNCF-ACCES:Message::1:LOC</siri:MessageIdentifier>
         </ServiceRequestInfo>
         <Request version="2.0[FR-IDF-2.4]">
            <siri:RequestTimestamp>${=javax.xml.datatype.DatatypeFactory.newInstance().newXMLGregorianCalendar(GregorianCalendar.getInstance())}</siri:RequestTimestamp>
            <siri:MessageIdentifier>SNCF-ACCES:Message::1:LOC</siri:MessageIdentifier>
            <siri:MonitoringRef>STIF:StopPoint:Q:108940:</siri:MonitoringRef>
         </Request>
         <RequestExtension>
         </RequestExtension>
      </wsdl:GetStopMonitoring>
   </soapenv:Body>
</soapenv:Envelope>]]></con:request><con:credentials><con:authType>Global HTTP Settings</con:authType></con:credentials><con:jmsConfig JMSDeliveryMode="PERSISTENT"/><con:jmsPropertyConfig/><con:wsaConfig mustUnderstand="NONE" version="200508" action="GetStopMonitoring"/><con:wsrmConfig version="1.2"/></con:call><con:call name="Request_TEST-100"><con:settings><con:setting id="com.eviware.soapui.impl.wsdl.WsdlRequest@request-headers">&lt;xml-fragment/></con:setting></con:settings><con:encoding>UTF-8</con:encoding><con:endpoint>http://10.222.37.16:9101/emission/SiriRelais/SiriProducerDocPort</con:endpoint><con:request><![CDATA[<!-- TEST-100 Reception d'une requête SM valide sur une ZDE sans filtre -->
<!-- ZDE : STIF:StopPoint:Q:108940 -->
<soapenv:Envelope xmlns:soapenv="http://schemas.xmlsoap.org/soap/envelope/" xmlns:wsdl="http://wsdl.siri.org.uk" xmlns:siri="http://www.siri.org.uk/siri">
   <soapenv:Header/>
   <soapenv:Body>
      <wsdl:GetStopMonitoring>
         <ServiceRequestInfo>
            <siri:RequestTimestamp>${=javax.xml.datatype.DatatypeFactory.newInstance().newXMLGregorianCalendar(GregorianCalendar.getInstance())}</siri:RequestTimestamp>
            <siri:RequestorRef>SNCF-ACCES</siri:RequestorRef>
            <siri:MessageIdentifier>SNCF-ACCES:Message::1:LOC</siri:MessageIdentifier>
         </ServiceRequestInfo>
         <Request version="2.0[FR-IDF-2.4]">
            <siri:RequestTimestamp>${=javax.xml.datatype.DatatypeFactory.newInstance().newXMLGregorianCalendar(GregorianCalendar.getInstance())}</siri:RequestTimestamp>
            <siri:MessageIdentifier>SNCF-ACCES:Message::1:LOC</siri:MessageIdentifier>
            <siri:MonitoringRef>STIF:StopArea:SP:16827:</siri:MonitoringRef>
         </Request>
         <RequestExtension>
         </RequestExtension>
      </wsdl:GetStopMonitoring>
   </soapenv:Body>
</soapenv:Envelope>]]></con:request><con:credentials><con:authType>Global HTTP Settings</con:authType></con:credentials><con:jmsConfig JMSDeliveryMode="PERSISTENT"/><con:jmsPropertyConfig/><con:wsaConfig mustUnderstand="NONE" version="200508" action="GetStopMonitoring"/><con:wsrmConfig version="1.2"/></con:call><con:call name="Request_TEST-21"><con:settings><con:setting id="com.eviware.soapui.impl.wsdl.WsdlRequest@request-headers">&lt;xml-fragment/></con:setting></con:settings><con:encoding>UTF-8</con:encoding><con:endpoint>http://10.222.37.16:9101/emission/SiriRelais/SiriProducerDocPort</con:endpoint><con:request><![CDATA[<!-- STIF-IVTR_TEST-21:Réception d'une requête 2.4 valide avec une ligne inconnue de CODIFLIGNE -->
<soapenv:Envelope xmlns:soapenv="http://schemas.xmlsoap.org/soap/envelope/" xmlns:wsdl="http://wsdl.siri.org.uk" xmlns:siri="http://www.siri.org.uk/siri">
   <soapenv:Header/>
   <soapenv:Body>
      <wsdl:GetStopMonitoring>
         <ServiceRequestInfo>
            <siri:RequestTimestamp>${=javax.xml.datatype.DatatypeFactory.newInstance().newXMLGregorianCalendar(GregorianCalendar.getInstance())}</siri:RequestTimestamp>
            <siri:RequestorRef>SNCF-ACCES</siri:RequestorRef>
            <siri:MessageIdentifier>SNCF-ACCES:Message::1:LOC</siri:MessageIdentifier>
         </ServiceRequestInfo>
         <Request version="2.0[FR-IDF-2.4]">
            <siri:RequestTimestamp>${=javax.xml.datatype.DatatypeFactory.newInstance().newXMLGregorianCalendar(GregorianCalendar.getInstance())}</siri:RequestTimestamp>
            <siri:MessageIdentifier>SNCF-ACCES:Message::1:LOC</siri:MessageIdentifier>
            <siri:MonitoringRef>STIF:StopPoint:Q:108940:</siri:MonitoringRef>
		  <siri:LineRef>STIF:Line:666:</siri:LineRef>
         </Request>
         <RequestExtension>
         </RequestExtension>
      </wsdl:GetStopMonitoring>
   </soapenv:Body>
</soapenv:Envelope>]]></con:request><con:credentials><con:authType>Global HTTP Settings</con:authType></con:credentials><con:jmsConfig JMSDeliveryMode="PERSISTENT"/><con:jmsPropertyConfig/><con:wsaConfig mustUnderstand="NONE" version="200508" action="GetStopMonitoring"/><con:wsrmConfig version="1.2"/></con:call><con:call name="Request_TEST-22"><con:settings><con:setting id="com.eviware.soapui.impl.wsdl.WsdlRequest@request-headers">&lt;xml-fragment/></con:setting></con:settings><con:encoding>UTF-8</con:encoding><con:endpoint>http://10.222.37.16:9101/emission/SiriRelais/SiriProducerDocPort</con:endpoint><con:request><![CDATA[<!-- STIF-IVTR_TEST-22:Réception d'une requête 2.4 valide avec une arrêt inconnu -->
<soapenv:Envelope xmlns:soapenv="http://schemas.xmlsoap.org/soap/envelope/" xmlns:wsdl="http://wsdl.siri.org.uk" xmlns:siri="http://www.siri.org.uk/siri">
   <soapenv:Header/>
   <soapenv:Body>
      <wsdl:GetStopMonitoring>
         <ServiceRequestInfo>
            <siri:RequestTimestamp>${=javax.xml.datatype.DatatypeFactory.newInstance().newXMLGregorianCalendar(GregorianCalendar.getInstance())}</siri:RequestTimestamp>
            <siri:RequestorRef>SNCF-ACCES</siri:RequestorRef>
            <siri:MessageIdentifier>SNCF-ACCES:Message::1:LOC</siri:MessageIdentifier>
         </ServiceRequestInfo>
         <Request version="2.0[FR-IDF-2.4]">
            <siri:RequestTimestamp>${=javax.xml.datatype.DatatypeFactory.newInstance().newXMLGregorianCalendar(GregorianCalendar.getInstance())}</siri:RequestTimestamp>
            <siri:MessageIdentifier>SNCF-ACCES:Message::1:LOC</siri:MessageIdentifier>
            <siri:MonitoringRef>STIF:StopPoint:Q:1</siri:MonitoringRef>
         </Request>
         <RequestExtension>
         </RequestExtension>
      </wsdl:GetStopMonitoring>
   </soapenv:Body>
</soapenv:Envelope>]]></con:request><con:credentials><con:authType>Global HTTP Settings</con:authType></con:credentials><con:jmsConfig JMSDeliveryMode="PERSISTENT"/><con:jmsPropertyConfig/><con:wsaConfig mustUnderstand="NONE" version="200508" action="GetStopMonitoring"/><con:wsrmConfig version="1.2"/></con:call><con:call name="Request_TEST-23"><con:settings><con:setting id="com.eviware.soapui.impl.wsdl.WsdlRequest@request-headers">&lt;xml-fragment/></con:setting></con:settings><con:encoding>UTF-8</con:encoding><con:endpoint>http://10.222.37.16:9101/emission/SiriRelais/SiriProducerDocPort</con:endpoint><con:request><![CDATA[<!-- STIF-IVTR_TEST-23:Réception d'une requête 2.4 sans MonitoringRef -->
<soapenv:Envelope xmlns:soapenv="http://schemas.xmlsoap.org/soap/envelope/" xmlns:wsdl="http://wsdl.siri.org.uk" xmlns:siri="http://www.siri.org.uk/siri">
   <soapenv:Header/>
   <soapenv:Body>
      <wsdl:GetStopMonitoring>
         <ServiceRequestInfo>
            <siri:RequestTimestamp>${=javax.xml.datatype.DatatypeFactory.newInstance().newXMLGregorianCalendar(GregorianCalendar.getInstance())}</siri:RequestTimestamp>
            <siri:RequestorRef>SNCF-ACCES</siri:RequestorRef>
            <siri:MessageIdentifier>SNCF-ACCES:Message::1:LOC</siri:MessageIdentifier>
         </ServiceRequestInfo>
         <Request version="2.0[FR-IDF-2.4]">
            <siri:RequestTimestamp>${=javax.xml.datatype.DatatypeFactory.newInstance().newXMLGregorianCalendar(GregorianCalendar.getInstance())}</siri:RequestTimestamp>
            <siri:MessageIdentifier>SNCF-ACCES:Message::1:LOC</siri:MessageIdentifier>
         </Request>
         <RequestExtension>
         </RequestExtension>
      </wsdl:GetStopMonitoring>
   </soapenv:Body>
</soapenv:Envelope>]]></con:request><con:credentials><con:authType>Global HTTP Settings</con:authType></con:credentials><con:jmsConfig JMSDeliveryMode="PERSISTENT"/><con:jmsPropertyConfig/><con:wsaConfig mustUnderstand="NONE" version="200508" action="GetStopMonitoring"/><con:wsrmConfig version="1.2"/></con:call><con:call name="Request_TEST-24"><con:settings><con:setting id="com.eviware.soapui.impl.wsdl.WsdlRequest@request-headers">&lt;xml-fragment/></con:setting></con:settings><con:encoding>UTF-8</con:encoding><con:endpoint>http://10.222.37.16:9101/emission/SiriRelais/SiriProducerDocPort</con:endpoint><con:request><![CDATA[<!--  STIF-IVTR_TEST-24:Réception d'une requête SM valide sans résultat -->
<soapenv:Envelope xmlns:soapenv="http://schemas.xmlsoap.org/soap/envelope/" xmlns:wsdl="http://wsdl.siri.org.uk" xmlns:siri="http://www.siri.org.uk/siri">
   <soapenv:Header/>
   <soapenv:Body>
      <wsdl:GetStopMonitoring>
         <ServiceRequestInfo>
            <siri:RequestTimestamp>${=javax.xml.datatype.DatatypeFactory.newInstance().newXMLGregorianCalendar(GregorianCalendar.getInstance())}</siri:RequestTimestamp>
            <siri:RequestorRef>SNCF-ACCES</siri:RequestorRef>
            <siri:MessageIdentifier>SNCF-ACCES:Message::1:LOC</siri:MessageIdentifier>
         </ServiceRequestInfo>
         <Request version="2.0[FR-IDF-2.4]">
            <siri:RequestTimestamp>${=javax.xml.datatype.DatatypeFactory.newInstance().newXMLGregorianCalendar(GregorianCalendar.getInstance())}</siri:RequestTimestamp>
            <siri:MessageIdentifier>SNCF-ACCES:Message::1:LOC</siri:MessageIdentifier>
            <siri:MonitoringRef>STIF:StopPoint:Q:108940:</siri:MonitoringRef>
         </Request>
         <RequestExtension>
         </RequestExtension>
      </wsdl:GetStopMonitoring>
   </soapenv:Body>
</soapenv:Envelope>]]></con:request><con:credentials><con:authType>Global HTTP Settings</con:authType></con:credentials><con:jmsConfig JMSDeliveryMode="PERSISTENT"/><con:jmsPropertyConfig/><con:wsaConfig mustUnderstand="NONE" version="200508" action="GetStopMonitoring"/><con:wsrmConfig version="1.2"/></con:call><con:call name="Request_TEST-33"><con:settings><con:setting id="com.eviware.soapui.impl.wsdl.WsdlRequest@request-headers">&lt;xml-fragment/></con:setting></con:settings><con:encoding>UTF-8</con:encoding><con:endpoint>http://10.222.37.16:9101/emission/SiriRelais/SiriProducerDocPort</con:endpoint><con:request><![CDATA[<!-- STIF-IVTR_TEST-33:Réception d'une requête en version non 2.4 -->
<soapenv:Envelope xmlns:soapenv="http://schemas.xmlsoap.org/soap/envelope/" xmlns:wsdl="http://wsdl.siri.org.uk" xmlns:siri="http://www.siri.org.uk/siri">
   <soapenv:Header/>
   <soapenv:Body>
      <wsdl:GetStopMonitoring>
         <ServiceRequestInfo>
            <siri:RequestTimestamp>${=javax.xml.datatype.DatatypeFactory.newInstance().newXMLGregorianCalendar(GregorianCalendar.getInstance())}</siri:RequestTimestamp>
            <siri:RequestorRef>SNCF-ACCES</siri:RequestorRef>
            <siri:MessageIdentifier>SNCF-ACCES:Message::1:LOC</siri:MessageIdentifier>
         </ServiceRequestInfo>
         <Request version="1.0">
            <siri:RequestTimestamp>${=javax.xml.datatype.DatatypeFactory.newInstance().newXMLGregorianCalendar(GregorianCalendar.getInstance())}</siri:RequestTimestamp>
            <siri:MessageIdentifier>SNCF-ACCES:Message::1:LOC</siri:MessageIdentifier>
            <siri:MonitoringRef>STIF:StopPoint:Q:108949:</siri:MonitoringRef>
         </Request>
         <RequestExtension>
         </RequestExtension>
      </wsdl:GetStopMonitoring>
   </soapenv:Body>
</soapenv:Envelope>]]></con:request><con:credentials><con:authType>Global HTTP Settings</con:authType></con:credentials><con:jmsConfig JMSDeliveryMode="PERSISTENT"/><con:jmsPropertyConfig/><con:wsaConfig mustUnderstand="NONE" version="200508" action="GetStopMonitoring"/><con:wsrmConfig version="1.2"/></con:call><con:call name="Request_TEST-64"><con:settings><con:setting id="com.eviware.soapui.impl.wsdl.WsdlRequest@request-headers">&lt;xml-fragment/></con:setting></con:settings><con:encoding>UTF-8</con:encoding><con:endpoint>http://10.222.37.16:9101/emission/SiriRelais/SiriProducerDocPort</con:endpoint><con:request><![CDATA[<!-- TEST-64 Reception d'une requête SM valide sur une ZDL sans filtre -->
<!-- ZDL : STIF:StopArea:SP:13301 -->
<soapenv:Envelope xmlns:soapenv="http://schemas.xmlsoap.org/soap/envelope/" xmlns:wsdl="http://wsdl.siri.org.uk" xmlns:siri="http://www.siri.org.uk/siri">
   <soapenv:Header/>
   <soapenv:Body>
      <wsdl:GetStopMonitoring>
         <ServiceRequestInfo>
            <siri:RequestTimestamp>${=javax.xml.datatype.DatatypeFactory.newInstance().newXMLGregorianCalendar(GregorianCalendar.getInstance())}</siri:RequestTimestamp>
            <siri:RequestorRef>SNCF-ACCES</siri:RequestorRef>
            <siri:MessageIdentifier>SNCF-ACCES:Message::1:LOC</siri:MessageIdentifier>
         </ServiceRequestInfo>
         <Request version="2.0[FR-IDF-2.4]">
            <siri:RequestTimestamp>${=javax.xml.datatype.DatatypeFactory.newInstance().newXMLGregorianCalendar(GregorianCalendar.getInstance())}</siri:RequestTimestamp>
            <siri:MessageIdentifier>SNCF-ACCES:Message::1:LOC</siri:MessageIdentifier>
            <siri:MonitoringRef>STIF:StopArea:SP:13301:</siri:MonitoringRef>
         </Request>
         <RequestExtension>
         </RequestExtension>
      </wsdl:GetStopMonitoring>
   </soapenv:Body>
</soapenv:Envelope>]]></con:request><con:credentials><con:authType>Global HTTP Settings</con:authType></con:credentials><con:jmsConfig JMSDeliveryMode="PERSISTENT"/><con:jmsPropertyConfig/><con:wsaConfig mustUnderstand="NONE" version="200508" action="GetStopMonitoring"/><con:wsrmConfig version="1.2"/></con:call><con:call name="Request_TEST-65"><con:settings><con:setting id="com.eviware.soapui.impl.wsdl.WsdlRequest@request-headers">&lt;xml-fragment/></con:setting></con:settings><con:encoding>UTF-8</con:encoding><con:endpoint>http://10.222.37.16:9101/emission/SirirRelais/SiriProducerDocPort</con:endpoint><con:request><![CDATA[<!-- TEST-65 Reception d'une requête SM valide sur une LDA sans filtre -->
<!-- ZDL : STIF:StopArea:SP:25328 -->
<soapenv:Envelope xmlns:soapenv="http://schemas.xmlsoap.org/soap/envelope/" xmlns:wsdl="http://wsdl.siri.org.uk" xmlns:siri="http://www.siri.org.uk/siri">
   <soapenv:Header/>
   <soapenv:Body>
      <wsdl:GetStopMonitoring>
         <ServiceRequestInfo>
            <siri:RequestTimestamp>${=javax.xml.datatype.DatatypeFactory.newInstance().newXMLGregorianCalendar(GregorianCalendar.getInstance())}</siri:RequestTimestamp>
            <siri:RequestorRef>SNCF-ACCES</siri:RequestorRef>
            <siri:MessageIdentifier>SNCF-ACCES:Message::1:LOC</siri:MessageIdentifier>
         </ServiceRequestInfo>
         <Request version="2.0[FR-IDF-2.4]">
            <siri:RequestTimestamp>${=javax.xml.datatype.DatatypeFactory.newInstance().newXMLGregorianCalendar(GregorianCalendar.getInstance())}</siri:RequestTimestamp>
            <siri:MessageIdentifier>SNCF-ACCES:Message::1:LOC</siri:MessageIdentifier>
            <siri:MonitoringRef>STIF:StopArea:SP:25328:</siri:MonitoringRef>
         </Request>
         <RequestExtension>
         </RequestExtension>
      </wsdl:GetStopMonitoring>
   </soapenv:Body>
</soapenv:Envelope>]]></con:request><con:credentials><con:authType>Global HTTP Settings</con:authType></con:credentials><con:jmsConfig JMSDeliveryMode="PERSISTENT"/><con:jmsPropertyConfig/><con:wsaConfig mustUnderstand="NONE" version="200508" action="GetStopMonitoring"/><con:wsrmConfig version="1.2"/></con:call><con:call name="Request_TEST-66"><con:settings><con:setting id="com.eviware.soapui.impl.wsdl.WsdlRequest@request-headers">&lt;xml-fragment/></con:setting></con:settings><con:encoding>UTF-8</con:encoding><con:endpoint>http://10.222.37.16:9101/emission/SiriRelais/SiriProducerDocPort</con:endpoint><con:request><![CDATA[<!-- TEST-66 Reception d'une requête SM valide sur une ZDE avec filtre LineRef-->
<!-- ZDE : STIF:StopPoint:Q:108940 avec LineRef=STIF:Line::004004009:-->
<soapenv:Envelope xmlns:soapenv="http://schemas.xmlsoap.org/soap/envelope/" xmlns:wsdl="http://wsdl.siri.org.uk" xmlns:siri="http://www.siri.org.uk/siri">
   <soapenv:Header/>
   <soapenv:Body>
      <wsdl:GetStopMonitoring>
         <ServiceRequestInfo>
            <siri:RequestTimestamp>${=javax.xml.datatype.DatatypeFactory.newInstance().newXMLGregorianCalendar(GregorianCalendar.getInstance())}</siri:RequestTimestamp>
            <siri:RequestorRef>SNCF-ACCES</siri:RequestorRef>
            <siri:MessageIdentifier>SNCF-ACCES:Message::1:LOC</siri:MessageIdentifier>
         </ServiceRequestInfo>
         <Request version="2.0[FR-IDF-2.4]">
            <siri:RequestTimestamp>${=javax.xml.datatype.DatatypeFactory.newInstance().newXMLGregorianCalendar(GregorianCalendar.getInstance())}</siri:RequestTimestamp>
            <siri:MessageIdentifier>SNCF-ACCES:Message::1:LOC</siri:MessageIdentifier>
            <siri:MonitoringRef>STIF:StopPoint:Q:108940:</siri:MonitoringRef>
            <siri:LineRef>STIF:Line::004004009:</siri:LineRef>
         </Request>
         <RequestExtension>
         </RequestExtension>
      </wsdl:GetStopMonitoring>
   </soapenv:Body>
</soapenv:Envelope>]]></con:request><con:credentials><con:authType>Global HTTP Settings</con:authType></con:credentials><con:jmsConfig JMSDeliveryMode="PERSISTENT"/><con:jmsPropertyConfig/><con:wsaConfig mustUnderstand="NONE" version="200508" action="GetStopMonitoring"/><con:wsrmConfig version="1.2"/></con:call><con:call name="Request_TEST-67"><con:settings><con:setting id="com.eviware.soapui.impl.wsdl.WsdlRequest@request-headers">&lt;xml-fragment/></con:setting></con:settings><con:encoding>UTF-8</con:encoding><con:endpoint>http://10.222.37.16:9101/emission/SiriProducerRpcPort</con:endpoint><con:request><![CDATA[<!-- TEST-67 Reception d'une requête SM valide sur une ZDE avec filtre DestinationRef-->
<!-- ZDE : STIF:StopPoint:Q:108940: avec DestinationRef=StopPoint:Q:109311:-->
<soapenv:Envelope xmlns:soapenv="http://schemas.xmlsoap.org/soap/envelope/" xmlns:wsdl="http://wsdl.siri.org.uk" xmlns:siri="http://www.siri.org.uk/siri">
   <soapenv:Header/>
   <soapenv:Body>
      <wsdl:GetStopMonitoring>
         <ServiceRequestInfo>
            <siri:RequestTimestamp>${=javax.xml.datatype.DatatypeFactory.newInstance().newXMLGregorianCalendar(GregorianCalendar.getInstance())}</siri:RequestTimestamp>
            <siri:RequestorRef>SNCF-ACCES</siri:RequestorRef>
            <siri:MessageIdentifier>SNCF-ACCES:Message::1:LOC</siri:MessageIdentifier>
         </ServiceRequestInfo>
         <Request version="2.0[FR-IDF-2.4]">
            <siri:RequestTimestamp>${=javax.xml.datatype.DatatypeFactory.newInstance().newXMLGregorianCalendar(GregorianCalendar.getInstance())}</siri:RequestTimestamp>
            <siri:MessageIdentifier>SNCF-ACCES:Message::1:LOC</siri:MessageIdentifier>
            <siri:MonitoringRef>STIF:StopPoint:Q:108940:</siri:MonitoringRef>
            <siri:DestinationRef>STIF:StopPoint:Q:109311:</siri:DestinationRef>
         </Request>
         <RequestExtension>
         </RequestExtension>
      </wsdl:GetStopMonitoring>
   </soapenv:Body>
</soapenv:Envelope>]]></con:request><con:credentials><con:authType>Global HTTP Settings</con:authType></con:credentials><con:jmsConfig JMSDeliveryMode="PERSISTENT"/><con:jmsPropertyConfig/><con:wsaConfig mustUnderstand="NONE" version="200508" action="GetStopMonitoring"/><con:wsrmConfig version="1.2"/></con:call><con:call name="Request_TEST-68"><con:settings><con:setting id="com.eviware.soapui.impl.wsdl.WsdlRequest@request-headers">&lt;xml-fragment/></con:setting></con:settings><con:encoding>UTF-8</con:encoding><con:endpoint>http://10.222.37.16:9101/emission/SiriRelais/SiriProducerRpcPort</con:endpoint><con:request><![CDATA[<!-- TEST-68 Reception d'une requête SM valide sur une ZDE avec filtre OperatorRef-->
<!-- ZDE : STIF:StopPoint:Q:108940: avec OperatorRef=KEOLIS_SIVIK:Operator::PHEBUS:LOC -->
<soapenv:Envelope xmlns:soapenv="http://schemas.xmlsoap.org/soap/envelope/" xmlns:wsdl="http://wsdl.siri.org.uk" xmlns:siri="http://www.siri.org.uk/siri">
   <soapenv:Header/>
   <soapenv:Body>
      <wsdl:GetStopMonitoring>
         <ServiceRequestInfo>
            <siri:RequestTimestamp>${=javax.xml.datatype.DatatypeFactory.newInstance().newXMLGregorianCalendar(GregorianCalendar.getInstance())}</siri:RequestTimestamp>
            <siri:RequestorRef>SNCF-ACCES</siri:RequestorRef>
            <siri:MessageIdentifier>SNCF-ACCES:Message::1:LOC</siri:MessageIdentifier>
         </ServiceRequestInfo>
         <Request version="2.0[FR-IDF-2.4]">
            <siri:RequestTimestamp>${=javax.xml.datatype.DatatypeFactory.newInstance().newXMLGregorianCalendar(GregorianCalendar.getInstance())}</siri:RequestTimestamp>
            <siri:MessageIdentifier>SNCF-ACCES:Message::1:LOC</siri:MessageIdentifier>
            <siri:MonitoringRef>STIF:StopPoint:Q:108940:</siri:MonitoringRef>
            <siri:OperatorRef>KEOLIS_SIVIK:Operator::PHEBUS:</siri:OperatorRef>
         </Request>
         <RequestExtension>
         </RequestExtension>
      </wsdl:GetStopMonitoring>
   </soapenv:Body>
</soapenv:Envelope>]]></con:request><con:credentials><con:authType>Global HTTP Settings</con:authType></con:credentials><con:jmsConfig JMSDeliveryMode="PERSISTENT"/><con:jmsPropertyConfig/><con:wsaConfig mustUnderstand="NONE" version="200508" action="GetStopMonitoring"/><con:wsrmConfig version="1.2"/></con:call><con:call name="Request_TEST-69"><con:settings><con:setting id="com.eviware.soapui.impl.wsdl.WsdlRequest@request-headers">&lt;xml-fragment/></con:setting></con:settings><con:encoding>UTF-8</con:encoding><con:endpoint>http://10.222.37.16:9101/emission/SiriRelais/SiriProducerDocPort</con:endpoint><con:request><![CDATA[<!-- TEST-69 Reception d'une requête SM valide sur une ZDE avec filtre MaximumStopVisit-->
<!-- ZDE : STIF:StopPoint:Q:108940: avec MaximumStopVisit=1 -->
<soapenv:Envelope xmlns:soapenv="http://schemas.xmlsoap.org/soap/envelope/" xmlns:wsdl="http://wsdl.siri.org.uk" xmlns:siri="http://www.siri.org.uk/siri">
   <soapenv:Header/>
   <soapenv:Body>
      <wsdl:GetStopMonitoring>
         <ServiceRequestInfo>
            <siri:RequestTimestamp>${=javax.xml.datatype.DatatypeFactory.newInstance().newXMLGregorianCalendar(GregorianCalendar.getInstance())}</siri:RequestTimestamp>
            <siri:RequestorRef>SNCF-ACCES</siri:RequestorRef>
            <siri:MessageIdentifier>SNCF-ACCES:Message::1:LOC</siri:MessageIdentifier>
         </ServiceRequestInfo>
         <Request version="2.0[FR-IDF-2.4]">
            <siri:RequestTimestamp>${=javax.xml.datatype.DatatypeFactory.newInstance().newXMLGregorianCalendar(GregorianCalendar.getInstance())}</siri:RequestTimestamp>
            <siri:MessageIdentifier>SNCF-ACCES:Message::1:LOC</siri:MessageIdentifier>
            <siri:MonitoringRef>STIF:StopPoint:Q:108940:</siri:MonitoringRef>
            <siri:MaximumStopVisits>1</siri:MaximumStopVisits>
         </Request>
         <RequestExtension>
         </RequestExtension>
      </wsdl:GetStopMonitoring>
   </soapenv:Body>
</soapenv:Envelope>]]></con:request><con:credentials><con:authType>Global HTTP Settings</con:authType></con:credentials><con:jmsConfig JMSDeliveryMode="PERSISTENT"/><con:jmsPropertyConfig/><con:wsaConfig mustUnderstand="NONE" version="200508" action="GetStopMonitoring"/><con:wsrmConfig version="1.2"/></con:call><con:call name="Request_TEST-70"><con:settings><con:setting id="com.eviware.soapui.impl.wsdl.WsdlRequest@request-headers">&lt;xml-fragment/></con:setting></con:settings><con:encoding>UTF-8</con:encoding><con:endpoint>http://10.222.37.16:9101/emission/SiriRelais/SiriProducerRpcPort</con:endpoint><con:request><![CDATA[<!-- TEST-70 Reception d'une requête SM valide sur une ZDE avec filtre MinimumStopVisitPerLine-->
<!-- ZDE : STIF:StopPoint:Q:108940: avec MinimumStopVisitPerLine=1 -->
<soapenv:Envelope xmlns:soapenv="http://schemas.xmlsoap.org/soap/envelope/" xmlns:wsdl="http://wsdl.siri.org.uk" xmlns:siri="http://www.siri.org.uk/siri">
   <soapenv:Header/>
   <soapenv:Body>
      <wsdl:GetStopMonitoring>
         <ServiceRequestInfo>
            <siri:RequestTimestamp>${=javax.xml.datatype.DatatypeFactory.newInstance().newXMLGregorianCalendar(GregorianCalendar.getInstance())}</siri:RequestTimestamp>
            <siri:RequestorRef>SNCF-ACCES</siri:RequestorRef>
            <siri:MessageIdentifier>SNCF-ACCES:Message::1:LOC</siri:MessageIdentifier>
         </ServiceRequestInfo>
         <Request version="2.0[FR-IDF-2.4]">
            <siri:RequestTimestamp>${=javax.xml.datatype.DatatypeFactory.newInstance().newXMLGregorianCalendar(GregorianCalendar.getInstance())}</siri:RequestTimestamp>
            <siri:MessageIdentifier>SNCF-ACCES:Message::1:LOC</siri:MessageIdentifier>
            <siri:MonitoringRef>STIF:StopPoint:Q:108940:</siri:MonitoringRef>
            <siri:MaximumStopVisits>1</siri:MaximumStopVisits>
            <siri:MinimumStopVisitsPerLine>1</siri:MinimumStopVisitsPerLine>
         </Request>
         <RequestExtension>
         </RequestExtension>
      </wsdl:GetStopMonitoring>
   </soapenv:Body>
</soapenv:Envelope>]]></con:request><con:credentials><con:authType>Global HTTP Settings</con:authType></con:credentials><con:jmsConfig JMSDeliveryMode="PERSISTENT"/><con:jmsPropertyConfig/><con:wsaConfig mustUnderstand="NONE" version="200508" action="GetStopMonitoring"/><con:wsrmConfig version="1.2"/></con:call><con:call name="Request_TEST-71"><con:settings><con:setting id="com.eviware.soapui.impl.wsdl.WsdlRequest@request-headers">&lt;xml-fragment/></con:setting></con:settings><con:encoding>UTF-8</con:encoding><con:endpoint>http://10.222.37.16:9101/emission/SiriRelais/SiriProducerDocPort</con:endpoint><con:request><![CDATA[<!-- TEST-71 Reception d'une requête SM valide sur une ZDE avec filtre MinimumStopVisitPerLineVia-->
<!-- ZDE : STIF:StopPoint:Q:108940: avec MinimumStopVisitPerLineVia=1 -->
<soapenv:Envelope xmlns:soapenv="http://schemas.xmlsoap.org/soap/envelope/" xmlns:wsdl="http://wsdl.siri.org.uk" xmlns:siri="http://www.siri.org.uk/siri">
   <soapenv:Header/>
   <soapenv:Body>
      <wsdl:GetStopMonitoring>
         <ServiceRequestInfo>
            <siri:RequestTimestamp>${=javax.xml.datatype.DatatypeFactory.newInstance().newXMLGregorianCalendar(GregorianCalendar.getInstance())}</siri:RequestTimestamp>
            <siri:RequestorRef>SNCF-ACCES</siri:RequestorRef>
            <siri:MessageIdentifier>SNCF-ACCES:Message::1:LOC</siri:MessageIdentifier>
         </ServiceRequestInfo>
         <Request version="2.0[FR-IDF-2.4]">
            <siri:RequestTimestamp>${=javax.xml.datatype.DatatypeFactory.newInstance().newXMLGregorianCalendar(GregorianCalendar.getInstance())}</siri:RequestTimestamp>
            <siri:MessageIdentifier>SNCF-ACCES:Message::1:LOC</siri:MessageIdentifier>
            <siri:MonitoringRef>STIF:StopPoint:Q:108940:</siri:MonitoringRef>
            <siri:MaximumStopVisits>2</siri:MaximumStopVisits>
            <siri:MinimumStopVisitsPerLineVia>1</siri:MinimumStopVisitsPerLineVia>
         </Request>
         <RequestExtension>
         </RequestExtension>
      </wsdl:GetStopMonitoring>
   </soapenv:Body>
</soapenv:Envelope>]]></con:request><con:credentials><con:authType>Global HTTP Settings</con:authType></con:credentials><con:jmsConfig JMSDeliveryMode="PERSISTENT"/><con:jmsPropertyConfig/><con:wsaConfig mustUnderstand="NONE" version="200508" action="GetStopMonitoring"/><con:wsrmConfig version="1.2"/></con:call><con:call name="Request_TEST-72"><con:settings><con:setting id="com.eviware.soapui.impl.wsdl.WsdlRequest@request-headers">&lt;xml-fragment/></con:setting></con:settings><con:encoding>UTF-8</con:encoding><con:endpoint>http://10.222.37.16:9101/emission/SiriRelais/SiriProducerDocPort</con:endpoint><con:request><![CDATA[<!--  STIF-IVTR_TEST-72:Réception d'une requête SM valide avec PreviewInterval sans résultat -->
<soapenv:Envelope xmlns:soapenv="http://schemas.xmlsoap.org/soap/envelope/" xmlns:wsdl="http://wsdl.siri.org.uk" xmlns:siri="http://www.siri.org.uk/siri">
   <soapenv:Header/>
   <soapenv:Body>
      <wsdl:GetStopMonitoring>
         <ServiceRequestInfo>
            <siri:RequestTimestamp>${=javax.xml.datatype.DatatypeFactory.newInstance().newXMLGregorianCalendar(GregorianCalendar.getInstance())}</siri:RequestTimestamp>
            <siri:RequestorRef>SNCF-ACCES</siri:RequestorRef>
            <siri:MessageIdentifier>SNCF-ACCES:Message::1:LOC</siri:MessageIdentifier>
         </ServiceRequestInfo>
         <Request version="2.0[FR-IDF-2.4]">
            <siri:RequestTimestamp>${=javax.xml.datatype.DatatypeFactory.newInstance().newXMLGregorianCalendar(GregorianCalendar.getInstance())}</siri:RequestTimestamp>
            <siri:MessageIdentifier>SNCF-ACCES:Message::1:LOC</siri:MessageIdentifier>
            <siri:MonitoringRef>STIF:StopPoint:Q:108940:</siri:MonitoringRef>
            <siri:PreviewInterval>PT1H</siri:PreviewInterval>
            <siri:StartTime>${= Calendar calendar = Calendar.getInstance(); calendar.add(Calendar.HOUR,5);return javax.xml.datatype.DatatypeFactory.newInstance().newXMLGregorianCalendar(calendar);}</siri:StartTime>
         </Request>
         <RequestExtension>
         </RequestExtension>
      </wsdl:GetStopMonitoring>
   </soapenv:Body>
</soapenv:Envelope>]]></con:request><con:credentials><con:authType>Global HTTP Settings</con:authType></con:credentials><con:jmsConfig JMSDeliveryMode="PERSISTENT"/><con:jmsPropertyConfig/><con:wsaConfig mustUnderstand="NONE" version="200508" action="GetStopMonitoring"/><con:wsrmConfig version="1.2"/></con:call><con:call name="Request_TEST-73"><con:settings><con:setting id="com.eviware.soapui.impl.wsdl.WsdlRequest@request-headers">&lt;xml-fragment/></con:setting></con:settings><con:encoding>UTF-8</con:encoding><con:endpoint>http://10.222.37.16:9101/emission/SiriRelais/SiriProducerRpcPort</con:endpoint><con:request><![CDATA[<!--  STIF-IVTR_TEST-73:Réception d'une requête SM valide avec filtre PreviewInterval-->
<soapenv:Envelope xmlns:soapenv="http://schemas.xmlsoap.org/soap/envelope/" xmlns:wsdl="http://wsdl.siri.org.uk" xmlns:siri="http://www.siri.org.uk/siri">
   <soapenv:Header/>
   <soapenv:Body>
      <wsdl:GetStopMonitoring>
         <ServiceRequestInfo>
            <siri:RequestTimestamp>${=javax.xml.datatype.DatatypeFactory.newInstance().newXMLGregorianCalendar(GregorianCalendar.getInstance())}</siri:RequestTimestamp>
            <siri:RequestorRef>SNCF-ACCES</siri:RequestorRef>
            <siri:MessageIdentifier>SNCF-ACCES:Message::1:LOC</siri:MessageIdentifier>
         </ServiceRequestInfo>
         <Request version="2.0[FR-IDF-2.4]">
            <siri:RequestTimestamp>${=javax.xml.datatype.DatatypeFactory.newInstance().newXMLGregorianCalendar(GregorianCalendar.getInstance())}</siri:RequestTimestamp>
            <siri:MessageIdentifier>SNCF-ACCES:Message::1:LOC</siri:MessageIdentifier>
            <siri:MonitoringRef>STIF:StopPoint:Q:108940:</siri:MonitoringRef>
            <siri:PreviewInterval>PT2H</siri:PreviewInterval>
            <siri:StartTime>${= Calendar calendar = Calendar.getInstance(); calendar.add(Calendar.HOUR,2);return javax.xml.datatype.DatatypeFactory.newInstance().newXMLGregorianCalendar(calendar);}</siri:StartTime>
         </Request>
         <RequestExtension>
         </RequestExtension>
      </wsdl:GetStopMonitoring>
   </soapenv:Body>
</soapenv:Envelope>]]></con:request><con:credentials><con:authType>Global HTTP Settings</con:authType></con:credentials><con:jmsConfig JMSDeliveryMode="PERSISTENT"/><con:jmsPropertyConfig/><con:wsaConfig mustUnderstand="NONE" version="200508" action="GetStopMonitoring"/><con:wsrmConfig version="1.2"/></con:call><con:call name="Request_TEST-78"><con:settings><con:setting id="com.eviware.soapui.impl.wsdl.WsdlRequest@request-headers">&lt;xml-fragment/></con:setting></con:settings><con:encoding>UTF-8</con:encoding><con:endpoint>http://10.222.37.16:9101/emission/SiriRelais/SiriProducerDocPort</con:endpoint><con:request><![CDATA[<!-- TEST-78 Reception d'une requête SM valide sur une ZDE sans filtre -->
<!-- ZDE : STIF:StopPoint:Q:108940 -->
<soapenv:Envelope xmlns:soapenv="http://schemas.xmlsoap.org/soap/envelope/" xmlns:wsdl="http://wsdl.siri.org.uk" xmlns:siri="http://www.siri.org.uk/siri">
   <soapenv:Header/>
   <soapenv:Body>
      <wsdl:GetStopMonitoring>
         <ServiceRequestInfo>
            <siri:RequestTimestamp>${=javax.xml.datatype.DatatypeFactory.newInstance().newXMLGregorianCalendar(GregorianCalendar.getInstance())}</siri:RequestTimestamp>
            <siri:RequestorRef>SNCF-ACCES</siri:RequestorRef>
            <siri:MessageIdentifier>SNCF-ACCES:Message::1:LOC</siri:MessageIdentifier>
         </ServiceRequestInfo>
         <Request version="2.0[FR-IDF-2.4]">
            <siri:RequestTimestamp>${=javax.xml.datatype.DatatypeFactory.newInstance().newXMLGregorianCalendar(GregorianCalendar.getInstance())}</siri:RequestTimestamp>
            <siri:MessageIdentifier>SNCF-ACCES:Message::1:LOC</siri:MessageIdentifier>
            <siri:MonitoringRef>STIF:StopPoint:Q:108940:</siri:MonitoringRef>
         </Request>
         <RequestExtension>
         </RequestExtension>
      </wsdl:GetStopMonitoring>
   </soapenv:Body>
</soapenv:Envelope>]]></con:request><con:credentials><con:authType>Global HTTP Settings</con:authType></con:credentials><con:jmsConfig JMSDeliveryMode="PERSISTENT"/><con:jmsPropertyConfig/><con:wsaConfig mustUnderstand="NONE" version="200508" action="GetStopMonitoring"/><con:wsrmConfig version="1.2"/></con:call><con:call name="Request_TEST-102"><con:settings><con:setting id="com.eviware.soapui.impl.wsdl.WsdlRequest@request-headers">&lt;xml-fragment/></con:setting></con:settings><con:encoding>UTF-8</con:encoding><con:endpoint>http://10.222.37.16:9101/emission/SirirRelais/SiriProducerDocPort</con:endpoint><con:request><![CDATA[<!-- TEST-88 Reception d'une requête SM valide sur une ZDE LOC sans filtre -->
<!-- GDL : STIF:StopPoint:Q:110048:LOC -->
<soapenv:Envelope xmlns:soapenv="http://schemas.xmlsoap.org/soap/envelope/" xmlns:wsdl="http://wsdl.siri.org.uk" xmlns:siri="http://www.siri.org.uk/siri">
   <soapenv:Header/>
   <soapenv:Body>
      <wsdl:GetStopMonitoring>
         <ServiceRequestInfo>
            <siri:RequestTimestamp>${=javax.xml.datatype.DatatypeFactory.newInstance().newXMLGregorianCalendar(GregorianCalendar.getInstance())}</siri:RequestTimestamp>
            <siri:RequestorRef>SNCF-ACCES</siri:RequestorRef>
            <siri:MessageIdentifier>SNCF-ACCES:Message::1:LOC</siri:MessageIdentifier>
         </ServiceRequestInfo>
         <Request version="2.0[FR-IDF-2.4]">
            <siri:RequestTimestamp>${=javax.xml.datatype.DatatypeFactory.newInstance().newXMLGregorianCalendar(GregorianCalendar.getInstance())}</siri:RequestTimestamp>
            <siri:MessageIdentifier>SNCF-ACCES:Message::1:LOC</siri:MessageIdentifier>
            <siri:MonitoringRef>STIF:StopPoint:Q:110048:LOC</siri:MonitoringRef>
         </Request>
         <RequestExtension>
         </RequestExtension>
      </wsdl:GetStopMonitoring>
   </soapenv:Body>
</soapenv:Envelope>]]></con:request><con:credentials><con:authType>Global HTTP Settings</con:authType></con:credentials><con:jmsConfig JMSDeliveryMode="PERSISTENT"/><con:jmsPropertyConfig/><con:wsaConfig mustUnderstand="NONE" version="200508" action="GetStopMonitoring"/><con:wsrmConfig version="1.2"/></con:call><con:call name="Request_TEST-88"><con:settings><con:setting id="com.eviware.soapui.impl.wsdl.WsdlRequest@request-headers">&lt;xml-fragment/></con:setting></con:settings><con:encoding>UTF-8</con:encoding><con:endpoint>http://10.222.37.16:9101/emission/SiriRelais/SiriProducerDocPort</con:endpoint><con:request><![CDATA[<!-- TEST-88 Reception d'une requête SM valide sur une GDL sans filtre -->
<!-- GDL : STIF:StopArea:SP:110156 -->
<soapenv:Envelope xmlns:soapenv="http://schemas.xmlsoap.org/soap/envelope/" xmlns:wsdl="http://wsdl.siri.org.uk" xmlns:siri="http://www.siri.org.uk/siri">
   <soapenv:Header/>
   <soapenv:Body>
      <wsdl:GetStopMonitoring>
         <ServiceRequestInfo>
            <siri:RequestTimestamp>${=javax.xml.datatype.DatatypeFactory.newInstance().newXMLGregorianCalendar(GregorianCalendar.getInstance())}</siri:RequestTimestamp>
            <siri:RequestorRef>SNCF-ACCES</siri:RequestorRef>
            <siri:MessageIdentifier>SNCF-ACCES:Message::1:LOC</siri:MessageIdentifier>
         </ServiceRequestInfo>
         <Request version="2.0[FR-IDF-2.4]">
            <siri:RequestTimestamp>${=javax.xml.datatype.DatatypeFactory.newInstance().newXMLGregorianCalendar(GregorianCalendar.getInstance())}</siri:RequestTimestamp>
            <siri:MessageIdentifier>SNCF-ACCES:Message::1:LOC</siri:MessageIdentifier>
            <siri:MonitoringRef>STIF:StopArea:SP:110156:</siri:MonitoringRef>
         </Request>
         <RequestExtension>
         </RequestExtension>
      </wsdl:GetStopMonitoring>
   </soapenv:Body>
</soapenv:Envelope>]]></con:request><con:credentials><con:authType>Global HTTP Settings</con:authType></con:credentials><con:jmsConfig JMSDeliveryMode="PERSISTENT"/><con:jmsPropertyConfig/><con:wsaConfig mustUnderstand="NONE" version="200508" action="GetStopMonitoring"/><con:wsrmConfig version="1.2"/></con:call><con:call name="Request_TEST-90"><con:settings><con:setting id="com.eviware.soapui.impl.wsdl.WsdlRequest@request-headers">&lt;xml-fragment/></con:setting></con:settings><con:encoding>UTF-8</con:encoding><con:endpoint>http://10.222.37.16:9101/emission/SiriRelais/SiriProducerRpcPort</con:endpoint><con:request><![CDATA[<!-- TEST-90 Reception d'une requête SM valide sur un GDL avec filtre LineRef-->
<!-- GDL : STIF:StopArea:SP:110156 avec LineRef=STIF:Line::004004009:-->
<soapenv:Envelope xmlns:soapenv="http://schemas.xmlsoap.org/soap/envelope/" xmlns:wsdl="http://wsdl.siri.org.uk" xmlns:siri="http://www.siri.org.uk/siri">
   <soapenv:Header/>
   <soapenv:Body>
      <wsdl:GetStopMonitoring>
         <ServiceRequestInfo>
            <siri:RequestTimestamp>${=javax.xml.datatype.DatatypeFactory.newInstance().newXMLGregorianCalendar(GregorianCalendar.getInstance())}</siri:RequestTimestamp>
            <siri:RequestorRef>SNCF-ACCES</siri:RequestorRef>
            <siri:MessageIdentifier>SNCF-ACCES:Message::1:LOC</siri:MessageIdentifier>
         </ServiceRequestInfo>
         <Request version="2.0[FR-IDF-2.4]">
            <siri:RequestTimestamp>${=javax.xml.datatype.DatatypeFactory.newInstance().newXMLGregorianCalendar(GregorianCalendar.getInstance())}</siri:RequestTimestamp>
            <siri:MessageIdentifier>SNCF-ACCES:Message::1:LOC</siri:MessageIdentifier>
            <siri:MonitoringRef>STIF:StopArea:SP:110156:</siri:MonitoringRef>
            <siri:LineRef>STIF:Line::004004009:</siri:LineRef>
         </Request>
         <RequestExtension>
         </RequestExtension>
      </wsdl:GetStopMonitoring>
   </soapenv:Body>
</soapenv:Envelope>]]></con:request><con:credentials><con:authType>Global HTTP Settings</con:authType></con:credentials><con:jmsConfig JMSDeliveryMode="PERSISTENT"/><con:jmsPropertyConfig/><con:wsaConfig mustUnderstand="NONE" version="200508" action="GetStopMonitoring"/><con:wsrmConfig version="1.2"/></con:call><con:call name="Request_TEST-91"><con:settings><con:setting id="com.eviware.soapui.impl.wsdl.WsdlRequest@request-headers">&lt;xml-fragment/></con:setting></con:settings><con:encoding>UTF-8</con:encoding><con:endpoint>http://10.222.37.16:9101/emission/SiriRelais/SiriProducerDocPort</con:endpoint><con:request><![CDATA[<!-- TEST-91 Reception d'une requête SM valide sur un GDL avec filtre LineRef-->
<!-- GDL : STIF:StopArea:SP:110156 avec LineRef=STIF:Line::004004009: et destinationRef=STIF:StopPoint:Q:108926:-->
<soapenv:Envelope xmlns:soapenv="http://schemas.xmlsoap.org/soap/envelope/" xmlns:wsdl="http://wsdl.siri.org.uk" xmlns:siri="http://www.siri.org.uk/siri">
   <soapenv:Header/>
   <soapenv:Body>
      <wsdl:GetStopMonitoring>
         <ServiceRequestInfo>
            <siri:RequestTimestamp>${=javax.xml.datatype.DatatypeFactory.newInstance().newXMLGregorianCalendar(GregorianCalendar.getInstance())}</siri:RequestTimestamp>
            <siri:RequestorRef>SNCF-ACCES</siri:RequestorRef>
            <siri:MessageIdentifier>SNCF-ACCES:Message::1:LOC</siri:MessageIdentifier>
         </ServiceRequestInfo>
         <Request version="2.0[FR-IDF-2.4]">
            <siri:RequestTimestamp>${=javax.xml.datatype.DatatypeFactory.newInstance().newXMLGregorianCalendar(GregorianCalendar.getInstance())}</siri:RequestTimestamp>
            <siri:MessageIdentifier>SNCF-ACCES:Message::1:LOC</siri:MessageIdentifier>
            <siri:MonitoringRef>STIF:StopArea:SP:110156:</siri:MonitoringRef>
            <siri:DestinationRef>STIF:StopPoint:Q:108926:</siri:DestinationRef>
            <siri:LineRef>STIF:Line::004004009:</siri:LineRef>
         </Request>
         <RequestExtension>
         </RequestExtension>
      </wsdl:GetStopMonitoring>
   </soapenv:Body>
</soapenv:Envelope>]]></con:request><con:credentials><con:authType>Global HTTP Settings</con:authType></con:credentials><con:jmsConfig JMSDeliveryMode="PERSISTENT"/><con:jmsPropertyConfig/><con:wsaConfig mustUnderstand="NONE" version="200508" action="GetStopMonitoring"/><con:wsrmConfig version="1.2"/></con:call><con:call name="Request_TEST-92"><con:settings><con:setting id="com.eviware.soapui.impl.wsdl.WsdlRequest@request-headers">&lt;xml-fragment/></con:setting></con:settings><con:encoding>UTF-8</con:encoding><con:endpoint>http://10.222.37.16:9101/emission/SiriRelais/SiriProducerRpcPort</con:endpoint><con:request><![CDATA[<!-- TEST-92 Reception d'une requête SM valide sur un GDL avec filtre LineRef-->
<!-- GDL : STIF:StopArea:SP:110156 avec LineRef=STIF:Line::004004009: et destinationRef=STIF:StopPoint:Q:108946:-->
<soapenv:Envelope xmlns:soapenv="http://schemas.xmlsoap.org/soap/envelope/" xmlns:wsdl="http://wsdl.siri.org.uk" xmlns:siri="http://www.siri.org.uk/siri">
   <soapenv:Header/>
   <soapenv:Body>
      <wsdl:GetStopMonitoring>
         <ServiceRequestInfo>
            <siri:RequestTimestamp>${=javax.xml.datatype.DatatypeFactory.newInstance().newXMLGregorianCalendar(GregorianCalendar.getInstance())}</siri:RequestTimestamp>
            <siri:RequestorRef>SNCF-ACCES</siri:RequestorRef>
            <siri:MessageIdentifier>SNCF-ACCES:Message::1:LOC</siri:MessageIdentifier>
         </ServiceRequestInfo>
         <Request version="2.0[FR-IDF-2.4]">
            <siri:RequestTimestamp>${=javax.xml.datatype.DatatypeFactory.newInstance().newXMLGregorianCalendar(GregorianCalendar.getInstance())}</siri:RequestTimestamp>
            <siri:MessageIdentifier>SNCF-ACCES:Message::1:LOC</siri:MessageIdentifier>
            <siri:MonitoringRef>STIF:StopArea:SP:110156:</siri:MonitoringRef>
            <siri:DestinationRef>STIF:StopPoint:Q:108926:</siri:DestinationRef>
            <siri:LineRef>STIF:Line::004004009:</siri:LineRef>
            <siri:MaximumStopVisits>1</siri:MaximumStopVisits>
         </Request>
         <RequestExtension>
         </RequestExtension>
      </wsdl:GetStopMonitoring>
   </soapenv:Body>
</soapenv:Envelope>]]></con:request><con:credentials><con:authType>Global HTTP Settings</con:authType></con:credentials><con:jmsConfig JMSDeliveryMode="PERSISTENT"/><con:jmsPropertyConfig/><con:wsaConfig mustUnderstand="NONE" version="200508" action="GetStopMonitoring"/><con:wsrmConfig version="1.2"/></con:call><con:call name="Request_TEST-93"><con:settings><con:setting id="com.eviware.soapui.impl.wsdl.WsdlRequest@request-headers">&lt;xml-fragment/></con:setting></con:settings><con:encoding>UTF-8</con:encoding><con:endpoint>http://10.222.37.16:9101/emission/SiriRelais/SiriProducerDocPort</con:endpoint><con:request><![CDATA[<!-- TEST-93 Reception d'une requête SM valide sur un GDL avec filtre LineRef-->
<!-- GDL : STIF:StopArea:SP:110156 avec la destinationRef=STIF:StopPoint:Q:108946:-->
<soapenv:Envelope xmlns:soapenv="http://schemas.xmlsoap.org/soap/envelope/" xmlns:wsdl="http://wsdl.siri.org.uk" xmlns:siri="http://www.siri.org.uk/siri">
   <soapenv:Header/>
   <soapenv:Body>
      <wsdl:GetStopMonitoring>
         <ServiceRequestInfo>
            <siri:RequestTimestamp>${=javax.xml.datatype.DatatypeFactory.newInstance().newXMLGregorianCalendar(GregorianCalendar.getInstance())}</siri:RequestTimestamp>
            <siri:RequestorRef>SNCF-ACCES</siri:RequestorRef>
            <siri:MessageIdentifier>SNCF-ACCES:Message::1:LOC</siri:MessageIdentifier>
         </ServiceRequestInfo>
         <Request version="2.0[FR-IDF-2.4]">
            <siri:RequestTimestamp>${=javax.xml.datatype.DatatypeFactory.newInstance().newXMLGregorianCalendar(GregorianCalendar.getInstance())}</siri:RequestTimestamp>
            <siri:MessageIdentifier>SNCF-ACCES:Message::1:LOC</siri:MessageIdentifier>
            <siri:MonitoringRef>STIF:StopArea:SP:110156:</siri:MonitoringRef>
            <siri:DestinationRef>STIF:StopPoint:Q:108926:</siri:DestinationRef>
         </Request>
         <RequestExtension>
         </RequestExtension>
      </wsdl:GetStopMonitoring>
   </soapenv:Body>
</soapenv:Envelope>]]></con:request><con:credentials><con:authType>Global HTTP Settings</con:authType></con:credentials><con:jmsConfig JMSDeliveryMode="PERSISTENT"/><con:jmsPropertyConfig/><con:wsaConfig mustUnderstand="NONE" version="200508" action="GetStopMonitoring"/><con:wsrmConfig version="1.2"/></con:call><con:call name="Request_TEST-94"><con:settings><con:setting id="com.eviware.soapui.impl.wsdl.WsdlRequest@request-headers">&lt;xml-fragment/></con:setting></con:settings><con:encoding>UTF-8</con:encoding><con:endpoint>http://10.222.37.16:9101/emission/SiriProducerDocPort</con:endpoint><con:request><![CDATA[<!-- TEST-93 Reception d'une requête SM valide sur un GDL avec filtre LineRef-->
<!-- GDL : STIF:StopArea:SP:110156 avec la destinationRef=STIF:StopPoint:Q:108946:-->
<soapenv:Envelope xmlns:soapenv="http://schemas.xmlsoap.org/soap/envelope/" xmlns:wsdl="http://wsdl.siri.org.uk" xmlns:siri="http://www.siri.org.uk/siri">
   <soapenv:Header/>
   <soapenv:Body>
      <wsdl:GetStopMonitoring>
         <ServiceRequestInfo>
            <siri:RequestTimestamp>${=javax.xml.datatype.DatatypeFactory.newInstance().newXMLGregorianCalendar(GregorianCalendar.getInstance())}</siri:RequestTimestamp>
            <siri:RequestorRef>SNCF-ACCES</siri:RequestorRef>
            <siri:MessageIdentifier>SNCF-ACCES:Message::1:LOC</siri:MessageIdentifier>
         </ServiceRequestInfo>
         <Request version="2.0[FR-IDF-2.4]">
            <siri:RequestTimestamp>${=javax.xml.datatype.DatatypeFactory.newInstance().newXMLGregorianCalendar(GregorianCalendar.getInstance())}</siri:RequestTimestamp>
            <siri:MessageIdentifier>SNCF-ACCES:Message::1:LOC</siri:MessageIdentifier>
            <siri:MonitoringRef>STIF:StopArea:SP:110156:</siri:MonitoringRef>
            <siri:DestinationRef>STIF:StopPoint:Q:108926:</siri:DestinationRef>
            <siri:MaximumStopVisits>1</siri:MaximumStopVisits>
         </Request>
         <RequestExtension>
         </RequestExtension>
      </wsdl:GetStopMonitoring>
   </soapenv:Body>
</soapenv:Envelope>]]></con:request><con:credentials><con:authType>Global HTTP Settings</con:authType></con:credentials><con:jmsConfig JMSDeliveryMode="PERSISTENT"/><con:jmsPropertyConfig/><con:wsaConfig mustUnderstand="NONE" version="200508" action="GetStopMonitoring"/><con:wsrmConfig version="1.2"/></con:call><con:call name="request_TEST-95"><con:settings><con:setting id="com.eviware.soapui.impl.wsdl.WsdlRequest@request-headers">&lt;xml-fragment/></con:setting></con:settings><con:encoding>UTF-8</con:encoding><con:endpoint>http://10.222.37.16:9101/emission/SiriRelais/SiriProducerDocPort</con:endpoint><con:request><![CDATA[<!-- TEST-93 Reception d'une requête SM valide sur un GDL avec filtre LineRef-->
<!-- GDL : STIF:StopArea:SP:110156 avec la destinationRef=STIF:StopPoint:Q:108946:-->
<soapenv:Envelope xmlns:soapenv="http://schemas.xmlsoap.org/soap/envelope/" xmlns:wsdl="http://wsdl.siri.org.uk" xmlns:siri="http://www.siri.org.uk/siri">
   <soapenv:Header/>
   <soapenv:Body>
      <wsdl:GetStopMonitoring>
         <ServiceRequestInfo>
            <siri:RequestTimestamp>${=javax.xml.datatype.DatatypeFactory.newInstance().newXMLGregorianCalendar(GregorianCalendar.getInstance())}</siri:RequestTimestamp>
            <siri:RequestorRef>SNCF-ACCES</siri:RequestorRef>
            <siri:MessageIdentifier>SNCF-ACCES:Message::1:LOC</siri:MessageIdentifier>
         </ServiceRequestInfo>
         <Request version="2.0[FR-IDF-2.4]">
            <siri:RequestTimestamp>${=javax.xml.datatype.DatatypeFactory.newInstance().newXMLGregorianCalendar(GregorianCalendar.getInstance())}</siri:RequestTimestamp>
            <siri:MessageIdentifier>SNCF-ACCES:Message::1:LOC</siri:MessageIdentifier>
            <siri:MonitoringRef>STIF:StopArea:SP:110156:</siri:MonitoringRef>
            <siri:DestinationRef>STIF:StopPoint:Q:108926:</siri:DestinationRef>
            <siri:MaximumStopVisits>1</siri:MaximumStopVisits>
            <siri:MinimumStopVisitsPerLine>1</siri:MinimumStopVisitsPerLine>
         </Request>
         <RequestExtension>
         </RequestExtension>
      </wsdl:GetStopMonitoring>
   </soapenv:Body>
</soapenv:Envelope>]]></con:request><con:credentials><con:authType>Global HTTP Settings</con:authType></con:credentials><con:jmsConfig JMSDeliveryMode="PERSISTENT"/><con:jmsPropertyConfig/><con:wsaConfig mustUnderstand="NONE" version="200508" action="GetStopMonitoring"/><con:wsrmConfig version="1.2"/></con:call><con:call name="Request_TEST-97"><con:settings><con:setting id="com.eviware.soapui.impl.wsdl.WsdlRequest@request-headers">&lt;xml-fragment/></con:setting></con:settings><con:encoding>UTF-8</con:encoding><con:endpoint>http://10.222.37.16:9101/emission/SiriRelais/SiriProducerRpcPort</con:endpoint><con:request><![CDATA[<!-- TEST-97 Reception d'une requête SM valide sur un LDA avec filtre LineRef-->
<!-- GDL : STIF:StopArea:SP:114261 avec LineRef=STIF:Line::004004009: et destinationRef=STIF:StopPoint:Q:108926:-->
<soapenv:Envelope xmlns:soapenv="http://schemas.xmlsoap.org/soap/envelope/" xmlns:wsdl="http://wsdl.siri.org.uk" xmlns:siri="http://www.siri.org.uk/siri">
   <soapenv:Header/>
   <soapenv:Body>
      <wsdl:GetStopMonitoring>
         <ServiceRequestInfo>
            <siri:RequestTimestamp>${=javax.xml.datatype.DatatypeFactory.newInstance().newXMLGregorianCalendar(GregorianCalendar.getInstance())}</siri:RequestTimestamp>
            <siri:RequestorRef>SNCF-ACCES</siri:RequestorRef>
            <siri:MessageIdentifier>SNCF-ACCES:Message::1:LOC</siri:MessageIdentifier>
         </ServiceRequestInfo>
         <Request version="2.0[FR-IDF-2.4]">
            <siri:RequestTimestamp>${=javax.xml.datatype.DatatypeFactory.newInstance().newXMLGregorianCalendar(GregorianCalendar.getInstance())}</siri:RequestTimestamp>
            <siri:MessageIdentifier>SNCF-ACCES:Message::1:LOC</siri:MessageIdentifier>
            <siri:MonitoringRef>STIF:StopArea:SP:114261:</siri:MonitoringRef>
            <siri:DestinationRef>STIF:StopPoint:Q:108926:</siri:DestinationRef>
            <siri:LineRef>STIF:Line::004004009:</siri:LineRef>
         </Request>
         <RequestExtension>
         </RequestExtension>
      </wsdl:GetStopMonitoring>
   </soapenv:Body>
</soapenv:Envelope>]]></con:request><con:credentials><con:authType>Global HTTP Settings</con:authType></con:credentials><con:jmsConfig JMSDeliveryMode="PERSISTENT"/><con:jmsPropertyConfig/><con:wsaConfig mustUnderstand="NONE" version="200508" action="GetStopMonitoring"/><con:wsrmConfig version="1.2"/></con:call><con:call name="Request_TEST-98"><con:settings><con:setting id="com.eviware.soapui.impl.wsdl.WsdlRequest@request-headers">&lt;xml-fragment/></con:setting></con:settings><con:encoding>UTF-8</con:encoding><con:endpoint>http://10.222.37.16:9101/emission/SiriRelais/SiriProducerDocPort</con:endpoint><con:request><![CDATA[<!-- TEST-97 Reception d'une requête SM valide sur unz ZDL avec filtre LineRef-->
<!-- GDL : STIF:StopArea:SP:114260 avec LineRef=STIF:Line::004004009: et destinationRef=STIF:StopPoint:Q:108926:-->
<soapenv:Envelope xmlns:soapenv="http://schemas.xmlsoap.org/soap/envelope/" xmlns:wsdl="http://wsdl.siri.org.uk" xmlns:siri="http://www.siri.org.uk/siri">
   <soapenv:Header/>
   <soapenv:Body>
      <wsdl:GetStopMonitoring>
         <ServiceRequestInfo>
            <siri:RequestTimestamp>${=javax.xml.datatype.DatatypeFactory.newInstance().newXMLGregorianCalendar(GregorianCalendar.getInstance())}</siri:RequestTimestamp>
            <siri:RequestorRef>SNCF-ACCES</siri:RequestorRef>
            <siri:MessageIdentifier>SNCF-ACCES:Message::1:LOC</siri:MessageIdentifier>
         </ServiceRequestInfo>
         <Request version="2.0[FR-IDF-2.4]">
            <siri:RequestTimestamp>${=javax.xml.datatype.DatatypeFactory.newInstance().newXMLGregorianCalendar(GregorianCalendar.getInstance())}</siri:RequestTimestamp>
            <siri:MessageIdentifier>SNCF-ACCES:Message::1:LOC</siri:MessageIdentifier>
            <siri:MonitoringRef>STIF:StopArea:SP:114260:</siri:MonitoringRef>
            <siri:DestinationRef>STIF:StopPoint:Q:108926:</siri:DestinationRef>
            <siri:LineRef>STIF:Line::004004009:</siri:LineRef>
         </Request>
         <RequestExtension>
         </RequestExtension>
      </wsdl:GetStopMonitoring>
   </soapenv:Body>
</soapenv:Envelope>]]></con:request><con:credentials><con:authType>Global HTTP Settings</con:authType></con:credentials><con:jmsConfig JMSDeliveryMode="PERSISTENT"/><con:jmsPropertyConfig/><con:wsaConfig mustUnderstand="NONE" version="200508" action="GetStopMonitoring"/><con:wsrmConfig version="1.2"/></con:call></con:operation><con:operation isOneWay="false" action="GetStopTimetable" name="GetStopTimetable" bindingOperationName="GetStopTimetable" type="Request-Response" inputName="" receivesAttachments="false" sendsAttachments="false" anonymous="optional"><con:settings/><con:call name="Request 1"><con:settings/><con:encoding>UTF-8</con:encoding><con:endpoint>http://www.siri-service-location.com</con:endpoint><con:request><![CDATA[<soapenv:Envelope xmlns:soapenv="http://schemas.xmlsoap.org/soap/envelope/" xmlns:wsdl="http://wsdl.siri.org.uk" xmlns:siri="http://www.siri.org.uk/siri">
   <soapenv:Header/>
   <soapenv:Body>
      <wsdl:GetStopTimetable>
         <ServiceRequestInfo>
            <!--Optional:-->
            <siri:ServiceRequestContext>
               <!--Optional:-->
               <siri:CheckStatusAddress>?</siri:CheckStatusAddress>
               <!--Optional:-->
               <siri:SubscribeAddress>?</siri:SubscribeAddress>
               <!--Optional:-->
               <siri:ManageSubscriptionAddress>?</siri:ManageSubscriptionAddress>
               <!--Optional:-->
               <siri:GetDataAddress>?</siri:GetDataAddress>
               <!--Optional:-->
               <siri:StatusResponseAddress>?</siri:StatusResponseAddress>
               <!--Optional:-->
               <siri:SubscriberAddress>?</siri:SubscriberAddress>
               <!--Optional:-->
               <siri:NotifyAddress>?</siri:NotifyAddress>
               <!--Optional:-->
               <siri:ConsumerAddress>?</siri:ConsumerAddress>
               <!--Optional:-->
               <siri:DataNameSpaces>
                  <!--Optional:-->
                  <siri:StopPointNameSpace>?</siri:StopPointNameSpace>
                  <!--Optional:-->
                  <siri:LineNameSpace>?</siri:LineNameSpace>
                  <!--Optional:-->
                  <siri:ProductCategoryNameSpace>?</siri:ProductCategoryNameSpace>
                  <!--Optional:-->
                  <siri:ServiceFeatureNameSpace>?</siri:ServiceFeatureNameSpace>
                  <!--Optional:-->
                  <siri:VehicleFeatureNameSpace>?</siri:VehicleFeatureNameSpace>
               </siri:DataNameSpaces>
               <!--Optional:-->
               <siri:Language>en</siri:Language>
               <!--You have a CHOICE of the next 2 items at this level-->
               <siri:WgsDecimalDegrees>?</siri:WgsDecimalDegrees>
               <siri:GmlCoordinateFormat>?</siri:GmlCoordinateFormat>
               <!--Optional:-->
               <siri:DistanceUnits>?</siri:DistanceUnits>
               <!--Optional:-->
               <siri:VelocityUnits>?</siri:VelocityUnits>
               <!--Optional:-->
               <siri:DataHorizon>?</siri:DataHorizon>
               <!--Optional:-->
               <siri:RequestTimeout>?</siri:RequestTimeout>
               <!--Optional:-->
               <siri:DeliveryMethod>direct</siri:DeliveryMethod>
               <!--Optional:-->
               <siri:MultipartDespatch>?</siri:MultipartDespatch>
               <!--Optional:-->
               <siri:ConfirmDelivery>false</siri:ConfirmDelivery>
               <!--Optional:-->
               <siri:MaximimumNumberOfSubscriptions>?</siri:MaximimumNumberOfSubscriptions>
               <!--Optional:-->
               <siri:AllowedPredictors>anyone</siri:AllowedPredictors>
               <!--Optional:-->
               <siri:PredictionFunction>?</siri:PredictionFunction>
            </siri:ServiceRequestContext>
            <siri:RequestTimestamp>?</siri:RequestTimestamp>
            <!--Optional:-->
            <siri:AccountId>?</siri:AccountId>
            <!--Optional:-->
            <siri:AccountKey>?</siri:AccountKey>
            <!--Optional:-->
            <siri:Address>?</siri:Address>
            <siri:RequestorRef>?</siri:RequestorRef>
            <!--Optional:-->
            <siri:MessageIdentifier>?</siri:MessageIdentifier>
            <!--Optional:-->
            <siri:DelegatorAddress>?</siri:DelegatorAddress>
            <!--Optional:-->
            <siri:DelegatorRef>?</siri:DelegatorRef>
         </ServiceRequestInfo>
         <Request version="2.0">
            <siri:RequestTimestamp>?</siri:RequestTimestamp>
            <!--Optional:-->
            <siri:MessageIdentifier>?</siri:MessageIdentifier>
            <!--Optional:-->
            <siri:DepartureWindow>
               <siri:StartTime>?</siri:StartTime>
               <siri:EndTime>?</siri:EndTime>
            </siri:DepartureWindow>
            <siri:MonitoringRef>?</siri:MonitoringRef>
            <!--Optional:-->
            <siri:LineRef>?</siri:LineRef>
            <!--Optional:-->
            <siri:DirectionRef>?</siri:DirectionRef>
            <!--Optional:-->
            <siri:Language>en</siri:Language>
            <!--Optional:-->
            <siri:IncludeTranslations>?</siri:IncludeTranslations>
            <!--Optional:-->
            <siri:Extensions>
               <!--You may enter ANY elements at this point-->
            </siri:Extensions>
         </Request>
         <RequestExtension>
            <!--You may enter ANY elements at this point-->
         </RequestExtension>
      </wsdl:GetStopTimetable>
   </soapenv:Body>
</soapenv:Envelope>]]></con:request><con:wsaConfig mustUnderstand="NONE" version="200508" action="GetStopTimetable"/></con:call></con:operation><con:operation isOneWay="false" action="GetVehicleMonitoring" name="GetVehicleMonitoring" bindingOperationName="GetVehicleMonitoring" type="Request-Response" inputName="" receivesAttachments="false" sendsAttachments="false" anonymous="optional"><con:settings/><con:call name="Request 1"><con:settings/><con:encoding>UTF-8</con:encoding><con:endpoint>http://www.siri-service-location.com</con:endpoint><con:request><![CDATA[<soapenv:Envelope xmlns:soapenv="http://schemas.xmlsoap.org/soap/envelope/" xmlns:wsdl="http://wsdl.siri.org.uk" xmlns:siri="http://www.siri.org.uk/siri">
   <soapenv:Header/>
   <soapenv:Body>
      <wsdl:GetVehicleMonitoring>
         <ServiceRequestInfo>
            <!--Optional:-->
            <siri:ServiceRequestContext>
               <!--Optional:-->
               <siri:CheckStatusAddress>?</siri:CheckStatusAddress>
               <!--Optional:-->
               <siri:SubscribeAddress>?</siri:SubscribeAddress>
               <!--Optional:-->
               <siri:ManageSubscriptionAddress>?</siri:ManageSubscriptionAddress>
               <!--Optional:-->
               <siri:GetDataAddress>?</siri:GetDataAddress>
               <!--Optional:-->
               <siri:StatusResponseAddress>?</siri:StatusResponseAddress>
               <!--Optional:-->
               <siri:SubscriberAddress>?</siri:SubscriberAddress>
               <!--Optional:-->
               <siri:NotifyAddress>?</siri:NotifyAddress>
               <!--Optional:-->
               <siri:ConsumerAddress>?</siri:ConsumerAddress>
               <!--Optional:-->
               <siri:DataNameSpaces>
                  <!--Optional:-->
                  <siri:StopPointNameSpace>?</siri:StopPointNameSpace>
                  <!--Optional:-->
                  <siri:LineNameSpace>?</siri:LineNameSpace>
                  <!--Optional:-->
                  <siri:ProductCategoryNameSpace>?</siri:ProductCategoryNameSpace>
                  <!--Optional:-->
                  <siri:ServiceFeatureNameSpace>?</siri:ServiceFeatureNameSpace>
                  <!--Optional:-->
                  <siri:VehicleFeatureNameSpace>?</siri:VehicleFeatureNameSpace>
               </siri:DataNameSpaces>
               <!--Optional:-->
               <siri:Language>en</siri:Language>
               <!--You have a CHOICE of the next 2 items at this level-->
               <siri:WgsDecimalDegrees>?</siri:WgsDecimalDegrees>
               <siri:GmlCoordinateFormat>?</siri:GmlCoordinateFormat>
               <!--Optional:-->
               <siri:DistanceUnits>?</siri:DistanceUnits>
               <!--Optional:-->
               <siri:VelocityUnits>?</siri:VelocityUnits>
               <!--Optional:-->
               <siri:DataHorizon>?</siri:DataHorizon>
               <!--Optional:-->
               <siri:RequestTimeout>?</siri:RequestTimeout>
               <!--Optional:-->
               <siri:DeliveryMethod>direct</siri:DeliveryMethod>
               <!--Optional:-->
               <siri:MultipartDespatch>?</siri:MultipartDespatch>
               <!--Optional:-->
               <siri:ConfirmDelivery>false</siri:ConfirmDelivery>
               <!--Optional:-->
               <siri:MaximimumNumberOfSubscriptions>?</siri:MaximimumNumberOfSubscriptions>
               <!--Optional:-->
               <siri:AllowedPredictors>anyone</siri:AllowedPredictors>
               <!--Optional:-->
               <siri:PredictionFunction>?</siri:PredictionFunction>
            </siri:ServiceRequestContext>
            <siri:RequestTimestamp>?</siri:RequestTimestamp>
            <!--Optional:-->
            <siri:AccountId>?</siri:AccountId>
            <!--Optional:-->
            <siri:AccountKey>?</siri:AccountKey>
            <!--Optional:-->
            <siri:Address>?</siri:Address>
            <siri:RequestorRef>?</siri:RequestorRef>
            <!--Optional:-->
            <siri:MessageIdentifier>?</siri:MessageIdentifier>
            <!--Optional:-->
            <siri:DelegatorAddress>?</siri:DelegatorAddress>
            <!--Optional:-->
            <siri:DelegatorRef>?</siri:DelegatorRef>
         </ServiceRequestInfo>
         <Request version="2.0">
            <siri:RequestTimestamp>?</siri:RequestTimestamp>
            <!--Optional:-->
            <siri:MessageIdentifier>?</siri:MessageIdentifier>
            <!--Optional:-->
            <siri:VehicleMonitoringRef>?</siri:VehicleMonitoringRef>
            <!--You have a CHOICE of the next 2 items at this level-->
            <siri:VehicleRef>?</siri:VehicleRef>
            <siri:LineRef>?</siri:LineRef>
            <!--Optional:-->
            <siri:DirectionRef>?</siri:DirectionRef>
            <!--Optional:-->
            <siri:Language>en</siri:Language>
            <!--Optional:-->
            <siri:IncludeTranslations>?</siri:IncludeTranslations>
            <!--Optional:-->
            <siri:MaximumVehicles>?</siri:MaximumVehicles>
            <!--Optional:-->
            <siri:VehicleMonitoringDetailLevel>?</siri:VehicleMonitoringDetailLevel>
            <!--Optional:-->
            <siri:MaximumNumberOfCalls>
               <!--Optional:-->
               <siri:Previous>?</siri:Previous>
               <!--Optional:-->
               <siri:Onwards>?</siri:Onwards>
            </siri:MaximumNumberOfCalls>
            <!--Optional:-->
            <siri:IncludeSituations>?</siri:IncludeSituations>
            <!--Optional:-->
            <siri:Extensions>
               <!--You may enter ANY elements at this point-->
            </siri:Extensions>
         </Request>
         <RequestExtension>
            <!--You may enter ANY elements at this point-->
         </RequestExtension>
      </wsdl:GetVehicleMonitoring>
   </soapenv:Body>
</soapenv:Envelope>]]></con:request><con:wsaConfig mustUnderstand="NONE" version="200508" action="GetVehicleMonitoring"/></con:call></con:operation><con:operation isOneWay="false" action="LinesDiscovery" name="LinesDiscovery" bindingOperationName="LinesDiscovery" type="Request-Response" inputName="" receivesAttachments="false" sendsAttachments="false" anonymous="optional"><con:settings/><con:call name="Request 1"><con:settings/><con:encoding>UTF-8</con:encoding><con:endpoint>http://www.siri-service-location.com</con:endpoint><con:request><![CDATA[<soapenv:Envelope xmlns:soapenv="http://schemas.xmlsoap.org/soap/envelope/" xmlns:wsdl="http://wsdl.siri.org.uk" xmlns:siri="http://www.siri.org.uk/siri">
   <soapenv:Header/>
   <soapenv:Body>
      <wsdl:LinesDiscovery>
         <Request version="2.0">
            <siri:RequestTimestamp>?</siri:RequestTimestamp>
            <!--Optional:-->
            <siri:AccountId>?</siri:AccountId>
            <!--Optional:-->
            <siri:AccountKey>?</siri:AccountKey>
            <!--Optional:-->
            <siri:Address>?</siri:Address>
            <siri:RequestorRef>?</siri:RequestorRef>
            <!--Optional:-->
            <siri:MessageIdentifier>?</siri:MessageIdentifier>
            <!--You have a CHOICE of the next 4 items at this level-->
            <siri:BoundingBox>
               <siri:UpperLeft id="?" srsName="?">
                  <!--You have a CHOICE of the next 2 items at this level-->
                  <siri:Longitude>?</siri:Longitude>
                  <siri:Latitude>?</siri:Latitude>
                  <siri:Coordinates>?</siri:Coordinates>
                  <!--Optional:-->
                  <siri:Precision>?</siri:Precision>
               </siri:UpperLeft>
               <siri:LowerRight id="?" srsName="?">
                  <!--You have a CHOICE of the next 2 items at this level-->
                  <siri:Longitude>?</siri:Longitude>
                  <siri:Latitude>?</siri:Latitude>
                  <siri:Coordinates>?</siri:Coordinates>
                  <!--Optional:-->
                  <siri:Precision>?</siri:Precision>
               </siri:LowerRight>
            </siri:BoundingBox>
            <siri:Circle id="?" srsName="?">
               <!--You have a CHOICE of the next 2 items at this level-->
               <siri:Longitude>?</siri:Longitude>
               <siri:Latitude>?</siri:Latitude>
               <siri:Coordinates>?</siri:Coordinates>
               <!--Optional:-->
               <siri:Precision>?</siri:Precision>
            </siri:Circle>
            <siri:PlaceRef>?</siri:PlaceRef>
            <siri:LineDirectionRef>
               <siri:LineRef>?</siri:LineRef>
               <!--Optional:-->
               <siri:DirectionRef>?</siri:DirectionRef>
            </siri:LineDirectionRef>
            <!--Optional:-->
            <siri:OperatorRef>?</siri:OperatorRef>
            <!--Optional:-->
            <siri:Language>en</siri:Language>
            <!--Optional:-->
            <siri:LinesDetailLevel>normal</siri:LinesDetailLevel>
         </Request>
         <RequestExtension>
            <!--You may enter ANY elements at this point-->
         </RequestExtension>
      </wsdl:LinesDiscovery>
   </soapenv:Body>
</soapenv:Envelope>]]></con:request><con:wsaConfig mustUnderstand="NONE" version="200508" action="LinesDiscovery"/></con:call></con:operation><con:operation isOneWay="false" action="StopPointsDiscovery" name="StopPointsDiscovery" bindingOperationName="StopPointsDiscovery" type="Request-Response" inputName="" receivesAttachments="false" sendsAttachments="false" anonymous="optional"><con:settings/><con:call name="Request 1"><con:settings/><con:encoding>UTF-8</con:encoding><con:endpoint>http://www.siri-service-location.com</con:endpoint><con:request><![CDATA[<soapenv:Envelope xmlns:soapenv="http://schemas.xmlsoap.org/soap/envelope/" xmlns:wsdl="http://wsdl.siri.org.uk" xmlns:siri="http://www.siri.org.uk/siri">
   <soapenv:Header/>
   <soapenv:Body>
      <wsdl:StopPointsDiscovery>
         <Request version="2.0">
            <siri:RequestTimestamp>?</siri:RequestTimestamp>
            <!--Optional:-->
            <siri:AccountId>?</siri:AccountId>
            <!--Optional:-->
            <siri:AccountKey>?</siri:AccountKey>
            <!--Optional:-->
            <siri:Address>?</siri:Address>
            <siri:RequestorRef>?</siri:RequestorRef>
            <!--Optional:-->
            <siri:MessageIdentifier>?</siri:MessageIdentifier>
            <!--You have a CHOICE of the next 3 items at this level-->
            <!--Optional:-->
            <siri:BoundingBox>
               <siri:UpperLeft id="?" srsName="?">
                  <!--You have a CHOICE of the next 2 items at this level-->
                  <siri:Longitude>?</siri:Longitude>
                  <siri:Latitude>?</siri:Latitude>
                  <siri:Coordinates>?</siri:Coordinates>
                  <!--Optional:-->
                  <siri:Precision>?</siri:Precision>
               </siri:UpperLeft>
               <siri:LowerRight id="?" srsName="?">
                  <!--You have a CHOICE of the next 2 items at this level-->
                  <siri:Longitude>?</siri:Longitude>
                  <siri:Latitude>?</siri:Latitude>
                  <siri:Coordinates>?</siri:Coordinates>
                  <!--Optional:-->
                  <siri:Precision>?</siri:Precision>
               </siri:LowerRight>
            </siri:BoundingBox>
            <!--Optional:-->
            <siri:Circle id="?" srsName="?">
               <!--You have a CHOICE of the next 2 items at this level-->
               <siri:Longitude>?</siri:Longitude>
               <siri:Latitude>?</siri:Latitude>
               <siri:Coordinates>?</siri:Coordinates>
               <!--Optional:-->
               <siri:Precision>?</siri:Precision>
            </siri:Circle>
            <!--Optional:-->
            <siri:PlaceRef>?</siri:PlaceRef>
            <!--Optional:-->
            <siri:OperatorRef>?</siri:OperatorRef>
            <!--Optional:-->
            <siri:LineRef>?</siri:LineRef>
            <!--Optional:-->
            <siri:Language>en</siri:Language>
            <!--Optional:-->
            <siri:StopPointsDetailLevel>normal</siri:StopPointsDetailLevel>
         </Request>
         <RequestExtension>
            <!--You may enter ANY elements at this point-->
         </RequestExtension>
      </wsdl:StopPointsDiscovery>
   </soapenv:Body>
</soapenv:Envelope>]]></con:request><con:wsaConfig mustUnderstand="NONE" version="200508" action="StopPointsDiscovery"/></con:call></con:operation><con:operation isOneWay="false" action="Subscribe" name="Subscribe" bindingOperationName="Subscribe" type="Request-Response" inputName="" receivesAttachments="false" sendsAttachments="false" anonymous="optional"><con:settings/><con:call name="Request 1"><con:settings/><con:encoding>UTF-8</con:encoding><con:endpoint>http://www.siri-service-location.com</con:endpoint><con:request><![CDATA[<soapenv:Envelope xmlns:soapenv="http://schemas.xmlsoap.org/soap/envelope/" xmlns:wsdl="http://wsdl.siri.org.uk" xmlns:siri="http://www.siri.org.uk/siri" xmlns:acsb="http://www.ifopt.org.uk/acsb">
   <soapenv:Header/>
   <soapenv:Body>
      <wsdl:Subscribe>
         <SubscriptionRequestInfo>
            <siri:RequestTimestamp>?</siri:RequestTimestamp>
            <!--Optional:-->
            <siri:AccountId>?</siri:AccountId>
            <!--Optional:-->
            <siri:AccountKey>?</siri:AccountKey>
            <!--Optional:-->
            <siri:Address>?</siri:Address>
            <siri:RequestorRef>?</siri:RequestorRef>
            <!--Optional:-->
            <siri:MessageIdentifier>?</siri:MessageIdentifier>
            <!--Optional:-->
            <siri:DelegatorAddress>?</siri:DelegatorAddress>
            <!--Optional:-->
            <siri:DelegatorRef>?</siri:DelegatorRef>
            <!--Optional:-->
            <siri:ConsumerAddress>?</siri:ConsumerAddress>
            <!--Optional:-->
            <siri:SubscriptionFilterIdentifier>?</siri:SubscriptionFilterIdentifier>
            <!--Optional:-->
            <siri:SubscriptionContext>
               <!--Optional:-->
               <siri:HeartbeatInterval>?</siri:HeartbeatInterval>
            </siri:SubscriptionContext>
         </SubscriptionRequestInfo>
         <Request>
            <!--You have a CHOICE of the next 10 items at this level-->
            <!--1 or more repetitions:-->
            <siri:ProductionTimetableSubscriptionRequest>
               <!--Optional:-->
               <siri:SubscriberRef>?</siri:SubscriberRef>
               <siri:SubscriptionIdentifier>?</siri:SubscriptionIdentifier>
               <siri:InitialTerminationTime>?</siri:InitialTerminationTime>
               <siri:ProductionTimetableRequest version="2.0">
                  <siri:RequestTimestamp>?</siri:RequestTimestamp>
                  <!--Optional:-->
                  <siri:MessageIdentifier>?</siri:MessageIdentifier>
                  <!--Optional:-->
                  <siri:ValidityPeriod>
                     <siri:StartTime>?</siri:StartTime>
                     <siri:EndTime>?</siri:EndTime>
                  </siri:ValidityPeriod>
                  <!--Optional:-->
                  <siri:TimetableVersionRef>?</siri:TimetableVersionRef>
                  <!--Zero or more repetitions:-->
                  <siri:OperatorRef>?</siri:OperatorRef>
                  <!--Optional:-->
                  <siri:Lines>
                     <!--1 or more repetitions:-->
                     <siri:LineDirection>
                        <siri:LineRef>?</siri:LineRef>
                        <!--Optional:-->
                        <siri:DirectionRef>?</siri:DirectionRef>
                     </siri:LineDirection>
                  </siri:Lines>
                  <!--Optional:-->
                  <siri:Language>en</siri:Language>
                  <!--Optional:-->
                  <siri:IncludeTranslations>?</siri:IncludeTranslations>
                  <!--Optional:-->
                  <siri:IncrementalUpdates>false</siri:IncrementalUpdates>
                  <!--Optional:-->
                  <siri:Extensions>
                     <!--You may enter ANY elements at this point-->
                  </siri:Extensions>
               </siri:ProductionTimetableRequest>
               <!--Optional:-->
               <siri:IncrementalUpdates>false</siri:IncrementalUpdates>
               <!--Optional:-->
               <siri:Extensions>
                  <!--You may enter ANY elements at this point-->
               </siri:Extensions>
            </siri:ProductionTimetableSubscriptionRequest>
            <!--1 or more repetitions:-->
            <siri:EstimatedTimetableSubscriptionRequest>
               <!--Optional:-->
               <siri:SubscriberRef>?</siri:SubscriberRef>
               <siri:SubscriptionIdentifier>?</siri:SubscriptionIdentifier>
               <siri:InitialTerminationTime>?</siri:InitialTerminationTime>
               <siri:EstimatedTimetableRequest version="2.0">
                  <siri:RequestTimestamp>?</siri:RequestTimestamp>
                  <!--Optional:-->
                  <siri:MessageIdentifier>?</siri:MessageIdentifier>
                  <!--Optional:-->
                  <siri:PreviewInterval>?</siri:PreviewInterval>
                  <!--Optional:-->
                  <siri:TimetableVersionRef>?</siri:TimetableVersionRef>
                  <!--Zero or more repetitions:-->
                  <siri:OperatorRef>?</siri:OperatorRef>
                  <!--Optional:-->
                  <siri:Lines>
                     <!--1 or more repetitions:-->
                     <siri:LineDirection>
                        <siri:LineRef>?</siri:LineRef>
                        <!--Optional:-->
                        <siri:DirectionRef>?</siri:DirectionRef>
                     </siri:LineDirection>
                  </siri:Lines>
                  <!--Optional:-->
                  <siri:Language>en</siri:Language>
                  <!--Optional:-->
                  <siri:IncludeTranslations>?</siri:IncludeTranslations>
                  <!--Optional:-->
                  <siri:EstimatedTimetableDetailLevel>?</siri:EstimatedTimetableDetailLevel>
                  <!--Optional:-->
                  <siri:Extensions>
                     <!--You may enter ANY elements at this point-->
                  </siri:Extensions>
               </siri:EstimatedTimetableRequest>
               <!--Optional:-->
               <siri:IncrementalUpdates>true</siri:IncrementalUpdates>
               <!--Optional:-->
               <siri:ChangeBeforeUpdates>?</siri:ChangeBeforeUpdates>
               <!--Optional:-->
               <siri:Extensions>
                  <!--You may enter ANY elements at this point-->
               </siri:Extensions>
            </siri:EstimatedTimetableSubscriptionRequest>
            <!--1 or more repetitions:-->
            <siri:StopTimetableSubscriptionRequest>
               <!--Optional:-->
               <siri:SubscriberRef>?</siri:SubscriberRef>
               <siri:SubscriptionIdentifier>?</siri:SubscriptionIdentifier>
               <siri:InitialTerminationTime>?</siri:InitialTerminationTime>
               <siri:StopTimetableRequest version="2.0">
                  <siri:RequestTimestamp>?</siri:RequestTimestamp>
                  <!--Optional:-->
                  <siri:MessageIdentifier>?</siri:MessageIdentifier>
                  <!--Optional:-->
                  <siri:DepartureWindow>
                     <siri:StartTime>?</siri:StartTime>
                     <siri:EndTime>?</siri:EndTime>
                  </siri:DepartureWindow>
                  <siri:MonitoringRef>?</siri:MonitoringRef>
                  <!--Optional:-->
                  <siri:LineRef>?</siri:LineRef>
                  <!--Optional:-->
                  <siri:DirectionRef>?</siri:DirectionRef>
                  <!--Optional:-->
                  <siri:Language>en</siri:Language>
                  <!--Optional:-->
                  <siri:IncludeTranslations>?</siri:IncludeTranslations>
                  <!--Optional:-->
                  <siri:Extensions>
                     <!--You may enter ANY elements at this point-->
                  </siri:Extensions>
               </siri:StopTimetableRequest>
               <!--Optional:-->
               <siri:IncrementalUpdates>false</siri:IncrementalUpdates>
               <!--Optional:-->
               <siri:ChangeBeforeUpdates>?</siri:ChangeBeforeUpdates>
               <!--Optional:-->
               <siri:Extensions>
                  <!--You may enter ANY elements at this point-->
               </siri:Extensions>
            </siri:StopTimetableSubscriptionRequest>
            <!--1 or more repetitions:-->
            <siri:StopMonitoringSubscriptionRequest>
               <!--Optional:-->
               <siri:SubscriberRef>?</siri:SubscriberRef>
               <siri:SubscriptionIdentifier>?</siri:SubscriptionIdentifier>
               <siri:InitialTerminationTime>?</siri:InitialTerminationTime>
               <siri:StopMonitoringRequest version="2.0">
                  <siri:RequestTimestamp>?</siri:RequestTimestamp>
                  <!--Optional:-->
                  <siri:MessageIdentifier>?</siri:MessageIdentifier>
                  <!--Optional:-->
                  <siri:PreviewInterval>?</siri:PreviewInterval>
                  <!--Optional:-->
                  <siri:StartTime>?</siri:StartTime>
                  <siri:MonitoringRef>?</siri:MonitoringRef>
                  <!--Optional:-->
                  <siri:OperatorRef>?</siri:OperatorRef>
                  <!--Optional:-->
                  <siri:LineRef>?</siri:LineRef>
                  <!--Optional:-->
                  <siri:DirectionRef>?</siri:DirectionRef>
                  <!--Optional:-->
                  <siri:DestinationRef>?</siri:DestinationRef>
                  <!--Optional:-->
                  <siri:StopVisitTypes>all</siri:StopVisitTypes>
                  <!--Optional:-->
                  <siri:Language>false</siri:Language>
                  <!--Optional:-->
                  <siri:IncludeTranslations>?</siri:IncludeTranslations>
                  <!--Optional:-->
                  <siri:MaximumStopVisits>?</siri:MaximumStopVisits>
                  <!--You have a CHOICE of the next 2 items at this level-->
                  <!--Optional:-->
                  <siri:MinimumStopVisitsPerLine>?</siri:MinimumStopVisitsPerLine>
                  <!--Optional:-->
                  <siri:MinimumStopVisitsPerLineVia>?</siri:MinimumStopVisitsPerLineVia>
                  <!--Optional:-->
                  <siri:MaximumTextLength>30</siri:MaximumTextLength>
                  <!--Optional:-->
                  <siri:StopMonitoringDetailLevel>normal</siri:StopMonitoringDetailLevel>
                  <!--Optional:-->
                  <siri:IncludeSituations>?</siri:IncludeSituations>
                  <!--Optional:-->
                  <siri:MaximumNumberOfCalls>
                     <!--Optional:-->
                     <siri:Previous>?</siri:Previous>
                     <!--Optional:-->
                     <siri:Onwards>?</siri:Onwards>
                  </siri:MaximumNumberOfCalls>
                  <!--Optional:-->
                  <siri:Extensions>
                     <!--You may enter ANY elements at this point-->
                  </siri:Extensions>
               </siri:StopMonitoringRequest>
               <!--Optional:-->
               <siri:IncrementalUpdates>false</siri:IncrementalUpdates>
               <!--Optional:-->
               <siri:ChangeBeforeUpdates>?</siri:ChangeBeforeUpdates>
               <!--Optional:-->
               <siri:Extensions>
                  <!--You may enter ANY elements at this point-->
               </siri:Extensions>
            </siri:StopMonitoringSubscriptionRequest>
            <!--1 or more repetitions:-->
            <siri:VehicleMonitoringSubscriptionRequest>
               <!--Optional:-->
               <siri:SubscriberRef>?</siri:SubscriberRef>
               <siri:SubscriptionIdentifier>?</siri:SubscriptionIdentifier>
               <siri:InitialTerminationTime>?</siri:InitialTerminationTime>
               <siri:VehicleMonitoringRequest version="2.0">
                  <siri:RequestTimestamp>?</siri:RequestTimestamp>
                  <!--Optional:-->
                  <siri:MessageIdentifier>?</siri:MessageIdentifier>
                  <!--Optional:-->
                  <siri:VehicleMonitoringRef>?</siri:VehicleMonitoringRef>
                  <!--You have a CHOICE of the next 2 items at this level-->
                  <siri:VehicleRef>?</siri:VehicleRef>
                  <siri:LineRef>?</siri:LineRef>
                  <!--Optional:-->
                  <siri:DirectionRef>?</siri:DirectionRef>
                  <!--Optional:-->
                  <siri:Language>en</siri:Language>
                  <!--Optional:-->
                  <siri:IncludeTranslations>?</siri:IncludeTranslations>
                  <!--Optional:-->
                  <siri:MaximumVehicles>?</siri:MaximumVehicles>
                  <!--Optional:-->
                  <siri:VehicleMonitoringDetailLevel>?</siri:VehicleMonitoringDetailLevel>
                  <!--Optional:-->
                  <siri:MaximumNumberOfCalls>
                     <!--Optional:-->
                     <siri:Previous>?</siri:Previous>
                     <!--Optional:-->
                     <siri:Onwards>?</siri:Onwards>
                  </siri:MaximumNumberOfCalls>
                  <!--Optional:-->
                  <siri:IncludeSituations>?</siri:IncludeSituations>
                  <!--Optional:-->
                  <siri:Extensions>
                     <!--You may enter ANY elements at this point-->
                  </siri:Extensions>
               </siri:VehicleMonitoringRequest>
               <!--Optional:-->
               <siri:IncrementalUpdates>false</siri:IncrementalUpdates>
               <!--You have a CHOICE of the next 2 items at this level-->
               <!--Optional:-->
               <siri:ChangeBeforeUpdates>?</siri:ChangeBeforeUpdates>
               <!--Optional:-->
               <siri:UpdateInterval>?</siri:UpdateInterval>
               <!--Optional:-->
               <siri:Extensions>
                  <!--You may enter ANY elements at this point-->
               </siri:Extensions>
            </siri:VehicleMonitoringSubscriptionRequest>
            <!--1 or more repetitions:-->
            <siri:ConnectionTimetableSubscriptionRequest>
               <!--Optional:-->
               <siri:SubscriberRef>?</siri:SubscriberRef>
               <siri:SubscriptionIdentifier>?</siri:SubscriptionIdentifier>
               <siri:InitialTerminationTime>?</siri:InitialTerminationTime>
               <siri:ConnectionTimetableRequest version="2.0">
                  <siri:RequestTimestamp>?</siri:RequestTimestamp>
                  <!--Optional:-->
                  <siri:MessageIdentifier>?</siri:MessageIdentifier>
                  <!--Optional:-->
                  <siri:ArrivalWindow>
                     <siri:StartTime>?</siri:StartTime>
                     <siri:EndTime>?</siri:EndTime>
                  </siri:ArrivalWindow>
                  <siri:ConnectionLinkRef>?</siri:ConnectionLinkRef>
                  <!--Optional:-->
                  <siri:LineRef>?</siri:LineRef>
                  <!--Optional:-->
                  <siri:DirectionRef>?</siri:DirectionRef>
                  <!--Optional:-->
                  <siri:Language>en</siri:Language>
                  <!--Optional:-->
                  <siri:IncludeTranslations>?</siri:IncludeTranslations>
                  <!--Optional:-->
                  <siri:Extensions>
                     <!--You may enter ANY elements at this point-->
                  </siri:Extensions>
               </siri:ConnectionTimetableRequest>
               <!--Optional:-->
               <siri:Extensions>
                  <!--You may enter ANY elements at this point-->
               </siri:Extensions>
            </siri:ConnectionTimetableSubscriptionRequest>
            <!--1 or more repetitions:-->
            <siri:ConnectionMonitoringSubscriptionRequest>
               <!--Optional:-->
               <siri:SubscriberRef>?</siri:SubscriberRef>
               <siri:SubscriptionIdentifier>?</siri:SubscriptionIdentifier>
               <siri:InitialTerminationTime>?</siri:InitialTerminationTime>
               <siri:ConnectionMonitoringRequest version="2.0">
                  <siri:RequestTimestamp>?</siri:RequestTimestamp>
                  <!--Optional:-->
                  <siri:MessageIdentifier>?</siri:MessageIdentifier>
                  <!--Optional:-->
                  <siri:PreviewInterval>?</siri:PreviewInterval>
                  <siri:ConnectionLinkRef>?</siri:ConnectionLinkRef>
                  <!--You have a CHOICE of the next 2 items at this level-->
                  <siri:ConnectingTimeFilter>
                     <siri:LineRef>?</siri:LineRef>
                     <siri:DirectionRef>?</siri:DirectionRef>
                     <!--Optional:-->
                     <siri:EarliestArrivalTime>?</siri:EarliestArrivalTime>
                     <!--Optional:-->
                     <siri:LatestArrivalTime>?</siri:LatestArrivalTime>
                  </siri:ConnectingTimeFilter>
                  <!--1 or more repetitions:-->
                  <siri:ConnectingJourneyFilter>
                     <siri:DatedVehicleJourneyRef>?</siri:DatedVehicleJourneyRef>
                     <!--Optional:-->
                     <siri:VisitNumber>?</siri:VisitNumber>
                     <siri:TimetabledArrivalTime>?</siri:TimetabledArrivalTime>
                  </siri:ConnectingJourneyFilter>
                  <!--Optional:-->
                  <siri:Language>en</siri:Language>
                  <!--Optional:-->
                  <siri:IncludeTranslations>?</siri:IncludeTranslations>
                  <!--Optional:-->
                  <siri:ConnectionMonitoringDetailLevel>?</siri:ConnectionMonitoringDetailLevel>
                  <!--Optional:-->
                  <siri:Extensions>
                     <!--You may enter ANY elements at this point-->
                  </siri:Extensions>
               </siri:ConnectionMonitoringRequest>
               <!--Optional:-->
               <siri:ChangeBeforeUpdates>?</siri:ChangeBeforeUpdates>
               <!--Optional:-->
               <siri:Extensions>
                  <!--You may enter ANY elements at this point-->
               </siri:Extensions>
            </siri:ConnectionMonitoringSubscriptionRequest>
            <!--1 or more repetitions:-->
            <siri:GeneralMessageSubscriptionRequest>
               <!--Optional:-->
               <siri:SubscriberRef>?</siri:SubscriberRef>
               <siri:SubscriptionIdentifier>?</siri:SubscriptionIdentifier>
               <siri:InitialTerminationTime>?</siri:InitialTerminationTime>
               <siri:GeneralMessageRequest version="2.0">
                  <siri:RequestTimestamp>?</siri:RequestTimestamp>
                  <!--Optional:-->
                  <siri:MessageIdentifier>?</siri:MessageIdentifier>
                  <!--Zero or more repetitions:-->
                  <siri:InfoChannelRef>?</siri:InfoChannelRef>
                  <!--Optional:-->
                  <siri:Language>en</siri:Language>
                  <!--Optional:-->
                  <siri:Extensions>
                     <!--You may enter ANY elements at this point-->
                  </siri:Extensions>
               </siri:GeneralMessageRequest>
               <!--Optional:-->
               <siri:Extensions>
                  <!--You may enter ANY elements at this point-->
               </siri:Extensions>
            </siri:GeneralMessageSubscriptionRequest>
            <!--1 or more repetitions:-->
            <siri:FacilityMonitoringSubscriptionRequest>
               <!--Optional:-->
               <siri:SubscriberRef>?</siri:SubscriberRef>
               <siri:SubscriptionIdentifier>?</siri:SubscriptionIdentifier>
               <siri:InitialTerminationTime>?</siri:InitialTerminationTime>
               <siri:FacilityMonitoringRequest version="2.0">
                  <siri:RequestTimestamp>?</siri:RequestTimestamp>
                  <!--Optional:-->
                  <siri:MessageIdentifier>?</siri:MessageIdentifier>
                  <!--Optional:-->
                  <siri:PreviewInterval>?</siri:PreviewInterval>
                  <!--Optional:-->
                  <siri:StartTime>?</siri:StartTime>
                  <!--Zero or more repetitions:-->
                  <siri:FacilityRef>?</siri:FacilityRef>
                  <!--Optional:-->
                  <siri:FeatureRef>?</siri:FeatureRef>
                  <!--Optional:-->
                  <siri:LineRef>?</siri:LineRef>
                  <!--Optional:-->
                  <siri:StopPointRef>?</siri:StopPointRef>
                  <!--Optional:-->
                  <siri:ConnectionLinkRef>?</siri:ConnectionLinkRef>
                  <!--You have a CHOICE of the next 2 items at this level-->
                  <siri:FramedVehicleJourneyRef>
                     <siri:DataFrameRef>?</siri:DataFrameRef>
                     <siri:DatedVehicleJourneyRef>?</siri:DatedVehicleJourneyRef>
                  </siri:FramedVehicleJourneyRef>
                  <siri:VehicleJourneyRef>?</siri:VehicleJourneyRef>
                  <!--Optional:-->
                  <siri:InterchangeRef>?</siri:InterchangeRef>
                  <!--Optional:-->
                  <siri:VehicleRef>?</siri:VehicleRef>
                  <!--Optional:-->
                  <siri:StopPlaceRef>?</siri:StopPlaceRef>
                  <!--Optional:-->
                  <siri:StopPlaceComponentRef>?</siri:StopPlaceComponentRef>
                  <!--Zero or more repetitions:-->
                  <siri:AccessibilityNeedsFilter>
                     <!--1 or more repetitions:-->
                     <siri:UserNeed>
                        <!--You have a CHOICE of the next 4 items at this level-->
                        <acsb:MobilityNeed>?</acsb:MobilityNeed>
                        <acsb:PsychosensoryNeed>?</acsb:PsychosensoryNeed>
                        <acsb:MedicalNeed>?</acsb:MedicalNeed>
                        <acsb:EncumbranceNeed>?</acsb:EncumbranceNeed>
                        <!--Optional:-->
                        <acsb:Excluded>?</acsb:Excluded>
                        <!--Optional:-->
                        <acsb:NeedRanking>?</acsb:NeedRanking>
                        <!--Optional:-->
                        <acsb:Extensions>?</acsb:Extensions>
                     </siri:UserNeed>
                  </siri:AccessibilityNeedsFilter>
                  <!--Optional:-->
                  <siri:Language>en</siri:Language>
                  <!--Optional:-->
                  <siri:IncludeTranslations>?</siri:IncludeTranslations>
                  <!--Optional:-->
                  <siri:MaximumNumberOfFacilityConditions>?</siri:MaximumNumberOfFacilityConditions>
                  <!--Optional:-->
                  <siri:Extensions>
                     <!--You may enter ANY elements at this point-->
                  </siri:Extensions>
               </siri:FacilityMonitoringRequest>
               <!--Optional:-->
               <siri:IncrementalUpdates>false</siri:IncrementalUpdates>
               <!--Optional:-->
               <siri:Extensions>
                  <!--You may enter ANY elements at this point-->
               </siri:Extensions>
            </siri:FacilityMonitoringSubscriptionRequest>
            <!--1 or more repetitions:-->
            <siri:SituationExchangeSubscriptionRequest>
               <!--Optional:-->
               <siri:SubscriberRef>?</siri:SubscriberRef>
               <siri:SubscriptionIdentifier>?</siri:SubscriptionIdentifier>
               <siri:InitialTerminationTime>?</siri:InitialTerminationTime>
               <siri:SituationExchangeRequest version="2.0">
                  <siri:RequestTimestamp>?</siri:RequestTimestamp>
                  <!--Optional:-->
                  <siri:MessageIdentifier>?</siri:MessageIdentifier>
                  <!--Optional:-->
                  <siri:PreviewInterval>?</siri:PreviewInterval>
                  <!--Optional:-->
                  <siri:StartTime>?</siri:StartTime>
                  <!--Optional:-->
                  <siri:VehicleMode>unknown</siri:VehicleMode>
                  <!--You have a CHOICE of the next 7 items at this level-->
                  <siri:AirSubmode>unknown</siri:AirSubmode>
                  <siri:BusSubmode>unknown</siri:BusSubmode>
                  <siri:CoachSubmode>unknown</siri:CoachSubmode>
                  <siri:MetroSubmode>unknown</siri:MetroSubmode>
                  <siri:RailSubmode>unknown</siri:RailSubmode>
                  <siri:TramSubmode>unknown</siri:TramSubmode>
                  <siri:WaterSubmode>unknown</siri:WaterSubmode>
                  <!--Optional:-->
                  <siri:AccessMode>?</siri:AccessMode>
                  <!--Optional:-->
                  <siri:Severity>?</siri:Severity>
                  <!--Zero or more repetitions:-->
                  <siri:Scope>?</siri:Scope>
                  <!--Optional:-->
                  <siri:Predictability>?</siri:Predictability>
                  <!--Optional:-->
                  <siri:Keywords>?</siri:Keywords>
                  <!--Optional:-->
                  <siri:Verification>?</siri:Verification>
                  <!--Zero or more repetitions:-->
                  <siri:Progress>open</siri:Progress>
                  <!--Optional:-->
                  <siri:Reality>?</siri:Reality>
                  <!--Optional:-->
                  <siri:OperatorRef>?</siri:OperatorRef>
                  <!--Zero or more repetitions:-->
                  <siri:OperationalUnitRef>?</siri:OperationalUnitRef>
                  <!--Optional:-->
                  <siri:NetworkRef>?</siri:NetworkRef>
                  <!--Zero or more repetitions:-->
                  <siri:LineRef>?</siri:LineRef>
                  <!--Optional:-->
                  <siri:StopPointRef>?</siri:StopPointRef>
                  <!--Zero or more repetitions:-->
                  <siri:ConnectionLinkRef>?</siri:ConnectionLinkRef>
                  <!--Zero or more repetitions:-->
                  <siri:FacilityRef>?</siri:FacilityRef>
                  <!--Optional:-->
                  <siri:StopPlaceRef>?</siri:StopPlaceRef>
                  <!--You have a CHOICE of the next 2 items at this level-->
                  <siri:FramedVehicleJourneyRef>
                     <siri:DataFrameRef>?</siri:DataFrameRef>
                     <siri:DatedVehicleJourneyRef>?</siri:DatedVehicleJourneyRef>
                  </siri:FramedVehicleJourneyRef>
                  <siri:VehicleJourneyRef>?</siri:VehicleJourneyRef>
                  <!--Optional:-->
                  <siri:InterchangeRef>?</siri:InterchangeRef>
                  <!--Optional:-->
                  <siri:VehicleRef>?</siri:VehicleRef>
                  <!--Optional:-->
                  <siri:CountryRef>?</siri:CountryRef>
                  <!--Optional:-->
                  <siri:PlaceRef>?</siri:PlaceRef>
                  <!--0 to 2 repetitions:-->
                  <siri:Location id="?" srsName="?">
                     <!--You have a CHOICE of the next 2 items at this level-->
                     <siri:Longitude>?</siri:Longitude>
                     <siri:Latitude>?</siri:Latitude>
                     <siri:Coordinates>?</siri:Coordinates>
                     <!--Optional:-->
                     <siri:Precision>?</siri:Precision>
                  </siri:Location>
                  <!--Optional:-->
                  <siri:SituationRoadFilter>
                     <!--1 or more repetitions:-->
                     <siri:RoadFilter>
                        <!--Optional:-->
                        <siri:roadNumber>?</siri:roadNumber>
                        <!--Optional:-->
                        <siri:directionBound>?</siri:directionBound>
                        <!--Optional:-->
                        <siri:referencePointIdentifier>?</siri:referencePointIdentifier>
                     </siri:RoadFilter>
                  </siri:SituationRoadFilter>
                  <!--Zero or more repetitions:-->
                  <siri:AccessibilityNeedFilter>
                     <!--Zero or more repetitions:-->
                     <acsb:UserNeed>
                        <!--You have a CHOICE of the next 4 items at this level-->
                        <acsb:MobilityNeed>?</acsb:MobilityNeed>
                        <acsb:PsychosensoryNeed>?</acsb:PsychosensoryNeed>
                        <acsb:MedicalNeed>?</acsb:MedicalNeed>
                        <acsb:EncumbranceNeed>?</acsb:EncumbranceNeed>
                        <!--Optional:-->
                        <acsb:Excluded>?</acsb:Excluded>
                        <!--Optional:-->
                        <acsb:NeedRanking>?</acsb:NeedRanking>
                        <!--Optional:-->
                        <acsb:Extensions>?</acsb:Extensions>
                     </acsb:UserNeed>
                     <!--Optional:-->
                     <acsb:AccompaniedByCarer>?</acsb:AccompaniedByCarer>
                  </siri:AccessibilityNeedFilter>
                  <!--Optional:-->
                  <siri:Language>en</siri:Language>
                  <!--Optional:-->
                  <siri:IncludeTranslations>?</siri:IncludeTranslations>
                  <!--Optional:-->
                  <siri:MaximumNumberOfSituationElements>?</siri:MaximumNumberOfSituationElements>
                  <!--Optional:-->
                  <siri:Extensions>
                     <!--You may enter ANY elements at this point-->
                  </siri:Extensions>
               </siri:SituationExchangeRequest>
               <!--Optional:-->
               <siri:IncrementalUpdates>false</siri:IncrementalUpdates>
               <!--Optional:-->
               <siri:Extensions>
                  <!--You may enter ANY elements at this point-->
               </siri:Extensions>
            </siri:SituationExchangeSubscriptionRequest>
         </Request>
         <RequestExtension>
            <!--You may enter ANY elements at this point-->
         </RequestExtension>
      </wsdl:Subscribe>
   </soapenv:Body>
</soapenv:Envelope>]]></con:request><con:wsaConfig mustUnderstand="NONE" version="200508" action="Subscribe"/></con:call></con:operation></con:interface><con:mockService port="8080" path="/" host="stif-pc-dev-08" name="test79Producer"><con:settings><con:setting id="com.eviware.soapui.impl.wsdl.mock.WsdlMockService@require-soap-action">false</con:setting></con:settings><con:mockOperation name="GetSiriService" interface="SiriProducerDocBinding" operation="GetSiriService"><con:settings/><con:dispatchStyle>SEQUENCE</con:dispatchStyle><con:defaultResponse>Response 1</con:defaultResponse><con:response name="Response 1" encoding="UTF-8"><con:settings/><con:script>// create XmlHolder for request content
def holder = new com.eviware.soapui.support.XmlHolder( mockRequest.requestContent )
def fournisseur = "SNCF-ACCES"
// define namespace
holder.namespaces["siri"] = "http://www.siri.org.uk/siri"
// récupération de l'id message de la request
requestContext.idMessage = holder["//siri:MessageIdentifier"]
requestContext.monitoringRef1 = holder["//siri:MonitoringRef"]
requestContext.version = holder["//Request/@version"].toString()

// identifiant utilisé (en coherence avec le dataset redis)
requestContext.producerRef="SNCF-ACCES"
requestContext.recordedAtTime = javax.xml.datatype.DatatypeFactory.newInstance().newXMLGregorianCalendar(GregorianCalendar.getInstance())
requestContext.lineRef="STIF:Line::004004009"
requestContext.dataFrameRef="any"
requestContext.datedVehicleJourneyRef=fournisseur+":VehicleJourney::1:LOC"
requestContext.journeyPatternRef=fournisseur+":JourneyPattern::1:LOC"
requestContext.journeyPatternName="mission1"
requestContext.publishedLineName="N"
requestContext.routeRef=fournisseur+":Route::1:LOC"
requestContext.directionName="Rambouillet"
requestContext.operatorRef=fournisseur+":Operator::SNCF:"
requestContext.originRef="STIF:StopPoint:Q:108935:"
requestContext.originName="Arrêt 1"
requestContext.placeRef="STIF:StopPoint:Q:108943:"
requestContext.placeName="Arrêt 5"
requestContext.destinationRef="STIF:StopPoint:Q:108949:"
requestContext.destinationName="Arrêt 10"
requestContext.vehicleJourneyName="Course 1"
// heure de départ au 1er arrêt et dernier arrêt de la course
def heureDepartCourse = getHeureSuivante(1)
requestContext.originAimedDepartureTime=heureDepartCourse.toXMLFormat();
requestContext.destinationAimedArrivalTime=getAvecMinuteSeconde(heureDepartCourse,20,0)
// Passage 1 / Arrêt 1
requestContext.itemIdenfier1=fournisseur+":Item::1:LOC"
//MonitoredCall
requestContext.stopPointRef1=requestContext.monitoringRef1
requestContext.stopPointName1="Arrêt 1"

// passage 2 / Arrêt 1
requestContext.itemIdenfier2=fournisseur+":Item::2:LOC"

// Passage 3 / arrêt 2
requestContext.monitoringRef2 = holder["//siri:MonitoringRef"]
requestContext.stopPointRef2=requestContext.monitoringRef2
requestContext.stopPointName2="Arrêt 2"
requestContext.itemIdenfier3=fournisseur+":Item::3:LOC"
//MonitoredCall

// passage 4 / arrêt 2
requestContext.itemIdenfier4=fournisseur+":Item::4:LOC"

// Methodes utilitaires DATE
// Methode Date permettant d'avoir l'heure courante + heure
def getHeureSuivante(int heure){
	def calendar = Calendar.getInstance();
	calendar.add(Calendar.HOUR,heure);
	calendar.set(Calendar.MINUTE, 0);
	calendar.set(Calendar.SECOND, 0);
	calendar.set(Calendar.MILLISECOND, 0);
	def heureSuivante = javax.xml.datatype.DatatypeFactory.newInstance().newXMLGregorianCalendar(calendar);
	return heureSuivante;
}

// Methode permettant de setter les minites et secondes sur l'heure passée
def getAvecMinuteSeconde(javax.xml.datatype.XMLGregorianCalendar xmlCalendar, int minute, int seconde){ 
	Calendar calendar = xmlCalendar.toGregorianCalendar();	
	calendar.set(Calendar.MINUTE, minute);
	calendar.set(Calendar.SECOND, seconde);
	def date = javax.xml.datatype.DatatypeFactory.newInstance().newXMLGregorianCalendar(calendar);
	return date;
      
}</con:script><con:responseContent><![CDATA[<!--Envoi d'un message GetSiri contenant 1 StopMonitoringDelivery contenant 2 MonitoredStopVisit:-->

<soapenv:Envelope xmlns:soapenv="http://schemas.xmlsoap.org/soap/envelope/" xmlns:wsdl="http://wsdl.siri.org.uk" xmlns:siri="http://www.siri.org.uk/siri" xmlns:acsb="http://www.ifopt.org.uk/acsb" xmlns:ifop="http://www.ifopt.org.uk/ifopt" xmlns:_0="http://datex2.eu/schema/2_0RC1/2_0">
   <soapenv:Header/>
   <soapenv:Body>
      <wsdl:GetSiriServiceResponse>
         <Answer srsName="1">
            <siri:ResponseTimestamp>${=javax.xml.datatype.DatatypeFactory.newInstance().newXMLGregorianCalendar(GregorianCalendar.getInstance())}</siri:ResponseTimestamp>
            <!--Optional:-->
            <siri:ProducerRef>${producerRef}</siri:ProducerRef>
            <siri:ResponseMessageIdentifier>${= UUID.randomUUID().toString()}</siri:ResponseMessageIdentifier>
            <!--Optional:-->
            <siri:RequestMessageRef>${idMessage}</siri:RequestMessageRef>
            <!--Optional:-->
            <siri:Status>true</siri:Status>
            <!--Optional:-->
            <siri:MoreData>false</siri:MoreData>
            <!--1er Delivery du 1er arrêt :-->
            <siri:StopMonitoringDelivery version="2.0[FR-IDF-2.4]">
               <siri:ResponseTimestamp>${recordedAtTime}</siri:ResponseTimestamp>
               <siri:RequestMessageRef>${idMessage}</siri:RequestMessageRef>
               <siri:Status>true</siri:Status>
               
               <siri:MonitoringRef>${monitoringRef1}</siri:MonitoringRef>
               <!-- 1 er passage du 1er arrêt-->
               <siri:MonitoredStopVisit>
                  <siri:RecordedAtTime>${recordedAtTime}</siri:RecordedAtTime>
                  <siri:ItemIdentifier>${itemIdenfier1}</siri:ItemIdentifier>
                  <siri:MonitoringRef>${monitoringRef1}</siri:MonitoringRef>
                  <siri:MonitoredVehicleJourney>
                     <siri:LineRef>${lineRef}</siri:LineRef>
                      <!-- FramedVehicleJourneyRef -->
                     <siri:FramedVehicleJourneyRef>
                        <siri:DataFrameRef>${dataFrameRef}</siri:DataFrameRef>
                        <siri:DatedVehicleJourneyRef>${datedVehicleJourneyRef}</siri:DatedVehicleJourneyRef>
                     </siri:FramedVehicleJourneyRef>
                     <!-- JourneyPatternInfoGroup -->
                     <siri:JourneyPatternRef>${journeyPatternRef}</siri:JourneyPatternRef>
                     <siri:JourneyPatternName>${journeyPatternName}</siri:JourneyPatternName>
                     <siri:VehicleMode>rail</siri:VehicleMode>
                     <siri:RouteRef>${routeRef}</siri:RouteRef>
                     <siri:PublishedLineName>${publishedLineName}</siri:PublishedLineName>
                     <siri:DirectionName>${directionName}</siri:DirectionName>
                     <!-- VehicleJourneyInfo-->
                     <!-- ServiceInfo-->
                     <siri:OperatorRef>${operatorRef}</siri:OperatorRef>
                     <siri:ProductCategoryRef>categorie</siri:ProductCategoryRef>
                     <siri:ServiceFeatureRef>train voyageurs</siri:ServiceFeatureRef>
                     <siri:VehicleFeatureRef>longTrain</siri:VehicleFeatureRef>
                     <siri:OriginRef>${originRef}</siri:OriginRef>
                     <siri:OriginName>${originName}</siri:OriginName>
                     <siri:Via> 
                        <siri:PlaceRef>${placeRef}</siri:PlaceRef>
                        <siri:PlaceName>${placeName}</siri:PlaceName>
                     </siri:Via>
                     <siri:DestinationRef>${destinationRef}</siri:DestinationRef>
                     <siri:DestinationName>${destinationName}</siri:DestinationName>
                     <siri:VehicleJourneyName>${vehicleJourneyName}</siri:VehicleJourneyName>
                     <siri:JourneyNote>ceci est une description de course</siri:JourneyNote>
                     <siri:HeadwayService>false</siri:HeadwayService>
                     <siri:OriginAimedDepartureTime>${originAimedDepartureTime}</siri:OriginAimedDepartureTime>
                     <siri:DestinationAimedArrivalTime>${destinationAimedArrivalTime}</siri:DestinationAimedArrivalTime>
                     <siri:FirstOrLastJourney>unspecified</siri:FirstOrLastJourney>
                     <!--JourneyProgressInfo:-->
                     <siri:Monitored>true</siri:Monitored>
                     <!--<siri:MonitoringError></siri:MonitoringError>-->
                     <siri:InCongestion>false</siri:InCongestion>
                     <siri:InPanic>false</siri:InPanic>
                     <siri:VehicleLocation id="1" srsName="1">
                        <siri:Longitude>2.227435</siri:Longitude>
                        <siri:Latitude>48.785067</siri:Latitude>
                        <siri:Coordinates>N 48 47.107, E 2 13.662</siri:Coordinates>
                        <siri:Precision>1</siri:Precision>
                     </siri:VehicleLocation>
                     <siri:Bearing>1</siri:Bearing>
                     <siri:Occupancy>full</siri:Occupancy>
                     <siri:Delay>PT1M</siri:Delay>
                     <siri:TrainNumbers>
                        <siri:TrainNumberRef>5918</siri:TrainNumberRef>
                     </siri:TrainNumbers>
                     <!-- JourneyParts:-->
                     <siri:JourneyParts>
                        <siri:JourneyPartInfo>
                           <siri:JourneyPartRef>5409</siri:JourneyPartRef>
                           <siri:TrainNumberRef>5928:1</siri:TrainNumberRef>
                           <siri:OperatorRef>${operatorRef1}</siri:OperatorRef>
                        </siri:JourneyPartInfo>
                     </siri:JourneyParts>
                     <!-- MonitoredCall 1er passage du 1er arrêt-->
                     <siri:MonitoredCall>
                        <siri:StopPointRef>${stopPointRef1}</siri:StopPointRef>
                        <siri:Order>1</siri:Order> 
                        <siri:StopPointName>${stopPointName1}</siri:StopPointName>
                        <siri:VehicleAtStop>false</siri:VehicleAtStop>
                        <siri:PlatformTraversal>false</siri:PlatformTraversal>
                        <siri:DestinationDisplay>${destinationName}</siri:DestinationDisplay>
                        <siri:AimedArrivalTime>2014-04-30T01:00:00.000Z</siri:AimedArrivalTime>
                        <siri:ActualArrivalTime>2014-04-30T01:00:00.000Z</siri:ActualArrivalTime>
                        <siri:ExpectedArrivalTime>2014-04-30T01:00:00.000Z</siri:ExpectedArrivalTime>
                        <siri:ArrivalStatus>onTime</siri:ArrivalStatus>
                        <siri:ArrivalProximityText>à l'approche</siri:ArrivalProximityText>
                        <siri:ArrivalPlatformName>quai 1</siri:ArrivalPlatformName>
                        <siri:ArrivalStopAssignment>
                           <siri:AimedQuayName>voie 2</siri:AimedQuayName>
                        </siri:ArrivalStopAssignment>
                        <siri:AimedDepartureTime>2014-04-30T01:00:00.000Z</siri:AimedDepartureTime>
                        <siri:ActualDepartureTime>2014-04-30T01:00:00.000Z</siri:ActualDepartureTime>
                        <siri:ExpectedDepartureTime>2014-04-30T01:00:00.000Z</siri:ExpectedDepartureTime>
                        <siri:DepartureStatus>onTime</siri:DepartureStatus>
                        <siri:DeparturePlatformName>quai 1</siri:DeparturePlatformName>
                        <siri:DepartureBoardingActivity>boarding</siri:DepartureBoardingActivity>
                        <siri:AimedHeadwayInterval>PT1M</siri:AimedHeadwayInterval>
                        <siri:ExpectedHeadwayInterval>PT1M</siri:ExpectedHeadwayInterval>
                        <siri:DistanceFromStop>2300</siri:DistanceFromStop>
                        <siri:NumberOfStopsAway>3</siri:NumberOfStopsAway>
                     </siri:MonitoredCall>
                  </siri:MonitoredVehicleJourney>
               </siri:MonitoredStopVisit>
               
                <!-- 2ème passage du 1er arrêt-->
               <siri:MonitoredStopVisit>
                  <siri:RecordedAtTime>${recordedAtTime}</siri:RecordedAtTime>
                  <siri:ItemIdentifier>${itemIdenfier2}</siri:ItemIdentifier>
                  <siri:MonitoringRef>${monitoringRef1}</siri:MonitoringRef>
                  <siri:MonitoredVehicleJourney>
                     <siri:LineRef>${lineRef}</siri:LineRef>
                      <!-- FramedVehicleJourneyRef -->
                     <siri:FramedVehicleJourneyRef>
                        <siri:DataFrameRef>${dataFrameRef}</siri:DataFrameRef>
                        <siri:DatedVehicleJourneyRef>${datedVehicleJourneyRef}</siri:DatedVehicleJourneyRef>
                     </siri:FramedVehicleJourneyRef>
                     <!-- JourneyPatternInfoGroup -->
                     <siri:JourneyPatternRef>${journeyPatternRef}</siri:JourneyPatternRef>
                     <siri:JourneyPatternName>mission2</siri:JourneyPatternName>
                     <siri:VehicleMode>rail</siri:VehicleMode>
                     <siri:RouteRef>${routeRef}</siri:RouteRef>
                     <siri:PublishedLineName>N</siri:PublishedLineName>
                     <siri:DirectionName>Rambouillet</siri:DirectionName>
                     <!-- VehicleJourneyInfo-->
                      <!-- ServiceInfo-->
                     <siri:OperatorRef>${operatorRef}</siri:OperatorRef>
                     <siri:ProductCategoryRef>categorie2</siri:ProductCategoryRef>
                     <siri:ServiceFeatureRef>train voyageurs</siri:ServiceFeatureRef>
                     <siri:VehicleFeatureRef>longTrain</siri:VehicleFeatureRef>
                     <siri:OriginRef>${originRef}</siri:OriginRef>
                     <siri:OriginName>${originName}</siri:OriginName>
                     <siri:Via> 
                        <siri:PlaceRef>${placeRef}</siri:PlaceRef>
                        <siri:PlaceName>${placeName}</siri:PlaceName>
                     </siri:Via>
                     <siri:DestinationRef>${destinationRef}</siri:DestinationRef>
                     <siri:DestinationName>${destinationName}</siri:DestinationName>
                     <siri:VehicleJourneyName>${vehicleJourneyName}</siri:VehicleJourneyName>
                     <siri:JourneyNote>ceci est une description de course 2</siri:JourneyNote>
                     <siri:HeadwayService>false</siri:HeadwayService>
                     <siri:OriginAimedDepartureTime>${originAimedDepartureTime}</siri:OriginAimedDepartureTime>
                     <siri:DestinationAimedArrivalTime>${destinationAimedArrivalTime}</siri:DestinationAimedArrivalTime>
                     <siri:FirstOrLastJourney>unspecified</siri:FirstOrLastJourney>
                     <!--JourneyProgressInfo:-->
                     <siri:Monitored>true</siri:Monitored>
                     <!--<siri:MonitoringError></siri:MonitoringError>-->
                     <siri:InCongestion>false</siri:InCongestion>
                     <siri:InPanic>false</siri:InPanic>
                     <siri:VehicleLocation id="1" srsName="1">
                        <siri:Longitude>2.227435</siri:Longitude>
                        <siri:Latitude>48.785067</siri:Latitude>
                        <siri:Coordinates>N 48 47.107, E 2 13.662</siri:Coordinates>
                        <siri:Precision>1</siri:Precision>
                     </siri:VehicleLocation>
                     <siri:Bearing>1</siri:Bearing>
                     <siri:Occupancy>full</siri:Occupancy>
                     <siri:Delay>PT1M</siri:Delay>
                     <siri:TrainNumbers>
                        <siri:TrainNumberRef>5918</siri:TrainNumberRef>
                     </siri:TrainNumbers>
                     <!-- JourneyParts:-->
                     <siri:JourneyParts>
                        <siri:JourneyPartInfo>
                           <siri:JourneyPartRef>5409</siri:JourneyPartRef>
                           <siri:TrainNumberRef>5928:1</siri:TrainNumberRef>
                           <siri:OperatorRef>${operatorRef}</siri:OperatorRef>
                        </siri:JourneyPartInfo>
                     </siri:JourneyParts>
                     <!--  MonitoredCall 2ème passage du 1er arrêt -->
                     <siri:MonitoredCall>
                        <siri:StopPointRef>${stopPointRef1}</siri:StopPointRef>
                        <siri:Order>1</siri:Order> 
                        <siri:StopPointName>${stopPointName1}</siri:StopPointName>
                        <siri:VehicleAtStop>false</siri:VehicleAtStop>
                        <siri:PlatformTraversal>false</siri:PlatformTraversal>
                        <siri:DestinationDisplay>2014-04-30T02:00:00.000Z</siri:DestinationDisplay>
                        <siri:AimedArrivalTime>2014-04-30T02:00:00.000Z</siri:AimedArrivalTime>
                        <siri:ActualArrivalTime>2014-04-30T02:00:00.000Z</siri:ActualArrivalTime>
                        <siri:ExpectedArrivalTime>2014-04-30T02:00:00.000Z</siri:ExpectedArrivalTime>
                        <siri:ArrivalStatus>onTime</siri:ArrivalStatus>
                        <siri:ArrivalProximityText>à l'approche</siri:ArrivalProximityText>
                        <siri:ArrivalPlatformName>quai 1</siri:ArrivalPlatformName>
                        <siri:ArrivalStopAssignment>
                           <siri:AimedQuayName>voie 2</siri:AimedQuayName>
                        </siri:ArrivalStopAssignment>
                        <siri:AimedDepartureTime>2014-04-30T02:00:00.000Z</siri:AimedDepartureTime>
                        <siri:ActualDepartureTime>2014-04-30T02:00:00.000Z</siri:ActualDepartureTime>
                        <siri:ExpectedDepartureTime>2014-04-30T02:00:00.000Z</siri:ExpectedDepartureTime>
                        <siri:DepartureStatus>onTime</siri:DepartureStatus>
                        <siri:DeparturePlatformName>quai 1</siri:DeparturePlatformName>
                        <siri:DepartureBoardingActivity>boarding</siri:DepartureBoardingActivity>
                        <siri:AimedHeadwayInterval>PT1M</siri:AimedHeadwayInterval>
                        <siri:ExpectedHeadwayInterval>PT1M</siri:ExpectedHeadwayInterval>
                        <siri:DistanceFromStop>2300</siri:DistanceFromStop>
                        <siri:NumberOfStopsAway>3</siri:NumberOfStopsAway>
                     </siri:MonitoredCall>
                  </siri:MonitoredVehicleJourney>
               </siri:MonitoredStopVisit>
            </siri:StopMonitoringDelivery>
            </Answer>
      </wsdl:GetSiriServiceResponse>
   </soapenv:Body>
</soapenv:Envelope>]]></con:responseContent><con:wsaConfig mustUnderstand="NONE" version="200508" action="GetSiriService"/></con:response><con:dispatchConfig/></con:mockOperation><con:properties/></con:mockService><con:mockService port="8080" path="/test100Producer_RATP" host="stif-pc-dev-08" name="test100Producer_RATP" bindToHostOnly="false" docroot=""><con:settings><con:setting id="com.eviware.soapui.impl.wsdl.mock.WsdlMockService@require-soap-action">false</con:setting></con:settings><con:mockOperation name="GetStopMonitoring" interface="SiriProducerDocBinding" operation="GetStopMonitoring"><con:settings/><con:dispatchStyle>SEQUENCE</con:dispatchStyle><con:defaultResponse>Response 1</con:defaultResponse><con:response name="Response 1" encoding="UTF-8"><con:settings/><con:script>// create XmlHolder for request content
def holder = new com.eviware.soapui.support.XmlHolder( mockRequest.requestContent )
def fournisseur = "100WSIVSIRI"
// define namespace
holder.namespaces["siri"] = "http://www.siri.org.uk/siri"
// récupération de l'id message de la request
requestContext.idMessage = holder["//siri:MessageIdentifier"][0]
requestContext.monitoringRef1 = holder["//siri:MonitoringRef"][0]
requestContext.version = holder["//Request/@version"].toString()

// identifiant utilisé (en coherence avec le dataset redis)
requestContext.producerRef="100WSIVSIRI"
requestContext.recordedAtTime = javax.xml.datatype.DatatypeFactory.newInstance().newXMLGregorianCalendar(GregorianCalendar.getInstance())
requestContext.lineRef="STIF:Line::004004009"
requestContext.dataFrameRef="any"
requestContext.datedVehicleJourneyRef=fournisseur+":VehicleJourney::1:LOC"
requestContext.journeyPatternRef=fournisseur+":JourneyPattern::1:LOC"
requestContext.journeyPatternName="mission1"
requestContext.publishedLineName="N"
requestContext.routeRef=fournisseur+":Route::1:LOC"
requestContext.directionName="Rambouillet"
requestContext.operatorRef=fournisseur+":Operator::SNCF:"
requestContext.originRef="STIF:StopPoint:Q:108935:"
requestContext.originName="Arrêt 1"
requestContext.placeRef="STIF:StopPoint:Q:108943:"
requestContext.placeName="Arrêt 5"
requestContext.destinationRef="STIF:StopPoint:Q:108949:"
requestContext.destinationName="Arrêt 10"
requestContext.vehicleJourneyName="Course 1"
// heure de départ au 1er arrêt et dernier arrêt de la course
def heureDepartCourse = getHeureSuivante(1)
requestContext.originAimedDepartureTime=heureDepartCourse.toXMLFormat();
requestContext.destinationAimedArrivalTime=getAvecMinuteSeconde(heureDepartCourse,20,0)
// Passage 1 / Arrêt 1
requestContext.itemIdenfier1=fournisseur+":Item::1:LOC"
//MonitoredCall
requestContext.stopPointRef1=requestContext.monitoringRef1
requestContext.stopPointName1="Arrêt 1"

// passage 2 / Arrêt 1
requestContext.itemIdenfier2=fournisseur+":Item::2:LOC"

// Passage 3 / arrêt 2
requestContext.monitoringRef2 = holder["//siri:MonitoringRef"][1]
requestContext.stopPointRef2=requestContext.monitoringRef2
requestContext.stopPointName2="Arrêt 2"
requestContext.itemIdenfier3=fournisseur+":Item::3:LOC"
//MonitoredCall

// passage 4 / arrêt 2
requestContext.itemIdenfier4=fournisseur+":Item::4:LOC"

// Methodes utilitaires DATE
// Methode Date permettant d'avoir l'heure courante + heure
def getHeureSuivante(int heure){
	def calendar = Calendar.getInstance();
	calendar.add(Calendar.HOUR,heure);
	calendar.set(Calendar.MINUTE, 0);
	calendar.set(Calendar.SECOND, 0);
	calendar.set(Calendar.MILLISECOND, 0);
	def heureSuivante = javax.xml.datatype.DatatypeFactory.newInstance().newXMLGregorianCalendar(calendar);
	return heureSuivante;
}

// Methode permettant de setter les minites et secondes sur l'heure passée
def getAvecMinuteSeconde(javax.xml.datatype.XMLGregorianCalendar xmlCalendar, int minute, int seconde){ 
	Calendar calendar = xmlCalendar.toGregorianCalendar();	
	calendar.set(Calendar.MINUTE, minute);
	calendar.set(Calendar.SECOND, seconde);
	def date = javax.xml.datatype.DatatypeFactory.newInstance().newXMLGregorianCalendar(calendar);
	return date;
      
}</con:script><con:responseContent><![CDATA[<soapenv:Envelope xmlns:soapenv="http://schemas.xmlsoap.org/soap/envelope/" xmlns:wsdl="http://wsdl.siri.org.uk" xmlns:siri="http://www.siri.org.uk/siri" xmlns:acsb="http://www.ifopt.org.uk/acsb" xmlns:ifop="http://www.ifopt.org.uk/ifopt" xmlns:_0="http://datex2.eu/schema/2_0RC1/2_0">
   <soapenv:Header/>
   <soapenv:Body>
      <wsdl:GetSiriServiceResponse>
         <Answer srsName="1">
            <siri:ResponseTimestamp>${=javax.xml.datatype.DatatypeFactory.newInstance().newXMLGregorianCalendar(GregorianCalendar.getInstance())}</siri:ResponseTimestamp>
            <!--Optional:-->
            <siri:ProducerRef>${producerRef}</siri:ProducerRef>
            <siri:ResponseMessageIdentifier>${= UUID.randomUUID().toString()}</siri:ResponseMessageIdentifier>
            <!--Optional:-->
            <siri:RequestMessageRef>${idMessage}</siri:RequestMessageRef>
            <!--Optional:-->
            <siri:Status>true</siri:Status>
            <!--Optional:-->
            <siri:MoreData>false</siri:MoreData>
            <!-- 1er Delivery : ZDE = STIF:StopPoint:Q:109801-->
          <siri:StopMonitoringDelivery version="2.0[FR-IDF-2.4]">
               <siri:ResponseTimestamp>${=javax.xml.datatype.DatatypeFactory.newInstance().newXMLGregorianCalendar(GregorianCalendar.getInstance())}</siri:ResponseTimestamp>
               <siri:Status>true</siri:Status>
               <siri:MonitoringRef>STIF:StopPoint:Q:109801:</siri:MonitoringRef>
               <!-- 1 er passage-->
               <siri:MonitoredStopVisit>
                  <siri:RecordedAtTime>${=javax.xml.datatype.DatatypeFactory.newInstance().newXMLGregorianCalendar(GregorianCalendar.getInstance())}</siri:RecordedAtTime>
                  <siri:ItemIdentifier>100WSIVSIRI:Item::1:LOC</siri:ItemIdentifier>
                  <siri:MonitoringRef>STIF:StopPoint:Q:109801:</siri:MonitoringRef>
                  <siri:MonitoredVehicleJourney>
                     <siri:LineRef>STIF:Line::004004009:</siri:LineRef>
                      <!-- FramedVehicleJourneyRef -->
                     <siri:FramedVehicleJourneyRef>
                        <siri:DataFrameRef>any</siri:DataFrameRef>
                        <siri:DatedVehicleJourneyRef>100WSIVSIRI:VehicleJourney::147427:LOC</siri:DatedVehicleJourneyRef>
                     </siri:FramedVehicleJourneyRef>
                     <!-- JourneyPatternInfoGroup -->
                     <siri:JourneyPatternName>ELBA</siri:JourneyPatternName>
                     <siri:VehicleMode>bus</siri:VehicleMode>
                     <siri:OperatorRef>100WSIVSIRI:Operator::RATP:</siri:OperatorRef>
                     <siri:Via> 
                        <siri:PlaceRef>100WSIVSIRI:Place::108943:LOC</siri:PlaceRef>
                        <siri:PlaceName>Chopin</siri:PlaceName>
                     </siri:Via>
                     <siri:DestinationRef>STIF:StopPoint:Q:108926:</siri:DestinationRef>
                     <siri:DestinationName>Château d'Eau</siri:DestinationName>
                     <siri:Monitored>true</siri:Monitored>
                     <siri:Delay>PT0.000S</siri:Delay>
                     <!-- MonitoredCall 1er passage-->
                    <siri:MonitoredCall>
                        <siri:StopPointRef>STIF:StopPoint:Q:109801:</siri:StopPointRef>
                        <siri:StopPointName>Châtaigniers</siri:StopPointName>
                        <siri:VehicleAtStop>true</siri:VehicleAtStop>
                        <siri:PlatformTraversal>false</siri:PlatformTraversal>
                        <siri:DestinationDisplay>Château d'Eau</siri:DestinationDisplay>
                        <siri:AimedArrivalTime>${= Calendar calendar = Calendar.getInstance(); calendar.add(Calendar.MINUTE,5);return javax.xml.datatype.DatatypeFactory.newInstance().newXMLGregorianCalendar(calendar);}</siri:AimedArrivalTime>
                        <siri:ActualArrivalTime>${= Calendar calendar = Calendar.getInstance(); calendar.add(Calendar.MINUTE,5);return javax.xml.datatype.DatatypeFactory.newInstance().newXMLGregorianCalendar(calendar);}</siri:ActualArrivalTime>
                        <siri:ArrivalStatus>onTime</siri:ArrivalStatus>
                        <siri:ArrivalPlatformName>E</siri:ArrivalPlatformName>
                        <siri:AimedDepartureTime>${= Calendar calendar = Calendar.getInstance(); calendar.add(Calendar.MINUTE,5);return javax.xml.datatype.DatatypeFactory.newInstance().newXMLGregorianCalendar(calendar);}</siri:AimedDepartureTime>
                        <siri:ExpectedDepartureTime>${= Calendar calendar = Calendar.getInstance(); calendar.add(Calendar.MINUTE,5);return javax.xml.datatype.DatatypeFactory.newInstance().newXMLGregorianCalendar(calendar);}</siri:ExpectedDepartureTime>
                        <siri:DepartureStatus>onTime</siri:DepartureStatus>
                        <siri:DeparturePlatformName>E</siri:DeparturePlatformName>
                        <siri:DepartureBoardingActivity>boarding</siri:DepartureBoardingActivity>
                     </siri:MonitoredCall>
                  </siri:MonitoredVehicleJourney>
               </siri:MonitoredStopVisit>
            </siri:StopMonitoringDelivery>
		<!-- 2eme Delivery : ZDE = STIF:StopPoint:Q:109802-->
          <siri:StopMonitoringDelivery version="2.0[FR-IDF-2.4]">
               <siri:ResponseTimestamp>${=javax.xml.datatype.DatatypeFactory.newInstance().newXMLGregorianCalendar(GregorianCalendar.getInstance())}</siri:ResponseTimestamp>
               <siri:Status>true</siri:Status>
               <siri:MonitoringRef>STIF:StopPoint:Q:109802:</siri:MonitoringRef>
               <!-- 1 er passage-->
               <siri:MonitoredStopVisit>
                  <siri:RecordedAtTime>${=javax.xml.datatype.DatatypeFactory.newInstance().newXMLGregorianCalendar(GregorianCalendar.getInstance())}</siri:RecordedAtTime>
                  <siri:ItemIdentifier>100WSIVSIRI:Item::2:LOC</siri:ItemIdentifier>
                  <siri:MonitoringRef>STIF:StopPoint:Q:109802:</siri:MonitoringRef>
                  <siri:MonitoredVehicleJourney>
                     <siri:LineRef>STIF:Line::004004009:</siri:LineRef>
                      <!-- FramedVehicleJourneyRef -->
                     <siri:FramedVehicleJourneyRef>
                        <siri:DataFrameRef>any</siri:DataFrameRef>
                        <siri:DatedVehicleJourneyRef>100WSIVSIRI:VehicleJourney::147428:LOC</siri:DatedVehicleJourneyRef>
                     </siri:FramedVehicleJourneyRef>
                     <!-- JourneyPatternInfoGroup -->
                     <siri:JourneyPatternName>ELBA</siri:JourneyPatternName>
                     <siri:VehicleMode>bus</siri:VehicleMode>
                     <siri:OperatorRef>100WSIVSIRI:Operator::RATP:</siri:OperatorRef>
                     <siri:DestinationRef>STIF:StopPoint:Q:108926:</siri:DestinationRef>
                     <siri:DestinationName>Château d'Eau</siri:DestinationName>
                     <siri:Monitored>true</siri:Monitored>
                     <siri:Delay>PT0.000S</siri:Delay>
                     <!-- MonitoredCall 1er passage-->
                    <siri:MonitoredCall>
                        <siri:StopPointRef>STIF:StopPoint:Q:109802:</siri:StopPointRef>
                        <siri:StopPointName>Chênes</siri:StopPointName>
                        <siri:VehicleAtStop>true</siri:VehicleAtStop>
                        <siri:PlatformTraversal>false</siri:PlatformTraversal>
                        <siri:DestinationDisplay>Château d'Eau</siri:DestinationDisplay>
                        <siri:AimedArrivalTime>${= Calendar calendar = Calendar.getInstance(); calendar.add(Calendar.MINUTE,5);return javax.xml.datatype.DatatypeFactory.newInstance().newXMLGregorianCalendar(calendar);}</siri:AimedArrivalTime>
                        <siri:ActualArrivalTime>${= Calendar calendar = Calendar.getInstance(); calendar.add(Calendar.MINUTE,5);return javax.xml.datatype.DatatypeFactory.newInstance().newXMLGregorianCalendar(calendar);}</siri:ActualArrivalTime>
                        <siri:ArrivalStatus>onTime</siri:ArrivalStatus>
                        <siri:ArrivalPlatformName>E</siri:ArrivalPlatformName>
                        <siri:AimedDepartureTime>${= Calendar calendar = Calendar.getInstance(); calendar.add(Calendar.MINUTE,5);return javax.xml.datatype.DatatypeFactory.newInstance().newXMLGregorianCalendar(calendar);}</siri:AimedDepartureTime>
                        <siri:ExpectedDepartureTime>${= Calendar calendar = Calendar.getInstance(); calendar.add(Calendar.MINUTE,5);return javax.xml.datatype.DatatypeFactory.newInstance().newXMLGregorianCalendar(calendar);}</siri:ExpectedDepartureTime>
                        <siri:DepartureStatus>onTime</siri:DepartureStatus>
                        <siri:DeparturePlatformName>E</siri:DeparturePlatformName>
                        <siri:DepartureBoardingActivity>boarding</siri:DepartureBoardingActivity>
                     </siri:MonitoredCall>
                  </siri:MonitoredVehicleJourney>
               </siri:MonitoredStopVisit>
            </siri:StopMonitoringDelivery>
		<!-- 3eme Delivery : ZDE = STIF:StopPoint:Q:108918-->
          <siri:StopMonitoringDelivery version="2.0[FR-IDF-2.4]">
               <siri:ResponseTimestamp>${=javax.xml.datatype.DatatypeFactory.newInstance().newXMLGregorianCalendar(GregorianCalendar.getInstance())}</siri:ResponseTimestamp>
               <siri:Status>true</siri:Status>
               <siri:MonitoringRef>STIF:StopPoint:Q:108918:</siri:MonitoringRef>
               <!-- 1 er passage-->
               <siri:MonitoredStopVisit>
                  <siri:RecordedAtTime>${=javax.xml.datatype.DatatypeFactory.newInstance().newXMLGregorianCalendar(GregorianCalendar.getInstance())}</siri:RecordedAtTime>
                  <siri:ItemIdentifier>100WSIVSIRI:Item::3:LOC</siri:ItemIdentifier>
                  <siri:MonitoringRef>STIF:StopPoint:Q:108918:</siri:MonitoringRef>
                  <siri:MonitoredVehicleJourney>
                     <siri:LineRef>STIF:Line::004004009:</siri:LineRef>
                      <!-- FramedVehicleJourneyRef -->
                     <siri:FramedVehicleJourneyRef>
                        <siri:DataFrameRef>any</siri:DataFrameRef>
                        <siri:DatedVehicleJourneyRef>100WSIVSIRI:VehicleJourney::147429:LOC</siri:DatedVehicleJourneyRef>
                     </siri:FramedVehicleJourneyRef>
                     <!-- JourneyPatternInfoGroup -->
                     <siri:JourneyPatternName>ELBA</siri:JourneyPatternName>
                     <siri:VehicleMode>bus</siri:VehicleMode>
                     <siri:OperatorRef>100WSIVSIRI:Operator::RATP:</siri:OperatorRef>
                     <siri:DestinationRef>STIF:StopPoint:Q:108926:</siri:DestinationRef>
                     <siri:DestinationName>Château d'Eau</siri:DestinationName>
                     <siri:Monitored>true</siri:Monitored>
                     <siri:Delay>PT0.000S</siri:Delay>
                     <!-- MonitoredCall 1er passage-->
                    <siri:MonitoredCall>
                        <siri:StopPointRef>STIF:StopPoint:Q:108918:</siri:StopPointRef>
                        <siri:StopPointName>Chênes</siri:StopPointName>
                        <siri:VehicleAtStop>true</siri:VehicleAtStop>
                        <siri:PlatformTraversal>false</siri:PlatformTraversal>
                        <siri:DestinationDisplay>Château d'Eau</siri:DestinationDisplay>
                        <siri:AimedArrivalTime>${= Calendar calendar = Calendar.getInstance(); calendar.add(Calendar.MINUTE,5);return javax.xml.datatype.DatatypeFactory.newInstance().newXMLGregorianCalendar(calendar);}</siri:AimedArrivalTime>
                        <siri:ActualArrivalTime>${= Calendar calendar = Calendar.getInstance(); calendar.add(Calendar.MINUTE,5);return javax.xml.datatype.DatatypeFactory.newInstance().newXMLGregorianCalendar(calendar);}</siri:ActualArrivalTime>
                        <siri:ArrivalStatus>onTime</siri:ArrivalStatus>
                        <siri:ArrivalPlatformName>E</siri:ArrivalPlatformName>
                        <siri:AimedDepartureTime>${= Calendar calendar = Calendar.getInstance(); calendar.add(Calendar.MINUTE,5);return javax.xml.datatype.DatatypeFactory.newInstance().newXMLGregorianCalendar(calendar);}</siri:AimedDepartureTime>
                        <siri:ExpectedDepartureTime>${= Calendar calendar = Calendar.getInstance(); calendar.add(Calendar.MINUTE,5);return javax.xml.datatype.DatatypeFactory.newInstance().newXMLGregorianCalendar(calendar);}</siri:ExpectedDepartureTime>
                        <siri:DepartureStatus>onTime</siri:DepartureStatus>
                        <siri:DeparturePlatformName>E</siri:DeparturePlatformName>
                        <siri:DepartureBoardingActivity>boarding</siri:DepartureBoardingActivity>
                     </siri:MonitoredCall>
                  </siri:MonitoredVehicleJourney>
               </siri:MonitoredStopVisit>
            </siri:StopMonitoringDelivery>
<!-- 4eme Delivery : ZDE = STIF:StopPoint:Q:109310-->
          <siri:StopMonitoringDelivery version="2.0[FR-IDF-2.4]">
               <siri:ResponseTimestamp>${=javax.xml.datatype.DatatypeFactory.newInstance().newXMLGregorianCalendar(GregorianCalendar.getInstance())}</siri:ResponseTimestamp>
               <siri:Status>true</siri:Status>
               <siri:MonitoringRef>STIF:StopPoint:Q:109310:</siri:MonitoringRef>
               <!-- 1 er passage-->
               <siri:MonitoredStopVisit>
                  <siri:RecordedAtTime>${=javax.xml.datatype.DatatypeFactory.newInstance().newXMLGregorianCalendar(GregorianCalendar.getInstance())}</siri:RecordedAtTime>
                  <siri:ItemIdentifier>100WSIVSIRI:Item::4:LOC</siri:ItemIdentifier>
                  <siri:MonitoringRef>STIF:StopPoint:Q:109310:</siri:MonitoringRef>
                  <siri:MonitoredVehicleJourney>
                     <siri:LineRef>STIF:Line::004004009:</siri:LineRef>
                      <!-- FramedVehicleJourneyRef -->
                     <siri:FramedVehicleJourneyRef>
                        <siri:DataFrameRef>any</siri:DataFrameRef>
                        <siri:DatedVehicleJourneyRef>100WSIVSIRI:VehicleJourney::147450:LOC</siri:DatedVehicleJourneyRef>
                     </siri:FramedVehicleJourneyRef>
                     <!-- JourneyPatternInfoGroup -->
                     <siri:JourneyPatternName>ELBA</siri:JourneyPatternName>
                     <siri:VehicleMode>bus</siri:VehicleMode>
                     <siri:OperatorRef>100WSIVSIRI:Operator::RATP:</siri:OperatorRef>
                     <siri:DestinationRef>STIF:StopPoint:Q:108926:</siri:DestinationRef>
                     <siri:DestinationName>Château d'Eau</siri:DestinationName>
                     <siri:Monitored>true</siri:Monitored>
                     <siri:Delay>PT0.000S</siri:Delay>
                     <!-- MonitoredCall 1er passage-->
                    <siri:MonitoredCall>
                        <siri:StopPointRef>STIF:StopPoint:Q:109310:</siri:StopPointRef>
                        <siri:StopPointName>Chênes</siri:StopPointName>
                        <siri:VehicleAtStop>true</siri:VehicleAtStop>
                        <siri:PlatformTraversal>false</siri:PlatformTraversal>
                        <siri:DestinationDisplay>Château d'Eau</siri:DestinationDisplay>
                        <siri:AimedArrivalTime>${= Calendar calendar = Calendar.getInstance(); calendar.add(Calendar.MINUTE,5);return javax.xml.datatype.DatatypeFactory.newInstance().newXMLGregorianCalendar(calendar);}</siri:AimedArrivalTime>
                        <siri:ActualArrivalTime>${= Calendar calendar = Calendar.getInstance(); calendar.add(Calendar.MINUTE,5);return javax.xml.datatype.DatatypeFactory.newInstance().newXMLGregorianCalendar(calendar);}</siri:ActualArrivalTime>
                        <siri:ArrivalStatus>onTime</siri:ArrivalStatus>
                        <siri:ArrivalPlatformName>E</siri:ArrivalPlatformName>
                        <siri:AimedDepartureTime>${= Calendar calendar = Calendar.getInstance(); calendar.add(Calendar.MINUTE,5);return javax.xml.datatype.DatatypeFactory.newInstance().newXMLGregorianCalendar(calendar);}</siri:AimedDepartureTime>
                        <siri:ExpectedDepartureTime>${= Calendar calendar = Calendar.getInstance(); calendar.add(Calendar.MINUTE,5);return javax.xml.datatype.DatatypeFactory.newInstance().newXMLGregorianCalendar(calendar);}</siri:ExpectedDepartureTime>
                        <siri:DepartureStatus>onTime</siri:DepartureStatus>
                        <siri:DeparturePlatformName>E</siri:DeparturePlatformName>
                        <siri:DepartureBoardingActivity>boarding</siri:DepartureBoardingActivity>
                     </siri:MonitoredCall>
                  </siri:MonitoredVehicleJourney>
               </siri:MonitoredStopVisit>
            </siri:StopMonitoringDelivery>
<!-- 5eme Delivery : ZDE = STIF:StopPoint:Q:109311-->
          <siri:StopMonitoringDelivery version="2.0[FR-IDF-2.4]">
               <siri:ResponseTimestamp>${=javax.xml.datatype.DatatypeFactory.newInstance().newXMLGregorianCalendar(GregorianCalendar.getInstance())}</siri:ResponseTimestamp>
               <siri:Status>true</siri:Status>
               <siri:MonitoringRef>STIF:StopPoint:Q:109311:</siri:MonitoringRef>
               <!-- 1 er passage-->
               <siri:MonitoredStopVisit>
                  <siri:RecordedAtTime>${=javax.xml.datatype.DatatypeFactory.newInstance().newXMLGregorianCalendar(GregorianCalendar.getInstance())}</siri:RecordedAtTime>
                  <siri:ItemIdentifier>100WSIVSIRI:Item::5:LOC</siri:ItemIdentifier>
                  <siri:MonitoringRef>STIF:StopPoint:Q:109311:</siri:MonitoringRef>
                  <siri:MonitoredVehicleJourney>
                     <siri:LineRef>STIF:Line::004004009:</siri:LineRef>
                      <!-- FramedVehicleJourneyRef -->
                     <siri:FramedVehicleJourneyRef>
                        <siri:DataFrameRef>any</siri:DataFrameRef>
                        <siri:DatedVehicleJourneyRef>100WSIVSIRI:VehicleJourney::147450:LOC</siri:DatedVehicleJourneyRef>
                     </siri:FramedVehicleJourneyRef>
                     <!-- JourneyPatternInfoGroup -->
                     <siri:JourneyPatternName>ELBA</siri:JourneyPatternName>
                     <siri:VehicleMode>bus</siri:VehicleMode>
                     <siri:OperatorRef>100WSIVSIRI:Operator::RATP:</siri:OperatorRef>
                     <siri:DestinationRef>STIF:StopPoint:Q:108926:</siri:DestinationRef>
                     <siri:DestinationName>Château d'Eau</siri:DestinationName>
                     <siri:Monitored>true</siri:Monitored>
                     <siri:Delay>PT0.000S</siri:Delay>
                     <!-- MonitoredCall 1er passage-->
                    <siri:MonitoredCall>
                        <siri:StopPointRef>STIF:StopPoint:Q:109311:</siri:StopPointRef>
                        <siri:StopPointName>Chênes</siri:StopPointName>
                        <siri:VehicleAtStop>true</siri:VehicleAtStop>
                        <siri:PlatformTraversal>false</siri:PlatformTraversal>
                        <siri:DestinationDisplay>Château d'Eau</siri:DestinationDisplay>
                        <siri:AimedArrivalTime>${= Calendar calendar = Calendar.getInstance(); calendar.add(Calendar.MINUTE,5);return javax.xml.datatype.DatatypeFactory.newInstance().newXMLGregorianCalendar(calendar);}</siri:AimedArrivalTime>
                        <siri:ActualArrivalTime>${= Calendar calendar = Calendar.getInstance(); calendar.add(Calendar.MINUTE,5);return javax.xml.datatype.DatatypeFactory.newInstance().newXMLGregorianCalendar(calendar);}</siri:ActualArrivalTime>
                        <siri:ArrivalStatus>onTime</siri:ArrivalStatus>
                        <siri:ArrivalPlatformName>E</siri:ArrivalPlatformName>
                        <siri:AimedDepartureTime>${= Calendar calendar = Calendar.getInstance(); calendar.add(Calendar.MINUTE,5);return javax.xml.datatype.DatatypeFactory.newInstance().newXMLGregorianCalendar(calendar);}</siri:AimedDepartureTime>
                        <siri:ExpectedDepartureTime>${= Calendar calendar = Calendar.getInstance(); calendar.add(Calendar.MINUTE,5);return javax.xml.datatype.DatatypeFactory.newInstance().newXMLGregorianCalendar(calendar);}</siri:ExpectedDepartureTime>
                        <siri:DepartureStatus>onTime</siri:DepartureStatus>
                        <siri:DeparturePlatformName>E</siri:DeparturePlatformName>
                        <siri:DepartureBoardingActivity>boarding</siri:DepartureBoardingActivity>
                     </siri:MonitoredCall>
                  </siri:MonitoredVehicleJourney>
               </siri:MonitoredStopVisit>
            </siri:StopMonitoringDelivery>
         </Answer>
      </wsdl:GetSiriServiceResponse>
   </soapenv:Body>
</soapenv:Envelope>]]></con:responseContent><con:wsaConfig mustUnderstand="NONE" version="200508" action="GetStopMonitoring"/></con:response><con:dispatchConfig/></con:mockOperation><con:properties/></con:mockService><con:mockService port="8080" path="/test100Producer_SNCF" host="stif-pc-dev-08" name="test100Producer_SNCF" bindToHostOnly="false" docroot=""><con:settings><con:setting id="com.eviware.soapui.impl.wsdl.mock.WsdlMockService@require-soap-action">false</con:setting></con:settings><con:mockOperation name="GetStopMonitoring" interface="SiriProducerDocBinding" operation="GetStopMonitoring"><con:settings/><con:dispatchStyle>SEQUENCE</con:dispatchStyle><con:defaultResponse>Response 1</con:defaultResponse><con:response name="Response 1" encoding="UTF-8"><con:settings/><con:script>// create XmlHolder for request content
def holder = new com.eviware.soapui.support.XmlHolder( mockRequest.requestContent )
def fournisseur = "SNCF-ACCES"
// define namespace
holder.namespaces["siri"] = "http://www.siri.org.uk/siri"
// récupération de l'id message de la request
requestContext.idMessage = holder["//siri:MessageIdentifier"][0]
requestContext.monitoringRef1 = holder["//siri:MonitoringRef"][0]
requestContext.version = holder["//Request/@version"].toString()

// identifiant utilisé (en coherence avec le dataset redis)
requestContext.producerRef="SNCF-ACCES"
requestContext.recordedAtTime = javax.xml.datatype.DatatypeFactory.newInstance().newXMLGregorianCalendar(GregorianCalendar.getInstance())
requestContext.lineRef="STIF:Line::004004009"
requestContext.dataFrameRef="any"
requestContext.datedVehicleJourneyRef=fournisseur+":VehicleJourney::1:LOC"
requestContext.journeyPatternRef=fournisseur+":JourneyPattern::1:LOC"
requestContext.journeyPatternName="mission1"
requestContext.publishedLineName="N"
requestContext.routeRef=fournisseur+":Route::1:LOC"
requestContext.directionName="Rambouillet"
requestContext.operatorRef=fournisseur+":Operator::SNCF:"
requestContext.originRef="STIF:StopPoint:Q:108935:"
requestContext.originName="Arrêt 1"
requestContext.placeRef="STIF:StopPoint:Q:108943:"
requestContext.placeName="Arrêt 5"
requestContext.destinationRef="STIF:StopPoint:Q:108949:"
requestContext.destinationName="Arrêt 10"
requestContext.vehicleJourneyName="Course 1"
// heure de départ au 1er arrêt et dernier arrêt de la course
def heureDepartCourse = getHeureSuivante(1)
requestContext.originAimedDepartureTime=heureDepartCourse.toXMLFormat();
requestContext.destinationAimedArrivalTime=getAvecMinuteSeconde(heureDepartCourse,20,0)
// Passage 1 / Arrêt 1
requestContext.itemIdenfier1=fournisseur+":Item::1:LOC"
//MonitoredCall
requestContext.stopPointRef1=requestContext.monitoringRef1
requestContext.stopPointName1="Arrêt 1"

// passage 2 / Arrêt 1
requestContext.itemIdenfier2=fournisseur+":Item::2:LOC"

// Passage 3 / arrêt 2
requestContext.monitoringRef2 = holder["//siri:MonitoringRef"][1]
requestContext.stopPointRef2=requestContext.monitoringRef2
requestContext.stopPointName2="Arrêt 2"
requestContext.itemIdenfier3=fournisseur+":Item::3:LOC"
//MonitoredCall

// passage 4 / arrêt 2
requestContext.itemIdenfier4=fournisseur+":Item::4:LOC"

// Methodes utilitaires DATE
// Methode Date permettant d'avoir l'heure courante + heure
def getHeureSuivante(int heure){
	def calendar = Calendar.getInstance();
	calendar.add(Calendar.HOUR,heure);
	calendar.set(Calendar.MINUTE, 0);
	calendar.set(Calendar.SECOND, 0);
	calendar.set(Calendar.MILLISECOND, 0);
	def heureSuivante = javax.xml.datatype.DatatypeFactory.newInstance().newXMLGregorianCalendar(calendar);
	return heureSuivante;
}

// Methode permettant de setter les minites et secondes sur l'heure passée
def getAvecMinuteSeconde(javax.xml.datatype.XMLGregorianCalendar xmlCalendar, int minute, int seconde){ 
	Calendar calendar = xmlCalendar.toGregorianCalendar();	
	calendar.set(Calendar.MINUTE, minute);
	calendar.set(Calendar.SECOND, seconde);
	def date = javax.xml.datatype.DatatypeFactory.newInstance().newXMLGregorianCalendar(calendar);
	return date;
      
}</con:script><con:responseContent><![CDATA[<soapenv:Envelope xmlns:soapenv="http://schemas.xmlsoap.org/soap/envelope/" xmlns:wsdl="http://wsdl.siri.org.uk" xmlns:siri="http://www.siri.org.uk/siri" xmlns:acsb="http://www.ifopt.org.uk/acsb" xmlns:ifop="http://www.ifopt.org.uk/ifopt" xmlns:_0="http://datex2.eu/schema/2_0RC1/2_0">
   <soapenv:Header/>
   <soapenv:Body>
      <wsdl:GetSiriServiceResponse>
         <Answer srsName="1">
            <siri:ResponseTimestamp>${=javax.xml.datatype.DatatypeFactory.newInstance().newXMLGregorianCalendar(GregorianCalendar.getInstance())}</siri:ResponseTimestamp>
            <!--Optional:-->
            <siri:ProducerRef>${producerRef}</siri:ProducerRef>
            <siri:ResponseMessageIdentifier>${= UUID.randomUUID().toString()}</siri:ResponseMessageIdentifier>
            <!--Optional:-->
            <siri:RequestMessageRef>${idMessage}</siri:RequestMessageRef>
            <!--Optional:-->
            <siri:Status>true</siri:Status>
            <!--Optional:-->
            <siri:MoreData>false</siri:MoreData>
            <!-- 1er Delivery : ZDE = STIF:StopPoint:Q:110048-->
          <siri:StopMonitoringDelivery version="2.0[FR-IDF-2.4]">
               <siri:ResponseTimestamp>${=javax.xml.datatype.DatatypeFactory.newInstance().newXMLGregorianCalendar(GregorianCalendar.getInstance())}</siri:ResponseTimestamp>
               <siri:Status>true</siri:Status>
               <siri:MonitoringRef>STIF:StopPoint:Q:110048:</siri:MonitoringRef>
               <!-- 1 er passage-->
               <siri:MonitoredStopVisit>
                  <siri:RecordedAtTime>${=javax.xml.datatype.DatatypeFactory.newInstance().newXMLGregorianCalendar(GregorianCalendar.getInstance())}</siri:RecordedAtTime>
                  <siri:ItemIdentifier>SNCF-ACCES:Item::1:LOC</siri:ItemIdentifier>
                  <siri:MonitoringRef>STIF:StopPoint:Q:110048:</siri:MonitoringRef>
                  <siri:MonitoredVehicleJourney>
                     <siri:LineRef>STIF:Line::004004009:</siri:LineRef>
                      <!-- FramedVehicleJourneyRef -->
                     <siri:FramedVehicleJourneyRef>
                        <siri:DataFrameRef>any</siri:DataFrameRef>
                        <siri:DatedVehicleJourneyRef>SNCF-ACCES:VehicleJourney::147430:LOC</siri:DatedVehicleJourneyRef>
                     </siri:FramedVehicleJourneyRef>
                     <!-- JourneyPatternInfoGroup -->
                     <siri:JourneyPatternName>ELBA</siri:JourneyPatternName>
                     <siri:VehicleMode>bus</siri:VehicleMode>
                     <siri:OperatorRef>SNCF-ACCES:Operator::SNCF:</siri:OperatorRef>
                     <siri:Via> 
                        <siri:PlaceRef>SNCF-ACCES:Place::108943:LOC</siri:PlaceRef>
                        <siri:PlaceName>Chopin</siri:PlaceName>
                     </siri:Via>
                     <siri:DestinationRef>STIF:StopPoint:Q:108949:</siri:DestinationRef>
                     <siri:DestinationName>Château d'Eau</siri:DestinationName>
                     <siri:Monitored>true</siri:Monitored>
                     <siri:Delay>PT0.000S</siri:Delay>
                     <!-- MonitoredCall 1er passage-->
                    <siri:MonitoredCall>
                        <siri:StopPointRef>STIF:StopPoint:Q:110048:</siri:StopPointRef>
                        <siri:StopPointName>Châtaigniers</siri:StopPointName>
                        <siri:VehicleAtStop>true</siri:VehicleAtStop>
                        <siri:PlatformTraversal>false</siri:PlatformTraversal>
                        <siri:DestinationDisplay>Château d'Eau</siri:DestinationDisplay>
                        <siri:AimedArrivalTime>${= Calendar calendar = Calendar.getInstance(); calendar.add(Calendar.MINUTE,5);return javax.xml.datatype.DatatypeFactory.newInstance().newXMLGregorianCalendar(calendar);}</siri:AimedArrivalTime>
                        <siri:ActualArrivalTime>${= Calendar calendar = Calendar.getInstance(); calendar.add(Calendar.MINUTE,5);return javax.xml.datatype.DatatypeFactory.newInstance().newXMLGregorianCalendar(calendar);}</siri:ActualArrivalTime>
                        <siri:ArrivalStatus>onTime</siri:ArrivalStatus>
                        <siri:ArrivalPlatformName>E</siri:ArrivalPlatformName>
                        <siri:AimedDepartureTime>${= Calendar calendar = Calendar.getInstance(); calendar.add(Calendar.MINUTE,5);return javax.xml.datatype.DatatypeFactory.newInstance().newXMLGregorianCalendar(calendar);}</siri:AimedDepartureTime>
                        <siri:ExpectedDepartureTime>${= Calendar calendar = Calendar.getInstance(); calendar.add(Calendar.MINUTE,5);return javax.xml.datatype.DatatypeFactory.newInstance().newXMLGregorianCalendar(calendar);}</siri:ExpectedDepartureTime>
                        <siri:DepartureStatus>onTime</siri:DepartureStatus>
                        <siri:DeparturePlatformName>E</siri:DeparturePlatformName>
                        <siri:DepartureBoardingActivity>boarding</siri:DepartureBoardingActivity>
                     </siri:MonitoredCall>
                  </siri:MonitoredVehicleJourney>
               </siri:MonitoredStopVisit>
            </siri:StopMonitoringDelivery>
		<!-- 2eme Delivery : ZDE = STIF:StopPoint:Q:109925-->
          <siri:StopMonitoringDelivery version="2.0[FR-IDF-2.4]">
               <siri:ResponseTimestamp>${=javax.xml.datatype.DatatypeFactory.newInstance().newXMLGregorianCalendar(GregorianCalendar.getInstance())}</siri:ResponseTimestamp>
               <siri:Status>true</siri:Status>
               <siri:MonitoringRef>STIF:StopPoint:Q:109925:</siri:MonitoringRef>
               <!-- 1 er passage-->
               <siri:MonitoredStopVisit>
                  <siri:RecordedAtTime>${=javax.xml.datatype.DatatypeFactory.newInstance().newXMLGregorianCalendar(GregorianCalendar.getInstance())}</siri:RecordedAtTime>
                  <siri:ItemIdentifier>SNCF-ACCES:Item::2:LOC</siri:ItemIdentifier>
                  <siri:MonitoringRef>STIF:StopPoint:Q:109925:</siri:MonitoringRef>
                  <siri:MonitoredVehicleJourney>
                     <siri:LineRef>STIF:Line::004004009:</siri:LineRef>
                      <!-- FramedVehicleJourneyRef -->
                     <siri:FramedVehicleJourneyRef>
                        <siri:DataFrameRef>any</siri:DataFrameRef>
                        <siri:DatedVehicleJourneyRef>SNCF-ACCES:VehicleJourney::147431:LOC</siri:DatedVehicleJourneyRef>
                     </siri:FramedVehicleJourneyRef>
                     <!-- JourneyPatternInfoGroup -->
                     <siri:JourneyPatternName>ELBA</siri:JourneyPatternName>
                     <siri:VehicleMode>bus</siri:VehicleMode>
                     <siri:OperatorRef>SNCF-ACCES:Operator::SNCF:</siri:OperatorRef>
                     <siri:DestinationRef>STIF:StopPoint:Q:108949:</siri:DestinationRef>
                     <siri:DestinationName>Château d'Eau</siri:DestinationName>
                     <siri:Monitored>true</siri:Monitored>
                     <siri:Delay>PT0.000S</siri:Delay>
                     <!-- MonitoredCall 1er passage-->
                    <siri:MonitoredCall>
                        <siri:StopPointRef>STIF:StopPoint:Q:109925:</siri:StopPointRef>
                        <siri:StopPointName>Chênes</siri:StopPointName>
                        <siri:VehicleAtStop>true</siri:VehicleAtStop>
                        <siri:PlatformTraversal>false</siri:PlatformTraversal>
                        <siri:DestinationDisplay>Château d'Eau</siri:DestinationDisplay>
                        <siri:AimedArrivalTime>${= Calendar calendar = Calendar.getInstance(); calendar.add(Calendar.MINUTE,5);return javax.xml.datatype.DatatypeFactory.newInstance().newXMLGregorianCalendar(calendar);}</siri:AimedArrivalTime>
                        <siri:ActualArrivalTime>${= Calendar calendar = Calendar.getInstance(); calendar.add(Calendar.MINUTE,5);return javax.xml.datatype.DatatypeFactory.newInstance().newXMLGregorianCalendar(calendar);}</siri:ActualArrivalTime>
                        <siri:ArrivalStatus>onTime</siri:ArrivalStatus>
                        <siri:ArrivalPlatformName>E</siri:ArrivalPlatformName>
                        <siri:AimedDepartureTime>${= Calendar calendar = Calendar.getInstance(); calendar.add(Calendar.MINUTE,5);return javax.xml.datatype.DatatypeFactory.newInstance().newXMLGregorianCalendar(calendar);}</siri:AimedDepartureTime>
                        <siri:ExpectedDepartureTime>${= Calendar calendar = Calendar.getInstance(); calendar.add(Calendar.MINUTE,5);return javax.xml.datatype.DatatypeFactory.newInstance().newXMLGregorianCalendar(calendar);}</siri:ExpectedDepartureTime>
                        <siri:DepartureStatus>onTime</siri:DepartureStatus>
                        <siri:DeparturePlatformName>E</siri:DeparturePlatformName>
                        <siri:DepartureBoardingActivity>boarding</siri:DepartureBoardingActivity>
                     </siri:MonitoredCall>
                  </siri:MonitoredVehicleJourney>
               </siri:MonitoredStopVisit>
            </siri:StopMonitoringDelivery>
		<!-- 3eme Delivery : ZDE = STIF:StopPoint:Q:109926-->
          <siri:StopMonitoringDelivery version="2.0[FR-IDF-2.4]">
               <siri:ResponseTimestamp>${=javax.xml.datatype.DatatypeFactory.newInstance().newXMLGregorianCalendar(GregorianCalendar.getInstance())}</siri:ResponseTimestamp>
               <siri:Status>true</siri:Status>
               <siri:MonitoringRef>STIF:StopPoint:Q:109926:</siri:MonitoringRef>
               <!-- 1 er passage-->
               <siri:MonitoredStopVisit>
                  <siri:RecordedAtTime>${=javax.xml.datatype.DatatypeFactory.newInstance().newXMLGregorianCalendar(GregorianCalendar.getInstance())}</siri:RecordedAtTime>
                  <siri:ItemIdentifier>SNCF-ACCES:Item::3:LOC</siri:ItemIdentifier>
                  <siri:MonitoringRef>STIF:StopPoint:Q:109926:</siri:MonitoringRef>
                  <siri:MonitoredVehicleJourney>
                     <siri:LineRef>STIF:Line::004004009:</siri:LineRef>
                      <!-- FramedVehicleJourneyRef -->
                     <siri:FramedVehicleJourneyRef>
                        <siri:DataFrameRef>any</siri:DataFrameRef>
                        <siri:DatedVehicleJourneyRef>SNCF-ACCES:VehicleJourney::147432:LOC</siri:DatedVehicleJourneyRef>
                     </siri:FramedVehicleJourneyRef>
                     <!-- JourneyPatternInfoGroup -->
                     <siri:JourneyPatternName>ELBA</siri:JourneyPatternName>
                     <siri:VehicleMode>bus</siri:VehicleMode>
                     <siri:OperatorRef>SNCF-ACCES:Operator::SNCF:</siri:OperatorRef>
                     <siri:DestinationRef>STIF:StopPoint:Q:108949:</siri:DestinationRef>
                     <siri:DestinationName>Château d'Eau</siri:DestinationName>
                     <siri:Monitored>true</siri:Monitored>
                     <siri:Delay>PT0.000S</siri:Delay>
                     <!-- MonitoredCall 1er passage-->
                    <siri:MonitoredCall>
                        <siri:StopPointRef>STIF:StopPoint:Q:109926:</siri:StopPointRef>
                        <siri:StopPointName>Chênes</siri:StopPointName>
                        <siri:VehicleAtStop>true</siri:VehicleAtStop>
                        <siri:PlatformTraversal>false</siri:PlatformTraversal>
                        <siri:DestinationDisplay>Château d'Eau</siri:DestinationDisplay>
                        <siri:AimedArrivalTime>${= Calendar calendar = Calendar.getInstance(); calendar.add(Calendar.MINUTE,5);return javax.xml.datatype.DatatypeFactory.newInstance().newXMLGregorianCalendar(calendar);}</siri:AimedArrivalTime>
                        <siri:ActualArrivalTime>${= Calendar calendar = Calendar.getInstance(); calendar.add(Calendar.MINUTE,5);return javax.xml.datatype.DatatypeFactory.newInstance().newXMLGregorianCalendar(calendar);}</siri:ActualArrivalTime>
                        <siri:ArrivalStatus>onTime</siri:ArrivalStatus>
                        <siri:ArrivalPlatformName>E</siri:ArrivalPlatformName>
                        <siri:AimedDepartureTime>${= Calendar calendar = Calendar.getInstance(); calendar.add(Calendar.MINUTE,5);return javax.xml.datatype.DatatypeFactory.newInstance().newXMLGregorianCalendar(calendar);}</siri:AimedDepartureTime>
                        <siri:ExpectedDepartureTime>${= Calendar calendar = Calendar.getInstance(); calendar.add(Calendar.MINUTE,5);return javax.xml.datatype.DatatypeFactory.newInstance().newXMLGregorianCalendar(calendar);}</siri:ExpectedDepartureTime>
                        <siri:DepartureStatus>onTime</siri:DepartureStatus>
                        <siri:DeparturePlatformName>E</siri:DeparturePlatformName>
                        <siri:DepartureBoardingActivity>boarding</siri:DepartureBoardingActivity>
                     </siri:MonitoredCall>
                  </siri:MonitoredVehicleJourney>
               </siri:MonitoredStopVisit>
            </siri:StopMonitoringDelivery>
            
         </Answer>
      </wsdl:GetSiriServiceResponse>
   </soapenv:Body>
</soapenv:Envelope>]]></con:responseContent><con:wsaConfig mustUnderstand="NONE" version="200508" action="GetStopMonitoring"/></con:response><con:dispatchConfig/></con:mockOperation><con:properties/></con:mockService><con:mockService port="8080" path="/" host="stif-pc-dev-08" name="test88Producer_RATP"><con:settings><con:setting id="com.eviware.soapui.impl.wsdl.mock.WsdlMockService@require-soap-action">false</con:setting></con:settings><con:mockOperation name="GetStopMonitoring" interface="SiriProducerDocBinding" operation="GetStopMonitoring"><con:settings/><con:dispatchStyle>SEQUENCE</con:dispatchStyle><con:defaultResponse>Response 1</con:defaultResponse><con:response name="Response 1" encoding="UTF-8"><con:settings/><con:script>// create XmlHolder for request content
def holder = new com.eviware.soapui.support.XmlHolder( mockRequest.requestContent )
def fournisseur = "100WSIVSIRI"
// define namespace
holder.namespaces["siri"] = "http://www.siri.org.uk/siri"
// récupération de l'id message de la request
requestContext.idMessage = holder["//siri:MessageIdentifier"][0]
requestContext.monitoringRef1 = holder["//siri:MonitoringRef"][0]
requestContext.version = holder["//Request/@version"].toString()

// identifiant utilisé (en coherence avec le dataset redis)
requestContext.producerRef="100WSIVSIRI"
requestContext.recordedAtTime = javax.xml.datatype.DatatypeFactory.newInstance().newXMLGregorianCalendar(GregorianCalendar.getInstance())
requestContext.lineRef="STIF:Line::004004009"
requestContext.dataFrameRef="any"
requestContext.datedVehicleJourneyRef=fournisseur+":VehicleJourney::1:LOC"
requestContext.journeyPatternRef=fournisseur+":JourneyPattern::1:LOC"
requestContext.journeyPatternName="mission1"
requestContext.publishedLineName="N"
requestContext.routeRef=fournisseur+":Route::1:LOC"
requestContext.directionName="Rambouillet"
requestContext.operatorRef=fournisseur+":Operator::SNCF:"
requestContext.originRef="STIF:StopPoint:Q:108935:"
requestContext.originName="Arrêt 1"
requestContext.placeRef="STIF:StopPoint:Q:108943:"
requestContext.placeName="Arrêt 5"
requestContext.destinationRef="STIF:StopPoint:Q:108949:"
requestContext.destinationName="Arrêt 10"
requestContext.vehicleJourneyName="Course 1"
// heure de départ au 1er arrêt et dernier arrêt de la course
def heureDepartCourse = getHeureSuivante(1)
requestContext.originAimedDepartureTime=heureDepartCourse.toXMLFormat();
requestContext.destinationAimedArrivalTime=getAvecMinuteSeconde(heureDepartCourse,20,0)
// Passage 1 / Arrêt 1
requestContext.itemIdenfier1=fournisseur+":Item::1:LOC"
//MonitoredCall
requestContext.stopPointRef1=requestContext.monitoringRef1
requestContext.stopPointName1="Arrêt 1"

// passage 2 / Arrêt 1
requestContext.itemIdenfier2=fournisseur+":Item::2:LOC"

// Passage 3 / arrêt 2
requestContext.monitoringRef2 = holder["//siri:MonitoringRef"][1]
requestContext.stopPointRef2=requestContext.monitoringRef2
requestContext.stopPointName2="Arrêt 2"
requestContext.itemIdenfier3=fournisseur+":Item::3:LOC"
//MonitoredCall

// passage 4 / arrêt 2
requestContext.itemIdenfier4=fournisseur+":Item::4:LOC"

// Methodes utilitaires DATE
// Methode Date permettant d'avoir l'heure courante + heure
def getHeureSuivante(int heure){
	def calendar = Calendar.getInstance();
	calendar.add(Calendar.HOUR,heure);
	calendar.set(Calendar.MINUTE, 0);
	calendar.set(Calendar.SECOND, 0);
	calendar.set(Calendar.MILLISECOND, 0);
	def heureSuivante = javax.xml.datatype.DatatypeFactory.newInstance().newXMLGregorianCalendar(calendar);
	return heureSuivante;
}

// Methode permettant de setter les minites et secondes sur l'heure passée
def getAvecMinuteSeconde(javax.xml.datatype.XMLGregorianCalendar xmlCalendar, int minute, int seconde){ 
	Calendar calendar = xmlCalendar.toGregorianCalendar();	
	calendar.set(Calendar.MINUTE, minute);
	calendar.set(Calendar.SECOND, seconde);
	def date = javax.xml.datatype.DatatypeFactory.newInstance().newXMLGregorianCalendar(calendar);
	return date;
      
}</con:script><con:responseContent><![CDATA[<soapenv:Envelope xmlns:soapenv="http://schemas.xmlsoap.org/soap/envelope/" xmlns:wsdl="http://wsdl.siri.org.uk" xmlns:siri="http://www.siri.org.uk/siri" xmlns:acsb="http://www.ifopt.org.uk/acsb" xmlns:ifop="http://www.ifopt.org.uk/ifopt" xmlns:_0="http://datex2.eu/schema/2_0RC1/2_0">
   <soapenv:Header/>
   <soapenv:Body>
      <wsdl:GetSiriServiceResponse>
         <Answer srsName="1">
            <siri:ResponseTimestamp>${=javax.xml.datatype.DatatypeFactory.newInstance().newXMLGregorianCalendar(GregorianCalendar.getInstance())}</siri:ResponseTimestamp>
            <!--Optional:-->
            <siri:ProducerRef>${producerRef}</siri:ProducerRef>
            <siri:ResponseMessageIdentifier>${= UUID.randomUUID().toString()}</siri:ResponseMessageIdentifier>
            <!--Optional:-->
            <siri:RequestMessageRef>${idMessage}</siri:RequestMessageRef>
            <!--Optional:-->
            <siri:Status>true</siri:Status>
            <!--Optional:-->
            <siri:MoreData>false</siri:MoreData>
            <!-- 1er Delivery : ZDE = STIF:StopPoint:Q:109801-->
          <siri:StopMonitoringDelivery version="2.0[FR-IDF-2.4]">
               <siri:ResponseTimestamp>${=javax.xml.datatype.DatatypeFactory.newInstance().newXMLGregorianCalendar(GregorianCalendar.getInstance())}</siri:ResponseTimestamp>
               <siri:Status>true</siri:Status>
               <siri:MonitoringRef>STIF:StopPoint:Q:109801:</siri:MonitoringRef>
               <!-- 1 er passage-->
               <siri:MonitoredStopVisit>
                  <siri:RecordedAtTime>${=javax.xml.datatype.DatatypeFactory.newInstance().newXMLGregorianCalendar(GregorianCalendar.getInstance())}</siri:RecordedAtTime>
                  <siri:ItemIdentifier>100WSIVSIRI:Item::1:LOC</siri:ItemIdentifier>
                  <siri:MonitoringRef>STIF:StopPoint:Q:109801:</siri:MonitoringRef>
                  <siri:MonitoredVehicleJourney>
                     <siri:LineRef>STIF:Line::004004009:</siri:LineRef>
                      <!-- FramedVehicleJourneyRef -->
                     <siri:FramedVehicleJourneyRef>
                        <siri:DataFrameRef>any</siri:DataFrameRef>
                        <siri:DatedVehicleJourneyRef>100WSIVSIRI:VehicleJourney::147427:LOC</siri:DatedVehicleJourneyRef>
                     </siri:FramedVehicleJourneyRef>
                     <!-- JourneyPatternInfoGroup -->
                     <siri:JourneyPatternName>ELBA</siri:JourneyPatternName>
                     <siri:VehicleMode>bus</siri:VehicleMode>
                     <siri:OperatorRef>100WSIVSIRI:Operator::RATP:</siri:OperatorRef>
                     <siri:Via> 
                        <siri:PlaceRef>100WSIVSIRI:Place::108943:LOC</siri:PlaceRef>
                        <siri:PlaceName>Chopin</siri:PlaceName>
                     </siri:Via>
                     <siri:DestinationRef>STIF:StopPoint:Q:108926:</siri:DestinationRef>
                     <siri:DestinationName>Château d'Eau</siri:DestinationName>
                     <siri:Monitored>true</siri:Monitored>
                     <siri:Delay>PT0.000S</siri:Delay>
                     <!-- MonitoredCall 1er passage-->
                    <siri:MonitoredCall>
                        <siri:StopPointRef>STIF:StopPoint:Q:109801:</siri:StopPointRef>
                        <siri:StopPointName>Châtaigniers</siri:StopPointName>
                        <siri:VehicleAtStop>true</siri:VehicleAtStop>
                        <siri:PlatformTraversal>false</siri:PlatformTraversal>
                        <siri:DestinationDisplay>Château d'Eau</siri:DestinationDisplay>
                        <siri:AimedArrivalTime>${= Calendar calendar = Calendar.getInstance(); calendar.add(Calendar.MINUTE,5);return javax.xml.datatype.DatatypeFactory.newInstance().newXMLGregorianCalendar(calendar);}</siri:AimedArrivalTime>
                        <siri:ActualArrivalTime>${= Calendar calendar = Calendar.getInstance(); calendar.add(Calendar.MINUTE,5);return javax.xml.datatype.DatatypeFactory.newInstance().newXMLGregorianCalendar(calendar);}</siri:ActualArrivalTime>
                        <siri:ArrivalStatus>onTime</siri:ArrivalStatus>
                        <siri:ArrivalPlatformName>E</siri:ArrivalPlatformName>
                        <siri:AimedDepartureTime>${= Calendar calendar = Calendar.getInstance(); calendar.add(Calendar.MINUTE,5);return javax.xml.datatype.DatatypeFactory.newInstance().newXMLGregorianCalendar(calendar);}</siri:AimedDepartureTime>
                        <siri:ExpectedDepartureTime>${= Calendar calendar = Calendar.getInstance(); calendar.add(Calendar.MINUTE,5);return javax.xml.datatype.DatatypeFactory.newInstance().newXMLGregorianCalendar(calendar);}</siri:ExpectedDepartureTime>
                        <siri:DepartureStatus>onTime</siri:DepartureStatus>
                        <siri:DeparturePlatformName>E</siri:DeparturePlatformName>
                        <siri:DepartureBoardingActivity>boarding</siri:DepartureBoardingActivity>
                     </siri:MonitoredCall>
                  </siri:MonitoredVehicleJourney>
               </siri:MonitoredStopVisit>
            </siri:StopMonitoringDelivery>
		<!-- 2eme Delivery : ZDE = STIF:StopPoint:Q:109802-->
          <siri:StopMonitoringDelivery version="2.0[FR-IDF-2.4]">
               <siri:ResponseTimestamp>${=javax.xml.datatype.DatatypeFactory.newInstance().newXMLGregorianCalendar(GregorianCalendar.getInstance())}</siri:ResponseTimestamp>
               <siri:Status>true</siri:Status>
               <siri:MonitoringRef>STIF:StopPoint:Q:109802:</siri:MonitoringRef>
               <!-- 1 er passage-->
               <siri:MonitoredStopVisit>
                  <siri:RecordedAtTime>${=javax.xml.datatype.DatatypeFactory.newInstance().newXMLGregorianCalendar(GregorianCalendar.getInstance())}</siri:RecordedAtTime>
                  <siri:ItemIdentifier>100WSIVSIRI:Item::2:LOC</siri:ItemIdentifier>
                  <siri:MonitoringRef>STIF:StopPoint:Q:109802:</siri:MonitoringRef>
                  <siri:MonitoredVehicleJourney>
                     <siri:LineRef>STIF:Line::004004009:</siri:LineRef>
                      <!-- FramedVehicleJourneyRef -->
                     <siri:FramedVehicleJourneyRef>
                        <siri:DataFrameRef>any</siri:DataFrameRef>
                        <siri:DatedVehicleJourneyRef>100WSIVSIRI:VehicleJourney::147428:LOC</siri:DatedVehicleJourneyRef>
                     </siri:FramedVehicleJourneyRef>
                     <!-- JourneyPatternInfoGroup -->
                     <siri:JourneyPatternName>ELBA</siri:JourneyPatternName>
                     <siri:VehicleMode>bus</siri:VehicleMode>
                     <siri:OperatorRef>100WSIVSIRI:Operator::RATP:</siri:OperatorRef>
                     <siri:DestinationRef>STIF:StopPoint:Q:108926:</siri:DestinationRef>
                     <siri:DestinationName>Château d'Eau</siri:DestinationName>
                     <siri:Monitored>true</siri:Monitored>
                     <siri:Delay>PT0.000S</siri:Delay>
                     <!-- MonitoredCall 1er passage-->
                    <siri:MonitoredCall>
                        <siri:StopPointRef>STIF:StopPoint:Q:109802:</siri:StopPointRef>
                        <siri:StopPointName>Chênes</siri:StopPointName>
                        <siri:VehicleAtStop>true</siri:VehicleAtStop>
                        <siri:PlatformTraversal>false</siri:PlatformTraversal>
                        <siri:DestinationDisplay>Château d'Eau</siri:DestinationDisplay>
                        <siri:AimedArrivalTime>${= Calendar calendar = Calendar.getInstance(); calendar.add(Calendar.MINUTE,5);return javax.xml.datatype.DatatypeFactory.newInstance().newXMLGregorianCalendar(calendar);}</siri:AimedArrivalTime>
                        <siri:ActualArrivalTime>${= Calendar calendar = Calendar.getInstance(); calendar.add(Calendar.MINUTE,5);return javax.xml.datatype.DatatypeFactory.newInstance().newXMLGregorianCalendar(calendar);}</siri:ActualArrivalTime>
                        <siri:ArrivalStatus>onTime</siri:ArrivalStatus>
                        <siri:ArrivalPlatformName>E</siri:ArrivalPlatformName>
                        <siri:AimedDepartureTime>${= Calendar calendar = Calendar.getInstance(); calendar.add(Calendar.MINUTE,5);return javax.xml.datatype.DatatypeFactory.newInstance().newXMLGregorianCalendar(calendar);}</siri:AimedDepartureTime>
                        <siri:ExpectedDepartureTime>${= Calendar calendar = Calendar.getInstance(); calendar.add(Calendar.MINUTE,5);return javax.xml.datatype.DatatypeFactory.newInstance().newXMLGregorianCalendar(calendar);}</siri:ExpectedDepartureTime>
                        <siri:DepartureStatus>onTime</siri:DepartureStatus>
                        <siri:DeparturePlatformName>E</siri:DeparturePlatformName>
                        <siri:DepartureBoardingActivity>boarding</siri:DepartureBoardingActivity>
                     </siri:MonitoredCall>
                  </siri:MonitoredVehicleJourney>
               </siri:MonitoredStopVisit>
            </siri:StopMonitoringDelivery>
		<!-- 3eme Delivery : ZDE = STIF:StopPoint:Q:108918-->
          <siri:StopMonitoringDelivery version="2.0[FR-IDF-2.4]">
               <siri:ResponseTimestamp>${=javax.xml.datatype.DatatypeFactory.newInstance().newXMLGregorianCalendar(GregorianCalendar.getInstance())}</siri:ResponseTimestamp>
               <siri:Status>true</siri:Status>
               <siri:MonitoringRef>STIF:StopPoint:Q:108918:</siri:MonitoringRef>
               <!-- 1 er passage-->
               <siri:MonitoredStopVisit>
                  <siri:RecordedAtTime>${=javax.xml.datatype.DatatypeFactory.newInstance().newXMLGregorianCalendar(GregorianCalendar.getInstance())}</siri:RecordedAtTime>
                  <siri:ItemIdentifier>100WSIVSIRI:Item::3:LOC</siri:ItemIdentifier>
                  <siri:MonitoringRef>STIF:StopPoint:Q:108918:</siri:MonitoringRef>
                  <siri:MonitoredVehicleJourney>
                     <siri:LineRef>STIF:Line::004004009:</siri:LineRef>
                      <!-- FramedVehicleJourneyRef -->
                     <siri:FramedVehicleJourneyRef>
                        <siri:DataFrameRef>any</siri:DataFrameRef>
                        <siri:DatedVehicleJourneyRef>100WSIVSIRI:VehicleJourney::147429:LOC</siri:DatedVehicleJourneyRef>
                     </siri:FramedVehicleJourneyRef>
                     <!-- JourneyPatternInfoGroup -->
                     <siri:JourneyPatternName>ELBA</siri:JourneyPatternName>
                     <siri:VehicleMode>bus</siri:VehicleMode>
                     <siri:OperatorRef>100WSIVSIRI:Operator::RATP:</siri:OperatorRef>
                     <siri:DestinationRef>STIF:StopPoint:Q:108926:</siri:DestinationRef>
                     <siri:DestinationName>Château d'Eau</siri:DestinationName>
                     <siri:Monitored>true</siri:Monitored>
                     <siri:Delay>PT0.000S</siri:Delay>
                     <!-- MonitoredCall 1er passage-->
                    <siri:MonitoredCall>
                        <siri:StopPointRef>STIF:StopPoint:Q:108918:</siri:StopPointRef>
                        <siri:StopPointName>Chênes</siri:StopPointName>
                        <siri:VehicleAtStop>true</siri:VehicleAtStop>
                        <siri:PlatformTraversal>false</siri:PlatformTraversal>
                        <siri:DestinationDisplay>Château d'Eau</siri:DestinationDisplay>
                        <siri:AimedArrivalTime>${= Calendar calendar = Calendar.getInstance(); calendar.add(Calendar.MINUTE,5);return javax.xml.datatype.DatatypeFactory.newInstance().newXMLGregorianCalendar(calendar);}</siri:AimedArrivalTime>
                        <siri:ActualArrivalTime>${= Calendar calendar = Calendar.getInstance(); calendar.add(Calendar.MINUTE,5);return javax.xml.datatype.DatatypeFactory.newInstance().newXMLGregorianCalendar(calendar);}</siri:ActualArrivalTime>
                        <siri:ArrivalStatus>onTime</siri:ArrivalStatus>
                        <siri:ArrivalPlatformName>E</siri:ArrivalPlatformName>
                        <siri:AimedDepartureTime>${= Calendar calendar = Calendar.getInstance(); calendar.add(Calendar.MINUTE,5);return javax.xml.datatype.DatatypeFactory.newInstance().newXMLGregorianCalendar(calendar);}</siri:AimedDepartureTime>
                        <siri:ExpectedDepartureTime>${= Calendar calendar = Calendar.getInstance(); calendar.add(Calendar.MINUTE,5);return javax.xml.datatype.DatatypeFactory.newInstance().newXMLGregorianCalendar(calendar);}</siri:ExpectedDepartureTime>
                        <siri:DepartureStatus>onTime</siri:DepartureStatus>
                        <siri:DeparturePlatformName>E</siri:DeparturePlatformName>
                        <siri:DepartureBoardingActivity>boarding</siri:DepartureBoardingActivity>
                     </siri:MonitoredCall>
                  </siri:MonitoredVehicleJourney>
               </siri:MonitoredStopVisit>
            </siri:StopMonitoringDelivery>
<!-- 4eme Delivery : ZDE = STIF:StopPoint:Q:109310-->
          <siri:StopMonitoringDelivery version="2.0[FR-IDF-2.4]">
               <siri:ResponseTimestamp>${=javax.xml.datatype.DatatypeFactory.newInstance().newXMLGregorianCalendar(GregorianCalendar.getInstance())}</siri:ResponseTimestamp>
               <siri:Status>true</siri:Status>
               <siri:MonitoringRef>STIF:StopPoint:Q:109310:</siri:MonitoringRef>
               <!-- 1 er passage-->
               <siri:MonitoredStopVisit>
                  <siri:RecordedAtTime>${=javax.xml.datatype.DatatypeFactory.newInstance().newXMLGregorianCalendar(GregorianCalendar.getInstance())}</siri:RecordedAtTime>
                  <siri:ItemIdentifier>100WSIVSIRI:Item::4:LOC</siri:ItemIdentifier>
                  <siri:MonitoringRef>STIF:StopPoint:Q:109310:</siri:MonitoringRef>
                  <siri:MonitoredVehicleJourney>
                     <siri:LineRef>STIF:Line::004004009:</siri:LineRef>
                      <!-- FramedVehicleJourneyRef -->
                     <siri:FramedVehicleJourneyRef>
                        <siri:DataFrameRef>any</siri:DataFrameRef>
                        <siri:DatedVehicleJourneyRef>100WSIVSIRI:VehicleJourney::147450:LOC</siri:DatedVehicleJourneyRef>
                     </siri:FramedVehicleJourneyRef>
                     <!-- JourneyPatternInfoGroup -->
                     <siri:JourneyPatternName>ELBA</siri:JourneyPatternName>
                     <siri:VehicleMode>bus</siri:VehicleMode>
                     <siri:OperatorRef>100WSIVSIRI:Operator::RATP:</siri:OperatorRef>
                     <siri:DestinationRef>STIF:StopPoint:Q:108926:</siri:DestinationRef>
                     <siri:DestinationName>Château d'Eau</siri:DestinationName>
                     <siri:Monitored>true</siri:Monitored>
                     <siri:Delay>PT0.000S</siri:Delay>
                     <!-- MonitoredCall 1er passage-->
                    <siri:MonitoredCall>
                        <siri:StopPointRef>STIF:StopPoint:Q:109310:</siri:StopPointRef>
                        <siri:StopPointName>Chênes</siri:StopPointName>
                        <siri:VehicleAtStop>true</siri:VehicleAtStop>
                        <siri:PlatformTraversal>false</siri:PlatformTraversal>
                        <siri:DestinationDisplay>Château d'Eau</siri:DestinationDisplay>
                        <siri:AimedArrivalTime>${= Calendar calendar = Calendar.getInstance(); calendar.add(Calendar.MINUTE,5);return javax.xml.datatype.DatatypeFactory.newInstance().newXMLGregorianCalendar(calendar);}</siri:AimedArrivalTime>
                        <siri:ActualArrivalTime>${= Calendar calendar = Calendar.getInstance(); calendar.add(Calendar.MINUTE,5);return javax.xml.datatype.DatatypeFactory.newInstance().newXMLGregorianCalendar(calendar);}</siri:ActualArrivalTime>
                        <siri:ArrivalStatus>onTime</siri:ArrivalStatus>
                        <siri:ArrivalPlatformName>E</siri:ArrivalPlatformName>
                        <siri:AimedDepartureTime>${= Calendar calendar = Calendar.getInstance(); calendar.add(Calendar.MINUTE,5);return javax.xml.datatype.DatatypeFactory.newInstance().newXMLGregorianCalendar(calendar);}</siri:AimedDepartureTime>
                        <siri:ExpectedDepartureTime>${= Calendar calendar = Calendar.getInstance(); calendar.add(Calendar.MINUTE,5);return javax.xml.datatype.DatatypeFactory.newInstance().newXMLGregorianCalendar(calendar);}</siri:ExpectedDepartureTime>
                        <siri:DepartureStatus>onTime</siri:DepartureStatus>
                        <siri:DeparturePlatformName>E</siri:DeparturePlatformName>
                        <siri:DepartureBoardingActivity>boarding</siri:DepartureBoardingActivity>
                     </siri:MonitoredCall>
                  </siri:MonitoredVehicleJourney>
               </siri:MonitoredStopVisit>
            </siri:StopMonitoringDelivery>
<!-- 5eme Delivery : ZDE = STIF:StopPoint:Q:109311-->
          <siri:StopMonitoringDelivery version="2.0[FR-IDF-2.4]">
               <siri:ResponseTimestamp>${=javax.xml.datatype.DatatypeFactory.newInstance().newXMLGregorianCalendar(GregorianCalendar.getInstance())}</siri:ResponseTimestamp>
               <siri:Status>true</siri:Status>
               <siri:MonitoringRef>STIF:StopPoint:Q:109311:</siri:MonitoringRef>
               <!-- 1 er passage-->
               <siri:MonitoredStopVisit>
                  <siri:RecordedAtTime>${=javax.xml.datatype.DatatypeFactory.newInstance().newXMLGregorianCalendar(GregorianCalendar.getInstance())}</siri:RecordedAtTime>
                  <siri:ItemIdentifier>100WSIVSIRI:Item::5:LOC</siri:ItemIdentifier>
                  <siri:MonitoringRef>STIF:StopPoint:Q:109311:</siri:MonitoringRef>
                  <siri:MonitoredVehicleJourney>
                     <siri:LineRef>STIF:Line::004004009:</siri:LineRef>
                      <!-- FramedVehicleJourneyRef -->
                     <siri:FramedVehicleJourneyRef>
                        <siri:DataFrameRef>any</siri:DataFrameRef>
                        <siri:DatedVehicleJourneyRef>100WSIVSIRI:VehicleJourney::147450:LOC</siri:DatedVehicleJourneyRef>
                     </siri:FramedVehicleJourneyRef>
                     <!-- JourneyPatternInfoGroup -->
                     <siri:JourneyPatternName>ELBA</siri:JourneyPatternName>
                     <siri:VehicleMode>bus</siri:VehicleMode>
                     <siri:OperatorRef>100WSIVSIRI:Operator::RATP:</siri:OperatorRef>
                     <siri:DestinationRef>STIF:StopPoint:Q:108926:</siri:DestinationRef>
                     <siri:DestinationName>Château d'Eau</siri:DestinationName>
                     <siri:Monitored>true</siri:Monitored>
                     <siri:Delay>PT0.000S</siri:Delay>
                     <!-- MonitoredCall 1er passage-->
                    <siri:MonitoredCall>
                        <siri:StopPointRef>STIF:StopPoint:Q:109311:</siri:StopPointRef>
                        <siri:StopPointName>Chênes</siri:StopPointName>
                        <siri:VehicleAtStop>true</siri:VehicleAtStop>
                        <siri:PlatformTraversal>false</siri:PlatformTraversal>
                        <siri:DestinationDisplay>Château d'Eau</siri:DestinationDisplay>
                        <siri:AimedArrivalTime>${= Calendar calendar = Calendar.getInstance(); calendar.add(Calendar.MINUTE,5);return javax.xml.datatype.DatatypeFactory.newInstance().newXMLGregorianCalendar(calendar);}</siri:AimedArrivalTime>
                        <siri:ActualArrivalTime>${= Calendar calendar = Calendar.getInstance(); calendar.add(Calendar.MINUTE,5);return javax.xml.datatype.DatatypeFactory.newInstance().newXMLGregorianCalendar(calendar);}</siri:ActualArrivalTime>
                        <siri:ArrivalStatus>onTime</siri:ArrivalStatus>
                        <siri:ArrivalPlatformName>E</siri:ArrivalPlatformName>
                        <siri:AimedDepartureTime>${= Calendar calendar = Calendar.getInstance(); calendar.add(Calendar.MINUTE,5);return javax.xml.datatype.DatatypeFactory.newInstance().newXMLGregorianCalendar(calendar);}</siri:AimedDepartureTime>
                        <siri:ExpectedDepartureTime>${= Calendar calendar = Calendar.getInstance(); calendar.add(Calendar.MINUTE,5);return javax.xml.datatype.DatatypeFactory.newInstance().newXMLGregorianCalendar(calendar);}</siri:ExpectedDepartureTime>
                        <siri:DepartureStatus>onTime</siri:DepartureStatus>
                        <siri:DeparturePlatformName>E</siri:DeparturePlatformName>
                        <siri:DepartureBoardingActivity>boarding</siri:DepartureBoardingActivity>
                     </siri:MonitoredCall>
                  </siri:MonitoredVehicleJourney>
               </siri:MonitoredStopVisit>
            </siri:StopMonitoringDelivery>
         </Answer>
      </wsdl:GetSiriServiceResponse>
   </soapenv:Body>
</soapenv:Envelope>]]></con:responseContent><con:wsaConfig mustUnderstand="NONE" version="200508" action="GetStopMonitoring"/></con:response><con:dispatchConfig/></con:mockOperation><con:properties/></con:mockService><con:mockService port="8080" path="/" host="stif-pc-dev-08" name="test88Producer_SNCF"><con:settings><con:setting id="com.eviware.soapui.impl.wsdl.mock.WsdlMockService@require-soap-action">false</con:setting></con:settings><con:mockOperation name="GetStopMonitoring" interface="SiriProducerDocBinding" operation="GetStopMonitoring"><con:settings/><con:dispatchStyle>SEQUENCE</con:dispatchStyle><con:defaultResponse>Response 1</con:defaultResponse><con:response name="Response 1" encoding="UTF-8"><con:settings/><con:responseContent><![CDATA[<soapenv:Envelope xmlns:soapenv="http://schemas.xmlsoap.org/soap/envelope/" xmlns:wsdl="http://wsdl.siri.org.uk" xmlns:siri="http://www.siri.org.uk/siri" xmlns:acsb="http://www.ifopt.org.uk/acsb" xmlns:ifop="http://www.ifopt.org.uk/ifopt" xmlns:_0="http://datex2.eu/schema/2_0RC1/2_0">
   <soapenv:Header/>
   <soapenv:Body>
      <wsdl:GetSiriServiceResponse>
         <Answer srsName="1">
            <siri:ResponseTimestamp>${=javax.xml.datatype.DatatypeFactory.newInstance().newXMLGregorianCalendar(GregorianCalendar.getInstance())}</siri:ResponseTimestamp>
            <!--Optional:-->
            <siri:ProducerRef>${producerRef}</siri:ProducerRef>
            <siri:ResponseMessageIdentifier>${= UUID.randomUUID().toString()}</siri:ResponseMessageIdentifier>
            <!--Optional:-->
            <siri:RequestMessageRef>${idMessage}</siri:RequestMessageRef>
            <!--Optional:-->
            <siri:Status>true</siri:Status>
            <!--Optional:-->
            <siri:MoreData>false</siri:MoreData>
            <!-- 1er Delivery : ZDE = STIF:StopPoint:Q:110048-->
          <siri:StopMonitoringDelivery version="2.0[FR-IDF-2.4]">
               <siri:ResponseTimestamp>${=javax.xml.datatype.DatatypeFactory.newInstance().newXMLGregorianCalendar(GregorianCalendar.getInstance())}</siri:ResponseTimestamp>
               <siri:Status>true</siri:Status>
               <siri:MonitoringRef>STIF:StopPoint:Q:110048:</siri:MonitoringRef>
               <!-- 1 er passage-->
               <siri:MonitoredStopVisit>
                  <siri:RecordedAtTime>${=javax.xml.datatype.DatatypeFactory.newInstance().newXMLGregorianCalendar(GregorianCalendar.getInstance())}</siri:RecordedAtTime>
                  <siri:ItemIdentifier>SNCF-ACCES:Item::1:LOC</siri:ItemIdentifier>
                  <siri:MonitoringRef>STIF:StopPoint:Q:110048:</siri:MonitoringRef>
                  <siri:MonitoredVehicleJourney>
                     <siri:LineRef>STIF:Line::004004009:</siri:LineRef>
                      <!-- FramedVehicleJourneyRef -->
                     <siri:FramedVehicleJourneyRef>
                        <siri:DataFrameRef>any</siri:DataFrameRef>
                        <siri:DatedVehicleJourneyRef>SNCF-ACCES:VehicleJourney::147430:LOC</siri:DatedVehicleJourneyRef>
                     </siri:FramedVehicleJourneyRef>
                     <!-- JourneyPatternInfoGroup -->
                     <siri:JourneyPatternName>ELBA</siri:JourneyPatternName>
                     <siri:VehicleMode>bus</siri:VehicleMode>
                     <siri:OperatorRef>SNCF-ACCES:Operator::SNCF:</siri:OperatorRef>
                     <siri:Via> 
                        <siri:PlaceRef>SNCF-ACCES:Place::108943:LOC</siri:PlaceRef>
                        <siri:PlaceName>Chopin</siri:PlaceName>
                     </siri:Via>
                     <siri:DestinationRef>STIF:StopPoint:Q:108949:</siri:DestinationRef>
                     <siri:DestinationName>Château d'Eau</siri:DestinationName>
                     <siri:Monitored>true</siri:Monitored>
                     <siri:Delay>PT0.000S</siri:Delay>
                     <!-- MonitoredCall 1er passage-->
                    <siri:MonitoredCall>
                        <siri:StopPointRef>STIF:StopPoint:Q:110048:</siri:StopPointRef>
                        <siri:StopPointName>Châtaigniers</siri:StopPointName>
                        <siri:VehicleAtStop>true</siri:VehicleAtStop>
                        <siri:PlatformTraversal>false</siri:PlatformTraversal>
                        <siri:DestinationDisplay>Château d'Eau</siri:DestinationDisplay>
                        <siri:AimedArrivalTime>${= Calendar calendar = Calendar.getInstance(); calendar.add(Calendar.MINUTE,5);return javax.xml.datatype.DatatypeFactory.newInstance().newXMLGregorianCalendar(calendar);}</siri:AimedArrivalTime>
                        <siri:ActualArrivalTime>${= Calendar calendar = Calendar.getInstance(); calendar.add(Calendar.MINUTE,5);return javax.xml.datatype.DatatypeFactory.newInstance().newXMLGregorianCalendar(calendar);}</siri:ActualArrivalTime>
                        <siri:ArrivalStatus>onTime</siri:ArrivalStatus>
                        <siri:ArrivalPlatformName>E</siri:ArrivalPlatformName>
                        <siri:AimedDepartureTime>${= Calendar calendar = Calendar.getInstance(); calendar.add(Calendar.MINUTE,5);return javax.xml.datatype.DatatypeFactory.newInstance().newXMLGregorianCalendar(calendar);}</siri:AimedDepartureTime>
                        <siri:ExpectedDepartureTime>${= Calendar calendar = Calendar.getInstance(); calendar.add(Calendar.MINUTE,5);return javax.xml.datatype.DatatypeFactory.newInstance().newXMLGregorianCalendar(calendar);}</siri:ExpectedDepartureTime>
                        <siri:DepartureStatus>onTime</siri:DepartureStatus>
                        <siri:DeparturePlatformName>E</siri:DeparturePlatformName>
                        <siri:DepartureBoardingActivity>boarding</siri:DepartureBoardingActivity>
                     </siri:MonitoredCall>
                  </siri:MonitoredVehicleJourney>
               </siri:MonitoredStopVisit>
            </siri:StopMonitoringDelivery>
		<!-- 2eme Delivery : ZDE = STIF:StopPoint:Q:109925-->
          <siri:StopMonitoringDelivery version="2.0[FR-IDF-2.4]">
               <siri:ResponseTimestamp>${=javax.xml.datatype.DatatypeFactory.newInstance().newXMLGregorianCalendar(GregorianCalendar.getInstance())}</siri:ResponseTimestamp>
               <siri:Status>true</siri:Status>
               <siri:MonitoringRef>STIF:StopPoint:Q:109925:</siri:MonitoringRef>
               <!-- 1 er passage-->
               <siri:MonitoredStopVisit>
                  <siri:RecordedAtTime>${=javax.xml.datatype.DatatypeFactory.newInstance().newXMLGregorianCalendar(GregorianCalendar.getInstance())}</siri:RecordedAtTime>
                  <siri:ItemIdentifier>SNCF-ACCES:Item::2:LOC</siri:ItemIdentifier>
                  <siri:MonitoringRef>STIF:StopPoint:Q:109925:</siri:MonitoringRef>
                  <siri:MonitoredVehicleJourney>
                     <siri:LineRef>STIF:Line::004004009:</siri:LineRef>
                      <!-- FramedVehicleJourneyRef -->
                     <siri:FramedVehicleJourneyRef>
                        <siri:DataFrameRef>any</siri:DataFrameRef>
                        <siri:DatedVehicleJourneyRef>SNCF-ACCES:VehicleJourney::147431:LOC</siri:DatedVehicleJourneyRef>
                     </siri:FramedVehicleJourneyRef>
                     <!-- JourneyPatternInfoGroup -->
                     <siri:JourneyPatternName>ELBA</siri:JourneyPatternName>
                     <siri:VehicleMode>bus</siri:VehicleMode>
                     <siri:OperatorRef>SNCF-ACCES:Operator::SNCF:</siri:OperatorRef>
                     <siri:DestinationRef>STIF:StopPoint:Q:108949:</siri:DestinationRef>
                     <siri:DestinationName>Château d'Eau</siri:DestinationName>
                     <siri:Monitored>true</siri:Monitored>
                     <siri:Delay>PT0.000S</siri:Delay>
                     <!-- MonitoredCall 1er passage-->
                    <siri:MonitoredCall>
                        <siri:StopPointRef>STIF:StopPoint:Q:109925:</siri:StopPointRef>
                        <siri:StopPointName>Chênes</siri:StopPointName>
                        <siri:VehicleAtStop>true</siri:VehicleAtStop>
                        <siri:PlatformTraversal>false</siri:PlatformTraversal>
                        <siri:DestinationDisplay>Château d'Eau</siri:DestinationDisplay>
                        <siri:AimedArrivalTime>${= Calendar calendar = Calendar.getInstance(); calendar.add(Calendar.MINUTE,5);return javax.xml.datatype.DatatypeFactory.newInstance().newXMLGregorianCalendar(calendar);}</siri:AimedArrivalTime>
                        <siri:ActualArrivalTime>${= Calendar calendar = Calendar.getInstance(); calendar.add(Calendar.MINUTE,5);return javax.xml.datatype.DatatypeFactory.newInstance().newXMLGregorianCalendar(calendar);}</siri:ActualArrivalTime>
                        <siri:ArrivalStatus>onTime</siri:ArrivalStatus>
                        <siri:ArrivalPlatformName>E</siri:ArrivalPlatformName>
                        <siri:AimedDepartureTime>${= Calendar calendar = Calendar.getInstance(); calendar.add(Calendar.MINUTE,5);return javax.xml.datatype.DatatypeFactory.newInstance().newXMLGregorianCalendar(calendar);}</siri:AimedDepartureTime>
                        <siri:ExpectedDepartureTime>${= Calendar calendar = Calendar.getInstance(); calendar.add(Calendar.MINUTE,5);return javax.xml.datatype.DatatypeFactory.newInstance().newXMLGregorianCalendar(calendar);}</siri:ExpectedDepartureTime>
                        <siri:DepartureStatus>onTime</siri:DepartureStatus>
                        <siri:DeparturePlatformName>E</siri:DeparturePlatformName>
                        <siri:DepartureBoardingActivity>boarding</siri:DepartureBoardingActivity>
                     </siri:MonitoredCall>
                  </siri:MonitoredVehicleJourney>
               </siri:MonitoredStopVisit>
            </siri:StopMonitoringDelivery>
		<!-- 3eme Delivery : ZDE = STIF:StopPoint:Q:109926-->
          <siri:StopMonitoringDelivery version="2.0[FR-IDF-2.4]">
               <siri:ResponseTimestamp>${=javax.xml.datatype.DatatypeFactory.newInstance().newXMLGregorianCalendar(GregorianCalendar.getInstance())}</siri:ResponseTimestamp>
               <siri:Status>true</siri:Status>
               <siri:MonitoringRef>STIF:StopPoint:Q:109926:</siri:MonitoringRef>
               <!-- 1 er passage-->
               <siri:MonitoredStopVisit>
                  <siri:RecordedAtTime>${=javax.xml.datatype.DatatypeFactory.newInstance().newXMLGregorianCalendar(GregorianCalendar.getInstance())}</siri:RecordedAtTime>
                  <siri:ItemIdentifier>SNCF-ACCES:Item::3:LOC</siri:ItemIdentifier>
                  <siri:MonitoringRef>STIF:StopPoint:Q:109926:</siri:MonitoringRef>
                  <siri:MonitoredVehicleJourney>
                     <siri:LineRef>STIF:Line::004004009:</siri:LineRef>
                      <!-- FramedVehicleJourneyRef -->
                     <siri:FramedVehicleJourneyRef>
                        <siri:DataFrameRef>any</siri:DataFrameRef>
                        <siri:DatedVehicleJourneyRef>SNCF-ACCES:VehicleJourney::147432:LOC</siri:DatedVehicleJourneyRef>
                     </siri:FramedVehicleJourneyRef>
                     <!-- JourneyPatternInfoGroup -->
                     <siri:JourneyPatternName>ELBA</siri:JourneyPatternName>
                     <siri:VehicleMode>bus</siri:VehicleMode>
                     <siri:OperatorRef>SNCF-ACCES:Operator::SNCF:</siri:OperatorRef>
                     <siri:DestinationRef>STIF:StopPoint:Q:108949:</siri:DestinationRef>
                     <siri:DestinationName>Château d'Eau</siri:DestinationName>
                     <siri:Monitored>true</siri:Monitored>
                     <siri:Delay>PT0.000S</siri:Delay>
                     <!-- MonitoredCall 1er passage-->
                    <siri:MonitoredCall>
                        <siri:StopPointRef>STIF:StopPoint:Q:109926:</siri:StopPointRef>
                        <siri:StopPointName>Chênes</siri:StopPointName>
                        <siri:VehicleAtStop>true</siri:VehicleAtStop>
                        <siri:PlatformTraversal>false</siri:PlatformTraversal>
                        <siri:DestinationDisplay>Château d'Eau</siri:DestinationDisplay>
                        <siri:AimedArrivalTime>${= Calendar calendar = Calendar.getInstance(); calendar.add(Calendar.MINUTE,5);return javax.xml.datatype.DatatypeFactory.newInstance().newXMLGregorianCalendar(calendar);}</siri:AimedArrivalTime>
                        <siri:ActualArrivalTime>${= Calendar calendar = Calendar.getInstance(); calendar.add(Calendar.MINUTE,5);return javax.xml.datatype.DatatypeFactory.newInstance().newXMLGregorianCalendar(calendar);}</siri:ActualArrivalTime>
                        <siri:ArrivalStatus>onTime</siri:ArrivalStatus>
                        <siri:ArrivalPlatformName>E</siri:ArrivalPlatformName>
                        <siri:AimedDepartureTime>${= Calendar calendar = Calendar.getInstance(); calendar.add(Calendar.MINUTE,5);return javax.xml.datatype.DatatypeFactory.newInstance().newXMLGregorianCalendar(calendar);}</siri:AimedDepartureTime>
                        <siri:ExpectedDepartureTime>${= Calendar calendar = Calendar.getInstance(); calendar.add(Calendar.MINUTE,5);return javax.xml.datatype.DatatypeFactory.newInstance().newXMLGregorianCalendar(calendar);}</siri:ExpectedDepartureTime>
                        <siri:DepartureStatus>onTime</siri:DepartureStatus>
                        <siri:DeparturePlatformName>E</siri:DeparturePlatformName>
                        <siri:DepartureBoardingActivity>boarding</siri:DepartureBoardingActivity>
                     </siri:MonitoredCall>
                  </siri:MonitoredVehicleJourney>
               </siri:MonitoredStopVisit>
            </siri:StopMonitoringDelivery>
            
         </Answer>
      </wsdl:GetSiriServiceResponse>
   </soapenv:Body>
</soapenv:Envelope>]]></con:responseContent><con:wsaConfig mustUnderstand="NONE" version="200508" action="GetStopMonitoring"/></con:response><con:dispatchConfig/></con:mockOperation><con:properties/></con:mockService><con:properties/><con:wssContainer/></con:soapui-project>