<?xml version="1.0" encoding="UTF-8"?>
<con:soapui-project activeEnvironment="Default" name="TEST_VABF" resourceRoot="" soapui-version="4.6.2" abortOnError="false" runType="SEQUENTIAL" xmlns:con="http://eviware.com/soapui/config"><con:settings><con:setting id="WsdlSettings@cache-wsdls">true</con:setting></con:settings><con:interface xsi:type="con:WsdlInterface" wsaVersion="NONE" name="SiriProducerRpcBinding" type="wsdl" bindingName="{http://wsdl.siri.org.uk}SiriProducerRpcBinding" soapVersion="1_1" anonymous="optional" definition="file:/home/paul/Desktop/Siri_XML-2.0k-IDF2.4%20(+SubscriptionTerminated%20and%20SG7%20change%20preview)/xsd/siri_wsProducer.wsdl" xmlns:xsi="http://www.w3.org/2001/XMLSchema-instance"><con:settings/><con:definitionCache/><con:endpoints><con:endpoint>http://www.siri-service-location.com</con:endpoint></con:endpoints><con:operation isOneWay="false" action="CheckStatus" name="CheckStatus" bindingOperationName="CheckStatus" type="Request-Response" inputName="" receivesAttachments="false" sendsAttachments="false" anonymous="optional"><con:settings/><con:call name="Request 1"><con:settings/><con:encoding>UTF-8</con:encoding><con:endpoint>http://www.siri-service-location.com</con:endpoint><con:request><![CDATA[<soapenv:Envelope xmlns:soapenv="http://schemas.xmlsoap.org/soap/envelope/" xmlns:wsdl="http://wsdl.siri.org.uk" xmlns:siri="http://www.siri.org.uk/siri">
   <soapenv:Header/>
   <soapenv:Body>
      <wsdl:CheckStatus>
         <Request>
            <siri:RequestTimestamp>?</siri:RequestTimestamp>
            <!--Optional:-->
            <siri:AccountId>?</siri:AccountId>
            <!--Optional:-->
            <siri:AccountKey>?</siri:AccountKey>
            <!--Optional:-->
            <siri:Address>?</siri:Address>
            <siri:RequestorRef>?</siri:RequestorRef>
            <!--Optional:-->
            <siri:MessageIdentifier>?</siri:MessageIdentifier>
            <!--Optional:-->
            <siri:DelegatorAddress>?</siri:DelegatorAddress>
            <!--Optional:-->
            <siri:DelegatorRef>?</siri:DelegatorRef>
         </Request>
         <RequestExtension>
            <!--You may enter ANY elements at this point-->
         </RequestExtension>
      </wsdl:CheckStatus>
   </soapenv:Body>
</soapenv:Envelope>]]></con:request><con:wsaConfig mustUnderstand="NONE" version="200508" action="CheckStatus"/></con:call></con:operation><con:operation isOneWay="false" action="ConnectionLinksDiscovery" name="ConnectionLinksDiscovery" bindingOperationName="ConnectionLinksDiscovery" type="Request-Response" inputName="" receivesAttachments="false" sendsAttachments="false" anonymous="optional"><con:settings/><con:call name="Request 1"><con:settings/><con:encoding>UTF-8</con:encoding><con:endpoint>http://www.siri-service-location.com</con:endpoint><con:request><![CDATA[<soapenv:Envelope xmlns:soapenv="http://schemas.xmlsoap.org/soap/envelope/" xmlns:wsdl="http://wsdl.siri.org.uk" xmlns:siri="http://www.siri.org.uk/siri">
   <soapenv:Header/>
   <soapenv:Body>
      <wsdl:ConnectionLinksDiscovery>
         <Request version="2.0">
            <siri:RequestTimestamp>?</siri:RequestTimestamp>
            <!--Optional:-->
            <siri:AccountId>?</siri:AccountId>
            <!--Optional:-->
            <siri:AccountKey>?</siri:AccountKey>
            <!--Optional:-->
            <siri:Address>?</siri:Address>
            <siri:RequestorRef>?</siri:RequestorRef>
            <!--Optional:-->
            <siri:MessageIdentifier>?</siri:MessageIdentifier>
            <!--You have a CHOICE of the next 3 items at this level-->
            <siri:BoundingBox>
               <siri:UpperLeft id="?" srsName="?">
                  <!--You have a CHOICE of the next 2 items at this level-->
                  <siri:Longitude>?</siri:Longitude>
                  <siri:Latitude>?</siri:Latitude>
                  <siri:Coordinates>?</siri:Coordinates>
                  <!--Optional:-->
                  <siri:Precision>?</siri:Precision>
               </siri:UpperLeft>
               <siri:LowerRight id="?" srsName="?">
                  <!--You have a CHOICE of the next 2 items at this level-->
                  <siri:Longitude>?</siri:Longitude>
                  <siri:Latitude>?</siri:Latitude>
                  <siri:Coordinates>?</siri:Coordinates>
                  <!--Optional:-->
                  <siri:Precision>?</siri:Precision>
               </siri:LowerRight>
            </siri:BoundingBox>
            <siri:Circle id="?" srsName="?">
               <!--You have a CHOICE of the next 2 items at this level-->
               <siri:Longitude>?</siri:Longitude>
               <siri:Latitude>?</siri:Latitude>
               <siri:Coordinates>?</siri:Coordinates>
               <!--Optional:-->
               <siri:Precision>?</siri:Precision>
            </siri:Circle>
            <siri:PlaceRef>?</siri:PlaceRef>
            <!--Optional:-->
            <siri:LineRef>?</siri:LineRef>
            <!--Optional:-->
            <siri:OperatorRef>?</siri:OperatorRef>
            <!--Optional:-->
            <siri:Language>en</siri:Language>
            <!--Optional:-->
            <siri:ConnectionLinksDetailLevel>normal</siri:ConnectionLinksDetailLevel>
         </Request>
         <RequestExtension>
            <!--You may enter ANY elements at this point-->
         </RequestExtension>
      </wsdl:ConnectionLinksDiscovery>
   </soapenv:Body>
</soapenv:Envelope>]]></con:request><con:wsaConfig mustUnderstand="NONE" version="200508" action="ConnectionLinksDiscovery"/></con:call></con:operation><con:operation isOneWay="false" action="DataSupply" name="DataSupply" bindingOperationName="DataSupply" type="Request-Response" inputName="" receivesAttachments="false" sendsAttachments="false" anonymous="optional"><con:settings/><con:call name="Request 1"><con:settings/><con:encoding>UTF-8</con:encoding><con:endpoint>http://www.siri-service-location.com</con:endpoint><con:request><![CDATA[<soapenv:Envelope xmlns:soapenv="http://schemas.xmlsoap.org/soap/envelope/" xmlns:wsdl="http://wsdl.siri.org.uk" xmlns:siri="http://www.siri.org.uk/siri">
   <soapenv:Header/>
   <soapenv:Body>
      <wsdl:DataSupply>
         <DataSupplyRequestInfo>
            <siri:RequestTimestamp>?</siri:RequestTimestamp>
            <!--Optional:-->
            <siri:AccountId>?</siri:AccountId>
            <!--Optional:-->
            <siri:AccountKey>?</siri:AccountKey>
            <!--Optional:-->
            <siri:Address>?</siri:Address>
            <!--Optional:-->
            <siri:ConsumerRef>?</siri:ConsumerRef>
            <!--Optional:-->
            <siri:MessageIdentifier>?</siri:MessageIdentifier>
            <!--Optional:-->
            <siri:DelegatorAddress>?</siri:DelegatorAddress>
            <!--Optional:-->
            <siri:DelegatorRef>?</siri:DelegatorRef>
         </DataSupplyRequestInfo>
         <Request>
            <!--Optional:-->
            <siri:NotificationRef>?</siri:NotificationRef>
            <!--Optional:-->
            <siri:AllData>false</siri:AllData>
         </Request>
         <RequestExtension>
            <!--You may enter ANY elements at this point-->
         </RequestExtension>
      </wsdl:DataSupply>
   </soapenv:Body>
</soapenv:Envelope>]]></con:request><con:wsaConfig mustUnderstand="NONE" version="200508" action="DataSupply"/></con:call></con:operation><con:operation isOneWay="false" action="DeleteSubscription" name="DeleteSubscription" bindingOperationName="DeleteSubscription" type="Request-Response" inputName="" receivesAttachments="false" sendsAttachments="false" anonymous="optional"><con:settings/><con:call name="Request 1"><con:settings/><con:encoding>UTF-8</con:encoding><con:endpoint>http://www.siri-service-location.com</con:endpoint><con:request><![CDATA[<soapenv:Envelope xmlns:soapenv="http://schemas.xmlsoap.org/soap/envelope/" xmlns:wsdl="http://wsdl.siri.org.uk" xmlns:siri="http://www.siri.org.uk/siri">
   <soapenv:Header/>
   <soapenv:Body>
      <wsdl:DeleteSubscription>
         <DeleteSubscriptionInfo>
            <siri:RequestTimestamp>?</siri:RequestTimestamp>
            <!--Optional:-->
            <siri:AccountId>?</siri:AccountId>
            <!--Optional:-->
            <siri:AccountKey>?</siri:AccountKey>
            <!--Optional:-->
            <siri:Address>?</siri:Address>
            <siri:RequestorRef>?</siri:RequestorRef>
            <!--Optional:-->
            <siri:MessageIdentifier>?</siri:MessageIdentifier>
            <!--Optional:-->
            <siri:DelegatorAddress>?</siri:DelegatorAddress>
            <!--Optional:-->
            <siri:DelegatorRef>?</siri:DelegatorRef>
         </DeleteSubscriptionInfo>
         <Request>
            <!--Optional:-->
            <siri:SubscriberRef>?</siri:SubscriberRef>
            <!--You have a CHOICE of the next 2 items at this level-->
            <siri:All>?</siri:All>
            <!--1 or more repetitions:-->
            <siri:SubscriptionRef>?</siri:SubscriptionRef>
         </Request>
         <RequestExtension>
            <!--You may enter ANY elements at this point-->
         </RequestExtension>
      </wsdl:DeleteSubscription>
   </soapenv:Body>
</soapenv:Envelope>]]></con:request><con:wsaConfig mustUnderstand="NONE" version="200508" action="DeleteSubscription"/></con:call></con:operation><con:operation isOneWay="false" action="GetCapabilities" name="GetCapabilities" bindingOperationName="GetCapabilities" type="Request-Response" inputName="" receivesAttachments="false" sendsAttachments="false" anonymous="optional"><con:settings/><con:call name="Request 1"><con:settings/><con:encoding>UTF-8</con:encoding><con:endpoint>http://www.siri-service-location.com</con:endpoint><con:request><![CDATA[<soapenv:Envelope xmlns:soapenv="http://schemas.xmlsoap.org/soap/envelope/" xmlns:wsdl="http://wsdl.siri.org.uk" xmlns:siri="http://www.siri.org.uk/siri">
   <soapenv:Header/>
   <soapenv:Body>
      <wsdl:GetCapabilities>
         <Request version="2.0">
            <siri:RequestTimestamp>?</siri:RequestTimestamp>
            <!--Optional:-->
            <siri:AccountId>?</siri:AccountId>
            <!--Optional:-->
            <siri:AccountKey>?</siri:AccountKey>
            <!--Optional:-->
            <siri:Address>?</siri:Address>
            <siri:RequestorRef>?</siri:RequestorRef>
            <!--Optional:-->
            <siri:DelegatorAddress>?</siri:DelegatorAddress>
            <!--Optional:-->
            <siri:DelegatorRef>?</siri:DelegatorRef>
            <!--Optional:-->
            <siri:ProductionTimetableCapabilitiesRequest version="2.0">
               <siri:RequestTimestamp>?</siri:RequestTimestamp>
               <!--Optional:-->
               <siri:MessageIdentifier>?</siri:MessageIdentifier>
               <!--Optional:-->
               <siri:ParticipantPermissions>false</siri:ParticipantPermissions>
               <!--Optional:-->
               <siri:Extensions>
                  <!--You may enter ANY elements at this point-->
               </siri:Extensions>
            </siri:ProductionTimetableCapabilitiesRequest>
            <!--Optional:-->
            <siri:EstimatedTimetableCapabilitiesRequest version="2.0">
               <siri:RequestTimestamp>?</siri:RequestTimestamp>
               <!--Optional:-->
               <siri:MessageIdentifier>?</siri:MessageIdentifier>
               <!--Optional:-->
               <siri:ParticipantPermissions>false</siri:ParticipantPermissions>
               <!--Optional:-->
               <siri:Extensions>
                  <!--You may enter ANY elements at this point-->
               </siri:Extensions>
            </siri:EstimatedTimetableCapabilitiesRequest>
            <!--Optional:-->
            <siri:StopTimetableCapabilitiesRequest version="2.0">
               <siri:RequestTimestamp>?</siri:RequestTimestamp>
               <!--Optional:-->
               <siri:MessageIdentifier>?</siri:MessageIdentifier>
               <!--Optional:-->
               <siri:ParticipantPermissions>false</siri:ParticipantPermissions>
               <!--Optional:-->
               <siri:Extensions>
                  <!--You may enter ANY elements at this point-->
               </siri:Extensions>
            </siri:StopTimetableCapabilitiesRequest>
            <!--Optional:-->
            <siri:StopMonitoringCapabilitiesRequest version="2.0">
               <siri:RequestTimestamp>?</siri:RequestTimestamp>
               <!--Optional:-->
               <siri:MessageIdentifier>?</siri:MessageIdentifier>
               <!--Optional:-->
               <siri:ParticipantPermissions>false</siri:ParticipantPermissions>
               <!--Optional:-->
               <siri:Extensions>
                  <!--You may enter ANY elements at this point-->
               </siri:Extensions>
            </siri:StopMonitoringCapabilitiesRequest>
            <!--Optional:-->
            <siri:VehicleMonitoringCapabilitiesRequest version="2.0">
               <siri:RequestTimestamp>?</siri:RequestTimestamp>
               <!--Optional:-->
               <siri:MessageIdentifier>?</siri:MessageIdentifier>
               <!--Optional:-->
               <siri:ParticipantPermissions>false</siri:ParticipantPermissions>
               <!--Optional:-->
               <siri:Extensions>
                  <!--You may enter ANY elements at this point-->
               </siri:Extensions>
            </siri:VehicleMonitoringCapabilitiesRequest>
            <!--Optional:-->
            <siri:ConnectionTimetableCapabilitiesRequest version="2.0">
               <siri:RequestTimestamp>?</siri:RequestTimestamp>
               <!--Optional:-->
               <siri:MessageIdentifier>?</siri:MessageIdentifier>
               <!--Optional:-->
               <siri:ParticipantPermissions>false</siri:ParticipantPermissions>
               <!--Optional:-->
               <siri:Extensions>
                  <!--You may enter ANY elements at this point-->
               </siri:Extensions>
            </siri:ConnectionTimetableCapabilitiesRequest>
            <!--Optional:-->
            <siri:ConnectionMonitoringCapabilitiesRequest version="2.0">
               <siri:RequestTimestamp>?</siri:RequestTimestamp>
               <!--Optional:-->
               <siri:MessageIdentifier>?</siri:MessageIdentifier>
               <!--Optional:-->
               <siri:ParticipantPermissions>false</siri:ParticipantPermissions>
               <!--Optional:-->
               <siri:Extensions>
                  <!--You may enter ANY elements at this point-->
               </siri:Extensions>
            </siri:ConnectionMonitoringCapabilitiesRequest>
            <!--Optional:-->
            <siri:GeneralMessageCapabilitiesRequest version="2.0">
               <siri:RequestTimestamp>?</siri:RequestTimestamp>
               <!--Optional:-->
               <siri:MessageIdentifier>?</siri:MessageIdentifier>
               <!--Optional:-->
               <siri:ParticipantPermissions>false</siri:ParticipantPermissions>
               <!--Optional:-->
               <siri:Extensions>
                  <!--You may enter ANY elements at this point-->
               </siri:Extensions>
            </siri:GeneralMessageCapabilitiesRequest>
            <!--Optional:-->
            <siri:FacilityMonitoringCapabilitiesRequest version="2.0">
               <siri:RequestTimestamp>?</siri:RequestTimestamp>
               <!--Optional:-->
               <siri:MessageIdentifier>?</siri:MessageIdentifier>
               <!--Optional:-->
               <siri:ParticipantPermissions>false</siri:ParticipantPermissions>
               <!--Optional:-->
               <siri:Extensions>
                  <!--You may enter ANY elements at this point-->
               </siri:Extensions>
            </siri:FacilityMonitoringCapabilitiesRequest>
            <!--Optional:-->
            <siri:SituationExchangeCapabilitiesRequest version="2.0">
               <siri:RequestTimestamp>?</siri:RequestTimestamp>
               <!--Optional:-->
               <siri:MessageIdentifier>?</siri:MessageIdentifier>
               <!--Optional:-->
               <siri:ParticipantPermissions>false</siri:ParticipantPermissions>
               <!--Optional:-->
               <siri:Extensions>
                  <!--You may enter ANY elements at this point-->
               </siri:Extensions>
            </siri:SituationExchangeCapabilitiesRequest>
         </Request>
         <RequestExtension>
            <!--You may enter ANY elements at this point-->
         </RequestExtension>
      </wsdl:GetCapabilities>
   </soapenv:Body>
</soapenv:Envelope>]]></con:request><con:wsaConfig mustUnderstand="NONE" version="200508" action="GetCapabilities"/></con:call></con:operation><con:operation isOneWay="false" action="GetConnectionMonitoring" name="GetConnectionMonitoring" bindingOperationName="GetConnectionMonitoring" type="Request-Response" inputName="" receivesAttachments="false" sendsAttachments="false" anonymous="optional"><con:settings/><con:call name="Request 1"><con:settings/><con:encoding>UTF-8</con:encoding><con:endpoint>http://www.siri-service-location.com</con:endpoint><con:request><![CDATA[<soapenv:Envelope xmlns:soapenv="http://schemas.xmlsoap.org/soap/envelope/" xmlns:wsdl="http://wsdl.siri.org.uk" xmlns:siri="http://www.siri.org.uk/siri">
   <soapenv:Header/>
   <soapenv:Body>
      <wsdl:GetConnectionMonitoring>
         <ServiceRequestInfo>
            <!--Optional:-->
            <siri:ServiceRequestContext>
               <!--Optional:-->
               <siri:CheckStatusAddress>?</siri:CheckStatusAddress>
               <!--Optional:-->
               <siri:SubscribeAddress>?</siri:SubscribeAddress>
               <!--Optional:-->
               <siri:ManageSubscriptionAddress>?</siri:ManageSubscriptionAddress>
               <!--Optional:-->
               <siri:GetDataAddress>?</siri:GetDataAddress>
               <!--Optional:-->
               <siri:StatusResponseAddress>?</siri:StatusResponseAddress>
               <!--Optional:-->
               <siri:SubscriberAddress>?</siri:SubscriberAddress>
               <!--Optional:-->
               <siri:NotifyAddress>?</siri:NotifyAddress>
               <!--Optional:-->
               <siri:ConsumerAddress>?</siri:ConsumerAddress>
               <!--Optional:-->
               <siri:DataNameSpaces>
                  <!--Optional:-->
                  <siri:StopPointNameSpace>?</siri:StopPointNameSpace>
                  <!--Optional:-->
                  <siri:LineNameSpace>?</siri:LineNameSpace>
                  <!--Optional:-->
                  <siri:ProductCategoryNameSpace>?</siri:ProductCategoryNameSpace>
                  <!--Optional:-->
                  <siri:ServiceFeatureNameSpace>?</siri:ServiceFeatureNameSpace>
                  <!--Optional:-->
                  <siri:VehicleFeatureNameSpace>?</siri:VehicleFeatureNameSpace>
               </siri:DataNameSpaces>
               <!--Optional:-->
               <siri:Language>en</siri:Language>
               <!--You have a CHOICE of the next 2 items at this level-->
               <siri:WgsDecimalDegrees>?</siri:WgsDecimalDegrees>
               <siri:GmlCoordinateFormat>?</siri:GmlCoordinateFormat>
               <!--Optional:-->
               <siri:DistanceUnits>?</siri:DistanceUnits>
               <!--Optional:-->
               <siri:VelocityUnits>?</siri:VelocityUnits>
               <!--Optional:-->
               <siri:DataHorizon>?</siri:DataHorizon>
               <!--Optional:-->
               <siri:RequestTimeout>?</siri:RequestTimeout>
               <!--Optional:-->
               <siri:DeliveryMethod>direct</siri:DeliveryMethod>
               <!--Optional:-->
               <siri:MultipartDespatch>?</siri:MultipartDespatch>
               <!--Optional:-->
               <siri:ConfirmDelivery>false</siri:ConfirmDelivery>
               <!--Optional:-->
               <siri:MaximimumNumberOfSubscriptions>?</siri:MaximimumNumberOfSubscriptions>
               <!--Optional:-->
               <siri:AllowedPredictors>anyone</siri:AllowedPredictors>
               <!--Optional:-->
               <siri:PredictionFunction>?</siri:PredictionFunction>
            </siri:ServiceRequestContext>
            <siri:RequestTimestamp>?</siri:RequestTimestamp>
            <!--Optional:-->
            <siri:AccountId>?</siri:AccountId>
            <!--Optional:-->
            <siri:AccountKey>?</siri:AccountKey>
            <!--Optional:-->
            <siri:Address>?</siri:Address>
            <siri:RequestorRef>?</siri:RequestorRef>
            <!--Optional:-->
            <siri:MessageIdentifier>?</siri:MessageIdentifier>
            <!--Optional:-->
            <siri:DelegatorAddress>?</siri:DelegatorAddress>
            <!--Optional:-->
            <siri:DelegatorRef>?</siri:DelegatorRef>
         </ServiceRequestInfo>
         <Request version="2.0">
            <siri:RequestTimestamp>?</siri:RequestTimestamp>
            <!--Optional:-->
            <siri:MessageIdentifier>?</siri:MessageIdentifier>
            <!--Optional:-->
            <siri:PreviewInterval>?</siri:PreviewInterval>
            <siri:ConnectionLinkRef>?</siri:ConnectionLinkRef>
            <!--You have a CHOICE of the next 2 items at this level-->
            <siri:ConnectingTimeFilter>
               <siri:LineRef>?</siri:LineRef>
               <siri:DirectionRef>?</siri:DirectionRef>
               <!--Optional:-->
               <siri:EarliestArrivalTime>?</siri:EarliestArrivalTime>
               <!--Optional:-->
               <siri:LatestArrivalTime>?</siri:LatestArrivalTime>
            </siri:ConnectingTimeFilter>
            <!--1 or more repetitions:-->
            <siri:ConnectingJourneyFilter>
               <siri:DatedVehicleJourneyRef>?</siri:DatedVehicleJourneyRef>
               <!--Optional:-->
               <siri:VisitNumber>?</siri:VisitNumber>
               <siri:TimetabledArrivalTime>?</siri:TimetabledArrivalTime>
            </siri:ConnectingJourneyFilter>
            <!--Optional:-->
            <siri:Language>en</siri:Language>
            <!--Optional:-->
            <siri:IncludeTranslations>?</siri:IncludeTranslations>
            <!--Optional:-->
            <siri:ConnectionMonitoringDetailLevel>?</siri:ConnectionMonitoringDetailLevel>
            <!--Optional:-->
            <siri:Extensions>
               <!--You may enter ANY elements at this point-->
            </siri:Extensions>
         </Request>
         <RequestExtension>
            <!--You may enter ANY elements at this point-->
         </RequestExtension>
      </wsdl:GetConnectionMonitoring>
   </soapenv:Body>
</soapenv:Envelope>]]></con:request><con:wsaConfig mustUnderstand="NONE" version="200508" action="GetConnectionMonitoring"/></con:call></con:operation><con:operation isOneWay="false" action="GetConnectionTimetable" name="GetConnectionTimetable" bindingOperationName="GetConnectionTimetable" type="Request-Response" inputName="" receivesAttachments="false" sendsAttachments="false" anonymous="optional"><con:settings/><con:call name="Request 1"><con:settings/><con:encoding>UTF-8</con:encoding><con:endpoint>http://www.siri-service-location.com</con:endpoint><con:request><![CDATA[<soapenv:Envelope xmlns:soapenv="http://schemas.xmlsoap.org/soap/envelope/" xmlns:wsdl="http://wsdl.siri.org.uk" xmlns:siri="http://www.siri.org.uk/siri">
   <soapenv:Header/>
   <soapenv:Body>
      <wsdl:GetConnectionTimetable>
         <ServiceRequestInfo>
            <!--Optional:-->
            <siri:ServiceRequestContext>
               <!--Optional:-->
               <siri:CheckStatusAddress>?</siri:CheckStatusAddress>
               <!--Optional:-->
               <siri:SubscribeAddress>?</siri:SubscribeAddress>
               <!--Optional:-->
               <siri:ManageSubscriptionAddress>?</siri:ManageSubscriptionAddress>
               <!--Optional:-->
               <siri:GetDataAddress>?</siri:GetDataAddress>
               <!--Optional:-->
               <siri:StatusResponseAddress>?</siri:StatusResponseAddress>
               <!--Optional:-->
               <siri:SubscriberAddress>?</siri:SubscriberAddress>
               <!--Optional:-->
               <siri:NotifyAddress>?</siri:NotifyAddress>
               <!--Optional:-->
               <siri:ConsumerAddress>?</siri:ConsumerAddress>
               <!--Optional:-->
               <siri:DataNameSpaces>
                  <!--Optional:-->
                  <siri:StopPointNameSpace>?</siri:StopPointNameSpace>
                  <!--Optional:-->
                  <siri:LineNameSpace>?</siri:LineNameSpace>
                  <!--Optional:-->
                  <siri:ProductCategoryNameSpace>?</siri:ProductCategoryNameSpace>
                  <!--Optional:-->
                  <siri:ServiceFeatureNameSpace>?</siri:ServiceFeatureNameSpace>
                  <!--Optional:-->
                  <siri:VehicleFeatureNameSpace>?</siri:VehicleFeatureNameSpace>
               </siri:DataNameSpaces>
               <!--Optional:-->
               <siri:Language>en</siri:Language>
               <!--You have a CHOICE of the next 2 items at this level-->
               <siri:WgsDecimalDegrees>?</siri:WgsDecimalDegrees>
               <siri:GmlCoordinateFormat>?</siri:GmlCoordinateFormat>
               <!--Optional:-->
               <siri:DistanceUnits>?</siri:DistanceUnits>
               <!--Optional:-->
               <siri:VelocityUnits>?</siri:VelocityUnits>
               <!--Optional:-->
               <siri:DataHorizon>?</siri:DataHorizon>
               <!--Optional:-->
               <siri:RequestTimeout>?</siri:RequestTimeout>
               <!--Optional:-->
               <siri:DeliveryMethod>direct</siri:DeliveryMethod>
               <!--Optional:-->
               <siri:MultipartDespatch>?</siri:MultipartDespatch>
               <!--Optional:-->
               <siri:ConfirmDelivery>false</siri:ConfirmDelivery>
               <!--Optional:-->
               <siri:MaximimumNumberOfSubscriptions>?</siri:MaximimumNumberOfSubscriptions>
               <!--Optional:-->
               <siri:AllowedPredictors>anyone</siri:AllowedPredictors>
               <!--Optional:-->
               <siri:PredictionFunction>?</siri:PredictionFunction>
            </siri:ServiceRequestContext>
            <siri:RequestTimestamp>?</siri:RequestTimestamp>
            <!--Optional:-->
            <siri:AccountId>?</siri:AccountId>
            <!--Optional:-->
            <siri:AccountKey>?</siri:AccountKey>
            <!--Optional:-->
            <siri:Address>?</siri:Address>
            <siri:RequestorRef>?</siri:RequestorRef>
            <!--Optional:-->
            <siri:MessageIdentifier>?</siri:MessageIdentifier>
            <!--Optional:-->
            <siri:DelegatorAddress>?</siri:DelegatorAddress>
            <!--Optional:-->
            <siri:DelegatorRef>?</siri:DelegatorRef>
         </ServiceRequestInfo>
         <Request version="2.0">
            <siri:RequestTimestamp>?</siri:RequestTimestamp>
            <!--Optional:-->
            <siri:MessageIdentifier>?</siri:MessageIdentifier>
            <!--Optional:-->
            <siri:ArrivalWindow>
               <siri:StartTime>?</siri:StartTime>
               <siri:EndTime>?</siri:EndTime>
            </siri:ArrivalWindow>
            <siri:ConnectionLinkRef>?</siri:ConnectionLinkRef>
            <!--Optional:-->
            <siri:LineRef>?</siri:LineRef>
            <!--Optional:-->
            <siri:DirectionRef>?</siri:DirectionRef>
            <!--Optional:-->
            <siri:Language>en</siri:Language>
            <!--Optional:-->
            <siri:IncludeTranslations>?</siri:IncludeTranslations>
            <!--Optional:-->
            <siri:Extensions>
               <!--You may enter ANY elements at this point-->
            </siri:Extensions>
         </Request>
         <RequestExtension>
            <!--You may enter ANY elements at this point-->
         </RequestExtension>
      </wsdl:GetConnectionTimetable>
   </soapenv:Body>
</soapenv:Envelope>]]></con:request><con:wsaConfig mustUnderstand="NONE" version="200508" action="GetConnectionTimetable"/></con:call></con:operation><con:operation isOneWay="false" action="GetEstimatedTimetable" name="GetEstimatedTimetable" bindingOperationName="GetEstimatedTimetable" type="Request-Response" inputName="" receivesAttachments="false" sendsAttachments="false" anonymous="optional"><con:settings/><con:call name="Request 1"><con:settings/><con:encoding>UTF-8</con:encoding><con:endpoint>http://www.siri-service-location.com</con:endpoint><con:request><![CDATA[<soapenv:Envelope xmlns:soapenv="http://schemas.xmlsoap.org/soap/envelope/" xmlns:wsdl="http://wsdl.siri.org.uk" xmlns:siri="http://www.siri.org.uk/siri">
   <soapenv:Header/>
   <soapenv:Body>
      <wsdl:GetEstimatedTimetable>
         <ServiceRequestInfo>
            <!--Optional:-->
            <siri:ServiceRequestContext>
               <!--Optional:-->
               <siri:CheckStatusAddress>?</siri:CheckStatusAddress>
               <!--Optional:-->
               <siri:SubscribeAddress>?</siri:SubscribeAddress>
               <!--Optional:-->
               <siri:ManageSubscriptionAddress>?</siri:ManageSubscriptionAddress>
               <!--Optional:-->
               <siri:GetDataAddress>?</siri:GetDataAddress>
               <!--Optional:-->
               <siri:StatusResponseAddress>?</siri:StatusResponseAddress>
               <!--Optional:-->
               <siri:SubscriberAddress>?</siri:SubscriberAddress>
               <!--Optional:-->
               <siri:NotifyAddress>?</siri:NotifyAddress>
               <!--Optional:-->
               <siri:ConsumerAddress>?</siri:ConsumerAddress>
               <!--Optional:-->
               <siri:DataNameSpaces>
                  <!--Optional:-->
                  <siri:StopPointNameSpace>?</siri:StopPointNameSpace>
                  <!--Optional:-->
                  <siri:LineNameSpace>?</siri:LineNameSpace>
                  <!--Optional:-->
                  <siri:ProductCategoryNameSpace>?</siri:ProductCategoryNameSpace>
                  <!--Optional:-->
                  <siri:ServiceFeatureNameSpace>?</siri:ServiceFeatureNameSpace>
                  <!--Optional:-->
                  <siri:VehicleFeatureNameSpace>?</siri:VehicleFeatureNameSpace>
               </siri:DataNameSpaces>
               <!--Optional:-->
               <siri:Language>en</siri:Language>
               <!--You have a CHOICE of the next 2 items at this level-->
               <siri:WgsDecimalDegrees>?</siri:WgsDecimalDegrees>
               <siri:GmlCoordinateFormat>?</siri:GmlCoordinateFormat>
               <!--Optional:-->
               <siri:DistanceUnits>?</siri:DistanceUnits>
               <!--Optional:-->
               <siri:VelocityUnits>?</siri:VelocityUnits>
               <!--Optional:-->
               <siri:DataHorizon>?</siri:DataHorizon>
               <!--Optional:-->
               <siri:RequestTimeout>?</siri:RequestTimeout>
               <!--Optional:-->
               <siri:DeliveryMethod>direct</siri:DeliveryMethod>
               <!--Optional:-->
               <siri:MultipartDespatch>?</siri:MultipartDespatch>
               <!--Optional:-->
               <siri:ConfirmDelivery>false</siri:ConfirmDelivery>
               <!--Optional:-->
               <siri:MaximimumNumberOfSubscriptions>?</siri:MaximimumNumberOfSubscriptions>
               <!--Optional:-->
               <siri:AllowedPredictors>anyone</siri:AllowedPredictors>
               <!--Optional:-->
               <siri:PredictionFunction>?</siri:PredictionFunction>
            </siri:ServiceRequestContext>
            <siri:RequestTimestamp>?</siri:RequestTimestamp>
            <!--Optional:-->
            <siri:AccountId>?</siri:AccountId>
            <!--Optional:-->
            <siri:AccountKey>?</siri:AccountKey>
            <!--Optional:-->
            <siri:Address>?</siri:Address>
            <siri:RequestorRef>?</siri:RequestorRef>
            <!--Optional:-->
            <siri:MessageIdentifier>?</siri:MessageIdentifier>
            <!--Optional:-->
            <siri:DelegatorAddress>?</siri:DelegatorAddress>
            <!--Optional:-->
            <siri:DelegatorRef>?</siri:DelegatorRef>
         </ServiceRequestInfo>
         <Request version="2.0">
            <siri:RequestTimestamp>?</siri:RequestTimestamp>
            <!--Optional:-->
            <siri:MessageIdentifier>?</siri:MessageIdentifier>
            <!--Optional:-->
            <siri:PreviewInterval>?</siri:PreviewInterval>
            <!--Optional:-->
            <siri:TimetableVersionRef>?</siri:TimetableVersionRef>
            <!--Zero or more repetitions:-->
            <siri:OperatorRef>?</siri:OperatorRef>
            <!--Optional:-->
            <siri:Lines>
               <!--1 or more repetitions:-->
               <siri:LineDirection>
                  <siri:LineRef>?</siri:LineRef>
                  <!--Optional:-->
                  <siri:DirectionRef>?</siri:DirectionRef>
               </siri:LineDirection>
            </siri:Lines>
            <!--Optional:-->
            <siri:Language>en</siri:Language>
            <!--Optional:-->
            <siri:IncludeTranslations>?</siri:IncludeTranslations>
            <!--Optional:-->
            <siri:EstimatedTimetableDetailLevel>?</siri:EstimatedTimetableDetailLevel>
            <!--Optional:-->
            <siri:Extensions>
               <!--You may enter ANY elements at this point-->
            </siri:Extensions>
         </Request>
         <RequestExtension>
            <!--You may enter ANY elements at this point-->
         </RequestExtension>
      </wsdl:GetEstimatedTimetable>
   </soapenv:Body>
</soapenv:Envelope>]]></con:request><con:wsaConfig mustUnderstand="NONE" version="200508" action="GetEstimatedTimetable"/></con:call></con:operation><con:operation isOneWay="false" action="GetFacilityMonitoring" name="GetFacilityMonitoring" bindingOperationName="GetFacilityMonitoring" type="Request-Response" inputName="" receivesAttachments="false" sendsAttachments="false" anonymous="optional"><con:settings/><con:call name="Request 1"><con:settings/><con:encoding>UTF-8</con:encoding><con:endpoint>http://www.siri-service-location.com</con:endpoint><con:request><![CDATA[<soapenv:Envelope xmlns:soapenv="http://schemas.xmlsoap.org/soap/envelope/" xmlns:wsdl="http://wsdl.siri.org.uk" xmlns:siri="http://www.siri.org.uk/siri" xmlns:acsb="http://www.ifopt.org.uk/acsb">
   <soapenv:Header/>
   <soapenv:Body>
      <wsdl:GetFacilityMonitoring>
         <ServiceRequestInfo>
            <!--Optional:-->
            <siri:ServiceRequestContext>
               <!--Optional:-->
               <siri:CheckStatusAddress>?</siri:CheckStatusAddress>
               <!--Optional:-->
               <siri:SubscribeAddress>?</siri:SubscribeAddress>
               <!--Optional:-->
               <siri:ManageSubscriptionAddress>?</siri:ManageSubscriptionAddress>
               <!--Optional:-->
               <siri:GetDataAddress>?</siri:GetDataAddress>
               <!--Optional:-->
               <siri:StatusResponseAddress>?</siri:StatusResponseAddress>
               <!--Optional:-->
               <siri:SubscriberAddress>?</siri:SubscriberAddress>
               <!--Optional:-->
               <siri:NotifyAddress>?</siri:NotifyAddress>
               <!--Optional:-->
               <siri:ConsumerAddress>?</siri:ConsumerAddress>
               <!--Optional:-->
               <siri:DataNameSpaces>
                  <!--Optional:-->
                  <siri:StopPointNameSpace>?</siri:StopPointNameSpace>
                  <!--Optional:-->
                  <siri:LineNameSpace>?</siri:LineNameSpace>
                  <!--Optional:-->
                  <siri:ProductCategoryNameSpace>?</siri:ProductCategoryNameSpace>
                  <!--Optional:-->
                  <siri:ServiceFeatureNameSpace>?</siri:ServiceFeatureNameSpace>
                  <!--Optional:-->
                  <siri:VehicleFeatureNameSpace>?</siri:VehicleFeatureNameSpace>
               </siri:DataNameSpaces>
               <!--Optional:-->
               <siri:Language>en</siri:Language>
               <!--You have a CHOICE of the next 2 items at this level-->
               <siri:WgsDecimalDegrees>?</siri:WgsDecimalDegrees>
               <siri:GmlCoordinateFormat>?</siri:GmlCoordinateFormat>
               <!--Optional:-->
               <siri:DistanceUnits>?</siri:DistanceUnits>
               <!--Optional:-->
               <siri:VelocityUnits>?</siri:VelocityUnits>
               <!--Optional:-->
               <siri:DataHorizon>?</siri:DataHorizon>
               <!--Optional:-->
               <siri:RequestTimeout>?</siri:RequestTimeout>
               <!--Optional:-->
               <siri:DeliveryMethod>direct</siri:DeliveryMethod>
               <!--Optional:-->
               <siri:MultipartDespatch>?</siri:MultipartDespatch>
               <!--Optional:-->
               <siri:ConfirmDelivery>false</siri:ConfirmDelivery>
               <!--Optional:-->
               <siri:MaximimumNumberOfSubscriptions>?</siri:MaximimumNumberOfSubscriptions>
               <!--Optional:-->
               <siri:AllowedPredictors>anyone</siri:AllowedPredictors>
               <!--Optional:-->
               <siri:PredictionFunction>?</siri:PredictionFunction>
            </siri:ServiceRequestContext>
            <siri:RequestTimestamp>?</siri:RequestTimestamp>
            <!--Optional:-->
            <siri:AccountId>?</siri:AccountId>
            <!--Optional:-->
            <siri:AccountKey>?</siri:AccountKey>
            <!--Optional:-->
            <siri:Address>?</siri:Address>
            <siri:RequestorRef>?</siri:RequestorRef>
            <!--Optional:-->
            <siri:MessageIdentifier>?</siri:MessageIdentifier>
            <!--Optional:-->
            <siri:DelegatorAddress>?</siri:DelegatorAddress>
            <!--Optional:-->
            <siri:DelegatorRef>?</siri:DelegatorRef>
         </ServiceRequestInfo>
         <Request version="2.0">
            <siri:RequestTimestamp>?</siri:RequestTimestamp>
            <!--Optional:-->
            <siri:MessageIdentifier>?</siri:MessageIdentifier>
            <!--Optional:-->
            <siri:PreviewInterval>?</siri:PreviewInterval>
            <!--Optional:-->
            <siri:StartTime>?</siri:StartTime>
            <!--Zero or more repetitions:-->
            <siri:FacilityRef>?</siri:FacilityRef>
            <!--Optional:-->
            <siri:FeatureRef>?</siri:FeatureRef>
            <!--Optional:-->
            <siri:LineRef>?</siri:LineRef>
            <!--Optional:-->
            <siri:StopPointRef>?</siri:StopPointRef>
            <!--Optional:-->
            <siri:ConnectionLinkRef>?</siri:ConnectionLinkRef>
            <!--You have a CHOICE of the next 2 items at this level-->
            <siri:FramedVehicleJourneyRef>
               <siri:DataFrameRef>?</siri:DataFrameRef>
               <siri:DatedVehicleJourneyRef>?</siri:DatedVehicleJourneyRef>
            </siri:FramedVehicleJourneyRef>
            <siri:VehicleJourneyRef>?</siri:VehicleJourneyRef>
            <!--Optional:-->
            <siri:InterchangeRef>?</siri:InterchangeRef>
            <!--Optional:-->
            <siri:VehicleRef>?</siri:VehicleRef>
            <!--Optional:-->
            <siri:StopPlaceRef>?</siri:StopPlaceRef>
            <!--Optional:-->
            <siri:StopPlaceComponentRef>?</siri:StopPlaceComponentRef>
            <!--Zero or more repetitions:-->
            <siri:AccessibilityNeedsFilter>
               <!--1 or more repetitions:-->
               <siri:UserNeed>
                  <!--You have a CHOICE of the next 4 items at this level-->
                  <acsb:MobilityNeed>?</acsb:MobilityNeed>
                  <acsb:PsychosensoryNeed>?</acsb:PsychosensoryNeed>
                  <acsb:MedicalNeed>?</acsb:MedicalNeed>
                  <acsb:EncumbranceNeed>?</acsb:EncumbranceNeed>
                  <!--Optional:-->
                  <acsb:Excluded>?</acsb:Excluded>
                  <!--Optional:-->
                  <acsb:NeedRanking>?</acsb:NeedRanking>
                  <!--Optional:-->
                  <acsb:Extensions>?</acsb:Extensions>
               </siri:UserNeed>
            </siri:AccessibilityNeedsFilter>
            <!--Optional:-->
            <siri:Language>en</siri:Language>
            <!--Optional:-->
            <siri:IncludeTranslations>?</siri:IncludeTranslations>
            <!--Optional:-->
            <siri:MaximumNumberOfFacilityConditions>?</siri:MaximumNumberOfFacilityConditions>
            <!--Optional:-->
            <siri:Extensions>
               <!--You may enter ANY elements at this point-->
            </siri:Extensions>
         </Request>
         <RequestExtension>
            <!--You may enter ANY elements at this point-->
         </RequestExtension>
      </wsdl:GetFacilityMonitoring>
   </soapenv:Body>
</soapenv:Envelope>]]></con:request><con:wsaConfig mustUnderstand="NONE" version="200508" action="GetFacilityMonitoring"/></con:call></con:operation><con:operation isOneWay="false" action="GetGeneralMessage" name="GetGeneralMessage" bindingOperationName="GetGeneralMessage" type="Request-Response" inputName="" receivesAttachments="false" sendsAttachments="false" anonymous="optional"><con:settings/><con:call name="Request 1"><con:settings/><con:encoding>UTF-8</con:encoding><con:endpoint>http://www.siri-service-location.com</con:endpoint><con:request><![CDATA[<soapenv:Envelope xmlns:soapenv="http://schemas.xmlsoap.org/soap/envelope/" xmlns:wsdl="http://wsdl.siri.org.uk" xmlns:siri="http://www.siri.org.uk/siri">
   <soapenv:Header/>
   <soapenv:Body>
      <wsdl:GetGeneralMessage>
         <ServiceRequestInfo>
            <!--Optional:-->
            <siri:ServiceRequestContext>
               <!--Optional:-->
               <siri:CheckStatusAddress>?</siri:CheckStatusAddress>
               <!--Optional:-->
               <siri:SubscribeAddress>?</siri:SubscribeAddress>
               <!--Optional:-->
               <siri:ManageSubscriptionAddress>?</siri:ManageSubscriptionAddress>
               <!--Optional:-->
               <siri:GetDataAddress>?</siri:GetDataAddress>
               <!--Optional:-->
               <siri:StatusResponseAddress>?</siri:StatusResponseAddress>
               <!--Optional:-->
               <siri:SubscriberAddress>?</siri:SubscriberAddress>
               <!--Optional:-->
               <siri:NotifyAddress>?</siri:NotifyAddress>
               <!--Optional:-->
               <siri:ConsumerAddress>?</siri:ConsumerAddress>
               <!--Optional:-->
               <siri:DataNameSpaces>
                  <!--Optional:-->
                  <siri:StopPointNameSpace>?</siri:StopPointNameSpace>
                  <!--Optional:-->
                  <siri:LineNameSpace>?</siri:LineNameSpace>
                  <!--Optional:-->
                  <siri:ProductCategoryNameSpace>?</siri:ProductCategoryNameSpace>
                  <!--Optional:-->
                  <siri:ServiceFeatureNameSpace>?</siri:ServiceFeatureNameSpace>
                  <!--Optional:-->
                  <siri:VehicleFeatureNameSpace>?</siri:VehicleFeatureNameSpace>
               </siri:DataNameSpaces>
               <!--Optional:-->
               <siri:Language>en</siri:Language>
               <!--You have a CHOICE of the next 2 items at this level-->
               <siri:WgsDecimalDegrees>?</siri:WgsDecimalDegrees>
               <siri:GmlCoordinateFormat>?</siri:GmlCoordinateFormat>
               <!--Optional:-->
               <siri:DistanceUnits>?</siri:DistanceUnits>
               <!--Optional:-->
               <siri:VelocityUnits>?</siri:VelocityUnits>
               <!--Optional:-->
               <siri:DataHorizon>?</siri:DataHorizon>
               <!--Optional:-->
               <siri:RequestTimeout>?</siri:RequestTimeout>
               <!--Optional:-->
               <siri:DeliveryMethod>direct</siri:DeliveryMethod>
               <!--Optional:-->
               <siri:MultipartDespatch>?</siri:MultipartDespatch>
               <!--Optional:-->
               <siri:ConfirmDelivery>false</siri:ConfirmDelivery>
               <!--Optional:-->
               <siri:MaximimumNumberOfSubscriptions>?</siri:MaximimumNumberOfSubscriptions>
               <!--Optional:-->
               <siri:AllowedPredictors>anyone</siri:AllowedPredictors>
               <!--Optional:-->
               <siri:PredictionFunction>?</siri:PredictionFunction>
            </siri:ServiceRequestContext>
            <siri:RequestTimestamp>?</siri:RequestTimestamp>
            <!--Optional:-->
            <siri:AccountId>?</siri:AccountId>
            <!--Optional:-->
            <siri:AccountKey>?</siri:AccountKey>
            <!--Optional:-->
            <siri:Address>?</siri:Address>
            <siri:RequestorRef>?</siri:RequestorRef>
            <!--Optional:-->
            <siri:MessageIdentifier>?</siri:MessageIdentifier>
            <!--Optional:-->
            <siri:DelegatorAddress>?</siri:DelegatorAddress>
            <!--Optional:-->
            <siri:DelegatorRef>?</siri:DelegatorRef>
         </ServiceRequestInfo>
         <Request version="2.0">
            <siri:RequestTimestamp>?</siri:RequestTimestamp>
            <!--Optional:-->
            <siri:MessageIdentifier>?</siri:MessageIdentifier>
            <!--Zero or more repetitions:-->
            <siri:InfoChannelRef>?</siri:InfoChannelRef>
            <!--Optional:-->
            <siri:Language>en</siri:Language>
            <!--Optional:-->
            <siri:Extensions>
               <!--You may enter ANY elements at this point-->
            </siri:Extensions>
         </Request>
         <RequestExtension>
            <!--You may enter ANY elements at this point-->
         </RequestExtension>
      </wsdl:GetGeneralMessage>
   </soapenv:Body>
</soapenv:Envelope>]]></con:request><con:wsaConfig mustUnderstand="NONE" version="200508" action="GetGeneralMessage"/></con:call></con:operation><con:operation isOneWay="false" action="GetMultipleStopMonitoring" name="GetMultipleStopMonitoring" bindingOperationName="GetMultipleStopMonitoring" type="Request-Response" inputName="" receivesAttachments="false" sendsAttachments="false" anonymous="optional"><con:settings/><con:call name="Request 1"><con:settings/><con:encoding>UTF-8</con:encoding><con:endpoint>http://www.siri-service-location.com</con:endpoint><con:request><![CDATA[<soapenv:Envelope xmlns:soapenv="http://schemas.xmlsoap.org/soap/envelope/" xmlns:wsdl="http://wsdl.siri.org.uk" xmlns:siri="http://www.siri.org.uk/siri">
   <soapenv:Header/>
   <soapenv:Body>
      <wsdl:GetMultipleStopMonitoring>
         <ServiceRequestInfo>
            <!--Optional:-->
            <siri:ServiceRequestContext>
               <!--Optional:-->
               <siri:CheckStatusAddress>?</siri:CheckStatusAddress>
               <!--Optional:-->
               <siri:SubscribeAddress>?</siri:SubscribeAddress>
               <!--Optional:-->
               <siri:ManageSubscriptionAddress>?</siri:ManageSubscriptionAddress>
               <!--Optional:-->
               <siri:GetDataAddress>?</siri:GetDataAddress>
               <!--Optional:-->
               <siri:StatusResponseAddress>?</siri:StatusResponseAddress>
               <!--Optional:-->
               <siri:SubscriberAddress>?</siri:SubscriberAddress>
               <!--Optional:-->
               <siri:NotifyAddress>?</siri:NotifyAddress>
               <!--Optional:-->
               <siri:ConsumerAddress>?</siri:ConsumerAddress>
               <!--Optional:-->
               <siri:DataNameSpaces>
                  <!--Optional:-->
                  <siri:StopPointNameSpace>?</siri:StopPointNameSpace>
                  <!--Optional:-->
                  <siri:LineNameSpace>?</siri:LineNameSpace>
                  <!--Optional:-->
                  <siri:ProductCategoryNameSpace>?</siri:ProductCategoryNameSpace>
                  <!--Optional:-->
                  <siri:ServiceFeatureNameSpace>?</siri:ServiceFeatureNameSpace>
                  <!--Optional:-->
                  <siri:VehicleFeatureNameSpace>?</siri:VehicleFeatureNameSpace>
               </siri:DataNameSpaces>
               <!--Optional:-->
               <siri:Language>en</siri:Language>
               <!--You have a CHOICE of the next 2 items at this level-->
               <siri:WgsDecimalDegrees>?</siri:WgsDecimalDegrees>
               <siri:GmlCoordinateFormat>?</siri:GmlCoordinateFormat>
               <!--Optional:-->
               <siri:DistanceUnits>?</siri:DistanceUnits>
               <!--Optional:-->
               <siri:VelocityUnits>?</siri:VelocityUnits>
               <!--Optional:-->
               <siri:DataHorizon>?</siri:DataHorizon>
               <!--Optional:-->
               <siri:RequestTimeout>?</siri:RequestTimeout>
               <!--Optional:-->
               <siri:DeliveryMethod>direct</siri:DeliveryMethod>
               <!--Optional:-->
               <siri:MultipartDespatch>?</siri:MultipartDespatch>
               <!--Optional:-->
               <siri:ConfirmDelivery>false</siri:ConfirmDelivery>
               <!--Optional:-->
               <siri:MaximimumNumberOfSubscriptions>?</siri:MaximimumNumberOfSubscriptions>
               <!--Optional:-->
               <siri:AllowedPredictors>anyone</siri:AllowedPredictors>
               <!--Optional:-->
               <siri:PredictionFunction>?</siri:PredictionFunction>
            </siri:ServiceRequestContext>
            <siri:RequestTimestamp>?</siri:RequestTimestamp>
            <!--Optional:-->
            <siri:AccountId>?</siri:AccountId>
            <!--Optional:-->
            <siri:AccountKey>?</siri:AccountKey>
            <!--Optional:-->
            <siri:Address>?</siri:Address>
            <siri:RequestorRef>?</siri:RequestorRef>
            <!--Optional:-->
            <siri:MessageIdentifier>?</siri:MessageIdentifier>
            <!--Optional:-->
            <siri:DelegatorAddress>?</siri:DelegatorAddress>
            <!--Optional:-->
            <siri:DelegatorRef>?</siri:DelegatorRef>
         </ServiceRequestInfo>
         <Request version="2.0">
            <siri:RequestTimestamp>?</siri:RequestTimestamp>
            <!--Optional:-->
            <siri:MessageIdentifier>?</siri:MessageIdentifier>
            <!--1 or more repetitions:-->
            <siri:StopMonitoringFIlter>
               <!--Optional:-->
               <siri:PreviewInterval>?</siri:PreviewInterval>
               <!--Optional:-->
               <siri:StartTime>?</siri:StartTime>
               <siri:MonitoringRef>?</siri:MonitoringRef>
               <!--Optional:-->
               <siri:OperatorRef>?</siri:OperatorRef>
               <!--Optional:-->
               <siri:LineRef>?</siri:LineRef>
               <!--Optional:-->
               <siri:DirectionRef>?</siri:DirectionRef>
               <!--Optional:-->
               <siri:DestinationRef>?</siri:DestinationRef>
               <!--Optional:-->
               <siri:StopVisitTypes>all</siri:StopVisitTypes>
               <!--Optional:-->
               <siri:Language>false</siri:Language>
               <!--Optional:-->
               <siri:IncludeTranslations>?</siri:IncludeTranslations>
               <!--Optional:-->
               <siri:MaximumStopVisits>?</siri:MaximumStopVisits>
               <!--You have a CHOICE of the next 2 items at this level-->
               <!--Optional:-->
               <siri:MinimumStopVisitsPerLine>?</siri:MinimumStopVisitsPerLine>
               <!--Optional:-->
               <siri:MinimumStopVisitsPerLineVia>?</siri:MinimumStopVisitsPerLineVia>
               <!--Optional:-->
               <siri:MaximumTextLength>30</siri:MaximumTextLength>
               <!--Optional:-->
               <siri:StopMonitoringDetailLevel>normal</siri:StopMonitoringDetailLevel>
               <!--Optional:-->
               <siri:IncludeSituations>?</siri:IncludeSituations>
               <!--Optional:-->
               <siri:MaximumNumberOfCalls>
                  <!--Optional:-->
                  <siri:Previous>?</siri:Previous>
                  <!--Optional:-->
                  <siri:Onwards>?</siri:Onwards>
               </siri:MaximumNumberOfCalls>
               <!--Optional:-->
               <siri:Extensions>
                  <!--You may enter ANY elements at this point-->
               </siri:Extensions>
            </siri:StopMonitoringFIlter>
         </Request>
         <RequestExtension>
            <!--You may enter ANY elements at this point-->
         </RequestExtension>
      </wsdl:GetMultipleStopMonitoring>
   </soapenv:Body>
</soapenv:Envelope>]]></con:request><con:wsaConfig mustUnderstand="NONE" version="200508" action="GetMultipleStopMonitoring"/></con:call></con:operation><con:operation isOneWay="false" action="GetProductionTimetable" name="GetProductionTimetable" bindingOperationName="GetProductionTimetable" type="Request-Response" inputName="" receivesAttachments="false" sendsAttachments="false" anonymous="optional"><con:settings/><con:call name="Request 1"><con:settings/><con:encoding>UTF-8</con:encoding><con:endpoint>http://www.siri-service-location.com</con:endpoint><con:request><![CDATA[<soapenv:Envelope xmlns:soapenv="http://schemas.xmlsoap.org/soap/envelope/" xmlns:wsdl="http://wsdl.siri.org.uk" xmlns:siri="http://www.siri.org.uk/siri">
   <soapenv:Header/>
   <soapenv:Body>
      <wsdl:GetProductionTimetable>
         <ServiceRequestInfo>
            <!--Optional:-->
            <siri:ServiceRequestContext>
               <!--Optional:-->
               <siri:CheckStatusAddress>?</siri:CheckStatusAddress>
               <!--Optional:-->
               <siri:SubscribeAddress>?</siri:SubscribeAddress>
               <!--Optional:-->
               <siri:ManageSubscriptionAddress>?</siri:ManageSubscriptionAddress>
               <!--Optional:-->
               <siri:GetDataAddress>?</siri:GetDataAddress>
               <!--Optional:-->
               <siri:StatusResponseAddress>?</siri:StatusResponseAddress>
               <!--Optional:-->
               <siri:SubscriberAddress>?</siri:SubscriberAddress>
               <!--Optional:-->
               <siri:NotifyAddress>?</siri:NotifyAddress>
               <!--Optional:-->
               <siri:ConsumerAddress>?</siri:ConsumerAddress>
               <!--Optional:-->
               <siri:DataNameSpaces>
                  <!--Optional:-->
                  <siri:StopPointNameSpace>?</siri:StopPointNameSpace>
                  <!--Optional:-->
                  <siri:LineNameSpace>?</siri:LineNameSpace>
                  <!--Optional:-->
                  <siri:ProductCategoryNameSpace>?</siri:ProductCategoryNameSpace>
                  <!--Optional:-->
                  <siri:ServiceFeatureNameSpace>?</siri:ServiceFeatureNameSpace>
                  <!--Optional:-->
                  <siri:VehicleFeatureNameSpace>?</siri:VehicleFeatureNameSpace>
               </siri:DataNameSpaces>
               <!--Optional:-->
               <siri:Language>en</siri:Language>
               <!--You have a CHOICE of the next 2 items at this level-->
               <siri:WgsDecimalDegrees>?</siri:WgsDecimalDegrees>
               <siri:GmlCoordinateFormat>?</siri:GmlCoordinateFormat>
               <!--Optional:-->
               <siri:DistanceUnits>?</siri:DistanceUnits>
               <!--Optional:-->
               <siri:VelocityUnits>?</siri:VelocityUnits>
               <!--Optional:-->
               <siri:DataHorizon>?</siri:DataHorizon>
               <!--Optional:-->
               <siri:RequestTimeout>?</siri:RequestTimeout>
               <!--Optional:-->
               <siri:DeliveryMethod>direct</siri:DeliveryMethod>
               <!--Optional:-->
               <siri:MultipartDespatch>?</siri:MultipartDespatch>
               <!--Optional:-->
               <siri:ConfirmDelivery>false</siri:ConfirmDelivery>
               <!--Optional:-->
               <siri:MaximimumNumberOfSubscriptions>?</siri:MaximimumNumberOfSubscriptions>
               <!--Optional:-->
               <siri:AllowedPredictors>anyone</siri:AllowedPredictors>
               <!--Optional:-->
               <siri:PredictionFunction>?</siri:PredictionFunction>
            </siri:ServiceRequestContext>
            <siri:RequestTimestamp>?</siri:RequestTimestamp>
            <!--Optional:-->
            <siri:AccountId>?</siri:AccountId>
            <!--Optional:-->
            <siri:AccountKey>?</siri:AccountKey>
            <!--Optional:-->
            <siri:Address>?</siri:Address>
            <siri:RequestorRef>?</siri:RequestorRef>
            <!--Optional:-->
            <siri:MessageIdentifier>?</siri:MessageIdentifier>
            <!--Optional:-->
            <siri:DelegatorAddress>?</siri:DelegatorAddress>
            <!--Optional:-->
            <siri:DelegatorRef>?</siri:DelegatorRef>
         </ServiceRequestInfo>
         <Request version="2.0">
            <siri:RequestTimestamp>?</siri:RequestTimestamp>
            <!--Optional:-->
            <siri:MessageIdentifier>?</siri:MessageIdentifier>
            <!--Optional:-->
            <siri:ValidityPeriod>
               <siri:StartTime>?</siri:StartTime>
               <siri:EndTime>?</siri:EndTime>
            </siri:ValidityPeriod>
            <!--Optional:-->
            <siri:TimetableVersionRef>?</siri:TimetableVersionRef>
            <!--Zero or more repetitions:-->
            <siri:OperatorRef>?</siri:OperatorRef>
            <!--Optional:-->
            <siri:Lines>
               <!--1 or more repetitions:-->
               <siri:LineDirection>
                  <siri:LineRef>?</siri:LineRef>
                  <!--Optional:-->
                  <siri:DirectionRef>?</siri:DirectionRef>
               </siri:LineDirection>
            </siri:Lines>
            <!--Optional:-->
            <siri:Language>en</siri:Language>
            <!--Optional:-->
            <siri:IncludeTranslations>?</siri:IncludeTranslations>
            <!--Optional:-->
            <siri:IncrementalUpdates>false</siri:IncrementalUpdates>
            <!--Optional:-->
            <siri:Extensions>
               <!--You may enter ANY elements at this point-->
            </siri:Extensions>
         </Request>
         <RequestExtension>
            <!--You may enter ANY elements at this point-->
         </RequestExtension>
      </wsdl:GetProductionTimetable>
   </soapenv:Body>
</soapenv:Envelope>]]></con:request><con:wsaConfig mustUnderstand="NONE" version="200508" action="GetProductionTimetable"/></con:call></con:operation><con:operation isOneWay="false" action="GetSiriService" name="GetSiriService" bindingOperationName="GetSiriService" type="Request-Response" inputName="" receivesAttachments="false" sendsAttachments="false" anonymous="optional"><con:settings/><con:call name="Request 1"><con:settings/><con:encoding>UTF-8</con:encoding><con:endpoint>http://www.siri-service-location.com</con:endpoint><con:request><![CDATA[<soapenv:Envelope xmlns:soapenv="http://schemas.xmlsoap.org/soap/envelope/" xmlns:wsdl="http://wsdl.siri.org.uk" xmlns:siri="http://www.siri.org.uk/siri" xmlns:acsb="http://www.ifopt.org.uk/acsb">
   <soapenv:Header/>
   <soapenv:Body>
      <wsdl:GetSiriService>
         <Request>
            <!--Optional:-->
            <siri:ServiceRequestContext>
               <!--Optional:-->
               <siri:CheckStatusAddress>?</siri:CheckStatusAddress>
               <!--Optional:-->
               <siri:SubscribeAddress>?</siri:SubscribeAddress>
               <!--Optional:-->
               <siri:ManageSubscriptionAddress>?</siri:ManageSubscriptionAddress>
               <!--Optional:-->
               <siri:GetDataAddress>?</siri:GetDataAddress>
               <!--Optional:-->
               <siri:StatusResponseAddress>?</siri:StatusResponseAddress>
               <!--Optional:-->
               <siri:SubscriberAddress>?</siri:SubscriberAddress>
               <!--Optional:-->
               <siri:NotifyAddress>?</siri:NotifyAddress>
               <!--Optional:-->
               <siri:ConsumerAddress>?</siri:ConsumerAddress>
               <!--Optional:-->
               <siri:DataNameSpaces>
                  <!--Optional:-->
                  <siri:StopPointNameSpace>?</siri:StopPointNameSpace>
                  <!--Optional:-->
                  <siri:LineNameSpace>?</siri:LineNameSpace>
                  <!--Optional:-->
                  <siri:ProductCategoryNameSpace>?</siri:ProductCategoryNameSpace>
                  <!--Optional:-->
                  <siri:ServiceFeatureNameSpace>?</siri:ServiceFeatureNameSpace>
                  <!--Optional:-->
                  <siri:VehicleFeatureNameSpace>?</siri:VehicleFeatureNameSpace>
               </siri:DataNameSpaces>
               <!--Optional:-->
               <siri:Language>en</siri:Language>
               <!--You have a CHOICE of the next 2 items at this level-->
               <siri:WgsDecimalDegrees>?</siri:WgsDecimalDegrees>
               <siri:GmlCoordinateFormat>?</siri:GmlCoordinateFormat>
               <!--Optional:-->
               <siri:DistanceUnits>?</siri:DistanceUnits>
               <!--Optional:-->
               <siri:VelocityUnits>?</siri:VelocityUnits>
               <!--Optional:-->
               <siri:DataHorizon>?</siri:DataHorizon>
               <!--Optional:-->
               <siri:RequestTimeout>?</siri:RequestTimeout>
               <!--Optional:-->
               <siri:DeliveryMethod>direct</siri:DeliveryMethod>
               <!--Optional:-->
               <siri:MultipartDespatch>?</siri:MultipartDespatch>
               <!--Optional:-->
               <siri:ConfirmDelivery>false</siri:ConfirmDelivery>
               <!--Optional:-->
               <siri:MaximimumNumberOfSubscriptions>?</siri:MaximimumNumberOfSubscriptions>
               <!--Optional:-->
               <siri:AllowedPredictors>anyone</siri:AllowedPredictors>
               <!--Optional:-->
               <siri:PredictionFunction>?</siri:PredictionFunction>
            </siri:ServiceRequestContext>
            <siri:RequestTimestamp>?</siri:RequestTimestamp>
            <!--Optional:-->
            <siri:AccountId>?</siri:AccountId>
            <!--Optional:-->
            <siri:AccountKey>?</siri:AccountKey>
            <!--Optional:-->
            <siri:Address>?</siri:Address>
            <siri:RequestorRef>?</siri:RequestorRef>
            <!--Optional:-->
            <siri:MessageIdentifier>?</siri:MessageIdentifier>
            <!--Optional:-->
            <siri:DelegatorAddress>?</siri:DelegatorAddress>
            <!--Optional:-->
            <siri:DelegatorRef>?</siri:DelegatorRef>
            <!--You have a CHOICE of the next 11 items at this level-->
            <!--1 or more repetitions:-->
            <siri:ProductionTimetableRequest version="2.0">
               <siri:RequestTimestamp>?</siri:RequestTimestamp>
               <!--Optional:-->
               <siri:MessageIdentifier>?</siri:MessageIdentifier>
               <!--Optional:-->
               <siri:ValidityPeriod>
                  <siri:StartTime>?</siri:StartTime>
                  <siri:EndTime>?</siri:EndTime>
               </siri:ValidityPeriod>
               <!--Optional:-->
               <siri:TimetableVersionRef>?</siri:TimetableVersionRef>
               <!--Zero or more repetitions:-->
               <siri:OperatorRef>?</siri:OperatorRef>
               <!--Optional:-->
               <siri:Lines>
                  <!--1 or more repetitions:-->
                  <siri:LineDirection>
                     <siri:LineRef>?</siri:LineRef>
                     <!--Optional:-->
                     <siri:DirectionRef>?</siri:DirectionRef>
                  </siri:LineDirection>
               </siri:Lines>
               <!--Optional:-->
               <siri:Language>en</siri:Language>
               <!--Optional:-->
               <siri:IncludeTranslations>?</siri:IncludeTranslations>
               <!--Optional:-->
               <siri:IncrementalUpdates>false</siri:IncrementalUpdates>
               <!--Optional:-->
               <siri:Extensions>
                  <!--You may enter ANY elements at this point-->
               </siri:Extensions>
            </siri:ProductionTimetableRequest>
            <!--1 or more repetitions:-->
            <siri:EstimatedTimetableRequest version="2.0">
               <siri:RequestTimestamp>?</siri:RequestTimestamp>
               <!--Optional:-->
               <siri:MessageIdentifier>?</siri:MessageIdentifier>
               <!--Optional:-->
               <siri:PreviewInterval>?</siri:PreviewInterval>
               <!--Optional:-->
               <siri:TimetableVersionRef>?</siri:TimetableVersionRef>
               <!--Zero or more repetitions:-->
               <siri:OperatorRef>?</siri:OperatorRef>
               <!--Optional:-->
               <siri:Lines>
                  <!--1 or more repetitions:-->
                  <siri:LineDirection>
                     <siri:LineRef>?</siri:LineRef>
                     <!--Optional:-->
                     <siri:DirectionRef>?</siri:DirectionRef>
                  </siri:LineDirection>
               </siri:Lines>
               <!--Optional:-->
               <siri:Language>en</siri:Language>
               <!--Optional:-->
               <siri:IncludeTranslations>?</siri:IncludeTranslations>
               <!--Optional:-->
               <siri:EstimatedTimetableDetailLevel>?</siri:EstimatedTimetableDetailLevel>
               <!--Optional:-->
               <siri:Extensions>
                  <!--You may enter ANY elements at this point-->
               </siri:Extensions>
            </siri:EstimatedTimetableRequest>
            <!--1 or more repetitions:-->
            <siri:StopTimetableRequest version="2.0">
               <siri:RequestTimestamp>?</siri:RequestTimestamp>
               <!--Optional:-->
               <siri:MessageIdentifier>?</siri:MessageIdentifier>
               <!--Optional:-->
               <siri:DepartureWindow>
                  <siri:StartTime>?</siri:StartTime>
                  <siri:EndTime>?</siri:EndTime>
               </siri:DepartureWindow>
               <siri:MonitoringRef>?</siri:MonitoringRef>
               <!--Optional:-->
               <siri:LineRef>?</siri:LineRef>
               <!--Optional:-->
               <siri:DirectionRef>?</siri:DirectionRef>
               <!--Optional:-->
               <siri:Language>en</siri:Language>
               <!--Optional:-->
               <siri:IncludeTranslations>?</siri:IncludeTranslations>
               <!--Optional:-->
               <siri:Extensions>
                  <!--You may enter ANY elements at this point-->
               </siri:Extensions>
            </siri:StopTimetableRequest>
            <!--1 or more repetitions:-->
            <siri:StopMonitoringMultipleRequest version="2.0">
               <siri:RequestTimestamp>?</siri:RequestTimestamp>
               <!--Optional:-->
               <siri:MessageIdentifier>?</siri:MessageIdentifier>
               <!--1 or more repetitions:-->
               <siri:StopMonitoringFIlter>
                  <!--Optional:-->
                  <siri:PreviewInterval>?</siri:PreviewInterval>
                  <!--Optional:-->
                  <siri:StartTime>?</siri:StartTime>
                  <siri:MonitoringRef>?</siri:MonitoringRef>
                  <!--Optional:-->
                  <siri:OperatorRef>?</siri:OperatorRef>
                  <!--Optional:-->
                  <siri:LineRef>?</siri:LineRef>
                  <!--Optional:-->
                  <siri:DirectionRef>?</siri:DirectionRef>
                  <!--Optional:-->
                  <siri:DestinationRef>?</siri:DestinationRef>
                  <!--Optional:-->
                  <siri:StopVisitTypes>all</siri:StopVisitTypes>
                  <!--Optional:-->
                  <siri:Language>false</siri:Language>
                  <!--Optional:-->
                  <siri:IncludeTranslations>?</siri:IncludeTranslations>
                  <!--Optional:-->
                  <siri:MaximumStopVisits>?</siri:MaximumStopVisits>
                  <!--You have a CHOICE of the next 2 items at this level-->
                  <!--Optional:-->
                  <siri:MinimumStopVisitsPerLine>?</siri:MinimumStopVisitsPerLine>
                  <!--Optional:-->
                  <siri:MinimumStopVisitsPerLineVia>?</siri:MinimumStopVisitsPerLineVia>
                  <!--Optional:-->
                  <siri:MaximumTextLength>30</siri:MaximumTextLength>
                  <!--Optional:-->
                  <siri:StopMonitoringDetailLevel>normal</siri:StopMonitoringDetailLevel>
                  <!--Optional:-->
                  <siri:IncludeSituations>?</siri:IncludeSituations>
                  <!--Optional:-->
                  <siri:MaximumNumberOfCalls>
                     <!--Optional:-->
                     <siri:Previous>?</siri:Previous>
                     <!--Optional:-->
                     <siri:Onwards>?</siri:Onwards>
                  </siri:MaximumNumberOfCalls>
                  <!--Optional:-->
                  <siri:Extensions>
                     <!--You may enter ANY elements at this point-->
                  </siri:Extensions>
               </siri:StopMonitoringFIlter>
            </siri:StopMonitoringMultipleRequest>
            <!--1 or more repetitions:-->
            <siri:StopMonitoringRequest version="2.0">
               <siri:RequestTimestamp>?</siri:RequestTimestamp>
               <!--Optional:-->
               <siri:MessageIdentifier>?</siri:MessageIdentifier>
               <!--Optional:-->
               <siri:PreviewInterval>?</siri:PreviewInterval>
               <!--Optional:-->
               <siri:StartTime>?</siri:StartTime>
               <siri:MonitoringRef>?</siri:MonitoringRef>
               <!--Optional:-->
               <siri:OperatorRef>?</siri:OperatorRef>
               <!--Optional:-->
               <siri:LineRef>?</siri:LineRef>
               <!--Optional:-->
               <siri:DirectionRef>?</siri:DirectionRef>
               <!--Optional:-->
               <siri:DestinationRef>?</siri:DestinationRef>
               <!--Optional:-->
               <siri:StopVisitTypes>all</siri:StopVisitTypes>
               <!--Optional:-->
               <siri:Language>false</siri:Language>
               <!--Optional:-->
               <siri:IncludeTranslations>?</siri:IncludeTranslations>
               <!--Optional:-->
               <siri:MaximumStopVisits>?</siri:MaximumStopVisits>
               <!--You have a CHOICE of the next 2 items at this level-->
               <!--Optional:-->
               <siri:MinimumStopVisitsPerLine>?</siri:MinimumStopVisitsPerLine>
               <!--Optional:-->
               <siri:MinimumStopVisitsPerLineVia>?</siri:MinimumStopVisitsPerLineVia>
               <!--Optional:-->
               <siri:MaximumTextLength>30</siri:MaximumTextLength>
               <!--Optional:-->
               <siri:StopMonitoringDetailLevel>normal</siri:StopMonitoringDetailLevel>
               <!--Optional:-->
               <siri:IncludeSituations>?</siri:IncludeSituations>
               <!--Optional:-->
               <siri:MaximumNumberOfCalls>
                  <!--Optional:-->
                  <siri:Previous>?</siri:Previous>
                  <!--Optional:-->
                  <siri:Onwards>?</siri:Onwards>
               </siri:MaximumNumberOfCalls>
               <!--Optional:-->
               <siri:Extensions>
                  <!--You may enter ANY elements at this point-->
               </siri:Extensions>
            </siri:StopMonitoringRequest>
            <!--1 or more repetitions:-->
            <siri:VehicleMonitoringRequest version="2.0">
               <siri:RequestTimestamp>?</siri:RequestTimestamp>
               <!--Optional:-->
               <siri:MessageIdentifier>?</siri:MessageIdentifier>
               <!--Optional:-->
               <siri:VehicleMonitoringRef>?</siri:VehicleMonitoringRef>
               <!--You have a CHOICE of the next 2 items at this level-->
               <siri:VehicleRef>?</siri:VehicleRef>
               <siri:LineRef>?</siri:LineRef>
               <!--Optional:-->
               <siri:DirectionRef>?</siri:DirectionRef>
               <!--Optional:-->
               <siri:Language>en</siri:Language>
               <!--Optional:-->
               <siri:IncludeTranslations>?</siri:IncludeTranslations>
               <!--Optional:-->
               <siri:MaximumVehicles>?</siri:MaximumVehicles>
               <!--Optional:-->
               <siri:VehicleMonitoringDetailLevel>?</siri:VehicleMonitoringDetailLevel>
               <!--Optional:-->
               <siri:MaximumNumberOfCalls>
                  <!--Optional:-->
                  <siri:Previous>?</siri:Previous>
                  <!--Optional:-->
                  <siri:Onwards>?</siri:Onwards>
               </siri:MaximumNumberOfCalls>
               <!--Optional:-->
               <siri:IncludeSituations>?</siri:IncludeSituations>
               <!--Optional:-->
               <siri:Extensions>
                  <!--You may enter ANY elements at this point-->
               </siri:Extensions>
            </siri:VehicleMonitoringRequest>
            <!--1 or more repetitions:-->
            <siri:ConnectionTimetableRequest version="2.0">
               <siri:RequestTimestamp>?</siri:RequestTimestamp>
               <!--Optional:-->
               <siri:MessageIdentifier>?</siri:MessageIdentifier>
               <!--Optional:-->
               <siri:ArrivalWindow>
                  <siri:StartTime>?</siri:StartTime>
                  <siri:EndTime>?</siri:EndTime>
               </siri:ArrivalWindow>
               <siri:ConnectionLinkRef>?</siri:ConnectionLinkRef>
               <!--Optional:-->
               <siri:LineRef>?</siri:LineRef>
               <!--Optional:-->
               <siri:DirectionRef>?</siri:DirectionRef>
               <!--Optional:-->
               <siri:Language>en</siri:Language>
               <!--Optional:-->
               <siri:IncludeTranslations>?</siri:IncludeTranslations>
               <!--Optional:-->
               <siri:Extensions>
                  <!--You may enter ANY elements at this point-->
               </siri:Extensions>
            </siri:ConnectionTimetableRequest>
            <!--1 or more repetitions:-->
            <siri:ConnectionMonitoringRequest version="2.0">
               <siri:RequestTimestamp>?</siri:RequestTimestamp>
               <!--Optional:-->
               <siri:MessageIdentifier>?</siri:MessageIdentifier>
               <!--Optional:-->
               <siri:PreviewInterval>?</siri:PreviewInterval>
               <siri:ConnectionLinkRef>?</siri:ConnectionLinkRef>
               <!--You have a CHOICE of the next 2 items at this level-->
               <siri:ConnectingTimeFilter>
                  <siri:LineRef>?</siri:LineRef>
                  <siri:DirectionRef>?</siri:DirectionRef>
                  <!--Optional:-->
                  <siri:EarliestArrivalTime>?</siri:EarliestArrivalTime>
                  <!--Optional:-->
                  <siri:LatestArrivalTime>?</siri:LatestArrivalTime>
               </siri:ConnectingTimeFilter>
               <!--1 or more repetitions:-->
               <siri:ConnectingJourneyFilter>
                  <siri:DatedVehicleJourneyRef>?</siri:DatedVehicleJourneyRef>
                  <!--Optional:-->
                  <siri:VisitNumber>?</siri:VisitNumber>
                  <siri:TimetabledArrivalTime>?</siri:TimetabledArrivalTime>
               </siri:ConnectingJourneyFilter>
               <!--Optional:-->
               <siri:Language>en</siri:Language>
               <!--Optional:-->
               <siri:IncludeTranslations>?</siri:IncludeTranslations>
               <!--Optional:-->
               <siri:ConnectionMonitoringDetailLevel>?</siri:ConnectionMonitoringDetailLevel>
               <!--Optional:-->
               <siri:Extensions>
                  <!--You may enter ANY elements at this point-->
               </siri:Extensions>
            </siri:ConnectionMonitoringRequest>
            <!--1 or more repetitions:-->
            <siri:GeneralMessageRequest version="2.0">
               <siri:RequestTimestamp>?</siri:RequestTimestamp>
               <!--Optional:-->
               <siri:MessageIdentifier>?</siri:MessageIdentifier>
               <!--Zero or more repetitions:-->
               <siri:InfoChannelRef>?</siri:InfoChannelRef>
               <!--Optional:-->
               <siri:Language>en</siri:Language>
               <!--Optional:-->
               <siri:Extensions>
                  <!--You may enter ANY elements at this point-->
               </siri:Extensions>
            </siri:GeneralMessageRequest>
            <!--1 or more repetitions:-->
            <siri:FacilityMonitoringRequest version="2.0">
               <siri:RequestTimestamp>?</siri:RequestTimestamp>
               <!--Optional:-->
               <siri:MessageIdentifier>?</siri:MessageIdentifier>
               <!--Optional:-->
               <siri:PreviewInterval>?</siri:PreviewInterval>
               <!--Optional:-->
               <siri:StartTime>?</siri:StartTime>
               <!--Zero or more repetitions:-->
               <siri:FacilityRef>?</siri:FacilityRef>
               <!--Optional:-->
               <siri:FeatureRef>?</siri:FeatureRef>
               <!--Optional:-->
               <siri:LineRef>?</siri:LineRef>
               <!--Optional:-->
               <siri:StopPointRef>?</siri:StopPointRef>
               <!--Optional:-->
               <siri:ConnectionLinkRef>?</siri:ConnectionLinkRef>
               <!--You have a CHOICE of the next 2 items at this level-->
               <siri:FramedVehicleJourneyRef>
                  <siri:DataFrameRef>?</siri:DataFrameRef>
                  <siri:DatedVehicleJourneyRef>?</siri:DatedVehicleJourneyRef>
               </siri:FramedVehicleJourneyRef>
               <siri:VehicleJourneyRef>?</siri:VehicleJourneyRef>
               <!--Optional:-->
               <siri:InterchangeRef>?</siri:InterchangeRef>
               <!--Optional:-->
               <siri:VehicleRef>?</siri:VehicleRef>
               <!--Optional:-->
               <siri:StopPlaceRef>?</siri:StopPlaceRef>
               <!--Optional:-->
               <siri:StopPlaceComponentRef>?</siri:StopPlaceComponentRef>
               <!--Zero or more repetitions:-->
               <siri:AccessibilityNeedsFilter>
                  <!--1 or more repetitions:-->
                  <siri:UserNeed>
                     <!--You have a CHOICE of the next 4 items at this level-->
                     <acsb:MobilityNeed>?</acsb:MobilityNeed>
                     <acsb:PsychosensoryNeed>?</acsb:PsychosensoryNeed>
                     <acsb:MedicalNeed>?</acsb:MedicalNeed>
                     <acsb:EncumbranceNeed>?</acsb:EncumbranceNeed>
                     <!--Optional:-->
                     <acsb:Excluded>?</acsb:Excluded>
                     <!--Optional:-->
                     <acsb:NeedRanking>?</acsb:NeedRanking>
                     <!--Optional:-->
                     <acsb:Extensions>?</acsb:Extensions>
                  </siri:UserNeed>
               </siri:AccessibilityNeedsFilter>
               <!--Optional:-->
               <siri:Language>en</siri:Language>
               <!--Optional:-->
               <siri:IncludeTranslations>?</siri:IncludeTranslations>
               <!--Optional:-->
               <siri:MaximumNumberOfFacilityConditions>?</siri:MaximumNumberOfFacilityConditions>
               <!--Optional:-->
               <siri:Extensions>
                  <!--You may enter ANY elements at this point-->
               </siri:Extensions>
            </siri:FacilityMonitoringRequest>
            <!--1 or more repetitions:-->
            <siri:SituationExchangeRequest version="2.0">
               <siri:RequestTimestamp>?</siri:RequestTimestamp>
               <!--Optional:-->
               <siri:MessageIdentifier>?</siri:MessageIdentifier>
               <!--Optional:-->
               <siri:PreviewInterval>?</siri:PreviewInterval>
               <!--Optional:-->
               <siri:StartTime>?</siri:StartTime>
               <!--Optional:-->
               <siri:VehicleMode>unknown</siri:VehicleMode>
               <!--You have a CHOICE of the next 7 items at this level-->
               <siri:AirSubmode>unknown</siri:AirSubmode>
               <siri:BusSubmode>unknown</siri:BusSubmode>
               <siri:CoachSubmode>unknown</siri:CoachSubmode>
               <siri:MetroSubmode>unknown</siri:MetroSubmode>
               <siri:RailSubmode>unknown</siri:RailSubmode>
               <siri:TramSubmode>unknown</siri:TramSubmode>
               <siri:WaterSubmode>unknown</siri:WaterSubmode>
               <!--Optional:-->
               <siri:AccessMode>?</siri:AccessMode>
               <!--Optional:-->
               <siri:Severity>?</siri:Severity>
               <!--Zero or more repetitions:-->
               <siri:Scope>?</siri:Scope>
               <!--Optional:-->
               <siri:Predictability>?</siri:Predictability>
               <!--Optional:-->
               <siri:Keywords>?</siri:Keywords>
               <!--Optional:-->
               <siri:Verification>?</siri:Verification>
               <!--Zero or more repetitions:-->
               <siri:Progress>open</siri:Progress>
               <!--Optional:-->
               <siri:Reality>?</siri:Reality>
               <!--Optional:-->
               <siri:OperatorRef>?</siri:OperatorRef>
               <!--Zero or more repetitions:-->
               <siri:OperationalUnitRef>?</siri:OperationalUnitRef>
               <!--Optional:-->
               <siri:NetworkRef>?</siri:NetworkRef>
               <!--Zero or more repetitions:-->
               <siri:LineRef>?</siri:LineRef>
               <!--Optional:-->
               <siri:StopPointRef>?</siri:StopPointRef>
               <!--Zero or more repetitions:-->
               <siri:ConnectionLinkRef>?</siri:ConnectionLinkRef>
               <!--Zero or more repetitions:-->
               <siri:FacilityRef>?</siri:FacilityRef>
               <!--Optional:-->
               <siri:StopPlaceRef>?</siri:StopPlaceRef>
               <!--You have a CHOICE of the next 2 items at this level-->
               <siri:FramedVehicleJourneyRef>
                  <siri:DataFrameRef>?</siri:DataFrameRef>
                  <siri:DatedVehicleJourneyRef>?</siri:DatedVehicleJourneyRef>
               </siri:FramedVehicleJourneyRef>
               <siri:VehicleJourneyRef>?</siri:VehicleJourneyRef>
               <!--Optional:-->
               <siri:InterchangeRef>?</siri:InterchangeRef>
               <!--Optional:-->
               <siri:VehicleRef>?</siri:VehicleRef>
               <!--Optional:-->
               <siri:CountryRef>?</siri:CountryRef>
               <!--Optional:-->
               <siri:PlaceRef>?</siri:PlaceRef>
               <!--0 to 2 repetitions:-->
               <siri:Location id="?" srsName="?">
                  <!--You have a CHOICE of the next 2 items at this level-->
                  <siri:Longitude>?</siri:Longitude>
                  <siri:Latitude>?</siri:Latitude>
                  <siri:Coordinates>?</siri:Coordinates>
                  <!--Optional:-->
                  <siri:Precision>?</siri:Precision>
               </siri:Location>
               <!--Optional:-->
               <siri:SituationRoadFilter>
                  <!--1 or more repetitions:-->
                  <siri:RoadFilter>
                     <!--Optional:-->
                     <siri:roadNumber>?</siri:roadNumber>
                     <!--Optional:-->
                     <siri:directionBound>?</siri:directionBound>
                     <!--Optional:-->
                     <siri:referencePointIdentifier>?</siri:referencePointIdentifier>
                  </siri:RoadFilter>
               </siri:SituationRoadFilter>
               <!--Zero or more repetitions:-->
               <siri:AccessibilityNeedFilter>
                  <!--Zero or more repetitions:-->
                  <acsb:UserNeed>
                     <!--You have a CHOICE of the next 4 items at this level-->
                     <acsb:MobilityNeed>?</acsb:MobilityNeed>
                     <acsb:PsychosensoryNeed>?</acsb:PsychosensoryNeed>
                     <acsb:MedicalNeed>?</acsb:MedicalNeed>
                     <acsb:EncumbranceNeed>?</acsb:EncumbranceNeed>
                     <!--Optional:-->
                     <acsb:Excluded>?</acsb:Excluded>
                     <!--Optional:-->
                     <acsb:NeedRanking>?</acsb:NeedRanking>
                     <!--Optional:-->
                     <acsb:Extensions>?</acsb:Extensions>
                  </acsb:UserNeed>
                  <!--Optional:-->
                  <acsb:AccompaniedByCarer>?</acsb:AccompaniedByCarer>
               </siri:AccessibilityNeedFilter>
               <!--Optional:-->
               <siri:Language>en</siri:Language>
               <!--Optional:-->
               <siri:IncludeTranslations>?</siri:IncludeTranslations>
               <!--Optional:-->
               <siri:MaximumNumberOfSituationElements>?</siri:MaximumNumberOfSituationElements>
               <!--Optional:-->
               <siri:Extensions>
                  <!--You may enter ANY elements at this point-->
               </siri:Extensions>
            </siri:SituationExchangeRequest>
         </Request>
      </wsdl:GetSiriService>
   </soapenv:Body>
</soapenv:Envelope>]]></con:request><con:wsaConfig mustUnderstand="NONE" version="200508" action="GetSiriService"/></con:call></con:operation><con:operation isOneWay="false" action="GetSituationExchange" name="GetSituationExchange" bindingOperationName="GetSituationExchange" type="Request-Response" inputName="" receivesAttachments="false" sendsAttachments="false" anonymous="optional"><con:settings/><con:call name="Request 1"><con:settings/><con:encoding>UTF-8</con:encoding><con:endpoint>http://www.siri-service-location.com</con:endpoint><con:request><![CDATA[<soapenv:Envelope xmlns:soapenv="http://schemas.xmlsoap.org/soap/envelope/" xmlns:wsdl="http://wsdl.siri.org.uk" xmlns:siri="http://www.siri.org.uk/siri" xmlns:acsb="http://www.ifopt.org.uk/acsb">
   <soapenv:Header/>
   <soapenv:Body>
      <wsdl:GetSituationExchange>
         <ServiceRequestInfo>
            <!--Optional:-->
            <siri:ServiceRequestContext>
               <!--Optional:-->
               <siri:CheckStatusAddress>?</siri:CheckStatusAddress>
               <!--Optional:-->
               <siri:SubscribeAddress>?</siri:SubscribeAddress>
               <!--Optional:-->
               <siri:ManageSubscriptionAddress>?</siri:ManageSubscriptionAddress>
               <!--Optional:-->
               <siri:GetDataAddress>?</siri:GetDataAddress>
               <!--Optional:-->
               <siri:StatusResponseAddress>?</siri:StatusResponseAddress>
               <!--Optional:-->
               <siri:SubscriberAddress>?</siri:SubscriberAddress>
               <!--Optional:-->
               <siri:NotifyAddress>?</siri:NotifyAddress>
               <!--Optional:-->
               <siri:ConsumerAddress>?</siri:ConsumerAddress>
               <!--Optional:-->
               <siri:DataNameSpaces>
                  <!--Optional:-->
                  <siri:StopPointNameSpace>?</siri:StopPointNameSpace>
                  <!--Optional:-->
                  <siri:LineNameSpace>?</siri:LineNameSpace>
                  <!--Optional:-->
                  <siri:ProductCategoryNameSpace>?</siri:ProductCategoryNameSpace>
                  <!--Optional:-->
                  <siri:ServiceFeatureNameSpace>?</siri:ServiceFeatureNameSpace>
                  <!--Optional:-->
                  <siri:VehicleFeatureNameSpace>?</siri:VehicleFeatureNameSpace>
               </siri:DataNameSpaces>
               <!--Optional:-->
               <siri:Language>en</siri:Language>
               <!--You have a CHOICE of the next 2 items at this level-->
               <siri:WgsDecimalDegrees>?</siri:WgsDecimalDegrees>
               <siri:GmlCoordinateFormat>?</siri:GmlCoordinateFormat>
               <!--Optional:-->
               <siri:DistanceUnits>?</siri:DistanceUnits>
               <!--Optional:-->
               <siri:VelocityUnits>?</siri:VelocityUnits>
               <!--Optional:-->
               <siri:DataHorizon>?</siri:DataHorizon>
               <!--Optional:-->
               <siri:RequestTimeout>?</siri:RequestTimeout>
               <!--Optional:-->
               <siri:DeliveryMethod>direct</siri:DeliveryMethod>
               <!--Optional:-->
               <siri:MultipartDespatch>?</siri:MultipartDespatch>
               <!--Optional:-->
               <siri:ConfirmDelivery>false</siri:ConfirmDelivery>
               <!--Optional:-->
               <siri:MaximimumNumberOfSubscriptions>?</siri:MaximimumNumberOfSubscriptions>
               <!--Optional:-->
               <siri:AllowedPredictors>anyone</siri:AllowedPredictors>
               <!--Optional:-->
               <siri:PredictionFunction>?</siri:PredictionFunction>
            </siri:ServiceRequestContext>
            <siri:RequestTimestamp>?</siri:RequestTimestamp>
            <!--Optional:-->
            <siri:AccountId>?</siri:AccountId>
            <!--Optional:-->
            <siri:AccountKey>?</siri:AccountKey>
            <!--Optional:-->
            <siri:Address>?</siri:Address>
            <siri:RequestorRef>?</siri:RequestorRef>
            <!--Optional:-->
            <siri:MessageIdentifier>?</siri:MessageIdentifier>
            <!--Optional:-->
            <siri:DelegatorAddress>?</siri:DelegatorAddress>
            <!--Optional:-->
            <siri:DelegatorRef>?</siri:DelegatorRef>
         </ServiceRequestInfo>
         <Request version="2.0">
            <siri:RequestTimestamp>?</siri:RequestTimestamp>
            <!--Optional:-->
            <siri:MessageIdentifier>?</siri:MessageIdentifier>
            <!--Optional:-->
            <siri:PreviewInterval>?</siri:PreviewInterval>
            <!--Optional:-->
            <siri:StartTime>?</siri:StartTime>
            <!--Optional:-->
            <siri:VehicleMode>unknown</siri:VehicleMode>
            <!--You have a CHOICE of the next 7 items at this level-->
            <siri:AirSubmode>unknown</siri:AirSubmode>
            <siri:BusSubmode>unknown</siri:BusSubmode>
            <siri:CoachSubmode>unknown</siri:CoachSubmode>
            <siri:MetroSubmode>unknown</siri:MetroSubmode>
            <siri:RailSubmode>unknown</siri:RailSubmode>
            <siri:TramSubmode>unknown</siri:TramSubmode>
            <siri:WaterSubmode>unknown</siri:WaterSubmode>
            <!--Optional:-->
            <siri:AccessMode>?</siri:AccessMode>
            <!--Optional:-->
            <siri:Severity>?</siri:Severity>
            <!--Zero or more repetitions:-->
            <siri:Scope>?</siri:Scope>
            <!--Optional:-->
            <siri:Predictability>?</siri:Predictability>
            <!--Optional:-->
            <siri:Keywords>?</siri:Keywords>
            <!--Optional:-->
            <siri:Verification>?</siri:Verification>
            <!--Zero or more repetitions:-->
            <siri:Progress>open</siri:Progress>
            <!--Optional:-->
            <siri:Reality>?</siri:Reality>
            <!--Optional:-->
            <siri:OperatorRef>?</siri:OperatorRef>
            <!--Zero or more repetitions:-->
            <siri:OperationalUnitRef>?</siri:OperationalUnitRef>
            <!--Optional:-->
            <siri:NetworkRef>?</siri:NetworkRef>
            <!--Zero or more repetitions:-->
            <siri:LineRef>?</siri:LineRef>
            <!--Optional:-->
            <siri:StopPointRef>?</siri:StopPointRef>
            <!--Zero or more repetitions:-->
            <siri:ConnectionLinkRef>?</siri:ConnectionLinkRef>
            <!--Zero or more repetitions:-->
            <siri:FacilityRef>?</siri:FacilityRef>
            <!--Optional:-->
            <siri:StopPlaceRef>?</siri:StopPlaceRef>
            <!--You have a CHOICE of the next 2 items at this level-->
            <siri:FramedVehicleJourneyRef>
               <siri:DataFrameRef>?</siri:DataFrameRef>
               <siri:DatedVehicleJourneyRef>?</siri:DatedVehicleJourneyRef>
            </siri:FramedVehicleJourneyRef>
            <siri:VehicleJourneyRef>?</siri:VehicleJourneyRef>
            <!--Optional:-->
            <siri:InterchangeRef>?</siri:InterchangeRef>
            <!--Optional:-->
            <siri:VehicleRef>?</siri:VehicleRef>
            <!--Optional:-->
            <siri:CountryRef>?</siri:CountryRef>
            <!--Optional:-->
            <siri:PlaceRef>?</siri:PlaceRef>
            <!--0 to 2 repetitions:-->
            <siri:Location id="?" srsName="?">
               <!--You have a CHOICE of the next 2 items at this level-->
               <siri:Longitude>?</siri:Longitude>
               <siri:Latitude>?</siri:Latitude>
               <siri:Coordinates>?</siri:Coordinates>
               <!--Optional:-->
               <siri:Precision>?</siri:Precision>
            </siri:Location>
            <!--Optional:-->
            <siri:SituationRoadFilter>
               <!--1 or more repetitions:-->
               <siri:RoadFilter>
                  <!--Optional:-->
                  <siri:roadNumber>?</siri:roadNumber>
                  <!--Optional:-->
                  <siri:directionBound>?</siri:directionBound>
                  <!--Optional:-->
                  <siri:referencePointIdentifier>?</siri:referencePointIdentifier>
               </siri:RoadFilter>
            </siri:SituationRoadFilter>
            <!--Zero or more repetitions:-->
            <siri:AccessibilityNeedFilter>
               <!--Zero or more repetitions:-->
               <acsb:UserNeed>
                  <!--You have a CHOICE of the next 4 items at this level-->
                  <acsb:MobilityNeed>?</acsb:MobilityNeed>
                  <acsb:PsychosensoryNeed>?</acsb:PsychosensoryNeed>
                  <acsb:MedicalNeed>?</acsb:MedicalNeed>
                  <acsb:EncumbranceNeed>?</acsb:EncumbranceNeed>
                  <!--Optional:-->
                  <acsb:Excluded>?</acsb:Excluded>
                  <!--Optional:-->
                  <acsb:NeedRanking>?</acsb:NeedRanking>
                  <!--Optional:-->
                  <acsb:Extensions>?</acsb:Extensions>
               </acsb:UserNeed>
               <!--Optional:-->
               <acsb:AccompaniedByCarer>?</acsb:AccompaniedByCarer>
            </siri:AccessibilityNeedFilter>
            <!--Optional:-->
            <siri:Language>en</siri:Language>
            <!--Optional:-->
            <siri:IncludeTranslations>?</siri:IncludeTranslations>
            <!--Optional:-->
            <siri:MaximumNumberOfSituationElements>?</siri:MaximumNumberOfSituationElements>
            <!--Optional:-->
            <siri:Extensions>
               <!--You may enter ANY elements at this point-->
            </siri:Extensions>
         </Request>
         <RequestExtension>
            <!--You may enter ANY elements at this point-->
         </RequestExtension>
      </wsdl:GetSituationExchange>
   </soapenv:Body>
</soapenv:Envelope>]]></con:request><con:wsaConfig mustUnderstand="NONE" version="200508" action="GetSituationExchange"/></con:call></con:operation><con:operation isOneWay="false" action="GetStopMonitoring" name="GetStopMonitoring" bindingOperationName="GetStopMonitoring" type="Request-Response" inputName="" receivesAttachments="false" sendsAttachments="false" anonymous="optional"><con:settings/><con:call name="Request 1"><con:settings/><con:encoding>UTF-8</con:encoding><con:endpoint>http://www.siri-service-location.com</con:endpoint><con:request><![CDATA[<soapenv:Envelope xmlns:soapenv="http://schemas.xmlsoap.org/soap/envelope/" xmlns:wsdl="http://wsdl.siri.org.uk" xmlns:siri="http://www.siri.org.uk/siri">
   <soapenv:Header/>
   <soapenv:Body>
      <wsdl:GetStopMonitoring>
         <ServiceRequestInfo>
            <!--Optional:-->
            <siri:ServiceRequestContext>
               <!--Optional:-->
               <siri:CheckStatusAddress>?</siri:CheckStatusAddress>
               <!--Optional:-->
               <siri:SubscribeAddress>?</siri:SubscribeAddress>
               <!--Optional:-->
               <siri:ManageSubscriptionAddress>?</siri:ManageSubscriptionAddress>
               <!--Optional:-->
               <siri:GetDataAddress>?</siri:GetDataAddress>
               <!--Optional:-->
               <siri:StatusResponseAddress>?</siri:StatusResponseAddress>
               <!--Optional:-->
               <siri:SubscriberAddress>?</siri:SubscriberAddress>
               <!--Optional:-->
               <siri:NotifyAddress>?</siri:NotifyAddress>
               <!--Optional:-->
               <siri:ConsumerAddress>?</siri:ConsumerAddress>
               <!--Optional:-->
               <siri:DataNameSpaces>
                  <!--Optional:-->
                  <siri:StopPointNameSpace>?</siri:StopPointNameSpace>
                  <!--Optional:-->
                  <siri:LineNameSpace>?</siri:LineNameSpace>
                  <!--Optional:-->
                  <siri:ProductCategoryNameSpace>?</siri:ProductCategoryNameSpace>
                  <!--Optional:-->
                  <siri:ServiceFeatureNameSpace>?</siri:ServiceFeatureNameSpace>
                  <!--Optional:-->
                  <siri:VehicleFeatureNameSpace>?</siri:VehicleFeatureNameSpace>
               </siri:DataNameSpaces>
               <!--Optional:-->
               <siri:Language>en</siri:Language>
               <!--You have a CHOICE of the next 2 items at this level-->
               <siri:WgsDecimalDegrees>?</siri:WgsDecimalDegrees>
               <siri:GmlCoordinateFormat>?</siri:GmlCoordinateFormat>
               <!--Optional:-->
               <siri:DistanceUnits>?</siri:DistanceUnits>
               <!--Optional:-->
               <siri:VelocityUnits>?</siri:VelocityUnits>
               <!--Optional:-->
               <siri:DataHorizon>?</siri:DataHorizon>
               <!--Optional:-->
               <siri:RequestTimeout>?</siri:RequestTimeout>
               <!--Optional:-->
               <siri:DeliveryMethod>direct</siri:DeliveryMethod>
               <!--Optional:-->
               <siri:MultipartDespatch>?</siri:MultipartDespatch>
               <!--Optional:-->
               <siri:ConfirmDelivery>false</siri:ConfirmDelivery>
               <!--Optional:-->
               <siri:MaximimumNumberOfSubscriptions>?</siri:MaximimumNumberOfSubscriptions>
               <!--Optional:-->
               <siri:AllowedPredictors>anyone</siri:AllowedPredictors>
               <!--Optional:-->
               <siri:PredictionFunction>?</siri:PredictionFunction>
            </siri:ServiceRequestContext>
            <siri:RequestTimestamp>?</siri:RequestTimestamp>
            <!--Optional:-->
            <siri:AccountId>?</siri:AccountId>
            <!--Optional:-->
            <siri:AccountKey>?</siri:AccountKey>
            <!--Optional:-->
            <siri:Address>?</siri:Address>
            <siri:RequestorRef>?</siri:RequestorRef>
            <!--Optional:-->
            <siri:MessageIdentifier>?</siri:MessageIdentifier>
            <!--Optional:-->
            <siri:DelegatorAddress>?</siri:DelegatorAddress>
            <!--Optional:-->
            <siri:DelegatorRef>?</siri:DelegatorRef>
         </ServiceRequestInfo>
         <Request version="2.0">
            <siri:RequestTimestamp>?</siri:RequestTimestamp>
            <!--Optional:-->
            <siri:MessageIdentifier>?</siri:MessageIdentifier>
            <!--Optional:-->
            <siri:PreviewInterval>?</siri:PreviewInterval>
            <!--Optional:-->
            <siri:StartTime>?</siri:StartTime>
            <siri:MonitoringRef>?</siri:MonitoringRef>
            <!--Optional:-->
            <siri:OperatorRef>?</siri:OperatorRef>
            <!--Optional:-->
            <siri:LineRef>?</siri:LineRef>
            <!--Optional:-->
            <siri:DirectionRef>?</siri:DirectionRef>
            <!--Optional:-->
            <siri:DestinationRef>?</siri:DestinationRef>
            <!--Optional:-->
            <siri:StopVisitTypes>all</siri:StopVisitTypes>
            <!--Optional:-->
            <siri:Language>false</siri:Language>
            <!--Optional:-->
            <siri:IncludeTranslations>?</siri:IncludeTranslations>
            <!--Optional:-->
            <siri:MaximumStopVisits>?</siri:MaximumStopVisits>
            <!--You have a CHOICE of the next 2 items at this level-->
            <!--Optional:-->
            <siri:MinimumStopVisitsPerLine>?</siri:MinimumStopVisitsPerLine>
            <!--Optional:-->
            <siri:MinimumStopVisitsPerLineVia>?</siri:MinimumStopVisitsPerLineVia>
            <!--Optional:-->
            <siri:MaximumTextLength>30</siri:MaximumTextLength>
            <!--Optional:-->
            <siri:StopMonitoringDetailLevel>normal</siri:StopMonitoringDetailLevel>
            <!--Optional:-->
            <siri:IncludeSituations>?</siri:IncludeSituations>
            <!--Optional:-->
            <siri:MaximumNumberOfCalls>
               <!--Optional:-->
               <siri:Previous>?</siri:Previous>
               <!--Optional:-->
               <siri:Onwards>?</siri:Onwards>
            </siri:MaximumNumberOfCalls>
            <!--Optional:-->
            <siri:Extensions>
               <!--You may enter ANY elements at this point-->
            </siri:Extensions>
         </Request>
         <RequestExtension>
            <!--You may enter ANY elements at this point-->
         </RequestExtension>
      </wsdl:GetStopMonitoring>
   </soapenv:Body>
</soapenv:Envelope>]]></con:request><con:wsaConfig mustUnderstand="NONE" version="200508" action="GetStopMonitoring"/></con:call></con:operation><con:operation isOneWay="false" action="GetStopTimetable" name="GetStopTimetable" bindingOperationName="GetStopTimetable" type="Request-Response" inputName="" receivesAttachments="false" sendsAttachments="false" anonymous="optional"><con:settings/><con:call name="Request 1"><con:settings/><con:encoding>UTF-8</con:encoding><con:endpoint>http://www.siri-service-location.com</con:endpoint><con:request><![CDATA[<soapenv:Envelope xmlns:soapenv="http://schemas.xmlsoap.org/soap/envelope/" xmlns:wsdl="http://wsdl.siri.org.uk" xmlns:siri="http://www.siri.org.uk/siri">
   <soapenv:Header/>
   <soapenv:Body>
      <wsdl:GetStopTimetable>
         <ServiceRequestInfo>
            <!--Optional:-->
            <siri:ServiceRequestContext>
               <!--Optional:-->
               <siri:CheckStatusAddress>?</siri:CheckStatusAddress>
               <!--Optional:-->
               <siri:SubscribeAddress>?</siri:SubscribeAddress>
               <!--Optional:-->
               <siri:ManageSubscriptionAddress>?</siri:ManageSubscriptionAddress>
               <!--Optional:-->
               <siri:GetDataAddress>?</siri:GetDataAddress>
               <!--Optional:-->
               <siri:StatusResponseAddress>?</siri:StatusResponseAddress>
               <!--Optional:-->
               <siri:SubscriberAddress>?</siri:SubscriberAddress>
               <!--Optional:-->
               <siri:NotifyAddress>?</siri:NotifyAddress>
               <!--Optional:-->
               <siri:ConsumerAddress>?</siri:ConsumerAddress>
               <!--Optional:-->
               <siri:DataNameSpaces>
                  <!--Optional:-->
                  <siri:StopPointNameSpace>?</siri:StopPointNameSpace>
                  <!--Optional:-->
                  <siri:LineNameSpace>?</siri:LineNameSpace>
                  <!--Optional:-->
                  <siri:ProductCategoryNameSpace>?</siri:ProductCategoryNameSpace>
                  <!--Optional:-->
                  <siri:ServiceFeatureNameSpace>?</siri:ServiceFeatureNameSpace>
                  <!--Optional:-->
                  <siri:VehicleFeatureNameSpace>?</siri:VehicleFeatureNameSpace>
               </siri:DataNameSpaces>
               <!--Optional:-->
               <siri:Language>en</siri:Language>
               <!--You have a CHOICE of the next 2 items at this level-->
               <siri:WgsDecimalDegrees>?</siri:WgsDecimalDegrees>
               <siri:GmlCoordinateFormat>?</siri:GmlCoordinateFormat>
               <!--Optional:-->
               <siri:DistanceUnits>?</siri:DistanceUnits>
               <!--Optional:-->
               <siri:VelocityUnits>?</siri:VelocityUnits>
               <!--Optional:-->
               <siri:DataHorizon>?</siri:DataHorizon>
               <!--Optional:-->
               <siri:RequestTimeout>?</siri:RequestTimeout>
               <!--Optional:-->
               <siri:DeliveryMethod>direct</siri:DeliveryMethod>
               <!--Optional:-->
               <siri:MultipartDespatch>?</siri:MultipartDespatch>
               <!--Optional:-->
               <siri:ConfirmDelivery>false</siri:ConfirmDelivery>
               <!--Optional:-->
               <siri:MaximimumNumberOfSubscriptions>?</siri:MaximimumNumberOfSubscriptions>
               <!--Optional:-->
               <siri:AllowedPredictors>anyone</siri:AllowedPredictors>
               <!--Optional:-->
               <siri:PredictionFunction>?</siri:PredictionFunction>
            </siri:ServiceRequestContext>
            <siri:RequestTimestamp>?</siri:RequestTimestamp>
            <!--Optional:-->
            <siri:AccountId>?</siri:AccountId>
            <!--Optional:-->
            <siri:AccountKey>?</siri:AccountKey>
            <!--Optional:-->
            <siri:Address>?</siri:Address>
            <siri:RequestorRef>?</siri:RequestorRef>
            <!--Optional:-->
            <siri:MessageIdentifier>?</siri:MessageIdentifier>
            <!--Optional:-->
            <siri:DelegatorAddress>?</siri:DelegatorAddress>
            <!--Optional:-->
            <siri:DelegatorRef>?</siri:DelegatorRef>
         </ServiceRequestInfo>
         <Request version="2.0">
            <siri:RequestTimestamp>?</siri:RequestTimestamp>
            <!--Optional:-->
            <siri:MessageIdentifier>?</siri:MessageIdentifier>
            <!--Optional:-->
            <siri:DepartureWindow>
               <siri:StartTime>?</siri:StartTime>
               <siri:EndTime>?</siri:EndTime>
            </siri:DepartureWindow>
            <siri:MonitoringRef>?</siri:MonitoringRef>
            <!--Optional:-->
            <siri:LineRef>?</siri:LineRef>
            <!--Optional:-->
            <siri:DirectionRef>?</siri:DirectionRef>
            <!--Optional:-->
            <siri:Language>en</siri:Language>
            <!--Optional:-->
            <siri:IncludeTranslations>?</siri:IncludeTranslations>
            <!--Optional:-->
            <siri:Extensions>
               <!--You may enter ANY elements at this point-->
            </siri:Extensions>
         </Request>
         <RequestExtension>
            <!--You may enter ANY elements at this point-->
         </RequestExtension>
      </wsdl:GetStopTimetable>
   </soapenv:Body>
</soapenv:Envelope>]]></con:request><con:wsaConfig mustUnderstand="NONE" version="200508" action="GetStopTimetable"/></con:call></con:operation><con:operation isOneWay="false" action="GetVehicleMonitoring" name="GetVehicleMonitoring" bindingOperationName="GetVehicleMonitoring" type="Request-Response" inputName="" receivesAttachments="false" sendsAttachments="false" anonymous="optional"><con:settings/><con:call name="Request 1"><con:settings/><con:encoding>UTF-8</con:encoding><con:endpoint>http://www.siri-service-location.com</con:endpoint><con:request><![CDATA[<soapenv:Envelope xmlns:soapenv="http://schemas.xmlsoap.org/soap/envelope/" xmlns:wsdl="http://wsdl.siri.org.uk" xmlns:siri="http://www.siri.org.uk/siri">
   <soapenv:Header/>
   <soapenv:Body>
      <wsdl:GetVehicleMonitoring>
         <ServiceRequestInfo>
            <!--Optional:-->
            <siri:ServiceRequestContext>
               <!--Optional:-->
               <siri:CheckStatusAddress>?</siri:CheckStatusAddress>
               <!--Optional:-->
               <siri:SubscribeAddress>?</siri:SubscribeAddress>
               <!--Optional:-->
               <siri:ManageSubscriptionAddress>?</siri:ManageSubscriptionAddress>
               <!--Optional:-->
               <siri:GetDataAddress>?</siri:GetDataAddress>
               <!--Optional:-->
               <siri:StatusResponseAddress>?</siri:StatusResponseAddress>
               <!--Optional:-->
               <siri:SubscriberAddress>?</siri:SubscriberAddress>
               <!--Optional:-->
               <siri:NotifyAddress>?</siri:NotifyAddress>
               <!--Optional:-->
               <siri:ConsumerAddress>?</siri:ConsumerAddress>
               <!--Optional:-->
               <siri:DataNameSpaces>
                  <!--Optional:-->
                  <siri:StopPointNameSpace>?</siri:StopPointNameSpace>
                  <!--Optional:-->
                  <siri:LineNameSpace>?</siri:LineNameSpace>
                  <!--Optional:-->
                  <siri:ProductCategoryNameSpace>?</siri:ProductCategoryNameSpace>
                  <!--Optional:-->
                  <siri:ServiceFeatureNameSpace>?</siri:ServiceFeatureNameSpace>
                  <!--Optional:-->
                  <siri:VehicleFeatureNameSpace>?</siri:VehicleFeatureNameSpace>
               </siri:DataNameSpaces>
               <!--Optional:-->
               <siri:Language>en</siri:Language>
               <!--You have a CHOICE of the next 2 items at this level-->
               <siri:WgsDecimalDegrees>?</siri:WgsDecimalDegrees>
               <siri:GmlCoordinateFormat>?</siri:GmlCoordinateFormat>
               <!--Optional:-->
               <siri:DistanceUnits>?</siri:DistanceUnits>
               <!--Optional:-->
               <siri:VelocityUnits>?</siri:VelocityUnits>
               <!--Optional:-->
               <siri:DataHorizon>?</siri:DataHorizon>
               <!--Optional:-->
               <siri:RequestTimeout>?</siri:RequestTimeout>
               <!--Optional:-->
               <siri:DeliveryMethod>direct</siri:DeliveryMethod>
               <!--Optional:-->
               <siri:MultipartDespatch>?</siri:MultipartDespatch>
               <!--Optional:-->
               <siri:ConfirmDelivery>false</siri:ConfirmDelivery>
               <!--Optional:-->
               <siri:MaximimumNumberOfSubscriptions>?</siri:MaximimumNumberOfSubscriptions>
               <!--Optional:-->
               <siri:AllowedPredictors>anyone</siri:AllowedPredictors>
               <!--Optional:-->
               <siri:PredictionFunction>?</siri:PredictionFunction>
            </siri:ServiceRequestContext>
            <siri:RequestTimestamp>?</siri:RequestTimestamp>
            <!--Optional:-->
            <siri:AccountId>?</siri:AccountId>
            <!--Optional:-->
            <siri:AccountKey>?</siri:AccountKey>
            <!--Optional:-->
            <siri:Address>?</siri:Address>
            <siri:RequestorRef>?</siri:RequestorRef>
            <!--Optional:-->
            <siri:MessageIdentifier>?</siri:MessageIdentifier>
            <!--Optional:-->
            <siri:DelegatorAddress>?</siri:DelegatorAddress>
            <!--Optional:-->
            <siri:DelegatorRef>?</siri:DelegatorRef>
         </ServiceRequestInfo>
         <Request version="2.0">
            <siri:RequestTimestamp>?</siri:RequestTimestamp>
            <!--Optional:-->
            <siri:MessageIdentifier>?</siri:MessageIdentifier>
            <!--Optional:-->
            <siri:VehicleMonitoringRef>?</siri:VehicleMonitoringRef>
            <!--You have a CHOICE of the next 2 items at this level-->
            <siri:VehicleRef>?</siri:VehicleRef>
            <siri:LineRef>?</siri:LineRef>
            <!--Optional:-->
            <siri:DirectionRef>?</siri:DirectionRef>
            <!--Optional:-->
            <siri:Language>en</siri:Language>
            <!--Optional:-->
            <siri:IncludeTranslations>?</siri:IncludeTranslations>
            <!--Optional:-->
            <siri:MaximumVehicles>?</siri:MaximumVehicles>
            <!--Optional:-->
            <siri:VehicleMonitoringDetailLevel>?</siri:VehicleMonitoringDetailLevel>
            <!--Optional:-->
            <siri:MaximumNumberOfCalls>
               <!--Optional:-->
               <siri:Previous>?</siri:Previous>
               <!--Optional:-->
               <siri:Onwards>?</siri:Onwards>
            </siri:MaximumNumberOfCalls>
            <!--Optional:-->
            <siri:IncludeSituations>?</siri:IncludeSituations>
            <!--Optional:-->
            <siri:Extensions>
               <!--You may enter ANY elements at this point-->
            </siri:Extensions>
         </Request>
         <RequestExtension>
            <!--You may enter ANY elements at this point-->
         </RequestExtension>
      </wsdl:GetVehicleMonitoring>
   </soapenv:Body>
</soapenv:Envelope>]]></con:request><con:wsaConfig mustUnderstand="NONE" version="200508" action="GetVehicleMonitoring"/></con:call></con:operation><con:operation isOneWay="false" action="LinesDiscovery" name="LinesDiscovery" bindingOperationName="LinesDiscovery" type="Request-Response" inputName="" receivesAttachments="false" sendsAttachments="false" anonymous="optional"><con:settings/><con:call name="Request 1"><con:settings/><con:encoding>UTF-8</con:encoding><con:endpoint>http://www.siri-service-location.com</con:endpoint><con:request><![CDATA[<soapenv:Envelope xmlns:soapenv="http://schemas.xmlsoap.org/soap/envelope/" xmlns:wsdl="http://wsdl.siri.org.uk" xmlns:siri="http://www.siri.org.uk/siri">
   <soapenv:Header/>
   <soapenv:Body>
      <wsdl:LinesDiscovery>
         <Request version="2.0">
            <siri:RequestTimestamp>?</siri:RequestTimestamp>
            <!--Optional:-->
            <siri:AccountId>?</siri:AccountId>
            <!--Optional:-->
            <siri:AccountKey>?</siri:AccountKey>
            <!--Optional:-->
            <siri:Address>?</siri:Address>
            <siri:RequestorRef>?</siri:RequestorRef>
            <!--Optional:-->
            <siri:MessageIdentifier>?</siri:MessageIdentifier>
            <!--You have a CHOICE of the next 4 items at this level-->
            <siri:BoundingBox>
               <siri:UpperLeft id="?" srsName="?">
                  <!--You have a CHOICE of the next 2 items at this level-->
                  <siri:Longitude>?</siri:Longitude>
                  <siri:Latitude>?</siri:Latitude>
                  <siri:Coordinates>?</siri:Coordinates>
                  <!--Optional:-->
                  <siri:Precision>?</siri:Precision>
               </siri:UpperLeft>
               <siri:LowerRight id="?" srsName="?">
                  <!--You have a CHOICE of the next 2 items at this level-->
                  <siri:Longitude>?</siri:Longitude>
                  <siri:Latitude>?</siri:Latitude>
                  <siri:Coordinates>?</siri:Coordinates>
                  <!--Optional:-->
                  <siri:Precision>?</siri:Precision>
               </siri:LowerRight>
            </siri:BoundingBox>
            <siri:Circle id="?" srsName="?">
               <!--You have a CHOICE of the next 2 items at this level-->
               <siri:Longitude>?</siri:Longitude>
               <siri:Latitude>?</siri:Latitude>
               <siri:Coordinates>?</siri:Coordinates>
               <!--Optional:-->
               <siri:Precision>?</siri:Precision>
            </siri:Circle>
            <siri:PlaceRef>?</siri:PlaceRef>
            <siri:LineDirectionRef>
               <siri:LineRef>?</siri:LineRef>
               <!--Optional:-->
               <siri:DirectionRef>?</siri:DirectionRef>
            </siri:LineDirectionRef>
            <!--Optional:-->
            <siri:OperatorRef>?</siri:OperatorRef>
            <!--Optional:-->
            <siri:Language>en</siri:Language>
            <!--Optional:-->
            <siri:LinesDetailLevel>normal</siri:LinesDetailLevel>
         </Request>
         <RequestExtension>
            <!--You may enter ANY elements at this point-->
         </RequestExtension>
      </wsdl:LinesDiscovery>
   </soapenv:Body>
</soapenv:Envelope>]]></con:request><con:wsaConfig mustUnderstand="NONE" version="200508" action="LinesDiscovery"/></con:call></con:operation><con:operation isOneWay="false" action="StopPointsDiscovery" name="StopPointsDiscovery" bindingOperationName="StopPointsDiscovery" type="Request-Response" inputName="" receivesAttachments="false" sendsAttachments="false" anonymous="optional"><con:settings/><con:call name="Request 1"><con:settings/><con:encoding>UTF-8</con:encoding><con:endpoint>http://www.siri-service-location.com</con:endpoint><con:request><![CDATA[<soapenv:Envelope xmlns:soapenv="http://schemas.xmlsoap.org/soap/envelope/" xmlns:wsdl="http://wsdl.siri.org.uk" xmlns:siri="http://www.siri.org.uk/siri">
   <soapenv:Header/>
   <soapenv:Body>
      <wsdl:StopPointsDiscovery>
         <Request version="2.0">
            <siri:RequestTimestamp>?</siri:RequestTimestamp>
            <!--Optional:-->
            <siri:AccountId>?</siri:AccountId>
            <!--Optional:-->
            <siri:AccountKey>?</siri:AccountKey>
            <!--Optional:-->
            <siri:Address>?</siri:Address>
            <siri:RequestorRef>?</siri:RequestorRef>
            <!--Optional:-->
            <siri:MessageIdentifier>?</siri:MessageIdentifier>
            <!--You have a CHOICE of the next 3 items at this level-->
            <!--Optional:-->
            <siri:BoundingBox>
               <siri:UpperLeft id="?" srsName="?">
                  <!--You have a CHOICE of the next 2 items at this level-->
                  <siri:Longitude>?</siri:Longitude>
                  <siri:Latitude>?</siri:Latitude>
                  <siri:Coordinates>?</siri:Coordinates>
                  <!--Optional:-->
                  <siri:Precision>?</siri:Precision>
               </siri:UpperLeft>
               <siri:LowerRight id="?" srsName="?">
                  <!--You have a CHOICE of the next 2 items at this level-->
                  <siri:Longitude>?</siri:Longitude>
                  <siri:Latitude>?</siri:Latitude>
                  <siri:Coordinates>?</siri:Coordinates>
                  <!--Optional:-->
                  <siri:Precision>?</siri:Precision>
               </siri:LowerRight>
            </siri:BoundingBox>
            <!--Optional:-->
            <siri:Circle id="?" srsName="?">
               <!--You have a CHOICE of the next 2 items at this level-->
               <siri:Longitude>?</siri:Longitude>
               <siri:Latitude>?</siri:Latitude>
               <siri:Coordinates>?</siri:Coordinates>
               <!--Optional:-->
               <siri:Precision>?</siri:Precision>
            </siri:Circle>
            <!--Optional:-->
            <siri:PlaceRef>?</siri:PlaceRef>
            <!--Optional:-->
            <siri:OperatorRef>?</siri:OperatorRef>
            <!--Optional:-->
            <siri:LineRef>?</siri:LineRef>
            <!--Optional:-->
            <siri:Language>en</siri:Language>
            <!--Optional:-->
            <siri:StopPointsDetailLevel>normal</siri:StopPointsDetailLevel>
         </Request>
         <RequestExtension>
            <!--You may enter ANY elements at this point-->
         </RequestExtension>
      </wsdl:StopPointsDiscovery>
   </soapenv:Body>
</soapenv:Envelope>]]></con:request><con:wsaConfig mustUnderstand="NONE" version="200508" action="StopPointsDiscovery"/></con:call></con:operation><con:operation isOneWay="false" action="Subscribe" name="Subscribe" bindingOperationName="Subscribe" type="Request-Response" inputName="" receivesAttachments="false" sendsAttachments="false" anonymous="optional"><con:settings/><con:call name="Request 1"><con:settings/><con:encoding>UTF-8</con:encoding><con:endpoint>http://www.siri-service-location.com</con:endpoint><con:request><![CDATA[<soapenv:Envelope xmlns:soapenv="http://schemas.xmlsoap.org/soap/envelope/" xmlns:wsdl="http://wsdl.siri.org.uk" xmlns:siri="http://www.siri.org.uk/siri" xmlns:acsb="http://www.ifopt.org.uk/acsb">
   <soapenv:Header/>
   <soapenv:Body>
      <wsdl:Subscribe>
         <SubscriptionRequestInfo>
            <siri:RequestTimestamp>?</siri:RequestTimestamp>
            <!--Optional:-->
            <siri:AccountId>?</siri:AccountId>
            <!--Optional:-->
            <siri:AccountKey>?</siri:AccountKey>
            <!--Optional:-->
            <siri:Address>?</siri:Address>
            <siri:RequestorRef>?</siri:RequestorRef>
            <!--Optional:-->
            <siri:MessageIdentifier>?</siri:MessageIdentifier>
            <!--Optional:-->
            <siri:DelegatorAddress>?</siri:DelegatorAddress>
            <!--Optional:-->
            <siri:DelegatorRef>?</siri:DelegatorRef>
            <!--Optional:-->
            <siri:ConsumerAddress>?</siri:ConsumerAddress>
            <!--Optional:-->
            <siri:SubscriptionFilterIdentifier>?</siri:SubscriptionFilterIdentifier>
            <!--Optional:-->
            <siri:SubscriptionContext>
               <!--Optional:-->
               <siri:HeartbeatInterval>?</siri:HeartbeatInterval>
            </siri:SubscriptionContext>
         </SubscriptionRequestInfo>
         <Request>
            <!--You have a CHOICE of the next 10 items at this level-->
            <!--1 or more repetitions:-->
            <siri:ProductionTimetableSubscriptionRequest>
               <!--Optional:-->
               <siri:SubscriberRef>?</siri:SubscriberRef>
               <siri:SubscriptionIdentifier>?</siri:SubscriptionIdentifier>
               <siri:InitialTerminationTime>?</siri:InitialTerminationTime>
               <siri:ProductionTimetableRequest version="2.0">
                  <siri:RequestTimestamp>?</siri:RequestTimestamp>
                  <!--Optional:-->
                  <siri:MessageIdentifier>?</siri:MessageIdentifier>
                  <!--Optional:-->
                  <siri:ValidityPeriod>
                     <siri:StartTime>?</siri:StartTime>
                     <siri:EndTime>?</siri:EndTime>
                  </siri:ValidityPeriod>
                  <!--Optional:-->
                  <siri:TimetableVersionRef>?</siri:TimetableVersionRef>
                  <!--Zero or more repetitions:-->
                  <siri:OperatorRef>?</siri:OperatorRef>
                  <!--Optional:-->
                  <siri:Lines>
                     <!--1 or more repetitions:-->
                     <siri:LineDirection>
                        <siri:LineRef>?</siri:LineRef>
                        <!--Optional:-->
                        <siri:DirectionRef>?</siri:DirectionRef>
                     </siri:LineDirection>
                  </siri:Lines>
                  <!--Optional:-->
                  <siri:Language>en</siri:Language>
                  <!--Optional:-->
                  <siri:IncludeTranslations>?</siri:IncludeTranslations>
                  <!--Optional:-->
                  <siri:IncrementalUpdates>false</siri:IncrementalUpdates>
                  <!--Optional:-->
                  <siri:Extensions>
                     <!--You may enter ANY elements at this point-->
                  </siri:Extensions>
               </siri:ProductionTimetableRequest>
               <!--Optional:-->
               <siri:IncrementalUpdates>false</siri:IncrementalUpdates>
               <!--Optional:-->
               <siri:Extensions>
                  <!--You may enter ANY elements at this point-->
               </siri:Extensions>
            </siri:ProductionTimetableSubscriptionRequest>
            <!--1 or more repetitions:-->
            <siri:EstimatedTimetableSubscriptionRequest>
               <!--Optional:-->
               <siri:SubscriberRef>?</siri:SubscriberRef>
               <siri:SubscriptionIdentifier>?</siri:SubscriptionIdentifier>
               <siri:InitialTerminationTime>?</siri:InitialTerminationTime>
               <siri:EstimatedTimetableRequest version="2.0">
                  <siri:RequestTimestamp>?</siri:RequestTimestamp>
                  <!--Optional:-->
                  <siri:MessageIdentifier>?</siri:MessageIdentifier>
                  <!--Optional:-->
                  <siri:PreviewInterval>?</siri:PreviewInterval>
                  <!--Optional:-->
                  <siri:TimetableVersionRef>?</siri:TimetableVersionRef>
                  <!--Zero or more repetitions:-->
                  <siri:OperatorRef>?</siri:OperatorRef>
                  <!--Optional:-->
                  <siri:Lines>
                     <!--1 or more repetitions:-->
                     <siri:LineDirection>
                        <siri:LineRef>?</siri:LineRef>
                        <!--Optional:-->
                        <siri:DirectionRef>?</siri:DirectionRef>
                     </siri:LineDirection>
                  </siri:Lines>
                  <!--Optional:-->
                  <siri:Language>en</siri:Language>
                  <!--Optional:-->
                  <siri:IncludeTranslations>?</siri:IncludeTranslations>
                  <!--Optional:-->
                  <siri:EstimatedTimetableDetailLevel>?</siri:EstimatedTimetableDetailLevel>
                  <!--Optional:-->
                  <siri:Extensions>
                     <!--You may enter ANY elements at this point-->
                  </siri:Extensions>
               </siri:EstimatedTimetableRequest>
               <!--Optional:-->
               <siri:IncrementalUpdates>true</siri:IncrementalUpdates>
               <!--Optional:-->
               <siri:ChangeBeforeUpdates>?</siri:ChangeBeforeUpdates>
               <!--Optional:-->
               <siri:Extensions>
                  <!--You may enter ANY elements at this point-->
               </siri:Extensions>
            </siri:EstimatedTimetableSubscriptionRequest>
            <!--1 or more repetitions:-->
            <siri:StopTimetableSubscriptionRequest>
               <!--Optional:-->
               <siri:SubscriberRef>?</siri:SubscriberRef>
               <siri:SubscriptionIdentifier>?</siri:SubscriptionIdentifier>
               <siri:InitialTerminationTime>?</siri:InitialTerminationTime>
               <siri:StopTimetableRequest version="2.0">
                  <siri:RequestTimestamp>?</siri:RequestTimestamp>
                  <!--Optional:-->
                  <siri:MessageIdentifier>?</siri:MessageIdentifier>
                  <!--Optional:-->
                  <siri:DepartureWindow>
                     <siri:StartTime>?</siri:StartTime>
                     <siri:EndTime>?</siri:EndTime>
                  </siri:DepartureWindow>
                  <siri:MonitoringRef>?</siri:MonitoringRef>
                  <!--Optional:-->
                  <siri:LineRef>?</siri:LineRef>
                  <!--Optional:-->
                  <siri:DirectionRef>?</siri:DirectionRef>
                  <!--Optional:-->
                  <siri:Language>en</siri:Language>
                  <!--Optional:-->
                  <siri:IncludeTranslations>?</siri:IncludeTranslations>
                  <!--Optional:-->
                  <siri:Extensions>
                     <!--You may enter ANY elements at this point-->
                  </siri:Extensions>
               </siri:StopTimetableRequest>
               <!--Optional:-->
               <siri:IncrementalUpdates>false</siri:IncrementalUpdates>
               <!--Optional:-->
               <siri:ChangeBeforeUpdates>?</siri:ChangeBeforeUpdates>
               <!--Optional:-->
               <siri:Extensions>
                  <!--You may enter ANY elements at this point-->
               </siri:Extensions>
            </siri:StopTimetableSubscriptionRequest>
            <!--1 or more repetitions:-->
            <siri:StopMonitoringSubscriptionRequest>
               <!--Optional:-->
               <siri:SubscriberRef>?</siri:SubscriberRef>
               <siri:SubscriptionIdentifier>?</siri:SubscriptionIdentifier>
               <siri:InitialTerminationTime>?</siri:InitialTerminationTime>
               <siri:StopMonitoringRequest version="2.0">
                  <siri:RequestTimestamp>?</siri:RequestTimestamp>
                  <!--Optional:-->
                  <siri:MessageIdentifier>?</siri:MessageIdentifier>
                  <!--Optional:-->
                  <siri:PreviewInterval>?</siri:PreviewInterval>
                  <!--Optional:-->
                  <siri:StartTime>?</siri:StartTime>
                  <siri:MonitoringRef>?</siri:MonitoringRef>
                  <!--Optional:-->
                  <siri:OperatorRef>?</siri:OperatorRef>
                  <!--Optional:-->
                  <siri:LineRef>?</siri:LineRef>
                  <!--Optional:-->
                  <siri:DirectionRef>?</siri:DirectionRef>
                  <!--Optional:-->
                  <siri:DestinationRef>?</siri:DestinationRef>
                  <!--Optional:-->
                  <siri:StopVisitTypes>all</siri:StopVisitTypes>
                  <!--Optional:-->
                  <siri:Language>false</siri:Language>
                  <!--Optional:-->
                  <siri:IncludeTranslations>?</siri:IncludeTranslations>
                  <!--Optional:-->
                  <siri:MaximumStopVisits>?</siri:MaximumStopVisits>
                  <!--You have a CHOICE of the next 2 items at this level-->
                  <!--Optional:-->
                  <siri:MinimumStopVisitsPerLine>?</siri:MinimumStopVisitsPerLine>
                  <!--Optional:-->
                  <siri:MinimumStopVisitsPerLineVia>?</siri:MinimumStopVisitsPerLineVia>
                  <!--Optional:-->
                  <siri:MaximumTextLength>30</siri:MaximumTextLength>
                  <!--Optional:-->
                  <siri:StopMonitoringDetailLevel>normal</siri:StopMonitoringDetailLevel>
                  <!--Optional:-->
                  <siri:IncludeSituations>?</siri:IncludeSituations>
                  <!--Optional:-->
                  <siri:MaximumNumberOfCalls>
                     <!--Optional:-->
                     <siri:Previous>?</siri:Previous>
                     <!--Optional:-->
                     <siri:Onwards>?</siri:Onwards>
                  </siri:MaximumNumberOfCalls>
                  <!--Optional:-->
                  <siri:Extensions>
                     <!--You may enter ANY elements at this point-->
                  </siri:Extensions>
               </siri:StopMonitoringRequest>
               <!--Optional:-->
               <siri:IncrementalUpdates>false</siri:IncrementalUpdates>
               <!--Optional:-->
               <siri:ChangeBeforeUpdates>?</siri:ChangeBeforeUpdates>
               <!--Optional:-->
               <siri:Extensions>
                  <!--You may enter ANY elements at this point-->
               </siri:Extensions>
            </siri:StopMonitoringSubscriptionRequest>
            <!--1 or more repetitions:-->
            <siri:VehicleMonitoringSubscriptionRequest>
               <!--Optional:-->
               <siri:SubscriberRef>?</siri:SubscriberRef>
               <siri:SubscriptionIdentifier>?</siri:SubscriptionIdentifier>
               <siri:InitialTerminationTime>?</siri:InitialTerminationTime>
               <siri:VehicleMonitoringRequest version="2.0">
                  <siri:RequestTimestamp>?</siri:RequestTimestamp>
                  <!--Optional:-->
                  <siri:MessageIdentifier>?</siri:MessageIdentifier>
                  <!--Optional:-->
                  <siri:VehicleMonitoringRef>?</siri:VehicleMonitoringRef>
                  <!--You have a CHOICE of the next 2 items at this level-->
                  <siri:VehicleRef>?</siri:VehicleRef>
                  <siri:LineRef>?</siri:LineRef>
                  <!--Optional:-->
                  <siri:DirectionRef>?</siri:DirectionRef>
                  <!--Optional:-->
                  <siri:Language>en</siri:Language>
                  <!--Optional:-->
                  <siri:IncludeTranslations>?</siri:IncludeTranslations>
                  <!--Optional:-->
                  <siri:MaximumVehicles>?</siri:MaximumVehicles>
                  <!--Optional:-->
                  <siri:VehicleMonitoringDetailLevel>?</siri:VehicleMonitoringDetailLevel>
                  <!--Optional:-->
                  <siri:MaximumNumberOfCalls>
                     <!--Optional:-->
                     <siri:Previous>?</siri:Previous>
                     <!--Optional:-->
                     <siri:Onwards>?</siri:Onwards>
                  </siri:MaximumNumberOfCalls>
                  <!--Optional:-->
                  <siri:IncludeSituations>?</siri:IncludeSituations>
                  <!--Optional:-->
                  <siri:Extensions>
                     <!--You may enter ANY elements at this point-->
                  </siri:Extensions>
               </siri:VehicleMonitoringRequest>
               <!--Optional:-->
               <siri:IncrementalUpdates>false</siri:IncrementalUpdates>
               <!--You have a CHOICE of the next 2 items at this level-->
               <!--Optional:-->
               <siri:ChangeBeforeUpdates>?</siri:ChangeBeforeUpdates>
               <!--Optional:-->
               <siri:UpdateInterval>?</siri:UpdateInterval>
               <!--Optional:-->
               <siri:Extensions>
                  <!--You may enter ANY elements at this point-->
               </siri:Extensions>
            </siri:VehicleMonitoringSubscriptionRequest>
            <!--1 or more repetitions:-->
            <siri:ConnectionTimetableSubscriptionRequest>
               <!--Optional:-->
               <siri:SubscriberRef>?</siri:SubscriberRef>
               <siri:SubscriptionIdentifier>?</siri:SubscriptionIdentifier>
               <siri:InitialTerminationTime>?</siri:InitialTerminationTime>
               <siri:ConnectionTimetableRequest version="2.0">
                  <siri:RequestTimestamp>?</siri:RequestTimestamp>
                  <!--Optional:-->
                  <siri:MessageIdentifier>?</siri:MessageIdentifier>
                  <!--Optional:-->
                  <siri:ArrivalWindow>
                     <siri:StartTime>?</siri:StartTime>
                     <siri:EndTime>?</siri:EndTime>
                  </siri:ArrivalWindow>
                  <siri:ConnectionLinkRef>?</siri:ConnectionLinkRef>
                  <!--Optional:-->
                  <siri:LineRef>?</siri:LineRef>
                  <!--Optional:-->
                  <siri:DirectionRef>?</siri:DirectionRef>
                  <!--Optional:-->
                  <siri:Language>en</siri:Language>
                  <!--Optional:-->
                  <siri:IncludeTranslations>?</siri:IncludeTranslations>
                  <!--Optional:-->
                  <siri:Extensions>
                     <!--You may enter ANY elements at this point-->
                  </siri:Extensions>
               </siri:ConnectionTimetableRequest>
               <!--Optional:-->
               <siri:Extensions>
                  <!--You may enter ANY elements at this point-->
               </siri:Extensions>
            </siri:ConnectionTimetableSubscriptionRequest>
            <!--1 or more repetitions:-->
            <siri:ConnectionMonitoringSubscriptionRequest>
               <!--Optional:-->
               <siri:SubscriberRef>?</siri:SubscriberRef>
               <siri:SubscriptionIdentifier>?</siri:SubscriptionIdentifier>
               <siri:InitialTerminationTime>?</siri:InitialTerminationTime>
               <siri:ConnectionMonitoringRequest version="2.0">
                  <siri:RequestTimestamp>?</siri:RequestTimestamp>
                  <!--Optional:-->
                  <siri:MessageIdentifier>?</siri:MessageIdentifier>
                  <!--Optional:-->
                  <siri:PreviewInterval>?</siri:PreviewInterval>
                  <siri:ConnectionLinkRef>?</siri:ConnectionLinkRef>
                  <!--You have a CHOICE of the next 2 items at this level-->
                  <siri:ConnectingTimeFilter>
                     <siri:LineRef>?</siri:LineRef>
                     <siri:DirectionRef>?</siri:DirectionRef>
                     <!--Optional:-->
                     <siri:EarliestArrivalTime>?</siri:EarliestArrivalTime>
                     <!--Optional:-->
                     <siri:LatestArrivalTime>?</siri:LatestArrivalTime>
                  </siri:ConnectingTimeFilter>
                  <!--1 or more repetitions:-->
                  <siri:ConnectingJourneyFilter>
                     <siri:DatedVehicleJourneyRef>?</siri:DatedVehicleJourneyRef>
                     <!--Optional:-->
                     <siri:VisitNumber>?</siri:VisitNumber>
                     <siri:TimetabledArrivalTime>?</siri:TimetabledArrivalTime>
                  </siri:ConnectingJourneyFilter>
                  <!--Optional:-->
                  <siri:Language>en</siri:Language>
                  <!--Optional:-->
                  <siri:IncludeTranslations>?</siri:IncludeTranslations>
                  <!--Optional:-->
                  <siri:ConnectionMonitoringDetailLevel>?</siri:ConnectionMonitoringDetailLevel>
                  <!--Optional:-->
                  <siri:Extensions>
                     <!--You may enter ANY elements at this point-->
                  </siri:Extensions>
               </siri:ConnectionMonitoringRequest>
               <!--Optional:-->
               <siri:ChangeBeforeUpdates>?</siri:ChangeBeforeUpdates>
               <!--Optional:-->
               <siri:Extensions>
                  <!--You may enter ANY elements at this point-->
               </siri:Extensions>
            </siri:ConnectionMonitoringSubscriptionRequest>
            <!--1 or more repetitions:-->
            <siri:GeneralMessageSubscriptionRequest>
               <!--Optional:-->
               <siri:SubscriberRef>?</siri:SubscriberRef>
               <siri:SubscriptionIdentifier>?</siri:SubscriptionIdentifier>
               <siri:InitialTerminationTime>?</siri:InitialTerminationTime>
               <siri:GeneralMessageRequest version="2.0">
                  <siri:RequestTimestamp>?</siri:RequestTimestamp>
                  <!--Optional:-->
                  <siri:MessageIdentifier>?</siri:MessageIdentifier>
                  <!--Zero or more repetitions:-->
                  <siri:InfoChannelRef>?</siri:InfoChannelRef>
                  <!--Optional:-->
                  <siri:Language>en</siri:Language>
                  <!--Optional:-->
                  <siri:Extensions>
                     <!--You may enter ANY elements at this point-->
                  </siri:Extensions>
               </siri:GeneralMessageRequest>
               <!--Optional:-->
               <siri:Extensions>
                  <!--You may enter ANY elements at this point-->
               </siri:Extensions>
            </siri:GeneralMessageSubscriptionRequest>
            <!--1 or more repetitions:-->
            <siri:FacilityMonitoringSubscriptionRequest>
               <!--Optional:-->
               <siri:SubscriberRef>?</siri:SubscriberRef>
               <siri:SubscriptionIdentifier>?</siri:SubscriptionIdentifier>
               <siri:InitialTerminationTime>?</siri:InitialTerminationTime>
               <siri:FacilityMonitoringRequest version="2.0">
                  <siri:RequestTimestamp>?</siri:RequestTimestamp>
                  <!--Optional:-->
                  <siri:MessageIdentifier>?</siri:MessageIdentifier>
                  <!--Optional:-->
                  <siri:PreviewInterval>?</siri:PreviewInterval>
                  <!--Optional:-->
                  <siri:StartTime>?</siri:StartTime>
                  <!--Zero or more repetitions:-->
                  <siri:FacilityRef>?</siri:FacilityRef>
                  <!--Optional:-->
                  <siri:FeatureRef>?</siri:FeatureRef>
                  <!--Optional:-->
                  <siri:LineRef>?</siri:LineRef>
                  <!--Optional:-->
                  <siri:StopPointRef>?</siri:StopPointRef>
                  <!--Optional:-->
                  <siri:ConnectionLinkRef>?</siri:ConnectionLinkRef>
                  <!--You have a CHOICE of the next 2 items at this level-->
                  <siri:FramedVehicleJourneyRef>
                     <siri:DataFrameRef>?</siri:DataFrameRef>
                     <siri:DatedVehicleJourneyRef>?</siri:DatedVehicleJourneyRef>
                  </siri:FramedVehicleJourneyRef>
                  <siri:VehicleJourneyRef>?</siri:VehicleJourneyRef>
                  <!--Optional:-->
                  <siri:InterchangeRef>?</siri:InterchangeRef>
                  <!--Optional:-->
                  <siri:VehicleRef>?</siri:VehicleRef>
                  <!--Optional:-->
                  <siri:StopPlaceRef>?</siri:StopPlaceRef>
                  <!--Optional:-->
                  <siri:StopPlaceComponentRef>?</siri:StopPlaceComponentRef>
                  <!--Zero or more repetitions:-->
                  <siri:AccessibilityNeedsFilter>
                     <!--1 or more repetitions:-->
                     <siri:UserNeed>
                        <!--You have a CHOICE of the next 4 items at this level-->
                        <acsb:MobilityNeed>?</acsb:MobilityNeed>
                        <acsb:PsychosensoryNeed>?</acsb:PsychosensoryNeed>
                        <acsb:MedicalNeed>?</acsb:MedicalNeed>
                        <acsb:EncumbranceNeed>?</acsb:EncumbranceNeed>
                        <!--Optional:-->
                        <acsb:Excluded>?</acsb:Excluded>
                        <!--Optional:-->
                        <acsb:NeedRanking>?</acsb:NeedRanking>
                        <!--Optional:-->
                        <acsb:Extensions>?</acsb:Extensions>
                     </siri:UserNeed>
                  </siri:AccessibilityNeedsFilter>
                  <!--Optional:-->
                  <siri:Language>en</siri:Language>
                  <!--Optional:-->
                  <siri:IncludeTranslations>?</siri:IncludeTranslations>
                  <!--Optional:-->
                  <siri:MaximumNumberOfFacilityConditions>?</siri:MaximumNumberOfFacilityConditions>
                  <!--Optional:-->
                  <siri:Extensions>
                     <!--You may enter ANY elements at this point-->
                  </siri:Extensions>
               </siri:FacilityMonitoringRequest>
               <!--Optional:-->
               <siri:IncrementalUpdates>false</siri:IncrementalUpdates>
               <!--Optional:-->
               <siri:Extensions>
                  <!--You may enter ANY elements at this point-->
               </siri:Extensions>
            </siri:FacilityMonitoringSubscriptionRequest>
            <!--1 or more repetitions:-->
            <siri:SituationExchangeSubscriptionRequest>
               <!--Optional:-->
               <siri:SubscriberRef>?</siri:SubscriberRef>
               <siri:SubscriptionIdentifier>?</siri:SubscriptionIdentifier>
               <siri:InitialTerminationTime>?</siri:InitialTerminationTime>
               <siri:SituationExchangeRequest version="2.0">
                  <siri:RequestTimestamp>?</siri:RequestTimestamp>
                  <!--Optional:-->
                  <siri:MessageIdentifier>?</siri:MessageIdentifier>
                  <!--Optional:-->
                  <siri:PreviewInterval>?</siri:PreviewInterval>
                  <!--Optional:-->
                  <siri:StartTime>?</siri:StartTime>
                  <!--Optional:-->
                  <siri:VehicleMode>unknown</siri:VehicleMode>
                  <!--You have a CHOICE of the next 7 items at this level-->
                  <siri:AirSubmode>unknown</siri:AirSubmode>
                  <siri:BusSubmode>unknown</siri:BusSubmode>
                  <siri:CoachSubmode>unknown</siri:CoachSubmode>
                  <siri:MetroSubmode>unknown</siri:MetroSubmode>
                  <siri:RailSubmode>unknown</siri:RailSubmode>
                  <siri:TramSubmode>unknown</siri:TramSubmode>
                  <siri:WaterSubmode>unknown</siri:WaterSubmode>
                  <!--Optional:-->
                  <siri:AccessMode>?</siri:AccessMode>
                  <!--Optional:-->
                  <siri:Severity>?</siri:Severity>
                  <!--Zero or more repetitions:-->
                  <siri:Scope>?</siri:Scope>
                  <!--Optional:-->
                  <siri:Predictability>?</siri:Predictability>
                  <!--Optional:-->
                  <siri:Keywords>?</siri:Keywords>
                  <!--Optional:-->
                  <siri:Verification>?</siri:Verification>
                  <!--Zero or more repetitions:-->
                  <siri:Progress>open</siri:Progress>
                  <!--Optional:-->
                  <siri:Reality>?</siri:Reality>
                  <!--Optional:-->
                  <siri:OperatorRef>?</siri:OperatorRef>
                  <!--Zero or more repetitions:-->
                  <siri:OperationalUnitRef>?</siri:OperationalUnitRef>
                  <!--Optional:-->
                  <siri:NetworkRef>?</siri:NetworkRef>
                  <!--Zero or more repetitions:-->
                  <siri:LineRef>?</siri:LineRef>
                  <!--Optional:-->
                  <siri:StopPointRef>?</siri:StopPointRef>
                  <!--Zero or more repetitions:-->
                  <siri:ConnectionLinkRef>?</siri:ConnectionLinkRef>
                  <!--Zero or more repetitions:-->
                  <siri:FacilityRef>?</siri:FacilityRef>
                  <!--Optional:-->
                  <siri:StopPlaceRef>?</siri:StopPlaceRef>
                  <!--You have a CHOICE of the next 2 items at this level-->
                  <siri:FramedVehicleJourneyRef>
                     <siri:DataFrameRef>?</siri:DataFrameRef>
                     <siri:DatedVehicleJourneyRef>?</siri:DatedVehicleJourneyRef>
                  </siri:FramedVehicleJourneyRef>
                  <siri:VehicleJourneyRef>?</siri:VehicleJourneyRef>
                  <!--Optional:-->
                  <siri:InterchangeRef>?</siri:InterchangeRef>
                  <!--Optional:-->
                  <siri:VehicleRef>?</siri:VehicleRef>
                  <!--Optional:-->
                  <siri:CountryRef>?</siri:CountryRef>
                  <!--Optional:-->
                  <siri:PlaceRef>?</siri:PlaceRef>
                  <!--0 to 2 repetitions:-->
                  <siri:Location id="?" srsName="?">
                     <!--You have a CHOICE of the next 2 items at this level-->
                     <siri:Longitude>?</siri:Longitude>
                     <siri:Latitude>?</siri:Latitude>
                     <siri:Coordinates>?</siri:Coordinates>
                     <!--Optional:-->
                     <siri:Precision>?</siri:Precision>
                  </siri:Location>
                  <!--Optional:-->
                  <siri:SituationRoadFilter>
                     <!--1 or more repetitions:-->
                     <siri:RoadFilter>
                        <!--Optional:-->
                        <siri:roadNumber>?</siri:roadNumber>
                        <!--Optional:-->
                        <siri:directionBound>?</siri:directionBound>
                        <!--Optional:-->
                        <siri:referencePointIdentifier>?</siri:referencePointIdentifier>
                     </siri:RoadFilter>
                  </siri:SituationRoadFilter>
                  <!--Zero or more repetitions:-->
                  <siri:AccessibilityNeedFilter>
                     <!--Zero or more repetitions:-->
                     <acsb:UserNeed>
                        <!--You have a CHOICE of the next 4 items at this level-->
                        <acsb:MobilityNeed>?</acsb:MobilityNeed>
                        <acsb:PsychosensoryNeed>?</acsb:PsychosensoryNeed>
                        <acsb:MedicalNeed>?</acsb:MedicalNeed>
                        <acsb:EncumbranceNeed>?</acsb:EncumbranceNeed>
                        <!--Optional:-->
                        <acsb:Excluded>?</acsb:Excluded>
                        <!--Optional:-->
                        <acsb:NeedRanking>?</acsb:NeedRanking>
                        <!--Optional:-->
                        <acsb:Extensions>?</acsb:Extensions>
                     </acsb:UserNeed>
                     <!--Optional:-->
                     <acsb:AccompaniedByCarer>?</acsb:AccompaniedByCarer>
                  </siri:AccessibilityNeedFilter>
                  <!--Optional:-->
                  <siri:Language>en</siri:Language>
                  <!--Optional:-->
                  <siri:IncludeTranslations>?</siri:IncludeTranslations>
                  <!--Optional:-->
                  <siri:MaximumNumberOfSituationElements>?</siri:MaximumNumberOfSituationElements>
                  <!--Optional:-->
                  <siri:Extensions>
                     <!--You may enter ANY elements at this point-->
                  </siri:Extensions>
               </siri:SituationExchangeRequest>
               <!--Optional:-->
               <siri:IncrementalUpdates>false</siri:IncrementalUpdates>
               <!--Optional:-->
               <siri:Extensions>
                  <!--You may enter ANY elements at this point-->
               </siri:Extensions>
            </siri:SituationExchangeSubscriptionRequest>
         </Request>
         <RequestExtension>
            <!--You may enter ANY elements at this point-->
         </RequestExtension>
      </wsdl:Subscribe>
   </soapenv:Body>
</soapenv:Envelope>]]></con:request><con:wsaConfig mustUnderstand="NONE" version="200508" action="Subscribe"/></con:call></con:operation></con:interface><con:mockService port="8080" path="/Test" host="localhost" name="Test" bindToHostOnly="false" docroot=""><con:settings><con:setting id="com.eviware.soapui.impl.wsdl.mock.WsdlMockService@require-soap-action">false</con:setting></con:settings><con:mockOperation name="GetSiriService" interface="SiriProducerRpcBinding" operation="GetSiriService"><con:settings/><con:dispatchStyle>SEQUENCE</con:dispatchStyle><con:defaultResponse>Response 1</con:defaultResponse><con:response name="Response 1" encoding="UTF-8"><con:settings/><con:responseContent><![CDATA[<soap:Envelope xmlns:soap="http://schemas.xmlsoap.org/soap/envelope/">
   <soap:Body>
      <ns6:GetSiriServiceResponse xmlns:ns2="http://www.ifopt.org.uk/acsb" xmlns:ns3="http://www.ifopt.org.uk/ifopt" xmlns:ns4="http://datex2.eu/schema/2_0RC1/2_0" xmlns:ns5="http://www.siri.org.uk/siri" xmlns:ns6="http://wsdl.siri.org.uk" xmlns:ns7="http://wsdl.siri.org.uk/siri">
        <Answer> 
         <ns5:ResponseTimestamp>2014-09-29T15:59:52.814+02:00</ns5:ResponseTimestamp>
         <ns5:ProducerRef>SNCF-ACCES</ns5:ProducerRef>
         <ns5:ResponseMessageIdentifier>SNCF-ACCES:ResponseMessage::6350d1a2-c23e-4e98-ad0b-8527eb67e577:LOC</ns5:ResponseMessageIdentifier>
         <ns5:RequestMessageRef>RELAIS:Message::0e2f6cec-fc06-4183-b0ac-76b807d3cf1a:LOC</ns5:RequestMessageRef>
         <ns5:StopMonitoringDelivery version="2.0[FR-IDF-2.4]">
            <ns5:ResponseTimestamp>2014-09-29T15:59:52.875+02:00</ns5:ResponseTimestamp>
            <ns5:MonitoredStopVisit>
               <ns5:RecordedAtTime>2014-09-29T15:58:49.433+02:00</ns5:RecordedAtTime>
               <ns5:ItemIdentifier>SNCF-ACCES:Item::50090527_165436:LOC</ns5:ItemIdentifier>
               <ns5:MonitoringRef>STIF:StopPoint:SP:50090527:</ns5:MonitoringRef>
               <ns5:MonitoredVehicleJourney>
                  <ns5:LineRef>STIF:Line::C01736:</ns5:LineRef>
                  <ns5:FramedVehicleJourneyRef>
                     <ns5:DataFrameRef>any</ns5:DataFrameRef>
                     <ns5:DatedVehicleJourneyRef>SNCF-ACCES:VehicleJourney::165436_20140929:LOC</ns5:DatedVehicleJourneyRef>
                  </ns5:FramedVehicleJourneyRef>
                  <ns5:JourneyPatternName>PORO</ns5:JourneyPatternName>
                  <ns5:VehicleMode>rail</ns5:VehicleMode>
                  <ns5:PublishedLineName>PRG Paris Montp_Rambouillet_Chartres</ns5:PublishedLineName>
                  <ns5:GroupOfLinesRef>TER</ns5:GroupOfLinesRef>
                  <ns5:OperatorRef>SNCF-ACCES:Operator::SNCF:LOC</ns5:OperatorRef>
                  <ns5:VehicleFeatureRef>longTrain</ns5:VehicleFeatureRef>
                  <ns5:DestinationRef>STIF:StopPoint:SP:50090523:</ns5:DestinationRef>
                  <ns5:DestinationName>Paris Montparnasse</ns5:DestinationName>
                  <ns5:Monitored>true</ns5:Monitored>
                  <ns5:TrainNumbers>
                     <ns5:TrainNumberRef>165436</ns5:TrainNumberRef>
                  </ns5:TrainNumbers>
                  <ns5:JourneyParts>
                     <ns5:JourneyPartInfo>
                        <ns5:JourneyPartRef>165436</ns5:JourneyPartRef>
                        <ns5:TrainNumberRef>1654362</ns5:TrainNumberRef>
                     </ns5:JourneyPartInfo>
                  </ns5:JourneyParts>
                  <ns5:MonitoredCall>
                     <ns5:StopPointRef>STIF:StopPoint:SP:50090527:</ns5:StopPointRef>
                     <ns5:StopPointName>Versailles Chantiers</ns5:StopPointName>
                     <ns5:VehicleAtStop>false</ns5:VehicleAtStop>
                     <ns5:PlatformTraversal>false</ns5:PlatformTraversal>
                     <ns5:DestinationDisplay>Paris Montparnasse</ns5:DestinationDisplay>
                     <ns5:AimedArrivalTime>2014-09-29T16:01:00.000+02:00</ns5:AimedArrivalTime>
                     <ns5:ArrivalStatus>delayed</ns5:ArrivalStatus>
                     <ns5:ArrivalPlatformName>B</ns5:ArrivalPlatformName>
                     <ns5:AimedDepartureTime>2014-09-29T16:01:00.000+02:00</ns5:AimedDepartureTime>
                     <ns5:DepartureStatus>delayed</ns5:DepartureStatus>
                     <ns5:DeparturePlatformName>B</ns5:DeparturePlatformName>
                     <ns5:DepartureBoardingActivity>boarding</ns5:DepartureBoardingActivity>
                  </ns5:MonitoredCall>
               </ns5:MonitoredVehicleJourney>
            </ns5:MonitoredStopVisit>
            <ns5:MonitoredStopVisit>
               <ns5:RecordedAtTime>2014-09-29T15:55:02.375+02:00</ns5:RecordedAtTime>
               <ns5:ItemIdentifier>SNCF-ACCES:Item::50090527_165429:LOC</ns5:ItemIdentifier>
               <ns5:MonitoringRef>STIF:StopPoint:SP:50090527:</ns5:MonitoringRef>
               <ns5:MonitoredVehicleJourney>
                  <ns5:LineRef>STIF:Line::C01736:</ns5:LineRef>
                  <ns5:FramedVehicleJourneyRef>
                     <ns5:DataFrameRef>any</ns5:DataFrameRef>
                     <ns5:DatedVehicleJourneyRef>SNCF-ACCES:VehicleJourney::165429_20140929:LOC</ns5:DatedVehicleJourneyRef>
                  </ns5:FramedVehicleJourneyRef>
                  <ns5:JourneyPatternName>ROPO</ns5:JourneyPatternName>
                  <ns5:VehicleMode>rail</ns5:VehicleMode>
                  <ns5:PublishedLineName>PRG Paris Montp_Rambouillet_Chartres</ns5:PublishedLineName>
                  <ns5:GroupOfLinesRef>TER</ns5:GroupOfLinesRef>
                  <ns5:OperatorRef>SNCF-ACCES:Operator::SNCF:LOC</ns5:OperatorRef>
                  <ns5:VehicleFeatureRef>longTrain</ns5:VehicleFeatureRef>
                  <ns5:DestinationRef>STIF:StopPoint:SP:50090548:</ns5:DestinationRef>
                  <ns5:DestinationName>Rambouillet</ns5:DestinationName>
                  <ns5:Monitored>true</ns5:Monitored>
                  <ns5:TrainNumbers>
                     <ns5:TrainNumberRef>165429</ns5:TrainNumberRef>
                  </ns5:TrainNumbers>
                  <ns5:JourneyParts>
                     <ns5:JourneyPartInfo>
                        <ns5:JourneyPartRef>165429</ns5:JourneyPartRef>
                        <ns5:TrainNumberRef>1654291</ns5:TrainNumberRef>
                     </ns5:JourneyPartInfo>
                  </ns5:JourneyParts>
                  <ns5:MonitoredCall>
                     <ns5:StopPointRef>STIF:StopPoint:SP:50090527:</ns5:StopPointRef>
                     <ns5:StopPointName>Versailles Chantiers</ns5:StopPointName>
                     <ns5:VehicleAtStop>false</ns5:VehicleAtStop>
                     <ns5:PlatformTraversal>false</ns5:PlatformTraversal>
                     <ns5:DestinationDisplay>Rambouillet</ns5:DestinationDisplay>
                     <ns5:AimedArrivalTime>2014-09-29T16:02:00.000+02:00</ns5:AimedArrivalTime>
                     <ns5:ArrivalStatus>delayed</ns5:ArrivalStatus>
                     <ns5:ArrivalPlatformName>G</ns5:ArrivalPlatformName>
                     <ns5:AimedDepartureTime>2014-09-29T16:02:00.000+02:00</ns5:AimedDepartureTime>
                     <ns5:DepartureStatus>delayed</ns5:DepartureStatus>
                     <ns5:DeparturePlatformName>G</ns5:DeparturePlatformName>
                     <ns5:DepartureBoardingActivity>boarding</ns5:DepartureBoardingActivity>
                  </ns5:MonitoredCall>
               </ns5:MonitoredVehicleJourney>
            </ns5:MonitoredStopVisit>
            <ns5:MonitoredStopVisit>
               <ns5:RecordedAtTime>2014-09-29T15:58:49.457+02:00</ns5:RecordedAtTime>
               <ns5:ItemIdentifier>SNCF-ACCES:Item::50090527_165338:LOC</ns5:ItemIdentifier>
               <ns5:MonitoringRef>STIF:StopPoint:SP:50090527:</ns5:MonitoringRef>
               <ns5:MonitoredVehicleJourney>
                  <ns5:LineRef>STIF:Line::C01741:</ns5:LineRef>
                  <ns5:FramedVehicleJourneyRef>
                     <ns5:DataFrameRef>any</ns5:DataFrameRef>
                     <ns5:DatedVehicleJourneyRef>SNCF-ACCES:VehicleJourney::165338_20140929:LOC</ns5:DatedVehicleJourneyRef>
                  </ns5:FramedVehicleJourneyRef>
                  <ns5:JourneyPatternName>DEFI</ns5:JourneyPatternName>
                  <ns5:VehicleMode>rail</ns5:VehicleMode>
                  <ns5:PublishedLineName>PRG Ligne U</ns5:PublishedLineName>
                  <ns5:GroupOfLinesRef>TER</ns5:GroupOfLinesRef>
                  <ns5:OperatorRef>SNCF-ACCES:Operator::SNCF:LOC</ns5:OperatorRef>
                  <ns5:VehicleFeatureRef>longTrain</ns5:VehicleFeatureRef>
                  <ns5:DestinationRef>STIF:StopPoint:SP:50090483:</ns5:DestinationRef>
                  <ns5:DestinationName>La Defense SNCF</ns5:DestinationName>
                  <ns5:Monitored>true</ns5:Monitored>
                  <ns5:TrainNumbers>
                     <ns5:TrainNumberRef>165338</ns5:TrainNumberRef>
                  </ns5:TrainNumbers>
                  <ns5:JourneyParts>
                     <ns5:JourneyPartInfo>
                        <ns5:JourneyPartRef>165338</ns5:JourneyPartRef>
                        <ns5:TrainNumberRef>1653382</ns5:TrainNumberRef>
                     </ns5:JourneyPartInfo>
                  </ns5:JourneyParts>
                  <ns5:MonitoredCall>
                     <ns5:StopPointRef>STIF:StopPoint:SP:50090527:</ns5:StopPointRef>
                     <ns5:StopPointName>Versailles Chantiers</ns5:StopPointName>
                     <ns5:VehicleAtStop>false</ns5:VehicleAtStop>
                     <ns5:PlatformTraversal>false</ns5:PlatformTraversal>
                     <ns5:DestinationDisplay>La Defense SNCF</ns5:DestinationDisplay>
                     <ns5:AimedArrivalTime>2014-09-29T16:10:00.000+02:00</ns5:AimedArrivalTime>
                     <ns5:ArrivalStatus>delayed</ns5:ArrivalStatus>
                     <ns5:ArrivalPlatformName>B</ns5:ArrivalPlatformName>
                     <ns5:AimedDepartureTime>2014-09-29T16:10:00.000+02:00</ns5:AimedDepartureTime>
                     <ns5:DepartureStatus>delayed</ns5:DepartureStatus>
                     <ns5:DeparturePlatformName>B</ns5:DeparturePlatformName>
                     <ns5:DepartureBoardingActivity>boarding</ns5:DepartureBoardingActivity>
                  </ns5:MonitoredCall>
               </ns5:MonitoredVehicleJourney>
            </ns5:MonitoredStopVisit>
            <ns5:MonitoredStopVisit>
               <ns5:RecordedAtTime>2014-09-29T15:55:02.471+02:00</ns5:RecordedAtTime>
               <ns5:ItemIdentifier>SNCF-ACCES:Item::50090527_148431:LOC</ns5:ItemIdentifier>
               <ns5:MonitoringRef>STIF:StopPoint:SP:50090527:</ns5:MonitoringRef>
               <ns5:MonitoredVehicleJourney>
                  <ns5:LineRef>STIF:Line::C01678:</ns5:LineRef>
                  <ns5:FramedVehicleJourneyRef>
                     <ns5:DataFrameRef>any</ns5:DataFrameRef>
                     <ns5:DatedVehicleJourneyRef>SNCF-ACCES:VehicleJourney::148431_20140929:LOC</ns5:DatedVehicleJourneyRef>
                  </ns5:FramedVehicleJourneyRef>
                  <ns5:JourneyPatternName>SARA</ns5:JourneyPatternName>
                  <ns5:VehicleMode>rail</ns5:VehicleMode>
                  <ns5:PublishedLineName>PRG St Martin_St Quentin</ns5:PublishedLineName>
                  <ns5:GroupOfLinesRef>TER</ns5:GroupOfLinesRef>
                  <ns5:OperatorRef>SNCF-ACCES:Operator::SNCF:LOC</ns5:OperatorRef>
                  <ns5:VehicleFeatureRef>longTrain</ns5:VehicleFeatureRef>
                  <ns5:DestinationRef>STIF:StopPoint:SP:50090573:</ns5:DestinationRef>
                  <ns5:DestinationName>St Quentin en Y</ns5:DestinationName>
                  <ns5:Monitored>true</ns5:Monitored>
                  <ns5:TrainNumbers>
                     <ns5:TrainNumberRef>148431</ns5:TrainNumberRef>
                  </ns5:TrainNumbers>
                  <ns5:JourneyParts>
                     <ns5:JourneyPartInfo>
                        <ns5:JourneyPartRef>148431</ns5:JourneyPartRef>
                        <ns5:TrainNumberRef>1484311</ns5:TrainNumberRef>
                     </ns5:JourneyPartInfo>
                  </ns5:JourneyParts>
                  <ns5:MonitoredCall>
                     <ns5:StopPointRef>STIF:StopPoint:SP:50090527:</ns5:StopPointRef>
                     <ns5:StopPointName>Versailles Chantiers</ns5:StopPointName>
                     <ns5:VehicleAtStop>false</ns5:VehicleAtStop>
                     <ns5:PlatformTraversal>false</ns5:PlatformTraversal>
                     <ns5:DestinationDisplay>St Quentin en Y</ns5:DestinationDisplay>
                     <ns5:AimedArrivalTime>2014-09-29T16:12:00.000+02:00</ns5:AimedArrivalTime>
                     <ns5:ArrivalStatus>delayed</ns5:ArrivalStatus>
                     <ns5:ArrivalPlatformName>D</ns5:ArrivalPlatformName>
                     <ns5:AimedDepartureTime>2014-09-29T16:12:00.000+02:00</ns5:AimedDepartureTime>
                     <ns5:DepartureStatus>delayed</ns5:DepartureStatus>
                     <ns5:DeparturePlatformName>D</ns5:DeparturePlatformName>
                     <ns5:DepartureBoardingActivity>boarding</ns5:DepartureBoardingActivity>
                  </ns5:MonitoredCall>
               </ns5:MonitoredVehicleJourney>
            </ns5:MonitoredStopVisit>
            <ns5:MonitoredStopVisit>
               <ns5:RecordedAtTime>2014-09-29T15:55:02.678+02:00</ns5:RecordedAtTime>
               <ns5:ItemIdentifier>SNCF-ACCES:Item::50090527_148646:LOC</ns5:ItemIdentifier>
               <ns5:MonitoringRef>STIF:StopPoint:SP:50090527:</ns5:MonitoringRef>
               <ns5:MonitoredVehicleJourney>
                  <ns5:LineRef>STIF:Line::C01678:</ns5:LineRef>
                  <ns5:FramedVehicleJourneyRef>
                     <ns5:DataFrameRef>any</ns5:DataFrameRef>
                     <ns5:DatedVehicleJourneyRef>SNCF-ACCES:VehicleJourney::148646_20140929:LOC</ns5:DatedVehicleJourneyRef>
                  </ns5:FramedVehicleJourneyRef>
                  <ns5:JourneyPatternName>VICK</ns5:JourneyPatternName>
                  <ns5:VehicleMode>rail</ns5:VehicleMode>
                  <ns5:PublishedLineName>PRG Versailles Ch_Versailles RG</ns5:PublishedLineName>
                  <ns5:GroupOfLinesRef>TER</ns5:GroupOfLinesRef>
                  <ns5:OperatorRef>SNCF-ACCES:Operator::SNCF:LOC</ns5:OperatorRef>
                  <ns5:VehicleFeatureRef>longTrain</ns5:VehicleFeatureRef>
                  <ns5:DestinationRef>STIF:StopPoint:SP:50090537:</ns5:DestinationRef>
                  <ns5:DestinationName>Versailles RG Ch..t.</ns5:DestinationName>
                  <ns5:Monitored>true</ns5:Monitored>
                  <ns5:Delay>PT0.000S</ns5:Delay>
                  <ns5:TrainNumbers>
                     <ns5:TrainNumberRef>148646</ns5:TrainNumberRef>
                  </ns5:TrainNumbers>
                  <ns5:JourneyParts>
                     <ns5:JourneyPartInfo>
                        <ns5:JourneyPartRef>148646</ns5:JourneyPartRef>
                        <ns5:TrainNumberRef>1486462</ns5:TrainNumberRef>
                     </ns5:JourneyPartInfo>
                  </ns5:JourneyParts>
                  <ns5:MonitoredCall>
                     <ns5:StopPointRef>STIF:StopPoint:SP:50090527:</ns5:StopPointRef>
                     <ns5:StopPointName>Versailles Chantiers</ns5:StopPointName>
                     <ns5:VehicleAtStop>false</ns5:VehicleAtStop>
                     <ns5:PlatformTraversal>false</ns5:PlatformTraversal>
                     <ns5:DestinationDisplay>Versailles RG Ch..t.</ns5:DestinationDisplay>
                     <ns5:AimedDepartureTime>2014-09-29T16:14:00.000+02:00</ns5:AimedDepartureTime>
                     <ns5:ExpectedDepartureTime>2014-09-29T16:14:00.000+02:00</ns5:ExpectedDepartureTime>
                     <ns5:DepartureStatus>onTime</ns5:DepartureStatus>
                     <ns5:DeparturePlatformName>J</ns5:DeparturePlatformName>
                     <ns5:DepartureBoardingActivity>boarding</ns5:DepartureBoardingActivity>
                  </ns5:MonitoredCall>
               </ns5:MonitoredVehicleJourney>
            </ns5:MonitoredStopVisit>
            <ns5:MonitoredStopVisit>
               <ns5:RecordedAtTime>2014-09-29T15:58:49.507+02:00</ns5:RecordedAtTime>
               <ns5:ItemIdentifier>SNCF-ACCES:Item::50090527_165538:LOC</ns5:ItemIdentifier>
               <ns5:MonitoringRef>STIF:StopPoint:SP:50090527:</ns5:MonitoringRef>
               <ns5:MonitoredVehicleJourney>
                  <ns5:LineRef>SNCF-ACCES:Line::TER:LOC</ns5:LineRef>
                  <ns5:FramedVehicleJourneyRef>
                     <ns5:DataFrameRef>any</ns5:DataFrameRef>
                     <ns5:DatedVehicleJourneyRef>SNCF-ACCES:VehicleJourney::165538_20140929:LOC</ns5:DatedVehicleJourneyRef>
                  </ns5:FramedVehicleJourneyRef>
                  <ns5:JourneyPatternName>PEGU</ns5:JourneyPatternName>
                  <ns5:VehicleMode>rail</ns5:VehicleMode>
                  <ns5:PublishedLineName>PRG Paris Montp_Dreux_Granville</ns5:PublishedLineName>
                  <ns5:GroupOfLinesRef>TER</ns5:GroupOfLinesRef>
                  <ns5:OperatorRef>SNCF-ACCES:Operator::SNCF:LOC</ns5:OperatorRef>
                  <ns5:VehicleFeatureRef>longTrain</ns5:VehicleFeatureRef>
                  <ns5:DestinationRef>STIF:StopPoint:SP:50090523:</ns5:DestinationRef>
                  <ns5:DestinationName>Paris Montparnasse</ns5:DestinationName>
                  <ns5:Monitored>true</ns5:Monitored>
                  <ns5:Delay>PT0.000S</ns5:Delay>
                  <ns5:TrainNumbers>
                     <ns5:TrainNumberRef>165538</ns5:TrainNumberRef>
                  </ns5:TrainNumbers>
                  <ns5:JourneyParts>
                     <ns5:JourneyPartInfo>
                        <ns5:JourneyPartRef>165538</ns5:JourneyPartRef>
                        <ns5:TrainNumberRef>1655382</ns5:TrainNumberRef>
                     </ns5:JourneyPartInfo>
                  </ns5:JourneyParts>
                  <ns5:MonitoredCall>
                     <ns5:StopPointRef>STIF:StopPoint:SP:50090527:</ns5:StopPointRef>
                     <ns5:StopPointName>Versailles Chantiers</ns5:StopPointName>
                     <ns5:VehicleAtStop>false</ns5:VehicleAtStop>
                     <ns5:PlatformTraversal>false</ns5:PlatformTraversal>
                     <ns5:DestinationDisplay>Paris Montparnasse</ns5:DestinationDisplay>
                     <ns5:AimedArrivalTime>2014-09-29T16:16:00.000+02:00</ns5:AimedArrivalTime>
                     <ns5:ExpectedArrivalTime>2014-09-29T16:16:00.000+02:00</ns5:ExpectedArrivalTime>
                     <ns5:ArrivalStatus>onTime</ns5:ArrivalStatus>
                     <ns5:ArrivalPlatformName>E</ns5:ArrivalPlatformName>
                     <ns5:AimedDepartureTime>2014-09-29T16:16:00.000+02:00</ns5:AimedDepartureTime>
                     <ns5:ExpectedDepartureTime>2014-09-29T16:16:00.000+02:00</ns5:ExpectedDepartureTime>
                     <ns5:DepartureStatus>onTime</ns5:DepartureStatus>
                     <ns5:DeparturePlatformName>E</ns5:DeparturePlatformName>
                     <ns5:DepartureBoardingActivity>boarding</ns5:DepartureBoardingActivity>
                  </ns5:MonitoredCall>
               </ns5:MonitoredVehicleJourney>
            </ns5:MonitoredStopVisit>
            <ns5:MonitoredStopVisit>
               <ns5:RecordedAtTime>2014-09-29T15:55:02.837+02:00</ns5:RecordedAtTime>
               <ns5:ItemIdentifier>SNCF-ACCES:Item::50090527_165631:LOC</ns5:ItemIdentifier>
               <ns5:MonitoringRef>STIF:StopPoint:SP:50090527:</ns5:MonitoringRef>
               <ns5:MonitoredVehicleJourney>
                  <ns5:LineRef>STIF:Line::C01736:</ns5:LineRef>
                  <ns5:FramedVehicleJourneyRef>
                     <ns5:DataFrameRef>any</ns5:DataFrameRef>
                     <ns5:DatedVehicleJourneyRef>SNCF-ACCES:VehicleJourney::165631_20140929:LOC</ns5:DatedVehicleJourneyRef>
                  </ns5:FramedVehicleJourneyRef>
                  <ns5:JourneyPatternName>MOPI</ns5:JourneyPatternName>
                  <ns5:VehicleMode>rail</ns5:VehicleMode>
                  <ns5:PublishedLineName>PRG Paris Montp_Mantes</ns5:PublishedLineName>
                  <ns5:GroupOfLinesRef>TER</ns5:GroupOfLinesRef>
                  <ns5:OperatorRef>SNCF-ACCES:Operator::SNCF:LOC</ns5:OperatorRef>
                  <ns5:VehicleFeatureRef>longTrain</ns5:VehicleFeatureRef>
                  <ns5:DestinationRef>STIF:StopPoint:SP:50090457:</ns5:DestinationRef>
                  <ns5:DestinationName>Mantes-la-Jolie</ns5:DestinationName>
                  <ns5:Monitored>true</ns5:Monitored>
                  <ns5:Delay>PT0.000S</ns5:Delay>
                  <ns5:TrainNumbers>
                     <ns5:TrainNumberRef>165631</ns5:TrainNumberRef>
                  </ns5:TrainNumbers>
                  <ns5:JourneyParts>
                     <ns5:JourneyPartInfo>
                        <ns5:JourneyPartRef>165631</ns5:JourneyPartRef>
                        <ns5:TrainNumberRef>1656311</ns5:TrainNumberRef>
                     </ns5:JourneyPartInfo>
                  </ns5:JourneyParts>
                  <ns5:MonitoredCall>
                     <ns5:StopPointRef>STIF:StopPoint:SP:50090527:</ns5:StopPointRef>
                     <ns5:StopPointName>Versailles Chantiers</ns5:StopPointName>
                     <ns5:VehicleAtStop>false</ns5:VehicleAtStop>
                     <ns5:PlatformTraversal>false</ns5:PlatformTraversal>
                     <ns5:DestinationDisplay>Mantes-la-Jolie</ns5:DestinationDisplay>
                     <ns5:AimedArrivalTime>2014-09-29T16:16:00.000+02:00</ns5:AimedArrivalTime>
                     <ns5:ExpectedArrivalTime>2014-09-29T16:16:00.000+02:00</ns5:ExpectedArrivalTime>
                     <ns5:ArrivalStatus>onTime</ns5:ArrivalStatus>
                     <ns5:ArrivalPlatformName>G</ns5:ArrivalPlatformName>
                     <ns5:AimedDepartureTime>2014-09-29T16:16:00.000+02:00</ns5:AimedDepartureTime>
                     <ns5:ExpectedDepartureTime>2014-09-29T16:16:00.000+02:00</ns5:ExpectedDepartureTime>
                     <ns5:DepartureStatus>onTime</ns5:DepartureStatus>
                     <ns5:DeparturePlatformName>G</ns5:DeparturePlatformName>
                     <ns5:DepartureBoardingActivity>boarding</ns5:DepartureBoardingActivity>
                  </ns5:MonitoredCall>
               </ns5:MonitoredVehicleJourney>
            </ns5:MonitoredStopVisit>
            <ns5:MonitoredStopVisit>
               <ns5:RecordedAtTime>2014-09-29T15:59:45.212+02:00</ns5:RecordedAtTime>
               <ns5:ItemIdentifier>SNCF-ACCES:Item ::50090527_147623:LOC</ns5:ItemIdentifier>
               <ns5:MonitoringRef>STIF:StopPoin t:SP:50090527:</ns5:MonitoringRef>
               <ns5:MonitoredVehicleJourney>
                  <ns5:LineRef>STIF:Line::C01678:</ns5:LineRef>
                  <ns5:FramedVehicleJourneyRef>
                     <ns5:DataFrameRef>any</ns5:DataFrameRef>
                     <ns5:DatedVehicleJourneyRef>SNCF-ACCES:VehicleJourney::147623_20140929:LOC</ns5:DatedVehicleJourneyRef>
                  </ns5:FramedVehicleJourneyRef>
                  <ns5:JourneyPatternName>CIME</ns5:JourneyPatternName>
                  <ns5:VehicleMode>rail</ns5:VehicleMode>
                  <ns5:PublishedLineName>PRG Versailles Ch_Versailles RG</ns5:PublishedLineName>
                  <ns5:GroupOfLinesRef>TER</ns5:GroupOfLinesRef>
                  <ns5:OperatorRef>SNCF-ACCES:Operator::SNCF:LOC</ns5:OperatorRef>
                  <ns5:VehicleFeatureRef>longTrain</ns5:VehicleFeatureRef>
                  <ns5:DestinationRef>STIF:StopPoint:SP:50090527:</ns5:DestinationRef>
                  <ns5:DestinationName>Versailles Chantiers</ns5:DestinationName>
                  <ns5:Monitored>true</ns5:Monitored>
                  <ns5:Delay>PT0.000S</ns5:Delay>
                  <ns5:TrainNumbers>
                     <ns5:TrainNumberRef>147623</ns5:TrainNumberRef>
                  </ns5:TrainNumbers>
                  <ns5:JourneyParts>
                     <ns5:JourneyPartInfo>
                        <ns5:JourneyPartRef>147623</ns5:JourneyPartRef>
                        <ns5:TrainNumberRef>1476231</ns5:TrainNumberRef>
                     </ns5:JourneyPartInfo>
                  </ns5:JourneyParts>
                  <ns5:MonitoredCall>
                     <ns5:StopPointRef>STIF:StopPoint:SP:50090527:</ns5:StopPointRef>
                     <ns5:StopPointName>Versailles Chantiers</ns5:StopPointName>
                     <ns5:VehicleAtStop>false</ns5:VehicleAtStop>
                     <ns5:PlatformTraversal>false</ns5:PlatformTraversal>
                     <ns5:DestinationDisplay>Versailles Chantiers</ns5:DestinationDisplay>
                     <ns5:AimedArrivalTime>2014-09-29T16:19:00.000+02:00</ns5:AimedArrivalTime>
                     <ns5:ExpectedArrivalTime>2014-09-29T16:19:00.000+02:00</ns5:ExpectedArrivalTime>
                     <ns5:ArrivalStatus>onTime</ns5:ArrivalStatus>
                     <ns5:ArrivalPlatformName>J</ns5:ArrivalPlatformName>
                     <ns5:AimedDepartureTime>2014-09-29T16:19:00.000+02:00</ns5:AimedDepartureTime>
                     <ns5:DeparturePlatformName>J</ns5:DeparturePlatformName>
                  </ns5:MonitoredCall>
               </ns5:MonitoredVehicleJourney>
            </ns5:MonitoredStopVisit>
            <ns5:MonitoredStopVisit>
               <ns5:RecordedAtTime>2014-09-29T15:58:49.568+02:00</ns5:RecordedAtTime>
               <ns5:ItemIdentifier>SNCF-ACCES:Item::50090527_147438:LOC</ns5:ItemIdentifier>
               <ns5:MonitoringRef>STIF:StopPoint:SP:50090527:</ns5:MonitoringRef>
               <ns5:MonitoredVehicleJourney>
                  <ns5:LineRef>STIF:Line::C01678:</ns5:LineRef>
                  <ns5:FramedVehicleJourneyRef>
                     <ns5:DataFrameRef>any</ns5:DataFrameRef>
                     <ns5:DatedVehicleJourneyRef>SNCF-ACCES:VehicleJourney::147438_20140929:LOC</ns5:DatedVehicleJourneyRef>
                  </ns5:FramedVehicleJourneyRef>
                  <ns5:JourneyPatternName>ELAO</ns5:JourneyPatternName>
                  <ns5:VehicleMode>rail</ns5:VehicleMode>
                  <ns5:PublishedLineName>PRG St Martin_St Quentin</ns5:PublishedLineName>
                  <ns5:GroupOfLinesRef>TER</ns5:GroupOfLinesRef>
                  <ns5:OperatorRef>SNCF-ACCES:Operator::SNCF:LOC</ns5:OperatorRef>
                  <ns5:VehicleFeatureRef>longTrain</ns5:VehicleFeatureRef>
                  <ns5:DestinationRef>STIF:StopPoint:SP:50090646:</ns5:DestinationRef>
                  <ns5:DestinationName>St Martin d'Etampes</ns5:DestinationName>
                  <ns5:Monitored>true</ns5:Monitored>
                  <ns5:Delay>PT0.000S</ns5:Delay>
                  <ns5:TrainNumbers>
                     <ns5:TrainNumberRef>147438</ns5:TrainNumberRef>
                  </ns5:TrainNumbers>
                  <ns5:JourneyParts>
                     <ns5:JourneyPartInfo>
                        <ns5:JourneyPartRef>147438</ns5:JourneyPartRef>
                        <ns5:TrainNumberRef>1474382</ns5:TrainNumberRef>
                     </ns5:JourneyPartInfo>
                  </ns5:JourneyParts>
                  <ns5:MonitoredCall>
                     <ns5:StopPointRef>STIF:StopPoint:SP:50090527:</ns5:StopPointRef>
                     <ns5:StopPointName>Versailles Chantiers</ns5:StopPointName>
                     <ns5:VehicleAtStop>false</ns5:VehicleAtStop>
                     <ns5:PlatformTraversal>false</ns5:PlatformTraversal>
                     <ns5:DestinationDisplay>St Martin d'Etampes</ns5:DestinationDisplay>
                     <ns5:AimedArrivalTime>2014-09-29T16:20:00.000+02:00</ns5:AimedArrivalTime>
                     <ns5:ExpectedArrivalTime>2014-09-29T16:20:00.000+02:00</ns5:ExpectedArrivalTime>
                     <ns5:ArrivalStatus>onTime</ns5:ArrivalStatus>
                     <ns5:ArrivalPlatformName>B</ns5:ArrivalPlatformName>
                     <ns5:AimedDepartureTime>2014-09-29T16:20:00.000+02:00</ns5:AimedDepartureTime>
                     <ns5:ExpectedDepartureTime>2014-09-29T16:20:00.000+02:00</ns5:ExpectedDepartureTime>
                     <ns5:DepartureStatus>onTime</ns5:DepartureStatus>
                     <ns5:DeparturePlatformName>B</ns5:DeparturePlatformName>
                     <ns5:DepartureBoardingActivity>boarding</ns5:DepartureBoardingActivity>
                  </ns5:MonitoredCall>
               </ns5:MonitoredVehicleJourney>
            </ns5:MonitoredStopVisit>
            <ns5:MonitoredStopVisit>
               <ns5:RecordedAtTime>2014-09-29T15:55:03.113+02:00</ns5:RecordedAtTime>
               <ns5:ItemIdentifier>SNCF-ACCES:Item::50090527_165331:LOC</ns5:ItemIdentifier>
               <ns5:MonitoringRef>STIF:StopPoint:SP:50090527:</ns5:MonitoringRef>
               <ns5:MonitoredVehicleJourney>
                  <ns5:LineRef>STIF:Line::C01741:</ns5:LineRef>
                  <ns5:FramedVehicleJourneyRef>
                     <ns5:DataFrameRef>any</ns5:DataFrameRef>
                     <ns5:DatedVehicleJourneyRef>SNCF-ACCES:VehicleJourney::165331_20140929:LOC</ns5:DatedVehicleJourneyRef>
                  </ns5:FramedVehicleJourneyRef>
                  <ns5:JourneyPatternName>VERI</ns5:JourneyPatternName>
                  <ns5:VehicleMode>rail</ns5:VehicleMode>
                  <ns5:PublishedLineName>PRG Ligne U</ns5:PublishedLineName>
                  <ns5:GroupOfLinesRef>TER</ns5:GroupOfLinesRef>
                  <ns5:OperatorRef>SNCF-ACCES:Operator::SNCF:LOC</ns5:OperatorRef>
                  <ns5:VehicleFeatureRef>longTrain</ns5:VehicleFeatureRef>
                  <ns5:DestinationRef>STIF:StopPoint:SP:50090543:</ns5:DestinationRef>
                  <ns5:DestinationName>La Verriere</ns5:DestinationName>
                  <ns5:Monitored>true</ns5:Monitored>
                  <ns5:Delay>PT0.000S</ns5:Delay>
                  <ns5:TrainNumbers>
                     <ns5:TrainNumberRef>165331</ns5:TrainNumberRef>
                  </ns5:TrainNumbers>
                  <ns5:JourneyParts>
                     <ns5:JourneyPartInfo>
                        <ns5:JourneyPartRef>165331</ns5:JourneyPartRef>
                        <ns5:TrainNumberRef>1653311</ns5:TrainNumberRef>
                     </ns5:JourneyPartInfo>
                  </ns5:JourneyParts>
                  <ns5:MonitoredCall>
                     <ns5:StopPointRef>STIF:StopPoint:SP:50090527:</ns5:StopPointRef>
                     <ns5:StopPointName>Versailles Chantiers</ns5:StopPointName>
                     <ns5:VehicleAtStop>false</ns5:VehicleAtStop>
                     <ns5:PlatformTraversal>false</ns5:PlatformTraversal>
                     <ns5:DestinationDisplay>La Verriere</ns5:DestinationDisplay>
                     <ns5:AimedArrivalTime>2014-09-29T16:22:00.000+02:00</ns5:AimedArrivalTime>
                     <ns5:ExpectedArrivalTime>2014-09-29T16:22:00.000+02:00</ns5:ExpectedArrivalTime>
                     <ns5:ArrivalStatus>onTime</ns5:ArrivalStatus>
                     <ns5:ArrivalPlatformName>D</ns5:ArrivalPlatformName>
                     <ns5:AimedDepartureTime>2014-09-29T16:22:00.000+02:00</ns5:AimedDepartureTime>
                     <ns5:ExpectedDepartureTime>2014-09-29T16:22:00.000+02:00</ns5:ExpectedDepartureTime>
                     <ns5:DepartureStatus>onTime</ns5:DepartureStatus>
                     <ns5:DeparturePlatformName>D</ns5:DeparturePlatformName>
                     <ns5:DepartureBoardingActivity>boarding</ns5:DepartureBoardingActivity>
                  </ns5:MonitoredCall>
               </ns5:MonitoredVehicleJourney>
            </ns5:MonitoredStopVisit>
         </ns5:StopMonitoringDelivery>
         <ns5:StopMonitoringDelivery version="2.0[FR-IDF-2.4]">
            <ns5:ResponseTimestamp>2014-09-29T15:59:52.943+02:00</ns5:ResponseTimestamp>
            <ns5:MonitoredStopVisit>
               <ns5:RecordedAtTime>2014-09-29T15:59:02.059+02:00</ns5:RecordedAtTime>
               <ns5:ItemIdentifier>SNCF-ACCES:Item::50090639_128348:LOC</ns5:ItemIdentifier>
               <ns5:MonitoringRef>STIF:StopPoint:SP:50090639:</ns5:MonitoringRef>
               <ns5:MonitoredVehicleJourney>
                  <ns5:LineRef>STIF:Line::C00879:</ns5:LineRef>
                  <ns5:FramedVehicleJourneyRef>
                     <ns5:DataFrameRef>any</ns5:DataFrameRef>
                     <ns5:DatedVehicleJourneyRef>SNCF-ACCES:VehicleJourney::128348_20140929:LOC</ns5:DatedVehicleJourneyRef>
                  </ns5:FramedVehicleJourneyRef>
                  <ns5:JourneyPatternName>LOVA</ns5:JourneyPatternName>
                  <ns5:VehicleMode>rail</ns5:VehicleMode>
                  <ns5:PublishedLineName>PSE / PNO RER D_Mel/Mal via Ris</ns5:PublishedLineName>
                  <ns5:GroupOfLinesRef>TER</ns5:GroupOfLinesRef>
                  <ns5:OperatorRef>SNCF-ACCES:Operator::SNCF:LOC</ns5:OperatorRef>
                  <ns5:VehicleFeatureRef>longTrain</ns5:VehicleFeatureRef>
                  <ns5:DestinationRef>STIF:StopPoint:SP:50090390:</ns5:DestinationRef>
                  <ns5:DestinationName>Orry la Ville</ns5:DestinationName>
                  <ns5:Monitored>true</ns5:Monitored>
                  <ns5:TrainNumbers>
                     <ns5:TrainNumberRef>128348</ns5:TrainNumberRef>
                  </ns5:TrainNumbers>
                  <ns5:JourneyParts>
                     <ns5:JourneyPartInfo>
                        <ns5:JourneyPartRef>128348</ns5:JourneyPartRef>
                        <ns5:TrainNumberRef>1283482</ns5:TrainNumberRef>
                     </ns5:JourneyPartInfo>
                  </ns5:JourneyParts>
                  <ns5:MonitoredCall>
                     <ns5:StopPointRef>STIF:StopPoint:SP:50090639:</ns5:StopPointRef>
                     <ns5:StopPointName>Juvisy</ns5:StopPointName>
                     <ns5:VehicleAtStop>false</ns5:VehicleAtStop>
                     <ns5:PlatformTraversal>false</ns5:PlatformTraversal>
                     <ns5:DestinationDisplay>Orry la Ville</ns5:DestinationDisplay>
                     <ns5:AimedArrivalTime>2014-09-29T16:00:00.000+02:00</ns5:AimedArrivalTime>
                     <ns5:ArrivalStatus>delayed</ns5:ArrivalStatus>
                     <ns5:ArrivalPlatformName>B</ns5:ArrivalPlatformName>
                     <ns5:AimedDepartureTime>2014-09-29T16:00:00.000+02:00</ns5:AimedDepartureTime>
                     <ns5:DepartureStatus>delayed</ns5:DepartureStatus>
                     <ns5:DeparturePlatformName>B</ns5:DeparturePlatformName>
                     <ns5:DepartureBoardingActivity>boarding</ns5:DepartureBoardingActivity>
                  </ns5:MonitoredCall>
               </ns5:MonitoredVehicleJourney>
            </ns5:MonitoredStopVisit>
            <ns5:MonitoredStopVisit>
               <ns5:RecordedAtTime>2014-09-29T15:59:02.132+02:00</ns5:RecordedAtTime>
               <ns5:ItemIdentifier>SNCF-ACCES:Item::50090639_148638:LOC</ns5:ItemIdentifier>
               <ns5:MonitoringRef>STIF:StopPoint:SP:50090639:</ns5:MonitoringRef>
               <ns5:MonitoredVehicleJourney>
                  <ns5:LineRef>STIF:Line::C01678:</ns5:LineRef>
                  <ns5:FramedVehicleJourneyRef>
                     <ns5:DataFrameRef>any</ns5:DataFrameRef>
                     <ns5:DatedVehicleJourneyRef>SNCF-ACCES:VehicleJourney::148638_20140929:LOC</ns5:DatedVehicleJourneyRef>
                  </ns5:FramedVehicleJourneyRef>
                  <ns5:JourneyPatternName>VICK</ns5:JourneyPatternName>
                  <ns5:VehicleMode>rail</ns5:VehicleMode>
                  <ns5:PublishedLineName>PRG Versailles Ch_Versailles RG</ns5:PublishedLineName>
                  <ns5:GroupOfLinesRef>TER</ns5:GroupOfLinesRef>
                  <ns5:OperatorRef>SNCF-ACCES:Operator::SNCF:LOC</ns5:OperatorRef>
                  <ns5:VehicleFeatureRef>longTrain</ns5:VehicleFeatureRef>
                  <ns5:DestinationRef>STIF:StopPoint:SP:50090537:</ns5:DestinationRef>
                  <ns5:DestinationName>Versailles RG Ch..t.</ns5:DestinationName>
                  <ns5:Monitored>true</ns5:Monitored>
                  <ns5:TrainNumbers>
                     <ns5:TrainNumberRef>148638</ns5:TrainNumberRef>
                  </ns5:TrainNumbers>
                  <ns5:JourneyParts>
                     <ns5:JourneyPartInfo>
                        <ns5:JourneyPartRef>148638</ns5:JourneyPartRef>
                        <ns5:TrainNumberRef>1486382</ns5:TrainNumberRef>
                     </ns5:JourneyPartInfo>
                  </ns5:JourneyParts>
                  <ns5:MonitoredCall>
                     <ns5:StopPointRef>STIF:StopPoint:SP:50090639:</ns5:StopPointRef>
                     <ns5:StopPointName>Juvisy</ns5:StopPointName>
                     <ns5:VehicleAtStop>false</ns5:VehicleAtStop>
                     <ns5:PlatformTraversal>false</ns5:PlatformTraversal>
                     <ns5:DestinationDisplay>Versailles RG Ch..t.</ns5:DestinationDisplay>
                     <ns5:AimedArrivalTime>2014-09-29T16:00:00.000+02:00</ns5:AimedArrivalTime>
                     <ns5:ArrivalStatus>delayed</ns5:ArrivalStatus>
                     <ns5:ArrivalPlatformName>H</ns5:ArrivalPlatformName>
                     <ns5:AimedDepartureTime>2014-09-29T16:00:00.000+02:00</ns5:AimedDepartureTime>
                     <ns5:DepartureStatus>delayed</ns5:DepartureStatus>
                     <ns5:DeparturePlatformName>H</ns5:DeparturePlatformName>
                     <ns5:DepartureBoardingActivity>boarding</ns5:DepartureBoardingActivity>
                  </ns5:MonitoredCall>
               </ns5:MonitoredVehicleJourney>
            </ns5:MonitoredStopVisit>
         </ns5:StopMonitoringDelivery>
         <ns5:StopMonitoringDelivery version="2.0[FR-IDF-2.4]">
            <ns5:ResponseTimestamp>2014-09-29T15:59:52.992+02:00</ns5:ResponseTimestamp>
            <ns5:MonitoredStopVisit>
               <ns5:RecordedAtTime>2014-09-29T15:59:45.575+02:00</ns5:RecordedAtTime>
               <ns5:ItemIdentifier>SNCF-ACCES:Item::50090634_147427:LOC</ns5:ItemIdentifier>
               <ns5:MonitoringRef>STIF:StopPoint:SP:50090634:</ns5:MonitoringRef>
               <ns5:MonitoredVehicleJourney>
                  <ns5:LineRef>STIF:Line::C01678:</ns5:LineRef>
                  <ns5:FramedVehicleJourneyRef>
                     <ns5:DataFrameRef>any</ns5:DataFrameRef>
                     <ns5:DatedVehicleJourneyRef>SNCF-ACCES:VehicleJourney::147427_20140929:LOC</ns5:DatedVehicleJourneyRef>
                  </ns5:FramedVehicleJourneyRef>
                  <ns5:JourneyPatternName>ELBA</ns5:JourneyPatternName>
                  <ns5:VehicleMode>rail</ns5:VehicleMode>
                  <ns5:PublishedLineName>PRG St Martin_St Quentin</ns5:PublishedLineName>
                  <ns5:GroupOfLinesRef>TER</ns5:GroupOfLinesRef>
                  <ns5:OperatorRef>SNCF-ACCES:Operator::SNCF:LOC</ns5:OperatorRef>
                  <ns5:VehicleFeatureRef>longTrain</ns5:VehicleFeatureRef>
                  <ns5:DestinationRef>STIF:StopPoint:SP:50090646:</ns5:DestinationRef>
                  <ns5:DestinationName>St Martin d'Etampes</ns5:DestinationName>
                  <ns5:Monitored>true</ns5:Monitored>
                  <ns5:TrainNumbers>
                     <ns5:TrainNumberRef>147427</ns5:TrainNumberRef>
                  </ns5:TrainNumbers>
                  <ns5:JourneyParts>
                     <ns5:JourneyPartInfo>
                        <ns5:JourneyPartRef>147427</ns5:JourneyPartRef>
                        <ns5:TrainNumberRef>1474271</ns5:TrainNumberRef>
                     </ns5:JourneyPartInfo>
                  </ns5:JourneyParts>
                  <ns5:MonitoredCall>
                     <ns5:StopPointRef>STIF:StopPoint:SP:50090634:</ns5:StopPointRef>
                     <ns5:StopPointName>Bretigny</ns5:StopPointName>
                     <ns5:VehicleAtStop>false</ns5:VehicleAtStop>
                     <ns5:PlatformTraversal>false</ns5:PlatformTraversal>
                     <ns5:DestinationDisplay>St Martin d'Etampes</ns5:DestinationDisplay>
                     <ns5:AimedArrivalTime>2014-09-29T16:05:00.000+02:00</ns5:AimedArrivalTime>
                     <ns5:ArrivalStatus>delayed</ns5:ArrivalStatus>
                     <ns5:ArrivalPlatformName>3</ns5:ArrivalPlatformName>
                     <ns5:AimedDepartureTime>2014-09-29T16:05:00.000+02:00</ns5:AimedDepartureTime>
                     <ns5:DepartureStatus>delayed</ns5:DepartureStatus>
                     <ns5:DeparturePlatformName>3</ns5:DeparturePlatformName>
                     <ns5:DepartureBoardingActivity>boarding</ns5:DepartureBoardingActivity>
                  </ns5:MonitoredCall>
               </ns5:MonitoredVehicleJourney>
            </ns5:MonitoredStopVisit>
            <ns5:MonitoredStopVisit>
               <ns5:RecordedAtTime>2014-09-29T15:55:41.362+02:00</ns5:RecordedAtTime>
               <ns5:ItemIdentifier>SNCF-ACCES:Item::50090634_148840:LOC</ns5:ItemIdentifier>
               <ns5:MonitoringRef>STIF:StopPoint:SP:50090634:</ns5:MonitoringRef>
               <ns5:MonitoredVehicleJourney>
                  <ns5:LineRef>STIF:Line::C01678:</ns5:LineRef>
                  <ns5:FramedVehicleJourneyRef>
                     <ns5:DataFrameRef>any</ns5:DataFrameRef>
                     <ns5:DatedVehicleJourneyRef>SNCF-ACCES:VehicleJourney::148840_20140929:LOC</ns5:DatedVehicleJourneyRef>
                  </ns5:FramedVehicleJourneyRef>
                  <ns5:JourneyPatternName>SARA</ns5:JourneyPatternName>
                  <ns5:VehicleMode>rail</ns5:VehicleMode>
                  <ns5:PublishedLineName>PRG Dourdan_St Quentin</ns5:PublishedLineName>
                  <ns5:GroupOfLinesRef>TER</ns5:GroupOfLinesRef>
                  <ns5:OperatorRef>SNCF-ACCES:Operator::SNCF:LOC</ns5:OperatorRef>
                  <ns5:VehicleFeatureRef>longTrain</ns5:VehicleFeatureRef>
                  <ns5:DestinationRef>STIF:StopPoint:SP:50090573:</ns5:DestinationRef>
                  <ns5:DestinationName>St Quentin en Y</ns5:DestinationName>
                  <ns5:Monitored>true</ns5:Monitored>
                  <ns5:TrainNumbers>
                     <ns5:TrainNumberRef>148840</ns5:TrainNumberRef>
                  </ns5:TrainNumbers>
                  <ns5:JourneyParts>
                     <ns5:JourneyPartInfo>
                        <ns5:JourneyPartRef>148840</ns5:JourneyPartRef>
                        <ns5:TrainNumberRef>1488402</ns5:TrainNumberRef>
                     </ns5:JourneyPartInfo>
                  </ns5:JourneyParts>
                  <ns5:MonitoredCall>
                     <ns5:StopPointRef>STIF:StopPoint:SP:50090634:</ns5:StopPointRef>
                     <ns5:StopPointName>Bretigny</ns5:StopPointName>
                     <ns5:VehicleAtStop>false</ns5:VehicleAtStop>
                     <ns5:PlatformTraversal>false</ns5:PlatformTraversal>
                     <ns5:DestinationDisplay>St Quentin en Y</ns5:DestinationDisplay>
                     <ns5:AimedArrivalTime>2014-09-29T16:11:00.000+02:00</ns5:AimedArrivalTime>
                     <ns5:ArrivalStatus>delayed</ns5:ArrivalStatus>
                     <ns5:ArrivalPlatformName>6</ns5:ArrivalPlatformName>
                     <ns5:AimedDepartureTime>2014-09-29T16:11:00.000+02:00</ns5:AimedDepartureTime>
                     <ns5:DepartureStatus>delayed</ns5:DepartureStatus>
                     <ns5:DeparturePlatformName>6</ns5:DeparturePlatformName>
                     <ns5:DepartureBoardingActivity>boarding</ns5:DepartureBoardingActivity>
                  </ns5:MonitoredCall>
               </ns5:MonitoredVehicleJourney>
            </ns5:MonitoredStopVisit>
            <ns5:MonitoredStopVisit>
               <ns5:RecordedAtTime>2014-09-29T15:59:45.827+02:00</ns5:RecordedAtTime>
               <ns5:ItemIdentifier>SNCF-ACCES:Item::50090634_145829:LOC</ns5:ItemIdentifier>
               <ns5:MonitoringRef>STIF:StopPoint:SP:50090634:</ns5:MonitoringRef>
               <ns5:MonitoredVehicleJourney>
                  <ns5:LineRef>STIF:Line::C01678:</ns5:LineRef>
                  <ns5:FramedVehicleJourneyRef>
                     <ns5:DataFrameRef>any</ns5:DataFrameRef>
                     <ns5:DatedVehicleJourneyRef>SNCF-ACCES:VehicleJourney::145829_20140929:LOC</ns5:DatedVehicleJourneyRef>
                  </ns5:FramedVehicleJourneyRef>
                  <ns5:JourneyPatternName>DEBO</ns5:JourneyPatternName>
                  <ns5:VehicleMode>rail</ns5:VehicleMode>
                  <ns5:PublishedLineName>PRG Dourdan/St Martin_Pontoise</ns5:PublishedLineName>
                  <ns5:GroupOfLinesRef>TER</ns5:GroupOfLinesRef>
                  <ns5:OperatorRef>SNCF-ACCES:Operator::SNCF:LOC</ns5:OperatorRef>
                  <ns5:VehicleFeatureRef>longTrain</ns5:VehicleFeatureRef>
                  <ns5:DestinationRef>STIF:StopPoint:SP:50090622:</ns5:DestinationRef>
                  <ns5:DestinationName>Dourdan La For..t</ns5:DestinationName>
                  <ns5:Monitored>true</ns5:Monitored>
                  <ns5:TrainNumbers>
                     <ns5:TrainNumberRef>145829</ns5:TrainNumberRef>
                  </ns5:TrainNumbers>
                  <ns5:JourneyParts>
                     <ns5:JourneyPartInfo>
                        <ns5:JourneyPartRef>145829</ns5:JourneyPartRef>
                        <ns5:TrainNumberRef>1458291</ns5:TrainNumberRef>
                     </ns5:JourneyPartInfo>
                  </ns5:JourneyParts>
                  <ns5:MonitoredCall>
                     <ns5:StopPointRef>STIF:StopPoint:SP:50090634:</ns5:StopPointRef>
                     <ns5:StopPointName>Bretigny</ns5:StopPointName>
                     <ns5:VehicleAtStop>false</ns5:VehicleAtStop>
                     <ns5:PlatformTraversal>false</ns5:PlatformTraversal>
                     <ns5:DestinationDisplay>Dourdan La For..t</ns5:DestinationDisplay>
                     <ns5:AimedArrivalTime>2014-09-29T16:20:00.000+02:00</ns5:AimedArrivalTime>
                     <ns5:ArrivalStatus>delayed</ns5:ArrivalStatus>
                     <ns5:ArrivalPlatformName>5</ns5:ArrivalPlatformName>
                     <ns5:AimedDepartureTime>2014-09-29T16:20:00.000+02:00</ns5:AimedDepartureTime>
                     <ns5:DepartureStatus>delayed</ns5:DepartureStatus>
                     <ns5:DeparturePlatformName>5</ns5:DeparturePlatformName>
                     <ns5:DepartureBoardingActivity>boarding</ns5:DepartureBoardingActivity>
                  </ns5:MonitoredCall>
               </ns5:MonitoredVehicleJourney>
            </ns5:MonitoredStopVisit>
            <ns5:MonitoredStopVisit>
               <ns5:RecordedAtTime>2014-09-29T15:55:41.369+02:00</ns5:RecordedAtTime>
               <ns5:ItemIdentifier>SNCF-ACCES:Item::50090634_148442:LOC</ns5:ItemIdentifier>
               <ns5:MonitoringRef>STIF:StopPoint:SP:50090634:</ns5:MonitoringRef>
               <ns5:MonitoredVehicleJourney>
                  <ns5:LineRef>STIF:Line::C01678:</ns5:LineRef>
                  <ns5:FramedVehicleJourneyRef>
                     <ns5:DataFrameRef>any</ns5:DataFrameRef>
                     <ns5:DatedVehicleJourneyRef>SNCF-ACCES:VehicleJourney::148442_20140929:LOC</ns5:DatedVehicleJourneyRef>
                  </ns5:FramedVehicleJourneyRef>
                  <ns5:JourneyPatternName>SARA</ns5:JourneyPatternName>
                  <ns5:VehicleMode>rail</ns5:VehicleMode>
                  <ns5:PublishedLineName>PRG St Martin_St Quentin</ns5:PublishedLineName>
                  <ns5:GroupOfLinesRef>TER</ns5:GroupOfLinesRef>
                  <ns5:OperatorRef>SNCF-ACCES:Operator::SNCF:LOC</ns5:OperatorRef>
                  <ns5:VehicleFeatureRef>longTrain</ns5:VehicleFeatureRef>
                  <ns5:DestinationRef>STIF:StopPoint:SP:50090573:</ns5:DestinationRef>
                  <ns5:DestinationName>St Quentin en Y</ns5:DestinationName>
                  <ns5:Monitored>true</ns5:Monitored>
                  <ns5:Delay>PT0.000S</ns5:Delay>
                  <ns5:TrainNumbers>
                     <ns5:TrainNumberRef>148442</ns5:TrainNumberRef>
                  </ns5:TrainNumbers>
                  <ns5:JourneyParts>
                     <ns5:JourneyPartInfo>
                        <ns5:JourneyPartRef>148442</ns5:JourneyPartRef>
                        <ns5:TrainNumberRef>1484422</ns5:TrainNumberRef>
                     </ns5:JourneyPartInfo>
                  </ns5:JourneyParts>
                  <ns5:MonitoredCall>
                     <ns5:StopPointRef>STIF:StopPoint:SP:50090634:</ns5:StopPointRef>
                     <ns5:StopPointName>Bretigny</ns5:StopPointName>
                     <ns5:VehicleAtStop>false</ns5:VehicleAtStop>
                     <ns5:PlatformTraversal>false</ns5:PlatformTraversal>
                     <ns5:DestinationDisplay>St Quentin en Y</ns5:DestinationDisplay>
                     <ns5:AimedArrivalTime>2014-09-29T16:25:00.000+02:00</ns5:AimedArrivalTime>
                     <ns5:ExpectedArrivalTime>2014-09-29T16:25:00.000+02:00</ns5:ExpectedArrivalTime>
                     <ns5:ArrivalStatus>onTime</ns5:ArrivalStatus>
                     <ns5:ArrivalPlatformName>6</ns5:ArrivalPlatformName>
                     <ns5:AimedDepartureTime>2014-09-29T16:25:00.000+02:00</ns5:AimedDepartureTime>
                     <ns5:ExpectedDepartureTime>2014-09-29T16:25:00.000+02:00</ns5:ExpectedDepartureTime>
                     <ns5:DepartureStatus>onTime</ns5:DepartureStatus>
                     <ns5:DeparturePlatformName>6</ns5:DeparturePlatformName>
                     <ns5:DepartureBoardingActivity>boarding</ns5:DepartureBoardingActivity>
                  </ns5:MonitoredCall>
               </ns5:MonitoredVehicleJourney>
            </ns5:MonitoredStopVisit>
            <ns5:MonitoredStopVisit>
               <ns5:RecordedAtTime>2014-09-29T15:59:45.990+02:00</ns5:RecordedAtTime>
               <ns5:ItemIdentifier>SNCF-ACCES:Item::50090634_147431:LOC</ns5:ItemIdentifier>
               <ns5:MonitoringRef>STIF:StopPoint:SP:50090634:</ns5:MonitoringRef>
               <ns5:MonitoredVehicleJourney>
                  <ns5:LineRef>STIF:Line::C01678:</ns5:LineRef>
                  <ns5:FramedVehicleJourneyRef>
                     <ns5:DataFrameRef>any</ns5:DataFrameRef>
                     <ns5:DatedVehicleJourneyRef>SNCF-ACCES:VehicleJourney::147431_20140929:LOC</ns5:DatedVehicleJourneyRef>
                  </ns5:FramedVehicleJourneyRef>
                  <ns5:JourneyPatternName>ELBA</ns5:JourneyPatternName>
                  <ns5:VehicleMode>rail</ns5:VehicleMode>
                  <ns5:PublishedLineName>PRG St Martin_St Quentin</ns5:PublishedLineName>
                  <ns5:GroupOfLinesRef>TER</ns5:GroupOfLinesRef>
                  <ns5:OperatorRef>SNCF-ACCES:Operator::SNCF:LOC</ns5:OperatorRef>
                  <ns5:VehicleFeatureRef>longTrain</ns5:VehicleFeatureRef>
                  <ns5:DestinationRef>STIF:StopPoint:SP:50090646:</ns5:DestinationRef>
                  <ns5:DestinationName>St Martin d'Etampes</ns5:DestinationName>
                  <ns5:Monitored>true</ns5:Monitored>
                  <ns5:TrainNumbers>
                     <ns5:TrainNumberRef>147431</ns5:TrainNumberRef>
                  </ns5:TrainNumbers>
                  <ns5:JourneyParts>
                     <ns5:JourneyPartInfo>
                        <ns5:JourneyPartRef>147431</ns5:JourneyPartRef>
                        <ns5:TrainNumberRef>1474311</ns5:TrainNumberRef>
                     </ns5:JourneyPartInfo>
                  </ns5:JourneyParts>
                  <ns5:MonitoredCall>
                     <ns5:StopPointRef>STIF:StopPoint:SP:50090634:</ns5:StopPointRef>
                     <ns5:StopPointName>Bretigny</ns5:StopPointName>
                     <ns5:VehicleAtStop>false</ns5:VehicleAtStop>
                     <ns5:PlatformTraversal>false</ns5:PlatformTraversal>
                     <ns5:DestinationDisplay>St Martin d'Etampes</ns5:DestinationDisplay>
                     <ns5:AimedArrivalTime>2014-09-29T16:35:00.000+02:00</ns5:AimedArrivalTime>
                     <ns5:ArrivalStatus>delayed</ns5:ArrivalStatus>
                     <ns5:ArrivalPlatformName>3</ns5:ArrivalPlatformName>
                     <ns5:AimedDepartureTime>2014-09-29T16:35:00.000+02:00</ns5:AimedDepartureTime>
                     <ns5:DepartureStatus>delayed</ns5:DepartureStatus>
                     <ns5:DeparturePlatformName>3</ns5:DeparturePlatformName>
                     <ns5:DepartureBoardingActivity>boarding</ns5:DepartureBoardingActivity>
                  </ns5:MonitoredCall>
               </ns5:MonitoredVehicleJourney>
            </ns5:MonitoredStopVisit>
            <ns5:MonitoredStopVisit>
               <ns5:RecordedAtTime>2014-09-29T15:55:41.378+02:00</ns5:RecordedAtTime>
               <ns5:ItemIdentifier>SNCF-ACCES:Item::50090634_148844:LOC</ns5:ItemIdentifier>
               <ns5:MonitoringRef>STIF:StopPoint:SP:50090634:</ns5:MonitoringRef>
               <ns5:MonitoredVehicleJourney>
                  <ns5:LineRef>STIF:Line::C01678:</ns5:LineRef>
                  <ns5:FramedVehicleJourneyRef>
                     <ns5:DataFrameRef>any</ns5:DataFrameRef>
                     <ns5:DatedVehicleJourneyRef>SNCF-ACCES:VehicleJourney::148844_20140929:LOC</ns5:DatedVehicleJourneyRef>
                  </ns5:FramedVehicleJourneyRef>
                  <ns5:JourneyPatternName>SARA</ns5:JourneyPatternName>
                  <ns5:VehicleMode>rail</ns5:VehicleMode>
                  <ns5:PublishedLineName>PRG Dourdan_St Quentin</ns5:PublishedLineName>
                  <ns5:GroupOfLinesRef>TER</ns5:GroupOfLinesRef>
                  <ns5:OperatorRef>SNCF-ACCES:Operator::SNCF:LOC</ns5:OperatorRef>
                  <ns5:VehicleFeatureRef>longTrain</ns5:VehicleFeatureRef>
                  <ns5:DestinationRef>STIF:StopPoint:SP:50090573:</ns5:DestinationRef>
                  <ns5:DestinationName>St Quentin en Y</ns5:DestinationName>
                  <ns5:Monitored>true</ns5:Monitored>
                  <ns5:Delay>PT0.000S</ns5:Delay>
                  <ns5:TrainNumbers>
                     <ns5:TrainNumberRef>148844</ns5:TrainNumberRef>
                  </ns5:TrainNumbers>
                  <ns5:JourneyParts>
                     <ns5:JourneyPartInfo>
                        <ns5:JourneyPartRef>148844</ns5:JourneyPartRef>
                        <ns5:TrainNumberRef>1488442</ns5:TrainNumberRef>
                     </ns5:JourneyPartInfo>
                  </ns5:JourneyParts>
                  <ns5:MonitoredCall>
                     <ns5:StopPointRef>STIF:StopPoint:SP:50090634:</ns5:StopPointRef>
                     <ns5:StopPointName>Bretigny</ns5:StopPointName>
                     <ns5:VehicleAtStop>false</ns5:VehicleAtStop>
                     <ns5:PlatformTraversal>false</ns5:PlatformTraversal>
                     <ns5:DestinationDisplay>St Quentin en Y</ns5:DestinationDisplay>
                     <ns5:AimedArrivalTime>2014-09-29T16:41:00.000+02:00</ns5:AimedArrivalTime>
                     <ns5:ExpectedArrivalTime>2014-09-29T16:41:00.000+02:00</ns5:ExpectedArrivalTime>
                     <ns5:ArrivalStatus>onTime</ns5:ArrivalStatus>
                     <ns5:ArrivalPlatformName>6</ns5:ArrivalPlatformName>
                     <ns5:AimedDepartureTime>2014-09-29T16:41:00.000+02:00</ns5:AimedDepartureTime>
                     <ns5:ExpectedDepartureTime>2014-09-29T16:41:00.000+02:00</ns5:ExpectedDepartureTime>
                     <ns5:DepartureStatus>onTime</ns5:DepartureStatus>
                     <ns5:DeparturePlatformName>6</ns5:DeparturePlatformName>
                     <ns5:DepartureBoardingActivity>boarding</ns5:DepartureBoardingActivity>
                  </ns5:MonitoredCall>
               </ns5:MonitoredVehicleJourney>
            </ns5:MonitoredStopVisit>
            <ns5:MonitoredStopVisit>
               <ns5:RecordedAtTime>2014-09-29T15:59:46.275+02:00</ns5:RecordedAtTime>
               <ns5:ItemIdentifier>SNCF-ACCES:Item::50090634_145833:LOC</ns5:ItemIdentifier>
               <ns5:MonitoringRef>STIF:StopPoint:SP:50090634:</ns5:MonitoringRef>
               <ns5:MonitoredVehicleJourney>
                  <ns5:LineRef>STIF:Line::C01678:</ns5:LineRef>
                  <ns5:FramedVehicleJourneyRef>
                     <ns5:DataFrameRef>any</ns5:DataFrameRef>
                     <ns5:DatedVehicleJourneyRef>SNCF-ACCES:VehicleJourney::145833_20140929:LOC</ns5:DatedVehicleJourneyRef>
                  </ns5:FramedVehicleJourneyRef>
                  <ns5:JourneyPatternName>DEBO</ns5:JourneyPatternName>
                  <ns5:VehicleMode>rail</ns5:VehicleMode>
                  <ns5:PublishedLineName>PRG Dourdan/St Martin_Pontoise</ns5:PublishedLineName>
                  <ns5:GroupOfLinesRef>TER</ns5:GroupOfLinesRef>
                  <ns5:OperatorRef>SNCF-ACCES:Operator::SNCF:LOC</ns5:OperatorRef>
                  <ns5:VehicleFeatureRef>longTrain</ns5:VehicleFeatureRef>
                  <ns5:DestinationRef>STIF:StopPoint:SP:50090622:</ns5:DestinationRef>
                  <ns5:DestinationName>Dourdan La For..t</ns5:DestinationName>
                  <ns5:Monitored>true</ns5:Monitored>
                  <ns5:Delay>PT0.000S</ns5:Delay>
                  <ns5:TrainNumbers>
                     <ns5:TrainNumberRef>145833</ns5:TrainNumberRef>
                  </ns5:TrainNumbers>
                  <ns5:JourneyParts>
                     <ns5:JourneyPartInfo>
                        <ns5:JourneyPartRef>145833</ns5:JourneyPartRef>
                        <ns5:TrainNumberRef>1458331</ns5:TrainNumberRef>
                     </ns5:JourneyPartInfo>
                  </ns5:JourneyParts>
                  <ns5:MonitoredCall>
                     <ns5:StopPointRef>STIF:StopPoint:SP:50090634:</ns5:StopPointRef>
                     <ns5:StopPointName>Bretigny</ns5:StopPointName>
                     <ns5:VehicleAtStop>false</ns5:VehicleAtStop>
                     <ns5:PlatformTraversal>false</ns5:PlatformTraversal>
                     <ns5:DestinationDisplay>Dourdan La For..t</ns5:DestinationDisplay>
                     <ns5:AimedArrivalTime>2014-09-29T16:50:00.000+02:00</ns5:AimedArrivalTime>
                     <ns5:ExpectedArrivalTime>2014-09-29T16:50:00.000+02:00</ns5:ExpectedArrivalTime>
                     <ns5:ArrivalStatus>onTime</ns5:ArrivalStatus>
                     <ns5:ArrivalPlatformName>5</ns5:ArrivalPlatformName>
                     <ns5:AimedDepartureTime>2014-09-29T16:50:00.000+02:00</ns5:AimedDepartureTime>
                     <ns5:ExpectedDepartureTime>2014-09-29T16:50:00.000+02:00</ns5:ExpectedDepartureTime>
                     <ns5:DepartureStatus>onTime</ns5:DepartureStatus>
                     <ns5:DeparturePlatformName>5</ns5:DeparturePlatformName>
                     <ns5:DepartureBoardingActivity>boarding</ns5:DepartureBoardingActivity>
                  </ns5:MonitoredCall>
               </ns5:MonitoredVehicleJourney>
            </ns5:MonitoredStopVisit>
            <ns5:MonitoredStopVisit>
               <ns5:RecordedAtTime>2014-09-29T15:55:41.392+02:00</ns5:RecordedAtTime>
               <ns5:ItemIdentifier>SNCF-ACCES:Item::50090634_148446:LOC</ns5:ItemIdentifier>
               <ns5:MonitoringRef>STIF:StopPoint:SP:50090634:</ns5:MonitoringRef>
               <ns5:MonitoredVehicleJourney>
                  <ns5:LineRef>STIF:Line::C01678:</ns5:LineRef>
                  <ns5:FramedVehicleJourneyRef>
                     <ns5:DataFrameRef>any</ns5:DataFrameRef>
                     <ns5:DatedVehicleJourneyRef>SNCF-ACCES:VehicleJourney::148446_20140929:LOC</ns5:DatedVehicleJourneyRef>
                  </ns5:FramedVehicleJourneyRef>
                  <ns5:JourneyPatternName>SARA</ns5:JourneyPatternName>
                  <ns5:VehicleMode>rail</ns5:VehicleMode>
                  <ns5:PublishedLineName>PRG St Martin_St Quentin</ns5:PublishedLineName>
                  <ns5:GroupOfLinesRef>TER</ns5:GroupOfLinesRef>
                  <ns5:OperatorRef>SNCF-ACCES:Operator::SNCF:LOC</ns5:OperatorRef>
                  <ns5:VehicleFeatureRef>longTrain</ns5:VehicleFeatureRef>
                  <ns5:DestinationRef>STIF:StopPoint:SP:50090573:</ns5:DestinationRef>
                  <ns5:DestinationName>St Quentin en Y</ns5:DestinationName>
                  <ns5:Monitored>true</ns5:Monitored>
                  <ns5:Delay>PT0.000S</ns5:Delay>
                  <ns5:TrainNumbers>
                     <ns5:TrainNumberRef>148446</ns5:TrainNumberRef>
                  </ns5:TrainNumbers>
                  <ns5:JourneyParts>
                     <ns5:JourneyPartInfo>
                        <ns5:JourneyPartRef>148446</ns5:JourneyPartRef>
                        <ns5:TrainNumberRef>1484462</ns5:TrainNumberRef>
                     </ns5:JourneyPartInfo>
                  </ns5:JourneyParts>
                  <ns5:MonitoredCall>
                     <ns5:StopPointRef>STIF:StopPoint:SP:50090634:</ns5:StopPointRef>
                     <ns5:StopPointName>Bretigny</ns5:StopPointName>
                     <ns5:VehicleAtStop>false</ns5:VehicleAtStop>
                     <ns5:PlatformTraversal>false</ns5:PlatformTraversal>
                     <ns5:DestinationDisplay>St Quentin en Y</ns5:DestinationDisplay>
                     <ns5:AimedArrivalTime>2014-09-29T16:55:00.000+02:00</ns5:AimedArrivalTime>
                     <ns5:ExpectedArrivalTime>2014-09-29T16:55:00.000+02:00</ns5:ExpectedArrivalTime>
                     <ns5:ArrivalStatus>onTime</ns5:ArrivalStatus>
                     <ns5:ArrivalPlatformName>6</ns5:ArrivalPlatformName>
                     <ns5:AimedDepartureTime>2014-09-29T16:55:00.000+02:00</ns5:AimedDepartureTime>
                     <ns5:ExpectedDepartureTime>2014-09-29T16:55:00.000+02:00</ns5:ExpectedDepartureTime>
                     <ns5:DepartureStatus>onTime</ns5:DepartureStatus>
                     <ns5:DeparturePlatformName>6</ns5:DeparturePlatformName>
                     <ns5:DepartureBoardingActivity>boarding</ns5:DepartureBoardingActivity>
                  </ns5:MonitoredCall>
               </ns5:MonitoredVehicleJourney>
            </ns5:MonitoredStopVisit>
            <ns5:MonitoredStopVisit>
               <ns5:RecordedAtTime>2014-09-29T15:55:41.395+02:00</ns5:RecordedAtTime>
               <ns5:ItemIdentifier>SNCF-ACCES:Item::50090634_147435:LOC</ns5:ItemIdentifier>
               <ns5:MonitoringRef>STIF:StopPoint:SP:50090634:</ns5:MonitoringRef>
               <ns5:MonitoredVehicleJourney>
                  <ns5:LineRef>STIF:Line::C01678:</ns5:LineRef>
                  <ns5:FramedVehicleJourneyRef>
                     <ns5:DataFrameRef>any</ns5:DataFrameRef>
                     <ns5:DatedVehicleJourneyRef>SNCF-ACCES:VehicleJourney::147435_20140929:LOC</ns5:DatedVehicleJourneyRef>
                  </ns5:FramedVehicleJourneyRef>
                  <ns5:JourneyPatternName>ELBA</ns5:JourneyPatternName>
                  <ns5:VehicleMode>rail</ns5:VehicleMode>
                  <ns5:PublishedLineName>PRG St Martin_St Quentin</ns5:PublishedLineName>
                  <ns5:GroupOfLinesRef>TER</ns5:GroupOfLinesRef>
                  <ns5:OperatorRef>SNCF-ACCES:Operator::SNCF:LOC</ns5:OperatorRef>
                  <ns5:VehicleFeatureRef>longTrain</ns5:VehicleFeatureRef>
                  <ns5:DestinationRef>STIF:StopPoint:SP:50090646:</ns5:DestinationRef>
                  <ns5:DestinationName>St Martin d'Etampes</ns5:DestinationName>
                  <ns5:Monitored>true</ns5:Monitored>
                  <ns5:TrainNumbers>
                     <ns5:TrainNumberRef>147435</ns5:TrainNumberRef>
                  </ns5:TrainNumbers>
                  <ns5:JourneyParts>
                     <ns5:JourneyPartInfo>
                        <ns5:JourneyPartRef>147435</ns5:JourneyPartRef>
                        <ns5:TrainNumberRef>1474351</ns5:TrainNumberRef>
                     </ns5:JourneyPartInfo>
                  </ns5:JourneyParts>
                  <ns5:MonitoredCall>
                     <ns5:StopPointRef>STIF:StopPoint:SP:50090634:</ns5:StopPointRef>
                     <ns5:StopPointName>Bretigny</ns5:StopPointName>
                     <ns5:VehicleAtStop>false</ns5:VehicleAtStop>
                     <ns5:PlatformTraversal>false</ns5:PlatformTraversal>
                     <ns5:DestinationDisplay>St Martin d'Etampes</ns5:DestinationDisplay>
                     <ns5:AimedArrivalTime>2014-09-29T17:05:00.000+02:00</ns5:AimedArrivalTime>
                     <ns5:ArrivalStatus>d elayed</ns5:ArrivalStatus>
                     <ns5:ArrivalPlatformName>3</ns5:ArrivalPlatformName>
                     <ns5:AimedDepartureTime>2014-09-29T17:05:00.000+02:00</ns5:AimedDepartureTime>
                     <ns5:DepartureStatus>delayed</ns5:DepartureStatus>
                     <ns5:DeparturePlatformName>3</ns5:DeparturePlatformName>
                     <ns5:DepartureBoardingActivity>boarding</ns5:DepartureBoardingActivity>
                  </ns5:MonitoredCall>
               </ns5:MonitoredVehicleJourney>
            </ns5:MonitoredStopVisit>
            <ns5:MonitoredStopVisit>
               <ns5:RecordedAtTime>2014-09-29T15:55:41.398+02:00</ns5:RecordedAtTime>
               <ns5:ItemIdentifier>SNCF-ACCES:Item::50090634_145835:LOC</ns5:ItemIdentifier>
               <ns5:MonitoringRef>STIF:StopPoint:SP:50090634:</ns5:MonitoringRef>
               <ns5:MonitoredVehicleJourney>
                  <ns5:LineRef>STIF:Line::C01678:</ns5:LineRef>
                  <ns5:FramedVehicleJourneyRef>
                     <ns5:DataFrameRef>any</ns5:DataFrameRef>
                     <ns5:DatedVehicleJourneyRef>SNCF-ACCES:VehicleJourney::145835_20140929:LOC</ns5:DatedVehicleJourneyRef>
                  </ns5:FramedVehicleJourneyRef>
                  <ns5:JourneyPatternName>DEBO</ns5:JourneyPatternName>
                  <ns5:VehicleMode>rail</ns5:VehicleMode>
                  <ns5:PublishedLineName>PRG Dourdan/St Martin_Pontoise</ns5:PublishedLineName>
                  <ns5:GroupOfLinesRef>TER</ns5:GroupOfLinesRef>
                  <ns5:OperatorRef>SNCF-ACCES:O perator::SNCF:LOC</ns5:OperatorRef>
                  <ns5:VehicleFeatureRef>longTrain</ns5:VehicleFeatureRef>
                  <ns5:DestinationRef>STIF:StopPoint:SP:50090622:</ns5:DestinationRef>
                  <ns5:DestinationName>Dourdan La For..t</ns5:DestinationName>
                  <ns5:Monitored>true</ns5:Monitored>
                  <ns5:Delay>PT0.000S</ns5:Delay>
                  <ns5:TrainNumbers>
                     <ns5:TrainNumberRef>145835</ns5:TrainNumberRef>
                  </ns5:TrainNumbers>
                  <ns5:JourneyParts>
                     <ns5:JourneyPartInfo>
                        <ns5:JourneyPartRef>145835</ns5:JourneyPartRef>
                        <ns5:TrainNumberRef>1458351</ns5:TrainNumberRef>
                     </ns5:JourneyPartInfo>
                  </ns5:JourneyParts>
                  <ns5:MonitoredCall>
                     <ns5:StopPointRef>STIF:StopPoint:SP:50090634:</ns5:StopPointRef>
                     <ns5:StopPointName>Bretigny</ns5:StopPointName>
                     <ns5:VehicleAtStop>false</ns5:VehicleAtStop>
                     <ns5:PlatformTraversal>false</ns5:PlatformTraversal>
                     <ns5:DestinationDisplay>Dourdan La For..t</ns5:DestinationDisplay>
                     <ns5:AimedArrivalTime>2014-09-29T17:10:00.000+02:00</ns5:AimedArrivalTime>
                     <ns5:ExpectedArrivalTime>2014-09-29T17:10:00.000+02:00</ns5:ExpectedArrivalTime>
                     <ns5:ArrivalStatus>onTime</ns5:ArrivalStatus>
                     <ns5:ArrivalPlatformName>5</ns5:ArrivalPlatformName>
                     <ns5:AimedDepartureTime>2014-09-29T17:10:00.000+02:00</ns5:AimedDepartureTime>
                     <ns5:ExpectedDepartureTime>2014-09-29T17:10:00.000+02:00</ns5:ExpectedDepartureTime>
                     <ns5:DepartureStatus>onTime</ns5:DepartureStatus>
                     <ns5:DeparturePlatformName>5</ns5:DeparturePlatformName>
                     <ns5:DepartureBoardingActivity>boarding</ns5:DepartureBoardingActivity>
                  </ns5:MonitoredCall>
               </ns5:MonitoredVehicleJourney>
            </ns5:MonitoredStopVisit>
            <ns5:MonitoredStopVisit>
               <ns5:RecordedAtTime>2014-09-29T15:55:41.401+02:00</ns5:RecordedAtTime>
               <ns5:ItemIdentifier>SNCF-ACCES:Item::50090634_148848:LOC</ns5:ItemIdentifier>
               <ns5:MonitoringRef>STIF:StopPoint:SP:50090634:</ns5:MonitoringRef>
               <ns5:MonitoredVehicleJourney>
                  <ns5:LineRef>STIF:Line::C01678:</ns5:LineRef>
                  <ns5:FramedVehicleJourneyRef>
                     <ns5:DataFrameRef>any</ns5:DataFrameRef>
                     <ns5:DatedVehicleJourneyRef>SNCF-ACCES:VehicleJourney::148848_20140929:LOC</ns5:DatedVehicleJourneyRef>
                  </ns5:FramedVehicleJourneyRef>
                  <ns5:JourneyPatternName>SARA</ns5:JourneyPatternName>
                  <ns5:VehicleMode>rail</ns5:VehicleMode>
                  <ns5:PublishedLineName>PRG Dourdan_St Quentin</ns5:PublishedLineName>
                  <ns5:GroupOfLinesRef>TER</ns5:GroupOfLinesRef>
                  <ns5:OperatorRef>SNCF-ACCES:Operator::SNCF:LOC</ns5:OperatorRef>
                  <ns5:VehicleFeatureRef>longTrain</ns5:VehicleFeatureRef>
                  <ns5:DestinationRef>STIF:StopPoint:SP:50090573:</ns5:DestinationRef>
                  <ns5:DestinationName>St Quentin en Y</ns5:DestinationName>
                  <ns5:Monitored>true</ns5:Monitored>
                  <ns5:Delay>PT0.000S</ns5:Delay>
                  <ns5:TrainNumbers>
                     <ns5:TrainNumberRef>148848</ns5:TrainNumberRef>
                  </ns5:TrainNumbers>
                  <ns5:JourneyParts>
                     <ns5:JourneyPartInfo>
                        <ns5:JourneyPartRef>148848</ns5:JourneyPartRef>
                        <ns5:TrainNumberRef>1488482</ns5:TrainNumberRef>
                     </ns5:JourneyPartInfo>
                  </ns5:JourneyParts>
                  <ns5:MonitoredCall>
                     <ns5:StopPointRef>STIF:StopPoint:SP:50090634:</ns5:StopPointRef>
                     <ns5:StopPointName>Bretigny</ns5:StopPointName>
                     <ns5:VehicleAtStop>false</ns5:VehicleAtStop>
                     <ns5:PlatformTraversal>false</ns5:PlatformTraversal>
                     <ns5:DestinationDisplay>St Quentin en Y</ns5:DestinationDisplay>
                     <ns5:AimedArrivalTime>2014-09-29T17:11:00.000+02:00</ns5:AimedArrivalTime>
                     <ns5:ExpectedArrivalTime>2014-09-29T17:11:00.000+02:00</ns5:ExpectedArrivalTime>
                     <ns5:ArrivalStatus>onTime</ns5:ArrivalStatus>
                     <ns5:ArrivalPlatformName>6</ns5:ArrivalPlatformName>
                     <ns5:AimedDepartureTime>2014-09-29T17:11:00.000+02:00</ns5:AimedDepartureTime>
                     <ns5:ExpectedDepartureTime>2014-09-29T17:11:00.000+02:00</ns5:ExpectedDepartureTime>
                     <ns5:DepartureStatus>onTime</ns5:DepartureStatus>
                     <ns5:DeparturePlatformName>6</ns5:DeparturePlatformName>
                     <ns5:DepartureBoardingActivity>boarding</ns5:DepartureBoardingActivity>
                  </ns5:MonitoredCall>
               </ns5:MonitoredVehicleJourney>
            </ns5:MonitoredStopVisit>
            <ns5:MonitoredStopVisit>
               <ns5:RecordedAtTime>2014-09-29T15:55:41.404+02:00</ns5:RecordedAtTime>
               <ns5:ItemIdentifier>SNCF-ACCES:Item::50090634_147737:LOC</ns5:ItemIdentifier>
               <ns5:MonitoringRef>STIF:StopPoint:SP:50090634:</ns5:MonitoringRef>
               <ns5:MonitoredVehicleJourney>
                  <ns5:LineRef>STIF:Line::C01678:</ns5:LineRef>
                  <ns5:FramedVehicleJourneyRef>
                     <ns5:DataFrameRef>any</ns5:DataFrameRef>
                     <ns5:DatedVehicleJourneyRef>SNCF-ACCES:VehicleJourney::147737_20140929:LOC</ns5:DatedVehicleJourneyRef>
                  </ns5:FramedVehicleJourneyRef>
                  <ns5:JourneyPatternName>BALI</ns5:JourneyPatternName>
                  <ns5:VehicleMode>rail</ns5:VehicleMode>
                  <ns5:PublishedLineName>PRG St Martin_St Quentin</ns5:PublishedLineName>
                  <ns5:GroupOfLinesRef>TER</ns5:GroupOfLinesRef>
                  <ns5:OperatorRef>SNCF-ACCES:Operator::SNCF:LOC</ns5:OperatorRef>
                  <ns5:VehicleFeatureRef>longTrain</ns5:VehicleFeatureRef>
                  <ns5:DestinationRef>STIF:StopPoint:SP:50090634:</ns5:DestinationRef>
                  <ns5:DestinationName>Bretigny</ns5:DestinationName>
                  <ns5:Monitored>true</ns5:Monitored>
                  <ns5:Delay>PT0.000S</ns5:Delay>
                  <ns5:TrainNumbers>
                     <ns5:TrainNumberRef>147737</ns5:TrainNumberRef>
                  </ns5:TrainNumbers>
                  <ns5:JourneyParts>
                     <ns5:JourneyPartInfo>
                        <ns5:JourneyPartRef>147737</ns5:JourneyPartRef>
                        <ns5:TrainNumberRef>1477371</ns5:TrainNumberRef>
                     </ns5:JourneyPartInfo>
                  </ns5:JourneyParts>
                  <ns5:MonitoredCall>
                     <ns5:StopPointRef>STIF:StopPoint:SP:50090634:</ns5:StopPointRef>
                     <ns5:StopPointName>Bretigny</ns5:StopPointName>
                     <ns5:VehicleAtStop>false</ns5:VehicleAtStop>
                     <ns5:PlatformTraversal>false</ns5:PlatformTraversal>
                     <ns5:DestinationDisplay>Bretign y</ns5:DestinationDisplay>
                     <ns5:AimedArrivalTime>2014-09-29T17:15:00.000+02:00</ns5:AimedArrivalTime>
                     <ns5:ExpectedArrivalTime>2014-09-29T17:15:00.000+02:00</ns5:ExpectedArrivalTime>
                     <ns5:ArrivalStatus>onTime</ns5:ArrivalStatus>
                     <ns5:ArrivalPlatformName>3</ns5:ArrivalPlatformName>
                     <ns5:AimedDepartureTime>2014-09-29T17:15:00.000+02:00</ns5:AimedDepartureTime>
                     <ns5:DeparturePlatformName>3</ns5:DeparturePlatformName>
                  </ns5:MonitoredCall>
               </ns5:MonitoredVehicleJourney>
            </ns5:MonitoredStopVisit>
            <ns5:MonitoredStopVisit>
               <ns5:RecordedAtTime>2014-09-29T15:55:41.408+02:00</ns5:RecordedAtTime>
               <ns5:ItemIdentifier>SNCF-ACCES:Item::50090634_147837:LOC</ns5:ItemIdentifier>
               <ns5:MonitoringRef>STIF:StopPoint:SP:50090634:</ns5:MonitoringRef>
               <ns5:MonitoredVehicleJourney>
                  <ns5:LineRef>STIF:Line::C01678:</ns5:LineRef>
                  <ns5:FramedVehicleJourneyRef>
                     <ns5:DataFrameRef>any</ns5:DataFrameRef>
                     <ns5:DatedVehicleJourneyRef>SNCF-ACCES:VehicleJourney::147837_20140929:LOC</ns5:DatedVehicleJourneyRef>
                  </ns5:FramedVehicleJourneyRef>
                  <ns5:JourneyPatternName>DUFY</ns5:JourneyPatternName>
                  <ns5:VehicleMode>rail</ns5:VehicleMode>
                  <ns5:PublishedLineName>PRG Dourdan_St Quentin</ns5:PublishedLineName>
                  <ns5:GroupOfLinesRef>TER</ns5:GroupOfLinesRef>
                  <ns5:OperatorRef>SNCF-ACCES:Operator::SNCF:LOC</ns5:OperatorRef>
                  <ns5:VehicleFeatureRef>longTrain</ns5:VehicleFeatureRef>
                  <ns5:DestinationRef>STIF:StopPoint:SP:50090654:</ns5:DestinationRef>
                  <ns5:DestinationName>Dourdan</ns5:DestinationName>
                  <ns5:Monitored>true</ns5:Monitored>
                  <ns5:Delay>PT0.000S</ns5:Delay>
                  <ns5:TrainNumbers>
                     <ns5:TrainNumberRef>147837</ns5:TrainNumberRef>
                  </ns5:TrainNumbers>
                  <ns5:JourneyParts>
                     <ns5:JourneyPartInfo>
                        <ns5:JourneyPartRef>147837</ns5:JourneyPartRef>
                        <ns5:TrainNumberRef>1478371</ns5:TrainNumberRef>
                     </ns5:JourneyPartInfo>
                  </ns5:JourneyParts>
                  <ns5:MonitoredCall>
                     <ns5:StopPointRef>STIF:StopPoint:SP:50090634:</ns5:StopPointRef>
                     <ns5:StopPointName>Bretigny</ns5:StopPointName>
                     <ns5:VehicleAtStop>false</ns5:VehicleAtStop>
                     <ns5:PlatformTraversal>false</ns5:PlatformTraversal>
                     <ns5:DestinationDisplay>Dourdan</ns5:DestinationDisplay>
                     <ns5:AimedArrivalTime>2014-09-29T17:20:00.000+02:00</ns5:AimedArrivalTime>
                     <ns5:ExpectedArrivalTime>2014-09-29T17:20:00.000+02:00</ns5:ExpectedArrivalTime>
                     <ns5:ArrivalStatus>onTime</ns5:ArrivalStatus>
                     <ns5:ArrivalPlatformName>5</ns5:ArrivalPlatformName>
                     <ns5:AimedDepartureTime>2014-09-29T17:20:00.000+02:00</ns5:AimedDepartureTime>
                     <ns5:ExpectedDepartureTime>2014-09-29T17:20:00.000+02:00</ns5:ExpectedDepartureTime>
                     <ns5:DepartureStatus>onTime</ns5:DepartureStatus>
                     <ns5:DeparturePlatformName>5</ns5:DeparturePlatformName>
                     <ns5:DepartureBoardingActivity>boarding</ns5:DepartureBoardingActivity>
                  </ns5:MonitoredCall>
               </ns5:MonitoredVehicleJourney>
            </ns5:MonitoredStopVisit>
            <ns5:MonitoredStopVisit>
               <ns5:RecordedAtTime>2014-09-29T15:55:41.411+02:00</ns5:RecordedAtTime>
               <ns5:ItemIdentifier>SNCF-ACCES:Item::50090634_147337:LOC</ns5:ItemIdentifier>
               <ns5:MonitoringRef>STIF:StopPoint:SP:50090634:</ns5:MonitoringRef>
               <ns5:MonitoredVehicleJourney>
                  <ns5:LineRef>STIF:Line::C01678:</ns5:LineRef>
                  <ns5:FramedVehicleJourneyRef>
                     <ns5:DataFrameRef>any</ns5:DataFrameRef>
                     <ns5:DatedVehicleJourneyRef>SNCF-ACCES:VehicleJourney::147337_20140929:LOC</ns5:DatedVehicleJourneyRef>
                  </ns5:FramedVehicleJourneyRef>
                  <ns5:JourneyPatternName>BALI</ns5:JourneyPatternName>
                  <ns5:VehicleMode>rail</ns5:VehicleMode>
                  <ns5:PublishedLineName>PRG St Martin_St Quentin</ns5:PublishedLineName>
                  <ns5:GroupOfLinesRef>TER</ns5:GroupOfLinesRef>
                  <ns5:OperatorRef>SNCF-ACCES:Operator::SNCF:LOC</ns5:OperatorRef>
                  <ns5:VehicleFeatureRef>longTrain</ns5:VehicleFeatureRef>
                  <ns5:DestinationRef>STIF:StopPoint:SP:50090634:</ns5:DestinationRef>
                  <ns5:DestinationName>Bretigny</ns5:DestinationName>
                  <ns5:Monitored>true</ns5:Monitored>
                  <ns5:Delay>PT0.000S</ns5:Delay>
                  <ns5:TrainNumbers>
                     <ns5:TrainNumberRef>147337</ns5:TrainNumberRef>
                  </ns5:TrainNumbers>
                  <ns5:JourneyParts>
                     <ns5:JourneyPartInfo>
                        <ns5:JourneyPartRef>147337</ns5:JourneyPartRef>
                        <ns5:TrainNumberRef>1473371</ns5:TrainNumberRef>
                     </ns5:JourneyPartInfo>
                  </ns5:JourneyParts>
                  <ns5:MonitoredCall>
                     <ns5:StopPointRef>STIF:StopPoint:SP:50090634:</ns5:StopPointRef>
                     <ns5:StopPointName>Bretigny</ns5:StopPointName>
                     <ns5:VehicleAtStop>false</ns5:VehicleAtStop>
                     <ns5:PlatformTraversal>false</ns5:PlatformTraversal>
                     <ns5:DestinationDisplay>Bretigny</ns5:DestinationDisplay>
                     <ns5:AimedArrivalTime>2014-09-29T17:24:00.000+02:00</ns5:AimedArrivalTime>
                     <ns5:ExpectedArrivalTime>2014-09-29T17:24:00.000+02:00</ns5:ExpectedArrivalTime>
                     <ns5:ArrivalStatus>onTime</ns5:ArrivalStatus>
                     <ns5:ArrivalPlatformName>5</ns5:ArrivalPlatformName>
                     <ns5:AimedDepartureTime>2014-09-29T17:24:00.000+02:00</ns5:AimedDepartureTime>
                     <ns5:DeparturePlatformName>5</ns5:DeparturePlatformName>
                  </ns5:MonitoredCall>
               </ns5:MonitoredVehicleJourney>
            </ns5:MonitoredStopVisit>
            <ns5:MonitoredStopVisit>
               <ns5:RecordedAtTime>2014-09-29T15:55:41.417+02:00</ns5:RecordedAtTime>
               <ns5:ItemIdentifier>SNCF-ACCES:Item::50090634_148450:LOC</ns5:ItemIdentifier>
               <ns5:MonitoringRef>STIF:StopPoint:SP:50090634:</ns5:MonitoringRef>
               <ns5:MonitoredVehicleJourney>
                  <ns5:LineRef>STIF:Line::C01678:</ns5:LineRef>
                  <ns5:FramedVehicleJourneyRef>
                     <ns5:DataFrameRef>any</ns5:DataFrameRef>
                     <ns5:DatedVehicleJourneyRef>SNCF-ACCES:VehicleJourney::148450_20140929:LOC</ns5:DatedVehicleJourneyRef>
                  </ns5:FramedVehicleJourneyRef>
                  <ns5:JourneyPatternName>SARA</ns5:JourneyPatternName>
                  <ns5:VehicleMode>rail</ns5:VehicleMode>
                  <ns5:PublishedLineName>PRG St Martin_St Quentin</ns5:PublishedLineName>
                  <ns5:GroupOfLinesRef>TER</ns5:GroupOfLinesRef>
                  <ns5:OperatorRef>SNCF-ACCES:Operator::SNCF:LOC</ns5:OperatorRef>
                  <ns5:VehicleFeatureRef>longTrain</ns5:VehicleFeatureRef>
                  <ns5:DestinationRef>STIF:StopPoint:SP:50090573:</ns5:DestinationRef>
                  <ns5:DestinationName>St Quentin en Y</ns5:DestinationName>
                  <ns5:Monitored>true</ns5:Monitored>
                  <ns5:Delay>PT0.000S</ns5:Delay>
                  <ns5:TrainNumbers>
                     <ns5:TrainNumberRef>148450</ns5:TrainNumberRef>
                  </ns5:TrainNumbers>
                  <ns5:JourneyParts>
                     <ns5:JourneyPartInfo>
                        <ns5:JourneyPartRef>148450</ns5:JourneyPartRef>
                        <ns5:TrainNumberRef>1484502</ns5:TrainNumberRef>
                     </ns5:JourneyPartInfo>
                  </ns5:JourneyParts>
                  <ns5:MonitoredCall>
                     <ns5:StopPointRef>STIF:StopPoint:SP:50090634:</ns5:StopPointRef>
                     <ns5:StopPointName>Bretigny</ns5:StopPointName>
                     <ns5:VehicleAtStop>false</ns5:VehicleAtStop>
                     <ns5:PlatformTraversal>false</ns5:PlatformTraversal>
                     <ns5:DestinationDisplay>St Quentin en Y</ns5:DestinationDisplay>
                     <ns5:AimedArrivalTime>2014-09-29T17:25:00.000+02:00</ns5:AimedArrivalTime>
                     <ns5:ExpectedArrivalTime>2014-09-29T17:25:00.000+02:00</ns5:ExpectedArrivalTime>
                     <ns5:ArrivalStatus>onTime</ns5:ArrivalStatus>
                     <ns5:ArrivalPlatformName>6</ns5:ArrivalPlatformName>
                     <ns5:AimedDepartureTime>2014-09-29T17:25:00.000+02:00</ns5:AimedDepartureTime>
                     <ns5:ExpectedDepartureTime>2014-09-29T17:25:00.000+02:00</ns5:ExpectedDepartureTime>
                     <ns5:DepartureStatus>onTime</ns5:DepartureStatus>
                     <ns5:DeparturePlatformName>6</ns5:DeparturePlatformName>
                     <ns5:DepartureBoardingActivity>boarding</ns5:DepartureBoardingActivity>
                  </ns5:MonitoredCall>
               </ns5:MonitoredVehicleJourney>
            </ns5:MonitoredStopVisit>
            <ns5:MonitoredStopVisit>
               <ns5:RecordedAtTime>2014-09-29T15:55:41.414+02:00</ns5:RecordedAtTime>
               <ns5:ItemIdentifier>SNCF-ACCES:Item::50090634_147439:LOC</ns5:ItemIdentifier>
               <ns5:MonitoringRef>STIF:StopPoint:SP:50090634:</ns5:MonitoringRef>
               <ns5:MonitoredVehicleJourney>
                  <ns5:LineRef>STIF:Line::C01678:</ns5:LineRef>
                  <ns5:FramedVehicleJourneyRef>
                     <ns5:DataFrameRef>any</ns5:DataFrameRef>
                     <ns5:DatedVehicleJourneyRef>SNCF-ACCES:VehicleJourney::147439_20140929:LOC</ns5:DatedVehicleJourneyRef>
                  </ns5:FramedVehicleJourneyRef>
                  <ns5:JourneyPatternName>ELAO</ns5:JourneyPatternName>
                  <ns5:VehicleMode>rail</ns5:VehicleMode>
                  <ns5:PublishedLineName>PRG St Martin_St Quentin</ns5:PublishedLineName>
                  <ns5:GroupOfLinesRef>TER</ns5:GroupOfLinesRef>
                  <ns5:OperatorRef>SNCF-ACCES:Operator::SNCF:LOC</ns5:OperatorRef>
                  <ns5:VehicleFeatureRef>longTrain</ns5:VehicleFeatureRef>
                  <ns5:DestinationRef>STIF:StopPoint:SP:50090646:</ns5:DestinationRef>
                  <ns5:DestinationName>St  Martin d'Etampes</ns5:DestinationName>
                  <ns5:Monitored>true</ns5:Monitored>
                  <ns5:Delay>PT0.000S</ns5:Delay>
                  <ns5:TrainNumbers>
                     <ns5:TrainNumberRef>147439</ns5:TrainNumberRef>
                  </ns5:TrainNumbers>
                  <ns5:JourneyParts>
                     <ns5:JourneyPartInfo>
                        <ns5:JourneyPartRef>147439</ns5:JourneyPartRef>
                        <ns5:TrainNumberRef>1474391</ns5:TrainNumberRef>
                     </ns5:JourneyPartInfo>
                  </ns5:JourneyParts>
                  <ns5:MonitoredCall>
                     <ns5:StopPointRef>STIF:StopPoint:SP:50090634:</ns5:StopPointRef>
                     <ns5:StopPointName>Bretigny</ns5:StopPointName>
                     <ns5:VehicleAtStop>false</ns5:VehicleAtStop>
                     <ns5:PlatformTraversal>false</ns5:PlatformTraversal>
                     <ns5:DestinationDisplay>St Martin d'Etampes</ns5:DestinationDisplay>
                     <ns5:AimedArrivalTime>2014-09-29T17:25:00.000+02:00</ns5:AimedArrivalTime>
                     <ns5:ExpectedArrivalTime>2014-09-29T17:25:00.000+02:00</ns5:ExpectedArrivalTime>
                     <ns5:ArrivalStatus>onTime</ns5:ArrivalStatus>
                     <ns5:ArrivalPlatformName>3</ns5:ArrivalPlatformName>
                     <ns5:AimedDepartureTime>2014-09-29T17:25:00.000+02:00</ns5:AimedDepartureTime>
                     <ns5:ExpectedDepartureTime>2014-09-29T17:25:00.000+02:00</ns5:ExpectedDepartureTime>
                     <ns5:DepartureStatus>onTime</ns5:DepartureStatus>
                     <ns5:DeparturePlatformName>3</ns5:DeparturePlatformName>
                     <ns5:DepartureBoardingActivity>boarding</ns5:DepartureBoardingActivity>
                  </ns5:MonitoredCall>
               </ns5:MonitoredVehicleJourney>
            </ns5:MonitoredStopVisit>
            <ns5:MonitoredStopVisit>
               <ns5:RecordedAtTime>2014-09-29T15:55:41.420+02:00</ns5:RecordedAtTime>
               <ns5:ItemIdentifier>SNCF-ACCES:Item::50090634_147739:LOC</ns5:ItemIdentifier>
               <ns5:MonitoringRef>STIF:StopPoint:SP:50090634:</ns5:MonitoringRef>
               <ns5:MonitoredVehicleJourney>
                  <ns5:LineRef>STIF:Line::C01678:</ns5:LineRef>
                  <ns5:FramedVehicleJourneyRef>
                     <ns5:DataFrameRef>any</ns5:DataFrameRef>
                     <ns5:DatedVehicleJourneyRef>SNCF-ACCES:VehicleJourney::147739_20140929:LOC</ns5:DatedVehicleJourneyRef>
                  </ns5:FramedVehicleJourneyRef>
                  <ns5:JourneyPatternName>BALI</ns5:JourneyPatternName>
                  <ns5:VehicleMode>rail</ns5:VehicleMode>
                  <ns5:PublishedLineName>PRG St Martin_St Quentin</ns5:PublishedLineName>
                  <ns5:GroupOfLinesRef>TER</ns5:GroupOfLinesRef>
                  <ns5:OperatorRef>SNCF-ACCES:Operator::SNCF:LOC</ns5:OperatorRef>
                  <ns5:VehicleFeatureRef>longTrain</ns5:VehicleFeatureRef>
                  <ns5:DestinationRef>STIF:StopPoint:SP:50090634:</ns5:DestinationRef>
                  <ns5:DestinationName>Bretigny</ns5:DestinationName>
                  <ns5:Monitored>true</ns5:Monitored>
                  <ns5:Delay>PT0.000S</ns5:Delay>
                  <ns5:TrainNumbers>
                     <ns5:TrainNumberRef>147739</ns5:TrainNumberRef>
                  </ns5:TrainNumbers>
                  <ns5:JourneyParts>
                     <ns5:JourneyPartInfo>
                        <ns5:JourneyPartRef>147739</ns5:JourneyPartRef>
                        <ns5:TrainNumberRef>1477391</ns5:TrainNumberRef>
                     </ns5:JourneyPartInfo>
                  </ns5:JourneyParts>
                  <ns5:MonitoredCall>
                     <ns5:StopPointRef>STIF:StopPoint:SP:50090634:</ns5:StopPointRef>
                     <ns5:StopPointName>Bretigny</ns5:StopPointName>
                     <ns5:VehicleAtStop>false</ns5:VehicleAtStop>
                     <ns5:PlatformTraversal>false</ns5:PlatformTraversal>
                     <ns5:DestinationDisplay>Bretigny</ns5:DestinationDisplay>
                     <ns5:AimedArrivalTime>2014-09-29T17:29:00.000+02:00</ns5:AimedArrivalTime>
                     <ns5:ExpectedArrivalTime>2014-09-29T17:29:00.000+02:00</ns5:ExpectedArrivalTime>
                     <ns5:ArrivalStatus>onTime</ns5:ArrivalStatus>
                     <ns5:ArrivalPlatformName>3</ns5:ArrivalPlatformName>
                     <ns5:AimedDepartureTime>2014-09-29T17:29:00.000+02:00</ns5:AimedDepartureTime>
                     <ns5:DeparturePlatformName>3</ns5:DeparturePlatformName>
                  </ns5:MonitoredCall>
               </ns5:MonitoredVehicleJourney>
            </ns5:MonitoredStopVisit>
            <ns5:MonitoredStopVisit>
               <ns5:RecordedAtTime>2014-09-29T15:55:41.423+02:00</ns5:RecordedAtTime>
               <ns5:ItemIdentifier>SNCF-ACCES:Item::50090634_147839:LOC</ns5:ItemIdentifier>
               <ns5:MonitoringRef>STIF:StopPoint:SP:50090634:</ns5:MonitoringRef>
               <ns5:MonitoredVehicleJourney>
                  <ns5:LineRef>STIF:Line::C01678:</ns5:LineRef>
                  <ns5:FramedVehicleJourneyRef>
                     <ns5:DataFrameRef>any</ns5:DataFrameRef>
                     <ns5:DatedVehicleJourneyRef>SNCF-ACCES:VehicleJourney::147839_20140929:LOC</ns5:DatedVehicleJourneyRef>
                  </ns5:FramedVehicleJourneyRef>
                  <ns5:JourneyPatternName>DUFY</ns5:JourneyPatternName>
                  <ns5:VehicleMode>rail</ns5:VehicleMode>
                  <ns5:PublishedLineName>PRG Dourdan_St Quentin</ns5:PublishedLineName>
                  <ns5:GroupOfLinesRef>TER</ns5:GroupOfLinesRef>
                  <ns5:OperatorRef>SNCF-ACCES:Operator::SNCF:LOC</ns5:OperatorRef>
                  <ns5:VehicleFeatureRef>longTrain</ns5:VehicleFeatureRef>
                  <ns5:DestinationRef>STIF:StopPoint:SP:50090654:</ns5:DestinationRef>
                  <ns5:DestinationName>Dourdan</ns5:DestinationName>
                  <ns5:Monitored>true</ns5:Monitored>
                  <ns5:Delay>PT0.000S</ns5:Delay>
                  <ns5:TrainNumbers>
                     <ns5:TrainNumberRef>147839</ns5:TrainNumberRef>
                  </ns5:TrainNumbers>
                  <ns5:JourneyParts>
                     <ns5:JourneyPartInfo>
                        <ns5:JourneyPartRef>147839</ns5:JourneyPartRef>
                        <ns5:TrainNumberRef>1478391</ns5:TrainNumberRef>
                     </ns5:JourneyPartInfo>
                  </ns5:JourneyParts>
                  <ns5:MonitoredCall>
                     <ns5:StopPointRef>STIF:StopPoint:SP:50090634:</ns5:StopPointRef>
                     <ns5:StopPointName>Bretigny</ns5:StopPointName>
                     <ns5:VehicleAtStop>false</ns5:VehicleAtStop>
                     <ns5:PlatformTraversal>false</ns5:PlatformTraversal>
                     <ns5:DestinationDisplay>Dourdan</ns5:DestinationDisplay>
                     <ns5:AimedArrivalTime>2014-09-29T17:35:00.000+02:00</ns5:AimedArrivalTime>
                     <ns5:ExpectedArrivalTime>2014-09-29T17:35:00.000+02:00</ns5:ExpectedArrivalTime>
                     <ns5:ArrivalStatus>onTime</ns5:ArrivalStatus>
                     <ns5:ArrivalPlatformName>5</ns5:ArrivalPlatformName>
                     <ns5:AimedDepartureTime>2014-09-29T17:35:00.000+02:00</ns5:AimedDepartureTime>
                     <ns5:ExpectedDepartureTime>2014-09-29T17:35:00.000+02:00</ns5:ExpectedDepartureTime>
                     <ns5:DepartureStatus>onTime</ns5:DepartureStatus>
                     <ns5:DeparturePlatformName>5</ns5:DeparturePlatformName>
                     <ns5:DepartureBoardingActivity>boarding</ns5:DepartureBoardingActivity>
                  </ns5:MonitoredCall>
               </ns5:MonitoredVehicleJourney>
            </ns5:MonitoredStopVisit>
            <ns5:MonitoredStopVisit>
               <ns5:RecordedAtTime>2014-09-29T15:58:57.300+02:00</ns5:RecordedAtTime>
               <ns5:ItemIdentifier>SNCF-ACCES:Item::50090634_147339:LOC</ns5:ItemIdentifier>
               <ns5:MonitoringRef>STIF:StopPo int:SP:50090634:</ns5:MonitoringRef>
               <ns5:MonitoredVehicleJourney>
                  <ns5:LineRef>STIF:Line::C01678:</ns5:LineRef>
                  <ns5:FramedVehicleJourneyRef>
                     <ns5:DataFrameRef>any</ns5:DataFrameRef>
                     <ns5:DatedVehicleJourneyRef>SNCF-ACCES:VehicleJourney::147339_20140929:LOC</ns5:DatedVehicleJourneyRef>
                  </ns5:FramedVehicleJourneyRef>
                  <ns5:JourneyPatternName>BALI</ns5:JourneyPatternName>
                  <ns5:VehicleMode>rail</ns5:VehicleMode>
                  <ns5:PublishedLineName>PRG Dourdan/St Martin_Pontoise</ns5:PublishedLineName>
                  <ns5:GroupOfLinesRef>TER</ns5:GroupOfLinesRef>
                  <ns5:OperatorRef>SNCF-ACCES:Operator::SNCF:LOC</ns5:OperatorRef>
                  <ns5:VehicleFeatureRef>longTrain</ns5:VehicleFeatureRef>
                  <ns5:DestinationRef>STIF:StopPoint:SP:50090634:</ns5:DestinationRef>
                  <ns5:DestinationName>Bretigny</ns5:DestinationName>
                  <ns5:Monitored>true</ns5:Monitored>
                  <ns5:Delay>PT0.000S</ns5:Delay>
                  <ns5:TrainNumbers>
                     <ns5:TrainNumberRef>147339</ns5:TrainNumberRef>
                  </ns5:TrainNumbers>
                  <ns5:JourneyParts>
                     <ns5:JourneyPartInfo>
                        <ns5:JourneyPartRef>147339</ns5:JourneyPartRef>
                        <ns5:TrainNumberRef>1473391</ns5:TrainNumberRef>
                     </ns5:JourneyPartInfo>
                  </ns5:JourneyParts>
                  <ns5:MonitoredCall>
                     <ns5:StopPointRef>STIF:StopPoint:SP:50090634:</ns5:StopPointRef>
                     <ns5:StopPointName>Bretigny</ns5:StopPointName>
                     <ns5:VehicleAtStop>false</ns5:VehicleAtStop>
                     <ns5:PlatformTraversal>false</ns5:PlatformTraversal>
                     <ns5:DestinationDisplay>Bretigny</ns5:DestinationDisplay>
                     <ns5:AimedArrivalTime>2014-09-29T17:39:00.000+02:00</ns5:AimedArrivalTime>
                     <ns5:ExpectedArrivalTime>2014-09-29T17:39:00.000+02:00</ns5:ExpectedArrivalTime>
                     <ns5:ArrivalStatus>onTime</ns5:ArrivalStatus>
                     <ns5:ArrivalPlatformName>5</ns5:ArrivalPlatformName>
                     <ns5:AimedDepartureTime>2014-09-29T17:39:00.000+02:00</ns5:AimedDepartureTime>
                     <ns5:DeparturePlatformName>5</ns5:DeparturePlatformName>
                  </ns5:MonitoredCall>
               </ns5:MonitoredVehicleJourney>
            </ns5:MonitoredStopVisit>
            <ns5:MonitoredStopVisit>
               <ns5:RecordedAtTime>2014-09-29T15:55:41.429+02:00</ns5:RecordedAtTime>
               <ns5:ItemIdentifier>SNCF-ACCES:Item::50090634_147441:LOC</ns5:ItemIdentifier>
               <ns5:MonitoringRef>STIF:StopPoint:SP:50090634:</ns5:MonitoringRef>
               <ns5:MonitoredVehicleJourney>
                  <ns5:LineRef>STIF:Line::C0167 8:</ns5:LineRef>
                  <ns5:FramedVehicleJourneyRef>
                     <ns5:DataFrameRef>any</ns5:DataFrameRef>
                     <ns5:DatedVehicleJourneyRef>SNCF-ACCES:VehicleJourney::147441_20140929:LOC</ns5:DatedVehicleJourneyRef>
                  </ns5:FramedVehicleJourneyRef>
                  <ns5:JourneyPatternName>ELAO</ns5:JourneyPatternName>
                  <ns5:VehicleMode>rail</ns5:VehicleMode>
                  <ns5:PublishedLineName>PRG St Martin_St Quentin</ns5:PublishedLineName>
                  <ns5:GroupOfLinesRef>TER</ns5:GroupOfLinesRef>
                  <ns5:OperatorRef>SNCF-ACCES:Operator::SNCF:LOC</ns5:OperatorRef>
                  <ns5:VehicleFeatureRef>longTrain</ns5:VehicleFeatureRef>
                  <ns5:DestinationRef>STIF:StopPoint:SP:50090646:</ns5:DestinationRef>
                  <ns5:DestinationName>St Martin d'Etampes</ns5:DestinationName>
                  <ns5:Monitored>true</ns5:Monitored>
                  <ns5:Delay>PT0.000S</ns5:Delay>
                  <ns5:TrainNumbers>
                     <ns5:TrainNumberRef>147441</ns5:TrainNumberRef>
                  </ns5:TrainNumbers>
                  <ns5:JourneyParts>
                     <ns5:JourneyPartInfo>
                        <ns5:JourneyPartRef>147441</ns5:JourneyPartRef>
                        <ns5:TrainNumberRef>1474411</ns5:TrainNumberRef>
                     </ns5:JourneyPartInfo>
                  </ns5:JourneyParts>
                  <ns5:MonitoredCall>
                     <ns5:StopPointRef>STIF:StopPoint:SP:50090634:</ns5:StopPointRef>
                     <ns5:StopPointName>Bretigny</ns5:StopPointName>
                     <ns5:VehicleAtStop>false</ns5:VehicleAtStop>
                     <ns5:PlatformTraversal>false</ns5:PlatformTraversal>
                     <ns5:DestinationDisplay>St Martin d'Etampes</ns5:DestinationDisplay>
                     <ns5:AimedArrivalTime>2014-09-29T17:40:00.000+02:00</ns5:AimedArrivalTime>
                     <ns5:ExpectedArrivalTime>2014-09-29T17:40:00.000+02:00</ns5:ExpectedArrivalTime>
                     <ns5:ArrivalStatus>onTime</ns5:ArrivalStatus>
                     <ns5:ArrivalPlatformName>3</ns5:ArrivalPlatformName>
                     <ns5:AimedDepartureTime>2014-09-29T17:40:00.000+02:00</ns5:AimedDepartureTime>
                     <ns5:ExpectedDepartureTime>2014-09-29T17:40:00.000+02:00</ns5:ExpectedDepartureTime>
                     <ns5:DepartureStatus>onTime</ns5:DepartureStatus>
                     <ns5:DeparturePlatformName>3</ns5:DeparturePlatformName>
                     <ns5:DepartureBoardingActivity>boarding</ns5:DepartureBoardingActivity>
                  </ns5:MonitoredCall>
               </ns5:MonitoredVehicleJourney>
            </ns5:MonitoredStopVisit>
            <ns5:MonitoredStopVisit>
               <ns5:RecordedAtTime>2014-09-29T15:55:41.432+02:00</ns5:RecordedAtTime>
               <ns5:ItemIdentifier>SNCF-ACCES:Item::50090634_148852:LOC</ns5:ItemIdentifier>
               <ns5:MonitoringRef>STIF:StopPoint:SP:50090634:</ns5:MonitoringRef>
               <ns5:MonitoredVehicleJourney>
                  <ns5:LineRef>STIF:Line::C01678:</ns5:LineRef>
                  <ns5:FramedVehicleJourneyRef>
                     <ns5:DataFrameRef>any</ns5:DataFrameRef>
                     <ns5:DatedVehicleJourneyRef>SNCF-ACCES:VehicleJourney::148852_20140929:LOC</ns5:DatedVehicleJourneyRef>
                  </ns5:FramedVehicleJourneyRef>
                  <ns5:JourneyPatternName>SARA</ns5:JourneyPatternName>
                  <ns5:VehicleMode>rail</ns5:VehicleMode>
                  <ns5:PublishedLineName>PRG Dourdan_St Quentin</ns5:PublishedLineName>
                  <ns5:GroupOfLinesRef>TER</ns5:GroupOfLinesRef>
                  <ns5:OperatorRef>SNCF-ACCES:Operator::SNCF:LOC</ns5:OperatorRef>
                  <ns5:VehicleFeatureRef>longTrain</ns5:VehicleFeatureRef>
                  <ns5:DestinationRef>STIF:StopPoint:SP:50090573:</ns5:DestinationRef>
                  <ns5:DestinationName>St Quentin en Y</ns5:DestinationName>
                  <ns5:Monitored>true</ns5:Monitored>
                  <ns5:Delay>PT0.000S</ns5:Delay>
                  <ns5:TrainNumbers>
                     <ns5:TrainNumberRef>148852</ns5:TrainNumberRef>
                  </ns5:TrainNumbers>
                  <ns5:JourneyParts>
                     <ns5:JourneyPartInfo>
                        <ns5:JourneyPartRef>148852</ns5:JourneyPartRef>
                        <ns5:TrainNumberRef>1488522</ns5:TrainNumberRef>
                     </ns5:JourneyPartInfo>
                  </ns5:JourneyParts>
                  <ns5:MonitoredCall>
                     <ns5:StopPointRef>STIF:StopPoint:SP:50090634:</ns5:StopPointRef>
                     <ns5:StopPointName>Bretigny</ns5:StopPointName>
                     <ns5:VehicleAtStop>false</ns5:VehicleAtStop>
                     <ns5:PlatformTraversal>false</ns5:PlatformTraversal>
                     <ns5:DestinationDisplay>St Quentin en Y</ns5:DestinationDisplay>
                     <ns5:AimedArrivalTime>2014-09-29T17:41:00.000+02:00</ns5:AimedArrivalTime>
                     <ns5:ExpectedArrivalTime>2014-09-29T17:41:00.000+02:00</ns5:ExpectedArrivalTime>
                     <ns5:ArrivalStatus>onTime</ns5:ArrivalStatus>
                     <ns5:ArrivalPlatformName>6</ns5:ArrivalPlatformName>
                     <ns5:AimedDepartureTime>2014-09-29T17:41:00.000+02:00</ns5:AimedDepartureTime>
                     <ns5:ExpectedDepartureTime>2014-09-29T17:41:00.000+02:00</ns5:ExpectedDepartureTime>
                     <ns5:DepartureStatus>onTime</ns5:DepartureStatus>
                     <ns5:DeparturePlatformName>6</ns5:DeparturePlatformName>
                     <ns5:DepartureBoardingActivity>boarding</ns5:DepartureBoardingActivity>
                  </ns5:MonitoredCall>
               </ns5:MonitoredVehicleJourney>
            </ns5:MonitoredStopVisit>
            <ns5:MonitoredStopVisit>
               <ns5:RecordedAtTime>2014-09-29T15:55:41.435+02:00</ns5:RecordedAtTime>
               <ns5:ItemIdentifier>SNCF-ACCES:Item::50090634_147741:LOC</ns5:ItemIdentifier>
               <ns5:MonitoringRef>STIF:StopPoint:SP:50090634:</ns5:MonitoringRef>
               <ns5:MonitoredVehicleJourney>
                  <ns5:LineRef>STIF:Line::C01678:</ns5:LineRef>
                  <ns5:FramedVehicleJourneyRef>
                     <ns5:DataFrameRef>any</ns5:DataFrameRef>
                     <ns5:DatedVehicleJourneyRef>SNCF-ACCES:VehicleJourney::147741_20140929:LOC</ns5:DatedVehicleJourneyRef>
                  </ns5:FramedVehicleJourneyRef>
                  <ns5:JourneyPatternName>BALI</ns5:JourneyPatternName>
                  <ns5:VehicleMode>rail</ns5:VehicleMode>
                  <ns5:PublishedLineName>PRG St Martin_St Quentin</ns5:PublishedLineName>
                  <ns5:GroupOfLinesRef>TER</ns5:GroupOfLinesRef>
                  <ns5:OperatorRef>SNCF-ACCES:Operator::SNCF:LOC</ns5:OperatorRef>
                  <ns5:VehicleFeatureRef>longTrain</ns5:VehicleFeatureRef>
                  <ns5:DestinationRef>STIF:StopPoint:SP:50090634:</ns5:DestinationRef>
                  <ns5:DestinationName>Bretigny</ns5:DestinationName>
                  <ns5:Monitored>true</ns5:Monitored>
                  <ns5:Delay>PT0.000S</ns5:Delay>
                  <ns5:TrainNumbers>
                     <ns5:TrainNumberRef>147741</ns5:TrainNumberRef>
                  </ns5:TrainNumbers>
                  <ns5:JourneyParts>
                     <ns5:JourneyPartInfo>
                        <ns5:JourneyPartRef>147741</ns5:JourneyPartRef>
                        <ns5:TrainNumberRef>1477411</ns5:TrainNumberRef>
                     </ns5:JourneyPartInfo>
                  </ns5:JourneyParts>
                  <ns5:MonitoredCall>
                     <ns5:StopPointRef>STIF:StopPoint:SP:50090634:</ns5:StopPointRef>
                     <ns5:StopPointName>Bretigny</ns5:StopPointName>
                     <ns5:VehicleAtStop>false</ns5:VehicleAtStop>
                     <ns5:PlatformTraversal>false</ns5:PlatformTraversal>
                     <ns5:DestinationDisplay>Bretigny</ns5:DestinationDisplay>
                     <ns5:AimedArrivalTime>2014-09-29T17:44:00.000+02:00</ns5:AimedArrivalTime>
                     <ns5:ExpectedArrivalTime>2014-09-29T17:44:00.000+02:00</ns5:ExpectedArrivalTime>
                     <ns5:ArrivalStatus>onTime</ns5:ArrivalStatus>
                     <ns5:ArrivalPlatformName>3</ns5:ArrivalPlatformName>
                     <ns5:AimedDepartureTime>2014-09-29T17:44:00.000+02:00</ns5:AimedDepartureTime>
                     <ns5:DeparturePlatformName>3</ns5:DeparturePlatformName>
                  </ns5:MonitoredCall>
               </ns5:MonitoredVehicleJourney>
            </ns5:MonitoredStopVisit>
         </ns5:StopMonitoringDelivery>
         <ns5:StopMonitoringDelivery version="2.0[FR-IDF-2.4]">
            <ns5:ResponseTimestamp>2014-09-29T15:59:53.060+02:00</ns5:ResponseTimestamp>
            <ns5:MonitoredStopVisit>
               <ns5:RecordedAtTime>2014-09-29T15:55:01.901+02:00</ns5:RecordedAtTime>
               <ns5:ItemIdentifier>SNCF-ACCES:Item::50090637_148438:LOC</ns5:ItemIdentifier>
               <ns5:MonitoringRef>STIF:StopPoint:SP:5 0090637:</ns5:MonitoringRef>
               <ns5:MonitoredVehicleJourney>
                  <ns5:LineRef>STIF:Line::C01678:</ns5:LineRef>
                  <ns5:FramedVehicleJourneyRef>
                     <ns5:DataFrameRef>any</ns5:DataFrameRef>
                     <ns5:DatedVehicleJourneyRef>SNCF-ACCES:VehicleJourney::148438_20140929:LOC</ns5:DatedVehicleJourneyRef>
                  </ns5:FramedVehicleJourneyRef>
                  <ns5:JourneyPatternName>SARA</ns5:JourneyPatternName>
                  <ns5:VehicleMode>rail</ns5:VehicleMode>
                  <ns5:PublishedLineName>PRG St Martin_St Quentin</ns5:PublishedLineName>
                  <ns5:GroupOfLinesRef>TER</ns5:GroupOfLinesRef>
                  <ns5:OperatorRef>SNCF-ACCES:Operator::SNCF:LOC</ns5:OperatorRef>
                  <ns5:VehicleFeatureRef>longTrain</ns5:VehicleFeatureRef>
                  <ns5:DestinationRef>STIF:StopPoint:SP:50090573:</ns5:DestinationRef>
                  <ns5:DestinationName>St Quentin en Y</ns5:DestinationName>
                  <ns5:Monitored>true</ns5:Monitored>
                  <ns5:TrainNumbers>
                     <ns5:TrainNumberRef>148438</ns5:TrainNumberRef>
                  </ns5:TrainNumbers>
                  <ns5:JourneyParts>
                     <ns5:JourneyPartInfo>
                        <ns5:JourneyPartRef>148438</ns5:JourneyPartRef>
                        <ns5:TrainNumberRef>1484382</ns5:TrainNumberRef>
                     </ns5:JourneyPartInfo>
                  </ns5:JourneyParts>
                  <ns5:MonitoredCall>
                     <ns5:StopPointRef>STIF:StopPoint:SP:50090637:</ns5:StopPointRef>
                     <ns5:StopPointName>Epinay sur Orge</ns5:StopPointName>
                     <ns5:VehicleAtStop>false</ns5:VehicleAtStop>
                     <ns5:PlatformTraversal>false</ns5:PlatformTraversal>
                     <ns5:DestinationDisplay>St Quentin e n Y</ns5:DestinationDisplay>
                     <ns5:AimedArrivalTime>2014-09-29T16:05:00.000+02:00</ns5:AimedArrivalTime>
                     <ns5:ArrivalStatus>delayed</ns5:ArrivalStatus>
                     <ns5:ArrivalPlatformName>2B</ns5:ArrivalPlatformName>
                     <ns5:AimedDepartureTime>2014-09-29T16:05:00.000+02:00</ns5:AimedDepartureTime>
                     <ns5:DepartureStatus>delayed</ns5:DepartureStatus>
                     <ns5:DeparturePlatformName>2B</ns5:DeparturePlatformName>
                     <ns5:DepartureBoardingActivity>boarding</ns5:DepartureBoardingActivity>
                  </ns5:MonitoredCall>
               </ns5:MonitoredVehicleJourney>
            </ns5:MonitoredStopVisit>
            <ns5:MonitoredStopVisit>
               <ns5:RecordedAtTime>2014-09-29T15:59:45.832+02:00</ns5:RecordedAtTime>
               <ns5:ItemIdentifier>SNCF-ACCES:Item::50090637_145829:LOC</ns5:ItemIdentifier>
               <ns5:MonitoringRef>STIF:StopPoint:SP:50090637:</ns5:MonitoringRef>
               <ns5:MonitoredVehicleJourney>
                  <ns5:LineRef>STIF:Line::C01678:</ns5:LineRef>
                  <ns5:FramedVehicleJourneyRef>
                     <ns5:DataFrameRef>any</ns5:DataFrameRef>
                     <ns5:DatedVehicleJourneyRef>SNCF-ACCES:VehicleJourney::145829_20140929:LOC</ns5:DatedVehicleJourneyRef>
                  </ns5:FramedVehicleJourneyRef>
                  <ns5:JourneyPatternName>DEBO</ns5:JourneyPatternName>
                  <ns5:VehicleMode>rail</ns5:VehicleMode>
                  <ns5:PublishedLineName>PRG Dourdan/St Martin_Pontoise</ns5:PublishedLineName>
                  <ns5:GroupOfLinesRef>TER</ns5:GroupOfLinesRef>
                  <ns5:OperatorRef>SNCF-ACCES:Operator::SNCF:LOC</ns5:OperatorRef>
                  <ns5:VehicleFeatureRef>longTrain</ns5:VehicleFeatureRef>
                  <ns5:DestinationRef>STIF:StopPoint:SP:50090622:</ns5:DestinationRef>
                  <ns5:DestinationName>Dourdan La For..t</ns5:DestinationName>
                  <ns5:Monitored>true</ns5:Monitored>
                  <ns5:TrainNumbers>
                     <ns5:TrainNumberRef>145829</ns5:TrainNumberRef>
                  </ns5:TrainNumbers>
                  <ns5:JourneyParts>
                     <ns5:JourneyPartInfo>
                        <ns5:JourneyPartRef>145829</ns5:JourneyPartRef>
                        <ns5:TrainNumberRef>1458291</ns5:TrainNumberRef>
                     </ns5:JourneyPartInfo>
                  </ns5:JourneyParts>
                  <ns5:MonitoredCall>
                     <ns5:StopPointRef>STIF:StopPoint:SP:50090637:</ns5:StopPointRef>
                     <ns5:StopPointName>Epinay sur Orge</ns5:StopPointName>
                     <ns5:VehicleAtStop>false</ns5:VehicleAtStop>
                     <ns5:PlatformTraversal>false</ns5:PlatformTraversal>
                     <ns5:DestinationDisplay>Dourdan La For..t</ns5:DestinationDisplay>
                     <ns5:AimedArrivalTime>2014-09-29T16:10:00.000+02:00</ns5:AimedArrivalTime>
                     <ns5:ArrivalStatus>delayed</ns5:ArrivalStatus>
                     <ns5:ArrivalPlatformName>1B</ns5:ArrivalPlatformName>
                     <ns5:AimedDepartureTime>2014-09-29T16:10:00.000+02:00</ns5:AimedDepartureTime>
                     <ns5:DepartureStatus>delayed</ns5:DepartureStatus>
                     <ns5:DeparturePlatformName>1B</ns5:DeparturePlatformName>
                     <ns5:DepartureBoardingActivity>boarding</ns5:DepartureBoardingActivity>
                  </ns5:MonitoredCall>
               </ns5:MonitoredVehicleJourney>
            </ns5:MonitoredStopVisit>
            <ns5:MonitoredStopVisit>
               <ns5:RecordedAtTime>2014-09-29T15:55:02.042+02:00</ns5:RecordedAtTime>
               <ns5:ItemIdentifier>SNCF-ACCES:Item::50090637_148840:LOC</ns5:ItemIdentifier>
               <ns5:MonitoringRef>STIF:StopPoint:SP:50090637:</ns5:MonitoringRef>
               <ns5:MonitoredVehicleJourney>
                  <ns5:LineRef>STIF:Line::C01678:</ns5:LineRef>
                  <ns5:FramedVehicleJourneyRef>
                     <ns5:DataFrameRef>any</ns5:DataFrameRef>
                     <ns5:DatedVehicleJourneyRef>SNCF-ACCES:VehicleJourney::148840_20140929:LOC</ns5:DatedVehicleJourneyRef>
                  </ns5:FramedVehicleJourneyRef>
                  <ns5:JourneyPatternName>SARA</ns5:JourneyPatternName>
                  <ns5:VehicleMode>rail</ns5:VehicleMode>
                  <ns5:PublishedLineName>PRG Dourdan_St Quentin</ns5:PublishedLineName>
                  <ns5:GroupOfLinesRef>TER</ns5:GroupOfLinesRef>
                  <ns5:OperatorRef>SNCF-ACCES:Operator::SNCF:LOC</ns5:OperatorRef>
                  <ns5:VehicleFeatureRef>longTrain</ns5:VehicleFeatureRef>
                  <ns5:DestinationRef>STIF:StopPoint:SP:50090573:</ns5:DestinationRef>
                  <ns5:DestinationName>St Quentin en Y</ns5:DestinationName>
                  <ns5:Monitored>true</ns5:Monitored>
                  <ns5:TrainNumbers>
                     <ns5:TrainNumberRef>148840</ns5:TrainNumberRef>
                  </ns5:TrainNumbers>
                  <ns5:JourneyParts>
                     <ns5:JourneyPartInfo>
                        <ns5:JourneyPartRef>148840</ns5:JourneyPartRef>
                        <ns5:TrainNumberRef>1488402</ns5:TrainNumberRef>
                     </ns5:JourneyPartInfo>
                  </ns5:JourneyParts>
                  <ns5:MonitoredCall>
                     <ns5:StopPointRef>STIF:StopPoint:SP:50090637:</ns5:StopPointRef>
                     <ns5:StopPointName>Epinay sur Orge</ns5:StopPointName>
                     <ns5:VehicleAtStop>false</ns5:VehicleAtStop>
                     <ns5:PlatformTraversal>false</ns5:PlatformTraversal>
                     <ns5:DestinationDisplay>St Quentin en Y</ns5:DestinationDisplay>
                     <ns5:AimedArrivalTime>2014-09-29T16:21:00.000+02:00</ns5:AimedArrivalTime>
                     <ns5:ArrivalStatus>delayed</ns5:ArrivalStatus>
                     <ns5:ArrivalPlatformName>2B</ns5:ArrivalPlatformName>
                     <ns5:AimedDepartureTime>2014-09-29T16:21:00.000+02:00</ns5:AimedDepartureTime>
                     <ns5:DepartureStatus>delayed</ns5:DepartureStatus>
                     <ns5:DeparturePlatformName>2B</ns5:DeparturePlatformName>
                     <ns5:DepartureBoardingActivity>boarding</ns5:DepartureBoardingActivity>
                  </ns5:MonitoredCall>
               </ns5:MonitoredVehicleJourney>
            </ns5:MonitoredStopVisit>
            <ns5:MonitoredStopVisit>
               <ns5:RecordedAtTime>2014-09-29T15:59:45.996+02:00</ns5:RecordedAtTime>
               <ns5:ItemIdentifier>SNCF-ACCES:Item::50090637_147431:LOC</ns5:ItemIdentifier>
               <ns5:MonitoringRef>STIF:StopPoint:SP:50090637:</ns5:MonitoringRef>
               <ns5:MonitoredVehicleJourney>
                  <ns5:LineRef>STIF:Line::C01678:</ns5:LineRef>
                  <ns5:FramedVehicleJourneyRef>
                     <ns5:DataFrameRef>any</ns5:DataFrameRef>
                     <ns5:DatedVehicleJourneyRef>SNCF-ACCES:VehicleJourney::147431_20140929:LOC</ns5:DatedVehicleJourneyRef>
                  </ns5:FramedVehicleJourneyRef>
                  <ns5:JourneyPatternName>ELBA</ns5:JourneyPatternName>
                  <ns5:VehicleMode>rail</ns5:VehicleMode>
                  <ns5:PublishedLineName>PRG St Martin_St Quentin</ns5:PublishedLineName>
                  <ns5:GroupOfLinesRef>TER</ns5:GroupOfLinesRef>
                  <ns5:OperatorRef>SNCF-ACCES:Operator::SNCF:LOC</ns5:OperatorRef>
                  <ns5:VehicleFeatureRef>longTrain</ns5:VehicleFeatureRef>
                  <ns5:DestinationRef>STIF:StopPoint:SP:50090646:</ns5:DestinationRef>
                  <ns5:DestinationName>St Martin d'Etampes</ns5:DestinationName>
                  <ns5:Monitored>true</ns5:Monitored>
                  <ns5:TrainNumbers>
                     <ns5:TrainNumberRef>147431</ns5:TrainNumberRef>
                  </ns5:TrainNumbers>
                  <ns5:JourneyParts>
                     <ns5:JourneyPartInfo>
                        <ns5:JourneyPartRef>147431</ns5:JourneyPartRef>
                        <ns5:TrainNumberRef>1474311</ns5:TrainNumberRef>
                     </ns5:JourneyPartInfo>
                  </ns5:JourneyParts>
                  <ns5:MonitoredCall>
                     <ns5:StopPointRef>STIF:StopPoint:SP:50090637:</ns5:StopPointRef>
                     <ns5:StopPointName>Epinay sur Orge</ns5:StopPointName>
                     <ns5:VehicleAtStop>false</ns5:VehicleAtStop>
                     <ns5:PlatformTraversal>false</ns5:PlatformTraversal>
                     <ns5:DestinationDisplay>St Martin d'Etampes</ns5:DestinationDisplay>
                     <ns5:AimedArrivalTime>2014-09-29T16:25:00.000+02:00</ns5:AimedArrivalTime>
                     <ns5:ArrivalStatus>delayed</ns5:ArrivalStatus>
                     <ns5:ArrivalPlatformName>1B</ns5:ArrivalPlatformName>
                     <ns5:AimedDepartureTime>2014-09-29T16:25:00.000+02:00</ns5:AimedDepartureTime>
                     <ns5:DepartureStatus>delayed</ns5:DepartureStatus>
                     <ns5:DeparturePlatformName>1B</ns5:DeparturePlatformName>
                     <ns5:DepartureBoardingActivity>boarding</ns5:DepartureBoardingActivity>
                  </ns5:MonitoredCall>
               </ns5:MonitoredVehicleJourney>
            </ns5:MonitoredStopVisit>
            <ns5:MonitoredStopVisit>
               <ns5:RecordedAtTime>2014-09-29T15:55:02.248+02:00</ns5:RecordedAtTime>
               <ns5:ItemIdentifier>SNCF-ACCES:Item::50090637_148442:LOC</ns5:ItemIdentifier>
               <ns5:MonitoringRef>STIF:StopPoint:SP:50090637:</ns5:MonitoringRef>
               <ns5:MonitoredVehicleJourney>
                  <ns5:LineRef>STIF:Line::C01678:</ns5:LineRef>
                  <ns5:FramedVehicleJourneyRef>
                     <ns5:DataFrameRef>any</ns5:DataFrameRef>
                     <ns5:DatedVehicleJourneyRef>SNCF-ACCES:VehicleJourney::148442_20140929:LOC</ns5:DatedVehicleJourneyRef>
                  </ns5:FramedVehicleJourneyRef>
                  <ns5:JourneyPatternName>SARA</ns5:JourneyPatternName>
                  <ns5:VehicleMode>rail</ns5:VehicleMode>
                  <ns5:PublishedLineName>PRG St Martin_St Quentin</ns5:PublishedLineName>
                  <ns5:GroupOfLinesRef>TER</ns5:GroupOfLinesRef>
                  <ns5:OperatorRef>SNCF-ACCES:Operator::SNCF:LOC</ns5:OperatorRef>
                  <ns5:VehicleFeatureRef>longTrain</ns5:VehicleFeatureRef>
                  <ns5:DestinationRef>STIF:StopPoint:SP:50090573:</ns5:DestinationRef>
                  <ns5:DestinationName>St Quentin en Y</ns5:DestinationName>
                  <ns5:Monitored>true</ns5:Monitored>
                  <ns5:Delay>PT0.000S</ns5:Delay>
                  <ns5:TrainNumbers>
                     <ns5:TrainNumberRef>148442</ns5:TrainNumberRef>
                  </ns5:TrainNumbers>
                  <ns5:JourneyParts>
                     <ns5:JourneyPartInfo>
                        <ns5:JourneyPartRef>148442</ns5:JourneyPartRef>
                        <ns5:TrainNumberRef>1484422</ns5:TrainNumberRef>
                     </ns5:JourneyPartInfo>
                  </ns5:JourneyParts>
                  <ns5:MonitoredCall>
                     <ns5:StopPointRef>STIF:StopPoint:SP:50090637:</ns5:StopPointRef>
                     <ns5:StopPointName>Epinay sur Orge</ns5:StopPointName>
                     <ns5:VehicleAtStop>false</ns5:VehicleAtStop>
                     <ns5:PlatformTraversal>false</ns5:PlatformTraversal>
                     <ns5:DestinationDisplay>St Quentin en Y</ns5:DestinationDisplay>
                     <ns5:AimedArrivalTime>2014-09-29T16:35:00.000+02:00</ns5:AimedArrivalTime>
                     <ns5:ExpectedArrivalTime>2014-09-29T16:35:00.000+02:00</ns5:ExpectedArrivalTime>
                     <ns5:ArrivalStatus>onTime</ns5:ArrivalStatus>
                     <ns5:ArrivalPlatformName>2B</ns5:ArrivalPlatformName>
                     <ns5:AimedDepartureTime>2014-09-29T16:35:00.000+02:00</ns5:AimedDepartureTime>
                     <ns5:ExpectedDepartureTime>2014-09-29T16:35:00.000+02:00</ns5:ExpectedDepartureTime>
                     <ns5:DepartureStatus>onTime</ns5:DepartureStatus>
                     <ns5:DeparturePlatformName>2B</ns5:DeparturePlatformName>
                     <ns5:DepartureBoardingActivity>boarding</ns5:DepartureBoardingActivity>
                  </ns5:MonitoredCall>
               </ns5:MonitoredVehicleJourney>
            </ns5:MonitoredStopVisit>
            <ns5:MonitoredStopVisit>
               <ns5:RecordedAtTime>2014-09-29T15:59:46.281+02:00</ns5:RecordedAtTime>
               <ns5:ItemIdentifier>SNCF-ACCES:Item::50090637_145833:LOC</ns5:ItemIdentifier>
               <ns5:MonitoringRef>STIF:StopPoint:SP:50090637:</ns5:MonitoringRef>
               <ns5:MonitoredVehicleJourney>
                  <ns5:LineRef>STIF:Line::C01678:</ns5:LineRef>
                  <ns5:FramedVehicleJourneyRef>
                     <ns5:DataFrameRef>any</ns5:DataFrameRef>
                     <ns5:DatedVehicleJourneyRef>SNCF-ACCES:VehicleJourney::145833_20140929:LOC</ns5:DatedVehicleJourneyRef>
                  </ns5:FramedVehicleJourneyRef>
                  <ns5:JourneyPatternName>DEBO</ns5:JourneyPatternName>
                  <ns5:VehicleMode>rail</ns5:VehicleMode>
                  <ns5:PublishedLineName>PRG Dourdan/St Martin_Pontoise</ns5:PublishedLineName>
                  <ns5:GroupOfLinesRef>TER</ns5:GroupOfLinesRef>
                  <ns5:OperatorRef>SNCF-ACCES:Operator::SNCF:LOC</ns5:OperatorRef>
                  <ns5:VehicleFeatureRef>longTrain</ns5:VehicleFeatureRef>
                  <ns5:DestinationRef>STIF:StopPoint:SP:50090622:</ns5:DestinationRef>
                  <ns5:DestinationName>Dourdan La For..t</ns5:DestinationName>
                  <ns5:Monitored>true</ns5:Monitored>
                  <ns5:Delay>PT0.000S</ns5:Delay>
                  <ns5:TrainNumbers>
                     <ns5:TrainNumberRef>145833</ns5:TrainNumberRef>
                  </ns5:TrainNumbers>
                  <ns5:JourneyParts>
                     <ns5:JourneyPartInfo>
                        <ns5:JourneyPartRef>145833</ns5:JourneyPartRef>
                        <ns5:TrainNumberRef>1458331</ns5:TrainNumberRef>
                     </ns5:JourneyPartInfo>
                  </ns5:JourneyParts>
                  <ns5:MonitoredCall>
                     <ns5:StopPointRef>STIF:StopPoint:SP:50090637:</ns5:StopPointRef>
                     <ns5:StopPointName>Epinay sur Orge</ns5:StopPointName>
                     <ns5:VehicleAtStop>false</ns5:VehicleAtStop>
                     <ns5:PlatformTraversal>false</ns5:PlatformTraversal>
                     <ns5:DestinationDisplay>Dourdan L a For..t</ns5:DestinationDisplay>
                     <ns5:AimedArrivalTime>2014-09-29T16:40:00.000+02:00</ns5:AimedArrivalTime>
                     <ns5:ExpectedArrivalTime>2014-09-29T16:40:00.000+02:00</ns5:ExpectedArrivalTime>
                     <ns5:ArrivalStatus>onTime</ns5:ArrivalStatus>
                     <ns5:ArrivalPlatformName>1B</ns5:ArrivalPlatformName>
                     <ns5:AimedDepartureTime>2014-09-29T16:40:00.000+02:00</ns5:AimedDepartureTime>
                     <ns5:ExpectedDepartureTime>2014-09-29T16:40:00.000+02:00</ns5:ExpectedDepartureTime>
                     <ns5:DepartureStatus>onTime</ns5:DepartureStatus>
                     <ns5:DeparturePlatformName>1B</ns5:DeparturePlatformName>
                     <ns5:DepartureBoardingActivity>boarding</ns5:DepartureBoardingActivity>
                  </ns5:MonitoredCall>
               </ns5:MonitoredVehicleJourney>
            </ns5:MonitoredStopVisit>
            <ns5:MonitoredStopVisit>
               <ns5:RecordedAtTime>2014-09-29T15:55:02.511+02:00</ns5:RecordedAtTime>
               <ns5:ItemIdentifier>SNCF-ACCES:Item::50090637_148844:LOC</ns5:ItemIdentifier>
               <ns5:MonitoringRef>STIF:StopPoint:SP:50090637:</ns5:MonitoringRef>
               <ns5:MonitoredVehicleJourney>
                  <ns5:LineRef>STIF:Line::C01678:</ns5:LineRef>
                  <ns5:FramedVehicleJourneyRef>
                     <ns5:DataFrameRef>any</ns5:DataFrameRef>
                     <ns5:DatedVehicleJourneyRef>SNCF-ACCES:VehicleJourney::148844_20140929:LOC</ns5:DatedVehicleJourneyRef>
                  </ns5:FramedVehicleJourneyRef>
                  <ns5:JourneyPatternName>SARA</ns5:JourneyPatternName>
                  <ns5:VehicleMode>rail</ns5:VehicleMode>
                  <ns5:PublishedLineName>PRG Dourdan_St Quentin</ns5:PublishedLineName>
                  <ns5:GroupOfLinesRef>TER</ns5:GroupOfLinesRef>
                  <ns5:OperatorRef>SNCF-ACCES:Operator::SNCF:LOC</ns5:OperatorRef>
                  <ns5:VehicleFeatureRef>longTrain</ns5:VehicleFeatureRef>
                  <ns5:DestinationRef>STIF:StopPoint:SP:50090573:</ns5:DestinationRef>
                  <ns5:DestinationName>St Quentin en Y</ns5:DestinationName>
                  <ns5:Monitored>true</ns5:Monitored>
                  <ns5:Delay>PT0.000S</ns5:Delay>
                  <ns5:TrainNumbers>
                     <ns5:TrainNumberRef>148844</ns5:TrainNumberRef>
                  </ns5:TrainNumbers>
                  <ns5:JourneyParts>
                     <ns5:JourneyPartInfo>
                        <ns5:JourneyPartRef>148844</ns5:JourneyPartRef>
                        <ns5:TrainNumberRef>1488442</ns5:TrainNumberRef>
                     </ns5:JourneyPartInfo>
                  </ns5:JourneyParts>
                  <ns5:MonitoredCall>
                     <ns5:StopPointRef>STIF:StopPoint:SP:50090637:</ns5:StopPointRef>
                     <ns5:StopPointName>Epinay sur Orge</ns5:StopPointName>
                     <ns5:VehicleAtStop>false</ns5:VehicleAtStop>
                     <ns5:PlatformTraversal>false</ns5:PlatformTraversal>
                     <ns5:DestinationDisplay>St Quentin en Y</ns5:DestinationDisplay>
                     <ns5:AimedArrivalTime>2014-09-29T16:51:00.000+02:00</ns5:AimedArrivalTime>
                     <ns5:ExpectedArrivalTime>2014-09-29T16:51:00.000+02:00</ns5:ExpectedArrivalTime>
                     <ns5:ArrivalStatus>onTime</ns5:ArrivalStatus>
                     <ns5:ArrivalPlatformName>2B</ns5:ArrivalPlatformName>
                     <ns5:AimedDepartureTime>2014-09-29T16:51:00.000+02:00</ns5:AimedDepartureTime>
                     <ns5:ExpectedDepartureTime>2014-09-29T16:51:00.000+02:00</ns5:ExpectedDepartureTime>
                     <ns5:DepartureStatus>onTime</ns5:DepartureStatus>
                     <ns5:DeparturePlatformName>2B</ns5:DeparturePlatformName>
                     <ns5:DepartureBoardingActivity>boarding</ns5:DepartureBoardingActivity>
                  </ns5:MonitoredCall>
               </ns5:MonitoredVehicleJourney>
            </ns5:MonitoredStopVisit>
            <ns5:MonitoredStopVisit>
               <ns5:RecordedAtTime>2014-09-29T15:55:02.596+02:00</ns5:RecordedAtTime>
               <ns5:ItemIdentifier>SNCF-ACCES:Item::50090637_147435:LOC</ns5:ItemIdentifier>
               <ns5:MonitoringRef>STIF:StopPoint:SP:50090637:</ns5:MonitoringRef>
               <ns5:MonitoredVehicleJourney>
                  <ns5:LineRef>STIF:Line::C01678:</ns5:LineRef>
                  <ns5:FramedVehicleJourneyRef>
                     <ns5:DataFrameRef>any</ns5:DataFrameRef>
                     <ns5:DatedVehicleJourneyRef>SNCF-ACCES:VehicleJourney::147435_20140929:LOC</ns5:DatedVehicleJourneyRef>
                  </ns5:FramedVehicleJourneyRef>
                  <ns5:JourneyPatternName>ELBA</ns5:JourneyPatternName>
                  <ns5:VehicleMode>rail</ns5:VehicleMode>
                  <ns5:PublishedLineName>PRG St Martin_St Quentin</ns5:PublishedLineName>
                  <ns5:GroupOfLinesRef>TER</ns5:GroupOfLinesRef>
                  <ns5:OperatorRef>SNCF-ACCES:Operator::SNCF:LOC</ns5:OperatorRef>
                  <ns5:VehicleFeatureRef>longTrain</ns5:VehicleFeatureRef>
                  <ns5:DestinationRef>STIF:StopPoint:SP:50090646:</ns5:DestinationRef>
                  <ns5:DestinationName>St Martin d'Etampes</ns5:DestinationName>
                  <ns5:Monitored>true</ns5:Monitored>
                  <ns5:TrainNumbers>
                     <ns5:TrainNumberRef>147435</ns5:TrainNumberRef>
                  </ns5:TrainNumbers>
                  <ns5:JourneyParts>
                     <ns5:JourneyPartInfo>
                        <ns5:JourneyPartRef>147435</ns5:JourneyPartRef>
                        <ns5:TrainNumberRef>1474351</ns5:TrainNumberRef>
                     </ns5:JourneyPartInfo>
                  </ns5:JourneyParts>
                  <ns5:MonitoredCall>
                     <ns5:StopPointRef>STIF:StopPoint:SP:50090637:</ns5:StopPointRef>
                     <ns5:StopPointName>Epinay sur Orge</ns5:StopPointName>
                     <ns5:VehicleAtStop>false</ns5:VehicleAtStop>
                     <ns5:PlatformTraversal>false</ns5:PlatformTraversal>
                     <ns5:DestinationDisplay>St Martin d'Etampes</ns5:DestinationDisplay>
                     <ns5:AimedArrivalTime>2014-09-29T16:55:00.000+02:00</ns5:AimedArrivalTime>
                     <ns5:ArrivalStatus>delayed</ns5:ArrivalStatus>
                     <ns5:ArrivalPlatformName>1B</ns5:ArrivalPlatformName>
                     <ns5:AimedDepartureTime>2014-09-29T16:55:00.000+02:00</ns5:AimedDepartureTime>
                     <ns5:DepartureStatus>delayed</ns5:DepartureStatus>
                     <ns5:DeparturePlatformName>1B</ns5:DeparturePlatformName>
                     <ns5:DepartureBoardingActivity>boarding</ns5:DepartureBoardingActivity>
                  </ns5:MonitoredCall>
               </ns5:MonitoredVehicleJourney>
            </ns5:MonitoredStopVisit>
            <ns5:MonitoredStopVisit>
               <ns5:RecordedAtTime>2014-09-29T15:55:02.686+02:00</ns5:RecordedAtTime>
               <ns5:ItemIdentifier>SNCF-ACCES:Item::50090637_145835:LOC</ns5:ItemIdentifier>
               <ns5:MonitoringRef>STIF:StopPoint:SP:50090637:</ns5:MonitoringRef>
               <ns5:MonitoredVehicleJourney>
                  <ns5:LineRef>STIF:Line::C01678:</ns5:LineRef>
                  <ns5:FramedVehicleJourneyRef>
                     <ns5:DataFrameRef>any</ns5:DataFrameRef>
                     <ns5:DatedVehicleJourneyRef>SNCF-ACCES:VehicleJourney::145835_20140929:LOC</ns5:DatedVehicleJourneyRef>
                  </ns5:FramedVehicleJourneyRef>
                  <ns5:JourneyPatternName>DEBO</ns5:JourneyPatternName>
                  <ns5:VehicleMode>rail</ns5:VehicleMode>
                  <ns5:PublishedLineName>PRG Dourdan/St Martin_Pontoise</ns5:PublishedLineName>
                  <ns5:GroupOfLinesRef>TER</ns5:GroupOfLinesRef>
                  <ns5:OperatorRef>SNCF-ACCES:Operator::SNCF:LOC</ns5:OperatorRef>
                  <ns5:VehicleFeatureRef>longTrain</ns5:VehicleFeatureRef>
                  <ns5:DestinationRef>STIF:StopPoint:SP:50090622:</ns5:DestinationRef>
                  <ns5:DestinationName>Dourdan La For..t</ns5:DestinationName>
                  <ns5:Monitored>true</ns5:Monitored>
                  <ns5:Delay>PT0.000S</ns5:Delay>
                  <ns5:TrainNumbers>
                     <ns5:TrainNumberRef>145835</ns5:TrainNumberRef>
                  </ns5:TrainNumbers>
                  <ns5:JourneyParts>
                     <ns5:JourneyPartInfo>
                        <ns5:JourneyPartRef>145835</ns5:JourneyPartRef>
                        <ns5:TrainNumberRef>1458351</ns5:TrainNumberRef>
                     </ns5:JourneyPartInfo>
                  </ns5:JourneyParts>
                  <ns5:MonitoredCall>
                     <ns5:StopPointRef>STIF:StopPoint:SP:50090637:</ns5:StopPointRef>
                     <ns5:StopPointName>Epinay sur Orge</ns5:StopPointName>
                     <ns5:VehicleAtStop>false</ns5:VehicleAtStop>
                     <ns5:PlatformTraversal>false</ns5:PlatformTraversal>
                     <ns5:DestinationDisplay>Dourdan La For..t</ns5:DestinationDisplay>
                     <ns5:AimedArrivalTime>2014-09-29T17:00:00.000+02:00</ns5:AimedArrivalTime>
                     <ns5:ExpectedArrivalTime>2014-09-29T17:00:00.000+02:00</ns5:ExpectedArrivalTime>
                     <ns5:ArrivalStatus>onTime</ns5:ArrivalStatus>
                     <ns5:ArrivalPlatformName>1B</ns5:ArrivalPlatformName>
                     <ns5:AimedDepartureTime>2014-09-29T17:00:00.000+02:00</ns5:AimedDepartureTime>
                     <ns5:ExpectedDepartureTime>2014-09-29T17:00:00.000+02:00</ns5:ExpectedDepartureTime>
                     <ns5:DepartureStatus>onTime</ns5:DepartureStatus>
                     <ns5:DeparturePlatformName>1B</ns5:DeparturePlatformName>
                     <ns5:DepartureBoardingActivity>boarding</ns5:DepartureBoardingActivity>
                  </ns5:MonitoredCall>
               </ns5:MonitoredVehicleJourney>
            </ns5:MonitoredStopVisit>
            <ns5:MonitoredStopVisit>
               <ns5:RecordedAtTime>2014-09-29T15:55:02.856+02:00</ns5:RecordedAtTime>
               <ns5:ItemIdentifier>SNCF-ACCES:Item::50090637_148446:LOC</ns5:ItemIdentifier>
               <ns5:MonitoringRef>STIF:StopPoint:SP:50090637:</ns5:MonitoringRef>
               <ns5:MonitoredVehicleJourney>
                  <ns5:LineRef>STIF:Line::C01678:</ns5:LineRef>
                  <ns5:FramedVehicleJourneyRef>
                     <ns5:DataFrameRef>any</ns5:DataFrameRef>
                     <ns5:DatedVehicleJourneyRef>SNCF-ACCES:VehicleJourney::148446_20140929:LOC</ns5:DatedVehicleJourneyRef>
                  </ns5:FramedVehicleJourneyRef>
                  <ns5:JourneyPatternName>SARA</ns5:JourneyPatternName>
                  <ns5:VehicleMode>rail</ns5:VehicleMode>
                  <ns5:PublishedLineName>PRG St  Martin_St Quentin</ns5:PublishedLineName>
                  <ns5:GroupOfLinesRef>TER</ns5:GroupOfLinesRef>
                  <ns5:OperatorRef>SNCF-ACCES:Operator::SNCF:LOC</ns5:OperatorRef>
                  <ns5:VehicleFeatureRef>longTrain</ns5:VehicleFeatureRef>
                  <ns5:DestinationRef>STIF:StopPoint:SP:50090573:</ns5:DestinationRef>
                  <ns5:DestinationName>St Quentin en Y</ns5:DestinationName>
                  <ns5:Monitored>true</ns5:Monitored>
                  <ns5:Delay>PT0.000S</ns5:Delay>
                  <ns5:TrainNumbers>
                     <ns5:TrainNumberRef>148446</ns5:TrainNumberRef>
                  </ns5:TrainNumbers>
                  <ns5:JourneyParts>
                     <ns5:JourneyPartInfo>
                        <ns5:JourneyPartRef>148446</ns5:JourneyPartRef>
                        <ns5:TrainNumberRef>1484462</ns5:TrainNumberRef>
                     </ns5:JourneyPartInfo>
                  </ns5:JourneyParts>
                  <ns5:MonitoredCall>
                     <ns5:StopPointRef>STIF:StopPoint:SP:50090637:</ns5:StopPointRef>
                     <ns5:StopPointName>Epinay sur Orge</ns5:StopPointName>
                     <ns5:VehicleAtStop>false</ns5:VehicleAtStop>
                     <ns5:PlatformTraversal>false</ns5:PlatformTraversal>
                     <ns5:DestinationDisplay>St Quentin en Y</ns5:DestinationDisplay>
                     <ns5:AimedArrivalTime>2014-09-29T17:05:00.000+02:00</ns5:AimedArrivalTime>
                     <ns5:ExpectedArrivalTime>2014-09-29T17:05:00.000+02:00</ns5:ExpectedArrivalTime>
                     <ns5:ArrivalStatus>onTime</ns5:ArrivalStatus>
                     <ns5:ArrivalPlatformName>2B</ns5:ArrivalPlatformName>
                     <ns5:AimedDepartureTime>2014-09-29T17:05:00.000+02:00</ns5:AimedDepartureTime>
                     <ns5:ExpectedDepartureTime>2014-09-29T17:05:00.000+02:00</ns5:ExpectedDepartureTime>
                     <ns5:DepartureStatus>onTime</ns5:DepartureStatus>
                     <ns5:DeparturePlatformName>2B</ns5:DeparturePlatformName>
                     <ns5:DepartureBoardingActivity>boarding</ns5:DepartureBoardingActivity>
                  </ns5:MonitoredCall>
               </ns5:MonitoredVehicleJourney>
            </ns5:MonitoredStopVisit>
            <ns5:MonitoredStopVisit>
               <ns5:RecordedAtTime>2014-09-29T15:55:02.882+02:00</ns5:RecordedAtTime>
               <ns5:ItemIdentifier>SNCF-ACCES:Item::50090637_147737:LOC</ns5:ItemIdentifier>
               <ns5:MonitoringRef>STIF:StopPoint:SP:50090637:</ns5:MonitoringRef>
               <ns5:MonitoredVehicleJourney>
                  <ns5:LineRef>STIF:Line::C01678:</ns5:LineRef>
                  <ns5:FramedVehicleJourneyRef>
                     <ns5:DataFrameRef>any</ns5:DataFrameRef>
                     <ns5:DatedVehicleJourneyRef>SNCF-ACCES:VehicleJourney::147737_20140929:LOC</ns5:DatedVehicleJourneyRef>
                  </ns5:FramedVehicleJourneyRef>
                  <ns5:JourneyPatternName>BALI</ns5:JourneyPatternName>
                  <ns5:VehicleMode>rail</ns5:VehicleMode>
                  <ns5:PublishedLineName>PRG St Martin_St Quentin</ns5:PublishedLineName>
                  <ns5:GroupOfLinesRef>TER</ns5:GroupOfLinesRef>
                  <ns5:OperatorRef>SNCF-ACCES:Operator::SNCF:LOC</ns5:OperatorRef>
                  <ns5:VehicleFeatureRef>longTrain</ns5:VehicleFeatureRef>
                  <ns5:DestinationRef>STIF:StopPoint:SP:50090634:</ns5:DestinationRef>
                  <ns5:DestinationName>Bretigny</ns5:DestinationName>
                  <ns5:Monitored>true</ns5:Monitored>
                  <ns5:Delay>PT0.000S</ns5:Delay>
                  <ns5:TrainNumbers>
                     <ns5:TrainNumberRef>147737</ns5:TrainNumberRef>
                  </ns5:TrainNumbers>
                  <ns5:JourneyParts>
                     <ns5:JourneyPartInfo>
                        <ns5:JourneyPartRef>147737</ns5:JourneyPartRef>
                        <ns5:TrainNumberRef>1477371</ns5:TrainNumberRef>
                     </ns5:JourneyPartInfo>
                  </ns5:JourneyParts>
                  <ns5:MonitoredCall>
                     <ns5:StopPointRef>STIF:StopPoint:SP:50090637:</ns5:StopPointRef>
                     <ns5:StopPointName>Epinay sur Orge</ns5:StopPointName>
                     <ns5:VehicleAtStop>false</ns5:VehicleAtStop>
                     <ns5:PlatformTraversal>false</ns5:PlatformTraversal>
                     <ns5:DestinationDisplay>Bretigny</ns5:DestinationDisplay>
                     <ns5:AimedArrivalTime>2014-09-29T17:06:00.000+02:00</ns5:AimedArrivalTime>
                     <ns5:ExpectedArrivalTime>2014-09-29T17:06:00.000+02:00</ns5:ExpectedArrivalTime>
                     <ns5:ArrivalStatus>onTime</ns5:ArrivalStatus>
                     <ns5:ArrivalPlatformName>1B</ns5:ArrivalPlatformName>
                     <ns5:AimedDepartureTime>2014-09-29T17:06:00.000+02:00</ns5:AimedDepartureTime>
                     <ns5:ExpectedDepartureTime>2014-09-29T17:06:00.000+02:00</ns5:ExpectedDepartureTime>
                     <ns5:DepartureStatus>onTime</ns5:DepartureStatus>
                     <ns5:DeparturePlatformName>1B</ns5:DeparturePlatformName>
                     <ns5:DepartureBoardingActivity>boarding</ns5:DepartureBoardingActivity>
                  </ns5:MonitoredCall>
               </ns5:MonitoredVehicleJourney>
            </ns5:MonitoredStopVisit>
            <ns5:MonitoredStopVisit>
               <ns5:RecordedAtTime>2014-09-29T15:55:02.937+02:00</ns5:RecordedAtTime>
               <ns5:ItemIdentifier>SNCF-ACCES:Item::50090637_147337:LOC</ns5:ItemIdentifier>
               <ns5:MonitoringRef>STIF:StopPoint:SP:50090637:</ns5:MonitoringRef>
               <ns5:MonitoredVehicleJourney>
                  <ns5:LineRef>STIF:Line::C01678:</ns5:LineRef>
                  <ns5:FramedVehicleJourneyRef>
                     <ns5:DataFrameRef>any</ns5:DataFrameRef>
                     <ns5:DatedVehicleJourneyRef>SNCF-ACCES:VehicleJourney::147337_20140929:LOC</ns5:DatedVehicleJourneyRef>
                  </ns5:FramedVehicleJourneyRef>
                  <ns5:JourneyPatternName>BALI</ns5:JourneyPatternName>
                  <ns5:VehicleMode>rail</ns5:VehicleMode>
                  <ns5:PublishedLineName>PRG St Mart in_St Quentin</ns5:PublishedLineName>
                  <ns5:GroupOfLinesRef>TER</ns5:GroupOfLinesRef>
                  <ns5:OperatorRef>SNCF-ACCES:Operator::SNCF:LOC</ns5:OperatorRef>
                  <ns5:VehicleFeatureRef>longTrain</ns5:VehicleFeatureRef>
                  <ns5:DestinationRef>STIF:StopPoint:SP:50090634:</ns5:DestinationRef>
                  <ns5:DestinationName>Bretigny</ns5:DestinationName>
                  <ns5:Monitored>true</ns5:Monitored>
                  <ns5:Delay>PT0.000S</ns5:Delay>
                  <ns5:TrainNumbers>
                     <ns5:TrainNumberRef>147337</ns5:TrainNumberRef>
                  </ns5:TrainNumbers>
                  <ns5:JourneyParts>
                     <ns5:JourneyPartInfo>
                        <ns5:JourneyPartRef>147337</ns5:JourneyPartRef>
                        <ns5:TrainNumberRef>1473371</ns5:TrainNumberRef>
                     </ns5:JourneyPartInfo>
                  </ns5:JourneyParts>
                  <ns5:MonitoredCall>
                     <ns5:StopPointRef>STIF:StopPoint:SP:50090637:</ns5:StopPointRef>
                     <ns5:StopPointName>Epinay sur Orge</ns5:StopPointName>
                     <ns5:VehicleAtStop>false</ns5:VehicleAtStop>
                     <ns5:PlatformTraversal>false</ns5:PlatformTraversal>
                     <ns5:DestinationDisplay>Bretigny</ns5:DestinationDisplay>
                     <ns5:AimedArrivalTime>2014-09-29T17:15:00.000+02:00</ns5:AimedArrivalTime>
                     <ns5:ExpectedArrivalTime>2014-09-29T17:15:00.000+02:00</ns5:ExpectedArrivalTime>
                     <ns5:ArrivalStatus>onTime</ns5:ArrivalStatus>
                     <ns5:ArrivalPlatformName>1B</ns5:ArrivalPlatformName>
                     <ns5:AimedDepartureTime>2014-09-29T17:15:00.000+02:00</ns5:AimedDepartureTime>
                     <ns5:ExpectedDepartureTime>2014-09-29T17:15:00.000+02:00</ns5:ExpectedDepartureTime>
                     <ns5:DepartureStatus>onTime</ns5:DepartureStatus>
                     <ns5:DeparturePlatformName>1B</ns5:DeparturePlatformName>
                     <ns5:DepartureBoardingActivity>boarding</ns5:DepartureBoardingActivity>
                  </ns5:MonitoredCall>
               </ns5:MonitoredVehicleJourney>
            </ns5:MonitoredStopVisit>
            <ns5:MonitoredStopVisit>
               <ns5:RecordedAtTime>2014-09-29T15:55:03.019+02:00</ns5:RecordedAtTime>
               <ns5:ItemIdentifier>SNCF-ACCES:Item::50090637_147739:LOC</ns5:ItemIdentifier>
               <ns5:MonitoringRef>STIF:StopPoint:SP:50090637:</ns5:MonitoringRef>
               <ns5:MonitoredVehicleJourney>
                  <ns5:LineRef>STIF:Line::C01678:</ns5:LineRef>
                  <ns5:FramedVehicleJourneyRef>
                     <ns5:DataFrameRef>any</ns5:DataFrameRef>
                     <ns5:DatedVehicleJourneyRef>SNCF-ACCES:VehicleJourney::147739_20140929:LOC</ns5:DatedVehicleJourneyRef>
                  </ns5:FramedVehicleJourneyRef>
                  <ns5:JourneyPatternName>BALI</ns5:JourneyPatternName>
                  <ns5:VehicleMode>rail</ns5:VehicleMode>
                  <ns5:PublishedLineName>PRG St Martin_St Quentin</ns5:PublishedLineName>
                  <ns5:GroupOfLinesRef>TER</ns5:GroupOfLinesRef>
                  <ns5:OperatorRef>SNCF-ACCES:Operator::SNCF:LOC</ns5:OperatorRef>
                  <ns5:VehicleFeatureRef>longTrain</ns5:VehicleFeatureRef>
                  <ns5:DestinationRef>STIF:StopPoint:SP:50090634:</ns5:DestinationRef>
                  <ns5:DestinationName>Bretigny</ns5:DestinationName>
                  <ns5:Monitored>true</ns5:Monitored>
                  <ns5:Delay>PT0.000S</ns5:Delay>
                  <ns5:TrainNumbers>
                     <ns5:TrainNumberRef>147739</ns5:TrainNumberRef>
                  </ns5:TrainNumbers>
                  <ns5:JourneyParts>
                     <ns5:JourneyPartInfo>
                        <ns5:JourneyPartRef>147739</ns5:JourneyPartRef>
                        <ns5:TrainNumberRef>1477391</ns5:TrainNumberRef>
                     </ns5:JourneyPartInfo>
                  </ns5:JourneyParts>
                  <ns5:MonitoredCall>
                     <ns5:StopPointRef>STIF:StopPoint:SP:50090637:</ns5:StopPointRef>
                     <ns5:StopPointName>Epinay sur Orge</ns5:StopPointName>
                     <ns5:VehicleAtStop>false</ns5:VehicleAtStop>
                     <ns5:PlatformTraversal>false</ns5:PlatformTraversal>
                     <ns5:DestinationDisplay>Bretigny</ns5:DestinationDisplay>
                     <ns5:AimedArrivalTime>2014-09-29T17:20:00.000+02:00</ns5:AimedArrivalTime>
                     <ns5:ExpectedArrivalTime>2014-09-29T17:20:00.000+02:00</ns5:ExpectedArrivalTime>
                     <ns5:ArrivalStatus>onTime</ns5:ArrivalStatus>
                     <ns5:ArrivalPlatformName>1B</ns5:ArrivalPlatformName>
                     <ns5:AimedDepartureTime>2014-09-29T17:20:00.000+02:00</ns5:AimedDepartureTime>
                     <ns5:ExpectedDepartureTime>2014-09-29T17:20:00.000+02:00</ns5:ExpectedDepartureTime>
                     <ns5:DepartureStatus>onTime</ns5:DepartureStatus>
                     <ns5:DeparturePlatformName>1B</ns5:DeparturePlatformName>
                     <ns5:DepartureBoardingActivity>boarding</ns5:DepartureBoardingActivity>
                  </ns5:MonitoredCall>
               </ns5:MonitoredVehicleJourney>
            </ns5:MonitoredStopVisit>
            <ns5:MonitoredStopVisit>
               <ns5:RecordedAtTime>2014-09-29T15:55:03.197+02:00</ns5:RecordedAtTime>
               <ns5:ItemIdentifier>SNCF-ACCES:Item::50090637_148848:LOC</ns5:ItemIdentifier>
               <ns5:MonitoringRef>STIF:StopPoint:SP:50090637:</ns5:MonitoringRef>
               <ns5:MonitoredVehicleJourney>
                  <ns5:LineRef>STIF:Line::C01678:</ns5:LineRef>
                  <ns5:FramedVehicleJourneyRef>
                     <ns5:DataFrameRef>any</ns5:DataFrameRef>
                     <ns5:DatedVehicleJourneyRef>SNCF-ACCES:VehicleJourney::148848_20140929:LOC</ns5:DatedVehicleJourneyRef>
                  </ns5:FramedVehicleJourneyRef>
                  <ns5:JourneyPatternName>SARA</ns5:JourneyPatternName>
                  <ns5:VehicleMode>rail</ns5:VehicleMode>
                  <ns5:PublishedLineName>PRG Dourdan_St Quentin</ns5:PublishedLineName>
                  <ns5:GroupOfLinesRef>TER</ns5:GroupOfLinesRef>
                  <ns5:OperatorRef>SNCF-ACCES:Operator::SNCF:LOC</ns5:OperatorRef>
                  <ns5:VehicleFeatureRef>longTrain</ns5:VehicleFeatureRef>
                  <ns5:DestinationRef>STIF:StopPoint:SP:5009057 3:</ns5:DestinationRef>
                  <ns5:DestinationName>St Quentin en Y</ns5:DestinationName>
                  <ns5:Monitored>true</ns5:Monitored>
                  <ns5:Delay>PT0.000S</ns5:Delay>
                  <ns5:TrainNumbers>
                     <ns5:TrainNumberRef>148848</ns5:TrainNumberRef>
                  </ns5:TrainNumbers>
                  <ns5:JourneyParts>
                     <ns5:JourneyPartInfo>
                        <ns5:JourneyPartRef>148848</ns5:JourneyPartRef>
                        <ns5:TrainNumberRef>1488482</ns5:TrainNumberRef>
                     </ns5:JourneyPartInfo>
                  </ns5:JourneyParts>
                  <ns5:MonitoredCall>
                     <ns5:StopPointRef>STIF:StopPoint:SP:50090637:</ns5:StopPointRef>
                     <ns5:StopPointName>Epinay sur Orge</ns5:StopPointName>
                     <ns5:VehicleAtStop>false</ns5:VehicleAtStop>
                     <ns5:PlatformTraversal>false</ns5:PlatformTraversal>
                     <ns5:DestinationDisplay>St Quentin en Y</ns5:DestinationDisplay>
                     <ns5:AimedArrivalTime>2014-09-29T17:21:00.000+02:00</ns5:AimedArrivalTime>
                     <ns5:ExpectedArrivalTime>2014-09-29T17:21:00.000+02:00</ns5:ExpectedArrivalTime>
                     <ns5:ArrivalStatus>onTime</ns5:ArrivalStatus>
                     <ns5:ArrivalPlatformName>2B</ns5:ArrivalPlatformName>
                     <ns5:AimedDepartureTime>2014-09-29T17:21:00.000+02:00</ns5:AimedDepartureTime>
                     <ns5:ExpectedDepartureTime>2014-09-29T17:21:00.000+02:00</ns5:ExpectedDepartureTime>
                     <ns5:DepartureStatus>onTime</ns5:DepartureStatus>
                     <ns5:DeparturePlatformName>2B</ns5:DeparturePlatformName>
                     <ns5:DepartureBoardingActivity>boarding</ns5:DepartureBoardingActivity>
                  </ns5:MonitoredCall>
               </ns5:MonitoredVehicleJourney>
            </ns5:MonitoredStopVisit>
            <ns5:MonitoredStopVisit>
               <ns5:RecordedAtTime>2014-09-29T15:58:57.305+02:00</ns5:RecordedAtTime>
               <ns5:ItemIdentifier>SNCF-ACCES:Item::50090637_147339:LOC</ns5:ItemIdentifier>
               <ns5:MonitoringRef>STIF:StopPoint:SP:50090637:</ns5:MonitoringRef>
               <ns5:MonitoredVehicleJourney>
                  <ns5:LineRef>STIF:Line::C01678:</ns5:LineRef>
                  <ns5:FramedVehicleJourneyRef>
                     <ns5:DataFrameRef>any</ns5:DataFrameRef>
                     <ns5:DatedVehicleJourneyRef>SNCF-ACCES:VehicleJourney::147339_20140929:LOC</ns5:DatedVehicleJourneyRef>
                  </ns5:FramedVehicleJourneyRef>
                  <ns5:JourneyPatternName>BALI</ns5:JourneyPatternName>
                  <ns5:VehicleMode>rail</ns5:VehicleMode>
                  <ns5:PublishedLineName>PRG Dourdan/St Martin_Pontoise</ns5:PublishedLineName>
                  <ns5:GroupOfLinesRef>TER</ns5:GroupOfLinesRef>
                  <ns5:OperatorRef>SNCF-ACCES:Operator::SNCF:LOC</ns5:OperatorRef>
                  <ns5:VehicleFeatureRef>longTrain</ns5:VehicleFeatureRef>
                  <ns5:DestinationRef>STIF:StopPoint:SP:50090634:</ns5:DestinationRef>
                  <ns5:DestinationName>Bretigny</ns5:DestinationName>
                  <ns5:Monitored>true</ns5:Monitored>
                  <ns5:Delay>PT0.000S</ns5:Delay>
                  <ns5:TrainNumbers>
                     <ns5:TrainNumberRef>147339</ns5:TrainNumberRef>
                  </ns5:TrainNumbers>
                  <ns5:JourneyParts>
                     <ns5:JourneyPartInfo>
                        <ns5:JourneyPartRef>147339</ns5:JourneyPartRef>
                        <ns5:TrainNumberRef>1473391</ns5:TrainNumberRef>
                     </ns5:JourneyPartInfo>
                  </ns5:JourneyParts>
                  <ns5:MonitoredCall>
                     <ns5:StopPointRef>STIF:StopPoint:SP:50090637:</ns5:StopPointRef>
                     <ns5:StopPointName>Epinay sur Orge</ns5:StopPointName>
                     <ns5:VehicleAtStop>false</ns5:VehicleAtStop>
                     <ns5:PlatformTraversal>false</ns5:PlatformTraversal>
                     <ns5:DestinationDisplay>Bretigny</ns5:DestinationDisplay>
                     <ns5:AimedArrivalTime>2014-09-29T17:30:00.000+02:00</ns5:AimedArrivalTime>
                     <ns5:ExpectedArrivalTime>2014-09-29T17:30:00.000+02:00</ns5:ExpectedArrivalTime>
                     <ns5:ArrivalStatus>onTime</ns5:ArrivalStatus>
                     <ns5:ArrivalPlatformName>1B</ns5:ArrivalPlatformName>
                     <ns5:AimedDepartureTime>2014-09-29T17:30:00.000+02:00</ns5:AimedDepartureTime>
                     <ns5:ExpectedDepartureTime>2014-09-29T17:30:00.000+02:00</ns5:ExpectedDepartureTime>
                     <ns5:DepartureStatus>onTime</ns5:DepartureStatus>
                     <ns5:DeparturePlatformName>1B</ns5:DeparturePlatformName>
                     <ns5:DepartureBoardingActivity>boarding</ns5:DepartureBoardingActivity>
                  </ns5:MonitoredCall>
               </ns5:MonitoredVehicleJourney>
            </ns5:MonitoredStopVisit>
            <ns5:MonitoredStopVisit>
               <ns5:RecordedAtTime>2014-09-29T15:55:03.322+02:00</ns5:RecordedAtTime>
               <ns5:ItemIdentifier>SNCF-ACCES:Item::50090637_147741:LOC</ns5:ItemIdentifier>
               <ns5:MonitoringRef>STIF:StopPoint:SP:50090637:</ns5:MonitoringRef>
               <ns5:MonitoredVehicleJourney>
                  <ns5:LineRef>STIF:Line::C01678:</ns5:LineRef>
                  <ns5:FramedVehicleJourneyRef>
                     <ns5:DataFrameRef>any</ns5:DataFrameRef>
                     <ns5:DatedVehicleJourneyRef>SNCF-ACCES:VehicleJourney::147741_20140929:LOC</ns5:DatedVehicleJourneyRef>
                  </ns5:FramedVehicleJourneyRef>
                  <ns5:JourneyPatternName>BALI</ns5:JourneyPatternName>
                  <ns5:VehicleMode>rail</ns5:VehicleMode>
                  <ns5:PublishedLineName>PRG St Martin_St Quentin</ns5:PublishedLineName>
                  <ns5:GroupOfLinesRef>TER</ns5:GroupOfLinesRef>
                  <ns5:OperatorRef>SNCF-ACCES:Operator::SNCF:LOC</ns5:OperatorRef>
                  <ns5:VehicleFeatureRef>longTrain</ns5:VehicleFeatureRef>
                  <ns5:DestinationRef>STIF:StopPoint:SP:50090634:</ns5:DestinationRef>
                  <ns5:DestinationName>Bretigny</ns5:DestinationName>
                  <ns5:Monitored>true</ns5:Monitored>
                  <ns5:Delay>PT0.000S</ns5:Delay>
                  <ns5:TrainNumbers>
                     <ns5:TrainNumberRef>147741</ns5:TrainNumberRef>
                  </ns5:TrainNumbers>
                  <ns5:JourneyParts>
                     <ns5:JourneyPartInfo>
                        <ns5:JourneyPartRef>147741</ns5:JourneyPartRef>
                        <ns5:TrainNumberRef>1477411</ns5:TrainNumberRef>
                     </ns5:JourneyPartInfo>
                  </ns5:JourneyParts>
                  <ns5:MonitoredCall>
                     <ns5:StopPointRef>STIF:StopPo int:SP:50090637:</ns5:StopPointRef>
                     <ns5:StopPointName>Epinay sur Orge</ns5:StopPointName>
                     <ns5:VehicleAtStop>false</ns5:VehicleAtStop>
                     <ns5:PlatformTraversal>false</ns5:PlatformTraversal>
                     <ns5:DestinationDisplay>Bretigny</ns5:DestinationDisplay>
                     <ns5:AimedArrivalTime>2014-09-29T17:35:00.000+02:00</ns5:AimedArrivalTime>
                     <ns5:ExpectedArrivalTime>2014-09-29T17:35:00.000+02:00</ns5:ExpectedArrivalTime>
                     <ns5:ArrivalStatus>onTime</ns5:ArrivalStatus>
                     <ns5:ArrivalPlatformName>1B</ns5:ArrivalPlatformName>
                     <ns5:AimedDepartureTime>2014-09-29T17:35:00.000+02:00</ns5:AimedDepartureTime>
                     <ns5:ExpectedDepartureTime>2014-09-29T17:35:00.000+02:00</ns5:ExpectedDepartureTime>
                     <ns5:DepartureStatus>onTime</ns5:DepartureStatus>
                     <ns5:DeparturePlatformName>1B</ns5:DeparturePlatformName>
                     <ns5:DepartureBoardingActivity>boarding</ns5:DepartureBoardingActivity>
                  </ns5:MonitoredCall>
               </ns5:MonitoredVehicleJourney>
            </ns5:MonitoredStopVisit>
            <ns5:MonitoredStopVisit>
               <ns5:RecordedAtTime>2014-09-29T15:55:03.465+02:00</ns5:RecordedAtTime>
               <ns5:ItemIdentifier>SNCF-ACCES:Item::50090637_148450:LOC</ns5:ItemIdentifier>
               <ns5:MonitoringRef>STIF:StopPoint:SP:50090637:</ns5:MonitoringRef>
               <ns5:MonitoredVehicleJourney>
                  <ns5:LineRef>STIF:Line::C01678:</ns5:LineRef>
                  <ns5:FramedVehicleJourneyRef>
                     <ns5:DataFrameRef>any</ns5:DataFrameRef>
                     <ns5:DatedVehicleJourneyRef>SNCF-ACCES:VehicleJourney::148450_20140929:LOC</ns5:DatedVehicleJourneyRef>
                  </ns5:FramedVehicleJourneyRef>
                  <ns5:JourneyPatternName>SARA</ns5:JourneyPatternName>
                  <ns5:VehicleMode>rail</ns5:VehicleMode>
                  <ns5:PublishedLineName>PRG St Martin_St Quentin</ns5:PublishedLineName>
                  <ns5:GroupOfLinesRef>TER</ns5:GroupOfLinesRef>
                  <ns5:OperatorRef>SNCF -ACCES:Operator::SNCF:LOC</ns5:OperatorRef>
                  <ns5:VehicleFeatureRef>longTrain</ns5:VehicleFeatureRef>
                  <ns5:DestinationRef>STIF:StopPoint:SP:50090573:</ns5:DestinationRef>
                  <ns5:DestinationName>St Quentin en Y</ns5:DestinationName>
                  <ns5:Monitored>true</ns5:Monitored>
                  <ns5:Delay>PT0.000S</ns5:Delay>
                  <ns5:TrainNumbers>
                     <ns5:TrainNumberRef>148450</ns5:TrainNumberRef>
                  </ns5:TrainNumbers>
                  <ns5:JourneyParts>
                     <ns5:JourneyPartInfo>
                        <ns5:JourneyPartRef>148450</ns5:JourneyPartRef>
                        <ns5:TrainNumberRef>1484502</ns5:TrainNumberRef>
                     </ns5:JourneyPartInfo>
                  </ns5:JourneyParts>
                  <ns5:MonitoredCall>
                     <ns5:StopPointRef>STIF:StopPoint:SP:50090637:</ns5:StopPointRef>
                     <ns5:StopPointName>Epinay sur Orge</ns5:StopPointName>
                     <ns5:VehicleAtStop>false</ns5:VehicleAtStop>
                     <ns5:PlatformTraversal>false</ns5:PlatformTraversal>
                     <ns5:DestinationDisplay>St Quentin en Y</ns5:DestinationDisplay>
                     <ns5:AimedArrivalTime>2014-09-29T17:35:00.000+02:00</ns5:AimedArrivalTime>
                     <ns5:ExpectedArrivalTime>2014-09-29T17:35:00.000+02:00</ns5:ExpectedArrivalTime>
                     <ns5:ArrivalStatus>onTime</ns5:ArrivalStatus>
                     <ns5:ArrivalPlatformName>2B</ns5:ArrivalPlatformName>
                     <ns5:AimedDepartureTime>2014-09-29T17:35:00.000+02:00</ns5:AimedDepartureTime>
                     <ns5:ExpectedDepartureTime>2014-09-29T17:35:00.000+02:00</ns5:ExpectedDepartureTime>
                     <ns5:DepartureStatus>onTime</ns5:DepartureStatus>
                     <ns5:DeparturePlatformName>2B</ns5:DeparturePlatformName>
                     <ns5:DepartureBoardingActivity>boarding</ns5:DepartureBoardingActivity>
                  </ns5:MonitoredCall>
               </ns5:MonitoredVehicleJourney>
            </ns5:MonitoredStopVisit>
            <ns5:MonitoredStopVisit>
               <ns5:RecordedAtTime>2014-09-29T15:58:57.426+02:00</ns5:RecordedAtTime>
               <ns5:ItemIdentifier>SNCF-ACCES:Item::50090637_147341:LOC</ns5:ItemIdentifier>
               <ns5:MonitoringRef>STIF:StopPoint:SP:50090637:</ns5:MonitoringRef>
               <ns5:MonitoredVehicleJourney>
                  <ns5:LineRef>STIF:Line::C01678:</ns5:LineRef>
                  <ns5:FramedVehicleJourneyRef>
                     <ns5:DataFrameRef>any</ns5:DataFrameRef>
                     <ns5:DatedVehicleJourneyRef>SNCF-ACCES:VehicleJourney::147341_20140929:LOC</ns5:DatedVehicleJourneyRef>
                  </ns5:FramedVehicleJourneyRef>
                  <ns5:JourneyPatternName>BALI</ns5:JourneyPatternName>
                  <ns5:VehicleMode>rail</ns5:VehicleMode>
                  <ns5:PublishedLineName>PRG Dourdan/St Martin_Pontoise</ns5:PublishedLineName>
                  <ns5:GroupOfLinesRef>TER</ns5:GroupOfLinesRef>
                  <ns5:OperatorRef>SNCF-ACCES:Operator::SNCF:LOC</ns5:OperatorRef>
                  <ns5:VehicleFeatureRef>longTrain</ns5:VehicleFeatureRef>
                  <ns5:DestinationRef>STIF:StopPoint:SP:50090634:</ns5:DestinationRef>
                  <ns5:DestinationName>Bretigny</ns5:DestinationName>
                  <ns5:Monitored>true</ns5:Monitored>
                  <ns5:Delay>PT0.000S</ns5:Delay>
                  <ns5:TrainNumbers>
                     <ns5:TrainNumberRef>147341</ns5:TrainNumberRef>
                  </ns5:TrainNumbers>
                  <ns5:JourneyParts>
                     <ns5:JourneyPartInfo>
                        <ns5:JourneyPartRef>147341</ns5:JourneyPartRef>
                        <ns5:TrainNumberRef>1473411</ns5:TrainNumberRef>
                     </ns5:JourneyPartInfo>
                  </ns5:JourneyParts>
                  <ns5:MonitoredCall>
                     <ns5:StopPointRef>STIF:StopPoint:SP:50090637:</ns5:StopPointRef>
                     <ns5:StopPointName>Epinay sur Orge</ns5:StopPointName>
                     <ns5:VehicleAtStop>false</ns5:VehicleAtStop>
                     <ns5:PlatformTraversal>false</ns5:PlatformTraversal>
                     <ns5:DestinationDisplay>Bretigny</ns5:DestinationDisplay>
                     <ns5:AimedArrivalTime>2014-09-29T17:45:00.000+02:00</ns5:AimedArrivalTime>
                     <ns5:ExpectedArrivalTime>2014-09-29T17:45:00.000+02:00</ns5:ExpectedArrivalTime>
                     <ns5:ArrivalStatus>onTime</ns5:ArrivalStatus>
                     <ns5:ArrivalPlatformName>1B</ns5:ArrivalPlatformName>
                     <ns5:AimedDepartureTime>2014-09-29T17:45:00.000+02:00</ns5:AimedDepartureTime>
                     <ns5:ExpectedDepartureTime>2014-09-29T17:45:00.000+02:00</ns5:ExpectedDepartureTime>
                     <ns5:DepartureStatus>onTime</ns5:DepartureStatus>
                     <ns5:DeparturePlatformName>1B</ns5:DeparturePlatformName>
                     <ns5:DepartureBoardingActivity>boarding</ns5:DepartureBoardingActivity>
                  </ns5:MonitoredCall>
               </ns5:MonitoredVehicleJourney>
            </ns5:MonitoredStopVisit>
         </ns5:StopMonitoringDelivery>
       </Answer> 
      </ns6:GetSiriServiceResponse>
   </soap:Body>
</soap:Envelope>]]></con:responseContent><con:wsaConfig mustUnderstand="NONE" version="200508" action="GetSiriService"/></con:response><con:dispatchConfig/></con:mockOperation><con:properties/></con:mockService><con:mockService port="8080" path="/Test2" host="stif-pc-dev-08" name="Test2" bindToHostOnly="false" docroot=""><con:settings><con:setting id="com.eviware.soapui.impl.wsdl.mock.WsdlMockService@require-soap-action">false</con:setting></con:settings><con:mockOperation name="GetSiriService" interface="SiriProducerRpcBinding" operation="GetSiriService"><con:settings/><con:dispatchStyle>SEQUENCE</con:dispatchStyle><con:defaultResponse>Response 1</con:defaultResponse><con:response name="Response 1" encoding="UTF-8"><con:settings/><con:responseContent><![CDATA[<soap:Envelope xmlns:soap="http://schemas.xmlsoap.org/soap/envelope/">
   <soap:Body>
      <ns6:GetSiriServiceResponse xmlns:ns2="http://www.ifopt.org.uk/acsb" xmlns:ns3="http://www.ifopt.org.uk/ifopt" xmlns:ns4="http://datex2.eu/schema/2_0RC1/2_0" xmlns:ns5="http://www.siri.org.uk/siri" xmlns:ns6="http://wsdl.siri.org.uk" xmlns:ns7="http://wsdl.siri.org.uk/siri">
         <Answer>
         <ns5:ResponseTimestamp>2014-09-29T15:59:52.814+02:00</ns5:ResponseTimestamp>
         <ns5:ProducerRef>SNCF-ACCES</ns5:ProducerRef>
         <ns5:ResponseMessageIdentifier>SNCF-ACCES:ResponseMessage::6350d1a2-c23e-4e98-ad0b-8527eb67e577:LOC</ns5:ResponseMessageIdentifier>
         <ns5:RequestMessageRef>RELAIS:Message::0e2f6cec-fc06-4183-b0ac-76b807d3cf1a:LOC</ns5:RequestMessageRef>
         
         
         <ns5:StopMonitoringDelivery version="2.0[FR-IDF-2.4]">
            <ns5:ResponseTimestamp>2014-09-29T15:59:52.875+02:00</ns5:ResponseTimestamp>
            <ns5:MonitoredStopVisit>
               <ns5:RecordedAtTime>2014-09-29T15:58:49.433+02:00</ns5:RecordedAtTime>
               <ns5:ItemIdentifier>SNCF-ACCES:Item::50090527_165436:LOC</ns5:ItemIdentifier>
               <ns5:MonitoringRef>STIF:StopPoint:SP:50090527:</ns5:MonitoringRef>
               <ns5:MonitoredVehicleJourney>
                  <ns5:LineRef>STIF:Line::C01736:</ns5:LineRef>
                  <ns5:FramedVehicleJourneyRef>
                     <ns5:DataFrameRef>any</ns5:DataFrameRef>
                     <ns5:DatedVehicleJourneyRef>SNCF-ACCES:VehicleJourney::165436_20140929:LOC</ns5:DatedVehicleJourneyRef>
                  </ns5:FramedVehicleJourneyRef>
                  <ns5:JourneyPatternName>PORO</ns5:JourneyPatternName>
                  <ns5:VehicleMode>rail</ns5:VehicleMode>
                  <ns5:PublishedLineName>PRG Paris Montp_Rambouillet_Chartres</ns5:PublishedLineName>
                  <ns5:GroupOfLinesRef>TER</ns5:GroupOfLinesRef>
                  <ns5:OperatorRef>SNCF-ACCES:Operator::SNCF:LOC</ns5:OperatorRef>
                  <ns5:VehicleFeatureRef>longTrain</ns5:VehicleFeatureRef>
                  <ns5:DestinationRef>STIF:StopPoint:SP:50090523:</ns5:DestinationRef>
                  <ns5:DestinationName>Paris Montparnasse</ns5:DestinationName>
                  <ns5:Monitored>true</ns5:Monitored>
                  <ns5:TrainNumbers>
                     <ns5:TrainNumberRef>165436</ns5:TrainNumberRef>
                  </ns5:TrainNumbers>
                  <ns5:JourneyParts>
                     <ns5:JourneyPartInfo>
                        <ns5:JourneyPartRef>165436</ns5:JourneyPartRef>
                        <ns5:TrainNumberRef>1654362</ns5:TrainNumberRef>
                     </ns5:JourneyPartInfo>
                  </ns5:JourneyParts>
                  <ns5:MonitoredCall>
                     <ns5:StopPointRef>STIF:StopPoint:SP:50090527:</ns5:StopPointRef>
                     <ns5:StopPointName>Versailles Chantiers</ns5:StopPointName>
                     <ns5:VehicleAtStop>false</ns5:VehicleAtStop>
                     <ns5:PlatformTraversal>false</ns5:PlatformTraversal>
                     <ns5:DestinationDisplay>Paris Montparnasse</ns5:DestinationDisplay>
                     <ns5:AimedArrivalTime>2014-09-29T16:01:00.000+02:00</ns5:AimedArrivalTime>
                     <ns5:ArrivalStatus>delayed</ns5:ArrivalStatus>
                     <ns5:ArrivalPlatformName>B</ns5:ArrivalPlatformName>
                     <ns5:AimedDepartureTime>2014-09-29T16:01:00.000+02:00</ns5:AimedDepartureTime>
                     <ns5:DepartureStatus>delayed</ns5:DepartureStatus>
                     <ns5:DeparturePlatformName>B</ns5:DeparturePlatformName>
                     <ns5:DepartureBoardingActivity>boarding</ns5:DepartureBoardingActivity>
                  </ns5:MonitoredCall>
               </ns5:MonitoredVehicleJourney>
            </ns5:MonitoredStopVisit>
            <ns5:MonitoredStopVisit>
               <ns5:RecordedAtTime>2014-09-29T15:55:02.375+02:00</ns5:RecordedAtTime>
               <ns5:ItemIdentifier>SNCF-ACCES:Item::50090527_165429:LOC</ns5:ItemIdentifier>
               <ns5:MonitoringRef>STIF:StopPoint:SP:50090527:</ns5:MonitoringRef>
               <ns5:MonitoredVehicleJourney>
                  <ns5:LineRef>STIF:Line::C01736:</ns5:LineRef>
                  <ns5:FramedVehicleJourneyRef>
                     <ns5:DataFrameRef>any</ns5:DataFrameRef>
                     <ns5:DatedVehicleJourneyRef>SNCF-ACCES:VehicleJourney::165429_20140929:LOC</ns5:DatedVehicleJourneyRef>
                  </ns5:FramedVehicleJourneyRef>
                  <ns5:JourneyPatternName>ROPO</ns5:JourneyPatternName>
                  <ns5:VehicleMode>rail</ns5:VehicleMode>
                  <ns5:PublishedLineName>PRG Paris Montp_Rambouillet_Chartres</ns5:PublishedLineName>
                  <ns5:GroupOfLinesRef>TER</ns5:GroupOfLinesRef>
                  <ns5:OperatorRef>SNCF-ACCES:Operator::SNCF:LOC</ns5:OperatorRef>
                  <ns5:VehicleFeatureRef>longTrain</ns5:VehicleFeatureRef>
                  <ns5:DestinationRef>STIF:StopPoint:SP:50090548:</ns5:DestinationRef>
                  <ns5:DestinationName>Rambouillet</ns5:DestinationName>
                  <ns5:Monitored>true</ns5:Monitored>
                  <ns5:TrainNumbers>
                     <ns5:TrainNumberRef>165429</ns5:TrainNumberRef>
                  </ns5:TrainNumbers>
                  <ns5:JourneyParts>
                     <ns5:JourneyPartInfo>
                        <ns5:JourneyPartRef>165429</ns5:JourneyPartRef>
                        <ns5:TrainNumberRef>1654291</ns5:TrainNumberRef>
                     </ns5:JourneyPartInfo>
                  </ns5:JourneyParts>
                  <ns5:MonitoredCall>
                     <ns5:StopPointRef>STIF:StopPoint:SP:50090527:</ns5:StopPointRef>
                     <ns5:StopPointName>Versailles Chantiers</ns5:StopPointName>
                     <ns5:VehicleAtStop>false</ns5:VehicleAtStop>
                     <ns5:PlatformTraversal>false</ns5:PlatformTraversal>
                     <ns5:DestinationDisplay>Rambouillet</ns5:DestinationDisplay>
                     <ns5:AimedArrivalTime>2014-09-29T16:02:00.000+02:00</ns5:AimedArrivalTime>
                     <ns5:ArrivalStatus>delayed</ns5:ArrivalStatus>
                     <ns5:ArrivalPlatformName>G</ns5:ArrivalPlatformName>
                     <ns5:AimedDepartureTime>2014-09-29T16:02:00.000+02:00</ns5:AimedDepartureTime>
                     <ns5:DepartureStatus>delayed</ns5:DepartureStatus>
                     <ns5:DeparturePlatformName>G</ns5:DeparturePlatformName>
                     <ns5:DepartureBoardingActivity>boarding</ns5:DepartureBoardingActivity>
                  </ns5:MonitoredCall>
               </ns5:MonitoredVehicleJourney>
            </ns5:MonitoredStopVisit>
            <ns5:MonitoredStopVisit>
               <ns5:RecordedAtTime>2014-09-29T15:58:49.457+02:00</ns5:RecordedAtTime>
               <ns5:ItemIdentifier>SNCF-ACCES:Item::50090527_165338:LOC</ns5:ItemIdentifier>
               <ns5:MonitoringRef>STIF:StopPoint:SP:50090527:</ns5:MonitoringRef>
               <ns5:MonitoredVehicleJourney>
                  <ns5:LineRef>STIF:Line::C01741:</ns5:LineRef>
                  <ns5:FramedVehicleJourneyRef>
                     <ns5:DataFrameRef>any</ns5:DataFrameRef>
                     <ns5:DatedVehicleJourneyRef>SNCF-ACCES:VehicleJourney::165338_20140929:LOC</ns5:DatedVehicleJourneyRef>
                  </ns5:FramedVehicleJourneyRef>
                  <ns5:JourneyPatternName>DEFI</ns5:JourneyPatternName>
                  <ns5:VehicleMode>rail</ns5:VehicleMode>
                  <ns5:PublishedLineName>PRG Ligne U</ns5:PublishedLineName>
                  <ns5:GroupOfLinesRef>TER</ns5:GroupOfLinesRef>
                  <ns5:OperatorRef>SNCF-ACCES:Operator::SNCF:LOC</ns5:OperatorRef>
                  <ns5:VehicleFeatureRef>longTrain</ns5:VehicleFeatureRef>
                  <ns5:DestinationRef>STIF:StopPoint:SP:50090483:</ns5:DestinationRef>
                  <ns5:DestinationName>La Defense SNCF</ns5:DestinationName>
                  <ns5:Monitored>true</ns5:Monitored>
                  <ns5:TrainNumbers>
                     <ns5:TrainNumberRef>165338</ns5:TrainNumberRef>
                  </ns5:TrainNumbers>
                  <ns5:JourneyParts>
                     <ns5:JourneyPartInfo>
                        <ns5:JourneyPartRef>165338</ns5:JourneyPartRef>
                        <ns5:TrainNumberRef>1653382</ns5:TrainNumberRef>
                     </ns5:JourneyPartInfo>
                  </ns5:JourneyParts>
                  <ns5:MonitoredCall>
                     <ns5:StopPointRef>STIF:StopPoint:SP:50090527:</ns5:StopPointRef>
                     <ns5:StopPointName>Versailles Chantiers</ns5:StopPointName>
                     <ns5:VehicleAtStop>false</ns5:VehicleAtStop>
                     <ns5:PlatformTraversal>false</ns5:PlatformTraversal>
                     <ns5:DestinationDisplay>La Defense SNCF</ns5:DestinationDisplay>
                     <ns5:AimedArrivalTime>2014-09-29T16:10:00.000+02:00</ns5:AimedArrivalTime>
                     <ns5:ArrivalStatus>delayed</ns5:ArrivalStatus>
                     <ns5:ArrivalPlatformName>B</ns5:ArrivalPlatformName>
                     <ns5:AimedDepartureTime>2014-09-29T16:10:00.000+02:00</ns5:AimedDepartureTime>
                     <ns5:DepartureStatus>delayed</ns5:DepartureStatus>
                     <ns5:DeparturePlatformName>B</ns5:DeparturePlatformName>
                     <ns5:DepartureBoardingActivity>boarding</ns5:DepartureBoardingActivity>
                  </ns5:MonitoredCall>
               </ns5:MonitoredVehicleJourney>
            </ns5:MonitoredStopVisit>
            <ns5:MonitoredStopVisit>
               <ns5:RecordedAtTime>2014-09-29T15:55:02.471+02:00</ns5:RecordedAtTime>
               <ns5:ItemIdentifier>SNCF-ACCES:Item::50090527_148431:LOC</ns5:ItemIdentifier>
               <ns5:MonitoringRef>STIF:StopPoint:SP:50090527:</ns5:MonitoringRef>
               <ns5:MonitoredVehicleJourney>
                  <ns5:LineRef>STIF:Line::C01678:</ns5:LineRef>
                  <ns5:FramedVehicleJourneyRef>
                     <ns5:DataFrameRef>any</ns5:DataFrameRef>
                     <ns5:DatedVehicleJourneyRef>SNCF-ACCES:VehicleJourney::148431_20140929:LOC</ns5:DatedVehicleJourneyRef>
                  </ns5:FramedVehicleJourneyRef>
                  <ns5:JourneyPatternName>SARA</ns5:JourneyPatternName>
                  <ns5:VehicleMode>rail</ns5:VehicleMode>
                  <ns5:PublishedLineName>PRG St Martin_St Quentin</ns5:PublishedLineName>
                  <ns5:GroupOfLinesRef>TER</ns5:GroupOfLinesRef>
                  <ns5:OperatorRef>SNCF-ACCES:Operator::SNCF:LOC</ns5:OperatorRef>
                  <ns5:VehicleFeatureRef>longTrain</ns5:VehicleFeatureRef>
                  <ns5:DestinationRef>STIF:StopPoint:SP:50090573:</ns5:DestinationRef>
                  <ns5:DestinationName>St Quentin en Y</ns5:DestinationName>
                  <ns5:Monitored>true</ns5:Monitored>
                  <ns5:TrainNumbers>
                     <ns5:TrainNumberRef>148431</ns5:TrainNumberRef>
                  </ns5:TrainNumbers>
                  <ns5:JourneyParts>
                     <ns5:JourneyPartInfo>
                        <ns5:JourneyPartRef>148431</ns5:JourneyPartRef>
                        <ns5:TrainNumberRef>1484311</ns5:TrainNumberRef>
                     </ns5:JourneyPartInfo>
                  </ns5:JourneyParts>
                  <ns5:MonitoredCall>
                     <ns5:StopPointRef>STIF:StopPoint:SP:50090527:</ns5:StopPointRef>
                     <ns5:StopPointName>Versailles Chantiers</ns5:StopPointName>
                     <ns5:VehicleAtStop>false</ns5:VehicleAtStop>
                     <ns5:PlatformTraversal>false</ns5:PlatformTraversal>
                     <ns5:DestinationDisplay>St Quentin en Y</ns5:DestinationDisplay>
                     <ns5:AimedArrivalTime>2014-09-29T16:12:00.000+02:00</ns5:AimedArrivalTime>
                     <ns5:ArrivalStatus>delayed</ns5:ArrivalStatus>
                     <ns5:ArrivalPlatformName>D</ns5:ArrivalPlatformName>
                     <ns5:AimedDepartureTime>2014-09-29T16:12:00.000+02:00</ns5:AimedDepartureTime>
                     <ns5:DepartureStatus>delayed</ns5:DepartureStatus>
                     <ns5:DeparturePlatformName>D</ns5:DeparturePlatformName>
                     <ns5:DepartureBoardingActivity>boarding</ns5:DepartureBoardingActivity>
                  </ns5:MonitoredCall>
               </ns5:MonitoredVehicleJourney>
            </ns5:MonitoredStopVisit>
            <ns5:MonitoredStopVisit>
               <ns5:RecordedAtTime>2014-09-29T15:55:02.678+02:00</ns5:RecordedAtTime>
               <ns5:ItemIdentifier>SNCF-ACCES:Item::50090527_148646:LOC</ns5:ItemIdentifier>
               <ns5:MonitoringRef>STIF:StopPoint:SP:50090527:</ns5:MonitoringRef>
               <ns5:MonitoredVehicleJourney>
                  <ns5:LineRef>STIF:Line::C01678:</ns5:LineRef>
                  <ns5:FramedVehicleJourneyRef>
                     <ns5:DataFrameRef>any</ns5:DataFrameRef>
                     <ns5:DatedVehicleJourneyRef>SNCF-ACCES:VehicleJourney::148646_20140929:LOC</ns5:DatedVehicleJourneyRef>
                  </ns5:FramedVehicleJourneyRef>
                  <ns5:JourneyPatternName>VICK</ns5:JourneyPatternName>
                  <ns5:VehicleMode>rail</ns5:VehicleMode>
                  <ns5:PublishedLineName>PRG Versailles Ch_Versailles RG</ns5:PublishedLineName>
                  <ns5:GroupOfLinesRef>TER</ns5:GroupOfLinesRef>
                  <ns5:OperatorRef>SNCF-ACCES:Operator::SNCF:LOC</ns5:OperatorRef>
                  <ns5:VehicleFeatureRef>longTrain</ns5:VehicleFeatureRef>
                  <ns5:DestinationRef>STIF:StopPoint:SP:50090537:</ns5:DestinationRef>
                  <ns5:DestinationName>Versailles RG Ch..t.</ns5:DestinationName>
                  <ns5:Monitored>true</ns5:Monitored>
                  <ns5:Delay>PT0.000S</ns5:Delay>
                  <ns5:TrainNumbers>
                     <ns5:TrainNumberRef>148646</ns5:TrainNumberRef>
                  </ns5:TrainNumbers>
                  <ns5:JourneyParts>
                     <ns5:JourneyPartInfo>
                        <ns5:JourneyPartRef>148646</ns5:JourneyPartRef>
                        <ns5:TrainNumberRef>1486462</ns5:TrainNumberRef>
                     </ns5:JourneyPartInfo>
                  </ns5:JourneyParts>
                  <ns5:MonitoredCall>
                     <ns5:StopPointRef>STIF:StopPoint:SP:50090527:</ns5:StopPointRef>
                     <ns5:StopPointName>Versailles Chantiers</ns5:StopPointName>
                     <ns5:VehicleAtStop>false</ns5:VehicleAtStop>
                     <ns5:PlatformTraversal>false</ns5:PlatformTraversal>
                     <ns5:DestinationDisplay>Versailles RG Ch..t.</ns5:DestinationDisplay>
                     <ns5:AimedDepartureTime>2014-09-29T16:14:00.000+02:00</ns5:AimedDepartureTime>
                     <ns5:ExpectedDepartureTime>2014-09-29T16:14:00.000+02:00</ns5:ExpectedDepartureTime>
                     <ns5:DepartureStatus>onTime</ns5:DepartureStatus>
                     <ns5:DeparturePlatformName>J</ns5:DeparturePlatformName>
                     <ns5:DepartureBoardingActivity>boarding</ns5:DepartureBoardingActivity>
                  </ns5:MonitoredCall>
               </ns5:MonitoredVehicleJourney>
            </ns5:MonitoredStopVisit>
            <ns5:MonitoredStopVisit>
               <ns5:RecordedAtTime>2014-09-29T15:58:49.507+02:00</ns5:RecordedAtTime>
               <ns5:ItemIdentifier>SNCF-ACCES:Item::50090527_165538:LOC</ns5:ItemIdentifier>
               <ns5:MonitoringRef>STIF:StopPoint:SP:50090527:</ns5:MonitoringRef>
               <ns5:MonitoredVehicleJourney>
                  <ns5:LineRef>SNCF-ACCES:Line::TER:LOC</ns5:LineRef>
                  <ns5:FramedVehicleJourneyRef>
                     <ns5:DataFrameRef>any</ns5:DataFrameRef>
                     <ns5:DatedVehicleJourneyRef>SNCF-ACCES:VehicleJourney::165538_20140929:LOC</ns5:DatedVehicleJourneyRef>
                  </ns5:FramedVehicleJourneyRef>
                  <ns5:JourneyPatternName>PEGU</ns5:JourneyPatternName>
                  <ns5:VehicleMode>rail</ns5:VehicleMode>
                  <ns5:PublishedLineName>PRG Paris Montp_Dreux_Granville</ns5:PublishedLineName>
                  <ns5:GroupOfLinesRef>TER</ns5:GroupOfLinesRef>
                  <ns5:OperatorRef>SNCF-ACCES:Operator::SNCF:LOC</ns5:OperatorRef>
                  <ns5:VehicleFeatureRef>longTrain</ns5:VehicleFeatureRef>
                  <ns5:DestinationRef>STIF:StopPoint:SP:50090523:</ns5:DestinationRef>
                  <ns5:DestinationName>Paris Montparnasse</ns5:DestinationName>
                  <ns5:Monitored>true</ns5:Monitored>
                  <ns5:Delay>PT0.000S</ns5:Delay>
                  <ns5:TrainNumbers>
                     <ns5:TrainNumberRef>165538</ns5:TrainNumberRef>
                  </ns5:TrainNumbers>
                  <ns5:JourneyParts>
                     <ns5:JourneyPartInfo>
                        <ns5:JourneyPartRef>165538</ns5:JourneyPartRef>
                        <ns5:TrainNumberRef>1655382</ns5:TrainNumberRef>
                     </ns5:JourneyPartInfo>
                  </ns5:JourneyParts>
                  <ns5:MonitoredCall>
                     <ns5:StopPointRef>STIF:StopPoint:SP:50090527:</ns5:StopPointRef>
                     <ns5:StopPointName>Versailles Chantiers</ns5:StopPointName>
                     <ns5:VehicleAtStop>false</ns5:VehicleAtStop>
                     <ns5:PlatformTraversal>false</ns5:PlatformTraversal>
                     <ns5:DestinationDisplay>Paris Montparnasse</ns5:DestinationDisplay>
                     <ns5:AimedArrivalTime>2014-09-29T16:16:00.000+02:00</ns5:AimedArrivalTime>
                     <ns5:ExpectedArrivalTime>2014-09-29T16:16:00.000+02:00</ns5:ExpectedArrivalTime>
                     <ns5:ArrivalStatus>onTime</ns5:ArrivalStatus>
                     <ns5:ArrivalPlatformName>E</ns5:ArrivalPlatformName>
                     <ns5:AimedDepartureTime>2014-09-29T16:16:00.000+02:00</ns5:AimedDepartureTime>
                     <ns5:ExpectedDepartureTime>2014-09-29T16:16:00.000+02:00</ns5:ExpectedDepartureTime>
                     <ns5:DepartureStatus>onTime</ns5:DepartureStatus>
                     <ns5:DeparturePlatformName>E</ns5:DeparturePlatformName>
                     <ns5:DepartureBoardingActivity>boarding</ns5:DepartureBoardingActivity>
                  </ns5:MonitoredCall>
               </ns5:MonitoredVehicleJourney>
            </ns5:MonitoredStopVisit>
            <ns5:MonitoredStopVisit>
               <ns5:RecordedAtTime>2014-09-29T15:55:02.837+02:00</ns5:RecordedAtTime>
               <ns5:ItemIdentifier>SNCF-ACCES:Item::50090527_165631:LOC</ns5:ItemIdentifier>
               <ns5:MonitoringRef>STIF:StopPoint:SP:50090527:</ns5:MonitoringRef>
               <ns5:MonitoredVehicleJourney>
                  <ns5:LineRef>STIF:Line::C01736:</ns5:LineRef>
                  <ns5:FramedVehicleJourneyRef>
                     <ns5:DataFrameRef>any</ns5:DataFrameRef>
                     <ns5:DatedVehicleJourneyRef>SNCF-ACCES:VehicleJourney::165631_20140929:LOC</ns5:DatedVehicleJourneyRef>
                  </ns5:FramedVehicleJourneyRef>
                  <ns5:JourneyPatternName>MOPI</ns5:JourneyPatternName>
                  <ns5:VehicleMode>rail</ns5:VehicleMode>
                  <ns5:PublishedLineName>PRG Paris Montp_Mantes</ns5:PublishedLineName>
                  <ns5:GroupOfLinesRef>TER</ns5:GroupOfLinesRef>
                  <ns5:OperatorRef>SNCF-ACCES:Operator::SNCF:LOC</ns5:OperatorRef>
                  <ns5:VehicleFeatureRef>longTrain</ns5:VehicleFeatureRef>
                  <ns5:DestinationRef>STIF:StopPoint:SP:50090457:</ns5:DestinationRef>
                  <ns5:DestinationName>Mantes-la-Jolie</ns5:DestinationName>
                  <ns5:Monitored>true</ns5:Monitored>
                  <ns5:Delay>PT0.000S</ns5:Delay>
                  <ns5:TrainNumbers>
                     <ns5:TrainNumberRef>165631</ns5:TrainNumberRef>
                  </ns5:TrainNumbers>
                  <ns5:JourneyParts>
                     <ns5:JourneyPartInfo>
                        <ns5:JourneyPartRef>165631</ns5:JourneyPartRef>
                        <ns5:TrainNumberRef>1656311</ns5:TrainNumberRef>
                     </ns5:JourneyPartInfo>
                  </ns5:JourneyParts>
                  <ns5:MonitoredCall>
                     <ns5:StopPointRef>STIF:StopPoint:SP:50090527:</ns5:StopPointRef>
                     <ns5:StopPointName>Versailles Chantiers</ns5:StopPointName>
                     <ns5:VehicleAtStop>false</ns5:VehicleAtStop>
                     <ns5:PlatformTraversal>false</ns5:PlatformTraversal>
                     <ns5:DestinationDisplay>Mantes-la-Jolie</ns5:DestinationDisplay>
                     <ns5:AimedArrivalTime>2014-09-29T16:16:00.000+02:00</ns5:AimedArrivalTime>
                     <ns5:ExpectedArrivalTime>2014-09-29T16:16:00.000+02:00</ns5:ExpectedArrivalTime>
                     <ns5:ArrivalStatus>onTime</ns5:ArrivalStatus>
                     <ns5:ArrivalPlatformName>G</ns5:ArrivalPlatformName>
                     <ns5:AimedDepartureTime>2014-09-29T16:16:00.000+02:00</ns5:AimedDepartureTime>
                     <ns5:ExpectedDepartureTime>2014-09-29T16:16:00.000+02:00</ns5:ExpectedDepartureTime>
                     <ns5:DepartureStatus>onTime</ns5:DepartureStatus>
                     <ns5:DeparturePlatformName>G</ns5:DeparturePlatformName>
                     <ns5:DepartureBoardingActivity>boarding</ns5:DepartureBoardingActivity>
                  </ns5:MonitoredCall>
               </ns5:MonitoredVehicleJourney>
            </ns5:MonitoredStopVisit>
            <ns5:MonitoredStopVisit>
               <ns5:RecordedAtTime>2014-09-29T15:59:45.212+02:00</ns5:RecordedAtTime>
               <ns5:ItemIdentifier>SNCF-ACCES:Item ::50090527_147623:LOC</ns5:ItemIdentifier>
               <ns5:MonitoringRef>STIF:StopPoin t:SP:50090527:</ns5:MonitoringRef>
               <ns5:MonitoredVehicleJourney>
                  <ns5:LineRef>STIF:Line::C01678:</ns5:LineRef>
                  <ns5:FramedVehicleJourneyRef>
                     <ns5:DataFrameRef>any</ns5:DataFrameRef>
                     <ns5:DatedVehicleJourneyRef>SNCF-ACCES:VehicleJourney::147623_20140929:LOC</ns5:DatedVehicleJourneyRef>
                  </ns5:FramedVehicleJourneyRef>
                  <ns5:JourneyPatternName>CIME</ns5:JourneyPatternName>
                  <ns5:VehicleMode>rail</ns5:VehicleMode>
                  <ns5:PublishedLineName>PRG Versailles Ch_Versailles RG</ns5:PublishedLineName>
                  <ns5:GroupOfLinesRef>TER</ns5:GroupOfLinesRef>
                  <ns5:OperatorRef>SNCF-ACCES:Operator::SNCF:LOC</ns5:OperatorRef>
                  <ns5:VehicleFeatureRef>longTrain</ns5:VehicleFeatureRef>
                  <ns5:DestinationRef>STIF:StopPoint:SP:50090527:</ns5:DestinationRef>
                  <ns5:DestinationName>Versailles Chantiers</ns5:DestinationName>
                  <ns5:Monitored>true</ns5:Monitored>
                  <ns5:Delay>PT0.000S</ns5:Delay>
                  <ns5:TrainNumbers>
                     <ns5:TrainNumberRef>147623</ns5:TrainNumberRef>
                  </ns5:TrainNumbers>
                  <ns5:JourneyParts>
                     <ns5:JourneyPartInfo>
                        <ns5:JourneyPartRef>147623</ns5:JourneyPartRef>
                        <ns5:TrainNumberRef>1476231</ns5:TrainNumberRef>
                     </ns5:JourneyPartInfo>
                  </ns5:JourneyParts>
                  <ns5:MonitoredCall>
                     <ns5:StopPointRef>STIF:StopPoint:SP:50090527:</ns5:StopPointRef>
                     <ns5:StopPointName>Versailles Chantiers</ns5:StopPointName>
                     <ns5:VehicleAtStop>false</ns5:VehicleAtStop>
                     <ns5:PlatformTraversal>false</ns5:PlatformTraversal>
                     <ns5:DestinationDisplay>Versailles Chantiers</ns5:DestinationDisplay>
                     <ns5:AimedArrivalTime>2014-09-29T16:19:00.000+02:00</ns5:AimedArrivalTime>
                     <ns5:ExpectedArrivalTime>2014-09-29T16:19:00.000+02:00</ns5:ExpectedArrivalTime>
                     <ns5:ArrivalStatus>onTime</ns5:ArrivalStatus>
                     <ns5:ArrivalPlatformName>J</ns5:ArrivalPlatformName>
                     <ns5:AimedDepartureTime>2014-09-29T16:19:00.000+02:00</ns5:AimedDepartureTime>
                     <ns5:DeparturePlatformName>J</ns5:DeparturePlatformName>
                  </ns5:MonitoredCall>
               </ns5:MonitoredVehicleJourney>
            </ns5:MonitoredStopVisit>
            <ns5:MonitoredStopVisit>
               <ns5:RecordedAtTime>2014-09-29T15:58:49.568+02:00</ns5:RecordedAtTime>
               <ns5:ItemIdentifier>SNCF-ACCES:Item::50090527_147438:LOC</ns5:ItemIdentifier>
               <ns5:MonitoringRef>STIF:StopPoint:SP:50090527:</ns5:MonitoringRef>
               <ns5:MonitoredVehicleJourney>
                  <ns5:LineRef>STIF:Line::C01678:</ns5:LineRef>
                  <ns5:FramedVehicleJourneyRef>
                     <ns5:DataFrameRef>any</ns5:DataFrameRef>
                     <ns5:DatedVehicleJourneyRef>SNCF-ACCES:VehicleJourney::147438_20140929:LOC</ns5:DatedVehicleJourneyRef>
                  </ns5:FramedVehicleJourneyRef>
                  <ns5:JourneyPatternName>ELAO</ns5:JourneyPatternName>
                  <ns5:VehicleMode>rail</ns5:VehicleMode>
                  <ns5:PublishedLineName>PRG St Martin_St Quentin</ns5:PublishedLineName>
                  <ns5:GroupOfLinesRef>TER</ns5:GroupOfLinesRef>
                  <ns5:OperatorRef>SNCF-ACCES:Operator::SNCF:LOC</ns5:OperatorRef>
                  <ns5:VehicleFeatureRef>longTrain</ns5:VehicleFeatureRef>
                  <ns5:DestinationRef>STIF:StopPoint:SP:50090646:</ns5:DestinationRef>
                  <ns5:DestinationName>St Martin d'Etampes</ns5:DestinationName>
                  <ns5:Monitored>true</ns5:Monitored>
                  <ns5:Delay>PT0.000S</ns5:Delay>
                  <ns5:TrainNumbers>
                     <ns5:TrainNumberRef>147438</ns5:TrainNumberRef>
                  </ns5:TrainNumbers>
                  <ns5:JourneyParts>
                     <ns5:JourneyPartInfo>
                        <ns5:JourneyPartRef>147438</ns5:JourneyPartRef>
                        <ns5:TrainNumberRef>1474382</ns5:TrainNumberRef>
                     </ns5:JourneyPartInfo>
                  </ns5:JourneyParts>
                  <ns5:MonitoredCall>
                     <ns5:StopPointRef>STIF:StopPoint:SP:50090527:</ns5:StopPointRef>
                     <ns5:StopPointName>Versailles Chantiers</ns5:StopPointName>
                     <ns5:VehicleAtStop>false</ns5:VehicleAtStop>
                     <ns5:PlatformTraversal>false</ns5:PlatformTraversal>
                     <ns5:DestinationDisplay>St Martin d'Etampes</ns5:DestinationDisplay>
                     <ns5:AimedArrivalTime>2014-09-29T16:20:00.000+02:00</ns5:AimedArrivalTime>
                     <ns5:ExpectedArrivalTime>2014-09-29T16:20:00.000+02:00</ns5:ExpectedArrivalTime>
                     <ns5:ArrivalStatus>onTime</ns5:ArrivalStatus>
                     <ns5:ArrivalPlatformName>B</ns5:ArrivalPlatformName>
                     <ns5:AimedDepartureTime>2014-09-29T16:20:00.000+02:00</ns5:AimedDepartureTime>
                     <ns5:ExpectedDepartureTime>2014-09-29T16:20:00.000+02:00</ns5:ExpectedDepartureTime>
                     <ns5:DepartureStatus>onTime</ns5:DepartureStatus>
                     <ns5:DeparturePlatformName>B</ns5:DeparturePlatformName>
                     <ns5:DepartureBoardingActivity>boarding</ns5:DepartureBoardingActivity>
                  </ns5:MonitoredCall>
               </ns5:MonitoredVehicleJourney>
            </ns5:MonitoredStopVisit>
            <ns5:MonitoredStopVisit>
               <ns5:RecordedAtTime>2014-09-29T15:55:03.113+02:00</ns5:RecordedAtTime>
               <ns5:ItemIdentifier>SNCF-ACCES:Item::50090527_165331:LOC</ns5:ItemIdentifier>
               <ns5:MonitoringRef>STIF:StopPoint:SP:50090527:</ns5:MonitoringRef>
               <ns5:MonitoredVehicleJourney>
                  <ns5:LineRef>STIF:Line::C01741:</ns5:LineRef>
                  <ns5:FramedVehicleJourneyRef>
                     <ns5:DataFrameRef>any</ns5:DataFrameRef>
                     <ns5:DatedVehicleJourneyRef>SNCF-ACCES:VehicleJourney::165331_20140929:LOC</ns5:DatedVehicleJourneyRef>
                  </ns5:FramedVehicleJourneyRef>
                  <ns5:JourneyPatternName>VERI</ns5:JourneyPatternName>
                  <ns5:VehicleMode>rail</ns5:VehicleMode>
                  <ns5:PublishedLineName>PRG Ligne U</ns5:PublishedLineName>
                  <ns5:GroupOfLinesRef>TER</ns5:GroupOfLinesRef>
                  <ns5:OperatorRef>SNCF-ACCES:Operator::SNCF:LOC</ns5:OperatorRef>
                  <ns5:VehicleFeatureRef>longTrain</ns5:VehicleFeatureRef>
                  <ns5:DestinationRef>STIF:StopPoint:SP:50090543:</ns5:DestinationRef>
                  <ns5:DestinationName>La Verriere</ns5:DestinationName>
                  <ns5:Monitored>true</ns5:Monitored>
                  <ns5:Delay>PT0.000S</ns5:Delay>
                  <ns5:TrainNumbers>
                     <ns5:TrainNumberRef>165331</ns5:TrainNumberRef>
                  </ns5:TrainNumbers>
                  <ns5:JourneyParts>
                     <ns5:JourneyPartInfo>
                        <ns5:JourneyPartRef>165331</ns5:JourneyPartRef>
                        <ns5:TrainNumberRef>1653311</ns5:TrainNumberRef>
                     </ns5:JourneyPartInfo>
                  </ns5:JourneyParts>
                  <ns5:MonitoredCall>
                     <ns5:StopPointRef>STIF:StopPoint:SP:50090527:</ns5:StopPointRef>
                     <ns5:StopPointName>Versailles Chantiers</ns5:StopPointName>
                     <ns5:VehicleAtStop>false</ns5:VehicleAtStop>
                     <ns5:PlatformTraversal>false</ns5:PlatformTraversal>
                     <ns5:DestinationDisplay>La Verriere</ns5:DestinationDisplay>
                     <ns5:AimedArrivalTime>2014-09-29T16:22:00.000+02:00</ns5:AimedArrivalTime>
                     <ns5:ExpectedArrivalTime>2014-09-29T16:22:00.000+02:00</ns5:ExpectedArrivalTime>
                     <ns5:ArrivalStatus>onTime</ns5:ArrivalStatus>
                     <ns5:ArrivalPlatformName>D</ns5:ArrivalPlatformName>
                     <ns5:AimedDepartureTime>2014-09-29T16:22:00.000+02:00</ns5:AimedDepartureTime>
                     <ns5:ExpectedDepartureTime>2014-09-29T16:22:00.000+02:00</ns5:ExpectedDepartureTime>
                     <ns5:DepartureStatus>onTime</ns5:DepartureStatus>
                     <ns5:DeparturePlatformName>D</ns5:DeparturePlatformName>
                     <ns5:DepartureBoardingActivity>boarding</ns5:DepartureBoardingActivity>
                  </ns5:MonitoredCall>
               </ns5:MonitoredVehicleJourney>
            </ns5:MonitoredStopVisit>
         </ns5:StopMonitoringDelivery>


               </Answer>
      </ns6:GetSiriServiceResponse>
   </soap:Body>
</soap:Envelope>]]></con:responseContent><con:wsaConfig mustUnderstand="NONE" version="200508" action="GetSiriService"/></con:response><con:dispatchConfig/></con:mockOperation><con:properties/></con:mockService><con:mockService port="8080" path="/" host="stif-pc-dev-08" name="Test3"><con:settings><con:setting id="com.eviware.soapui.impl.wsdl.mock.WsdlMockService@require-soap-action">false</con:setting></con:settings><con:mockOperation name="GetSiriService" interface="SiriProducerRpcBinding" operation="GetSiriService"><con:settings/><con:dispatchStyle>SEQUENCE</con:dispatchStyle><con:defaultResponse>Response 1</con:defaultResponse><con:response name="Response 1" encoding="UTF-8"><con:settings/><con:responseContent><![CDATA[<soap:Envelope xmlns:soap="http://schemas.xmlsoap.org/soap/envelope/">
   <soap:Body>
      <ns6:GetSiriServiceResponse xmlns:ns2="http://www.ifopt.org.uk/acsb" xmlns:ns3="http://www.ifopt.org.uk/ifopt" xmlns:ns4="http://datex2.eu/schema/2_0RC1/2_0" xmlns:ns5="http://www.siri.org.uk/siri" xmlns:ns6="http://wsdl.siri.org.uk" xmlns:ns7="http://wsdl.siri.org.uk/siri">
         <Answer>
         <ns5:ResponseTimestamp>2014-09-29T15:59:52.814+02:00</ns5:ResponseTimestamp>
         <ns5:ProducerRef>SNCF-ACCES</ns5:ProducerRef>
         <ns5:ResponseMessageIdentifier>SNCF-ACCES:ResponseMessage::6350d1a2-c23e-4e98-ad0b-8527eb67e577:LOC</ns5:ResponseMessageIdentifier>
         <ns5:RequestMessageRef>RELAIS:Message::0e2f6cec-fc06-4183-b0ac-76b807d3cf1a:LOC</ns5:RequestMessageRef>
         
         
         <ns5:StopMonitoringDelivery version="2.0[FR-IDF-2.4]">
            <ns5:ResponseTimestamp>2014-09-29T15:59:52.943+02:00</ns5:ResponseTimestamp>
            <ns5:MonitoredStopVisit>
               <ns5:RecordedAtTime>2014-09-29T15:59:02.059+02:00</ns5:RecordedAtTime>
               <ns5:ItemIdentifier>SNCF-ACCES:Item::50090639_128348:LOC</ns5:ItemIdentifier>
               <ns5:MonitoringRef>STIF:StopPoint:SP:50090639:</ns5:MonitoringRef>
               <ns5:MonitoredVehicleJourney>
                  <ns5:LineRef>STIF:Line::C00879:</ns5:LineRef>
                  <ns5:FramedVehicleJourneyRef>
                     <ns5:DataFrameRef>any</ns5:DataFrameRef>
                     <ns5:DatedVehicleJourneyRef>SNCF-ACCES:VehicleJourney::128348_20140929:LOC</ns5:DatedVehicleJourneyRef>
                  </ns5:FramedVehicleJourneyRef>
                  <ns5:JourneyPatternName>LOVA</ns5:JourneyPatternName>
                  <ns5:VehicleMode>rail</ns5:VehicleMode>
                  <ns5:PublishedLineName>PSE / PNO RER D_Mel/Mal via Ris</ns5:PublishedLineName>
                  <ns5:GroupOfLinesRef>TER</ns5:GroupOfLinesRef>
                  <ns5:OperatorRef>SNCF-ACCES:Operator::SNCF:LOC</ns5:OperatorRef>
                  <ns5:VehicleFeatureRef>longTrain</ns5:VehicleFeatureRef>
                  <ns5:DestinationRef>STIF:StopPoint:SP:50090390:</ns5:DestinationRef>
                  <ns5:DestinationName>Orry la Ville</ns5:DestinationName>
                  <ns5:Monitored>true</ns5:Monitored>
                  <ns5:TrainNumbers>
                     <ns5:TrainNumberRef>128348</ns5:TrainNumberRef>
                  </ns5:TrainNumbers>
                  <ns5:JourneyParts>
                     <ns5:JourneyPartInfo>
                        <ns5:JourneyPartRef>128348</ns5:JourneyPartRef>
                        <ns5:TrainNumberRef>1283482</ns5:TrainNumberRef>
                     </ns5:JourneyPartInfo>
                  </ns5:JourneyParts>
                  <ns5:MonitoredCall>
                     <ns5:StopPointRef>STIF:StopPoint:SP:50090639:</ns5:StopPointRef>
                     <ns5:StopPointName>Juvisy</ns5:StopPointName>
                     <ns5:VehicleAtStop>false</ns5:VehicleAtStop>
                     <ns5:PlatformTraversal>false</ns5:PlatformTraversal>
                     <ns5:DestinationDisplay>Orry la Ville</ns5:DestinationDisplay>
                     <ns5:AimedArrivalTime>2014-09-29T16:00:00.000+02:00</ns5:AimedArrivalTime>
                     <ns5:ArrivalStatus>delayed</ns5:ArrivalStatus>
                     <ns5:ArrivalPlatformName>B</ns5:ArrivalPlatformName>
                     <ns5:AimedDepartureTime>2014-09-29T16:00:00.000+02:00</ns5:AimedDepartureTime>
                     <ns5:DepartureStatus>delayed</ns5:DepartureStatus>
                     <ns5:DeparturePlatformName>B</ns5:DeparturePlatformName>
                     <ns5:DepartureBoardingActivity>boarding</ns5:DepartureBoardingActivity>
                  </ns5:MonitoredCall>
               </ns5:MonitoredVehicleJourney>
            </ns5:MonitoredStopVisit>
            <ns5:MonitoredStopVisit>
               <ns5:RecordedAtTime>2014-09-29T15:59:02.132+02:00</ns5:RecordedAtTime>
               <ns5:ItemIdentifier>SNCF-ACCES:Item::50090639_148638:LOC</ns5:ItemIdentifier>
               <ns5:MonitoringRef>STIF:StopPoint:SP:50090639:</ns5:MonitoringRef>
               <ns5:MonitoredVehicleJourney>
                  <ns5:LineRef>STIF:Line::C01678:</ns5:LineRef>
                  <ns5:FramedVehicleJourneyRef>
                     <ns5:DataFrameRef>any</ns5:DataFrameRef>
                     <ns5:DatedVehicleJourneyRef>SNCF-ACCES:VehicleJourney::148638_20140929:LOC</ns5:DatedVehicleJourneyRef>
                  </ns5:FramedVehicleJourneyRef>
                  <ns5:JourneyPatternName>VICK</ns5:JourneyPatternName>
                  <ns5:VehicleMode>rail</ns5:VehicleMode>
                  <ns5:PublishedLineName>PRG Versailles Ch_Versailles RG</ns5:PublishedLineName>
                  <ns5:GroupOfLinesRef>TER</ns5:GroupOfLinesRef>
                  <ns5:OperatorRef>SNCF-ACCES:Operator::SNCF:LOC</ns5:OperatorRef>
                  <ns5:VehicleFeatureRef>longTrain</ns5:VehicleFeatureRef>
                  <ns5:DestinationRef>STIF:StopPoint:SP:50090537:</ns5:DestinationRef>
                  <ns5:DestinationName>Versailles RG Ch..t.</ns5:DestinationName>
                  <ns5:Monitored>true</ns5:Monitored>
                  <ns5:TrainNumbers>
                     <ns5:TrainNumberRef>148638</ns5:TrainNumberRef>
                  </ns5:TrainNumbers>
                  <ns5:JourneyParts>
                     <ns5:JourneyPartInfo>
                        <ns5:JourneyPartRef>148638</ns5:JourneyPartRef>
                        <ns5:TrainNumberRef>1486382</ns5:TrainNumberRef>
                     </ns5:JourneyPartInfo>
                  </ns5:JourneyParts>
                  <ns5:MonitoredCall>
                     <ns5:StopPointRef>STIF:StopPoint:SP:50090639:</ns5:StopPointRef>
                     <ns5:StopPointName>Juvisy</ns5:StopPointName>
                     <ns5:VehicleAtStop>false</ns5:VehicleAtStop>
                     <ns5:PlatformTraversal>false</ns5:PlatformTraversal>
                     <ns5:DestinationDisplay>Versailles RG Ch..t.</ns5:DestinationDisplay>
                     <ns5:AimedArrivalTime>2014-09-29T16:00:00.000+02:00</ns5:AimedArrivalTime>
                     <ns5:ArrivalStatus>delayed</ns5:ArrivalStatus>
                     <ns5:ArrivalPlatformName>H</ns5:ArrivalPlatformName>
                     <ns5:AimedDepartureTime>2014-09-29T16:00:00.000+02:00</ns5:AimedDepartureTime>
                     <ns5:DepartureStatus>delayed</ns5:DepartureStatus>
                     <ns5:DeparturePlatformName>H</ns5:DeparturePlatformName>
                     <ns5:DepartureBoardingActivity>boarding</ns5:DepartureBoardingActivity>
                  </ns5:MonitoredCall>
               </ns5:MonitoredVehicleJourney>
            </ns5:MonitoredStopVisit>
         </ns5:StopMonitoringDelivery>
         


               </Answer>
      </ns6:GetSiriServiceResponse>
   </soap:Body>
</soap:Envelope>]]></con:responseContent><con:wsaConfig mustUnderstand="NONE" version="200508" action="GetSiriService"/></con:response><con:dispatchConfig/></con:mockOperation><con:properties/></con:mockService><con:properties/><con:wssContainer/></con:soapui-project>