<?xml version="1.0" encoding="UTF-8"?>
<con:soapui-project activeEnvironment="Default" name="TEST_IVTR_UC_08" resourceRoot="" soapui-version="5.0.0" abortOnError="false" runType="SEQUENTIAL" xmlns:con="http://eviware.com/soapui/config"><con:settings/><con:interface xsi:type="con:WsdlInterface" wsaVersion="NONE" name="SiriProducerRpcBinding" type="wsdl" bindingName="{http://wsdl.siri.org.uk}SiriProducerRpcBinding" soapVersion="1_1" anonymous="optional" definition="file:/home/houda/Desktop/Siri_XML-2.0n-IDF2.4/xsd/siri_wsProducer.wsdl" xmlns:xsi="http://www.w3.org/2001/XMLSchema-instance"><con:settings/><con:definitionCache/><con:endpoints><con:endpoint>http://www.siri-service-location.com</con:endpoint></con:endpoints><con:operation isOneWay="false" action="CheckStatus" name="CheckStatus" bindingOperationName="CheckStatus" type="Request-Response" inputName="" receivesAttachments="false" sendsAttachments="false" anonymous="optional"><con:settings/><con:call name="Request 1"><con:settings/><con:encoding>UTF-8</con:encoding><con:endpoint>http://www.siri-service-location.com</con:endpoint><con:request><![CDATA[<soapenv:Envelope xmlns:soapenv="http://schemas.xmlsoap.org/soap/envelope/" xmlns:wsdl="http://wsdl.siri.org.uk" xmlns:siri="http://www.siri.org.uk/siri">
   <soapenv:Header/>
   <soapenv:Body>
      <wsdl:CheckStatus>
         <Request>
            <siri:RequestTimestamp>?</siri:RequestTimestamp>
            <!--Optional:-->
            <siri:AccountId>?</siri:AccountId>
            <!--Optional:-->
            <siri:AccountKey>?</siri:AccountKey>
            <!--Optional:-->
            <siri:Address>?</siri:Address>
            <siri:RequestorRef>?</siri:RequestorRef>
            <!--Optional:-->
            <siri:MessageIdentifier>?</siri:MessageIdentifier>
            <!--Optional:-->
            <siri:DelegatorAddress>?</siri:DelegatorAddress>
            <!--Optional:-->
            <siri:DelegatorRef>?</siri:DelegatorRef>
         </Request>
         <RequestExtension>
            <!--You may enter ANY elements at this point-->
         </RequestExtension>
      </wsdl:CheckStatus>
   </soapenv:Body>
</soapenv:Envelope>]]></con:request><con:wsaConfig mustUnderstand="NONE" version="200508" action="CheckStatus"/></con:call></con:operation><con:operation isOneWay="false" action="ConnectionLinksDiscovery" name="ConnectionLinksDiscovery" bindingOperationName="ConnectionLinksDiscovery" type="Request-Response" inputName="" receivesAttachments="false" sendsAttachments="false" anonymous="optional"><con:settings/><con:call name="Request 1"><con:settings/><con:encoding>UTF-8</con:encoding><con:endpoint>http://www.siri-service-location.com</con:endpoint><con:request><![CDATA[<soapenv:Envelope xmlns:soapenv="http://schemas.xmlsoap.org/soap/envelope/" xmlns:wsdl="http://wsdl.siri.org.uk" xmlns:siri="http://www.siri.org.uk/siri">
   <soapenv:Header/>
   <soapenv:Body>
      <wsdl:ConnectionLinksDiscovery>
         <Request version="2.0">
            <siri:RequestTimestamp>?</siri:RequestTimestamp>
            <!--Optional:-->
            <siri:AccountId>?</siri:AccountId>
            <!--Optional:-->
            <siri:AccountKey>?</siri:AccountKey>
            <!--Optional:-->
            <siri:Address>?</siri:Address>
            <siri:RequestorRef>?</siri:RequestorRef>
            <!--Optional:-->
            <siri:MessageIdentifier>?</siri:MessageIdentifier>
            <!--You have a CHOICE of the next 3 items at this level-->
            <siri:BoundingBox>
               <siri:UpperLeft id="?" srsName="?">
                  <!--You have a CHOICE of the next 2 items at this level-->
                  <siri:Longitude>?</siri:Longitude>
                  <siri:Latitude>?</siri:Latitude>
                  <siri:Coordinates>?</siri:Coordinates>
                  <!--Optional:-->
                  <siri:Precision>?</siri:Precision>
               </siri:UpperLeft>
               <siri:LowerRight id="?" srsName="?">
                  <!--You have a CHOICE of the next 2 items at this level-->
                  <siri:Longitude>?</siri:Longitude>
                  <siri:Latitude>?</siri:Latitude>
                  <siri:Coordinates>?</siri:Coordinates>
                  <!--Optional:-->
                  <siri:Precision>?</siri:Precision>
               </siri:LowerRight>
            </siri:BoundingBox>
            <siri:Circle id="?" srsName="?">
               <!--You have a CHOICE of the next 2 items at this level-->
               <siri:Longitude>?</siri:Longitude>
               <siri:Latitude>?</siri:Latitude>
               <siri:Coordinates>?</siri:Coordinates>
               <!--Optional:-->
               <siri:Precision>?</siri:Precision>
            </siri:Circle>
            <siri:PlaceRef>?</siri:PlaceRef>
            <!--Optional:-->
            <siri:LineRef>?</siri:LineRef>
            <!--Optional:-->
            <siri:OperatorRef>?</siri:OperatorRef>
            <!--Optional:-->
            <siri:Language>en</siri:Language>
            <!--Optional:-->
            <siri:ConnectionLinksDetailLevel>normal</siri:ConnectionLinksDetailLevel>
         </Request>
         <RequestExtension>
            <!--You may enter ANY elements at this point-->
         </RequestExtension>
      </wsdl:ConnectionLinksDiscovery>
   </soapenv:Body>
</soapenv:Envelope>]]></con:request><con:wsaConfig mustUnderstand="NONE" version="200508" action="ConnectionLinksDiscovery"/></con:call></con:operation><con:operation isOneWay="false" action="DataSupply" name="DataSupply" bindingOperationName="DataSupply" type="Request-Response" inputName="" receivesAttachments="false" sendsAttachments="false" anonymous="optional"><con:settings/><con:call name="Request 1"><con:settings/><con:encoding>UTF-8</con:encoding><con:endpoint>http://www.siri-service-location.com</con:endpoint><con:request><![CDATA[<soapenv:Envelope xmlns:soapenv="http://schemas.xmlsoap.org/soap/envelope/" xmlns:wsdl="http://wsdl.siri.org.uk" xmlns:siri="http://www.siri.org.uk/siri">
   <soapenv:Header/>
   <soapenv:Body>
      <wsdl:DataSupply>
         <DataSupplyRequestInfo>
            <siri:RequestTimestamp>?</siri:RequestTimestamp>
            <!--Optional:-->
            <siri:AccountId>?</siri:AccountId>
            <!--Optional:-->
            <siri:AccountKey>?</siri:AccountKey>
            <!--Optional:-->
            <siri:Address>?</siri:Address>
            <!--Optional:-->
            <siri:ConsumerRef>?</siri:ConsumerRef>
            <!--Optional:-->
            <siri:MessageIdentifier>?</siri:MessageIdentifier>
            <!--Optional:-->
            <siri:DelegatorAddress>?</siri:DelegatorAddress>
            <!--Optional:-->
            <siri:DelegatorRef>?</siri:DelegatorRef>
         </DataSupplyRequestInfo>
         <Request>
            <!--Optional:-->
            <siri:NotificationRef>?</siri:NotificationRef>
            <!--Optional:-->
            <siri:AllData>false</siri:AllData>
         </Request>
         <RequestExtension>
            <!--You may enter ANY elements at this point-->
         </RequestExtension>
      </wsdl:DataSupply>
   </soapenv:Body>
</soapenv:Envelope>]]></con:request><con:wsaConfig mustUnderstand="NONE" version="200508" action="DataSupply"/></con:call></con:operation><con:operation isOneWay="false" action="DeleteSubscription" name="DeleteSubscription" bindingOperationName="DeleteSubscription" type="Request-Response" inputName="" receivesAttachments="false" sendsAttachments="false" anonymous="optional"><con:settings/><con:call name="Request 1"><con:settings/><con:encoding>UTF-8</con:encoding><con:endpoint>http://www.siri-service-location.com</con:endpoint><con:request><![CDATA[<soapenv:Envelope xmlns:soapenv="http://schemas.xmlsoap.org/soap/envelope/" xmlns:wsdl="http://wsdl.siri.org.uk" xmlns:siri="http://www.siri.org.uk/siri">
   <soapenv:Header/>
   <soapenv:Body>
      <wsdl:DeleteSubscription>
         <DeleteSubscriptionInfo>
            <siri:RequestTimestamp>?</siri:RequestTimestamp>
            <!--Optional:-->
            <siri:AccountId>?</siri:AccountId>
            <!--Optional:-->
            <siri:AccountKey>?</siri:AccountKey>
            <!--Optional:-->
            <siri:Address>?</siri:Address>
            <siri:RequestorRef>?</siri:RequestorRef>
            <!--Optional:-->
            <siri:MessageIdentifier>?</siri:MessageIdentifier>
            <!--Optional:-->
            <siri:DelegatorAddress>?</siri:DelegatorAddress>
            <!--Optional:-->
            <siri:DelegatorRef>?</siri:DelegatorRef>
         </DeleteSubscriptionInfo>
         <Request>
            <!--Optional:-->
            <siri:SubscriberRef>?</siri:SubscriberRef>
            <!--You have a CHOICE of the next 2 items at this level-->
            <siri:All>?</siri:All>
            <!--1 or more repetitions:-->
            <siri:SubscriptionRef>?</siri:SubscriptionRef>
         </Request>
         <RequestExtension>
            <!--You may enter ANY elements at this point-->
         </RequestExtension>
      </wsdl:DeleteSubscription>
   </soapenv:Body>
</soapenv:Envelope>]]></con:request><con:wsaConfig mustUnderstand="NONE" version="200508" action="DeleteSubscription"/></con:call></con:operation><con:operation isOneWay="false" action="GetCapabilities" name="GetCapabilities" bindingOperationName="GetCapabilities" type="Request-Response" inputName="" receivesAttachments="false" sendsAttachments="false" anonymous="optional"><con:settings/><con:call name="Request 1"><con:settings/><con:encoding>UTF-8</con:encoding><con:endpoint>http://www.siri-service-location.com</con:endpoint><con:request><![CDATA[<soapenv:Envelope xmlns:soapenv="http://schemas.xmlsoap.org/soap/envelope/" xmlns:wsdl="http://wsdl.siri.org.uk" xmlns:siri="http://www.siri.org.uk/siri">
   <soapenv:Header/>
   <soapenv:Body>
      <wsdl:GetCapabilities>
         <Request version="2.0">
            <siri:RequestTimestamp>?</siri:RequestTimestamp>
            <!--Optional:-->
            <siri:AccountId>?</siri:AccountId>
            <!--Optional:-->
            <siri:AccountKey>?</siri:AccountKey>
            <!--Optional:-->
            <siri:Address>?</siri:Address>
            <siri:RequestorRef>?</siri:RequestorRef>
            <!--Optional:-->
            <siri:DelegatorAddress>?</siri:DelegatorAddress>
            <!--Optional:-->
            <siri:DelegatorRef>?</siri:DelegatorRef>
            <!--Optional:-->
            <siri:ProductionTimetableCapabilitiesRequest version="2.0">
               <siri:RequestTimestamp>?</siri:RequestTimestamp>
               <!--Optional:-->
               <siri:MessageIdentifier>?</siri:MessageIdentifier>
               <!--Optional:-->
               <siri:ParticipantPermissions>false</siri:ParticipantPermissions>
               <!--Optional:-->
               <siri:Extensions>
                  <!--You may enter ANY elements at this point-->
               </siri:Extensions>
            </siri:ProductionTimetableCapabilitiesRequest>
            <!--Optional:-->
            <siri:EstimatedTimetableCapabilitiesRequest version="2.0">
               <siri:RequestTimestamp>?</siri:RequestTimestamp>
               <!--Optional:-->
               <siri:MessageIdentifier>?</siri:MessageIdentifier>
               <!--Optional:-->
               <siri:ParticipantPermissions>false</siri:ParticipantPermissions>
               <!--Optional:-->
               <siri:Extensions>
                  <!--You may enter ANY elements at this point-->
               </siri:Extensions>
            </siri:EstimatedTimetableCapabilitiesRequest>
            <!--Optional:-->
            <siri:StopTimetableCapabilitiesRequest version="2.0">
               <siri:RequestTimestamp>?</siri:RequestTimestamp>
               <!--Optional:-->
               <siri:MessageIdentifier>?</siri:MessageIdentifier>
               <!--Optional:-->
               <siri:ParticipantPermissions>false</siri:ParticipantPermissions>
               <!--Optional:-->
               <siri:Extensions>
                  <!--You may enter ANY elements at this point-->
               </siri:Extensions>
            </siri:StopTimetableCapabilitiesRequest>
            <!--Optional:-->
            <siri:StopMonitoringCapabilitiesRequest version="2.0">
               <siri:RequestTimestamp>?</siri:RequestTimestamp>
               <!--Optional:-->
               <siri:MessageIdentifier>?</siri:MessageIdentifier>
               <!--Optional:-->
               <siri:ParticipantPermissions>false</siri:ParticipantPermissions>
               <!--Optional:-->
               <siri:Extensions>
                  <!--You may enter ANY elements at this point-->
               </siri:Extensions>
            </siri:StopMonitoringCapabilitiesRequest>
            <!--Optional:-->
            <siri:VehicleMonitoringCapabilitiesRequest version="2.0">
               <siri:RequestTimestamp>?</siri:RequestTimestamp>
               <!--Optional:-->
               <siri:MessageIdentifier>?</siri:MessageIdentifier>
               <!--Optional:-->
               <siri:ParticipantPermissions>false</siri:ParticipantPermissions>
               <!--Optional:-->
               <siri:Extensions>
                  <!--You may enter ANY elements at this point-->
               </siri:Extensions>
            </siri:VehicleMonitoringCapabilitiesRequest>
            <!--Optional:-->
            <siri:ConnectionTimetableCapabilitiesRequest version="2.0">
               <siri:RequestTimestamp>?</siri:RequestTimestamp>
               <!--Optional:-->
               <siri:MessageIdentifier>?</siri:MessageIdentifier>
               <!--Optional:-->
               <siri:ParticipantPermissions>false</siri:ParticipantPermissions>
               <!--Optional:-->
               <siri:Extensions>
                  <!--You may enter ANY elements at this point-->
               </siri:Extensions>
            </siri:ConnectionTimetableCapabilitiesRequest>
            <!--Optional:-->
            <siri:ConnectionMonitoringCapabilitiesRequest version="2.0">
               <siri:RequestTimestamp>?</siri:RequestTimestamp>
               <!--Optional:-->
               <siri:MessageIdentifier>?</siri:MessageIdentifier>
               <!--Optional:-->
               <siri:ParticipantPermissions>false</siri:ParticipantPermissions>
               <!--Optional:-->
               <siri:Extensions>
                  <!--You may enter ANY elements at this point-->
               </siri:Extensions>
            </siri:ConnectionMonitoringCapabilitiesRequest>
            <!--Optional:-->
            <siri:GeneralMessageCapabilitiesRequest version="2.0">
               <siri:RequestTimestamp>?</siri:RequestTimestamp>
               <!--Optional:-->
               <siri:MessageIdentifier>?</siri:MessageIdentifier>
               <!--Optional:-->
               <siri:ParticipantPermissions>false</siri:ParticipantPermissions>
               <!--Optional:-->
               <siri:Extensions>
                  <!--You may enter ANY elements at this point-->
               </siri:Extensions>
            </siri:GeneralMessageCapabilitiesRequest>
            <!--Optional:-->
            <siri:FacilityMonitoringCapabilitiesRequest version="2.0">
               <siri:RequestTimestamp>?</siri:RequestTimestamp>
               <!--Optional:-->
               <siri:MessageIdentifier>?</siri:MessageIdentifier>
               <!--Optional:-->
               <siri:ParticipantPermissions>false</siri:ParticipantPermissions>
               <!--Optional:-->
               <siri:Extensions>
                  <!--You may enter ANY elements at this point-->
               </siri:Extensions>
            </siri:FacilityMonitoringCapabilitiesRequest>
            <!--Optional:-->
            <siri:SituationExchangeCapabilitiesRequest version="2.0">
               <siri:RequestTimestamp>?</siri:RequestTimestamp>
               <!--Optional:-->
               <siri:MessageIdentifier>?</siri:MessageIdentifier>
               <!--Optional:-->
               <siri:ParticipantPermissions>false</siri:ParticipantPermissions>
               <!--Optional:-->
               <siri:Extensions>
                  <!--You may enter ANY elements at this point-->
               </siri:Extensions>
            </siri:SituationExchangeCapabilitiesRequest>
         </Request>
         <RequestExtension>
            <!--You may enter ANY elements at this point-->
         </RequestExtension>
      </wsdl:GetCapabilities>
   </soapenv:Body>
</soapenv:Envelope>]]></con:request><con:wsaConfig mustUnderstand="NONE" version="200508" action="GetCapabilities"/></con:call></con:operation><con:operation isOneWay="false" action="GetConnectionMonitoring" name="GetConnectionMonitoring" bindingOperationName="GetConnectionMonitoring" type="Request-Response" inputName="" receivesAttachments="false" sendsAttachments="false" anonymous="optional"><con:settings/><con:call name="Request 1"><con:settings/><con:encoding>UTF-8</con:encoding><con:endpoint>http://www.siri-service-location.com</con:endpoint><con:request><![CDATA[<soapenv:Envelope xmlns:soapenv="http://schemas.xmlsoap.org/soap/envelope/" xmlns:wsdl="http://wsdl.siri.org.uk" xmlns:siri="http://www.siri.org.uk/siri">
   <soapenv:Header/>
   <soapenv:Body>
      <wsdl:GetConnectionMonitoring>
         <ServiceRequestInfo>
            <!--Optional:-->
            <siri:ServiceRequestContext>
               <!--Optional:-->
               <siri:CheckStatusAddress>?</siri:CheckStatusAddress>
               <!--Optional:-->
               <siri:SubscribeAddress>?</siri:SubscribeAddress>
               <!--Optional:-->
               <siri:ManageSubscriptionAddress>?</siri:ManageSubscriptionAddress>
               <!--Optional:-->
               <siri:GetDataAddress>?</siri:GetDataAddress>
               <!--Optional:-->
               <siri:StatusResponseAddress>?</siri:StatusResponseAddress>
               <!--Optional:-->
               <siri:SubscriberAddress>?</siri:SubscriberAddress>
               <!--Optional:-->
               <siri:NotifyAddress>?</siri:NotifyAddress>
               <!--Optional:-->
               <siri:ConsumerAddress>?</siri:ConsumerAddress>
               <!--Optional:-->
               <siri:DataNameSpaces>
                  <!--Optional:-->
                  <siri:StopPointNameSpace>?</siri:StopPointNameSpace>
                  <!--Optional:-->
                  <siri:LineNameSpace>?</siri:LineNameSpace>
                  <!--Optional:-->
                  <siri:ProductCategoryNameSpace>?</siri:ProductCategoryNameSpace>
                  <!--Optional:-->
                  <siri:ServiceFeatureNameSpace>?</siri:ServiceFeatureNameSpace>
                  <!--Optional:-->
                  <siri:VehicleFeatureNameSpace>?</siri:VehicleFeatureNameSpace>
               </siri:DataNameSpaces>
               <!--Optional:-->
               <siri:Language>en</siri:Language>
               <!--You have a CHOICE of the next 2 items at this level-->
               <siri:WgsDecimalDegrees>?</siri:WgsDecimalDegrees>
               <siri:GmlCoordinateFormat>?</siri:GmlCoordinateFormat>
               <!--Optional:-->
               <siri:DistanceUnits>?</siri:DistanceUnits>
               <!--Optional:-->
               <siri:VelocityUnits>?</siri:VelocityUnits>
               <!--Optional:-->
               <siri:DataHorizon>?</siri:DataHorizon>
               <!--Optional:-->
               <siri:RequestTimeout>?</siri:RequestTimeout>
               <!--Optional:-->
               <siri:DeliveryMethod>direct</siri:DeliveryMethod>
               <!--Optional:-->
               <siri:MultipartDespatch>?</siri:MultipartDespatch>
               <!--Optional:-->
               <siri:ConfirmDelivery>false</siri:ConfirmDelivery>
               <!--Optional:-->
               <siri:MaximimumNumberOfSubscriptions>?</siri:MaximimumNumberOfSubscriptions>
               <!--Optional:-->
               <siri:AllowedPredictors>anyone</siri:AllowedPredictors>
               <!--Optional:-->
               <siri:PredictionFunction>?</siri:PredictionFunction>
            </siri:ServiceRequestContext>
            <siri:RequestTimestamp>?</siri:RequestTimestamp>
            <!--Optional:-->
            <siri:AccountId>?</siri:AccountId>
            <!--Optional:-->
            <siri:AccountKey>?</siri:AccountKey>
            <!--Optional:-->
            <siri:Address>?</siri:Address>
            <siri:RequestorRef>?</siri:RequestorRef>
            <!--Optional:-->
            <siri:MessageIdentifier>?</siri:MessageIdentifier>
            <!--Optional:-->
            <siri:DelegatorAddress>?</siri:DelegatorAddress>
            <!--Optional:-->
            <siri:DelegatorRef>?</siri:DelegatorRef>
         </ServiceRequestInfo>
         <Request version="2.0">
            <siri:RequestTimestamp>?</siri:RequestTimestamp>
            <!--Optional:-->
            <siri:MessageIdentifier>?</siri:MessageIdentifier>
            <!--Optional:-->
            <siri:PreviewInterval>?</siri:PreviewInterval>
            <siri:ConnectionLinkRef>?</siri:ConnectionLinkRef>
            <!--You have a CHOICE of the next 2 items at this level-->
            <siri:ConnectingTimeFilter>
               <siri:LineRef>?</siri:LineRef>
               <siri:DirectionRef>?</siri:DirectionRef>
               <!--Optional:-->
               <siri:EarliestArrivalTime>?</siri:EarliestArrivalTime>
               <!--Optional:-->
               <siri:LatestArrivalTime>?</siri:LatestArrivalTime>
            </siri:ConnectingTimeFilter>
            <!--1 or more repetitions:-->
            <siri:ConnectingJourneyFilter>
               <siri:DatedVehicleJourneyRef>?</siri:DatedVehicleJourneyRef>
               <!--Optional:-->
               <siri:VisitNumber>?</siri:VisitNumber>
               <siri:TimetabledArrivalTime>?</siri:TimetabledArrivalTime>
            </siri:ConnectingJourneyFilter>
            <!--Optional:-->
            <siri:Language>en</siri:Language>
            <!--Optional:-->
            <siri:IncludeTranslations>?</siri:IncludeTranslations>
            <!--Optional:-->
            <siri:ConnectionMonitoringDetailLevel>?</siri:ConnectionMonitoringDetailLevel>
            <!--Optional:-->
            <siri:Extensions>
               <!--You may enter ANY elements at this point-->
            </siri:Extensions>
         </Request>
         <RequestExtension>
            <!--You may enter ANY elements at this point-->
         </RequestExtension>
      </wsdl:GetConnectionMonitoring>
   </soapenv:Body>
</soapenv:Envelope>]]></con:request><con:wsaConfig mustUnderstand="NONE" version="200508" action="GetConnectionMonitoring"/></con:call></con:operation><con:operation isOneWay="false" action="GetConnectionTimetable" name="GetConnectionTimetable" bindingOperationName="GetConnectionTimetable" type="Request-Response" inputName="" receivesAttachments="false" sendsAttachments="false" anonymous="optional"><con:settings/><con:call name="Request 1"><con:settings/><con:encoding>UTF-8</con:encoding><con:endpoint>http://www.siri-service-location.com</con:endpoint><con:request><![CDATA[<soapenv:Envelope xmlns:soapenv="http://schemas.xmlsoap.org/soap/envelope/" xmlns:wsdl="http://wsdl.siri.org.uk" xmlns:siri="http://www.siri.org.uk/siri">
   <soapenv:Header/>
   <soapenv:Body>
      <wsdl:GetConnectionTimetable>
         <ServiceRequestInfo>
            <!--Optional:-->
            <siri:ServiceRequestContext>
               <!--Optional:-->
               <siri:CheckStatusAddress>?</siri:CheckStatusAddress>
               <!--Optional:-->
               <siri:SubscribeAddress>?</siri:SubscribeAddress>
               <!--Optional:-->
               <siri:ManageSubscriptionAddress>?</siri:ManageSubscriptionAddress>
               <!--Optional:-->
               <siri:GetDataAddress>?</siri:GetDataAddress>
               <!--Optional:-->
               <siri:StatusResponseAddress>?</siri:StatusResponseAddress>
               <!--Optional:-->
               <siri:SubscriberAddress>?</siri:SubscriberAddress>
               <!--Optional:-->
               <siri:NotifyAddress>?</siri:NotifyAddress>
               <!--Optional:-->
               <siri:ConsumerAddress>?</siri:ConsumerAddress>
               <!--Optional:-->
               <siri:DataNameSpaces>
                  <!--Optional:-->
                  <siri:StopPointNameSpace>?</siri:StopPointNameSpace>
                  <!--Optional:-->
                  <siri:LineNameSpace>?</siri:LineNameSpace>
                  <!--Optional:-->
                  <siri:ProductCategoryNameSpace>?</siri:ProductCategoryNameSpace>
                  <!--Optional:-->
                  <siri:ServiceFeatureNameSpace>?</siri:ServiceFeatureNameSpace>
                  <!--Optional:-->
                  <siri:VehicleFeatureNameSpace>?</siri:VehicleFeatureNameSpace>
               </siri:DataNameSpaces>
               <!--Optional:-->
               <siri:Language>en</siri:Language>
               <!--You have a CHOICE of the next 2 items at this level-->
               <siri:WgsDecimalDegrees>?</siri:WgsDecimalDegrees>
               <siri:GmlCoordinateFormat>?</siri:GmlCoordinateFormat>
               <!--Optional:-->
               <siri:DistanceUnits>?</siri:DistanceUnits>
               <!--Optional:-->
               <siri:VelocityUnits>?</siri:VelocityUnits>
               <!--Optional:-->
               <siri:DataHorizon>?</siri:DataHorizon>
               <!--Optional:-->
               <siri:RequestTimeout>?</siri:RequestTimeout>
               <!--Optional:-->
               <siri:DeliveryMethod>direct</siri:DeliveryMethod>
               <!--Optional:-->
               <siri:MultipartDespatch>?</siri:MultipartDespatch>
               <!--Optional:-->
               <siri:ConfirmDelivery>false</siri:ConfirmDelivery>
               <!--Optional:-->
               <siri:MaximimumNumberOfSubscriptions>?</siri:MaximimumNumberOfSubscriptions>
               <!--Optional:-->
               <siri:AllowedPredictors>anyone</siri:AllowedPredictors>
               <!--Optional:-->
               <siri:PredictionFunction>?</siri:PredictionFunction>
            </siri:ServiceRequestContext>
            <siri:RequestTimestamp>?</siri:RequestTimestamp>
            <!--Optional:-->
            <siri:AccountId>?</siri:AccountId>
            <!--Optional:-->
            <siri:AccountKey>?</siri:AccountKey>
            <!--Optional:-->
            <siri:Address>?</siri:Address>
            <siri:RequestorRef>?</siri:RequestorRef>
            <!--Optional:-->
            <siri:MessageIdentifier>?</siri:MessageIdentifier>
            <!--Optional:-->
            <siri:DelegatorAddress>?</siri:DelegatorAddress>
            <!--Optional:-->
            <siri:DelegatorRef>?</siri:DelegatorRef>
         </ServiceRequestInfo>
         <Request version="2.0">
            <siri:RequestTimestamp>?</siri:RequestTimestamp>
            <!--Optional:-->
            <siri:MessageIdentifier>?</siri:MessageIdentifier>
            <!--Optional:-->
            <siri:ArrivalWindow>
               <siri:StartTime>?</siri:StartTime>
               <siri:EndTime>?</siri:EndTime>
            </siri:ArrivalWindow>
            <siri:ConnectionLinkRef>?</siri:ConnectionLinkRef>
            <!--Optional:-->
            <siri:LineRef>?</siri:LineRef>
            <!--Optional:-->
            <siri:DirectionRef>?</siri:DirectionRef>
            <!--Optional:-->
            <siri:Language>en</siri:Language>
            <!--Optional:-->
            <siri:IncludeTranslations>?</siri:IncludeTranslations>
            <!--Optional:-->
            <siri:Extensions>
               <!--You may enter ANY elements at this point-->
            </siri:Extensions>
         </Request>
         <RequestExtension>
            <!--You may enter ANY elements at this point-->
         </RequestExtension>
      </wsdl:GetConnectionTimetable>
   </soapenv:Body>
</soapenv:Envelope>]]></con:request><con:wsaConfig mustUnderstand="NONE" version="200508" action="GetConnectionTimetable"/></con:call></con:operation><con:operation isOneWay="false" action="GetEstimatedTimetable" name="GetEstimatedTimetable" bindingOperationName="GetEstimatedTimetable" type="Request-Response" inputName="" receivesAttachments="false" sendsAttachments="false" anonymous="optional"><con:settings/><con:call name="Request 1"><con:settings/><con:encoding>UTF-8</con:encoding><con:endpoint>http://www.siri-service-location.com</con:endpoint><con:request><![CDATA[<soapenv:Envelope xmlns:soapenv="http://schemas.xmlsoap.org/soap/envelope/" xmlns:wsdl="http://wsdl.siri.org.uk" xmlns:siri="http://www.siri.org.uk/siri">
   <soapenv:Header/>
   <soapenv:Body>
      <wsdl:GetEstimatedTimetable>
         <ServiceRequestInfo>
            <!--Optional:-->
            <siri:ServiceRequestContext>
               <!--Optional:-->
               <siri:CheckStatusAddress>?</siri:CheckStatusAddress>
               <!--Optional:-->
               <siri:SubscribeAddress>?</siri:SubscribeAddress>
               <!--Optional:-->
               <siri:ManageSubscriptionAddress>?</siri:ManageSubscriptionAddress>
               <!--Optional:-->
               <siri:GetDataAddress>?</siri:GetDataAddress>
               <!--Optional:-->
               <siri:StatusResponseAddress>?</siri:StatusResponseAddress>
               <!--Optional:-->
               <siri:SubscriberAddress>?</siri:SubscriberAddress>
               <!--Optional:-->
               <siri:NotifyAddress>?</siri:NotifyAddress>
               <!--Optional:-->
               <siri:ConsumerAddress>?</siri:ConsumerAddress>
               <!--Optional:-->
               <siri:DataNameSpaces>
                  <!--Optional:-->
                  <siri:StopPointNameSpace>?</siri:StopPointNameSpace>
                  <!--Optional:-->
                  <siri:LineNameSpace>?</siri:LineNameSpace>
                  <!--Optional:-->
                  <siri:ProductCategoryNameSpace>?</siri:ProductCategoryNameSpace>
                  <!--Optional:-->
                  <siri:ServiceFeatureNameSpace>?</siri:ServiceFeatureNameSpace>
                  <!--Optional:-->
                  <siri:VehicleFeatureNameSpace>?</siri:VehicleFeatureNameSpace>
               </siri:DataNameSpaces>
               <!--Optional:-->
               <siri:Language>en</siri:Language>
               <!--You have a CHOICE of the next 2 items at this level-->
               <siri:WgsDecimalDegrees>?</siri:WgsDecimalDegrees>
               <siri:GmlCoordinateFormat>?</siri:GmlCoordinateFormat>
               <!--Optional:-->
               <siri:DistanceUnits>?</siri:DistanceUnits>
               <!--Optional:-->
               <siri:VelocityUnits>?</siri:VelocityUnits>
               <!--Optional:-->
               <siri:DataHorizon>?</siri:DataHorizon>
               <!--Optional:-->
               <siri:RequestTimeout>?</siri:RequestTimeout>
               <!--Optional:-->
               <siri:DeliveryMethod>direct</siri:DeliveryMethod>
               <!--Optional:-->
               <siri:MultipartDespatch>?</siri:MultipartDespatch>
               <!--Optional:-->
               <siri:ConfirmDelivery>false</siri:ConfirmDelivery>
               <!--Optional:-->
               <siri:MaximimumNumberOfSubscriptions>?</siri:MaximimumNumberOfSubscriptions>
               <!--Optional:-->
               <siri:AllowedPredictors>anyone</siri:AllowedPredictors>
               <!--Optional:-->
               <siri:PredictionFunction>?</siri:PredictionFunction>
            </siri:ServiceRequestContext>
            <siri:RequestTimestamp>?</siri:RequestTimestamp>
            <!--Optional:-->
            <siri:AccountId>?</siri:AccountId>
            <!--Optional:-->
            <siri:AccountKey>?</siri:AccountKey>
            <!--Optional:-->
            <siri:Address>?</siri:Address>
            <siri:RequestorRef>?</siri:RequestorRef>
            <!--Optional:-->
            <siri:MessageIdentifier>?</siri:MessageIdentifier>
            <!--Optional:-->
            <siri:DelegatorAddress>?</siri:DelegatorAddress>
            <!--Optional:-->
            <siri:DelegatorRef>?</siri:DelegatorRef>
         </ServiceRequestInfo>
         <Request version="2.0">
            <siri:RequestTimestamp>?</siri:RequestTimestamp>
            <!--Optional:-->
            <siri:MessageIdentifier>?</siri:MessageIdentifier>
            <!--Optional:-->
            <siri:PreviewInterval>?</siri:PreviewInterval>
            <!--Optional:-->
            <siri:TimetableVersionRef>?</siri:TimetableVersionRef>
            <!--Zero or more repetitions:-->
            <siri:OperatorRef>?</siri:OperatorRef>
            <!--Optional:-->
            <siri:Lines>
               <!--1 or more repetitions:-->
               <siri:LineDirection>
                  <siri:LineRef>?</siri:LineRef>
                  <!--Optional:-->
                  <siri:DirectionRef>?</siri:DirectionRef>
               </siri:LineDirection>
            </siri:Lines>
            <!--Optional:-->
            <siri:Language>en</siri:Language>
            <!--Optional:-->
            <siri:IncludeTranslations>?</siri:IncludeTranslations>
            <!--Optional:-->
            <siri:EstimatedTimetableDetailLevel>?</siri:EstimatedTimetableDetailLevel>
            <!--Optional:-->
            <siri:Extensions>
               <!--You may enter ANY elements at this point-->
            </siri:Extensions>
         </Request>
         <RequestExtension>
            <!--You may enter ANY elements at this point-->
         </RequestExtension>
      </wsdl:GetEstimatedTimetable>
   </soapenv:Body>
</soapenv:Envelope>]]></con:request><con:wsaConfig mustUnderstand="NONE" version="200508" action="GetEstimatedTimetable"/></con:call></con:operation><con:operation isOneWay="false" action="GetFacilityMonitoring" name="GetFacilityMonitoring" bindingOperationName="GetFacilityMonitoring" type="Request-Response" inputName="" receivesAttachments="false" sendsAttachments="false" anonymous="optional"><con:settings/><con:call name="Request 1"><con:settings/><con:encoding>UTF-8</con:encoding><con:endpoint>http://www.siri-service-location.com</con:endpoint><con:request><![CDATA[<soapenv:Envelope xmlns:soapenv="http://schemas.xmlsoap.org/soap/envelope/" xmlns:wsdl="http://wsdl.siri.org.uk" xmlns:siri="http://www.siri.org.uk/siri" xmlns:acsb="http://www.ifopt.org.uk/acsb">
   <soapenv:Header/>
   <soapenv:Body>
      <wsdl:GetFacilityMonitoring>
         <ServiceRequestInfo>
            <!--Optional:-->
            <siri:ServiceRequestContext>
               <!--Optional:-->
               <siri:CheckStatusAddress>?</siri:CheckStatusAddress>
               <!--Optional:-->
               <siri:SubscribeAddress>?</siri:SubscribeAddress>
               <!--Optional:-->
               <siri:ManageSubscriptionAddress>?</siri:ManageSubscriptionAddress>
               <!--Optional:-->
               <siri:GetDataAddress>?</siri:GetDataAddress>
               <!--Optional:-->
               <siri:StatusResponseAddress>?</siri:StatusResponseAddress>
               <!--Optional:-->
               <siri:SubscriberAddress>?</siri:SubscriberAddress>
               <!--Optional:-->
               <siri:NotifyAddress>?</siri:NotifyAddress>
               <!--Optional:-->
               <siri:ConsumerAddress>?</siri:ConsumerAddress>
               <!--Optional:-->
               <siri:DataNameSpaces>
                  <!--Optional:-->
                  <siri:StopPointNameSpace>?</siri:StopPointNameSpace>
                  <!--Optional:-->
                  <siri:LineNameSpace>?</siri:LineNameSpace>
                  <!--Optional:-->
                  <siri:ProductCategoryNameSpace>?</siri:ProductCategoryNameSpace>
                  <!--Optional:-->
                  <siri:ServiceFeatureNameSpace>?</siri:ServiceFeatureNameSpace>
                  <!--Optional:-->
                  <siri:VehicleFeatureNameSpace>?</siri:VehicleFeatureNameSpace>
               </siri:DataNameSpaces>
               <!--Optional:-->
               <siri:Language>en</siri:Language>
               <!--You have a CHOICE of the next 2 items at this level-->
               <siri:WgsDecimalDegrees>?</siri:WgsDecimalDegrees>
               <siri:GmlCoordinateFormat>?</siri:GmlCoordinateFormat>
               <!--Optional:-->
               <siri:DistanceUnits>?</siri:DistanceUnits>
               <!--Optional:-->
               <siri:VelocityUnits>?</siri:VelocityUnits>
               <!--Optional:-->
               <siri:DataHorizon>?</siri:DataHorizon>
               <!--Optional:-->
               <siri:RequestTimeout>?</siri:RequestTimeout>
               <!--Optional:-->
               <siri:DeliveryMethod>direct</siri:DeliveryMethod>
               <!--Optional:-->
               <siri:MultipartDespatch>?</siri:MultipartDespatch>
               <!--Optional:-->
               <siri:ConfirmDelivery>false</siri:ConfirmDelivery>
               <!--Optional:-->
               <siri:MaximimumNumberOfSubscriptions>?</siri:MaximimumNumberOfSubscriptions>
               <!--Optional:-->
               <siri:AllowedPredictors>anyone</siri:AllowedPredictors>
               <!--Optional:-->
               <siri:PredictionFunction>?</siri:PredictionFunction>
            </siri:ServiceRequestContext>
            <siri:RequestTimestamp>?</siri:RequestTimestamp>
            <!--Optional:-->
            <siri:AccountId>?</siri:AccountId>
            <!--Optional:-->
            <siri:AccountKey>?</siri:AccountKey>
            <!--Optional:-->
            <siri:Address>?</siri:Address>
            <siri:RequestorRef>?</siri:RequestorRef>
            <!--Optional:-->
            <siri:MessageIdentifier>?</siri:MessageIdentifier>
            <!--Optional:-->
            <siri:DelegatorAddress>?</siri:DelegatorAddress>
            <!--Optional:-->
            <siri:DelegatorRef>?</siri:DelegatorRef>
         </ServiceRequestInfo>
         <Request version="2.0">
            <siri:RequestTimestamp>?</siri:RequestTimestamp>
            <!--Optional:-->
            <siri:MessageIdentifier>?</siri:MessageIdentifier>
            <!--Optional:-->
            <siri:PreviewInterval>?</siri:PreviewInterval>
            <!--Optional:-->
            <siri:StartTime>?</siri:StartTime>
            <!--Zero or more repetitions:-->
            <siri:FacilityRef>?</siri:FacilityRef>
            <!--Optional:-->
            <siri:FeatureRef>?</siri:FeatureRef>
            <!--Optional:-->
            <siri:LineRef>?</siri:LineRef>
            <!--Optional:-->
            <siri:StopPointRef>?</siri:StopPointRef>
            <!--Optional:-->
            <siri:ConnectionLinkRef>?</siri:ConnectionLinkRef>
            <!--You have a CHOICE of the next 2 items at this level-->
            <siri:FramedVehicleJourneyRef>
               <siri:DataFrameRef>?</siri:DataFrameRef>
               <siri:DatedVehicleJourneyRef>?</siri:DatedVehicleJourneyRef>
            </siri:FramedVehicleJourneyRef>
            <siri:VehicleJourneyRef>?</siri:VehicleJourneyRef>
            <!--Optional:-->
            <siri:InterchangeRef>?</siri:InterchangeRef>
            <!--Optional:-->
            <siri:VehicleRef>?</siri:VehicleRef>
            <!--Optional:-->
            <siri:StopPlaceRef>?</siri:StopPlaceRef>
            <!--Optional:-->
            <siri:StopPlaceComponentRef>?</siri:StopPlaceComponentRef>
            <!--Zero or more repetitions:-->
            <siri:AccessibilityNeedsFilter>
               <!--1 or more repetitions:-->
               <siri:UserNeed>
                  <!--You have a CHOICE of the next 4 items at this level-->
                  <acsb:MobilityNeed>?</acsb:MobilityNeed>
                  <acsb:PsychosensoryNeed>?</acsb:PsychosensoryNeed>
                  <acsb:MedicalNeed>?</acsb:MedicalNeed>
                  <acsb:EncumbranceNeed>?</acsb:EncumbranceNeed>
                  <!--Optional:-->
                  <acsb:Excluded>?</acsb:Excluded>
                  <!--Optional:-->
                  <acsb:NeedRanking>?</acsb:NeedRanking>
                  <!--Optional:-->
                  <acsb:Extensions>?</acsb:Extensions>
               </siri:UserNeed>
            </siri:AccessibilityNeedsFilter>
            <!--Optional:-->
            <siri:Language>en</siri:Language>
            <!--Optional:-->
            <siri:IncludeTranslations>?</siri:IncludeTranslations>
            <!--Optional:-->
            <siri:MaximumNumberOfFacilityConditions>?</siri:MaximumNumberOfFacilityConditions>
            <!--Optional:-->
            <siri:Extensions>
               <!--You may enter ANY elements at this point-->
            </siri:Extensions>
         </Request>
         <RequestExtension>
            <!--You may enter ANY elements at this point-->
         </RequestExtension>
      </wsdl:GetFacilityMonitoring>
   </soapenv:Body>
</soapenv:Envelope>]]></con:request><con:wsaConfig mustUnderstand="NONE" version="200508" action="GetFacilityMonitoring"/></con:call></con:operation><con:operation isOneWay="false" action="GetGeneralMessage" name="GetGeneralMessage" bindingOperationName="GetGeneralMessage" type="Request-Response" inputName="" receivesAttachments="false" sendsAttachments="false" anonymous="optional"><con:settings/><con:call name="Request 1"><con:settings/><con:encoding>UTF-8</con:encoding><con:endpoint>http://www.siri-service-location.com</con:endpoint><con:request><![CDATA[<soapenv:Envelope xmlns:soapenv="http://schemas.xmlsoap.org/soap/envelope/" xmlns:wsdl="http://wsdl.siri.org.uk" xmlns:siri="http://www.siri.org.uk/siri">
   <soapenv:Header/>
   <soapenv:Body>
      <wsdl:GetGeneralMessage>
         <ServiceRequestInfo>
            <!--Optional:-->
            <siri:ServiceRequestContext>
               <!--Optional:-->
               <siri:CheckStatusAddress>?</siri:CheckStatusAddress>
               <!--Optional:-->
               <siri:SubscribeAddress>?</siri:SubscribeAddress>
               <!--Optional:-->
               <siri:ManageSubscriptionAddress>?</siri:ManageSubscriptionAddress>
               <!--Optional:-->
               <siri:GetDataAddress>?</siri:GetDataAddress>
               <!--Optional:-->
               <siri:StatusResponseAddress>?</siri:StatusResponseAddress>
               <!--Optional:-->
               <siri:SubscriberAddress>?</siri:SubscriberAddress>
               <!--Optional:-->
               <siri:NotifyAddress>?</siri:NotifyAddress>
               <!--Optional:-->
               <siri:ConsumerAddress>?</siri:ConsumerAddress>
               <!--Optional:-->
               <siri:DataNameSpaces>
                  <!--Optional:-->
                  <siri:StopPointNameSpace>?</siri:StopPointNameSpace>
                  <!--Optional:-->
                  <siri:LineNameSpace>?</siri:LineNameSpace>
                  <!--Optional:-->
                  <siri:ProductCategoryNameSpace>?</siri:ProductCategoryNameSpace>
                  <!--Optional:-->
                  <siri:ServiceFeatureNameSpace>?</siri:ServiceFeatureNameSpace>
                  <!--Optional:-->
                  <siri:VehicleFeatureNameSpace>?</siri:VehicleFeatureNameSpace>
               </siri:DataNameSpaces>
               <!--Optional:-->
               <siri:Language>en</siri:Language>
               <!--You have a CHOICE of the next 2 items at this level-->
               <siri:WgsDecimalDegrees>?</siri:WgsDecimalDegrees>
               <siri:GmlCoordinateFormat>?</siri:GmlCoordinateFormat>
               <!--Optional:-->
               <siri:DistanceUnits>?</siri:DistanceUnits>
               <!--Optional:-->
               <siri:VelocityUnits>?</siri:VelocityUnits>
               <!--Optional:-->
               <siri:DataHorizon>?</siri:DataHorizon>
               <!--Optional:-->
               <siri:RequestTimeout>?</siri:RequestTimeout>
               <!--Optional:-->
               <siri:DeliveryMethod>direct</siri:DeliveryMethod>
               <!--Optional:-->
               <siri:MultipartDespatch>?</siri:MultipartDespatch>
               <!--Optional:-->
               <siri:ConfirmDelivery>false</siri:ConfirmDelivery>
               <!--Optional:-->
               <siri:MaximimumNumberOfSubscriptions>?</siri:MaximimumNumberOfSubscriptions>
               <!--Optional:-->
               <siri:AllowedPredictors>anyone</siri:AllowedPredictors>
               <!--Optional:-->
               <siri:PredictionFunction>?</siri:PredictionFunction>
            </siri:ServiceRequestContext>
            <siri:RequestTimestamp>?</siri:RequestTimestamp>
            <!--Optional:-->
            <siri:AccountId>?</siri:AccountId>
            <!--Optional:-->
            <siri:AccountKey>?</siri:AccountKey>
            <!--Optional:-->
            <siri:Address>?</siri:Address>
            <siri:RequestorRef>?</siri:RequestorRef>
            <!--Optional:-->
            <siri:MessageIdentifier>?</siri:MessageIdentifier>
            <!--Optional:-->
            <siri:DelegatorAddress>?</siri:DelegatorAddress>
            <!--Optional:-->
            <siri:DelegatorRef>?</siri:DelegatorRef>
         </ServiceRequestInfo>
         <Request version="2.0">
            <siri:RequestTimestamp>?</siri:RequestTimestamp>
            <!--Optional:-->
            <siri:MessageIdentifier>?</siri:MessageIdentifier>
            <!--Zero or more repetitions:-->
            <siri:InfoChannelRef>?</siri:InfoChannelRef>
            <!--Optional:-->
            <siri:Language>en</siri:Language>
            <!--Optional:-->
            <siri:Extensions>
               <!--You may enter ANY elements at this point-->
            </siri:Extensions>
         </Request>
         <RequestExtension>
            <!--You may enter ANY elements at this point-->
         </RequestExtension>
      </wsdl:GetGeneralMessage>
   </soapenv:Body>
</soapenv:Envelope>]]></con:request><con:wsaConfig mustUnderstand="NONE" version="200508" action="GetGeneralMessage"/></con:call></con:operation><con:operation isOneWay="false" action="GetMultipleStopMonitoring" name="GetMultipleStopMonitoring" bindingOperationName="GetMultipleStopMonitoring" type="Request-Response" inputName="" receivesAttachments="false" sendsAttachments="false" anonymous="optional"><con:settings/><con:call name="Request 1"><con:settings/><con:encoding>UTF-8</con:encoding><con:endpoint>http://www.siri-service-location.com</con:endpoint><con:request><![CDATA[<soapenv:Envelope xmlns:soapenv="http://schemas.xmlsoap.org/soap/envelope/" xmlns:wsdl="http://wsdl.siri.org.uk" xmlns:siri="http://www.siri.org.uk/siri">
   <soapenv:Header/>
   <soapenv:Body>
      <wsdl:GetMultipleStopMonitoring>
         <ServiceRequestInfo>
            <!--Optional:-->
            <siri:ServiceRequestContext>
               <!--Optional:-->
               <siri:CheckStatusAddress>?</siri:CheckStatusAddress>
               <!--Optional:-->
               <siri:SubscribeAddress>?</siri:SubscribeAddress>
               <!--Optional:-->
               <siri:ManageSubscriptionAddress>?</siri:ManageSubscriptionAddress>
               <!--Optional:-->
               <siri:GetDataAddress>?</siri:GetDataAddress>
               <!--Optional:-->
               <siri:StatusResponseAddress>?</siri:StatusResponseAddress>
               <!--Optional:-->
               <siri:SubscriberAddress>?</siri:SubscriberAddress>
               <!--Optional:-->
               <siri:NotifyAddress>?</siri:NotifyAddress>
               <!--Optional:-->
               <siri:ConsumerAddress>?</siri:ConsumerAddress>
               <!--Optional:-->
               <siri:DataNameSpaces>
                  <!--Optional:-->
                  <siri:StopPointNameSpace>?</siri:StopPointNameSpace>
                  <!--Optional:-->
                  <siri:LineNameSpace>?</siri:LineNameSpace>
                  <!--Optional:-->
                  <siri:ProductCategoryNameSpace>?</siri:ProductCategoryNameSpace>
                  <!--Optional:-->
                  <siri:ServiceFeatureNameSpace>?</siri:ServiceFeatureNameSpace>
                  <!--Optional:-->
                  <siri:VehicleFeatureNameSpace>?</siri:VehicleFeatureNameSpace>
               </siri:DataNameSpaces>
               <!--Optional:-->
               <siri:Language>en</siri:Language>
               <!--You have a CHOICE of the next 2 items at this level-->
               <siri:WgsDecimalDegrees>?</siri:WgsDecimalDegrees>
               <siri:GmlCoordinateFormat>?</siri:GmlCoordinateFormat>
               <!--Optional:-->
               <siri:DistanceUnits>?</siri:DistanceUnits>
               <!--Optional:-->
               <siri:VelocityUnits>?</siri:VelocityUnits>
               <!--Optional:-->
               <siri:DataHorizon>?</siri:DataHorizon>
               <!--Optional:-->
               <siri:RequestTimeout>?</siri:RequestTimeout>
               <!--Optional:-->
               <siri:DeliveryMethod>direct</siri:DeliveryMethod>
               <!--Optional:-->
               <siri:MultipartDespatch>?</siri:MultipartDespatch>
               <!--Optional:-->
               <siri:ConfirmDelivery>false</siri:ConfirmDelivery>
               <!--Optional:-->
               <siri:MaximimumNumberOfSubscriptions>?</siri:MaximimumNumberOfSubscriptions>
               <!--Optional:-->
               <siri:AllowedPredictors>anyone</siri:AllowedPredictors>
               <!--Optional:-->
               <siri:PredictionFunction>?</siri:PredictionFunction>
            </siri:ServiceRequestContext>
            <siri:RequestTimestamp>?</siri:RequestTimestamp>
            <!--Optional:-->
            <siri:AccountId>?</siri:AccountId>
            <!--Optional:-->
            <siri:AccountKey>?</siri:AccountKey>
            <!--Optional:-->
            <siri:Address>?</siri:Address>
            <siri:RequestorRef>?</siri:RequestorRef>
            <!--Optional:-->
            <siri:MessageIdentifier>?</siri:MessageIdentifier>
            <!--Optional:-->
            <siri:DelegatorAddress>?</siri:DelegatorAddress>
            <!--Optional:-->
            <siri:DelegatorRef>?</siri:DelegatorRef>
         </ServiceRequestInfo>
         <Request version="2.0">
            <siri:RequestTimestamp>?</siri:RequestTimestamp>
            <!--Optional:-->
            <siri:MessageIdentifier>?</siri:MessageIdentifier>
            <!--1 or more repetitions:-->
            <siri:StopMonitoringFIlter>
               <!--Optional:-->
               <siri:PreviewInterval>?</siri:PreviewInterval>
               <!--Optional:-->
               <siri:StartTime>?</siri:StartTime>
               <siri:MonitoringRef>?</siri:MonitoringRef>
               <!--Optional:-->
               <siri:OperatorRef>?</siri:OperatorRef>
               <!--Optional:-->
               <siri:LineRef>?</siri:LineRef>
               <!--Optional:-->
               <siri:DirectionRef>?</siri:DirectionRef>
               <!--Optional:-->
               <siri:DestinationRef>?</siri:DestinationRef>
               <!--Optional:-->
               <siri:StopVisitTypes>all</siri:StopVisitTypes>
               <!--Optional:-->
               <siri:Language>false</siri:Language>
               <!--Optional:-->
               <siri:IncludeTranslations>?</siri:IncludeTranslations>
               <!--Optional:-->
               <siri:MaximumStopVisits>?</siri:MaximumStopVisits>
               <!--You have a CHOICE of the next 2 items at this level-->
               <!--Optional:-->
               <siri:MinimumStopVisitsPerLine>?</siri:MinimumStopVisitsPerLine>
               <!--Optional:-->
               <siri:MinimumStopVisitsPerLineVia>?</siri:MinimumStopVisitsPerLineVia>
               <!--Optional:-->
               <siri:MaximumTextLength>30</siri:MaximumTextLength>
               <!--Optional:-->
               <siri:StopMonitoringDetailLevel>normal</siri:StopMonitoringDetailLevel>
               <!--Optional:-->
               <siri:IncludeSituations>?</siri:IncludeSituations>
               <!--Optional:-->
               <siri:MaximumNumberOfCalls>
                  <!--Optional:-->
                  <siri:Previous>?</siri:Previous>
                  <!--Optional:-->
                  <siri:Onwards>?</siri:Onwards>
               </siri:MaximumNumberOfCalls>
               <!--Optional:-->
               <siri:Extensions>
                  <!--You may enter ANY elements at this point-->
               </siri:Extensions>
            </siri:StopMonitoringFIlter>
         </Request>
         <RequestExtension>
            <!--You may enter ANY elements at this point-->
         </RequestExtension>
      </wsdl:GetMultipleStopMonitoring>
   </soapenv:Body>
</soapenv:Envelope>]]></con:request><con:wsaConfig mustUnderstand="NONE" version="200508" action="GetMultipleStopMonitoring"/></con:call></con:operation><con:operation isOneWay="false" action="GetProductionTimetable" name="GetProductionTimetable" bindingOperationName="GetProductionTimetable" type="Request-Response" inputName="" receivesAttachments="false" sendsAttachments="false" anonymous="optional"><con:settings/><con:call name="Request 1"><con:settings/><con:encoding>UTF-8</con:encoding><con:endpoint>http://www.siri-service-location.com</con:endpoint><con:request><![CDATA[<soapenv:Envelope xmlns:soapenv="http://schemas.xmlsoap.org/soap/envelope/" xmlns:wsdl="http://wsdl.siri.org.uk" xmlns:siri="http://www.siri.org.uk/siri">
   <soapenv:Header/>
   <soapenv:Body>
      <wsdl:GetProductionTimetable>
         <ServiceRequestInfo>
            <!--Optional:-->
            <siri:ServiceRequestContext>
               <!--Optional:-->
               <siri:CheckStatusAddress>?</siri:CheckStatusAddress>
               <!--Optional:-->
               <siri:SubscribeAddress>?</siri:SubscribeAddress>
               <!--Optional:-->
               <siri:ManageSubscriptionAddress>?</siri:ManageSubscriptionAddress>
               <!--Optional:-->
               <siri:GetDataAddress>?</siri:GetDataAddress>
               <!--Optional:-->
               <siri:StatusResponseAddress>?</siri:StatusResponseAddress>
               <!--Optional:-->
               <siri:SubscriberAddress>?</siri:SubscriberAddress>
               <!--Optional:-->
               <siri:NotifyAddress>?</siri:NotifyAddress>
               <!--Optional:-->
               <siri:ConsumerAddress>?</siri:ConsumerAddress>
               <!--Optional:-->
               <siri:DataNameSpaces>
                  <!--Optional:-->
                  <siri:StopPointNameSpace>?</siri:StopPointNameSpace>
                  <!--Optional:-->
                  <siri:LineNameSpace>?</siri:LineNameSpace>
                  <!--Optional:-->
                  <siri:ProductCategoryNameSpace>?</siri:ProductCategoryNameSpace>
                  <!--Optional:-->
                  <siri:ServiceFeatureNameSpace>?</siri:ServiceFeatureNameSpace>
                  <!--Optional:-->
                  <siri:VehicleFeatureNameSpace>?</siri:VehicleFeatureNameSpace>
               </siri:DataNameSpaces>
               <!--Optional:-->
               <siri:Language>en</siri:Language>
               <!--You have a CHOICE of the next 2 items at this level-->
               <siri:WgsDecimalDegrees>?</siri:WgsDecimalDegrees>
               <siri:GmlCoordinateFormat>?</siri:GmlCoordinateFormat>
               <!--Optional:-->
               <siri:DistanceUnits>?</siri:DistanceUnits>
               <!--Optional:-->
               <siri:VelocityUnits>?</siri:VelocityUnits>
               <!--Optional:-->
               <siri:DataHorizon>?</siri:DataHorizon>
               <!--Optional:-->
               <siri:RequestTimeout>?</siri:RequestTimeout>
               <!--Optional:-->
               <siri:DeliveryMethod>direct</siri:DeliveryMethod>
               <!--Optional:-->
               <siri:MultipartDespatch>?</siri:MultipartDespatch>
               <!--Optional:-->
               <siri:ConfirmDelivery>false</siri:ConfirmDelivery>
               <!--Optional:-->
               <siri:MaximimumNumberOfSubscriptions>?</siri:MaximimumNumberOfSubscriptions>
               <!--Optional:-->
               <siri:AllowedPredictors>anyone</siri:AllowedPredictors>
               <!--Optional:-->
               <siri:PredictionFunction>?</siri:PredictionFunction>
            </siri:ServiceRequestContext>
            <siri:RequestTimestamp>?</siri:RequestTimestamp>
            <!--Optional:-->
            <siri:AccountId>?</siri:AccountId>
            <!--Optional:-->
            <siri:AccountKey>?</siri:AccountKey>
            <!--Optional:-->
            <siri:Address>?</siri:Address>
            <siri:RequestorRef>?</siri:RequestorRef>
            <!--Optional:-->
            <siri:MessageIdentifier>?</siri:MessageIdentifier>
            <!--Optional:-->
            <siri:DelegatorAddress>?</siri:DelegatorAddress>
            <!--Optional:-->
            <siri:DelegatorRef>?</siri:DelegatorRef>
         </ServiceRequestInfo>
         <Request version="2.0">
            <siri:RequestTimestamp>?</siri:RequestTimestamp>
            <!--Optional:-->
            <siri:MessageIdentifier>?</siri:MessageIdentifier>
            <!--Optional:-->
            <siri:ValidityPeriod>
               <siri:StartTime>?</siri:StartTime>
               <siri:EndTime>?</siri:EndTime>
            </siri:ValidityPeriod>
            <!--Optional:-->
            <siri:TimetableVersionRef>?</siri:TimetableVersionRef>
            <!--Zero or more repetitions:-->
            <siri:OperatorRef>?</siri:OperatorRef>
            <!--Optional:-->
            <siri:Lines>
               <!--1 or more repetitions:-->
               <siri:LineDirection>
                  <siri:LineRef>?</siri:LineRef>
                  <!--Optional:-->
                  <siri:DirectionRef>?</siri:DirectionRef>
               </siri:LineDirection>
            </siri:Lines>
            <!--Optional:-->
            <siri:Language>en</siri:Language>
            <!--Optional:-->
            <siri:IncludeTranslations>?</siri:IncludeTranslations>
            <!--Optional:-->
            <siri:IncrementalUpdates>false</siri:IncrementalUpdates>
            <!--Optional:-->
            <siri:Extensions>
               <!--You may enter ANY elements at this point-->
            </siri:Extensions>
         </Request>
         <RequestExtension>
            <!--You may enter ANY elements at this point-->
         </RequestExtension>
      </wsdl:GetProductionTimetable>
   </soapenv:Body>
</soapenv:Envelope>]]></con:request><con:wsaConfig mustUnderstand="NONE" version="200508" action="GetProductionTimetable"/></con:call></con:operation><con:operation isOneWay="false" action="GetSiriService" name="GetSiriService" bindingOperationName="GetSiriService" type="Request-Response" inputName="" receivesAttachments="false" sendsAttachments="false" anonymous="optional"><con:settings/><con:call name="Request 1"><con:settings/><con:encoding>UTF-8</con:encoding><con:endpoint>http://www.siri-service-location.com</con:endpoint><con:request><![CDATA[<soapenv:Envelope xmlns:soapenv="http://schemas.xmlsoap.org/soap/envelope/" xmlns:wsdl="http://wsdl.siri.org.uk" xmlns:siri="http://www.siri.org.uk/siri" xmlns:acsb="http://www.ifopt.org.uk/acsb">
   <soapenv:Header/>
   <soapenv:Body>
      <wsdl:GetSiriService>
         <Request>
            <!--Optional:-->
            <siri:ServiceRequestContext>
               <!--Optional:-->
               <siri:CheckStatusAddress>?</siri:CheckStatusAddress>
               <!--Optional:-->
               <siri:SubscribeAddress>?</siri:SubscribeAddress>
               <!--Optional:-->
               <siri:ManageSubscriptionAddress>?</siri:ManageSubscriptionAddress>
               <!--Optional:-->
               <siri:GetDataAddress>?</siri:GetDataAddress>
               <!--Optional:-->
               <siri:StatusResponseAddress>?</siri:StatusResponseAddress>
               <!--Optional:-->
               <siri:SubscriberAddress>?</siri:SubscriberAddress>
               <!--Optional:-->
               <siri:NotifyAddress>?</siri:NotifyAddress>
               <!--Optional:-->
               <siri:ConsumerAddress>?</siri:ConsumerAddress>
               <!--Optional:-->
               <siri:DataNameSpaces>
                  <!--Optional:-->
                  <siri:StopPointNameSpace>?</siri:StopPointNameSpace>
                  <!--Optional:-->
                  <siri:LineNameSpace>?</siri:LineNameSpace>
                  <!--Optional:-->
                  <siri:ProductCategoryNameSpace>?</siri:ProductCategoryNameSpace>
                  <!--Optional:-->
                  <siri:ServiceFeatureNameSpace>?</siri:ServiceFeatureNameSpace>
                  <!--Optional:-->
                  <siri:VehicleFeatureNameSpace>?</siri:VehicleFeatureNameSpace>
               </siri:DataNameSpaces>
               <!--Optional:-->
               <siri:Language>en</siri:Language>
               <!--You have a CHOICE of the next 2 items at this level-->
               <siri:WgsDecimalDegrees>?</siri:WgsDecimalDegrees>
               <siri:GmlCoordinateFormat>?</siri:GmlCoordinateFormat>
               <!--Optional:-->
               <siri:DistanceUnits>?</siri:DistanceUnits>
               <!--Optional:-->
               <siri:VelocityUnits>?</siri:VelocityUnits>
               <!--Optional:-->
               <siri:DataHorizon>?</siri:DataHorizon>
               <!--Optional:-->
               <siri:RequestTimeout>?</siri:RequestTimeout>
               <!--Optional:-->
               <siri:DeliveryMethod>direct</siri:DeliveryMethod>
               <!--Optional:-->
               <siri:MultipartDespatch>?</siri:MultipartDespatch>
               <!--Optional:-->
               <siri:ConfirmDelivery>false</siri:ConfirmDelivery>
               <!--Optional:-->
               <siri:MaximimumNumberOfSubscriptions>?</siri:MaximimumNumberOfSubscriptions>
               <!--Optional:-->
               <siri:AllowedPredictors>anyone</siri:AllowedPredictors>
               <!--Optional:-->
               <siri:PredictionFunction>?</siri:PredictionFunction>
            </siri:ServiceRequestContext>
            <siri:RequestTimestamp>?</siri:RequestTimestamp>
            <!--Optional:-->
            <siri:AccountId>?</siri:AccountId>
            <!--Optional:-->
            <siri:AccountKey>?</siri:AccountKey>
            <!--Optional:-->
            <siri:Address>?</siri:Address>
            <siri:RequestorRef>?</siri:RequestorRef>
            <!--Optional:-->
            <siri:MessageIdentifier>?</siri:MessageIdentifier>
            <!--Optional:-->
            <siri:DelegatorAddress>?</siri:DelegatorAddress>
            <!--Optional:-->
            <siri:DelegatorRef>?</siri:DelegatorRef>
            <!--You have a CHOICE of the next 11 items at this level-->
            <!--1 or more repetitions:-->
            <siri:ProductionTimetableRequest version="2.0">
               <siri:RequestTimestamp>?</siri:RequestTimestamp>
               <!--Optional:-->
               <siri:MessageIdentifier>?</siri:MessageIdentifier>
               <!--Optional:-->
               <siri:ValidityPeriod>
                  <siri:StartTime>?</siri:StartTime>
                  <siri:EndTime>?</siri:EndTime>
               </siri:ValidityPeriod>
               <!--Optional:-->
               <siri:TimetableVersionRef>?</siri:TimetableVersionRef>
               <!--Zero or more repetitions:-->
               <siri:OperatorRef>?</siri:OperatorRef>
               <!--Optional:-->
               <siri:Lines>
                  <!--1 or more repetitions:-->
                  <siri:LineDirection>
                     <siri:LineRef>?</siri:LineRef>
                     <!--Optional:-->
                     <siri:DirectionRef>?</siri:DirectionRef>
                  </siri:LineDirection>
               </siri:Lines>
               <!--Optional:-->
               <siri:Language>en</siri:Language>
               <!--Optional:-->
               <siri:IncludeTranslations>?</siri:IncludeTranslations>
               <!--Optional:-->
               <siri:IncrementalUpdates>false</siri:IncrementalUpdates>
               <!--Optional:-->
               <siri:Extensions>
                  <!--You may enter ANY elements at this point-->
               </siri:Extensions>
            </siri:ProductionTimetableRequest>
            <!--1 or more repetitions:-->
            <siri:EstimatedTimetableRequest version="2.0">
               <siri:RequestTimestamp>?</siri:RequestTimestamp>
               <!--Optional:-->
               <siri:MessageIdentifier>?</siri:MessageIdentifier>
               <!--Optional:-->
               <siri:PreviewInterval>?</siri:PreviewInterval>
               <!--Optional:-->
               <siri:TimetableVersionRef>?</siri:TimetableVersionRef>
               <!--Zero or more repetitions:-->
               <siri:OperatorRef>?</siri:OperatorRef>
               <!--Optional:-->
               <siri:Lines>
                  <!--1 or more repetitions:-->
                  <siri:LineDirection>
                     <siri:LineRef>?</siri:LineRef>
                     <!--Optional:-->
                     <siri:DirectionRef>?</siri:DirectionRef>
                  </siri:LineDirection>
               </siri:Lines>
               <!--Optional:-->
               <siri:Language>en</siri:Language>
               <!--Optional:-->
               <siri:IncludeTranslations>?</siri:IncludeTranslations>
               <!--Optional:-->
               <siri:EstimatedTimetableDetailLevel>?</siri:EstimatedTimetableDetailLevel>
               <!--Optional:-->
               <siri:Extensions>
                  <!--You may enter ANY elements at this point-->
               </siri:Extensions>
            </siri:EstimatedTimetableRequest>
            <!--1 or more repetitions:-->
            <siri:StopTimetableRequest version="2.0">
               <siri:RequestTimestamp>?</siri:RequestTimestamp>
               <!--Optional:-->
               <siri:MessageIdentifier>?</siri:MessageIdentifier>
               <!--Optional:-->
               <siri:DepartureWindow>
                  <siri:StartTime>?</siri:StartTime>
                  <siri:EndTime>?</siri:EndTime>
               </siri:DepartureWindow>
               <siri:MonitoringRef>?</siri:MonitoringRef>
               <!--Optional:-->
               <siri:LineRef>?</siri:LineRef>
               <!--Optional:-->
               <siri:DirectionRef>?</siri:DirectionRef>
               <!--Optional:-->
               <siri:Language>en</siri:Language>
               <!--Optional:-->
               <siri:IncludeTranslations>?</siri:IncludeTranslations>
               <!--Optional:-->
               <siri:Extensions>
                  <!--You may enter ANY elements at this point-->
               </siri:Extensions>
            </siri:StopTimetableRequest>
            <!--1 or more repetitions:-->
            <siri:StopMonitoringMultipleRequest version="2.0">
               <siri:RequestTimestamp>?</siri:RequestTimestamp>
               <!--Optional:-->
               <siri:MessageIdentifier>?</siri:MessageIdentifier>
               <!--1 or more repetitions:-->
               <siri:StopMonitoringFIlter>
                  <!--Optional:-->
                  <siri:PreviewInterval>?</siri:PreviewInterval>
                  <!--Optional:-->
                  <siri:StartTime>?</siri:StartTime>
                  <siri:MonitoringRef>?</siri:MonitoringRef>
                  <!--Optional:-->
                  <siri:OperatorRef>?</siri:OperatorRef>
                  <!--Optional:-->
                  <siri:LineRef>?</siri:LineRef>
                  <!--Optional:-->
                  <siri:DirectionRef>?</siri:DirectionRef>
                  <!--Optional:-->
                  <siri:DestinationRef>?</siri:DestinationRef>
                  <!--Optional:-->
                  <siri:StopVisitTypes>all</siri:StopVisitTypes>
                  <!--Optional:-->
                  <siri:Language>false</siri:Language>
                  <!--Optional:-->
                  <siri:IncludeTranslations>?</siri:IncludeTranslations>
                  <!--Optional:-->
                  <siri:MaximumStopVisits>?</siri:MaximumStopVisits>
                  <!--You have a CHOICE of the next 2 items at this level-->
                  <!--Optional:-->
                  <siri:MinimumStopVisitsPerLine>?</siri:MinimumStopVisitsPerLine>
                  <!--Optional:-->
                  <siri:MinimumStopVisitsPerLineVia>?</siri:MinimumStopVisitsPerLineVia>
                  <!--Optional:-->
                  <siri:MaximumTextLength>30</siri:MaximumTextLength>
                  <!--Optional:-->
                  <siri:StopMonitoringDetailLevel>normal</siri:StopMonitoringDetailLevel>
                  <!--Optional:-->
                  <siri:IncludeSituations>?</siri:IncludeSituations>
                  <!--Optional:-->
                  <siri:MaximumNumberOfCalls>
                     <!--Optional:-->
                     <siri:Previous>?</siri:Previous>
                     <!--Optional:-->
                     <siri:Onwards>?</siri:Onwards>
                  </siri:MaximumNumberOfCalls>
                  <!--Optional:-->
                  <siri:Extensions>
                     <!--You may enter ANY elements at this point-->
                  </siri:Extensions>
               </siri:StopMonitoringFIlter>
            </siri:StopMonitoringMultipleRequest>
            <!--1 or more repetitions:-->
            <siri:StopMonitoringRequest version="2.0">
               <siri:RequestTimestamp>?</siri:RequestTimestamp>
               <!--Optional:-->
               <siri:MessageIdentifier>?</siri:MessageIdentifier>
               <!--Optional:-->
               <siri:PreviewInterval>?</siri:PreviewInterval>
               <!--Optional:-->
               <siri:StartTime>?</siri:StartTime>
               <siri:MonitoringRef>?</siri:MonitoringRef>
               <!--Optional:-->
               <siri:OperatorRef>?</siri:OperatorRef>
               <!--Optional:-->
               <siri:LineRef>?</siri:LineRef>
               <!--Optional:-->
               <siri:DirectionRef>?</siri:DirectionRef>
               <!--Optional:-->
               <siri:DestinationRef>?</siri:DestinationRef>
               <!--Optional:-->
               <siri:StopVisitTypes>all</siri:StopVisitTypes>
               <!--Optional:-->
               <siri:Language>false</siri:Language>
               <!--Optional:-->
               <siri:IncludeTranslations>?</siri:IncludeTranslations>
               <!--Optional:-->
               <siri:MaximumStopVisits>?</siri:MaximumStopVisits>
               <!--You have a CHOICE of the next 2 items at this level-->
               <!--Optional:-->
               <siri:MinimumStopVisitsPerLine>?</siri:MinimumStopVisitsPerLine>
               <!--Optional:-->
               <siri:MinimumStopVisitsPerLineVia>?</siri:MinimumStopVisitsPerLineVia>
               <!--Optional:-->
               <siri:MaximumTextLength>30</siri:MaximumTextLength>
               <!--Optional:-->
               <siri:StopMonitoringDetailLevel>normal</siri:StopMonitoringDetailLevel>
               <!--Optional:-->
               <siri:IncludeSituations>?</siri:IncludeSituations>
               <!--Optional:-->
               <siri:MaximumNumberOfCalls>
                  <!--Optional:-->
                  <siri:Previous>?</siri:Previous>
                  <!--Optional:-->
                  <siri:Onwards>?</siri:Onwards>
               </siri:MaximumNumberOfCalls>
               <!--Optional:-->
               <siri:Extensions>
                  <!--You may enter ANY elements at this point-->
               </siri:Extensions>
            </siri:StopMonitoringRequest>
            <!--1 or more repetitions:-->
            <siri:VehicleMonitoringRequest version="2.0">
               <siri:RequestTimestamp>?</siri:RequestTimestamp>
               <!--Optional:-->
               <siri:MessageIdentifier>?</siri:MessageIdentifier>
               <!--Optional:-->
               <siri:VehicleMonitoringRef>?</siri:VehicleMonitoringRef>
               <!--You have a CHOICE of the next 2 items at this level-->
               <siri:VehicleRef>?</siri:VehicleRef>
               <siri:LineRef>?</siri:LineRef>
               <!--Optional:-->
               <siri:DirectionRef>?</siri:DirectionRef>
               <!--Optional:-->
               <siri:Language>en</siri:Language>
               <!--Optional:-->
               <siri:IncludeTranslations>?</siri:IncludeTranslations>
               <!--Optional:-->
               <siri:MaximumVehicles>?</siri:MaximumVehicles>
               <!--Optional:-->
               <siri:VehicleMonitoringDetailLevel>?</siri:VehicleMonitoringDetailLevel>
               <!--Optional:-->
               <siri:MaximumNumberOfCalls>
                  <!--Optional:-->
                  <siri:Previous>?</siri:Previous>
                  <!--Optional:-->
                  <siri:Onwards>?</siri:Onwards>
               </siri:MaximumNumberOfCalls>
               <!--Optional:-->
               <siri:IncludeSituations>?</siri:IncludeSituations>
               <!--Optional:-->
               <siri:Extensions>
                  <!--You may enter ANY elements at this point-->
               </siri:Extensions>
            </siri:VehicleMonitoringRequest>
            <!--1 or more repetitions:-->
            <siri:ConnectionTimetableRequest version="2.0">
               <siri:RequestTimestamp>?</siri:RequestTimestamp>
               <!--Optional:-->
               <siri:MessageIdentifier>?</siri:MessageIdentifier>
               <!--Optional:-->
               <siri:ArrivalWindow>
                  <siri:StartTime>?</siri:StartTime>
                  <siri:EndTime>?</siri:EndTime>
               </siri:ArrivalWindow>
               <siri:ConnectionLinkRef>?</siri:ConnectionLinkRef>
               <!--Optional:-->
               <siri:LineRef>?</siri:LineRef>
               <!--Optional:-->
               <siri:DirectionRef>?</siri:DirectionRef>
               <!--Optional:-->
               <siri:Language>en</siri:Language>
               <!--Optional:-->
               <siri:IncludeTranslations>?</siri:IncludeTranslations>
               <!--Optional:-->
               <siri:Extensions>
                  <!--You may enter ANY elements at this point-->
               </siri:Extensions>
            </siri:ConnectionTimetableRequest>
            <!--1 or more repetitions:-->
            <siri:ConnectionMonitoringRequest version="2.0">
               <siri:RequestTimestamp>?</siri:RequestTimestamp>
               <!--Optional:-->
               <siri:MessageIdentifier>?</siri:MessageIdentifier>
               <!--Optional:-->
               <siri:PreviewInterval>?</siri:PreviewInterval>
               <siri:ConnectionLinkRef>?</siri:ConnectionLinkRef>
               <!--You have a CHOICE of the next 2 items at this level-->
               <siri:ConnectingTimeFilter>
                  <siri:LineRef>?</siri:LineRef>
                  <siri:DirectionRef>?</siri:DirectionRef>
                  <!--Optional:-->
                  <siri:EarliestArrivalTime>?</siri:EarliestArrivalTime>
                  <!--Optional:-->
                  <siri:LatestArrivalTime>?</siri:LatestArrivalTime>
               </siri:ConnectingTimeFilter>
               <!--1 or more repetitions:-->
               <siri:ConnectingJourneyFilter>
                  <siri:DatedVehicleJourneyRef>?</siri:DatedVehicleJourneyRef>
                  <!--Optional:-->
                  <siri:VisitNumber>?</siri:VisitNumber>
                  <siri:TimetabledArrivalTime>?</siri:TimetabledArrivalTime>
               </siri:ConnectingJourneyFilter>
               <!--Optional:-->
               <siri:Language>en</siri:Language>
               <!--Optional:-->
               <siri:IncludeTranslations>?</siri:IncludeTranslations>
               <!--Optional:-->
               <siri:ConnectionMonitoringDetailLevel>?</siri:ConnectionMonitoringDetailLevel>
               <!--Optional:-->
               <siri:Extensions>
                  <!--You may enter ANY elements at this point-->
               </siri:Extensions>
            </siri:ConnectionMonitoringRequest>
            <!--1 or more repetitions:-->
            <siri:GeneralMessageRequest version="2.0">
               <siri:RequestTimestamp>?</siri:RequestTimestamp>
               <!--Optional:-->
               <siri:MessageIdentifier>?</siri:MessageIdentifier>
               <!--Zero or more repetitions:-->
               <siri:InfoChannelRef>?</siri:InfoChannelRef>
               <!--Optional:-->
               <siri:Language>en</siri:Language>
               <!--Optional:-->
               <siri:Extensions>
                  <!--You may enter ANY elements at this point-->
               </siri:Extensions>
            </siri:GeneralMessageRequest>
            <!--1 or more repetitions:-->
            <siri:FacilityMonitoringRequest version="2.0">
               <siri:RequestTimestamp>?</siri:RequestTimestamp>
               <!--Optional:-->
               <siri:MessageIdentifier>?</siri:MessageIdentifier>
               <!--Optional:-->
               <siri:PreviewInterval>?</siri:PreviewInterval>
               <!--Optional:-->
               <siri:StartTime>?</siri:StartTime>
               <!--Zero or more repetitions:-->
               <siri:FacilityRef>?</siri:FacilityRef>
               <!--Optional:-->
               <siri:FeatureRef>?</siri:FeatureRef>
               <!--Optional:-->
               <siri:LineRef>?</siri:LineRef>
               <!--Optional:-->
               <siri:StopPointRef>?</siri:StopPointRef>
               <!--Optional:-->
               <siri:ConnectionLinkRef>?</siri:ConnectionLinkRef>
               <!--You have a CHOICE of the next 2 items at this level-->
               <siri:FramedVehicleJourneyRef>
                  <siri:DataFrameRef>?</siri:DataFrameRef>
                  <siri:DatedVehicleJourneyRef>?</siri:DatedVehicleJourneyRef>
               </siri:FramedVehicleJourneyRef>
               <siri:VehicleJourneyRef>?</siri:VehicleJourneyRef>
               <!--Optional:-->
               <siri:InterchangeRef>?</siri:InterchangeRef>
               <!--Optional:-->
               <siri:VehicleRef>?</siri:VehicleRef>
               <!--Optional:-->
               <siri:StopPlaceRef>?</siri:StopPlaceRef>
               <!--Optional:-->
               <siri:StopPlaceComponentRef>?</siri:StopPlaceComponentRef>
               <!--Zero or more repetitions:-->
               <siri:AccessibilityNeedsFilter>
                  <!--1 or more repetitions:-->
                  <siri:UserNeed>
                     <!--You have a CHOICE of the next 4 items at this level-->
                     <acsb:MobilityNeed>?</acsb:MobilityNeed>
                     <acsb:PsychosensoryNeed>?</acsb:PsychosensoryNeed>
                     <acsb:MedicalNeed>?</acsb:MedicalNeed>
                     <acsb:EncumbranceNeed>?</acsb:EncumbranceNeed>
                     <!--Optional:-->
                     <acsb:Excluded>?</acsb:Excluded>
                     <!--Optional:-->
                     <acsb:NeedRanking>?</acsb:NeedRanking>
                     <!--Optional:-->
                     <acsb:Extensions>?</acsb:Extensions>
                  </siri:UserNeed>
               </siri:AccessibilityNeedsFilter>
               <!--Optional:-->
               <siri:Language>en</siri:Language>
               <!--Optional:-->
               <siri:IncludeTranslations>?</siri:IncludeTranslations>
               <!--Optional:-->
               <siri:MaximumNumberOfFacilityConditions>?</siri:MaximumNumberOfFacilityConditions>
               <!--Optional:-->
               <siri:Extensions>
                  <!--You may enter ANY elements at this point-->
               </siri:Extensions>
            </siri:FacilityMonitoringRequest>
            <!--1 or more repetitions:-->
            <siri:SituationExchangeRequest version="2.0">
               <siri:RequestTimestamp>?</siri:RequestTimestamp>
               <!--Optional:-->
               <siri:MessageIdentifier>?</siri:MessageIdentifier>
               <!--Optional:-->
               <siri:PreviewInterval>?</siri:PreviewInterval>
               <!--Optional:-->
               <siri:StartTime>?</siri:StartTime>
               <!--Optional:-->
               <siri:VehicleMode>unknown</siri:VehicleMode>
               <!--You have a CHOICE of the next 7 items at this level-->
               <siri:AirSubmode>unknown</siri:AirSubmode>
               <siri:BusSubmode>unknown</siri:BusSubmode>
               <siri:CoachSubmode>unknown</siri:CoachSubmode>
               <siri:MetroSubmode>unknown</siri:MetroSubmode>
               <siri:RailSubmode>unknown</siri:RailSubmode>
               <siri:TramSubmode>unknown</siri:TramSubmode>
               <siri:WaterSubmode>unknown</siri:WaterSubmode>
               <!--Optional:-->
               <siri:AccessMode>?</siri:AccessMode>
               <!--Optional:-->
               <siri:Severity>?</siri:Severity>
               <!--Zero or more repetitions:-->
               <siri:Scope>?</siri:Scope>
               <!--Optional:-->
               <siri:Predictability>?</siri:Predictability>
               <!--Optional:-->
               <siri:Keywords>?</siri:Keywords>
               <!--Optional:-->
               <siri:Verification>?</siri:Verification>
               <!--Zero or more repetitions:-->
               <siri:Progress>open</siri:Progress>
               <!--Optional:-->
               <siri:Reality>?</siri:Reality>
               <!--Optional:-->
               <siri:OperatorRef>?</siri:OperatorRef>
               <!--Zero or more repetitions:-->
               <siri:OperationalUnitRef>?</siri:OperationalUnitRef>
               <!--Optional:-->
               <siri:NetworkRef>?</siri:NetworkRef>
               <!--Zero or more repetitions:-->
               <siri:LineRef>?</siri:LineRef>
               <!--Optional:-->
               <siri:StopPointRef>?</siri:StopPointRef>
               <!--Zero or more repetitions:-->
               <siri:ConnectionLinkRef>?</siri:ConnectionLinkRef>
               <!--Zero or more repetitions:-->
               <siri:FacilityRef>?</siri:FacilityRef>
               <!--Optional:-->
               <siri:StopPlaceRef>?</siri:StopPlaceRef>
               <!--You have a CHOICE of the next 2 items at this level-->
               <siri:FramedVehicleJourneyRef>
                  <siri:DataFrameRef>?</siri:DataFrameRef>
                  <siri:DatedVehicleJourneyRef>?</siri:DatedVehicleJourneyRef>
               </siri:FramedVehicleJourneyRef>
               <siri:VehicleJourneyRef>?</siri:VehicleJourneyRef>
               <!--Optional:-->
               <siri:InterchangeRef>?</siri:InterchangeRef>
               <!--Optional:-->
               <siri:VehicleRef>?</siri:VehicleRef>
               <!--Optional:-->
               <siri:CountryRef>?</siri:CountryRef>
               <!--Optional:-->
               <siri:PlaceRef>?</siri:PlaceRef>
               <!--0 to 2 repetitions:-->
               <siri:Location id="?" srsName="?">
                  <!--You have a CHOICE of the next 2 items at this level-->
                  <siri:Longitude>?</siri:Longitude>
                  <siri:Latitude>?</siri:Latitude>
                  <siri:Coordinates>?</siri:Coordinates>
                  <!--Optional:-->
                  <siri:Precision>?</siri:Precision>
               </siri:Location>
               <!--Optional:-->
               <siri:SituationRoadFilter>
                  <!--1 or more repetitions:-->
                  <siri:RoadFilter>
                     <!--Optional:-->
                     <siri:roadNumber>?</siri:roadNumber>
                     <!--Optional:-->
                     <siri:directionBound>?</siri:directionBound>
                     <!--Optional:-->
                     <siri:referencePointIdentifier>?</siri:referencePointIdentifier>
                  </siri:RoadFilter>
               </siri:SituationRoadFilter>
               <!--Zero or more repetitions:-->
               <siri:AccessibilityNeedFilter>
                  <!--Zero or more repetitions:-->
                  <acsb:UserNeed>
                     <!--You have a CHOICE of the next 4 items at this level-->
                     <acsb:MobilityNeed>?</acsb:MobilityNeed>
                     <acsb:PsychosensoryNeed>?</acsb:PsychosensoryNeed>
                     <acsb:MedicalNeed>?</acsb:MedicalNeed>
                     <acsb:EncumbranceNeed>?</acsb:EncumbranceNeed>
                     <!--Optional:-->
                     <acsb:Excluded>?</acsb:Excluded>
                     <!--Optional:-->
                     <acsb:NeedRanking>?</acsb:NeedRanking>
                     <!--Optional:-->
                     <acsb:Extensions>?</acsb:Extensions>
                  </acsb:UserNeed>
                  <!--Optional:-->
                  <acsb:AccompaniedByCarer>?</acsb:AccompaniedByCarer>
               </siri:AccessibilityNeedFilter>
               <!--Optional:-->
               <siri:Language>en</siri:Language>
               <!--Optional:-->
               <siri:IncludeTranslations>?</siri:IncludeTranslations>
               <!--Optional:-->
               <siri:MaximumNumberOfSituationElements>?</siri:MaximumNumberOfSituationElements>
               <!--Optional:-->
               <siri:Extensions>
                  <!--You may enter ANY elements at this point-->
               </siri:Extensions>
            </siri:SituationExchangeRequest>
         </Request>
      </wsdl:GetSiriService>
   </soapenv:Body>
</soapenv:Envelope>]]></con:request><con:wsaConfig mustUnderstand="NONE" version="200508" action="GetSiriService"/></con:call></con:operation><con:operation isOneWay="false" action="GetSituationExchange" name="GetSituationExchange" bindingOperationName="GetSituationExchange" type="Request-Response" inputName="" receivesAttachments="false" sendsAttachments="false" anonymous="optional"><con:settings/><con:call name="Request 1"><con:settings/><con:encoding>UTF-8</con:encoding><con:endpoint>http://www.siri-service-location.com</con:endpoint><con:request><![CDATA[<soapenv:Envelope xmlns:soapenv="http://schemas.xmlsoap.org/soap/envelope/" xmlns:wsdl="http://wsdl.siri.org.uk" xmlns:siri="http://www.siri.org.uk/siri" xmlns:acsb="http://www.ifopt.org.uk/acsb">
   <soapenv:Header/>
   <soapenv:Body>
      <wsdl:GetSituationExchange>
         <ServiceRequestInfo>
            <!--Optional:-->
            <siri:ServiceRequestContext>
               <!--Optional:-->
               <siri:CheckStatusAddress>?</siri:CheckStatusAddress>
               <!--Optional:-->
               <siri:SubscribeAddress>?</siri:SubscribeAddress>
               <!--Optional:-->
               <siri:ManageSubscriptionAddress>?</siri:ManageSubscriptionAddress>
               <!--Optional:-->
               <siri:GetDataAddress>?</siri:GetDataAddress>
               <!--Optional:-->
               <siri:StatusResponseAddress>?</siri:StatusResponseAddress>
               <!--Optional:-->
               <siri:SubscriberAddress>?</siri:SubscriberAddress>
               <!--Optional:-->
               <siri:NotifyAddress>?</siri:NotifyAddress>
               <!--Optional:-->
               <siri:ConsumerAddress>?</siri:ConsumerAddress>
               <!--Optional:-->
               <siri:DataNameSpaces>
                  <!--Optional:-->
                  <siri:StopPointNameSpace>?</siri:StopPointNameSpace>
                  <!--Optional:-->
                  <siri:LineNameSpace>?</siri:LineNameSpace>
                  <!--Optional:-->
                  <siri:ProductCategoryNameSpace>?</siri:ProductCategoryNameSpace>
                  <!--Optional:-->
                  <siri:ServiceFeatureNameSpace>?</siri:ServiceFeatureNameSpace>
                  <!--Optional:-->
                  <siri:VehicleFeatureNameSpace>?</siri:VehicleFeatureNameSpace>
               </siri:DataNameSpaces>
               <!--Optional:-->
               <siri:Language>en</siri:Language>
               <!--You have a CHOICE of the next 2 items at this level-->
               <siri:WgsDecimalDegrees>?</siri:WgsDecimalDegrees>
               <siri:GmlCoordinateFormat>?</siri:GmlCoordinateFormat>
               <!--Optional:-->
               <siri:DistanceUnits>?</siri:DistanceUnits>
               <!--Optional:-->
               <siri:VelocityUnits>?</siri:VelocityUnits>
               <!--Optional:-->
               <siri:DataHorizon>?</siri:DataHorizon>
               <!--Optional:-->
               <siri:RequestTimeout>?</siri:RequestTimeout>
               <!--Optional:-->
               <siri:DeliveryMethod>direct</siri:DeliveryMethod>
               <!--Optional:-->
               <siri:MultipartDespatch>?</siri:MultipartDespatch>
               <!--Optional:-->
               <siri:ConfirmDelivery>false</siri:ConfirmDelivery>
               <!--Optional:-->
               <siri:MaximimumNumberOfSubscriptions>?</siri:MaximimumNumberOfSubscriptions>
               <!--Optional:-->
               <siri:AllowedPredictors>anyone</siri:AllowedPredictors>
               <!--Optional:-->
               <siri:PredictionFunction>?</siri:PredictionFunction>
            </siri:ServiceRequestContext>
            <siri:RequestTimestamp>?</siri:RequestTimestamp>
            <!--Optional:-->
            <siri:AccountId>?</siri:AccountId>
            <!--Optional:-->
            <siri:AccountKey>?</siri:AccountKey>
            <!--Optional:-->
            <siri:Address>?</siri:Address>
            <siri:RequestorRef>?</siri:RequestorRef>
            <!--Optional:-->
            <siri:MessageIdentifier>?</siri:MessageIdentifier>
            <!--Optional:-->
            <siri:DelegatorAddress>?</siri:DelegatorAddress>
            <!--Optional:-->
            <siri:DelegatorRef>?</siri:DelegatorRef>
         </ServiceRequestInfo>
         <Request version="2.0">
            <siri:RequestTimestamp>?</siri:RequestTimestamp>
            <!--Optional:-->
            <siri:MessageIdentifier>?</siri:MessageIdentifier>
            <!--Optional:-->
            <siri:PreviewInterval>?</siri:PreviewInterval>
            <!--Optional:-->
            <siri:StartTime>?</siri:StartTime>
            <!--Optional:-->
            <siri:VehicleMode>unknown</siri:VehicleMode>
            <!--You have a CHOICE of the next 7 items at this level-->
            <siri:AirSubmode>unknown</siri:AirSubmode>
            <siri:BusSubmode>unknown</siri:BusSubmode>
            <siri:CoachSubmode>unknown</siri:CoachSubmode>
            <siri:MetroSubmode>unknown</siri:MetroSubmode>
            <siri:RailSubmode>unknown</siri:RailSubmode>
            <siri:TramSubmode>unknown</siri:TramSubmode>
            <siri:WaterSubmode>unknown</siri:WaterSubmode>
            <!--Optional:-->
            <siri:AccessMode>?</siri:AccessMode>
            <!--Optional:-->
            <siri:Severity>?</siri:Severity>
            <!--Zero or more repetitions:-->
            <siri:Scope>?</siri:Scope>
            <!--Optional:-->
            <siri:Predictability>?</siri:Predictability>
            <!--Optional:-->
            <siri:Keywords>?</siri:Keywords>
            <!--Optional:-->
            <siri:Verification>?</siri:Verification>
            <!--Zero or more repetitions:-->
            <siri:Progress>open</siri:Progress>
            <!--Optional:-->
            <siri:Reality>?</siri:Reality>
            <!--Optional:-->
            <siri:OperatorRef>?</siri:OperatorRef>
            <!--Zero or more repetitions:-->
            <siri:OperationalUnitRef>?</siri:OperationalUnitRef>
            <!--Optional:-->
            <siri:NetworkRef>?</siri:NetworkRef>
            <!--Zero or more repetitions:-->
            <siri:LineRef>?</siri:LineRef>
            <!--Optional:-->
            <siri:StopPointRef>?</siri:StopPointRef>
            <!--Zero or more repetitions:-->
            <siri:ConnectionLinkRef>?</siri:ConnectionLinkRef>
            <!--Zero or more repetitions:-->
            <siri:FacilityRef>?</siri:FacilityRef>
            <!--Optional:-->
            <siri:StopPlaceRef>?</siri:StopPlaceRef>
            <!--You have a CHOICE of the next 2 items at this level-->
            <siri:FramedVehicleJourneyRef>
               <siri:DataFrameRef>?</siri:DataFrameRef>
               <siri:DatedVehicleJourneyRef>?</siri:DatedVehicleJourneyRef>
            </siri:FramedVehicleJourneyRef>
            <siri:VehicleJourneyRef>?</siri:VehicleJourneyRef>
            <!--Optional:-->
            <siri:InterchangeRef>?</siri:InterchangeRef>
            <!--Optional:-->
            <siri:VehicleRef>?</siri:VehicleRef>
            <!--Optional:-->
            <siri:CountryRef>?</siri:CountryRef>
            <!--Optional:-->
            <siri:PlaceRef>?</siri:PlaceRef>
            <!--0 to 2 repetitions:-->
            <siri:Location id="?" srsName="?">
               <!--You have a CHOICE of the next 2 items at this level-->
               <siri:Longitude>?</siri:Longitude>
               <siri:Latitude>?</siri:Latitude>
               <siri:Coordinates>?</siri:Coordinates>
               <!--Optional:-->
               <siri:Precision>?</siri:Precision>
            </siri:Location>
            <!--Optional:-->
            <siri:SituationRoadFilter>
               <!--1 or more repetitions:-->
               <siri:RoadFilter>
                  <!--Optional:-->
                  <siri:roadNumber>?</siri:roadNumber>
                  <!--Optional:-->
                  <siri:directionBound>?</siri:directionBound>
                  <!--Optional:-->
                  <siri:referencePointIdentifier>?</siri:referencePointIdentifier>
               </siri:RoadFilter>
            </siri:SituationRoadFilter>
            <!--Zero or more repetitions:-->
            <siri:AccessibilityNeedFilter>
               <!--Zero or more repetitions:-->
               <acsb:UserNeed>
                  <!--You have a CHOICE of the next 4 items at this level-->
                  <acsb:MobilityNeed>?</acsb:MobilityNeed>
                  <acsb:PsychosensoryNeed>?</acsb:PsychosensoryNeed>
                  <acsb:MedicalNeed>?</acsb:MedicalNeed>
                  <acsb:EncumbranceNeed>?</acsb:EncumbranceNeed>
                  <!--Optional:-->
                  <acsb:Excluded>?</acsb:Excluded>
                  <!--Optional:-->
                  <acsb:NeedRanking>?</acsb:NeedRanking>
                  <!--Optional:-->
                  <acsb:Extensions>?</acsb:Extensions>
               </acsb:UserNeed>
               <!--Optional:-->
               <acsb:AccompaniedByCarer>?</acsb:AccompaniedByCarer>
            </siri:AccessibilityNeedFilter>
            <!--Optional:-->
            <siri:Language>en</siri:Language>
            <!--Optional:-->
            <siri:IncludeTranslations>?</siri:IncludeTranslations>
            <!--Optional:-->
            <siri:MaximumNumberOfSituationElements>?</siri:MaximumNumberOfSituationElements>
            <!--Optional:-->
            <siri:Extensions>
               <!--You may enter ANY elements at this point-->
            </siri:Extensions>
         </Request>
         <RequestExtension>
            <!--You may enter ANY elements at this point-->
         </RequestExtension>
      </wsdl:GetSituationExchange>
   </soapenv:Body>
</soapenv:Envelope>]]></con:request><con:wsaConfig mustUnderstand="NONE" version="200508" action="GetSituationExchange"/></con:call></con:operation><con:operation isOneWay="false" action="GetStopMonitoring" name="GetStopMonitoring" bindingOperationName="GetStopMonitoring" type="Request-Response" inputName="" receivesAttachments="false" sendsAttachments="false" anonymous="optional"><con:settings/><con:call name="Request_TEST-626"><con:settings><con:setting id="com.eviware.soapui.impl.wsdl.WsdlRequest@request-headers">&lt;xml-fragment/></con:setting></con:settings><con:encoding>UTF-8</con:encoding><con:endpoint>http://10.222.36.237:8080/emission/SiriRelais/SiriProducerRpcPort</con:endpoint><con:request><![CDATA[
<!-- ZDL : STIF:StopPoint:SP:7596: -->
<soapenv:Envelope xmlns:soapenv="http://schemas.xmlsoap.org/soap/envelope/" xmlns:wsdl="http://wsdl.siri.org.uk" xmlns:siri="http://www.siri.org.uk/siri">
   <soapenv:Header/>
   <soapenv:Body>
      <wsdl:GetStopMonitoring>
         <ServiceRequestInfo>
            <siri:RequestTimestamp>${=javax.xml.datatype.DatatypeFactory.newInstance().newXMLGregorianCalendar(GregorianCalendar.getInstance())}</siri:RequestTimestamp>
            <siri:RequestorRef>100WSIVSIRI</siri:RequestorRef>
            <siri:MessageIdentifier>100WSIVSIRI:Message::1:LOC</siri:MessageIdentifier>
         </ServiceRequestInfo>
         <Request version="2.0:FR-IDF-2.4">
            <siri:RequestTimestamp>${=javax.xml.datatype.DatatypeFactory.newInstance().newXMLGregorianCalendar(GregorianCalendar.getInstance())}</siri:RequestTimestamp>
            <siri:MessageIdentifier>100WSIVSIRI:Message::1:LOC</siri:MessageIdentifier>
            <siri:MonitoringRef>STIF:StopArea:SP:5494:</siri:MonitoringRef>
         </Request>
         <RequestExtension>
         </RequestExtension>
      </wsdl:GetStopMonitoring>
   </soapenv:Body>
</soapenv:Envelope>]]></con:request><con:credentials><con:authType>Global HTTP Settings</con:authType></con:credentials><con:jmsConfig JMSDeliveryMode="PERSISTENT"/><con:jmsPropertyConfig/><con:wsaConfig mustUnderstand="NONE" version="200508" action="GetStopMonitoring"/><con:wsrmConfig version="1.2"/></con:call></con:operation><con:operation isOneWay="false" action="GetStopTimetable" name="GetStopTimetable" bindingOperationName="GetStopTimetable" type="Request-Response" inputName="" receivesAttachments="false" sendsAttachments="false" anonymous="optional"><con:settings/><con:call name="Request 1"><con:settings/><con:encoding>UTF-8</con:encoding><con:endpoint>http://www.siri-service-location.com</con:endpoint><con:request><![CDATA[<soapenv:Envelope xmlns:soapenv="http://schemas.xmlsoap.org/soap/envelope/" xmlns:wsdl="http://wsdl.siri.org.uk" xmlns:siri="http://www.siri.org.uk/siri">
   <soapenv:Header/>
   <soapenv:Body>
      <wsdl:GetStopTimetable>
         <ServiceRequestInfo>
            <!--Optional:-->
            <siri:ServiceRequestContext>
               <!--Optional:-->
               <siri:CheckStatusAddress>?</siri:CheckStatusAddress>
               <!--Optional:-->
               <siri:SubscribeAddress>?</siri:SubscribeAddress>
               <!--Optional:-->
               <siri:ManageSubscriptionAddress>?</siri:ManageSubscriptionAddress>
               <!--Optional:-->
               <siri:GetDataAddress>?</siri:GetDataAddress>
               <!--Optional:-->
               <siri:StatusResponseAddress>?</siri:StatusResponseAddress>
               <!--Optional:-->
               <siri:SubscriberAddress>?</siri:SubscriberAddress>
               <!--Optional:-->
               <siri:NotifyAddress>?</siri:NotifyAddress>
               <!--Optional:-->
               <siri:ConsumerAddress>?</siri:ConsumerAddress>
               <!--Optional:-->
               <siri:DataNameSpaces>
                  <!--Optional:-->
                  <siri:StopPointNameSpace>?</siri:StopPointNameSpace>
                  <!--Optional:-->
                  <siri:LineNameSpace>?</siri:LineNameSpace>
                  <!--Optional:-->
                  <siri:ProductCategoryNameSpace>?</siri:ProductCategoryNameSpace>
                  <!--Optional:-->
                  <siri:ServiceFeatureNameSpace>?</siri:ServiceFeatureNameSpace>
                  <!--Optional:-->
                  <siri:VehicleFeatureNameSpace>?</siri:VehicleFeatureNameSpace>
               </siri:DataNameSpaces>
               <!--Optional:-->
               <siri:Language>en</siri:Language>
               <!--You have a CHOICE of the next 2 items at this level-->
               <siri:WgsDecimalDegrees>?</siri:WgsDecimalDegrees>
               <siri:GmlCoordinateFormat>?</siri:GmlCoordinateFormat>
               <!--Optional:-->
               <siri:DistanceUnits>?</siri:DistanceUnits>
               <!--Optional:-->
               <siri:VelocityUnits>?</siri:VelocityUnits>
               <!--Optional:-->
               <siri:DataHorizon>?</siri:DataHorizon>
               <!--Optional:-->
               <siri:RequestTimeout>?</siri:RequestTimeout>
               <!--Optional:-->
               <siri:DeliveryMethod>direct</siri:DeliveryMethod>
               <!--Optional:-->
               <siri:MultipartDespatch>?</siri:MultipartDespatch>
               <!--Optional:-->
               <siri:ConfirmDelivery>false</siri:ConfirmDelivery>
               <!--Optional:-->
               <siri:MaximimumNumberOfSubscriptions>?</siri:MaximimumNumberOfSubscriptions>
               <!--Optional:-->
               <siri:AllowedPredictors>anyone</siri:AllowedPredictors>
               <!--Optional:-->
               <siri:PredictionFunction>?</siri:PredictionFunction>
            </siri:ServiceRequestContext>
            <siri:RequestTimestamp>?</siri:RequestTimestamp>
            <!--Optional:-->
            <siri:AccountId>?</siri:AccountId>
            <!--Optional:-->
            <siri:AccountKey>?</siri:AccountKey>
            <!--Optional:-->
            <siri:Address>?</siri:Address>
            <siri:RequestorRef>?</siri:RequestorRef>
            <!--Optional:-->
            <siri:MessageIdentifier>?</siri:MessageIdentifier>
            <!--Optional:-->
            <siri:DelegatorAddress>?</siri:DelegatorAddress>
            <!--Optional:-->
            <siri:DelegatorRef>?</siri:DelegatorRef>
         </ServiceRequestInfo>
         <Request version="2.0">
            <siri:RequestTimestamp>?</siri:RequestTimestamp>
            <!--Optional:-->
            <siri:MessageIdentifier>?</siri:MessageIdentifier>
            <!--Optional:-->
            <siri:DepartureWindow>
               <siri:StartTime>?</siri:StartTime>
               <siri:EndTime>?</siri:EndTime>
            </siri:DepartureWindow>
            <siri:MonitoringRef>?</siri:MonitoringRef>
            <!--Optional:-->
            <siri:LineRef>?</siri:LineRef>
            <!--Optional:-->
            <siri:DirectionRef>?</siri:DirectionRef>
            <!--Optional:-->
            <siri:Language>en</siri:Language>
            <!--Optional:-->
            <siri:IncludeTranslations>?</siri:IncludeTranslations>
            <!--Optional:-->
            <siri:Extensions>
               <!--You may enter ANY elements at this point-->
            </siri:Extensions>
         </Request>
         <RequestExtension>
            <!--You may enter ANY elements at this point-->
         </RequestExtension>
      </wsdl:GetStopTimetable>
   </soapenv:Body>
</soapenv:Envelope>]]></con:request><con:wsaConfig mustUnderstand="NONE" version="200508" action="GetStopTimetable"/></con:call></con:operation><con:operation isOneWay="false" action="GetVehicleMonitoring" name="GetVehicleMonitoring" bindingOperationName="GetVehicleMonitoring" type="Request-Response" inputName="" receivesAttachments="false" sendsAttachments="false" anonymous="optional"><con:settings/><con:call name="Request 1"><con:settings/><con:encoding>UTF-8</con:encoding><con:endpoint>http://www.siri-service-location.com</con:endpoint><con:request><![CDATA[<soapenv:Envelope xmlns:soapenv="http://schemas.xmlsoap.org/soap/envelope/" xmlns:wsdl="http://wsdl.siri.org.uk" xmlns:siri="http://www.siri.org.uk/siri">
   <soapenv:Header/>
   <soapenv:Body>
      <wsdl:GetVehicleMonitoring>
         <ServiceRequestInfo>
            <!--Optional:-->
            <siri:ServiceRequestContext>
               <!--Optional:-->
               <siri:CheckStatusAddress>?</siri:CheckStatusAddress>
               <!--Optional:-->
               <siri:SubscribeAddress>?</siri:SubscribeAddress>
               <!--Optional:-->
               <siri:ManageSubscriptionAddress>?</siri:ManageSubscriptionAddress>
               <!--Optional:-->
               <siri:GetDataAddress>?</siri:GetDataAddress>
               <!--Optional:-->
               <siri:StatusResponseAddress>?</siri:StatusResponseAddress>
               <!--Optional:-->
               <siri:SubscriberAddress>?</siri:SubscriberAddress>
               <!--Optional:-->
               <siri:NotifyAddress>?</siri:NotifyAddress>
               <!--Optional:-->
               <siri:ConsumerAddress>?</siri:ConsumerAddress>
               <!--Optional:-->
               <siri:DataNameSpaces>
                  <!--Optional:-->
                  <siri:StopPointNameSpace>?</siri:StopPointNameSpace>
                  <!--Optional:-->
                  <siri:LineNameSpace>?</siri:LineNameSpace>
                  <!--Optional:-->
                  <siri:ProductCategoryNameSpace>?</siri:ProductCategoryNameSpace>
                  <!--Optional:-->
                  <siri:ServiceFeatureNameSpace>?</siri:ServiceFeatureNameSpace>
                  <!--Optional:-->
                  <siri:VehicleFeatureNameSpace>?</siri:VehicleFeatureNameSpace>
               </siri:DataNameSpaces>
               <!--Optional:-->
               <siri:Language>en</siri:Language>
               <!--You have a CHOICE of the next 2 items at this level-->
               <siri:WgsDecimalDegrees>?</siri:WgsDecimalDegrees>
               <siri:GmlCoordinateFormat>?</siri:GmlCoordinateFormat>
               <!--Optional:-->
               <siri:DistanceUnits>?</siri:DistanceUnits>
               <!--Optional:-->
               <siri:VelocityUnits>?</siri:VelocityUnits>
               <!--Optional:-->
               <siri:DataHorizon>?</siri:DataHorizon>
               <!--Optional:-->
               <siri:RequestTimeout>?</siri:RequestTimeout>
               <!--Optional:-->
               <siri:DeliveryMethod>direct</siri:DeliveryMethod>
               <!--Optional:-->
               <siri:MultipartDespatch>?</siri:MultipartDespatch>
               <!--Optional:-->
               <siri:ConfirmDelivery>false</siri:ConfirmDelivery>
               <!--Optional:-->
               <siri:MaximimumNumberOfSubscriptions>?</siri:MaximimumNumberOfSubscriptions>
               <!--Optional:-->
               <siri:AllowedPredictors>anyone</siri:AllowedPredictors>
               <!--Optional:-->
               <siri:PredictionFunction>?</siri:PredictionFunction>
            </siri:ServiceRequestContext>
            <siri:RequestTimestamp>?</siri:RequestTimestamp>
            <!--Optional:-->
            <siri:AccountId>?</siri:AccountId>
            <!--Optional:-->
            <siri:AccountKey>?</siri:AccountKey>
            <!--Optional:-->
            <siri:Address>?</siri:Address>
            <siri:RequestorRef>?</siri:RequestorRef>
            <!--Optional:-->
            <siri:MessageIdentifier>?</siri:MessageIdentifier>
            <!--Optional:-->
            <siri:DelegatorAddress>?</siri:DelegatorAddress>
            <!--Optional:-->
            <siri:DelegatorRef>?</siri:DelegatorRef>
         </ServiceRequestInfo>
         <Request version="2.0">
            <siri:RequestTimestamp>?</siri:RequestTimestamp>
            <!--Optional:-->
            <siri:MessageIdentifier>?</siri:MessageIdentifier>
            <!--Optional:-->
            <siri:VehicleMonitoringRef>?</siri:VehicleMonitoringRef>
            <!--You have a CHOICE of the next 2 items at this level-->
            <siri:VehicleRef>?</siri:VehicleRef>
            <siri:LineRef>?</siri:LineRef>
            <!--Optional:-->
            <siri:DirectionRef>?</siri:DirectionRef>
            <!--Optional:-->
            <siri:Language>en</siri:Language>
            <!--Optional:-->
            <siri:IncludeTranslations>?</siri:IncludeTranslations>
            <!--Optional:-->
            <siri:MaximumVehicles>?</siri:MaximumVehicles>
            <!--Optional:-->
            <siri:VehicleMonitoringDetailLevel>?</siri:VehicleMonitoringDetailLevel>
            <!--Optional:-->
            <siri:MaximumNumberOfCalls>
               <!--Optional:-->
               <siri:Previous>?</siri:Previous>
               <!--Optional:-->
               <siri:Onwards>?</siri:Onwards>
            </siri:MaximumNumberOfCalls>
            <!--Optional:-->
            <siri:IncludeSituations>?</siri:IncludeSituations>
            <!--Optional:-->
            <siri:Extensions>
               <!--You may enter ANY elements at this point-->
            </siri:Extensions>
         </Request>
         <RequestExtension>
            <!--You may enter ANY elements at this point-->
         </RequestExtension>
      </wsdl:GetVehicleMonitoring>
   </soapenv:Body>
</soapenv:Envelope>]]></con:request><con:wsaConfig mustUnderstand="NONE" version="200508" action="GetVehicleMonitoring"/></con:call></con:operation><con:operation isOneWay="false" action="LinesDiscovery" name="LinesDiscovery" bindingOperationName="LinesDiscovery" type="Request-Response" inputName="" receivesAttachments="false" sendsAttachments="false" anonymous="optional"><con:settings/><con:call name="Request 1"><con:settings/><con:encoding>UTF-8</con:encoding><con:endpoint>http://www.siri-service-location.com</con:endpoint><con:request><![CDATA[<soapenv:Envelope xmlns:soapenv="http://schemas.xmlsoap.org/soap/envelope/" xmlns:wsdl="http://wsdl.siri.org.uk" xmlns:siri="http://www.siri.org.uk/siri">
   <soapenv:Header/>
   <soapenv:Body>
      <wsdl:LinesDiscovery>
         <Request version="2.0">
            <siri:RequestTimestamp>?</siri:RequestTimestamp>
            <!--Optional:-->
            <siri:AccountId>?</siri:AccountId>
            <!--Optional:-->
            <siri:AccountKey>?</siri:AccountKey>
            <!--Optional:-->
            <siri:Address>?</siri:Address>
            <siri:RequestorRef>?</siri:RequestorRef>
            <!--Optional:-->
            <siri:MessageIdentifier>?</siri:MessageIdentifier>
            <!--You have a CHOICE of the next 4 items at this level-->
            <siri:BoundingBox>
               <siri:UpperLeft id="?" srsName="?">
                  <!--You have a CHOICE of the next 2 items at this level-->
                  <siri:Longitude>?</siri:Longitude>
                  <siri:Latitude>?</siri:Latitude>
                  <siri:Coordinates>?</siri:Coordinates>
                  <!--Optional:-->
                  <siri:Precision>?</siri:Precision>
               </siri:UpperLeft>
               <siri:LowerRight id="?" srsName="?">
                  <!--You have a CHOICE of the next 2 items at this level-->
                  <siri:Longitude>?</siri:Longitude>
                  <siri:Latitude>?</siri:Latitude>
                  <siri:Coordinates>?</siri:Coordinates>
                  <!--Optional:-->
                  <siri:Precision>?</siri:Precision>
               </siri:LowerRight>
            </siri:BoundingBox>
            <siri:Circle id="?" srsName="?">
               <!--You have a CHOICE of the next 2 items at this level-->
               <siri:Longitude>?</siri:Longitude>
               <siri:Latitude>?</siri:Latitude>
               <siri:Coordinates>?</siri:Coordinates>
               <!--Optional:-->
               <siri:Precision>?</siri:Precision>
            </siri:Circle>
            <siri:PlaceRef>?</siri:PlaceRef>
            <siri:LineDirectionRef>
               <siri:LineRef>?</siri:LineRef>
               <!--Optional:-->
               <siri:DirectionRef>?</siri:DirectionRef>
            </siri:LineDirectionRef>
            <!--Optional:-->
            <siri:OperatorRef>?</siri:OperatorRef>
            <!--Optional:-->
            <siri:Language>en</siri:Language>
            <!--Optional:-->
            <siri:LinesDetailLevel>normal</siri:LinesDetailLevel>
         </Request>
         <RequestExtension>
            <!--You may enter ANY elements at this point-->
         </RequestExtension>
      </wsdl:LinesDiscovery>
   </soapenv:Body>
</soapenv:Envelope>]]></con:request><con:wsaConfig mustUnderstand="NONE" version="200508" action="LinesDiscovery"/></con:call></con:operation><con:operation isOneWay="false" action="StopPointsDiscovery" name="StopPointsDiscovery" bindingOperationName="StopPointsDiscovery" type="Request-Response" inputName="" receivesAttachments="false" sendsAttachments="false" anonymous="optional"><con:settings/><con:call name="Request 1"><con:settings/><con:encoding>UTF-8</con:encoding><con:endpoint>http://www.siri-service-location.com</con:endpoint><con:request><![CDATA[<soapenv:Envelope xmlns:soapenv="http://schemas.xmlsoap.org/soap/envelope/" xmlns:wsdl="http://wsdl.siri.org.uk" xmlns:siri="http://www.siri.org.uk/siri">
   <soapenv:Header/>
   <soapenv:Body>
      <wsdl:StopPointsDiscovery>
         <Request version="2.0">
            <siri:RequestTimestamp>?</siri:RequestTimestamp>
            <!--Optional:-->
            <siri:AccountId>?</siri:AccountId>
            <!--Optional:-->
            <siri:AccountKey>?</siri:AccountKey>
            <!--Optional:-->
            <siri:Address>?</siri:Address>
            <siri:RequestorRef>?</siri:RequestorRef>
            <!--Optional:-->
            <siri:MessageIdentifier>?</siri:MessageIdentifier>
            <!--You have a CHOICE of the next 3 items at this level-->
            <!--Optional:-->
            <siri:BoundingBox>
               <siri:UpperLeft id="?" srsName="?">
                  <!--You have a CHOICE of the next 2 items at this level-->
                  <siri:Longitude>?</siri:Longitude>
                  <siri:Latitude>?</siri:Latitude>
                  <siri:Coordinates>?</siri:Coordinates>
                  <!--Optional:-->
                  <siri:Precision>?</siri:Precision>
               </siri:UpperLeft>
               <siri:LowerRight id="?" srsName="?">
                  <!--You have a CHOICE of the next 2 items at this level-->
                  <siri:Longitude>?</siri:Longitude>
                  <siri:Latitude>?</siri:Latitude>
                  <siri:Coordinates>?</siri:Coordinates>
                  <!--Optional:-->
                  <siri:Precision>?</siri:Precision>
               </siri:LowerRight>
            </siri:BoundingBox>
            <!--Optional:-->
            <siri:Circle id="?" srsName="?">
               <!--You have a CHOICE of the next 2 items at this level-->
               <siri:Longitude>?</siri:Longitude>
               <siri:Latitude>?</siri:Latitude>
               <siri:Coordinates>?</siri:Coordinates>
               <!--Optional:-->
               <siri:Precision>?</siri:Precision>
            </siri:Circle>
            <!--Optional:-->
            <siri:PlaceRef>?</siri:PlaceRef>
            <!--Optional:-->
            <siri:OperatorRef>?</siri:OperatorRef>
            <!--Optional:-->
            <siri:LineRef>?</siri:LineRef>
            <!--Optional:-->
            <siri:Language>en</siri:Language>
            <!--Optional:-->
            <siri:StopPointsDetailLevel>normal</siri:StopPointsDetailLevel>
         </Request>
         <RequestExtension>
            <!--You may enter ANY elements at this point-->
         </RequestExtension>
      </wsdl:StopPointsDiscovery>
   </soapenv:Body>
</soapenv:Envelope>]]></con:request><con:wsaConfig mustUnderstand="NONE" version="200508" action="StopPointsDiscovery"/></con:call></con:operation><con:operation isOneWay="false" action="Subscribe" name="Subscribe" bindingOperationName="Subscribe" type="Request-Response" inputName="" receivesAttachments="false" sendsAttachments="false" anonymous="optional"><con:settings/><con:call name="Request 1"><con:settings/><con:encoding>UTF-8</con:encoding><con:endpoint>http://www.siri-service-location.com</con:endpoint><con:request><![CDATA[<soapenv:Envelope xmlns:soapenv="http://schemas.xmlsoap.org/soap/envelope/" xmlns:wsdl="http://wsdl.siri.org.uk" xmlns:siri="http://www.siri.org.uk/siri" xmlns:acsb="http://www.ifopt.org.uk/acsb">
   <soapenv:Header/>
   <soapenv:Body>
      <wsdl:Subscribe>
         <SubscriptionRequestInfo>
            <siri:RequestTimestamp>?</siri:RequestTimestamp>
            <!--Optional:-->
            <siri:AccountId>?</siri:AccountId>
            <!--Optional:-->
            <siri:AccountKey>?</siri:AccountKey>
            <!--Optional:-->
            <siri:Address>?</siri:Address>
            <siri:RequestorRef>?</siri:RequestorRef>
            <!--Optional:-->
            <siri:MessageIdentifier>?</siri:MessageIdentifier>
            <!--Optional:-->
            <siri:DelegatorAddress>?</siri:DelegatorAddress>
            <!--Optional:-->
            <siri:DelegatorRef>?</siri:DelegatorRef>
            <!--Optional:-->
            <siri:ConsumerAddress>?</siri:ConsumerAddress>
            <!--Optional:-->
            <siri:SubscriptionFilterIdentifier>?</siri:SubscriptionFilterIdentifier>
            <!--Optional:-->
            <siri:SubscriptionContext>
               <!--Optional:-->
               <siri:HeartbeatInterval>?</siri:HeartbeatInterval>
            </siri:SubscriptionContext>
         </SubscriptionRequestInfo>
         <Request>
            <!--You have a CHOICE of the next 10 items at this level-->
            <!--1 or more repetitions:-->
            <siri:ProductionTimetableSubscriptionRequest>
               <!--Optional:-->
               <siri:SubscriberRef>?</siri:SubscriberRef>
               <siri:SubscriptionIdentifier>?</siri:SubscriptionIdentifier>
               <siri:InitialTerminationTime>?</siri:InitialTerminationTime>
               <siri:ProductionTimetableRequest version="2.0">
                  <siri:RequestTimestamp>?</siri:RequestTimestamp>
                  <!--Optional:-->
                  <siri:MessageIdentifier>?</siri:MessageIdentifier>
                  <!--Optional:-->
                  <siri:ValidityPeriod>
                     <siri:StartTime>?</siri:StartTime>
                     <siri:EndTime>?</siri:EndTime>
                  </siri:ValidityPeriod>
                  <!--Optional:-->
                  <siri:TimetableVersionRef>?</siri:TimetableVersionRef>
                  <!--Zero or more repetitions:-->
                  <siri:OperatorRef>?</siri:OperatorRef>
                  <!--Optional:-->
                  <siri:Lines>
                     <!--1 or more repetitions:-->
                     <siri:LineDirection>
                        <siri:LineRef>?</siri:LineRef>
                        <!--Optional:-->
                        <siri:DirectionRef>?</siri:DirectionRef>
                     </siri:LineDirection>
                  </siri:Lines>
                  <!--Optional:-->
                  <siri:Language>en</siri:Language>
                  <!--Optional:-->
                  <siri:IncludeTranslations>?</siri:IncludeTranslations>
                  <!--Optional:-->
                  <siri:IncrementalUpdates>false</siri:IncrementalUpdates>
                  <!--Optional:-->
                  <siri:Extensions>
                     <!--You may enter ANY elements at this point-->
                  </siri:Extensions>
               </siri:ProductionTimetableRequest>
               <!--Optional:-->
               <siri:IncrementalUpdates>false</siri:IncrementalUpdates>
               <!--Optional:-->
               <siri:Extensions>
                  <!--You may enter ANY elements at this point-->
               </siri:Extensions>
            </siri:ProductionTimetableSubscriptionRequest>
            <!--1 or more repetitions:-->
            <siri:EstimatedTimetableSubscriptionRequest>
               <!--Optional:-->
               <siri:SubscriberRef>?</siri:SubscriberRef>
               <siri:SubscriptionIdentifier>?</siri:SubscriptionIdentifier>
               <siri:InitialTerminationTime>?</siri:InitialTerminationTime>
               <siri:EstimatedTimetableRequest version="2.0">
                  <siri:RequestTimestamp>?</siri:RequestTimestamp>
                  <!--Optional:-->
                  <siri:MessageIdentifier>?</siri:MessageIdentifier>
                  <!--Optional:-->
                  <siri:PreviewInterval>?</siri:PreviewInterval>
                  <!--Optional:-->
                  <siri:TimetableVersionRef>?</siri:TimetableVersionRef>
                  <!--Zero or more repetitions:-->
                  <siri:OperatorRef>?</siri:OperatorRef>
                  <!--Optional:-->
                  <siri:Lines>
                     <!--1 or more repetitions:-->
                     <siri:LineDirection>
                        <siri:LineRef>?</siri:LineRef>
                        <!--Optional:-->
                        <siri:DirectionRef>?</siri:DirectionRef>
                     </siri:LineDirection>
                  </siri:Lines>
                  <!--Optional:-->
                  <siri:Language>en</siri:Language>
                  <!--Optional:-->
                  <siri:IncludeTranslations>?</siri:IncludeTranslations>
                  <!--Optional:-->
                  <siri:EstimatedTimetableDetailLevel>?</siri:EstimatedTimetableDetailLevel>
                  <!--Optional:-->
                  <siri:Extensions>
                     <!--You may enter ANY elements at this point-->
                  </siri:Extensions>
               </siri:EstimatedTimetableRequest>
               <!--Optional:-->
               <siri:IncrementalUpdates>true</siri:IncrementalUpdates>
               <!--Optional:-->
               <siri:ChangeBeforeUpdates>?</siri:ChangeBeforeUpdates>
               <!--Optional:-->
               <siri:Extensions>
                  <!--You may enter ANY elements at this point-->
               </siri:Extensions>
            </siri:EstimatedTimetableSubscriptionRequest>
            <!--1 or more repetitions:-->
            <siri:StopTimetableSubscriptionRequest>
               <!--Optional:-->
               <siri:SubscriberRef>?</siri:SubscriberRef>
               <siri:SubscriptionIdentifier>?</siri:SubscriptionIdentifier>
               <siri:InitialTerminationTime>?</siri:InitialTerminationTime>
               <siri:StopTimetableRequest version="2.0">
                  <siri:RequestTimestamp>?</siri:RequestTimestamp>
                  <!--Optional:-->
                  <siri:MessageIdentifier>?</siri:MessageIdentifier>
                  <!--Optional:-->
                  <siri:DepartureWindow>
                     <siri:StartTime>?</siri:StartTime>
                     <siri:EndTime>?</siri:EndTime>
                  </siri:DepartureWindow>
                  <siri:MonitoringRef>?</siri:MonitoringRef>
                  <!--Optional:-->
                  <siri:LineRef>?</siri:LineRef>
                  <!--Optional:-->
                  <siri:DirectionRef>?</siri:DirectionRef>
                  <!--Optional:-->
                  <siri:Language>en</siri:Language>
                  <!--Optional:-->
                  <siri:IncludeTranslations>?</siri:IncludeTranslations>
                  <!--Optional:-->
                  <siri:Extensions>
                     <!--You may enter ANY elements at this point-->
                  </siri:Extensions>
               </siri:StopTimetableRequest>
               <!--Optional:-->
               <siri:IncrementalUpdates>false</siri:IncrementalUpdates>
               <!--Optional:-->
               <siri:ChangeBeforeUpdates>?</siri:ChangeBeforeUpdates>
               <!--Optional:-->
               <siri:Extensions>
                  <!--You may enter ANY elements at this point-->
               </siri:Extensions>
            </siri:StopTimetableSubscriptionRequest>
            <!--1 or more repetitions:-->
            <siri:StopMonitoringSubscriptionRequest>
               <!--Optional:-->
               <siri:SubscriberRef>?</siri:SubscriberRef>
               <siri:SubscriptionIdentifier>?</siri:SubscriptionIdentifier>
               <siri:InitialTerminationTime>?</siri:InitialTerminationTime>
               <siri:StopMonitoringRequest version="2.0">
                  <siri:RequestTimestamp>?</siri:RequestTimestamp>
                  <!--Optional:-->
                  <siri:MessageIdentifier>?</siri:MessageIdentifier>
                  <!--Optional:-->
                  <siri:PreviewInterval>?</siri:PreviewInterval>
                  <!--Optional:-->
                  <siri:StartTime>?</siri:StartTime>
                  <siri:MonitoringRef>?</siri:MonitoringRef>
                  <!--Optional:-->
                  <siri:OperatorRef>?</siri:OperatorRef>
                  <!--Optional:-->
                  <siri:LineRef>?</siri:LineRef>
                  <!--Optional:-->
                  <siri:DirectionRef>?</siri:DirectionRef>
                  <!--Optional:-->
                  <siri:DestinationRef>?</siri:DestinationRef>
                  <!--Optional:-->
                  <siri:StopVisitTypes>all</siri:StopVisitTypes>
                  <!--Optional:-->
                  <siri:Language>false</siri:Language>
                  <!--Optional:-->
                  <siri:IncludeTranslations>?</siri:IncludeTranslations>
                  <!--Optional:-->
                  <siri:MaximumStopVisits>?</siri:MaximumStopVisits>
                  <!--You have a CHOICE of the next 2 items at this level-->
                  <!--Optional:-->
                  <siri:MinimumStopVisitsPerLine>?</siri:MinimumStopVisitsPerLine>
                  <!--Optional:-->
                  <siri:MinimumStopVisitsPerLineVia>?</siri:MinimumStopVisitsPerLineVia>
                  <!--Optional:-->
                  <siri:MaximumTextLength>30</siri:MaximumTextLength>
                  <!--Optional:-->
                  <siri:StopMonitoringDetailLevel>normal</siri:StopMonitoringDetailLevel>
                  <!--Optional:-->
                  <siri:IncludeSituations>?</siri:IncludeSituations>
                  <!--Optional:-->
                  <siri:MaximumNumberOfCalls>
                     <!--Optional:-->
                     <siri:Previous>?</siri:Previous>
                     <!--Optional:-->
                     <siri:Onwards>?</siri:Onwards>
                  </siri:MaximumNumberOfCalls>
                  <!--Optional:-->
                  <siri:Extensions>
                     <!--You may enter ANY elements at this point-->
                  </siri:Extensions>
               </siri:StopMonitoringRequest>
               <!--Optional:-->
               <siri:IncrementalUpdates>false</siri:IncrementalUpdates>
               <!--Optional:-->
               <siri:ChangeBeforeUpdates>?</siri:ChangeBeforeUpdates>
               <!--Optional:-->
               <siri:Extensions>
                  <!--You may enter ANY elements at this point-->
               </siri:Extensions>
            </siri:StopMonitoringSubscriptionRequest>
            <!--1 or more repetitions:-->
            <siri:VehicleMonitoringSubscriptionRequest>
               <!--Optional:-->
               <siri:SubscriberRef>?</siri:SubscriberRef>
               <siri:SubscriptionIdentifier>?</siri:SubscriptionIdentifier>
               <siri:InitialTerminationTime>?</siri:InitialTerminationTime>
               <siri:VehicleMonitoringRequest version="2.0">
                  <siri:RequestTimestamp>?</siri:RequestTimestamp>
                  <!--Optional:-->
                  <siri:MessageIdentifier>?</siri:MessageIdentifier>
                  <!--Optional:-->
                  <siri:VehicleMonitoringRef>?</siri:VehicleMonitoringRef>
                  <!--You have a CHOICE of the next 2 items at this level-->
                  <siri:VehicleRef>?</siri:VehicleRef>
                  <siri:LineRef>?</siri:LineRef>
                  <!--Optional:-->
                  <siri:DirectionRef>?</siri:DirectionRef>
                  <!--Optional:-->
                  <siri:Language>en</siri:Language>
                  <!--Optional:-->
                  <siri:IncludeTranslations>?</siri:IncludeTranslations>
                  <!--Optional:-->
                  <siri:MaximumVehicles>?</siri:MaximumVehicles>
                  <!--Optional:-->
                  <siri:VehicleMonitoringDetailLevel>?</siri:VehicleMonitoringDetailLevel>
                  <!--Optional:-->
                  <siri:MaximumNumberOfCalls>
                     <!--Optional:-->
                     <siri:Previous>?</siri:Previous>
                     <!--Optional:-->
                     <siri:Onwards>?</siri:Onwards>
                  </siri:MaximumNumberOfCalls>
                  <!--Optional:-->
                  <siri:IncludeSituations>?</siri:IncludeSituations>
                  <!--Optional:-->
                  <siri:Extensions>
                     <!--You may enter ANY elements at this point-->
                  </siri:Extensions>
               </siri:VehicleMonitoringRequest>
               <!--Optional:-->
               <siri:IncrementalUpdates>false</siri:IncrementalUpdates>
               <!--You have a CHOICE of the next 2 items at this level-->
               <!--Optional:-->
               <siri:ChangeBeforeUpdates>?</siri:ChangeBeforeUpdates>
               <!--Optional:-->
               <siri:UpdateInterval>?</siri:UpdateInterval>
               <!--Optional:-->
               <siri:Extensions>
                  <!--You may enter ANY elements at this point-->
               </siri:Extensions>
            </siri:VehicleMonitoringSubscriptionRequest>
            <!--1 or more repetitions:-->
            <siri:ConnectionTimetableSubscriptionRequest>
               <!--Optional:-->
               <siri:SubscriberRef>?</siri:SubscriberRef>
               <siri:SubscriptionIdentifier>?</siri:SubscriptionIdentifier>
               <siri:InitialTerminationTime>?</siri:InitialTerminationTime>
               <siri:ConnectionTimetableRequest version="2.0">
                  <siri:RequestTimestamp>?</siri:RequestTimestamp>
                  <!--Optional:-->
                  <siri:MessageIdentifier>?</siri:MessageIdentifier>
                  <!--Optional:-->
                  <siri:ArrivalWindow>
                     <siri:StartTime>?</siri:StartTime>
                     <siri:EndTime>?</siri:EndTime>
                  </siri:ArrivalWindow>
                  <siri:ConnectionLinkRef>?</siri:ConnectionLinkRef>
                  <!--Optional:-->
                  <siri:LineRef>?</siri:LineRef>
                  <!--Optional:-->
                  <siri:DirectionRef>?</siri:DirectionRef>
                  <!--Optional:-->
                  <siri:Language>en</siri:Language>
                  <!--Optional:-->
                  <siri:IncludeTranslations>?</siri:IncludeTranslations>
                  <!--Optional:-->
                  <siri:Extensions>
                     <!--You may enter ANY elements at this point-->
                  </siri:Extensions>
               </siri:ConnectionTimetableRequest>
               <!--Optional:-->
               <siri:Extensions>
                  <!--You may enter ANY elements at this point-->
               </siri:Extensions>
            </siri:ConnectionTimetableSubscriptionRequest>
            <!--1 or more repetitions:-->
            <siri:ConnectionMonitoringSubscriptionRequest>
               <!--Optional:-->
               <siri:SubscriberRef>?</siri:SubscriberRef>
               <siri:SubscriptionIdentifier>?</siri:SubscriptionIdentifier>
               <siri:InitialTerminationTime>?</siri:InitialTerminationTime>
               <siri:ConnectionMonitoringRequest version="2.0">
                  <siri:RequestTimestamp>?</siri:RequestTimestamp>
                  <!--Optional:-->
                  <siri:MessageIdentifier>?</siri:MessageIdentifier>
                  <!--Optional:-->
                  <siri:PreviewInterval>?</siri:PreviewInterval>
                  <siri:ConnectionLinkRef>?</siri:ConnectionLinkRef>
                  <!--You have a CHOICE of the next 2 items at this level-->
                  <siri:ConnectingTimeFilter>
                     <siri:LineRef>?</siri:LineRef>
                     <siri:DirectionRef>?</siri:DirectionRef>
                     <!--Optional:-->
                     <siri:EarliestArrivalTime>?</siri:EarliestArrivalTime>
                     <!--Optional:-->
                     <siri:LatestArrivalTime>?</siri:LatestArrivalTime>
                  </siri:ConnectingTimeFilter>
                  <!--1 or more repetitions:-->
                  <siri:ConnectingJourneyFilter>
                     <siri:DatedVehicleJourneyRef>?</siri:DatedVehicleJourneyRef>
                     <!--Optional:-->
                     <siri:VisitNumber>?</siri:VisitNumber>
                     <siri:TimetabledArrivalTime>?</siri:TimetabledArrivalTime>
                  </siri:ConnectingJourneyFilter>
                  <!--Optional:-->
                  <siri:Language>en</siri:Language>
                  <!--Optional:-->
                  <siri:IncludeTranslations>?</siri:IncludeTranslations>
                  <!--Optional:-->
                  <siri:ConnectionMonitoringDetailLevel>?</siri:ConnectionMonitoringDetailLevel>
                  <!--Optional:-->
                  <siri:Extensions>
                     <!--You may enter ANY elements at this point-->
                  </siri:Extensions>
               </siri:ConnectionMonitoringRequest>
               <!--Optional:-->
               <siri:ChangeBeforeUpdates>?</siri:ChangeBeforeUpdates>
               <!--Optional:-->
               <siri:Extensions>
                  <!--You may enter ANY elements at this point-->
               </siri:Extensions>
            </siri:ConnectionMonitoringSubscriptionRequest>
            <!--1 or more repetitions:-->
            <siri:GeneralMessageSubscriptionRequest>
               <!--Optional:-->
               <siri:SubscriberRef>?</siri:SubscriberRef>
               <siri:SubscriptionIdentifier>?</siri:SubscriptionIdentifier>
               <siri:InitialTerminationTime>?</siri:InitialTerminationTime>
               <siri:GeneralMessageRequest version="2.0">
                  <siri:RequestTimestamp>?</siri:RequestTimestamp>
                  <!--Optional:-->
                  <siri:MessageIdentifier>?</siri:MessageIdentifier>
                  <!--Zero or more repetitions:-->
                  <siri:InfoChannelRef>?</siri:InfoChannelRef>
                  <!--Optional:-->
                  <siri:Language>en</siri:Language>
                  <!--Optional:-->
                  <siri:Extensions>
                     <!--You may enter ANY elements at this point-->
                  </siri:Extensions>
               </siri:GeneralMessageRequest>
               <!--Optional:-->
               <siri:Extensions>
                  <!--You may enter ANY elements at this point-->
               </siri:Extensions>
            </siri:GeneralMessageSubscriptionRequest>
            <!--1 or more repetitions:-->
            <siri:FacilityMonitoringSubscriptionRequest>
               <!--Optional:-->
               <siri:SubscriberRef>?</siri:SubscriberRef>
               <siri:SubscriptionIdentifier>?</siri:SubscriptionIdentifier>
               <siri:InitialTerminationTime>?</siri:InitialTerminationTime>
               <siri:FacilityMonitoringRequest version="2.0">
                  <siri:RequestTimestamp>?</siri:RequestTimestamp>
                  <!--Optional:-->
                  <siri:MessageIdentifier>?</siri:MessageIdentifier>
                  <!--Optional:-->
                  <siri:PreviewInterval>?</siri:PreviewInterval>
                  <!--Optional:-->
                  <siri:StartTime>?</siri:StartTime>
                  <!--Zero or more repetitions:-->
                  <siri:FacilityRef>?</siri:FacilityRef>
                  <!--Optional:-->
                  <siri:FeatureRef>?</siri:FeatureRef>
                  <!--Optional:-->
                  <siri:LineRef>?</siri:LineRef>
                  <!--Optional:-->
                  <siri:StopPointRef>?</siri:StopPointRef>
                  <!--Optional:-->
                  <siri:ConnectionLinkRef>?</siri:ConnectionLinkRef>
                  <!--You have a CHOICE of the next 2 items at this level-->
                  <siri:FramedVehicleJourneyRef>
                     <siri:DataFrameRef>?</siri:DataFrameRef>
                     <siri:DatedVehicleJourneyRef>?</siri:DatedVehicleJourneyRef>
                  </siri:FramedVehicleJourneyRef>
                  <siri:VehicleJourneyRef>?</siri:VehicleJourneyRef>
                  <!--Optional:-->
                  <siri:InterchangeRef>?</siri:InterchangeRef>
                  <!--Optional:-->
                  <siri:VehicleRef>?</siri:VehicleRef>
                  <!--Optional:-->
                  <siri:StopPlaceRef>?</siri:StopPlaceRef>
                  <!--Optional:-->
                  <siri:StopPlaceComponentRef>?</siri:StopPlaceComponentRef>
                  <!--Zero or more repetitions:-->
                  <siri:AccessibilityNeedsFilter>
                     <!--1 or more repetitions:-->
                     <siri:UserNeed>
                        <!--You have a CHOICE of the next 4 items at this level-->
                        <acsb:MobilityNeed>?</acsb:MobilityNeed>
                        <acsb:PsychosensoryNeed>?</acsb:PsychosensoryNeed>
                        <acsb:MedicalNeed>?</acsb:MedicalNeed>
                        <acsb:EncumbranceNeed>?</acsb:EncumbranceNeed>
                        <!--Optional:-->
                        <acsb:Excluded>?</acsb:Excluded>
                        <!--Optional:-->
                        <acsb:NeedRanking>?</acsb:NeedRanking>
                        <!--Optional:-->
                        <acsb:Extensions>?</acsb:Extensions>
                     </siri:UserNeed>
                  </siri:AccessibilityNeedsFilter>
                  <!--Optional:-->
                  <siri:Language>en</siri:Language>
                  <!--Optional:-->
                  <siri:IncludeTranslations>?</siri:IncludeTranslations>
                  <!--Optional:-->
                  <siri:MaximumNumberOfFacilityConditions>?</siri:MaximumNumberOfFacilityConditions>
                  <!--Optional:-->
                  <siri:Extensions>
                     <!--You may enter ANY elements at this point-->
                  </siri:Extensions>
               </siri:FacilityMonitoringRequest>
               <!--Optional:-->
               <siri:IncrementalUpdates>false</siri:IncrementalUpdates>
               <!--Optional:-->
               <siri:Extensions>
                  <!--You may enter ANY elements at this point-->
               </siri:Extensions>
            </siri:FacilityMonitoringSubscriptionRequest>
            <!--1 or more repetitions:-->
            <siri:SituationExchangeSubscriptionRequest>
               <!--Optional:-->
               <siri:SubscriberRef>?</siri:SubscriberRef>
               <siri:SubscriptionIdentifier>?</siri:SubscriptionIdentifier>
               <siri:InitialTerminationTime>?</siri:InitialTerminationTime>
               <siri:SituationExchangeRequest version="2.0">
                  <siri:RequestTimestamp>?</siri:RequestTimestamp>
                  <!--Optional:-->
                  <siri:MessageIdentifier>?</siri:MessageIdentifier>
                  <!--Optional:-->
                  <siri:PreviewInterval>?</siri:PreviewInterval>
                  <!--Optional:-->
                  <siri:StartTime>?</siri:StartTime>
                  <!--Optional:-->
                  <siri:VehicleMode>unknown</siri:VehicleMode>
                  <!--You have a CHOICE of the next 7 items at this level-->
                  <siri:AirSubmode>unknown</siri:AirSubmode>
                  <siri:BusSubmode>unknown</siri:BusSubmode>
                  <siri:CoachSubmode>unknown</siri:CoachSubmode>
                  <siri:MetroSubmode>unknown</siri:MetroSubmode>
                  <siri:RailSubmode>unknown</siri:RailSubmode>
                  <siri:TramSubmode>unknown</siri:TramSubmode>
                  <siri:WaterSubmode>unknown</siri:WaterSubmode>
                  <!--Optional:-->
                  <siri:AccessMode>?</siri:AccessMode>
                  <!--Optional:-->
                  <siri:Severity>?</siri:Severity>
                  <!--Zero or more repetitions:-->
                  <siri:Scope>?</siri:Scope>
                  <!--Optional:-->
                  <siri:Predictability>?</siri:Predictability>
                  <!--Optional:-->
                  <siri:Keywords>?</siri:Keywords>
                  <!--Optional:-->
                  <siri:Verification>?</siri:Verification>
                  <!--Zero or more repetitions:-->
                  <siri:Progress>open</siri:Progress>
                  <!--Optional:-->
                  <siri:Reality>?</siri:Reality>
                  <!--Optional:-->
                  <siri:OperatorRef>?</siri:OperatorRef>
                  <!--Zero or more repetitions:-->
                  <siri:OperationalUnitRef>?</siri:OperationalUnitRef>
                  <!--Optional:-->
                  <siri:NetworkRef>?</siri:NetworkRef>
                  <!--Zero or more repetitions:-->
                  <siri:LineRef>?</siri:LineRef>
                  <!--Optional:-->
                  <siri:StopPointRef>?</siri:StopPointRef>
                  <!--Zero or more repetitions:-->
                  <siri:ConnectionLinkRef>?</siri:ConnectionLinkRef>
                  <!--Zero or more repetitions:-->
                  <siri:FacilityRef>?</siri:FacilityRef>
                  <!--Optional:-->
                  <siri:StopPlaceRef>?</siri:StopPlaceRef>
                  <!--You have a CHOICE of the next 2 items at this level-->
                  <siri:FramedVehicleJourneyRef>
                     <siri:DataFrameRef>?</siri:DataFrameRef>
                     <siri:DatedVehicleJourneyRef>?</siri:DatedVehicleJourneyRef>
                  </siri:FramedVehicleJourneyRef>
                  <siri:VehicleJourneyRef>?</siri:VehicleJourneyRef>
                  <!--Optional:-->
                  <siri:InterchangeRef>?</siri:InterchangeRef>
                  <!--Optional:-->
                  <siri:VehicleRef>?</siri:VehicleRef>
                  <!--Optional:-->
                  <siri:CountryRef>?</siri:CountryRef>
                  <!--Optional:-->
                  <siri:PlaceRef>?</siri:PlaceRef>
                  <!--0 to 2 repetitions:-->
                  <siri:Location id="?" srsName="?">
                     <!--You have a CHOICE of the next 2 items at this level-->
                     <siri:Longitude>?</siri:Longitude>
                     <siri:Latitude>?</siri:Latitude>
                     <siri:Coordinates>?</siri:Coordinates>
                     <!--Optional:-->
                     <siri:Precision>?</siri:Precision>
                  </siri:Location>
                  <!--Optional:-->
                  <siri:SituationRoadFilter>
                     <!--1 or more repetitions:-->
                     <siri:RoadFilter>
                        <!--Optional:-->
                        <siri:roadNumber>?</siri:roadNumber>
                        <!--Optional:-->
                        <siri:directionBound>?</siri:directionBound>
                        <!--Optional:-->
                        <siri:referencePointIdentifier>?</siri:referencePointIdentifier>
                     </siri:RoadFilter>
                  </siri:SituationRoadFilter>
                  <!--Zero or more repetitions:-->
                  <siri:AccessibilityNeedFilter>
                     <!--Zero or more repetitions:-->
                     <acsb:UserNeed>
                        <!--You have a CHOICE of the next 4 items at this level-->
                        <acsb:MobilityNeed>?</acsb:MobilityNeed>
                        <acsb:PsychosensoryNeed>?</acsb:PsychosensoryNeed>
                        <acsb:MedicalNeed>?</acsb:MedicalNeed>
                        <acsb:EncumbranceNeed>?</acsb:EncumbranceNeed>
                        <!--Optional:-->
                        <acsb:Excluded>?</acsb:Excluded>
                        <!--Optional:-->
                        <acsb:NeedRanking>?</acsb:NeedRanking>
                        <!--Optional:-->
                        <acsb:Extensions>?</acsb:Extensions>
                     </acsb:UserNeed>
                     <!--Optional:-->
                     <acsb:AccompaniedByCarer>?</acsb:AccompaniedByCarer>
                  </siri:AccessibilityNeedFilter>
                  <!--Optional:-->
                  <siri:Language>en</siri:Language>
                  <!--Optional:-->
                  <siri:IncludeTranslations>?</siri:IncludeTranslations>
                  <!--Optional:-->
                  <siri:MaximumNumberOfSituationElements>?</siri:MaximumNumberOfSituationElements>
                  <!--Optional:-->
                  <siri:Extensions>
                     <!--You may enter ANY elements at this point-->
                  </siri:Extensions>
               </siri:SituationExchangeRequest>
               <!--Optional:-->
               <siri:IncrementalUpdates>false</siri:IncrementalUpdates>
               <!--Optional:-->
               <siri:Extensions>
                  <!--You may enter ANY elements at this point-->
               </siri:Extensions>
            </siri:SituationExchangeSubscriptionRequest>
         </Request>
         <RequestExtension>
            <!--You may enter ANY elements at this point-->
         </RequestExtension>
      </wsdl:Subscribe>
   </soapenv:Body>
</soapenv:Envelope>]]></con:request><con:wsaConfig mustUnderstand="NONE" version="200508" action="Subscribe"/></con:call></con:operation></con:interface><con:mockService port="8080" path="/test626Producer1" host="localhost" name="test626Producer" bindToHostOnly="false" docroot=""><con:settings><con:setting id="com.eviware.soapui.impl.wsdl.mock.WsdlMockService@require-soap-action">false</con:setting></con:settings><con:mockOperation name="GetSiriService" interface="SiriProducerRpcBinding" operation="GetSiriService"><con:settings/><con:dispatchStyle>SEQUENCE</con:dispatchStyle><con:defaultResponse>Response 1</con:defaultResponse><con:response name="Response 1" encoding="UTF-8" httpResponseStatus="200"><con:settings/><con:script><![CDATA[// create XmlHolder for request content
def holder = new com.eviware.soapui.support.XmlHolder(
mockRequest.requestContent )
def fournisseur = "SNCF-ACCES"
// define namespace
holder.namespaces["siri"] = "http://www.siri.org.uk/siri"
// récupération de l'id message de la request
requestContext.idMessage = holder["//siri:MessageIdentifier"][0]
requestContext.monitoringRef1 = holder["//siri:MonitoringRef"][0]
requestContext.version = holder["//Request/@version"].toString()
 
// identifiant utilisé (en coherence avec le dataset redis)
requestContext.producerRef="SNCF-ACCES"
requestContext.recordedAtTime =
javax.xml.datatype.DatatypeFactory.newInstance().newXMLGregorianCalendar(GregorianCalendar.getInstance())
requestContext.lineRef="STIF:Line::C00040:"
requestContext.dataFrameRef="any"
requestContext.datedVehicleJourneyRef=fournisseur+":VehicleJourney::1:LOC"
requestContext.journeyPatternRef=fournisseur+":JourneyPattern::1:LOC"
requestContext.journeyPatternName="mission1"
requestContext.publishedLineName="N"
requestContext.routeRef=fournisseur+":Route::1:LOC"
requestContext.directionName="Rambouillet"
requestContext.operatorRef=fournisseur+":Operator::SNCF:"
requestContext.originRef="STIF:StopPoint:Q:108935:"
requestContext.originName="Arrêt 1"
requestContext.placeRef="STIF:StopPoint:Q:108943:"
requestContext.placeName="Arrêt 5"
requestContext.destinationRef="STIF:StopPoint:Q:108949:"
requestContext.destinationName="Arrêt 10"
requestContext.vehicleJourneyName="Course 1"
// heure de départ au 1er arrêt et dernier arrêt de la course
def heureDepartCourse = getHeureSuivante(1)
requestContext.originAimedDepartureTime=heureDepartCourse.toXMLFormat();
requestContext.destinationAimedArrivalTime=getAvecMinuteSeconde(heureDepartCourse,20,0)
// Passage 1 / Arrêt 1
requestContext.itemIdenfier1=fournisseur+":Item::1:LOC"
//MonitoredCall
requestContext.stopPointRef1=requestContext.monitoringRef1
requestContext.stopPointName1="Arrêt 1"
 
// passage 2 / Arrêt 1
requestContext.itemIdenfier2=fournisseur+":Item::2:LOC"
 
// Passage 3 / arrêt 2
requestContext.monitoringRef2 = holder["//siri:MonitoringRef"][1]
requestContext.stopPointRef2=requestContext.monitoringRef2
requestContext.stopPointName2="Arrêt 2"
requestContext.itemIdenfier3=fournisseur+":Item::3:LOC"
//MonitoredCall
 
// passage 4 / arrêt 2
requestContext.itemIdenfier4=fournisseur+":Item::4:LOC"
 
 
if (holder["//siri:MonitoringRef"].size() == 3){
 
// StopMonitoringDelivery pour le 3ème arrêt
requestContext.monitoringRef3 = holder["//siri:MonitoringRef"][2]
requestContext.itemIdenfier5=fournisseur+":Item::5:LOC"
def itemIdenfier5=fournisseur+":Item::6:LOC"
requestContext.stopPointRef3=requestContext.monitoringRef3
 
 
def structure = StringBuilder.newInstance()
 
 
    structure.append "<siri:StopMonitoringDeliveryversion='2.0:FR-IDF-2.4'>"
    structure.append"<siri:ResponseTimestamp>javax.xml.datatype.DatatypeFactory.newInstance().newXMLGregorianCalendar(GregorianCalendar.getInstance())</siri:ResponseTimestamp>"
    structure.append"<siri:RequestMessageRef>RELAIS:Message::2b41d859-3002-479d-8561-76522a996c10:LOC</siri:RequestMessageRef>"
    structure.append "<siri:Status>true</siri:Status>"
 
    structure.append"<siri:MonitoringRef>"+holder["//siri:MonitoringRef"][2]+"</siri:MonitoringRef>"
    structure.append "<siri:MonitoredStopVisit>"
    structure.append"<siri:RecordedAtTime>javax.xml.datatype.DatatypeFactory.newInstance().newXMLGregorianCalendar(GregorianCalendar.getInstance())</siri:RecordedAtTime>"
    structure.append"<siri:ItemIdentifier>"+itemIdenfier5+"</siri:ItemIdentifier>"
    structure.append"<siri:MonitoringRef>"+holder["//siri:MonitoringRef"][2]+"</siri:MonitoringRef>"
    structure.append "<siri:MonitoredVehicleJourney>"
    structure.append"<siri:LineRef>"+requestContext.lineRef+"</siri:LineRef>"
    structure.append "<siri:FramedVehicleJourneyRef>"
    structure.append"<siri:DataFrameRef>"+requestContext.dataFrameRef+"</siri:DataFrameRef>"
    structure.append"<siri:DatedVehicleJourneyRef>"+requestContext.datedVehicleJourneyRef+"</siri:DatedVehicleJourneyRef>"
    structure.append "</siri:FramedVehicleJourneyRef>"
    structure.append"<siri:JourneyPatternRef>"+requestContext.journeyPatternRef+"</siri:JourneyPatternRef>"
    structure.append"<siri:JourneyPatternName>"+requestContext.journeyPatternName+"</siri:JourneyPatternName>"
    structure.append "<siri:VehicleMode>rail</siri:VehicleMode>"
    structure.append"<siri:RouteRef>"+requestContext.routeRef+"</siri:RouteRef>"
    structure.append"<siri:PublishedLineName>"+requestContext.publishedLineName+"</siri:PublishedLineName>"
    structure.append"<siri:DirectionName>"+requestContext.directionName+"</siri:DirectionName>"
    structure.append"<siri:OperatorRef>"+requestContext.operatorRef+"</siri:OperatorRef>"
    structure.append"<siri:ProductCategoryRef>categorie1</siri:ProductCategoryRef>"
    structure.append "<siri:ServiceFeatureRef>trainvoyageurs</siri:ServiceFeatureRef>"
    structure.append"<siri:VehicleFeatureRef>longTrain</siri:VehicleFeatureRef>"
    structure.append"<siri:OriginRef>"+requestContext.originRef+"</siri:OriginRef>"
    structure.append"<siri:OriginName>"+requestContext.originName+"</siri:OriginName>"
    structure.append "<siri:Via>"
    structure.append"<siri:PlaceRef>"+requestContext.placeRef+"</siri:PlaceRef>"
    structure.append"<siri:PlaceName>"+requestContext.placeName+"</siri:PlaceName>"
    structure.append "</siri:Via>"
    structure.append"<siri:DestinationRef>"+requestContext.destinationRef+"</siri:DestinationRef>"
    structure.append"<siri:DestinationName>"+requestContext.destinationName+"</siri:DestinationName>"
    structure.append"<siri:VehicleJourneyName>"+requestContext.vehicleJourneyName+"</siri:VehicleJourneyName>"
    structure.append "<siri:JourneyNote>ceci est une description de course</siri:JourneyNote>"
    structure.append "<siri:HeadwayService>false</siri:HeadwayService>"
    structure.append"<siri:OriginAimedDepartureTime>"+requestContext.originAimedDepartureTime+"</siri:OriginAimedDepartureTime>"
    structure.append"<siri:DestinationAimedArrivalTime>"+requestContext.destinationAimedArrivalTime+"</siri:DestinationAimedArrivalTime>"
    structure.append"<siri:FirstOrLastJourney>unspecified</siri:FirstOrLastJourney>"
    structure.append "<siri:Monitored>true</siri:Monitored>"
    structure.append "<siri:InCongestion>false</siri:InCongestion>"
    structure.append "<siri:InPanic>false</siri:InPanic>"
    structure.append "<siri:VehicleLocation id='1' srsName='1'>"
    structure.append "<siri:Longitude>2.227435</siri:Longitude>"
    structure.append "<siri:Latitude>48.785067</siri:Latitude>"
    structure.append "<siri:Coordinates>N 48 47.107, E 213.662</siri:Coordinates>"
    structure.append "<siri:Precision>1</siri:Precision>"
    structure.append "</siri:VehicleLocation>"
    structure.append "<siri:Bearing>1</siri:Bearing>"
    structure.append "<siri:Occupancy>full</siri:Occupancy>"
    structure.append "<siri:Delay>PT1M</siri:Delay>"
    structure.append "<siri:TrainNumbers>"
    structure.append "<siri:TrainNumberRef>5918</siri:TrainNumberRef>"
    structure.append "</siri:TrainNumbers>"
 
    structure.append "<siri:JourneyParts>"
    structure.append "<siri:JourneyPartInfo>"
    structure.append "<siri:JourneyPartRef>5409</siri:JourneyPartRef>"
    structure.append "<siri:TrainNumberRef>5928:1</siri:TrainNumberRef>"
    structure.append"<siri:OperatorRef>"+requestContext.operatorRef+"</siri:OperatorRef>"
    structure.append "</siri:JourneyPartInfo>"
    structure.append "</siri:JourneyParts>"
 
    structure.append "<siri:MonitoredCall>"
    structure.append"<siri:StopPointRef>"+requestContext.stopPointRef3+"</siri:StopPointRef>"
    structure.append "<siri:Order>1</siri:Order> "
    structure.append"<siri:StopPointName>"+requestContext.stopPointName2+"</siri:StopPointName>"
    structure.append "<siri:VehicleAtStop>false</siri:VehicleAtStop>"
    structure.append"<siri:PlatformTraversal>false</siri:PlatformTraversal>"
    structure.append"<siri:DestinationDisplay>"+requestContext.destinationName+"</siri:DestinationDisplay>"
    structure.append"<siri:AimedArrivalTime>2015-12-30T03:00:00.000Z</siri:AimedArrivalTime>"
    structure.append"<siri:ActualArrivalTime>2015-12-30T03:00:00.000Z</siri:ActualArrivalTime>"
    structure.append"<siri:ExpectedArrivalTime>2015-12-30T03:00:00.000Z</siri:ExpectedArrivalTime>"
    structure.append "<siri:ArrivalStatus>onTime</siri:ArrivalStatus>"
    structure.append "<siri:ArrivalProximityText>à l'approche</siri:ArrivalProximityText>"
    structure.append "<siri:ArrivalPlatformName>quai 1</siri:ArrivalPlatformName>"
    structure.append "<siri:ArrivalStopAssignment>"
    structure.append "<siri:AimedQuayName>voie 2</siri:AimedQuayName>"
    structure.append "</siri:ArrivalStopAssignment>"
    structure.append"<siri:AimedDepartureTime>2018-04-30T03:00:00.000Z</siri:AimedDepartureTime>"
    structure.append"<siri:ActualDepartureTime>2019-04-30T03:00:00.000Z</siri:ActualDepartureTime>"
    structure.append"<siri:ExpectedDepartureTime>2016-04-30T03:00:00.000Z</siri:ExpectedDepartureTime>"
    structure.append "<siri:DepartureStatus>onTime</siri:DepartureStatus>"
    structure.append "<siri:DeparturePlatformName>quai 1</siri:DeparturePlatformName>"
    structure.append"<siri:DepartureBoardingActivity>boarding</siri:DepartureBoardingActivity>"
    structure.append"<siri:AimedHeadwayInterval>PT1M</siri:AimedHeadwayInterval>"
    structure.append"<siri:ExpectedHeadwayInterval>PT1M</siri:ExpectedHeadwayInterval>"
    structure.append "<siri:DistanceFromStop>2300</siri:DistanceFromStop>"
    structure.append "<siri:NumberOfStopsAway>3</siri:NumberOfStopsAway>"
    structure.append "</siri:MonitoredCall>"
    structure.append "</siri:MonitoredVehicleJourney>"
    structure.append "</siri:MonitoredStopVisit>"
 
 
    structure.append "<siri:MonitoredStopVisit>"
    structure.append"<siri:RecordedAtTime>"+requestContext.recordedAtTime+"</siri:RecordedAtTime>"
    structure.append"<siri:ItemIdentifier>"+requestContext.itemIdenfier6+"</siri:ItemIdentifier>"
    structure.append"<siri:MonitoringRef>"+requestContext.monitoringRef3+"</siri:MonitoringRef>"
    structure.append "<siri:MonitoredVehicleJourney>"
    structure.append"<siri:LineRef>"+requestContext.lineRef+"</siri:LineRef>"
 
    structure.append "<siri:FramedVehicleJourneyRef>"
    structure.append"<siri:DataFrameRef>"+requestContext.dataFrameRef+"</siri:DataFrameRef>"
    structure.append"<siri:DatedVehicleJourneyRef>"+requestContext.datedVehicleJourneyRef+"</siri:DatedVehicleJourneyRef>"
    structure.append "</siri:FramedVehicleJourneyRef>"
 
    structure.append"<siri:JourneyPatternRef>"+requestContext.journeyPatternRef+"</siri:JourneyPatternRef>"
    structure.append"<siri:JourneyPatternName>mission2</siri:JourneyPatternName>"
    structure.append "<siri:VehicleMode>rail</siri:VehicleMode>"
    structure.append"<siri:RouteRef>"+requestContext.routeRef+"</siri:RouteRef>"
    structure.append "<siri:PublishedLineName>N</siri:PublishedLineName>"
    structure.append "<siri:DirectionName>Rambouillet</siri:DirectionName>"
 
 
    structure.append"<siri:OperatorRef>"+requestContext.operatorRef+"</siri:OperatorRef>"
    structure.append"<siri:ProductCategoryRef>categorie2</siri:ProductCategoryRef>"
    structure.append "<siri:ServiceFeatureRef>train voyageurs</siri:ServiceFeatureRef>"
    structure.append "<siri:VehicleFeatureRef>longTrain</siri:VehicleFeatureRef>"
    structure.append "<siri:OriginRef>"+requestContext.originRef+"</siri:OriginRef>"
    structure.append "<siri:OriginName>"+requestContext.originName+"</siri:OriginName>"
    structure.append "<siri:Via>"
    structure.append "<siri:PlaceRef>"+requestContext.placeRef+"</siri:PlaceRef>"
    structure.append "<siri:PlaceName>"+requestContext.placeName+"</siri:PlaceName>"
    structure.append "</siri:Via>"
    structure.append "<siri:DestinationRef>"+requestContext.destinationRef+"</siri:DestinationRef>"
    structure.append "<siri:DestinationName>"+requestContext.destinationName+"</siri:DestinationName>"
    structure.append "<siri:VehicleJourneyName>"+requestContext.vehicleJourneyName+"</siri:VehicleJourneyName>"
    structure.append "<siri:JourneyNote>ceci est une description de course 2</siri:JourneyNote>"
    structure.append "<siri:HeadwayService>false</siri:HeadwayService>"
    structure.append "<siri:OriginAimedDepartureTime>"+requestContext.originAimedDepartureTime+"</siri:OriginAimedDepartureTime>"
    structure.append "<siri:DestinationAimedArrivalTime>"+requestContext.destinationAimedArrivalTime+"</siri:DestinationAimedArrivalTime>"
    structure.append "<siri:FirstOrLastJourney>unspecified</siri:FirstOrLastJourney>"
 
    structure.append "<siri:Monitored>true</siri:Monitored>"
 
    structure.append "<siri:InCongestion>false</siri:InCongestion>"
    structure.append "<siri:InPanic>false</siri:InPanic>"
    structure.append "<siri:VehicleLocation id='1' srsName='1'>"
    structure.append "<siri:Longitude>2.227435</siri:Longitude>"
    structure.append "<siri:Latitude>48.785067</siri:Latitude>"
    structure.append "<siri:Coordinates>N 48 47.107, E 213.662</siri:Coordinates>"
    structure.append "<siri:Precision>1</siri:Precision>"
    structure.append "</siri:VehicleLocation>"
    structure.append "<siri:Bearing>1</siri:Bearing>"
    structure.append "<siri:Occupancy>full</siri:Occupancy>"
    structure.append "<siri:Delay>PT1M</siri:Delay>"
    structure.append "<siri:TrainNumbers>"
    structure.append "<siri:TrainNumberRef>5918</siri:TrainNumberRef>"
    structure.append "</siri:TrainNumbers>"
 
    structure.append "<siri:JourneyParts>"
    structure.append "<siri:JourneyPartInfo>"
    structure.append "<siri:JourneyPartRef>5409</siri:JourneyPartRef>"
    structure.append "<siri:TrainNumberRef>5928:1</siri:TrainNumberRef>"
    structure.append "<siri:OperatorRef>"+requestContext.operatorRef+"</siri:OperatorRef>"
    structure.append "</siri:JourneyPartInfo>"
    structure.append "</siri:JourneyParts>"
 
    structure.append "<siri:MonitoredCall>"
    structure.append "<siri:StopPointRef>"+requestContext.stopPointRef3+"</siri:StopPointRef>"
    structure.append "<siri:Order>1</siri:Order>"
    structure.append "<siri:StopPointName>"+requestContext.stopPointName2+"</siri:StopPointName>"
    structure.append "<siri:VehicleAtStop>false</siri:VehicleAtStop>"
    structure.append "<siri:PlatformTraversal>false</siri:PlatformTraversal>"
    structure.append "<siri:DestinationDisplay>"+requestContext.destinationName+"</siri:DestinationDisplay>"
    structure.append "<siri:AimedArrivalTime>2020-04-30T04:00:00.000Z</siri:AimedArrivalTime>"
    structure.append "<siri:ActualArrivalTime>2020-04-30T04:00:00.000Z</siri:ActualArrivalTime>"
    structure.append "<siri:ExpectedArrivalTime>2020-04-30T04:00:00.000Z</siri:ExpectedArrivalTime>"
    structure.append "<siri:ArrivalStatus>onTime</siri:ArrivalStatus>"
    structure.append "<siri:ArrivalProximityText>à l'approche</siri:ArrivalProximityText>"
    structure.append "<siri:ArrivalPlatformName>quai 1</siri:ArrivalPlatformName>"
    structure.append "<siri:ArrivalStopAssignment>"
    structure.append "<siri:AimedQuayName>voie 2</siri:AimedQuayName>"
    structure.append "</siri:ArrivalStopAssignment>"
    structure.append "<siri:AimedDepartureTime>2020-04-30T04:00:00.000Z</siri:AimedDepartureTime>"
    structure.append "<siri:ActualDepartureTime>2020-04-30T04:00:00.000Z</siri:ActualDepartureTime>"
    structure.append "<siri:ExpectedDepartureTime>2020-04-30T04:00:00.000Z</siri:ExpectedDepartureTime>"
    structure.append "<siri:DepartureStatus>onTime</siri:DepartureStatus>"
    structure.append "<siri:DeparturePlatformName>quai 1</siri:DeparturePlatformName>"
    structure.append "<siri:DepartureBoardingActivity>boarding</siri:DepartureBoardingActivity>"
    structure.append "<siri:AimedHeadwayInterval>PT1M</siri:AimedHeadwayInterval>"
    structure.append "<siri:ExpectedHeadwayInterval>PT1M</siri:ExpectedHeadwayInterval>"
    structure.append "<siri:DistanceFromStop>2300</siri:DistanceFromStop>"
    structure.append "<siri:NumberOfStopsAway>3</siri:NumberOfStopsAway>"
    structure.append "</siri:MonitoredCall>"
    structure.append "</siri:MonitoredVehicleJourney>"
    structure.append "</siri:MonitoredStopVisit>"
    structure.append "</siri:StopMonitoringDelivery>"
 
    requestContext.Structure = structure.toString()
 
 
}
 
// Methodes utilitaires DATE
// Methode Date permettant d'avoir l'heure courante + heure
def getHeureSuivante(int heure){
     def calendar = Calendar.getInstance();
     calendar.add(Calendar.HOUR,heure);
     calendar.set(Calendar.MINUTE, 0);
     calendar.set(Calendar.SECOND, 0);
     calendar.set(Calendar.MILLISECOND, 0);
     def heureSuivante =
javax.xml.datatype.DatatypeFactory.newInstance().newXMLGregorianCalendar(calendar);
     return heureSuivante;
}
 
// Methode permettant de setter les minites et secondes sur l'heure passée
def getAvecMinuteSeconde(javax.xml.datatype.XMLGregorianCalendar
xmlCalendar, int minute, int seconde){
     Calendar calendar = xmlCalendar.toGregorianCalendar();
     calendar.set(Calendar.MINUTE, minute);
     calendar.set(Calendar.SECOND, seconde);
     def date =
javax.xml.datatype.DatatypeFactory.newInstance().newXMLGregorianCalendar(calendar);
     return date;
 
}]]></con:script><con:responseContent><![CDATA[<soapenv:Envelope xmlns:soapenv="http://schemas.xmlsoap.org/soap/envelope/" xmlns:wsdl="http://wsdl.siri.org.uk" xmlns:siri="http://www.siri.org.uk/siri" xmlns:acsb="http://www.ifopt.org.uk/acsb" xmlns:ifop="http://www.ifopt.org.uk/ifopt" xmlns:_0="http://datex2.eu/schema/2_0RC1/2_0">
   <soapenv:Header/>
   <soapenv:Body>
      <wsdl:GetSiriServiceResponse>
         <Answer srsName="1">
            <siri:ResponseTimestamp>${=javax.xml.datatype.DatatypeFactory.newInstance().newXMLGregorianCalendar(GregorianCalendar.getInstance())}</siri:ResponseTimestamp>
            <!--Optional:-->
            <siri:ProducerRef>${producerRef}</siri:ProducerRef>
            <siri:ResponseMessageIdentifier>SNCF-ACCES:ResponseMessage::1:LOC</siri:ResponseMessageIdentifier>
            <!--Optional:-->
            <siri:RequestMessageRef>${idMessage}</siri:RequestMessageRef>
            <!--Optional:-->
            <siri:Status>true</siri:Status>
            <!--Optional:-->
            <siri:MoreData>false</siri:MoreData>
            <!--1er Delivery du 1er arrêt :-->
            <siri:StopMonitoringDelivery version="2.0:FR-IDF-2.4">
               <siri:ResponseTimestamp>${recordedAtTime}</siri:ResponseTimestamp>
               <siri:RequestMessageRef>${idMessage}</siri:RequestMessageRef>
               <siri:Status>true</siri:Status>
               
               <siri:MonitoringRef>${monitoringRef1}</siri:MonitoringRef>
               <!-- 1 er passage du 1er arrêt-->
               <siri:MonitoredStopVisit>
                  <siri:RecordedAtTime>${recordedAtTime}</siri:RecordedAtTime>
                  <siri:ItemIdentifier>${itemIdenfier1}</siri:ItemIdentifier>
                  <siri:MonitoringRef>${monitoringRef1}</siri:MonitoringRef>
                  <siri:MonitoredVehicleJourney>
                     <siri:LineRef>${lineRef}</siri:LineRef>
                      <!-- FramedVehicleJourneyRef -->
                     <siri:FramedVehicleJourneyRef>
                        <siri:DataFrameRef>${dataFrameRef}</siri:DataFrameRef>
                        <siri:DatedVehicleJourneyRef>${datedVehicleJourneyRef}</siri:DatedVehicleJourneyRef>
                     </siri:FramedVehicleJourneyRef>
                     <!-- JourneyPatternInfoGroup -->
                     <siri:JourneyPatternRef>${journeyPatternRef}</siri:JourneyPatternRef>
                     <siri:JourneyPatternName>${journeyPatternName}</siri:JourneyPatternName>
                     <siri:VehicleMode>rail</siri:VehicleMode>
                     <siri:RouteRef>${routeRef}</siri:RouteRef>
                     <siri:PublishedLineName>${publishedLineName}</siri:PublishedLineName>
                     <siri:DirectionName>${directionName}</siri:DirectionName>
                     <!-- VehicleJourneyInfo-->
                     <!-- ServiceInfo-->
                     <siri:OperatorRef>${operatorRef}</siri:OperatorRef>
                     <siri:ProductCategoryRef>categorie</siri:ProductCategoryRef>
                     <siri:ServiceFeatureRef>train voyageurs</siri:ServiceFeatureRef>
                     <siri:VehicleFeatureRef>longTrain</siri:VehicleFeatureRef>
                     <siri:OriginRef>${originRef}</siri:OriginRef>
                     <siri:OriginName>${originName}</siri:OriginName>
                     <siri:Via> 
                        <siri:PlaceRef>${placeRef}</siri:PlaceRef>
                        <siri:PlaceName>${placeName}</siri:PlaceName>
                     </siri:Via>
                     <siri:DestinationRef>${destinationRef}</siri:DestinationRef>
                     <siri:DestinationName>${destinationName}</siri:DestinationName>
                     <siri:VehicleJourneyName>${vehicleJourneyName}</siri:VehicleJourneyName>
                     <siri:JourneyNote>ceci est une description de course</siri:JourneyNote>
                     <siri:HeadwayService>false</siri:HeadwayService>
                     <siri:OriginAimedDepartureTime>${originAimedDepartureTime}</siri:OriginAimedDepartureTime>
                     <siri:DestinationAimedArrivalTime>${destinationAimedArrivalTime}</siri:DestinationAimedArrivalTime>
                     <siri:FirstOrLastJourney>unspecified</siri:FirstOrLastJourney>
                     <!--JourneyProgressInfo:-->
                     <siri:Monitored>true</siri:Monitored>
                     <!--<siri:MonitoringError></siri:MonitoringError>-->
                     <siri:InCongestion>false</siri:InCongestion>
                     <siri:InPanic>false</siri:InPanic>
                     <siri:VehicleLocation id="1" srsName="1">
                        <siri:Longitude>2.227435</siri:Longitude>
                        <siri:Latitude>48.785067</siri:Latitude>
                        <siri:Coordinates>N 48 47.107, E 2 13.662</siri:Coordinates>
                        <siri:Precision>1</siri:Precision>
                     </siri:VehicleLocation>
                     <siri:Bearing>1</siri:Bearing>
                     <siri:Occupancy>full</siri:Occupancy>
                     <siri:Delay>PT1M</siri:Delay>
                     <siri:TrainNumbers>
                        <siri:TrainNumberRef>5918</siri:TrainNumberRef>
                     </siri:TrainNumbers>
                     <!-- JourneyParts:-->
                     <siri:JourneyParts>
                        <siri:JourneyPartInfo>
                           <siri:JourneyPartRef>5409</siri:JourneyPartRef>
                           <siri:TrainNumberRef>5928:1</siri:TrainNumberRef>
                           <siri:OperatorRef>${operatorRef1}</siri:OperatorRef>
                        </siri:JourneyPartInfo>
                     </siri:JourneyParts>
                     <!-- MonitoredCall 1er passage du 1er arrêt-->
                     <siri:MonitoredCall>
                        <siri:StopPointRef>${stopPointRef1}</siri:StopPointRef>
                        <siri:Order>1</siri:Order> 
                        <siri:StopPointName>${stopPointName1}</siri:StopPointName>
                        <siri:VehicleAtStop>false</siri:VehicleAtStop>
                        <siri:PlatformTraversal>false</siri:PlatformTraversal>
                        <siri:DestinationDisplay>${destinationName}</siri:DestinationDisplay>
                        <siri:AimedArrivalTime>2015-04-30T01:00:00.000Z</siri:AimedArrivalTime>
                        <siri:ActualArrivalTime>2015-04-30T01:00:00.000Z</siri:ActualArrivalTime>
                        <siri:ExpectedArrivalTime>2015-04-30T01:00:00.000Z</siri:ExpectedArrivalTime>
                        <siri:ArrivalStatus>onTime</siri:ArrivalStatus>
                        <siri:ArrivalProximityText>à l'approche</siri:ArrivalProximityText>
                        <siri:ArrivalPlatformName>quai 1</siri:ArrivalPlatformName>
                        <siri:ArrivalStopAssignment>
                           <siri:AimedQuayName>voie 2</siri:AimedQuayName>
                        </siri:ArrivalStopAssignment>
                        <siri:AimedDepartureTime>2015-04-30T01:00:00.000Z</siri:AimedDepartureTime>
                        <siri:ActualDepartureTime>2015-04-30T01:00:00.000Z</siri:ActualDepartureTime>
                        <siri:ExpectedDepartureTime>2015-04-30T01:00:00.000Z</siri:ExpectedDepartureTime>
                        <siri:DepartureStatus>onTime</siri:DepartureStatus>
                        <siri:DeparturePlatformName>quai 1</siri:DeparturePlatformName>
                        <siri:DepartureBoardingActivity>boarding</siri:DepartureBoardingActivity>
                        <siri:AimedHeadwayInterval>PT1M</siri:AimedHeadwayInterval>
                        <siri:ExpectedHeadwayInterval>PT1M</siri:ExpectedHeadwayInterval>
                        <siri:DistanceFromStop>2300</siri:DistanceFromStop>
                        <siri:NumberOfStopsAway>3</siri:NumberOfStopsAway>
                     </siri:MonitoredCall>
                  </siri:MonitoredVehicleJourney>
               </siri:MonitoredStopVisit>
               
                <!-- 2ème passage du 1er arrêt-->
               <siri:MonitoredStopVisit>
                  <siri:RecordedAtTime>${recordedAtTime}</siri:RecordedAtTime>
                  <siri:ItemIdentifier>${itemIdenfier2}</siri:ItemIdentifier>
                  <siri:MonitoringRef>${monitoringRef1}</siri:MonitoringRef>
                  <siri:MonitoredVehicleJourney>
                     <siri:LineRef>${lineRef}</siri:LineRef>
                      <!-- FramedVehicleJourneyRef -->
                     <siri:FramedVehicleJourneyRef>
                        <siri:DataFrameRef>${dataFrameRef}</siri:DataFrameRef>
                        <siri:DatedVehicleJourneyRef>${datedVehicleJourneyRef}</siri:DatedVehicleJourneyRef>
                     </siri:FramedVehicleJourneyRef>
                     <!-- JourneyPatternInfoGroup -->
                     <siri:JourneyPatternRef>${journeyPatternRef}</siri:JourneyPatternRef>
                     <siri:JourneyPatternName>mission2</siri:JourneyPatternName>
                     <siri:VehicleMode>rail</siri:VehicleMode>
                     <siri:RouteRef>${routeRef}</siri:RouteRef>
                     <siri:PublishedLineName>N</siri:PublishedLineName>
                     <siri:DirectionName>Rambouillet</siri:DirectionName>
                     <!-- VehicleJourneyInfo-->
                      <!-- ServiceInfo-->
                     <siri:OperatorRef>${operatorRef}</siri:OperatorRef>
                     <siri:ProductCategoryRef>categorie2</siri:ProductCategoryRef>
                     <siri:ServiceFeatureRef>train voyageurs</siri:ServiceFeatureRef>
                     <siri:VehicleFeatureRef>longTrain</siri:VehicleFeatureRef>
                     <siri:OriginRef>${originRef}</siri:OriginRef>
                     <siri:OriginName>${originName}</siri:OriginName>
                     <siri:Via> 
                        <siri:PlaceRef>${placeRef}</siri:PlaceRef>
                        <siri:PlaceName>${placeName}</siri:PlaceName>
                     </siri:Via>
                     <siri:DestinationRef>${destinationRef}</siri:DestinationRef>
                     <siri:DestinationName>${destinationName}</siri:DestinationName>
                     <siri:VehicleJourneyName>${vehicleJourneyName}</siri:VehicleJourneyName>
                     <siri:JourneyNote>ceci est une description de course 2</siri:JourneyNote>
                     <siri:HeadwayService>false</siri:HeadwayService>
                     <siri:OriginAimedDepartureTime>${originAimedDepartureTime}</siri:OriginAimedDepartureTime>
                     <siri:DestinationAimedArrivalTime>${destinationAimedArrivalTime}</siri:DestinationAimedArrivalTime>
                     <siri:FirstOrLastJourney>unspecified</siri:FirstOrLastJourney>
                     <!--JourneyProgressInfo:-->
                     <siri:Monitored>true</siri:Monitored>
                     <!--<siri:MonitoringError></siri:MonitoringError>-->
                     <siri:InCongestion>false</siri:InCongestion>
                     <siri:InPanic>false</siri:InPanic>
                     <siri:VehicleLocation id="1" srsName="1">
                        <siri:Longitude>2.227435</siri:Longitude>
                        <siri:Latitude>48.785067</siri:Latitude>
                        <siri:Coordinates>N 48 47.107, E 2 13.662</siri:Coordinates>
                        <siri:Precision>1</siri:Precision>
                     </siri:VehicleLocation>
                     <siri:Bearing>1</siri:Bearing>
                     <siri:Occupancy>full</siri:Occupancy>
                     <siri:Delay>PT1M</siri:Delay>
                     <siri:TrainNumbers>
                        <siri:TrainNumberRef>5918</siri:TrainNumberRef>
                     </siri:TrainNumbers>
                     <!-- JourneyParts:-->
                     <siri:JourneyParts>
                        <siri:JourneyPartInfo>
                           <siri:JourneyPartRef>5409</siri:JourneyPartRef>
                           <siri:TrainNumberRef>5928:1</siri:TrainNumberRef>
                           <siri:OperatorRef>${operatorRef}</siri:OperatorRef>
                        </siri:JourneyPartInfo>
                     </siri:JourneyParts>
                     <!--  MonitoredCall 2ème passage du 1er arrêt -->
                     <siri:MonitoredCall>
                        <siri:StopPointRef>${stopPointRef1}</siri:StopPointRef>
                        <siri:Order>1</siri:Order> 
                        <siri:StopPointName>${stopPointName1}</siri:StopPointName>
                        <siri:VehicleAtStop>false</siri:VehicleAtStop>
                        <siri:PlatformTraversal>false</siri:PlatformTraversal>
                        <siri:DestinationDisplay>2014-04-30T02:00:00.000Z</siri:DestinationDisplay>
                        <siri:AimedArrivalTime>2015-04-30T02:00:00.000Z</siri:AimedArrivalTime>
                        <siri:ActualArrivalTime>2015-04-30T02:00:00.000Z</siri:ActualArrivalTime>
                        <siri:ExpectedArrivalTime>2015-04-30T02:00:00.000Z</siri:ExpectedArrivalTime>
                        <siri:ArrivalStatus>onTime</siri:ArrivalStatus>
                        <siri:ArrivalProximityText>à l'approche</siri:ArrivalProximityText>
                        <siri:ArrivalPlatformName>quai 1</siri:ArrivalPlatformName>
                        <siri:ArrivalStopAssignment>
                           <siri:AimedQuayName>voie 2</siri:AimedQuayName>
                        </siri:ArrivalStopAssignment>
                        <siri:AimedDepartureTime>2015-04-30T02:00:00.000Z</siri:AimedDepartureTime>
                        <siri:ActualDepartureTime>2015-04-30T02:00:00.000Z</siri:ActualDepartureTime>
                        <siri:ExpectedDepartureTime>2015-04-30T02:00:00.000Z</siri:ExpectedDepartureTime>
                        <siri:DepartureStatus>onTime</siri:DepartureStatus>
                        <siri:DeparturePlatformName>quai 1</siri:DeparturePlatformName>
                        <siri:DepartureBoardingActivity>boarding</siri:DepartureBoardingActivity>
                        <siri:AimedHeadwayInterval>PT1M</siri:AimedHeadwayInterval>
                        <siri:ExpectedHeadwayInterval>PT1M</siri:ExpectedHeadwayInterval>
                        <siri:DistanceFromStop>2300</siri:DistanceFromStop>
                        <siri:NumberOfStopsAway>3</siri:NumberOfStopsAway>
                     </siri:MonitoredCall>
                  </siri:MonitoredVehicleJourney>
               </siri:MonitoredStopVisit>
            </siri:StopMonitoringDelivery>


            <!--2ème Delivery du 2ème arrêt :-->
            <siri:StopMonitoringDelivery version="2.0:FR-IDF-2.4">
               <siri:ResponseTimestamp>${recordedAtTime}</siri:ResponseTimestamp>
               <siri:RequestMessageRef>${idMessage}</siri:RequestMessageRef>
               <siri:Status>true</siri:Status>
             
               <siri:MonitoringRef>${monitoringRef2}</siri:MonitoringRef>
               <!-- 1 er passage du 2ème arrêt-->
               <siri:MonitoredStopVisit>
                  <siri:RecordedAtTime>${recordedAtTime}</siri:RecordedAtTime>
                  <siri:ItemIdentifier>${itemIdenfier3}</siri:ItemIdentifier>
                  <siri:MonitoringRef>${monitoringRef2}</siri:MonitoringRef>
                  <siri:MonitoredVehicleJourney>
                     <siri:LineRef>${lineRef}</siri:LineRef>
                      <!-- FramedVehicleJourneyRef -->
                     <siri:FramedVehicleJourneyRef>
                        <siri:DataFrameRef>${dataFrameRef}</siri:DataFrameRef>
                        <siri:DatedVehicleJourneyRef>${datedVehicleJourneyRef}</siri:DatedVehicleJourneyRef>
                     </siri:FramedVehicleJourneyRef>
                     <!-- JourneyPatternInfoGroup -->
                     <siri:JourneyPatternRef>${journeyPatternRef}</siri:JourneyPatternRef>
                     <siri:JourneyPatternName>${journeyPatternName}</siri:JourneyPatternName>
                     <siri:VehicleMode>rail</siri:VehicleMode>
                     <siri:RouteRef>${routeRef}</siri:RouteRef>
                     <siri:PublishedLineName>${publishedLineName}</siri:PublishedLineName>
                     <siri:DirectionName>${directionName}</siri:DirectionName>
                     <!-- VehicleJourneyInfo-->
                     <!-- ServiceInfo-->
                     <siri:OperatorRef>${operatorRef}</siri:OperatorRef>
                     <siri:ProductCategoryRef>categorie1</siri:ProductCategoryRef>
                     <siri:ServiceFeatureRef>train voyageurs</siri:ServiceFeatureRef>
                     <siri:VehicleFeatureRef>longTrain</siri:VehicleFeatureRef>
                     <siri:OriginRef>${originRef}</siri:OriginRef>
                     <siri:OriginName>${originName}</siri:OriginName>
                     <siri:Via> 
                        <siri:PlaceRef>${placeRef}</siri:PlaceRef>
                        <siri:PlaceName>${placeName}</siri:PlaceName>
                     </siri:Via>
                     <siri:DestinationRef>${destinationRef}</siri:DestinationRef>
                     <siri:DestinationName>${destinationName}</siri:DestinationName>
                     <siri:VehicleJourneyName>${vehicleJourneyName}</siri:VehicleJourneyName>
                     <siri:JourneyNote>ceci est une description de course</siri:JourneyNote>
                     <siri:HeadwayService>false</siri:HeadwayService>
                     <siri:OriginAimedDepartureTime>${originAimedDepartureTime}</siri:OriginAimedDepartureTime>
                     <siri:DestinationAimedArrivalTime>${destinationAimedArrivalTime}</siri:DestinationAimedArrivalTime>
                     <siri:FirstOrLastJourney>unspecified</siri:FirstOrLastJourney>
                     <!--JourneyProgressInfo:-->
                     <siri:Monitored>true</siri:Monitored>
                     <!--<siri:MonitoringError></siri:MonitoringError>-->
                     <siri:InCongestion>false</siri:InCongestion>
                     <siri:InPanic>false</siri:InPanic>
                     <siri:VehicleLocation id="1" srsName="1">
                        <siri:Longitude>2.227435</siri:Longitude>
                        <siri:Latitude>48.785067</siri:Latitude>
                        <siri:Coordinates>N 48 47.107, E 2 13.662</siri:Coordinates>
                        <siri:Precision>1</siri:Precision>
                     </siri:VehicleLocation>
                     <siri:Bearing>1</siri:Bearing>
                     <siri:Occupancy>full</siri:Occupancy>
                     <siri:Delay>PT1M</siri:Delay>
                     <siri:TrainNumbers>
                        <siri:TrainNumberRef>5918</siri:TrainNumberRef>
                     </siri:TrainNumbers>
                     <!-- JourneyParts:-->
                     <siri:JourneyParts>
                        <siri:JourneyPartInfo>
                           <siri:JourneyPartRef>5409</siri:JourneyPartRef>
                           <siri:TrainNumberRef>5928:1</siri:TrainNumberRef>
                           <siri:OperatorRef>${operatorRef}</siri:OperatorRef>
                        </siri:JourneyPartInfo>
                     </siri:JourneyParts>
                     <!-- MonitoredCall 1er passage 2ème arrêt-->
                     <siri:MonitoredCall>
                        <siri:StopPointRef>${stopPointRef2}</siri:StopPointRef>
                        <siri:Order>1</siri:Order> 
                        <siri:StopPointName>${stopPointName2}</siri:StopPointName>
                        <siri:VehicleAtStop>false</siri:VehicleAtStop>
                        <siri:PlatformTraversal>false</siri:PlatformTraversal>
                        <siri:DestinationDisplay>${destinationName}</siri:DestinationDisplay>
                        <siri:AimedArrivalTime>2017-04-30T03:00:00.000Z</siri:AimedArrivalTime>
                        <siri:ActualArrivalTime>2017-04-30T03:00:00.000Z</siri:ActualArrivalTime>
                        <siri:ExpectedArrivalTime>2018-04-30T03:00:00.000Z</siri:ExpectedArrivalTime>
                        <siri:ArrivalStatus>onTime</siri:ArrivalStatus>
                        <siri:ArrivalProximityText>à l'approche</siri:ArrivalProximityText>
                        <siri:ArrivalPlatformName>quai 1</siri:ArrivalPlatformName>
                        <siri:ArrivalStopAssignment>
                           <siri:AimedQuayName>voie 2</siri:AimedQuayName>
                        </siri:ArrivalStopAssignment>
                        <siri:AimedDepartureTime>2017-04-30T03:00:00.000Z</siri:AimedDepartureTime>
                        <siri:ActualDepartureTime>2017-04-30T03:00:00.000Z</siri:ActualDepartureTime>
                        <siri:ExpectedDepartureTime>2018-04-30T03:00:00.000Z</siri:ExpectedDepartureTime>
                        <siri:DepartureStatus>onTime</siri:DepartureStatus>
                        <siri:DeparturePlatformName>quai 1</siri:DeparturePlatformName>
                        <siri:DepartureBoardingActivity>boarding</siri:DepartureBoardingActivity>
                        <siri:AimedHeadwayInterval>PT1M</siri:AimedHeadwayInterval>
                        <siri:ExpectedHeadwayInterval>PT1M</siri:ExpectedHeadwayInterval>
                        <siri:DistanceFromStop>2300</siri:DistanceFromStop>
                        <siri:NumberOfStopsAway>3</siri:NumberOfStopsAway>
                     </siri:MonitoredCall>
                  </siri:MonitoredVehicleJourney>
               </siri:MonitoredStopVisit>
               
                <!-- 2ème passage 2ème arrêt -->
               <siri:MonitoredStopVisit>
                  <siri:RecordedAtTime>${recordedAtTime}</siri:RecordedAtTime>
                  <siri:ItemIdentifier>${itemIdenfier4}</siri:ItemIdentifier>
                  <siri:MonitoringRef>${monitoringRef2}</siri:MonitoringRef>
                  <siri:MonitoredVehicleJourney>
                     <siri:LineRef>${lineRef}</siri:LineRef>
                      <!-- FramedVehicleJourneyRef -->
                     <siri:FramedVehicleJourneyRef>
                        <siri:DataFrameRef>${dataFrameRef}</siri:DataFrameRef>
                        <siri:DatedVehicleJourneyRef>${datedVehicleJourneyRef}</siri:DatedVehicleJourneyRef>
                     </siri:FramedVehicleJourneyRef>
                     <!-- JourneyPatternInfoGroup -->
                     <siri:JourneyPatternRef>${journeyPatternRef}</siri:JourneyPatternRef>
                     <siri:JourneyPatternName>mission2</siri:JourneyPatternName>
                     <siri:VehicleMode>rail</siri:VehicleMode>
                     <siri:RouteRef>${routeRef}</siri:RouteRef>
                     <siri:PublishedLineName>N</siri:PublishedLineName>
                     <siri:DirectionName>Rambouillet</siri:DirectionName>
                     <!-- VehicleJourneyInfo-->
                      <!-- ServiceInfo-->
                     <siri:OperatorRef>${operatorRef}</siri:OperatorRef>
                     <siri:ProductCategoryRef>categorie2</siri:ProductCategoryRef>
                     <siri:ServiceFeatureRef>train voyageurs</siri:ServiceFeatureRef>
                     <siri:VehicleFeatureRef>longTrain</siri:VehicleFeatureRef>
                     <siri:OriginRef>${originRef}</siri:OriginRef>
                     <siri:OriginName>${originName}</siri:OriginName>
                     <siri:Via> 
                        <siri:PlaceRef>${placeRef}</siri:PlaceRef>
                        <siri:PlaceName>${placeName}</siri:PlaceName>
                     </siri:Via>
                     <siri:DestinationRef>${destinationRef}</siri:DestinationRef>
                     <siri:DestinationName>${destinationName}</siri:DestinationName>
                     <siri:VehicleJourneyName>${vehicleJourneyName}</siri:VehicleJourneyName>
                     <siri:JourneyNote>ceci est une description de course 2</siri:JourneyNote>
                     <siri:HeadwayService>false</siri:HeadwayService>
                     <siri:OriginAimedDepartureTime>${originAimedDepartureTime}</siri:OriginAimedDepartureTime>
                     <siri:DestinationAimedArrivalTime>${destinationAimedArrivalTime}</siri:DestinationAimedArrivalTime>
                     <siri:FirstOrLastJourney>unspecified</siri:FirstOrLastJourney>
                     <!--JourneyProgressInfo:-->
                     <siri:Monitored>true</siri:Monitored>
                     <!--<siri:MonitoringError></siri:MonitoringError>-->
                     <siri:InCongestion>false</siri:InCongestion>
                     <siri:InPanic>false</siri:InPanic>
                     <siri:VehicleLocation id="1" srsName="1">
                        <siri:Longitude>2.227435</siri:Longitude>
                        <siri:Latitude>48.785067</siri:Latitude>
                        <siri:Coordinates>N 48 47.107, E 2 13.662</siri:Coordinates>
                        <siri:Precision>1</siri:Precision>
                     </siri:VehicleLocation>
                     <siri:Bearing>1</siri:Bearing>
                     <siri:Occupancy>full</siri:Occupancy>
                     <siri:Delay>PT1M</siri:Delay>
                     <siri:TrainNumbers>
                        <siri:TrainNumberRef>5918</siri:TrainNumberRef>
                     </siri:TrainNumbers>
                     <!-- JourneyParts:-->
                     <siri:JourneyParts>
                        <siri:JourneyPartInfo>
                           <siri:JourneyPartRef>5409</siri:JourneyPartRef>
                           <siri:TrainNumberRef>5928:1</siri:TrainNumberRef>
                           <siri:OperatorRef>${operatorRef}</siri:OperatorRef>
                        </siri:JourneyPartInfo>
                     </siri:JourneyParts>
                     <!--  MonitoredCall 2ème passage 2ème arrêt -->
                     <siri:MonitoredCall>
                        <siri:StopPointRef>${stopPointRef2}</siri:StopPointRef>
                        <siri:Order>1</siri:Order> 
                        <siri:StopPointName>${stopPointName2}</siri:StopPointName>
                        <siri:VehicleAtStop>false</siri:VehicleAtStop>
                        <siri:PlatformTraversal>false</siri:PlatformTraversal>
                        <siri:DestinationDisplay>${destinationName}</siri:DestinationDisplay>
                        <siri:AimedArrivalTime>2018-04-30T04:00:00.000Z</siri:AimedArrivalTime>
                        <siri:ActualArrivalTime>2018-04-30T04:00:00.000Z</siri:ActualArrivalTime>
                        <siri:ExpectedArrivalTime>2019-04-30T04:00:00.000Z</siri:ExpectedArrivalTime>
                        <siri:ArrivalStatus>onTime</siri:ArrivalStatus>
                        <siri:ArrivalProximityText>à l'approche</siri:ArrivalProximityText>
                        <siri:ArrivalPlatformName>quai 1</siri:ArrivalPlatformName>
                        <siri:ArrivalStopAssignment>
                           <siri:AimedQuayName>voie 2</siri:AimedQuayName>
                        </siri:ArrivalStopAssignment>
                        <siri:AimedDepartureTime>2018-04-30T04:00:00.000Z</siri:AimedDepartureTime>
                        <siri:ActualDepartureTime>2018-04-30T04:00:00.000Z</siri:ActualDepartureTime>
                        <siri:ExpectedDepartureTime>2019-04-30T04:00:00.000Z</siri:ExpectedDepartureTime>
                        <siri:DepartureStatus>onTime</siri:DepartureStatus>
                        <siri:DeparturePlatformName>quai 1</siri:DeparturePlatformName>
                        <siri:DepartureBoardingActivity>boarding</siri:DepartureBoardingActivity>
                        <siri:AimedHeadwayInterval>PT1M</siri:AimedHeadwayInterval>
                        <siri:ExpectedHeadwayInterval>PT1M</siri:ExpectedHeadwayInterval>
                        <siri:DistanceFromStop>2300</siri:DistanceFromStop>
                        <siri:NumberOfStopsAway>3</siri:NumberOfStopsAway>
                     </siri:MonitoredCall>
                  </siri:MonitoredVehicleJourney>
               </siri:MonitoredStopVisit>
            </siri:StopMonitoringDelivery>

            ${Structure}
            
         </Answer>
      </wsdl:GetSiriServiceResponse>
   </soapenv:Body>
</soapenv:Envelope>]]></con:responseContent><con:wsaConfig mustUnderstand="NONE" version="200508" action="GetSiriService"/></con:response><con:dispatchConfig/></con:mockOperation><con:mockOperation name="StopPointsDiscovery" interface="SiriProducerRpcBinding" operation="StopPointsDiscovery"><con:settings/><con:dispatchStyle>SEQUENCE</con:dispatchStyle><con:defaultResponse>Response 1</con:defaultResponse><con:response name="Response 1" encoding="UTF-8" httpResponseStatus="200"><con:settings/><con:responseContent><![CDATA[<soapenv:Envelope xmlns:soapenv="http://schemas.xmlsoap.org/soap/envelope/" xmlns:wsdl="http://wsdl.siri.org.uk" xmlns:siri="http://www.siri.org.uk/siri">
   <soapenv:Header/>
   <soapenv:Body>
      <wsdl:StopPointsDiscoveryResponse>
         <Answer version="2.0:FR-IDF-2.4"> 
         <siri:ResponseTimestamp>${=javax.xml.datatype.DatatypeFactory.newInstance().newXMLGregorianCalendar(GregorianCalendar.getInstance())}</siri:ResponseTimestamp>      
			<siri:AnnotatedStopPointRef><siri:StopPointRef>STIF:StopPoint:Q:4402:</siri:StopPointRef><siri:Lines><siri:LineRef>STIF:Line::C00040:</siri:LineRef></siri:Lines></siri:AnnotatedStopPointRef>
			<siri:AnnotatedStopPointRef><siri:StopPointRef>STIF:StopPoint:Q:109979:</siri:StopPointRef><siri:Lines><siri:LineRef>STIF:Line::C00040:</siri:LineRef></siri:Lines></siri:AnnotatedStopPointRef>
			<siri:AnnotatedStopPointRef><siri:StopPointRef>STIF:StopPoint:Q:110048:</siri:StopPointRef><siri:Lines><siri:LineRef>STIF:Line::C00040:</siri:LineRef></siri:Lines></siri:AnnotatedStopPointRef>
			<siri:AnnotatedStopPointRef><siri:StopPointRef>STIF:StopPoint:Q:109956:</siri:StopPointRef><siri:Lines><siri:LineRef>STIF:Line::C00040:</siri:LineRef></siri:Lines></siri:AnnotatedStopPointRef>
			<siri:AnnotatedStopPointRef><siri:StopPointRef>STIF:StopPoint:Q:109974:</siri:StopPointRef><siri:Lines><siri:LineRef>STIF:Line::C00040:</siri:LineRef></siri:Lines></siri:AnnotatedStopPointRef>
			<siri:AnnotatedStopPointRef><siri:StopPointRef>STIF:StopPoint:Q:109925:</siri:StopPointRef><siri:Lines><siri:LineRef>STIF:Line::C00040:</siri:LineRef></siri:Lines></siri:AnnotatedStopPointRef>
			<siri:AnnotatedStopPointRef><siri:StopPointRef>STIF:StopPoint:Q:109926:</siri:StopPointRef><siri:Lines><siri:LineRef>STIF:Line::C00040:</siri:LineRef></siri:Lines></siri:AnnotatedStopPointRef>
			<siri:AnnotatedStopPointRef><siri:StopPointRef>STIF:StopPoint:Q:109943:</siri:StopPointRef><siri:Lines><siri:LineRef>STIF:Line::C00040:</siri:LineRef></siri:Lines></siri:AnnotatedStopPointRef>
			<siri:AnnotatedStopPointRef><siri:StopPointRef>STIF:StopPoint:Q:109296:</siri:StopPointRef><siri:Lines><siri:LineRef>STIF:Line::C00040:</siri:LineRef></siri:Lines></siri:AnnotatedStopPointRef>
			<siri:AnnotatedStopPointRef><siri:StopPointRef>STIF:StopPoint:Q:109000:</siri:StopPointRef><siri:Lines><siri:LineRef>STIF:Line::C00040:</siri:LineRef></siri:Lines></siri:AnnotatedStopPointRef>
			<siri:AnnotatedStopPointRef><siri:StopPointRef>STIF:StopPoint:Q:108999:</siri:StopPointRef><siri:Lines><siri:LineRef>STIF:Line::C00040:</siri:LineRef></siri:Lines></siri:AnnotatedStopPointRef>
			<siri:AnnotatedStopPointRef><siri:StopPointRef>STIF:StopPoint:Q:108937:</siri:StopPointRef><siri:Lines><siri:LineRef>STIF:Line::C00040:</siri:LineRef></siri:Lines></siri:AnnotatedStopPointRef>
			<siri:AnnotatedStopPointRef><siri:StopPointRef>STIF:StopPoint:Q:110061:</siri:StopPointRef><siri:Lines><siri:LineRef>STIF:Line::C00040:</siri:LineRef></siri:Lines></siri:AnnotatedStopPointRef>
			<siri:AnnotatedStopPointRef><siri:StopPointRef>STIF:StopPoint:Q:110062:</siri:StopPointRef><siri:Lines><siri:LineRef>STIF:Line::C00040:</siri:LineRef></siri:Lines></siri:AnnotatedStopPointRef>
			<siri:AnnotatedStopPointRef><siri:StopPointRef>STIF:StopPoint:Q:108948:</siri:StopPointRef><siri:Lines><siri:LineRef>STIF:Line::C00040:</siri:LineRef></siri:Lines></siri:AnnotatedStopPointRef>
			<siri:AnnotatedStopPointRef><siri:StopPointRef>STIF:StopPoint:Q:109007:</siri:StopPointRef><siri:Lines><siri:LineRef>STIF:Line::C00040:</siri:LineRef></siri:Lines></siri:AnnotatedStopPointRef>
			<siri:AnnotatedStopPointRef><siri:StopPointRef>STIF:StopPoint:Q:108949:</siri:StopPointRef><siri:Lines><siri:LineRef>STIF:Line::C00040:</siri:LineRef></siri:Lines></siri:AnnotatedStopPointRef>
			<siri:AnnotatedStopPointRef><siri:StopPointRef>STIF:StopPoint:Q:108932:</siri:StopPointRef><siri:Lines><siri:LineRef>STIF:Line::C00040:</siri:LineRef></siri:Lines></siri:AnnotatedStopPointRef>
			<siri:AnnotatedStopPointRef><siri:StopPointRef>STIF:StopPoint:Q:108931:</siri:StopPointRef><siri:Lines><siri:LineRef>STIF:Line::C00040:</siri:LineRef></siri:Lines></siri:AnnotatedStopPointRef>
			<siri:AnnotatedStopPointRef><siri:StopPointRef>STIF:StopPoint:Q:108958:</siri:StopPointRef><siri:Lines><siri:LineRef>STIF:Line::C00040:</siri:LineRef></siri:Lines></siri:AnnotatedStopPointRef>
			<siri:AnnotatedStopPointRef><siri:StopPointRef>STIF:StopPoint:Q:108957:</siri:StopPointRef><siri:Lines><siri:LineRef>STIF:Line::C00040:</siri:LineRef></siri:Lines></siri:AnnotatedStopPointRef>
			<siri:AnnotatedStopPointRef><siri:StopPointRef>STIF:StopPoint:Q:108940:</siri:StopPointRef><siri:Lines><siri:LineRef>STIF:Line::C00040:</siri:LineRef></siri:Lines></siri:AnnotatedStopPointRef>
			<siri:AnnotatedStopPointRef><siri:StopPointRef>STIF:StopPoint:Q:108991:</siri:StopPointRef><siri:Lines><siri:LineRef>STIF:Line::C00040:</siri:LineRef></siri:Lines></siri:AnnotatedStopPointRef>
			<siri:AnnotatedStopPointRef><siri:StopPointRef>STIF:StopPoint:Q:108990:</siri:StopPointRef><siri:Lines><siri:LineRef>STIF:Line::C00040:</siri:LineRef></siri:Lines></siri:AnnotatedStopPointRef>
			<siri:AnnotatedStopPointRef><siri:StopPointRef>STIF:StopPoint:Q:109003:</siri:StopPointRef><siri:Lines><siri:LineRef>STIF:Line::C00040:</siri:LineRef></siri:Lines></siri:AnnotatedStopPointRef>
			<siri:AnnotatedStopPointRef><siri:StopPointRef>STIF:StopPoint:Q:109004:</siri:StopPointRef><siri:Lines><siri:LineRef>STIF:Line::C00040:</siri:LineRef></siri:Lines></siri:AnnotatedStopPointRef>
			<siri:AnnotatedStopPointRef><siri:StopPointRef>STIF:StopPoint:Q:108953:</siri:StopPointRef><siri:Lines><siri:LineRef>STIF:Line::C00040:</siri:LineRef></siri:Lines></siri:AnnotatedStopPointRef>
			<siri:AnnotatedStopPointRef><siri:StopPointRef>STIF:StopPoint:Q:108954:</siri:StopPointRef><siri:Lines><siri:LineRef>STIF:Line::C00040:</siri:LineRef></siri:Lines></siri:AnnotatedStopPointRef>
			<siri:AnnotatedStopPointRef><siri:StopPointRef>STIF:StopPoint:Q:109132:</siri:StopPointRef><siri:Lines><siri:LineRef>STIF:Line::C00040:</siri:LineRef></siri:Lines></siri:AnnotatedStopPointRef>
			<siri:AnnotatedStopPointRef><siri:StopPointRef>STIF:StopPoint:Q:109124:</siri:StopPointRef><siri:Lines><siri:LineRef>STIF:Line::C00040:</siri:LineRef></siri:Lines></siri:AnnotatedStopPointRef>
			<siri:AnnotatedStopPointRef><siri:StopPointRef>STIF:StopPoint:Q:109225:</siri:StopPointRef><siri:Lines><siri:LineRef>STIF:Line::C00040:</siri:LineRef></siri:Lines></siri:AnnotatedStopPointRef>
			<siri:AnnotatedStopPointRef><siri:StopPointRef>STIF:StopPoint:Q:108969:</siri:StopPointRef><siri:Lines><siri:LineRef>STIF:Line::C00040:</siri:LineRef></siri:Lines></siri:AnnotatedStopPointRef>
			<siri:AnnotatedStopPointRef><siri:StopPointRef>STIF:StopPoint:Q:108977:</siri:StopPointRef><siri:Lines><siri:LineRef>STIF:Line::C00040:</siri:LineRef></siri:Lines></siri:AnnotatedStopPointRef>
			<siri:AnnotatedStopPointRef><siri:StopPointRef>STIF:StopPoint:Q:108936:</siri:StopPointRef><siri:Lines><siri:LineRef>STIF:Line::C00040:</siri:LineRef></siri:Lines></siri:AnnotatedStopPointRef>
			<siri:AnnotatedStopPointRef><siri:StopPointRef>STIF:StopPoint:Q:108972:</siri:StopPointRef><siri:Lines><siri:LineRef>STIF:Line::C00040:</siri:LineRef></siri:Lines></siri:AnnotatedStopPointRef>
			<siri:AnnotatedStopPointRef><siri:StopPointRef>STIF:StopPoint:Q:109248:</siri:StopPointRef><siri:Lines><siri:LineRef>STIF:Line::C00040:</siri:LineRef></siri:Lines></siri:AnnotatedStopPointRef>
			<siri:AnnotatedStopPointRef><siri:StopPointRef>STIF:StopPoint:Q:109327:</siri:StopPointRef><siri:Lines><siri:LineRef>STIF:Line::C00040:</siri:LineRef></siri:Lines></siri:AnnotatedStopPointRef>
			<siri:AnnotatedStopPointRef><siri:StopPointRef>STIF:StopPoint:Q:109753:</siri:StopPointRef><siri:Lines><siri:LineRef>STIF:Line::C00040:</siri:LineRef></siri:Lines></siri:AnnotatedStopPointRef>
			<siri:AnnotatedStopPointRef><siri:StopPointRef>STIF:StopPoint:Q:109754:</siri:StopPointRef><siri:Lines><siri:LineRef>STIF:Line::C00040:</siri:LineRef></siri:Lines></siri:AnnotatedStopPointRef>
			<siri:AnnotatedStopPointRef><siri:StopPointRef>STIF:StopPoint:Q:109305:</siri:StopPointRef><siri:Lines><siri:LineRef>STIF:Line::C00040:</siri:LineRef></siri:Lines></siri:AnnotatedStopPointRef>
			<siri:AnnotatedStopPointRef><siri:StopPointRef>STIF:StopPoint:Q:108975:</siri:StopPointRef><siri:Lines><siri:LineRef>STIF:Line::C00040:</siri:LineRef></siri:Lines></siri:AnnotatedStopPointRef>
			<siri:AnnotatedStopPointRef><siri:StopPointRef>STIF:StopPoint:Q:108976:</siri:StopPointRef><siri:Lines><siri:LineRef>STIF:Line::C00040:</siri:LineRef></siri:Lines></siri:AnnotatedStopPointRef>
			<siri:AnnotatedStopPointRef><siri:StopPointRef>STIF:StopPoint:Q:109922:</siri:StopPointRef><siri:Lines><siri:LineRef>STIF:Line::C00040:</siri:LineRef></siri:Lines></siri:AnnotatedStopPointRef>
			<siri:AnnotatedStopPointRef><siri:StopPointRef>STIF:StopPoint:Q:109921:</siri:StopPointRef><siri:Lines><siri:LineRef>STIF:Line::C00040:</siri:LineRef></siri:Lines></siri:AnnotatedStopPointRef>
			<siri:AnnotatedStopPointRef><siri:StopPointRef>STIF:StopPoint:Q:108973:</siri:StopPointRef><siri:Lines><siri:LineRef>STIF:Line::C00040:</siri:LineRef></siri:Lines></siri:AnnotatedStopPointRef>
			<siri:AnnotatedStopPointRef><siri:StopPointRef>STIF:StopPoint:Q:108933:</siri:StopPointRef><siri:Lines><siri:LineRef>STIF:Line::C00040:</siri:LineRef></siri:Lines></siri:AnnotatedStopPointRef>
			<siri:AnnotatedStopPointRef><siri:StopPointRef>STIF:StopPoint:Q:109009:</siri:StopPointRef><siri:Lines><siri:LineRef>STIF:Line::C00040:</siri:LineRef></siri:Lines></siri:AnnotatedStopPointRef>
			<siri:AnnotatedStopPointRef><siri:StopPointRef>STIF:StopPoint:Q:108942:</siri:StopPointRef><siri:Lines><siri:LineRef>STIF:Line::C00040:</siri:LineRef></siri:Lines></siri:AnnotatedStopPointRef>
			<siri:AnnotatedStopPointRef><siri:StopPointRef>STIF:StopPoint:Q:109008:</siri:StopPointRef><siri:Lines><siri:LineRef>STIF:Line::C00040:</siri:LineRef></siri:Lines></siri:AnnotatedStopPointRef>
			<siri:AnnotatedStopPointRef><siri:StopPointRef>STIF:StopPoint:Q:108941:</siri:StopPointRef><siri:Lines><siri:LineRef>STIF:Line::C00040:</siri:LineRef></siri:Lines></siri:AnnotatedStopPointRef>
			<siri:AnnotatedStopPointRef><siri:StopPointRef>STIF:StopPoint:Q:109919:</siri:StopPointRef><siri:Lines><siri:LineRef>STIF:Line::C00040:</siri:LineRef></siri:Lines></siri:AnnotatedStopPointRef>
			<siri:AnnotatedStopPointRef><siri:StopPointRef>STIF:StopPoint:Q:109277:</siri:StopPointRef><siri:Lines><siri:LineRef>STIF:Line::C00040:</siri:LineRef></siri:Lines></siri:AnnotatedStopPointRef>
			<siri:AnnotatedStopPointRef><siri:StopPointRef>STIF:StopPoint:Q:110075:</siri:StopPointRef><siri:Lines><siri:LineRef>STIF:Line::C00040:</siri:LineRef></siri:Lines></siri:AnnotatedStopPointRef>
			<siri:AnnotatedStopPointRef><siri:StopPointRef>STIF:StopPoint:Q:109309:</siri:StopPointRef><siri:Lines><siri:LineRef>STIF:Line::C00040:</siri:LineRef></siri:Lines></siri:AnnotatedStopPointRef>
			<siri:AnnotatedStopPointRef><siri:StopPointRef>STIF:StopPoint:Q:110070:</siri:StopPointRef><siri:Lines><siri:LineRef>STIF:Line::C00040:</siri:LineRef></siri:Lines></siri:AnnotatedStopPointRef>
			<siri:AnnotatedStopPointRef><siri:StopPointRef>STIF:StopPoint:Q:110069:</siri:StopPointRef><siri:Lines><siri:LineRef>STIF:Line::C00040:</siri:LineRef></siri:Lines></siri:AnnotatedStopPointRef>
			<siri:AnnotatedStopPointRef><siri:StopPointRef>STIF:StopPoint:Q:109249:</siri:StopPointRef><siri:Lines><siri:LineRef>STIF:Line::C00040:</siri:LineRef></siri:Lines></siri:AnnotatedStopPointRef>
			<siri:AnnotatedStopPointRef><siri:StopPointRef>STIF:StopPoint:Q:108998:</siri:StopPointRef><siri:Lines><siri:LineRef>STIF:Line::C00040:</siri:LineRef></siri:Lines></siri:AnnotatedStopPointRef>
			<siri:AnnotatedStopPointRef><siri:StopPointRef>STIF:StopPoint:Q:108929:</siri:StopPointRef><siri:Lines><siri:LineRef>STIF:Line::C00040:</siri:LineRef></siri:Lines></siri:AnnotatedStopPointRef>
			<siri:AnnotatedStopPointRef><siri:StopPointRef>STIF:StopPoint:Q:108997:</siri:StopPointRef><siri:Lines><siri:LineRef>STIF:Line::C00040:</siri:LineRef></siri:Lines></siri:AnnotatedStopPointRef>
			<siri:AnnotatedStopPointRef><siri:StopPointRef>STIF:StopPoint:Q:108928:</siri:StopPointRef><siri:Lines><siri:LineRef>STIF:Line::C00040:</siri:LineRef></siri:Lines></siri:AnnotatedStopPointRef>
			<siri:AnnotatedStopPointRef><siri:StopPointRef>STIF:StopPoint:Q:109250:</siri:StopPointRef><siri:Lines><siri:LineRef>STIF:Line::C00040:</siri:LineRef></siri:Lines></siri:AnnotatedStopPointRef>
			<siri:AnnotatedStopPointRef><siri:StopPointRef>STIF:StopPoint:Q:109295:</siri:StopPointRef><siri:Lines><siri:LineRef>STIF:Line::C00040:</siri:LineRef></siri:Lines></siri:AnnotatedStopPointRef>
			<siri:AnnotatedStopPointRef><siri:StopPointRef>STIF:StopPoint:Q:108920:</siri:StopPointRef><siri:Lines><siri:LineRef>STIF:Line::C00040:</siri:LineRef></siri:Lines></siri:AnnotatedStopPointRef>
			<siri:AnnotatedStopPointRef><siri:StopPointRef>STIF:StopPoint:Q:108919:</siri:StopPointRef><siri:Lines><siri:LineRef>STIF:Line::C00040:</siri:LineRef></siri:Lines></siri:AnnotatedStopPointRef>
			<siri:AnnotatedStopPointRef><siri:StopPointRef>STIF:StopPoint:Q:109755:</siri:StopPointRef><siri:Lines><siri:LineRef>STIF:Line::C00040:</siri:LineRef></siri:Lines></siri:AnnotatedStopPointRef>
			<siri:AnnotatedStopPointRef><siri:StopPointRef>STIF:StopPoint:Q:109756:</siri:StopPointRef><siri:Lines><siri:LineRef>STIF:Line::C00040:</siri:LineRef></siri:Lines></siri:AnnotatedStopPointRef>
			<siri:AnnotatedStopPointRef><siri:StopPointRef>STIF:StopPoint:Q:109739:</siri:StopPointRef><siri:Lines><siri:LineRef>STIF:Line::C00040:</siri:LineRef></siri:Lines></siri:AnnotatedStopPointRef>
			<siri:AnnotatedStopPointRef><siri:StopPointRef>STIF:StopPoint:Q:109851:</siri:StopPointRef><siri:Lines><siri:LineRef>STIF:Line::C00040:</siri:LineRef></siri:Lines></siri:AnnotatedStopPointRef>
			<siri:AnnotatedStopPointRef><siri:StopPointRef>STIF:StopPoint:Q:109738:</siri:StopPointRef><siri:Lines><siri:LineRef>STIF:Line::C00040:</siri:LineRef></siri:Lines></siri:AnnotatedStopPointRef>
			<siri:AnnotatedStopPointRef><siri:StopPointRef>STIF:StopPoint:Q:109737:</siri:StopPointRef><siri:Lines><siri:LineRef>STIF:Line::C00040:</siri:LineRef></siri:Lines></siri:AnnotatedStopPointRef>
			<siri:AnnotatedStopPointRef><siri:StopPointRef>STIF:StopPoint:Q:109142:</siri:StopPointRef><siri:Lines><siri:LineRef>STIF:Line::C00040:</siri:LineRef></siri:Lines></siri:AnnotatedStopPointRef>
			<siri:AnnotatedStopPointRef><siri:StopPointRef>STIF:StopPoint:Q:108981:</siri:StopPointRef><siri:Lines><siri:LineRef>STIF:Line::C00040:</siri:LineRef></siri:Lines></siri:AnnotatedStopPointRef>
			<siri:AnnotatedStopPointRef><siri:StopPointRef>STIF:StopPoint:Q:108982:</siri:StopPointRef><siri:Lines><siri:LineRef>STIF:Line::C00040:</siri:LineRef></siri:Lines></siri:AnnotatedStopPointRef>
			<siri:AnnotatedStopPointRef><siri:StopPointRef>STIF:StopPoint:Q:109846:</siri:StopPointRef><siri:Lines><siri:LineRef>STIF:Line::C00040:</siri:LineRef></siri:Lines></siri:AnnotatedStopPointRef>
			<siri:AnnotatedStopPointRef><siri:StopPointRef>STIF:StopPoint:Q:109806:</siri:StopPointRef><siri:Lines><siri:LineRef>STIF:Line::C00040:</siri:LineRef></siri:Lines></siri:AnnotatedStopPointRef>
			<siri:AnnotatedStopPointRef><siri:StopPointRef>STIF:StopPoint:Q:109805:</siri:StopPointRef><siri:Lines><siri:LineRef>STIF:Line::C00040:</siri:LineRef></siri:Lines></siri:AnnotatedStopPointRef>
			<siri:AnnotatedStopPointRef><siri:StopPointRef>STIF:StopPoint:Q:109920:</siri:StopPointRef><siri:Lines><siri:LineRef>STIF:Line::C00040:</siri:LineRef></siri:Lines></siri:AnnotatedStopPointRef>
			<siri:AnnotatedStopPointRef><siri:StopPointRef>STIF:StopPoint:Q:108966:</siri:StopPointRef><siri:Lines><siri:LineRef>STIF:Line::C00040:</siri:LineRef></siri:Lines></siri:AnnotatedStopPointRef>
			<siri:AnnotatedStopPointRef><siri:StopPointRef>STIF:StopPoint:Q:108963:</siri:StopPointRef><siri:Lines><siri:LineRef>STIF:Line::C00040:</siri:LineRef></siri:Lines></siri:AnnotatedStopPointRef>
			<siri:AnnotatedStopPointRef><siri:StopPointRef>STIF:StopPoint:Q:109829:</siri:StopPointRef><siri:Lines><siri:LineRef>STIF:Line::C00040:</siri:LineRef></siri:Lines></siri:AnnotatedStopPointRef>
			<siri:AnnotatedStopPointRef><siri:StopPointRef>STIF:StopPoint:Q:109830:</siri:StopPointRef><siri:Lines><siri:LineRef>STIF:Line::C00040:</siri:LineRef></siri:Lines></siri:AnnotatedStopPointRef>
			<siri:AnnotatedStopPointRef><siri:StopPointRef>STIF:StopPoint:Q:109223:</siri:StopPointRef><siri:Lines><siri:LineRef>STIF:Line::C00040:</siri:LineRef></siri:Lines></siri:AnnotatedStopPointRef>
			<siri:AnnotatedStopPointRef><siri:StopPointRef>STIF:StopPoint:Q:108955:</siri:StopPointRef><siri:Lines><siri:LineRef>STIF:Line::C00040:</siri:LineRef></siri:Lines></siri:AnnotatedStopPointRef>
			<siri:AnnotatedStopPointRef><siri:StopPointRef>STIF:StopPoint:Q:108956:</siri:StopPointRef><siri:Lines><siri:LineRef>STIF:Line::C00040:</siri:LineRef></siri:Lines></siri:AnnotatedStopPointRef>
			<siri:AnnotatedStopPointRef><siri:StopPointRef>STIF:StopPoint:Q:109224:</siri:StopPointRef><siri:Lines><siri:LineRef>STIF:Line::C00040:</siri:LineRef></siri:Lines></siri:AnnotatedStopPointRef>
			<siri:AnnotatedStopPointRef><siri:StopPointRef>STIF:StopPoint:Q:109751:</siri:StopPointRef><siri:Lines><siri:LineRef>STIF:Line::C00040:</siri:LineRef></siri:Lines></siri:AnnotatedStopPointRef>
			<siri:AnnotatedStopPointRef><siri:StopPointRef>STIF:StopPoint:Q:109752:</siri:StopPointRef><siri:Lines><siri:LineRef>STIF:Line::C00040:</siri:LineRef></siri:Lines></siri:AnnotatedStopPointRef>
			<siri:AnnotatedStopPointRef><siri:StopPointRef>STIF:StopPoint:Q:109335:</siri:StopPointRef><siri:Lines><siri:LineRef>STIF:Line::C00040:</siri:LineRef></siri:Lines></siri:AnnotatedStopPointRef>
			<siri:AnnotatedStopPointRef><siri:StopPointRef>STIF:StopPoint:Q:110054:</siri:StopPointRef><siri:Lines><siri:LineRef>STIF:Line::C00040:</siri:LineRef></siri:Lines></siri:AnnotatedStopPointRef>
			<siri:AnnotatedStopPointRef><siri:StopPointRef>STIF:StopPoint:Q:110071:</siri:StopPointRef><siri:Lines><siri:LineRef>STIF:Line::C00040:</siri:LineRef></siri:Lines></siri:AnnotatedStopPointRef>
			<siri:AnnotatedStopPointRef><siri:StopPointRef>STIF:StopPoint:Q:110053:</siri:StopPointRef><siri:Lines><siri:LineRef>STIF:Line::C00040:</siri:LineRef></siri:Lines></siri:AnnotatedStopPointRef>
			<siri:AnnotatedStopPointRef><siri:StopPointRef>STIF:StopPoint:Q:108978:</siri:StopPointRef><siri:Lines><siri:LineRef>STIF:Line::C00040:</siri:LineRef></siri:Lines></siri:AnnotatedStopPointRef>
			<siri:AnnotatedStopPointRef><siri:StopPointRef>STIF:StopPoint:Q:109013:</siri:StopPointRef><siri:Lines><siri:LineRef>STIF:Line::C00040:</siri:LineRef></siri:Lines></siri:AnnotatedStopPointRef>
			<siri:AnnotatedStopPointRef><siri:StopPointRef>STIF:StopPoint:Q:108944:</siri:StopPointRef><siri:Lines><siri:LineRef>STIF:Line::C00040:</siri:LineRef></siri:Lines></siri:AnnotatedStopPointRef>
			<siri:AnnotatedStopPointRef><siri:StopPointRef>STIF:StopPoint:Q:108945:</siri:StopPointRef><siri:Lines><siri:LineRef>STIF:Line::C00040:</siri:LineRef></siri:Lines></siri:AnnotatedStopPointRef>
			<siri:AnnotatedStopPointRef><siri:StopPointRef>STIF:StopPoint:Q:109014:</siri:StopPointRef><siri:Lines><siri:LineRef>STIF:Line::C00040:</siri:LineRef></siri:Lines></siri:AnnotatedStopPointRef>
			<siri:AnnotatedStopPointRef><siri:StopPointRef>STIF:StopPoint:Q:109823:</siri:StopPointRef><siri:Lines><siri:LineRef>STIF:Line::C00040:</siri:LineRef></siri:Lines></siri:AnnotatedStopPointRef>
			<siri:AnnotatedStopPointRef><siri:StopPointRef>STIF:StopPoint:Q:109144:</siri:StopPointRef><siri:Lines><siri:LineRef>STIF:Line::C00040:</siri:LineRef></siri:Lines></siri:AnnotatedStopPointRef>
			<siri:AnnotatedStopPointRef><siri:StopPointRef>STIF:StopPoint:Q:108934:</siri:StopPointRef><siri:Lines><siri:LineRef>STIF:Line::C00040:</siri:LineRef></siri:Lines></siri:AnnotatedStopPointRef>
			<siri:AnnotatedStopPointRef><siri:StopPointRef>STIF:StopPoint:Q:108935:</siri:StopPointRef><siri:Lines><siri:LineRef>STIF:Line::C00040:</siri:LineRef></siri:Lines></siri:AnnotatedStopPointRef>
			<siri:AnnotatedStopPointRef><siri:StopPointRef>STIF:StopPoint:Q:109811:</siri:StopPointRef><siri:Lines><siri:LineRef>STIF:Line::C00040:</siri:LineRef></siri:Lines></siri:AnnotatedStopPointRef>
			<siri:AnnotatedStopPointRef><siri:StopPointRef>STIF:StopPoint:Q:109812:</siri:StopPointRef><siri:Lines><siri:LineRef>STIF:Line::C00040:</siri:LineRef></siri:Lines></siri:AnnotatedStopPointRef>
			<siri:AnnotatedStopPointRef><siri:StopPointRef>STIF:StopPoint:Q:109812:</siri:StopPointRef><siri:Lines><siri:LineRef>STIF:Line::C00040:</siri:LineRef></siri:Lines></siri:AnnotatedStopPointRef>
         </Answer>
         <AnswerExtension>
         </AnswerExtension>
      </wsdl:StopPointsDiscoveryResponse>
   </soapenv:Body>
</soapenv:Envelope>]]></con:responseContent><con:wsaConfig mustUnderstand="NONE" version="200508" action="StopPointsDiscovery"/></con:response><con:dispatchConfig/></con:mockOperation><con:properties/></con:mockService><con:mockService port="8080" path="/test626Producer2" host="localhost" name="test626Producer2" bindToHostOnly="false" docroot=""><con:settings><con:setting id="com.eviware.soapui.impl.wsdl.mock.WsdlMockService@require-soap-action">false</con:setting></con:settings><con:mockOperation name="GetSiriService" interface="SiriProducerRpcBinding" operation="GetSiriService"><con:settings/><con:dispatchStyle>SEQUENCE</con:dispatchStyle><con:defaultResponse>Response 1</con:defaultResponse><con:response name="Response 1" encoding="UTF-8" httpResponseStatus="200"><con:settings/><con:script>// create XmlHolder for request content
def holder = new com.eviware.soapui.support.XmlHolder( mockRequest.requestContent )
def fournisseur = "SNCF-ACCES"
// define namespace
holder.namespaces["siri"] = "http://www.siri.org.uk/siri"
// récupération de l'id message de la request
requestContext.idMessage = holder["//siri:MessageIdentifier"][0]
requestContext.monitoringRef1 = holder["//siri:MonitoringRef"][0]
requestContext.version = holder["//Request/@version"].toString()

// identifiant utilisé (en coherence avec le dataset redis)
requestContext.producerRef="SNCF-ACCES"
requestContext.recordedAtTime = javax.xml.datatype.DatatypeFactory.newInstance().newXMLGregorianCalendar(GregorianCalendar.getInstance())
requestContext.lineRef="STIF:Line::C00040:"
requestContext.dataFrameRef="any"
requestContext.datedVehicleJourneyRef=fournisseur+":VehicleJourney::1:LOC"
requestContext.journeyPatternRef=fournisseur+":JourneyPattern::1:LOC"
requestContext.journeyPatternName="mission1"
requestContext.publishedLineName="N"
requestContext.routeRef=fournisseur+":Route::1:LOC"
requestContext.directionName="Rambouillet"
requestContext.operatorRef=fournisseur+":Operator::SNCF:"
requestContext.originRef="STIF:StopPoint:Q:108935:"
requestContext.originName="Arrêt 1"
requestContext.placeRef="STIF:StopPoint:Q:108943:"
requestContext.placeName="Arrêt 5"
requestContext.destinationRef="STIF:StopPoint:Q:108949:"
requestContext.destinationName="Arrêt 10"
requestContext.vehicleJourneyName="Course 1"
// heure de départ au 1er arrêt et dernier arrêt de la course
def heureDepartCourse = getHeureSuivante(1)
requestContext.originAimedDepartureTime=heureDepartCourse.toXMLFormat();
requestContext.destinationAimedArrivalTime=getAvecMinuteSeconde(heureDepartCourse,20,0)
// Passage 1 / Arrêt 1
requestContext.itemIdenfier1=fournisseur+":Item::1:LOC"
//MonitoredCall
requestContext.stopPointRef1=requestContext.monitoringRef1
requestContext.stopPointName1="Arrêt 1"

// passage 2 / Arrêt 1
requestContext.itemIdenfier2=fournisseur+":Item::2:LOC"

// Passage 3 / arrêt 2
requestContext.monitoringRef2 = holder["//siri:MonitoringRef"][1]
requestContext.stopPointRef2=requestContext.monitoringRef2
requestContext.stopPointName2="Arrêt 2"
requestContext.itemIdenfier3=fournisseur+":Item::3:LOC"
//MonitoredCall

// passage 4 / arrêt 2
requestContext.itemIdenfier4=fournisseur+":Item::4:LOC"

// Passage 5 / arrêt 3
requestContext.monitoringRef3 = holder["//siri:MonitoringRef"][2]
requestContext.stopPointRef3=requestContext.monitoringRef3
requestContext.stopPointName2="Arrêt 2"
requestContext.itemIdenfier5=fournisseur+":Item::5:LOC"
//MonitoredCall

// passage 6 / arrêt 3
requestContext.itemIdenfier6=fournisseur+":Item::6:LOC"

// Methodes utilitaires DATE
// Methode Date permettant d'avoir l'heure courante + heure
def getHeureSuivante(int heure){
	def calendar = Calendar.getInstance();
	calendar.add(Calendar.HOUR,heure);
	calendar.set(Calendar.MINUTE, 0);
	calendar.set(Calendar.SECOND, 0);
	calendar.set(Calendar.MILLISECOND, 0);
	def heureSuivante = javax.xml.datatype.DatatypeFactory.newInstance().newXMLGregorianCalendar(calendar);
	return heureSuivante;
}

// Methode permettant de setter les minites et secondes sur l'heure passée
def getAvecMinuteSeconde(javax.xml.datatype.XMLGregorianCalendar xmlCalendar, int minute, int seconde){ 
	Calendar calendar = xmlCalendar.toGregorianCalendar();	
	calendar.set(Calendar.MINUTE, minute);
	calendar.set(Calendar.SECOND, seconde);
	def date = javax.xml.datatype.DatatypeFactory.newInstance().newXMLGregorianCalendar(calendar);
	return date;
      
}</con:script><con:responseContent><![CDATA[<soapenv:Envelope xmlns:soapenv="http://schemas.xmlsoap.org/soap/envelope/" xmlns:wsdl="http://wsdl.siri.org.uk" xmlns:siri="http://www.siri.org.uk/siri" xmlns:acsb="http://www.ifopt.org.uk/acsb" xmlns:ifop="http://www.ifopt.org.uk/ifopt" xmlns:_0="http://datex2.eu/schema/2_0RC1/2_0">
   <soapenv:Header/>
   <soapenv:Body>
      <wsdl:GetSiriServiceResponse>
         <Answer srsName="1">
            <siri:ResponseTimestamp>${=javax.xml.datatype.DatatypeFactory.newInstance().newXMLGregorianCalendar(GregorianCalendar.getInstance())}</siri:ResponseTimestamp>
            <!--Optional:-->
            <siri:ProducerRef>${producerRef}</siri:ProducerRef>
            <siri:ResponseMessageIdentifier>SNCF-ACCES:ResponseMessage::1:LOC</siri:ResponseMessageIdentifier>
            <!--Optional:-->
            <siri:RequestMessageRef>${idMessage}</siri:RequestMessageRef>
            <!--Optional:-->
            <siri:Status>true</siri:Status>
            <!--Optional:-->
            <siri:MoreData>false</siri:MoreData>
            <!--1er Delivery du 1er arrêt :-->
            <siri:StopMonitoringDelivery version="2.0:FR-IDF-2.4">
               <siri:ResponseTimestamp>${recordedAtTime}</siri:ResponseTimestamp>
               <siri:RequestMessageRef>${idMessage}</siri:RequestMessageRef>
               <siri:Status>true</siri:Status>
               
               <siri:MonitoringRef>${monitoringRef1}</siri:MonitoringRef>
               <!-- 1 er passage du 1er arrêt-->
               <siri:MonitoredStopVisit>
                  <siri:RecordedAtTime>${recordedAtTime}</siri:RecordedAtTime>
                  <siri:ItemIdentifier>${itemIdenfier1}</siri:ItemIdentifier>
                  <siri:MonitoringRef>${monitoringRef1}</siri:MonitoringRef>
                  <siri:MonitoredVehicleJourney>
                     <siri:LineRef>${lineRef}</siri:LineRef>
                      <!-- FramedVehicleJourneyRef -->
                     <siri:FramedVehicleJourneyRef>
                        <siri:DataFrameRef>${dataFrameRef}</siri:DataFrameRef>
                        <siri:DatedVehicleJourneyRef>${datedVehicleJourneyRef}</siri:DatedVehicleJourneyRef>
                     </siri:FramedVehicleJourneyRef>
                     <!-- JourneyPatternInfoGroup -->
                     <siri:JourneyPatternRef>${journeyPatternRef}</siri:JourneyPatternRef>
                     <siri:JourneyPatternName>${journeyPatternName}</siri:JourneyPatternName>
                     <siri:VehicleMode>rail</siri:VehicleMode>
                     <siri:RouteRef>${routeRef}</siri:RouteRef>
                     <siri:PublishedLineName>${publishedLineName}</siri:PublishedLineName>
                     <siri:DirectionName>${directionName}</siri:DirectionName>
                     <!-- VehicleJourneyInfo-->
                     <!-- ServiceInfo-->
                     <siri:OperatorRef>${operatorRef}</siri:OperatorRef>
                     <siri:ProductCategoryRef>categorie</siri:ProductCategoryRef>
                     <siri:ServiceFeatureRef>train voyageurs</siri:ServiceFeatureRef>
                     <siri:VehicleFeatureRef>longTrain</siri:VehicleFeatureRef>
                     <siri:OriginRef>${originRef}</siri:OriginRef>
                     <siri:OriginName>${originName}</siri:OriginName>
                     <siri:Via> 
                        <siri:PlaceRef>${placeRef}</siri:PlaceRef>
                        <siri:PlaceName>${placeName}</siri:PlaceName>
                     </siri:Via>
                     <siri:DestinationRef>${destinationRef}</siri:DestinationRef>
                     <siri:DestinationName>${destinationName}</siri:DestinationName>
                     <siri:VehicleJourneyName>${vehicleJourneyName}</siri:VehicleJourneyName>
                     <siri:JourneyNote>ceci est une description de course</siri:JourneyNote>
                     <siri:HeadwayService>false</siri:HeadwayService>
                     <siri:OriginAimedDepartureTime>${originAimedDepartureTime}</siri:OriginAimedDepartureTime>
                     <siri:DestinationAimedArrivalTime>${destinationAimedArrivalTime}</siri:DestinationAimedArrivalTime>
                     <siri:FirstOrLastJourney>unspecified</siri:FirstOrLastJourney>
                     <!--JourneyProgressInfo:-->
                     <siri:Monitored>true</siri:Monitored>
                     <!--<siri:MonitoringError></siri:MonitoringError>-->
                     <siri:InCongestion>false</siri:InCongestion>
                     <siri:InPanic>false</siri:InPanic>
                     <siri:VehicleLocation id="1" srsName="1">
                        <siri:Longitude>2.227435</siri:Longitude>
                        <siri:Latitude>48.785067</siri:Latitude>
                        <siri:Coordinates>N 48 47.107, E 2 13.662</siri:Coordinates>
                        <siri:Precision>1</siri:Precision>
                     </siri:VehicleLocation>
                     <siri:Bearing>1</siri:Bearing>
                     <siri:Occupancy>full</siri:Occupancy>
                     <siri:Delay>PT1M</siri:Delay>
                     <siri:TrainNumbers>
                        <siri:TrainNumberRef>5918</siri:TrainNumberRef>
                     </siri:TrainNumbers>
                     <!-- JourneyParts:-->
                     <siri:JourneyParts>
                        <siri:JourneyPartInfo>
                           <siri:JourneyPartRef>5409</siri:JourneyPartRef>
                           <siri:TrainNumberRef>5928:1</siri:TrainNumberRef>
                           <siri:OperatorRef>${operatorRef1}</siri:OperatorRef>
                        </siri:JourneyPartInfo>
                     </siri:JourneyParts>
                     <!-- MonitoredCall 1er passage du 1er arrêt-->
                     <siri:MonitoredCall>
                        <siri:StopPointRef>${stopPointRef1}</siri:StopPointRef>
                        <siri:Order>1</siri:Order> 
                        <siri:StopPointName>${stopPointName1}</siri:StopPointName>
                        <siri:VehicleAtStop>false</siri:VehicleAtStop>
                        <siri:PlatformTraversal>false</siri:PlatformTraversal>
                        <siri:DestinationDisplay>${destinationName}</siri:DestinationDisplay>
                        <siri:AimedArrivalTime>2015-04-30T01:00:00.000Z</siri:AimedArrivalTime>
                        <siri:ActualArrivalTime>2015-04-30T01:00:00.000Z</siri:ActualArrivalTime>
                        <siri:ExpectedArrivalTime>2015-04-30T01:00:00.000Z</siri:ExpectedArrivalTime>
                        <siri:ArrivalStatus>onTime</siri:ArrivalStatus>
                        <siri:ArrivalProximityText>à l'approche</siri:ArrivalProximityText>
                        <siri:ArrivalPlatformName>quai 1</siri:ArrivalPlatformName>
                        <siri:ArrivalStopAssignment>
                           <siri:AimedQuayName>voie 2</siri:AimedQuayName>
                        </siri:ArrivalStopAssignment>
                        <siri:AimedDepartureTime>2015-04-30T01:00:00.000Z</siri:AimedDepartureTime>
                        <siri:ActualDepartureTime>2015-04-30T01:00:00.000Z</siri:ActualDepartureTime>
                        <siri:ExpectedDepartureTime>2015-04-30T01:00:00.000Z</siri:ExpectedDepartureTime>
                        <siri:DepartureStatus>onTime</siri:DepartureStatus>
                        <siri:DeparturePlatformName>quai 1</siri:DeparturePlatformName>
                        <siri:DepartureBoardingActivity>boarding</siri:DepartureBoardingActivity>
                        <siri:AimedHeadwayInterval>PT1M</siri:AimedHeadwayInterval>
                        <siri:ExpectedHeadwayInterval>PT1M</siri:ExpectedHeadwayInterval>
                        <siri:DistanceFromStop>2300</siri:DistanceFromStop>
                        <siri:NumberOfStopsAway>3</siri:NumberOfStopsAway>
                     </siri:MonitoredCall>
                  </siri:MonitoredVehicleJourney>
               </siri:MonitoredStopVisit>
               
                <!-- 2ème passage du 1er arrêt-->
               <siri:MonitoredStopVisit>
                  <siri:RecordedAtTime>${recordedAtTime}</siri:RecordedAtTime>
                  <siri:ItemIdentifier>${itemIdenfier2}</siri:ItemIdentifier>
                  <siri:MonitoringRef>${monitoringRef1}</siri:MonitoringRef>
                  <siri:MonitoredVehicleJourney>
                     <siri:LineRef>${lineRef}</siri:LineRef>
                      <!-- FramedVehicleJourneyRef -->
                     <siri:FramedVehicleJourneyRef>
                        <siri:DataFrameRef>${dataFrameRef}</siri:DataFrameRef>
                        <siri:DatedVehicleJourneyRef>${datedVehicleJourneyRef}</siri:DatedVehicleJourneyRef>
                     </siri:FramedVehicleJourneyRef>
                     <!-- JourneyPatternInfoGroup -->
                     <siri:JourneyPatternRef>${journeyPatternRef}</siri:JourneyPatternRef>
                     <siri:JourneyPatternName>mission2</siri:JourneyPatternName>
                     <siri:VehicleMode>rail</siri:VehicleMode>
                     <siri:RouteRef>${routeRef}</siri:RouteRef>
                     <siri:PublishedLineName>N</siri:PublishedLineName>
                     <siri:DirectionName>Rambouillet</siri:DirectionName>
                     <!-- VehicleJourneyInfo-->
                      <!-- ServiceInfo-->
                     <siri:OperatorRef>${operatorRef}</siri:OperatorRef>
                     <siri:ProductCategoryRef>categorie2</siri:ProductCategoryRef>
                     <siri:ServiceFeatureRef>train voyageurs</siri:ServiceFeatureRef>
                     <siri:VehicleFeatureRef>longTrain</siri:VehicleFeatureRef>
                     <siri:OriginRef>${originRef}</siri:OriginRef>
                     <siri:OriginName>${originName}</siri:OriginName>
                     <siri:Via> 
                        <siri:PlaceRef>${placeRef}</siri:PlaceRef>
                        <siri:PlaceName>${placeName}</siri:PlaceName>
                     </siri:Via>
                     <siri:DestinationRef>${destinationRef}</siri:DestinationRef>
                     <siri:DestinationName>${destinationName}</siri:DestinationName>
                     <siri:VehicleJourneyName>${vehicleJourneyName}</siri:VehicleJourneyName>
                     <siri:JourneyNote>ceci est une description de course 2</siri:JourneyNote>
                     <siri:HeadwayService>false</siri:HeadwayService>
                     <siri:OriginAimedDepartureTime>${originAimedDepartureTime}</siri:OriginAimedDepartureTime>
                     <siri:DestinationAimedArrivalTime>${destinationAimedArrivalTime}</siri:DestinationAimedArrivalTime>
                     <siri:FirstOrLastJourney>unspecified</siri:FirstOrLastJourney>
                     <!--JourneyProgressInfo:-->
                     <siri:Monitored>true</siri:Monitored>
                     <!--<siri:MonitoringError></siri:MonitoringError>-->
                     <siri:InCongestion>false</siri:InCongestion>
                     <siri:InPanic>false</siri:InPanic>
                     <siri:VehicleLocation id="1" srsName="1">
                        <siri:Longitude>2.227435</siri:Longitude>
                        <siri:Latitude>48.785067</siri:Latitude>
                        <siri:Coordinates>N 48 47.107, E 2 13.662</siri:Coordinates>
                        <siri:Precision>1</siri:Precision>
                     </siri:VehicleLocation>
                     <siri:Bearing>1</siri:Bearing>
                     <siri:Occupancy>full</siri:Occupancy>
                     <siri:Delay>PT1M</siri:Delay>
                     <siri:TrainNumbers>
                        <siri:TrainNumberRef>5918</siri:TrainNumberRef>
                     </siri:TrainNumbers>
                     <!-- JourneyParts:-->
                     <siri:JourneyParts>
                        <siri:JourneyPartInfo>
                           <siri:JourneyPartRef>5409</siri:JourneyPartRef>
                           <siri:TrainNumberRef>5928:1</siri:TrainNumberRef>
                           <siri:OperatorRef>${operatorRef}</siri:OperatorRef>
                        </siri:JourneyPartInfo>
                     </siri:JourneyParts>
                     <!--  MonitoredCall 2ème passage du 1er arrêt -->
                     <siri:MonitoredCall>
                        <siri:StopPointRef>${stopPointRef1}</siri:StopPointRef>
                        <siri:Order>1</siri:Order> 
                        <siri:StopPointName>${stopPointName1}</siri:StopPointName>
                        <siri:VehicleAtStop>false</siri:VehicleAtStop>
                        <siri:PlatformTraversal>false</siri:PlatformTraversal>
                        <siri:DestinationDisplay>2014-04-30T02:00:00.000Z</siri:DestinationDisplay>
                        <siri:AimedArrivalTime>2015-04-30T02:00:00.000Z</siri:AimedArrivalTime>
                        <siri:ActualArrivalTime>2015-04-30T02:00:00.000Z</siri:ActualArrivalTime>
                        <siri:ExpectedArrivalTime>2015-04-30T02:00:00.000Z</siri:ExpectedArrivalTime>
                        <siri:ArrivalStatus>onTime</siri:ArrivalStatus>
                        <siri:ArrivalProximityText>à l'approche</siri:ArrivalProximityText>
                        <siri:ArrivalPlatformName>quai 1</siri:ArrivalPlatformName>
                        <siri:ArrivalStopAssignment>
                           <siri:AimedQuayName>voie 2</siri:AimedQuayName>
                        </siri:ArrivalStopAssignment>
                        <siri:AimedDepartureTime>2015-04-30T02:00:00.000Z</siri:AimedDepartureTime>
                        <siri:ActualDepartureTime>2015-04-30T02:00:00.000Z</siri:ActualDepartureTime>
                        <siri:ExpectedDepartureTime>2015-04-30T02:00:00.000Z</siri:ExpectedDepartureTime>
                        <siri:DepartureStatus>onTime</siri:DepartureStatus>
                        <siri:DeparturePlatformName>quai 1</siri:DeparturePlatformName>
                        <siri:DepartureBoardingActivity>boarding</siri:DepartureBoardingActivity>
                        <siri:AimedHeadwayInterval>PT1M</siri:AimedHeadwayInterval>
                        <siri:ExpectedHeadwayInterval>PT1M</siri:ExpectedHeadwayInterval>
                        <siri:DistanceFromStop>2300</siri:DistanceFromStop>
                        <siri:NumberOfStopsAway>3</siri:NumberOfStopsAway>
                     </siri:MonitoredCall>
                  </siri:MonitoredVehicleJourney>
               </siri:MonitoredStopVisit>
            </siri:StopMonitoringDelivery>


            <!--2ème Delivery du 2ème arrêt :-->
            <siri:StopMonitoringDelivery version="2.0:FR-IDF-2.4">
               <siri:ResponseTimestamp>${recordedAtTime}</siri:ResponseTimestamp>
               <siri:RequestMessageRef>${idMessage}</siri:RequestMessageRef>
               <siri:Status>true</siri:Status>
             
               <siri:MonitoringRef>${monitoringRef2}</siri:MonitoringRef>
               <!-- 1 er passage du 2ème arrêt-->
               <siri:MonitoredStopVisit>
                  <siri:RecordedAtTime>${recordedAtTime}</siri:RecordedAtTime>
                  <siri:ItemIdentifier>${itemIdenfier3}</siri:ItemIdentifier>
                  <siri:MonitoringRef>${monitoringRef2}</siri:MonitoringRef>
                  <siri:MonitoredVehicleJourney>
                     <siri:LineRef>${lineRef}</siri:LineRef>
                      <!-- FramedVehicleJourneyRef -->
                     <siri:FramedVehicleJourneyRef>
                        <siri:DataFrameRef>${dataFrameRef}</siri:DataFrameRef>
                        <siri:DatedVehicleJourneyRef>${datedVehicleJourneyRef}</siri:DatedVehicleJourneyRef>
                     </siri:FramedVehicleJourneyRef>
                     <!-- JourneyPatternInfoGroup -->
                     <siri:JourneyPatternRef>${journeyPatternRef}</siri:JourneyPatternRef>
                     <siri:JourneyPatternName>${journeyPatternName}</siri:JourneyPatternName>
                     <siri:VehicleMode>rail</siri:VehicleMode>
                     <siri:RouteRef>${routeRef}</siri:RouteRef>
                     <siri:PublishedLineName>${publishedLineName}</siri:PublishedLineName>
                     <siri:DirectionName>${directionName}</siri:DirectionName>
                     <!-- VehicleJourneyInfo-->
                     <!-- ServiceInfo-->
                     <siri:OperatorRef>${operatorRef}</siri:OperatorRef>
                     <siri:ProductCategoryRef>categorie1</siri:ProductCategoryRef>
                     <siri:ServiceFeatureRef>train voyageurs</siri:ServiceFeatureRef>
                     <siri:VehicleFeatureRef>longTrain</siri:VehicleFeatureRef>
                     <siri:OriginRef>${originRef}</siri:OriginRef>
                     <siri:OriginName>${originName}</siri:OriginName>
                     <siri:Via> 
                        <siri:PlaceRef>${placeRef}</siri:PlaceRef>
                        <siri:PlaceName>${placeName}</siri:PlaceName>
                     </siri:Via>
                     <siri:DestinationRef>${destinationRef}</siri:DestinationRef>
                     <siri:DestinationName>${destinationName}</siri:DestinationName>
                     <siri:VehicleJourneyName>${vehicleJourneyName}</siri:VehicleJourneyName>
                     <siri:JourneyNote>ceci est une description de course</siri:JourneyNote>
                     <siri:HeadwayService>false</siri:HeadwayService>
                     <siri:OriginAimedDepartureTime>${originAimedDepartureTime}</siri:OriginAimedDepartureTime>
                     <siri:DestinationAimedArrivalTime>${destinationAimedArrivalTime}</siri:DestinationAimedArrivalTime>
                     <siri:FirstOrLastJourney>unspecified</siri:FirstOrLastJourney>
                     <!--JourneyProgressInfo:-->
                     <siri:Monitored>true</siri:Monitored>
                     <!--<siri:MonitoringError></siri:MonitoringError>-->
                     <siri:InCongestion>false</siri:InCongestion>
                     <siri:InPanic>false</siri:InPanic>
                     <siri:VehicleLocation id="1" srsName="1">
                        <siri:Longitude>2.227435</siri:Longitude>
                        <siri:Latitude>48.785067</siri:Latitude>
                        <siri:Coordinates>N 48 47.107, E 2 13.662</siri:Coordinates>
                        <siri:Precision>1</siri:Precision>
                     </siri:VehicleLocation>
                     <siri:Bearing>1</siri:Bearing>
                     <siri:Occupancy>full</siri:Occupancy>
                     <siri:Delay>PT1M</siri:Delay>
                     <siri:TrainNumbers>
                        <siri:TrainNumberRef>5918</siri:TrainNumberRef>
                     </siri:TrainNumbers>
                     <!-- JourneyParts:-->
                     <siri:JourneyParts>
                        <siri:JourneyPartInfo>
                           <siri:JourneyPartRef>5409</siri:JourneyPartRef>
                           <siri:TrainNumberRef>5928:1</siri:TrainNumberRef>
                           <siri:OperatorRef>${operatorRef}</siri:OperatorRef>
                        </siri:JourneyPartInfo>
                     </siri:JourneyParts>
                     <!-- MonitoredCall 1er passage 2ème arrêt-->
                     <siri:MonitoredCall>
                        <siri:StopPointRef>${stopPointRef2}</siri:StopPointRef>
                        <siri:Order>1</siri:Order> 
                        <siri:StopPointName>${stopPointName2}</siri:StopPointName>
                        <siri:VehicleAtStop>false</siri:VehicleAtStop>
                        <siri:PlatformTraversal>false</siri:PlatformTraversal>
                        <siri:DestinationDisplay>${destinationName}</siri:DestinationDisplay>
                        <siri:AimedArrivalTime>2014-04-30T03:00:00.000Z</siri:AimedArrivalTime>
                        <siri:ActualArrivalTime>2014-04-30T03:00:00.000Z</siri:ActualArrivalTime>
                        <siri:ExpectedArrivalTime>2014-04-30T03:00:00.000Z</siri:ExpectedArrivalTime>
                        <siri:ArrivalStatus>onTime</siri:ArrivalStatus>
                        <siri:ArrivalProximityText>à l'approche</siri:ArrivalProximityText>
                        <siri:ArrivalPlatformName>quai 1</siri:ArrivalPlatformName>
                        <siri:ArrivalStopAssignment>
                           <siri:AimedQuayName>voie 2</siri:AimedQuayName>
                        </siri:ArrivalStopAssignment>
                        <siri:AimedDepartureTime>2014-04-30T03:00:00.000Z</siri:AimedDepartureTime>
                        <siri:ActualDepartureTime>2014-04-30T03:00:00.000Z</siri:ActualDepartureTime>
                        <siri:ExpectedDepartureTime>2014-04-30T03:00:00.000Z</siri:ExpectedDepartureTime>
                        <siri:DepartureStatus>onTime</siri:DepartureStatus>
                        <siri:DeparturePlatformName>quai 1</siri:DeparturePlatformName>
                        <siri:DepartureBoardingActivity>boarding</siri:DepartureBoardingActivity>
                        <siri:AimedHeadwayInterval>PT1M</siri:AimedHeadwayInterval>
                        <siri:ExpectedHeadwayInterval>PT1M</siri:ExpectedHeadwayInterval>
                        <siri:DistanceFromStop>2300</siri:DistanceFromStop>
                        <siri:NumberOfStopsAway>3</siri:NumberOfStopsAway>
                     </siri:MonitoredCall>
                  </siri:MonitoredVehicleJourney>
               </siri:MonitoredStopVisit>
               
                <!-- 2ème passage 2ème arrêt -->
               <siri:MonitoredStopVisit>
                  <siri:RecordedAtTime>${recordedAtTime}</siri:RecordedAtTime>
                  <siri:ItemIdentifier>${itemIdenfier4}</siri:ItemIdentifier>
                  <siri:MonitoringRef>${monitoringRef2}</siri:MonitoringRef>
                  <siri:MonitoredVehicleJourney>
                     <siri:LineRef>${lineRef}</siri:LineRef>
                      <!-- FramedVehicleJourneyRef -->
                     <siri:FramedVehicleJourneyRef>
                        <siri:DataFrameRef>${dataFrameRef}</siri:DataFrameRef>
                        <siri:DatedVehicleJourneyRef>${datedVehicleJourneyRef}</siri:DatedVehicleJourneyRef>
                     </siri:FramedVehicleJourneyRef>
                     <!-- JourneyPatternInfoGroup -->
                     <siri:JourneyPatternRef>${journeyPatternRef}</siri:JourneyPatternRef>
                     <siri:JourneyPatternName>mission2</siri:JourneyPatternName>
                     <siri:VehicleMode>rail</siri:VehicleMode>
                     <siri:RouteRef>${routeRef}</siri:RouteRef>
                     <siri:PublishedLineName>N</siri:PublishedLineName>
                     <siri:DirectionName>Rambouillet</siri:DirectionName>
                     <!-- VehicleJourneyInfo-->
                      <!-- ServiceInfo-->
                     <siri:OperatorRef>${operatorRef}</siri:OperatorRef>
                     <siri:ProductCategoryRef>categorie2</siri:ProductCategoryRef>
                     <siri:ServiceFeatureRef>train voyageurs</siri:ServiceFeatureRef>
                     <siri:VehicleFeatureRef>longTrain</siri:VehicleFeatureRef>
                     <siri:OriginRef>${originRef}</siri:OriginRef>
                     <siri:OriginName>${originName}</siri:OriginName>
                     <siri:Via> 
                        <siri:PlaceRef>${placeRef}</siri:PlaceRef>
                        <siri:PlaceName>${placeName}</siri:PlaceName>
                     </siri:Via>
                     <siri:DestinationRef>${destinationRef}</siri:DestinationRef>
                     <siri:DestinationName>${destinationName}</siri:DestinationName>
                     <siri:VehicleJourneyName>${vehicleJourneyName}</siri:VehicleJourneyName>
                     <siri:JourneyNote>ceci est une description de course 2</siri:JourneyNote>
                     <siri:HeadwayService>false</siri:HeadwayService>
                     <siri:OriginAimedDepartureTime>${originAimedDepartureTime}</siri:OriginAimedDepartureTime>
                     <siri:DestinationAimedArrivalTime>${destinationAimedArrivalTime}</siri:DestinationAimedArrivalTime>
                     <siri:FirstOrLastJourney>unspecified</siri:FirstOrLastJourney>
                     <!--JourneyProgressInfo:-->
                     <siri:Monitored>true</siri:Monitored>
                     <!--<siri:MonitoringError></siri:MonitoringError>-->
                     <siri:InCongestion>false</siri:InCongestion>
                     <siri:InPanic>false</siri:InPanic>
                     <siri:VehicleLocation id="1" srsName="1">
                        <siri:Longitude>2.227435</siri:Longitude>
                        <siri:Latitude>48.785067</siri:Latitude>
                        <siri:Coordinates>N 48 47.107, E 2 13.662</siri:Coordinates>
                        <siri:Precision>1</siri:Precision>
                     </siri:VehicleLocation>
                     <siri:Bearing>1</siri:Bearing>
                     <siri:Occupancy>full</siri:Occupancy>
                     <siri:Delay>PT1M</siri:Delay>
                     <siri:TrainNumbers>
                        <siri:TrainNumberRef>5918</siri:TrainNumberRef>
                     </siri:TrainNumbers>
                     <!-- JourneyParts:-->
                     <siri:JourneyParts>
                        <siri:JourneyPartInfo>
                           <siri:JourneyPartRef>5409</siri:JourneyPartRef>
                           <siri:TrainNumberRef>5928:1</siri:TrainNumberRef>
                           <siri:OperatorRef>${operatorRef}</siri:OperatorRef>
                        </siri:JourneyPartInfo>
                     </siri:JourneyParts>
                     <!--  MonitoredCall 2ème passage 2ème arrêt -->
                     <siri:MonitoredCall>
                        <siri:StopPointRef>${stopPointRef2}</siri:StopPointRef>
                        <siri:Order>1</siri:Order> 
                        <siri:StopPointName>${stopPointName2}</siri:StopPointName>
                        <siri:VehicleAtStop>false</siri:VehicleAtStop>
                        <siri:PlatformTraversal>false</siri:PlatformTraversal>
                        <siri:DestinationDisplay>${destinationName}</siri:DestinationDisplay>
                        <siri:AimedArrivalTime>2014-04-30T04:00:00.000Z</siri:AimedArrivalTime>
                        <siri:ActualArrivalTime>2014-04-30T04:00:00.000Z</siri:ActualArrivalTime>
                        <siri:ExpectedArrivalTime>2014-04-30T04:00:00.000Z</siri:ExpectedArrivalTime>
                        <siri:ArrivalStatus>onTime</siri:ArrivalStatus>
                        <siri:ArrivalProximityText>à l'approche</siri:ArrivalProximityText>
                        <siri:ArrivalPlatformName>quai 1</siri:ArrivalPlatformName>
                        <siri:ArrivalStopAssignment>
                           <siri:AimedQuayName>voie 2</siri:AimedQuayName>
                        </siri:ArrivalStopAssignment>
                        <siri:AimedDepartureTime>2014-04-30T04:00:00.000Z</siri:AimedDepartureTime>
                        <siri:ActualDepartureTime>2014-04-30T04:00:00.000Z</siri:ActualDepartureTime>
                        <siri:ExpectedDepartureTime>2014-04-30T04:00:00.000Z</siri:ExpectedDepartureTime>
                        <siri:DepartureStatus>onTime</siri:DepartureStatus>
                        <siri:DeparturePlatformName>quai 1</siri:DeparturePlatformName>
                        <siri:DepartureBoardingActivity>boarding</siri:DepartureBoardingActivity>
                        <siri:AimedHeadwayInterval>PT1M</siri:AimedHeadwayInterval>
                        <siri:ExpectedHeadwayInterval>PT1M</siri:ExpectedHeadwayInterval>
                        <siri:DistanceFromStop>2300</siri:DistanceFromStop>
                        <siri:NumberOfStopsAway>3</siri:NumberOfStopsAway>
                     </siri:MonitoredCall>
                  </siri:MonitoredVehicleJourney>
               </siri:MonitoredStopVisit>
            </siri:StopMonitoringDelivery>

		  <siri:StopMonitoringDelivery version="2.0:FR-IDF-2.4">
               <siri:ResponseTimestamp>${recordedAtTime}</siri:ResponseTimestamp>
               <siri:RequestMessageRef>${idMessage}</siri:RequestMessageRef>
               <siri:Status>true</siri:Status>
               
               <siri:MonitoringRef>${monitoringRef3}</siri:MonitoringRef>
               <!-- 1 er passage du 3e arrêt-->
               <siri:MonitoredStopVisit>
                  <siri:RecordedAtTime>${recordedAtTime}</siri:RecordedAtTime>
                  <siri:ItemIdentifier>${itemIdenfier5}</siri:ItemIdentifier>
                  <siri:MonitoringRef>${monitoringRef3}</siri:MonitoringRef>
                  <siri:MonitoredVehicleJourney>
                     <siri:LineRef>${lineRef}</siri:LineRef>
                      <!-- FramedVehicleJourneyRef -->
                     <siri:FramedVehicleJourneyRef>
                        <siri:DataFrameRef>${dataFrameRef}</siri:DataFrameRef>
                        <siri:DatedVehicleJourneyRef>${datedVehicleJourneyRef}</siri:DatedVehicleJourneyRef>
                     </siri:FramedVehicleJourneyRef>
                     <!-- JourneyPatternInfoGroup -->
                     <siri:JourneyPatternRef>${journeyPatternRef}</siri:JourneyPatternRef>
                     <siri:JourneyPatternName>${journeyPatternName}</siri:JourneyPatternName>
                     <siri:VehicleMode>rail</siri:VehicleMode>
                     <siri:RouteRef>${routeRef}</siri:RouteRef>
                     <siri:PublishedLineName>${publishedLineName}</siri:PublishedLineName>
                     <siri:DirectionName>${directionName}</siri:DirectionName>
                     <!-- VehicleJourneyInfo-->
                     <!-- ServiceInfo-->
                     <siri:OperatorRef>${operatorRef}</siri:OperatorRef>
                     <siri:ProductCategoryRef>categorie</siri:ProductCategoryRef>
                     <siri:ServiceFeatureRef>train voyageurs</siri:ServiceFeatureRef>
                     <siri:VehicleFeatureRef>longTrain</siri:VehicleFeatureRef>
                     <siri:OriginRef>${originRef}</siri:OriginRef>
                     <siri:OriginName>${originName}</siri:OriginName>
                     <siri:Via> 
                        <siri:PlaceRef>${placeRef}</siri:PlaceRef>
                        <siri:PlaceName>${placeName}</siri:PlaceName>
                     </siri:Via>
                     <siri:DestinationRef>${destinationRef}</siri:DestinationRef>
                     <siri:DestinationName>${destinationName}</siri:DestinationName>
                     <siri:VehicleJourneyName>${vehicleJourneyName}</siri:VehicleJourneyName>
                     <siri:JourneyNote>ceci est une description de course</siri:JourneyNote>
                     <siri:HeadwayService>false</siri:HeadwayService>
                     <siri:OriginAimedDepartureTime>${originAimedDepartureTime}</siri:OriginAimedDepartureTime>
                     <siri:DestinationAimedArrivalTime>${destinationAimedArrivalTime}</siri:DestinationAimedArrivalTime>
                     <siri:FirstOrLastJourney>unspecified</siri:FirstOrLastJourney>
                     <!--JourneyProgressInfo:-->
                     <siri:Monitored>true</siri:Monitored>
                     <!--<siri:MonitoringError></siri:MonitoringError>-->
                     <siri:InCongestion>false</siri:InCongestion>
                     <siri:InPanic>false</siri:InPanic>
                     <siri:VehicleLocation id="1" srsName="1">
                        <siri:Longitude>2.227435</siri:Longitude>
                        <siri:Latitude>48.785067</siri:Latitude>
                        <siri:Coordinates>N 48 47.107, E 2 13.662</siri:Coordinates>
                        <siri:Precision>1</siri:Precision>
                     </siri:VehicleLocation>
                     <siri:Bearing>1</siri:Bearing>
                     <siri:Occupancy>full</siri:Occupancy>
                     <siri:Delay>PT1M</siri:Delay>
                     <siri:TrainNumbers>
                        <siri:TrainNumberRef>5918</siri:TrainNumberRef>
                     </siri:TrainNumbers>
                     <!-- JourneyParts:-->
                     <siri:JourneyParts>
                        <siri:JourneyPartInfo>
                           <siri:JourneyPartRef>5409</siri:JourneyPartRef>
                           <siri:TrainNumberRef>5928:1</siri:TrainNumberRef>
                           <siri:OperatorRef>${operatorRef1}</siri:OperatorRef>
                        </siri:JourneyPartInfo>
                     </siri:JourneyParts>
                     <!-- MonitoredCall 1er passage du 3e arrêt-->
                     <siri:MonitoredCall>
                        <siri:StopPointRef>${stopPointRef3}</siri:StopPointRef>
                        <siri:Order>1</siri:Order> 
                        <siri:StopPointName>${stopPointName3}</siri:StopPointName>
                        <siri:VehicleAtStop>false</siri:VehicleAtStop>
                        <siri:PlatformTraversal>false</siri:PlatformTraversal>
                        <siri:DestinationDisplay>${destinationName}</siri:DestinationDisplay>
                        <siri:AimedArrivalTime>2015-04-30T01:00:00.000Z</siri:AimedArrivalTime>
                        <siri:ActualArrivalTime>2015-04-30T01:00:00.000Z</siri:ActualArrivalTime>
                        <siri:ExpectedArrivalTime>2015-04-30T01:00:00.000Z</siri:ExpectedArrivalTime>
                        <siri:ArrivalStatus>onTime</siri:ArrivalStatus>
                        <siri:ArrivalProximityText>à l'approche</siri:ArrivalProximityText>
                        <siri:ArrivalPlatformName>quai 1</siri:ArrivalPlatformName>
                        <siri:ArrivalStopAssignment>
                           <siri:AimedQuayName>voie 2</siri:AimedQuayName>
                        </siri:ArrivalStopAssignment>
                        <siri:AimedDepartureTime>2015-04-30T01:00:00.000Z</siri:AimedDepartureTime>
                        <siri:ActualDepartureTime>2015-04-30T01:00:00.000Z</siri:ActualDepartureTime>
                        <siri:ExpectedDepartureTime>2015-04-30T01:00:00.000Z</siri:ExpectedDepartureTime>
                        <siri:DepartureStatus>onTime</siri:DepartureStatus>
                        <siri:DeparturePlatformName>quai 1</siri:DeparturePlatformName>
                        <siri:DepartureBoardingActivity>boarding</siri:DepartureBoardingActivity>
                        <siri:AimedHeadwayInterval>PT1M</siri:AimedHeadwayInterval>
                        <siri:ExpectedHeadwayInterval>PT1M</siri:ExpectedHeadwayInterval>
                        <siri:DistanceFromStop>2300</siri:DistanceFromStop>
                        <siri:NumberOfStopsAway>3</siri:NumberOfStopsAway>
                     </siri:MonitoredCall>
                  </siri:MonitoredVehicleJourney>
               </siri:MonitoredStopVisit>
               
                <!-- 2ème passage du 3e arrêt-->
               <siri:MonitoredStopVisit>
                  <siri:RecordedAtTime>${recordedAtTime}</siri:RecordedAtTime>
                  <siri:ItemIdentifier>${itemIdenfier6}</siri:ItemIdentifier>
                  <siri:MonitoringRef>${monitoringRef3}</siri:MonitoringRef>
                  <siri:MonitoredVehicleJourney>
                     <siri:LineRef>${lineRef}</siri:LineRef>
                      <!-- FramedVehicleJourneyRef -->
                     <siri:FramedVehicleJourneyRef>
                        <siri:DataFrameRef>${dataFrameRef}</siri:DataFrameRef>
                        <siri:DatedVehicleJourneyRef>${datedVehicleJourneyRef}</siri:DatedVehicleJourneyRef>
                     </siri:FramedVehicleJourneyRef>
                     <!-- JourneyPatternInfoGroup -->
                     <siri:JourneyPatternRef>${journeyPatternRef}</siri:JourneyPatternRef>
                     <siri:JourneyPatternName>mission2</siri:JourneyPatternName>
                     <siri:VehicleMode>rail</siri:VehicleMode>
                     <siri:RouteRef>${routeRef}</siri:RouteRef>
                     <siri:PublishedLineName>N</siri:PublishedLineName>
                     <siri:DirectionName>Rambouillet</siri:DirectionName>
                     <!-- VehicleJourneyInfo-->
                      <!-- ServiceInfo-->
                     <siri:OperatorRef>${operatorRef}</siri:OperatorRef>
                     <siri:ProductCategoryRef>categorie2</siri:ProductCategoryRef>
                     <siri:ServiceFeatureRef>train voyageurs</siri:ServiceFeatureRef>
                     <siri:VehicleFeatureRef>longTrain</siri:VehicleFeatureRef>
                     <siri:OriginRef>${originRef}</siri:OriginRef>
                     <siri:OriginName>${originName}</siri:OriginName>
                     <siri:Via> 
                        <siri:PlaceRef>${placeRef}</siri:PlaceRef>
                        <siri:PlaceName>${placeName}</siri:PlaceName>
                     </siri:Via>
                     <siri:DestinationRef>${destinationRef}</siri:DestinationRef>
                     <siri:DestinationName>${destinationName}</siri:DestinationName>
                     <siri:VehicleJourneyName>${vehicleJourneyName}</siri:VehicleJourneyName>
                     <siri:JourneyNote>ceci est une description de course 2</siri:JourneyNote>
                     <siri:HeadwayService>false</siri:HeadwayService>
                     <siri:OriginAimedDepartureTime>${originAimedDepartureTime}</siri:OriginAimedDepartureTime>
                     <siri:DestinationAimedArrivalTime>${destinationAimedArrivalTime}</siri:DestinationAimedArrivalTime>
                     <siri:FirstOrLastJourney>unspecified</siri:FirstOrLastJourney>
                     <!--JourneyProgressInfo:-->
                     <siri:Monitored>true</siri:Monitored>
                     <!--<siri:MonitoringError></siri:MonitoringError>-->
                     <siri:InCongestion>false</siri:InCongestion>
                     <siri:InPanic>false</siri:InPanic>
                     <siri:VehicleLocation id="1" srsName="1">
                        <siri:Longitude>2.227435</siri:Longitude>
                        <siri:Latitude>48.785067</siri:Latitude>
                        <siri:Coordinates>N 48 47.107, E 2 13.662</siri:Coordinates>
                        <siri:Precision>1</siri:Precision>
                     </siri:VehicleLocation>
                     <siri:Bearing>1</siri:Bearing>
                     <siri:Occupancy>full</siri:Occupancy>
                     <siri:Delay>PT1M</siri:Delay>
                     <siri:TrainNumbers>
                        <siri:TrainNumberRef>5918</siri:TrainNumberRef>
                     </siri:TrainNumbers>
                     <!-- JourneyParts:-->
                     <siri:JourneyParts>
                        <siri:JourneyPartInfo>
                           <siri:JourneyPartRef>5409</siri:JourneyPartRef>
                           <siri:TrainNumberRef>5928:1</siri:TrainNumberRef>
                           <siri:OperatorRef>${operatorRef}</siri:OperatorRef>
                        </siri:JourneyPartInfo>
                     </siri:JourneyParts>
                     <!--  MonitoredCall 2ème passage du 3e arrêt -->
                     <siri:MonitoredCall>
                        <siri:StopPointRef>${stopPointRef3}</siri:StopPointRef>
                        <siri:Order>1</siri:Order> 
                        <siri:StopPointName>${stopPointName1}</siri:StopPointName>
                        <siri:VehicleAtStop>false</siri:VehicleAtStop>
                        <siri:PlatformTraversal>false</siri:PlatformTraversal>
                        <siri:DestinationDisplay>2014-04-30T02:00:00.000Z</siri:DestinationDisplay>
                        <siri:AimedArrivalTime>2015-04-30T02:00:00.000Z</siri:AimedArrivalTime>
                        <siri:ActualArrivalTime>2015-04-30T02:00:00.000Z</siri:ActualArrivalTime>
                        <siri:ExpectedArrivalTime>2015-04-30T02:00:00.000Z</siri:ExpectedArrivalTime>
                        <siri:ArrivalStatus>onTime</siri:ArrivalStatus>
                        <siri:ArrivalProximityText>à l'approche</siri:ArrivalProximityText>
                        <siri:ArrivalPlatformName>quai 1</siri:ArrivalPlatformName>
                        <siri:ArrivalStopAssignment>
                           <siri:AimedQuayName>voie 2</siri:AimedQuayName>
                        </siri:ArrivalStopAssignment>
                        <siri:AimedDepartureTime>2015-04-30T02:00:00.000Z</siri:AimedDepartureTime>
                        <siri:ActualDepartureTime>2015-04-30T02:00:00.000Z</siri:ActualDepartureTime>
                        <siri:ExpectedDepartureTime>2015-04-30T02:00:00.000Z</siri:ExpectedDepartureTime>
                        <siri:DepartureStatus>onTime</siri:DepartureStatus>
                        <siri:DeparturePlatformName>quai 1</siri:DeparturePlatformName>
                        <siri:DepartureBoardingActivity>boarding</siri:DepartureBoardingActivity>
                        <siri:AimedHeadwayInterval>PT1M</siri:AimedHeadwayInterval>
                        <siri:ExpectedHeadwayInterval>PT1M</siri:ExpectedHeadwayInterval>
                        <siri:DistanceFromStop>2300</siri:DistanceFromStop>
                        <siri:NumberOfStopsAway>3</siri:NumberOfStopsAway>
                     </siri:MonitoredCall>
                  </siri:MonitoredVehicleJourney>
               </siri:MonitoredStopVisit>
            </siri:StopMonitoringDelivery>
            
         </Answer>
      </wsdl:GetSiriServiceResponse>
   </soapenv:Body>
</soapenv:Envelope>]]></con:responseContent><con:wsaConfig mustUnderstand="NONE" version="200508" action="GetSiriService"/></con:response><con:dispatchConfig/></con:mockOperation><con:properties/></con:mockService><con:properties/><con:wssContainer/><con:oAuth2ProfileContainer/><con:sensitiveInformation/></con:soapui-project>